000 (4429875.053.000) 09/06 15:27:21 Job submitted from host: <128.105.244.190:9618?addrs=128.105.244.190-9618&noUDP&sock=2714685_05e2_3>
...
001 (4429875.053.000) 09/06 15:49:39 Job executing on host: <128.105.245.12:9618?addrs=128.105.245.12-9618+[--1]-9618&noUDP&sock=4048_e0c4_3>
...
006 (4429875.053.000) 09/06 15:49:47 Image size of job updated: 476
	1  -  MemoryUsage of job (MB)
	476  -  ResidentSetSize of job (KB)
...
006 (4429875.053.000) 09/06 15:54:48 Image size of job updated: 548
	1  -  MemoryUsage of job (MB)
	548  -  ResidentSetSize of job (KB)
...
006 (4429875.053.000) 09/06 15:59:48 Image size of job updated: 163100
	156  -  MemoryUsage of job (MB)
	158736  -  ResidentSetSize of job (KB)
...
006 (4429875.053.000) 09/06 16:04:48 Image size of job updated: 205856
	197  -  MemoryUsage of job (MB)
	201532  -  ResidentSetSize of job (KB)
...
006 (4429875.053.000) 09/06 16:14:49 Image size of job updated: 215868
	207  -  MemoryUsage of job (MB)
	211948  -  ResidentSetSize of job (KB)
...
006 (4429875.053.000) 09/06 16:34:51 Image size of job updated: 228968
	220  -  MemoryUsage of job (MB)
	225228  -  ResidentSetSize of job (KB)
...
006 (4429875.053.000) 09/06 16:39:53 Image size of job updated: 234996
	226  -  MemoryUsage of job (MB)
	231272  -  ResidentSetSize of job (KB)
...
006 (4429875.053.000) 09/06 16:44:53 Image size of job updated: 235004
	226  -  MemoryUsage of job (MB)
	231272  -  ResidentSetSize of job (KB)
...
006 (4429875.053.000) 09/06 16:49:53 Image size of job updated: 238340
	230  -  MemoryUsage of job (MB)
	234608  -  ResidentSetSize of job (KB)
...
006 (4429875.053.000) 09/06 16:59:54 Image size of job updated: 238340
	230  -  MemoryUsage of job (MB)
	235256  -  ResidentSetSize of job (KB)
...
006 (4429875.053.000) 09/06 17:09:55 Image size of job updated: 240152
	231  -  MemoryUsage of job (MB)
	236436  -  ResidentSetSize of job (KB)
...
006 (4429875.053.000) 09/06 17:19:55 Image size of job updated: 241488
	233  -  MemoryUsage of job (MB)
	237764  -  ResidentSetSize of job (KB)
...
006 (4429875.053.000) 09/06 17:29:57 Image size of job updated: 244424
	236  -  MemoryUsage of job (MB)
	240760  -  ResidentSetSize of job (KB)
...
006 (4429875.053.000) 09/06 17:39:57 Image size of job updated: 250724
	242  -  MemoryUsage of job (MB)
	247064  -  ResidentSetSize of job (KB)
...
006 (4429875.053.000) 09/06 18:20:02 Image size of job updated: 251196
	242  -  MemoryUsage of job (MB)
	247632  -  ResidentSetSize of job (KB)
...
006 (4429875.053.000) 09/06 18:25:03 Image size of job updated: 251256
	242  -  MemoryUsage of job (MB)
	247652  -  ResidentSetSize of job (KB)
...
006 (4429875.053.000) 09/06 18:30:03 Image size of job updated: 263272
	254  -  MemoryUsage of job (MB)
	259656  -  ResidentSetSize of job (KB)
...
006 (4429875.053.000) 09/06 18:35:03 Image size of job updated: 263336
	254  -  MemoryUsage of job (MB)
	259676  -  ResidentSetSize of job (KB)
...
006 (4429875.053.000) 09/06 18:40:04 Image size of job updated: 263544
	254  -  MemoryUsage of job (MB)
	259928  -  ResidentSetSize of job (KB)
...
006 (4429875.053.000) 09/06 18:45:05 Image size of job updated: 263608
	254  -  MemoryUsage of job (MB)
	259948  -  ResidentSetSize of job (KB)
...
006 (4429875.053.000) 09/06 18:50:05 Image size of job updated: 264344
	255  -  MemoryUsage of job (MB)
	260724  -  ResidentSetSize of job (KB)
...
006 (4429875.053.000) 09/06 18:55:05 Image size of job updated: 264404
	255  -  MemoryUsage of job (MB)
	260744  -  ResidentSetSize of job (KB)
...
006 (4429875.053.000) 09/06 19:00:06 Image size of job updated: 264636
	255  -  MemoryUsage of job (MB)
	260984  -  ResidentSetSize of job (KB)
...
006 (4429875.053.000) 09/06 19:05:08 Image size of job updated: 264644
	255  -  MemoryUsage of job (MB)
	260984  -  ResidentSetSize of job (KB)
...
006 (4429875.053.000) 09/06 20:05:13 Image size of job updated: 267304
	258  -  MemoryUsage of job (MB)
	263792  -  ResidentSetSize of job (KB)
...
006 (4429875.053.000) 09/06 20:10:14 Image size of job updated: 267468
	258  -  MemoryUsage of job (MB)
	263852  -  ResidentSetSize of job (KB)
...
006 (4429875.053.000) 09/06 21:05:20 Image size of job updated: 268148
	259  -  MemoryUsage of job (MB)
	264528  -  ResidentSetSize of job (KB)
...
006 (4429875.053.000) 09/06 21:10:21 Image size of job updated: 268208
	259  -  MemoryUsage of job (MB)
	264548  -  ResidentSetSize of job (KB)
...
006 (4429875.053.000) 09/06 21:15:22 Image size of job updated: 269652
	260  -  MemoryUsage of job (MB)
	266032  -  ResidentSetSize of job (KB)
...
006 (4429875.053.000) 09/06 21:20:22 Image size of job updated: 269712
	260  -  MemoryUsage of job (MB)
	266052  -  ResidentSetSize of job (KB)
...
006 (4429875.053.000) 09/06 21:40:24 Image size of job updated: 272016
	263  -  MemoryUsage of job (MB)
	268360  -  ResidentSetSize of job (KB)
...
006 (4429875.053.000) 09/06 21:45:24 Image size of job updated: 272020
	263  -  MemoryUsage of job (MB)
	268360  -  ResidentSetSize of job (KB)
...
006 (4429875.053.000) 09/07 00:50:43 Image size of job updated: 276520
	267  -  MemoryUsage of job (MB)
	272864  -  ResidentSetSize of job (KB)
...
006 (4429875.053.000) 09/07 02:25:52 Image size of job updated: 276652
	267  -  MemoryUsage of job (MB)
	272996  -  ResidentSetSize of job (KB)
...
006 (4429875.053.000) 09/07 02:35:52 Image size of job updated: 277600
	268  -  MemoryUsage of job (MB)
	273984  -  ResidentSetSize of job (KB)
...
006 (4429875.053.000) 09/07 02:40:53 Image size of job updated: 277660
	268  -  MemoryUsage of job (MB)
	274004  -  ResidentSetSize of job (KB)
...
006 (4429875.053.000) 09/07 04:01:01 Image size of job updated: 277776
	268  -  MemoryUsage of job (MB)
	274160  -  ResidentSetSize of job (KB)
...
006 (4429875.053.000) 09/07 04:06:02 Image size of job updated: 277836
	268  -  MemoryUsage of job (MB)
	274180  -  ResidentSetSize of job (KB)
...
006 (4429875.053.000) 09/07 04:11:02 Image size of job updated: 277840
	268  -  MemoryUsage of job (MB)
	274180  -  ResidentSetSize of job (KB)
...
006 (4429875.053.000) 09/07 04:31:03 Image size of job updated: 280360
	271  -  MemoryUsage of job (MB)
	276744  -  ResidentSetSize of job (KB)
...
006 (4429875.053.000) 09/07 04:36:04 Image size of job updated: 280420
	271  -  MemoryUsage of job (MB)
	276764  -  ResidentSetSize of job (KB)
...
006 (4429875.053.000) 09/07 07:01:17 Image size of job updated: 280576
	271  -  MemoryUsage of job (MB)
	276924  -  ResidentSetSize of job (KB)
...
006 (4429875.053.000) 09/07 07:06:18 Image size of job updated: 280584
	271  -  MemoryUsage of job (MB)
	276924  -  ResidentSetSize of job (KB)
...
006 (4429875.053.000) 09/07 07:16:19 Image size of job updated: 280848
	271  -  MemoryUsage of job (MB)
	277192  -  ResidentSetSize of job (KB)
...
006 (4429875.053.000) 09/07 07:21:20 Image size of job updated: 280852
	271  -  MemoryUsage of job (MB)
	277192  -  ResidentSetSize of job (KB)
...
006 (4429875.053.000) 09/07 07:51:23 Image size of job updated: 281368
	272  -  MemoryUsage of job (MB)
	277716  -  ResidentSetSize of job (KB)
...
006 (4429875.053.000) 09/07 07:59:43 Image size of job updated: 605988
	272  -  MemoryUsage of job (MB)
	277716  -  ResidentSetSize of job (KB)
...
005 (4429875.053.000) 09/07 07:59:44 Job terminated.
	(0) Abnormal termination (signal 9)
	(0) No core file
		Usr 0 15:48:42, Sys 0 00:05:42  -  Run Remote Usage
		Usr 0 00:00:00, Sys 0 00:00:00  -  Run Local Usage
		Usr 0 15:48:42, Sys 0 00:05:42  -  Total Remote Usage
		Usr 0 00:00:00, Sys 0 00:00:00  -  Total Local Usage
	2709987  -  Run Bytes Sent By Job
	17283  -  Run Bytes Received By Job
	2709987  -  Total Bytes Sent By Job
	17283  -  Total Bytes Received By Job
	Partitionable Resources :    Usage  Request Allocated
	   Cpus                 :                 1         1
	   Disk (KB)            : 18690955 31457280  39003915
	   Ioheavy              :                           1
	   Memory (MB)          :      272      400       400
...
