000 (4429875.044.000) 09/06 15:27:21 Job submitted from host: <128.105.244.190:9618?addrs=128.105.244.190-9618&noUDP&sock=2714685_05e2_3>
...
001 (4429875.044.000) 09/06 15:33:59 Job executing on host: <128.105.245.144:9618?addrs=128.105.245.144-9618+[--1]-9618&noUDP&sock=5580_3719_3>
...
006 (4429875.044.000) 09/06 15:34:08 Image size of job updated: 476
	1  -  MemoryUsage of job (MB)
	476  -  ResidentSetSize of job (KB)
...
006 (4429875.044.000) 09/06 15:39:08 Image size of job updated: 552
	1  -  MemoryUsage of job (MB)
	552  -  ResidentSetSize of job (KB)
...
006 (4429875.044.000) 09/06 15:44:09 Image size of job updated: 165076
	157  -  MemoryUsage of job (MB)
	160764  -  ResidentSetSize of job (KB)
...
006 (4429875.044.000) 09/06 15:49:09 Image size of job updated: 194380
	186  -  MemoryUsage of job (MB)
	190060  -  ResidentSetSize of job (KB)
...
006 (4429875.044.000) 09/06 15:59:10 Image size of job updated: 208704
	200  -  MemoryUsage of job (MB)
	204340  -  ResidentSetSize of job (KB)
...
006 (4429875.044.000) 09/06 16:04:11 Image size of job updated: 209772
	201  -  MemoryUsage of job (MB)
	205408  -  ResidentSetSize of job (KB)
...
006 (4429875.044.000) 09/06 16:14:11 Image size of job updated: 216348
	208  -  MemoryUsage of job (MB)
	211980  -  ResidentSetSize of job (KB)
...
006 (4429875.044.000) 09/06 16:19:12 Image size of job updated: 218768
	209  -  MemoryUsage of job (MB)
	213104  -  ResidentSetSize of job (KB)
...
006 (4429875.044.000) 09/06 16:24:14 Image size of job updated: 218996
	209  -  MemoryUsage of job (MB)
	213104  -  ResidentSetSize of job (KB)
...
006 (4429875.044.000) 09/06 16:29:14 Image size of job updated: 236952
	209  -  MemoryUsage of job (MB)
	213104  -  ResidentSetSize of job (KB)
...
006 (4429875.044.000) 09/06 16:39:14 Image size of job updated: 250076
	219  -  MemoryUsage of job (MB)
	223656  -  ResidentSetSize of job (KB)
...
006 (4429875.044.000) 09/06 17:14:19 Image size of job updated: 256180
	224  -  MemoryUsage of job (MB)
	229076  -  ResidentSetSize of job (KB)
...
006 (4429875.044.000) 09/06 17:19:19 Image size of job updated: 256188
	224  -  MemoryUsage of job (MB)
	229076  -  ResidentSetSize of job (KB)
...
006 (4429875.044.000) 09/06 17:24:20 Image size of job updated: 256328
	224  -  MemoryUsage of job (MB)
	229260  -  ResidentSetSize of job (KB)
...
006 (4429875.044.000) 09/06 17:29:21 Image size of job updated: 256388
	224  -  MemoryUsage of job (MB)
	229272  -  ResidentSetSize of job (KB)
...
006 (4429875.044.000) 09/06 17:39:22 Image size of job updated: 258348
	226  -  MemoryUsage of job (MB)
	231236  -  ResidentSetSize of job (KB)
...
006 (4429875.044.000) 09/06 17:49:22 Image size of job updated: 259408
	227  -  MemoryUsage of job (MB)
	232292  -  ResidentSetSize of job (KB)
...
006 (4429875.044.000) 09/06 17:59:24 Image size of job updated: 259988
	228  -  MemoryUsage of job (MB)
	232880  -  ResidentSetSize of job (KB)
...
006 (4429875.044.000) 09/06 18:04:25 Image size of job updated: 259992
	228  -  MemoryUsage of job (MB)
	232880  -  ResidentSetSize of job (KB)
...
006 (4429875.044.000) 09/06 18:49:31 Image size of job updated: 261620
	228  -  MemoryUsage of job (MB)
	232880  -  ResidentSetSize of job (KB)
...
006 (4429875.044.000) 09/06 18:54:32 Image size of job updated: 261676
	228  -  MemoryUsage of job (MB)
	232880  -  ResidentSetSize of job (KB)
...
006 (4429875.044.000) 09/06 19:39:34 Image size of job updated: 262864
	229  -  MemoryUsage of job (MB)
	234464  -  ResidentSetSize of job (KB)
...
006 (4429875.044.000) 09/06 19:44:34 Image size of job updated: 262920
	229  -  MemoryUsage of job (MB)
	234476  -  ResidentSetSize of job (KB)
...
006 (4429875.044.000) 09/06 20:24:39 Image size of job updated: 264512
	231  -  MemoryUsage of job (MB)
	236108  -  ResidentSetSize of job (KB)
...
006 (4429875.044.000) 09/06 20:29:40 Image size of job updated: 264564
	231  -  MemoryUsage of job (MB)
	236120  -  ResidentSetSize of job (KB)
...
006 (4429875.044.000) 09/06 20:39:41 Image size of job updated: 264792
	231  -  MemoryUsage of job (MB)
	236348  -  ResidentSetSize of job (KB)
...
006 (4429875.044.000) 09/06 20:49:41 Image size of job updated: 265072
	232  -  MemoryUsage of job (MB)
	236672  -  ResidentSetSize of job (KB)
...
006 (4429875.044.000) 09/06 20:54:41 Image size of job updated: 265128
	232  -  MemoryUsage of job (MB)
	236684  -  ResidentSetSize of job (KB)
...
006 (4429875.044.000) 09/06 21:14:43 Image size of job updated: 266828
	233  -  MemoryUsage of job (MB)
	238388  -  ResidentSetSize of job (KB)
...
006 (4429875.044.000) 09/06 21:19:44 Image size of job updated: 266832
	233  -  MemoryUsage of job (MB)
	238388  -  ResidentSetSize of job (KB)
...
006 (4429875.044.000) 09/06 21:24:46 Image size of job updated: 269352
	236  -  MemoryUsage of job (MB)
	240952  -  ResidentSetSize of job (KB)
...
006 (4429875.044.000) 09/06 21:29:46 Image size of job updated: 269408
	236  -  MemoryUsage of job (MB)
	240964  -  ResidentSetSize of job (KB)
...
006 (4429875.044.000) 09/06 22:44:52 Image size of job updated: 270096
	237  -  MemoryUsage of job (MB)
	241696  -  ResidentSetSize of job (KB)
...
006 (4429875.044.000) 09/06 22:49:53 Image size of job updated: 270152
	237  -  MemoryUsage of job (MB)
	241708  -  ResidentSetSize of job (KB)
...
006 (4429875.044.000) 09/06 22:59:55 Image size of job updated: 272556
	239  -  MemoryUsage of job (MB)
	244112  -  ResidentSetSize of job (KB)
...
006 (4429875.044.000) 09/07 01:50:07 Image size of job updated: 272560
	239  -  MemoryUsage of job (MB)
	244112  -  ResidentSetSize of job (KB)
...
006 (4429875.044.000) 09/07 02:05:08 Image size of job updated: 273392
	239  -  MemoryUsage of job (MB)
	244112  -  ResidentSetSize of job (KB)
...
006 (4429875.044.000) 09/07 02:10:09 Image size of job updated: 273396
	239  -  MemoryUsage of job (MB)
	244112  -  ResidentSetSize of job (KB)
...
006 (4429875.044.000) 09/07 02:20:11 Image size of job updated: 274620
	239  -  MemoryUsage of job (MB)
	244112  -  ResidentSetSize of job (KB)
...
006 (4429875.044.000) 09/07 02:25:11 Image size of job updated: 274628
	239  -  MemoryUsage of job (MB)
	244112  -  ResidentSetSize of job (KB)
...
006 (4429875.044.000) 09/07 03:10:15 Image size of job updated: 274800
	239  -  MemoryUsage of job (MB)
	244112  -  ResidentSetSize of job (KB)
...
006 (4429875.044.000) 09/07 03:15:16 Image size of job updated: 274804
	239  -  MemoryUsage of job (MB)
	244112  -  ResidentSetSize of job (KB)
...
006 (4429875.044.000) 09/07 04:45:28 Image size of job updated: 274852
	239  -  MemoryUsage of job (MB)
	244112  -  ResidentSetSize of job (KB)
...
006 (4429875.044.000) 09/07 05:25:32 Image size of job updated: 276988
	240  -  MemoryUsage of job (MB)
	245040  -  ResidentSetSize of job (KB)
...
006 (4429875.044.000) 09/07 05:30:33 Image size of job updated: 277128
	240  -  MemoryUsage of job (MB)
	245092  -  ResidentSetSize of job (KB)
...
006 (4429875.044.000) 09/07 05:35:33 Image size of job updated: 277132
	240  -  MemoryUsage of job (MB)
	245092  -  ResidentSetSize of job (KB)
...
006 (4429875.044.000) 09/07 05:50:34 Image size of job updated: 277240
	240  -  MemoryUsage of job (MB)
	245204  -  ResidentSetSize of job (KB)
...
006 (4429875.044.000) 09/07 05:55:34 Image size of job updated: 277244
	240  -  MemoryUsage of job (MB)
	245204  -  ResidentSetSize of job (KB)
...
006 (4429875.044.000) 09/07 06:30:37 Image size of job updated: 277628
	240  -  MemoryUsage of job (MB)
	245680  -  ResidentSetSize of job (KB)
...
006 (4429875.044.000) 09/07 06:35:37 Image size of job updated: 277768
	240  -  MemoryUsage of job (MB)
	245732  -  ResidentSetSize of job (KB)
...
006 (4429875.044.000) 09/07 06:40:38 Image size of job updated: 277772
	240  -  MemoryUsage of job (MB)
	245732  -  ResidentSetSize of job (KB)
...
006 (4429875.044.000) 09/07 06:55:39 Image size of job updated: 279028
	242  -  MemoryUsage of job (MB)
	247032  -  ResidentSetSize of job (KB)
...
006 (4429875.044.000) 09/07 07:00:39 Image size of job updated: 279084
	242  -  MemoryUsage of job (MB)
	247044  -  ResidentSetSize of job (KB)
...
006 (4429875.044.000) 09/07 07:20:42 Image size of job updated: 279252
	242  -  MemoryUsage of job (MB)
	247252  -  ResidentSetSize of job (KB)
...
006 (4429875.044.000) 09/07 07:25:43 Image size of job updated: 279304
	242  -  MemoryUsage of job (MB)
	247264  -  ResidentSetSize of job (KB)
...
006 (4429875.044.000) 09/07 07:30:43 Image size of job updated: 280108
	243  -  MemoryUsage of job (MB)
	248068  -  ResidentSetSize of job (KB)
...
006 (4429875.044.000) 09/07 09:00:53 Image size of job updated: 280272
	243  -  MemoryUsage of job (MB)
	248276  -  ResidentSetSize of job (KB)
...
006 (4429875.044.000) 09/07 09:05:53 Image size of job updated: 280328
	243  -  MemoryUsage of job (MB)
	248288  -  ResidentSetSize of job (KB)
...
006 (4429875.044.000) 09/07 11:01:05 Image size of job updated: 281388
	244  -  MemoryUsage of job (MB)
	249388  -  ResidentSetSize of job (KB)
...
006 (4429875.044.000) 09/07 11:06:06 Image size of job updated: 281440
	244  -  MemoryUsage of job (MB)
	249400  -  ResidentSetSize of job (KB)
...
006 (4429875.044.000) 09/07 11:31:07 Image size of job updated: 281704
	244  -  MemoryUsage of job (MB)
	249704  -  ResidentSetSize of job (KB)
...
006 (4429875.044.000) 09/07 11:36:08 Image size of job updated: 281756
	244  -  MemoryUsage of job (MB)
	249716  -  ResidentSetSize of job (KB)
...
006 (4429875.044.000) 09/07 12:31:13 Image size of job updated: 281936
	245  -  MemoryUsage of job (MB)
	249988  -  ResidentSetSize of job (KB)
...
006 (4429875.044.000) 09/07 12:36:14 Image size of job updated: 282028
	245  -  MemoryUsage of job (MB)
	250028  -  ResidentSetSize of job (KB)
...
006 (4429875.044.000) 09/07 12:41:14 Image size of job updated: 282080
	245  -  MemoryUsage of job (MB)
	250040  -  ResidentSetSize of job (KB)
...
006 (4429875.044.000) 09/07 14:11:23 Image size of job updated: 282740
	245  -  MemoryUsage of job (MB)
	250792  -  ResidentSetSize of job (KB)
...
006 (4429875.044.000) 09/07 14:16:24 Image size of job updated: 282828
	245  -  MemoryUsage of job (MB)
	250832  -  ResidentSetSize of job (KB)
...
006 (4429875.044.000) 09/07 14:21:24 Image size of job updated: 282884
	245  -  MemoryUsage of job (MB)
	250844  -  ResidentSetSize of job (KB)
...
006 (4429875.044.000) 09/07 14:41:26 Image size of job updated: 283300
	246  -  MemoryUsage of job (MB)
	251352  -  ResidentSetSize of job (KB)
...
006 (4429875.044.000) 09/07 14:46:26 Image size of job updated: 283440
	246  -  MemoryUsage of job (MB)
	251404  -  ResidentSetSize of job (KB)
...
006 (4429875.044.000) 09/07 14:51:26 Image size of job updated: 283444
	246  -  MemoryUsage of job (MB)
	251404  -  ResidentSetSize of job (KB)
...
005 (4429875.044.000) 09/07 16:08:03 Job terminated.
	(1) Normal termination (return value 0)
		Usr 0 22:46:51, Sys 0 00:05:24  -  Run Remote Usage
		Usr 0 00:00:00, Sys 0 00:00:00  -  Run Local Usage
		Usr 0 22:46:51, Sys 0 00:05:24  -  Total Remote Usage
		Usr 0 00:00:00, Sys 0 00:00:00  -  Total Local Usage
	3533898  -  Run Bytes Sent By Job
	17283  -  Run Bytes Received By Job
	3533898  -  Total Bytes Sent By Job
	17283  -  Total Bytes Received By Job
	Partitionable Resources :    Usage  Request Allocated
	   Cpus                 :                 1         1
	   Disk (KB)            : 18695416 31457280  33113352
	   Ioheavy              :                           1
	   Memory (MB)          :      246      400       400
...
