000 (4429875.036.000) 09/06 15:27:21 Job submitted from host: <128.105.244.190:9618?addrs=128.105.244.190-9618&noUDP&sock=2714685_05e2_3>
...
001 (4429875.036.000) 09/06 15:32:08 Job executing on host: <128.105.245.163:9618?addrs=128.105.245.163-9618+[--1]-9618&noUDP&sock=5765_4d25_7>
...
006 (4429875.036.000) 09/06 15:32:16 Image size of job updated: 480
	1  -  MemoryUsage of job (MB)
	476  -  ResidentSetSize of job (KB)
...
006 (4429875.036.000) 09/06 15:47:17 Image size of job updated: 548
	1  -  MemoryUsage of job (MB)
	548  -  ResidentSetSize of job (KB)
...
006 (4429875.036.000) 09/06 17:37:33 Image size of job updated: 13440
	13  -  MemoryUsage of job (MB)
	12472  -  ResidentSetSize of job (KB)
...
006 (4429875.036.000) 09/06 17:42:33 Image size of job updated: 29228
	28  -  MemoryUsage of job (MB)
	28256  -  ResidentSetSize of job (KB)
...
006 (4429875.036.000) 09/06 17:47:33 Image size of job updated: 157960
	150  -  MemoryUsage of job (MB)
	153568  -  ResidentSetSize of job (KB)
...
006 (4429875.036.000) 09/06 17:57:35 Image size of job updated: 189908
	182  -  MemoryUsage of job (MB)
	185512  -  ResidentSetSize of job (KB)
...
006 (4429875.036.000) 09/06 18:02:35 Image size of job updated: 189912
	182  -  MemoryUsage of job (MB)
	185512  -  ResidentSetSize of job (KB)
...
006 (4429875.036.000) 09/06 18:07:35 Image size of job updated: 212016
	203  -  MemoryUsage of job (MB)
	207620  -  ResidentSetSize of job (KB)
...
006 (4429875.036.000) 09/06 18:12:36 Image size of job updated: 212020
	203  -  MemoryUsage of job (MB)
	207620  -  ResidentSetSize of job (KB)
...
006 (4429875.036.000) 09/06 18:27:37 Image size of job updated: 215312
	206  -  MemoryUsage of job (MB)
	210912  -  ResidentSetSize of job (KB)
...
006 (4429875.036.000) 09/06 18:47:40 Image size of job updated: 234548
	225  -  MemoryUsage of job (MB)
	230144  -  ResidentSetSize of job (KB)
...
006 (4429875.036.000) 09/06 18:52:40 Image size of job updated: 234552
	225  -  MemoryUsage of job (MB)
	230144  -  ResidentSetSize of job (KB)
...
006 (4429875.036.000) 09/06 19:02:41 Image size of job updated: 235420
	226  -  MemoryUsage of job (MB)
	231056  -  ResidentSetSize of job (KB)
...
006 (4429875.036.000) 09/06 19:07:41 Image size of job updated: 235476
	226  -  MemoryUsage of job (MB)
	231068  -  ResidentSetSize of job (KB)
...
006 (4429875.036.000) 09/06 19:17:42 Image size of job updated: 251184
	242  -  MemoryUsage of job (MB)
	246820  -  ResidentSetSize of job (KB)
...
006 (4429875.036.000) 09/06 19:22:42 Image size of job updated: 251236
	242  -  MemoryUsage of job (MB)
	246832  -  ResidentSetSize of job (KB)
...
006 (4429875.036.000) 09/06 19:52:44 Image size of job updated: 252696
	243  -  MemoryUsage of job (MB)
	248332  -  ResidentSetSize of job (KB)
...
006 (4429875.036.000) 09/06 19:57:45 Image size of job updated: 252748
	243  -  MemoryUsage of job (MB)
	248344  -  ResidentSetSize of job (KB)
...
006 (4429875.036.000) 09/06 20:27:49 Image size of job updated: 261180
	251  -  MemoryUsage of job (MB)
	256752  -  ResidentSetSize of job (KB)
...
006 (4429875.036.000) 09/06 20:32:49 Image size of job updated: 261184
	251  -  MemoryUsage of job (MB)
	256752  -  ResidentSetSize of job (KB)
...
006 (4429875.036.000) 09/06 22:38:02 Image size of job updated: 262664
	251  -  MemoryUsage of job (MB)
	256836  -  ResidentSetSize of job (KB)
...
006 (4429875.036.000) 09/06 23:33:09 Image size of job updated: 264728
	253  -  MemoryUsage of job (MB)
	258076  -  ResidentSetSize of job (KB)
...
006 (4429875.036.000) 09/06 23:38:09 Image size of job updated: 264780
	253  -  MemoryUsage of job (MB)
	258088  -  ResidentSetSize of job (KB)
...
006 (4429875.036.000) 09/07 00:13:14 Image size of job updated: 266368
	254  -  MemoryUsage of job (MB)
	259632  -  ResidentSetSize of job (KB)
...
006 (4429875.036.000) 09/07 00:28:16 Image size of job updated: 266540
	254  -  MemoryUsage of job (MB)
	259892  -  ResidentSetSize of job (KB)
...
006 (4429875.036.000) 09/07 00:33:16 Image size of job updated: 266608
	254  -  MemoryUsage of job (MB)
	259892  -  ResidentSetSize of job (KB)
...
006 (4429875.036.000) 09/07 00:38:17 Image size of job updated: 266612
	254  -  MemoryUsage of job (MB)
	259892  -  ResidentSetSize of job (KB)
...
006 (4429875.036.000) 09/07 01:08:20 Image size of job updated: 267324
	255  -  MemoryUsage of job (MB)
	260204  -  ResidentSetSize of job (KB)
...
006 (4429875.036.000) 09/07 01:13:21 Image size of job updated: 267376
	255  -  MemoryUsage of job (MB)
	260216  -  ResidentSetSize of job (KB)
...
006 (4429875.036.000) 09/07 01:58:29 Image size of job updated: 270180
	257  -  MemoryUsage of job (MB)
	263060  -  ResidentSetSize of job (KB)
...
006 (4429875.036.000) 09/07 02:03:27 Image size of job updated: 270232
	257  -  MemoryUsage of job (MB)
	263072  -  ResidentSetSize of job (KB)
...
006 (4429875.036.000) 09/07 03:08:33 Image size of job updated: 272420
	260  -  MemoryUsage of job (MB)
	265260  -  ResidentSetSize of job (KB)
...
006 (4429875.036.000) 09/07 04:38:43 Image size of job updated: 275108
	262  -  MemoryUsage of job (MB)
	267948  -  ResidentSetSize of job (KB)
...
006 (4429875.036.000) 09/07 06:38:53 Image size of job updated: 275192
	262  -  MemoryUsage of job (MB)
	268032  -  ResidentSetSize of job (KB)
...
006 (4429875.036.000) 09/07 06:48:55 Image size of job updated: 275528
	263  -  MemoryUsage of job (MB)
	268368  -  ResidentSetSize of job (KB)
...
006 (4429875.036.000) 09/07 07:49:03 Image size of job updated: 276380
	263  -  MemoryUsage of job (MB)
	269260  -  ResidentSetSize of job (KB)
...
006 (4429875.036.000) 09/07 07:54:03 Image size of job updated: 276432
	263  -  MemoryUsage of job (MB)
	269272  -  ResidentSetSize of job (KB)
...
006 (4429875.036.000) 09/07 07:59:03 Image size of job updated: 277244
	264  -  MemoryUsage of job (MB)
	270080  -  ResidentSetSize of job (KB)
...
006 (4429875.036.000) 09/07 08:24:06 Image size of job updated: 277464
	264  -  MemoryUsage of job (MB)
	270304  -  ResidentSetSize of job (KB)
...
006 (4429875.036.000) 09/07 09:49:16 Image size of job updated: 278204
	265  -  MemoryUsage of job (MB)
	271044  -  ResidentSetSize of job (KB)
...
006 (4429875.036.000) 09/07 10:34:19 Image size of job updated: 279240
	266  -  MemoryUsage of job (MB)
	272080  -  ResidentSetSize of job (KB)
...
006 (4429875.036.000) 09/07 11:04:22 Image size of job updated: 279244
	266  -  MemoryUsage of job (MB)
	272080  -  ResidentSetSize of job (KB)
...
006 (4429875.036.000) 09/07 11:19:23 Image size of job updated: 279244
	266  -  MemoryUsage of job (MB)
	272104  -  ResidentSetSize of job (KB)
...
006 (4429875.036.000) 09/07 11:24:23 Image size of job updated: 279276
	266  -  MemoryUsage of job (MB)
	272116  -  ResidentSetSize of job (KB)
...
006 (4429875.036.000) 09/07 11:29:24 Image size of job updated: 279668
	267  -  MemoryUsage of job (MB)
	272508  -  ResidentSetSize of job (KB)
...
006 (4429875.036.000) 09/07 12:04:27 Image size of job updated: 280084
	267  -  MemoryUsage of job (MB)
	273016  -  ResidentSetSize of job (KB)
...
006 (4429875.036.000) 09/07 12:09:28 Image size of job updated: 280228
	267  -  MemoryUsage of job (MB)
	273068  -  ResidentSetSize of job (KB)
...
006 (4429875.036.000) 09/07 12:39:31 Image size of job updated: 281196
	268  -  MemoryUsage of job (MB)
	274036  -  ResidentSetSize of job (KB)
...
006 (4429875.036.000) 09/07 13:09:36 Image size of job updated: 281628
	269  -  MemoryUsage of job (MB)
	274468  -  ResidentSetSize of job (KB)
...
006 (4429875.036.000) 09/07 13:19:37 Image size of job updated: 281632
	269  -  MemoryUsage of job (MB)
	274468  -  ResidentSetSize of job (KB)
...
006 (4429875.036.000) 09/07 14:19:44 Image size of job updated: 282616
	270  -  MemoryUsage of job (MB)
	275544  -  ResidentSetSize of job (KB)
...
006 (4429875.036.000) 09/07 14:24:44 Image size of job updated: 282756
	270  -  MemoryUsage of job (MB)
	275596  -  ResidentSetSize of job (KB)
...
005 (4429875.036.000) 09/07 14:33:53 Job terminated.
	(1) Normal termination (return value 0)
		Usr 0 20:19:35, Sys 0 00:05:15  -  Run Remote Usage
		Usr 0 00:00:00, Sys 0 00:00:00  -  Run Local Usage
		Usr 0 20:19:35, Sys 0 00:05:15  -  Total Remote Usage
		Usr 0 00:00:00, Sys 0 00:00:00  -  Total Local Usage
	3539536  -  Run Bytes Sent By Job
	17283  -  Run Bytes Received By Job
	3539536  -  Total Bytes Sent By Job
	17283  -  Total Bytes Received By Job
	Partitionable Resources :    Usage  Request Allocated
	   Cpus                 :                 1         1
	   Disk (KB)            : 21734741 31457280  32342849
	   Ioheavy              :                           1
	   Memory (MB)          :      270      400       400
...
