000 (4429875.058.000) 09/06 15:27:21 Job submitted from host: <128.105.244.190:9618?addrs=128.105.244.190-9618&noUDP&sock=2714685_05e2_3>
...
001 (4429875.058.000) 09/06 15:49:40 Job executing on host: <128.105.245.158:9618?addrs=128.105.245.158-9618+[--1]-9618&noUDP&sock=5565_5c31_3>
...
006 (4429875.058.000) 09/06 15:49:49 Image size of job updated: 476
	1  -  MemoryUsage of job (MB)
	476  -  ResidentSetSize of job (KB)
...
006 (4429875.058.000) 09/06 15:54:50 Image size of job updated: 552
	1  -  MemoryUsage of job (MB)
	552  -  ResidentSetSize of job (KB)
...
006 (4429875.058.000) 09/06 15:59:51 Image size of job updated: 167412
	160  -  MemoryUsage of job (MB)
	163100  -  ResidentSetSize of job (KB)
...
006 (4429875.058.000) 09/06 16:04:52 Image size of job updated: 185084
	177  -  MemoryUsage of job (MB)
	180728  -  ResidentSetSize of job (KB)
...
006 (4429875.058.000) 09/06 16:09:53 Image size of job updated: 203276
	195  -  MemoryUsage of job (MB)
	198916  -  ResidentSetSize of job (KB)
...
006 (4429875.058.000) 09/06 16:14:54 Image size of job updated: 206524
	198  -  MemoryUsage of job (MB)
	202208  -  ResidentSetSize of job (KB)
...
006 (4429875.058.000) 09/06 16:24:56 Image size of job updated: 207228
	199  -  MemoryUsage of job (MB)
	202868  -  ResidentSetSize of job (KB)
...
006 (4429875.058.000) 09/06 16:29:56 Image size of job updated: 215628
	207  -  MemoryUsage of job (MB)
	211260  -  ResidentSetSize of job (KB)
...
006 (4429875.058.000) 09/06 16:34:56 Image size of job updated: 248140
	239  -  MemoryUsage of job (MB)
	243784  -  ResidentSetSize of job (KB)
...
006 (4429875.058.000) 09/06 16:39:57 Image size of job updated: 248144
	239  -  MemoryUsage of job (MB)
	243784  -  ResidentSetSize of job (KB)
...
006 (4429875.058.000) 09/06 16:44:58 Image size of job updated: 251656
	242  -  MemoryUsage of job (MB)
	247296  -  ResidentSetSize of job (KB)
...
006 (4429875.058.000) 09/06 16:55:01 Image size of job updated: 254600
	245  -  MemoryUsage of job (MB)
	250236  -  ResidentSetSize of job (KB)
...
006 (4429875.058.000) 09/06 17:20:05 Image size of job updated: 257340
	245  -  MemoryUsage of job (MB)
	250236  -  ResidentSetSize of job (KB)
...
006 (4429875.058.000) 09/06 17:30:06 Image size of job updated: 258648
	245  -  MemoryUsage of job (MB)
	250236  -  ResidentSetSize of job (KB)
...
006 (4429875.058.000) 09/06 17:40:06 Image size of job updated: 259976
	245  -  MemoryUsage of job (MB)
	250236  -  ResidentSetSize of job (KB)
...
006 (4429875.058.000) 09/06 17:50:06 Image size of job updated: 261116
	245  -  MemoryUsage of job (MB)
	250236  -  ResidentSetSize of job (KB)
...
006 (4429875.058.000) 09/06 18:00:06 Image size of job updated: 262788
	245  -  MemoryUsage of job (MB)
	250236  -  ResidentSetSize of job (KB)
...
006 (4429875.058.000) 09/06 18:05:07 Image size of job updated: 262796
	245  -  MemoryUsage of job (MB)
	250236  -  ResidentSetSize of job (KB)
...
006 (4429875.058.000) 09/06 18:20:10 Image size of job updated: 263108
	245  -  MemoryUsage of job (MB)
	250236  -  ResidentSetSize of job (KB)
...
006 (4429875.058.000) 09/06 18:25:12 Image size of job updated: 263164
	245  -  MemoryUsage of job (MB)
	250236  -  ResidentSetSize of job (KB)
...
006 (4429875.058.000) 09/06 18:45:12 Image size of job updated: 263632
	245  -  MemoryUsage of job (MB)
	250236  -  ResidentSetSize of job (KB)
...
006 (4429875.058.000) 09/06 18:55:14 Image size of job updated: 266952
	245  -  MemoryUsage of job (MB)
	250236  -  ResidentSetSize of job (KB)
...
006 (4429875.058.000) 09/06 19:00:15 Image size of job updated: 266956
	245  -  MemoryUsage of job (MB)
	250236  -  ResidentSetSize of job (KB)
...
006 (4429875.058.000) 09/06 19:45:18 Image size of job updated: 267072
	245  -  MemoryUsage of job (MB)
	250236  -  ResidentSetSize of job (KB)
...
006 (4429875.058.000) 09/06 19:50:19 Image size of job updated: 267076
	245  -  MemoryUsage of job (MB)
	250236  -  ResidentSetSize of job (KB)
...
006 (4429875.058.000) 09/06 20:10:22 Image size of job updated: 267304
	245  -  MemoryUsage of job (MB)
	250236  -  ResidentSetSize of job (KB)
...
006 (4429875.058.000) 09/06 20:20:22 Image size of job updated: 267388
	245  -  MemoryUsage of job (MB)
	250236  -  ResidentSetSize of job (KB)
...
006 (4429875.058.000) 09/06 20:25:22 Image size of job updated: 267440
	245  -  MemoryUsage of job (MB)
	250236  -  ResidentSetSize of job (KB)
...
006 (4429875.058.000) 09/06 20:35:22 Image size of job updated: 267944
	245  -  MemoryUsage of job (MB)
	250236  -  ResidentSetSize of job (KB)
...
006 (4429875.058.000) 09/06 20:45:24 Image size of job updated: 268132
	245  -  MemoryUsage of job (MB)
	250236  -  ResidentSetSize of job (KB)
...
006 (4429875.058.000) 09/06 20:50:25 Image size of job updated: 268188
	245  -  MemoryUsage of job (MB)
	250236  -  ResidentSetSize of job (KB)
...
006 (4429875.058.000) 09/06 21:45:32 Image size of job updated: 271712
	245  -  MemoryUsage of job (MB)
	250236  -  ResidentSetSize of job (KB)
...
006 (4429875.058.000) 09/06 21:50:32 Image size of job updated: 271764
	245  -  MemoryUsage of job (MB)
	250236  -  ResidentSetSize of job (KB)
...
006 (4429875.058.000) 09/06 22:50:39 Image size of job updated: 273668
	245  -  MemoryUsage of job (MB)
	250236  -  ResidentSetSize of job (KB)
...
006 (4429875.058.000) 09/06 22:55:39 Image size of job updated: 273720
	245  -  MemoryUsage of job (MB)
	250236  -  ResidentSetSize of job (KB)
...
006 (4429875.058.000) 09/06 23:10:42 Image size of job updated: 274144
	245  -  MemoryUsage of job (MB)
	250236  -  ResidentSetSize of job (KB)
...
006 (4429875.058.000) 09/07 01:30:58 Image size of job updated: 274200
	245  -  MemoryUsage of job (MB)
	250236  -  ResidentSetSize of job (KB)
...
006 (4429875.058.000) 09/07 01:46:00 Image size of job updated: 274204
	245  -  MemoryUsage of job (MB)
	250236  -  ResidentSetSize of job (KB)
...
006 (4429875.058.000) 09/07 02:01:01 Image size of job updated: 274580
	245  -  MemoryUsage of job (MB)
	250236  -  ResidentSetSize of job (KB)
...
006 (4429875.058.000) 09/07 02:16:02 Image size of job updated: 274768
	245  -  MemoryUsage of job (MB)
	250236  -  ResidentSetSize of job (KB)
...
006 (4429875.058.000) 09/07 02:31:04 Image size of job updated: 275096
	245  -  MemoryUsage of job (MB)
	250236  -  ResidentSetSize of job (KB)
...
006 (4429875.058.000) 09/07 02:36:05 Image size of job updated: 275100
	245  -  MemoryUsage of job (MB)
	250236  -  ResidentSetSize of job (KB)
...
006 (4429875.058.000) 09/07 02:46:06 Image size of job updated: 276196
	245  -  MemoryUsage of job (MB)
	250236  -  ResidentSetSize of job (KB)
...
006 (4429875.058.000) 09/07 02:51:07 Image size of job updated: 276248
	245  -  MemoryUsage of job (MB)
	250236  -  ResidentSetSize of job (KB)
...
006 (4429875.058.000) 09/07 04:26:14 Image size of job updated: 276764
	245  -  MemoryUsage of job (MB)
	250236  -  ResidentSetSize of job (KB)
...
006 (4429875.058.000) 09/07 04:31:15 Image size of job updated: 276816
	245  -  MemoryUsage of job (MB)
	250236  -  ResidentSetSize of job (KB)
...
006 (4429875.058.000) 09/07 05:26:22 Image size of job updated: 276880
	245  -  MemoryUsage of job (MB)
	250236  -  ResidentSetSize of job (KB)
...
006 (4429875.058.000) 09/07 05:31:23 Image size of job updated: 276884
	245  -  MemoryUsage of job (MB)
	250236  -  ResidentSetSize of job (KB)
...
006 (4429875.058.000) 09/07 05:41:24 Image size of job updated: 277608
	245  -  MemoryUsage of job (MB)
	250476  -  ResidentSetSize of job (KB)
...
006 (4429875.058.000) 09/07 05:46:24 Image size of job updated: 277748
	245  -  MemoryUsage of job (MB)
	250528  -  ResidentSetSize of job (KB)
...
006 (4429875.058.000) 09/07 05:51:25 Image size of job updated: 277752
	245  -  MemoryUsage of job (MB)
	250528  -  ResidentSetSize of job (KB)
...
006 (4429875.058.000) 09/07 06:06:26 Image size of job updated: 278016
	245  -  MemoryUsage of job (MB)
	250832  -  ResidentSetSize of job (KB)
...
006 (4429875.058.000) 09/07 06:11:27 Image size of job updated: 278064
	245  -  MemoryUsage of job (MB)
	250844  -  ResidentSetSize of job (KB)
...
006 (4429875.058.000) 09/07 06:16:28 Image size of job updated: 278068
	245  -  MemoryUsage of job (MB)
	250844  -  ResidentSetSize of job (KB)
...
006 (4429875.058.000) 09/07 07:31:36 Image size of job updated: 278288
	246  -  MemoryUsage of job (MB)
	251104  -  ResidentSetSize of job (KB)
...
006 (4429875.058.000) 09/07 07:36:36 Image size of job updated: 278340
	246  -  MemoryUsage of job (MB)
	251116  -  ResidentSetSize of job (KB)
...
006 (4429875.058.000) 09/07 07:46:37 Image size of job updated: 278344
	246  -  MemoryUsage of job (MB)
	251116  -  ResidentSetSize of job (KB)
...
006 (4429875.058.000) 09/07 09:06:47 Image size of job updated: 279216
	247  -  MemoryUsage of job (MB)
	252032  -  ResidentSetSize of job (KB)
...
006 (4429875.058.000) 09/07 09:11:48 Image size of job updated: 279268
	247  -  MemoryUsage of job (MB)
	252044  -  ResidentSetSize of job (KB)
...
006 (4429875.058.000) 09/07 09:31:50 Image size of job updated: 280996
	248  -  MemoryUsage of job (MB)
	253812  -  ResidentSetSize of job (KB)
...
006 (4429875.058.000) 09/07 09:36:51 Image size of job updated: 281044
	248  -  MemoryUsage of job (MB)
	253824  -  ResidentSetSize of job (KB)
...
006 (4429875.058.000) 09/07 09:41:52 Image size of job updated: 281048
	248  -  MemoryUsage of job (MB)
	253824  -  ResidentSetSize of job (KB)
...
006 (4429875.058.000) 09/07 12:02:07 Image size of job updated: 281756
	249  -  MemoryUsage of job (MB)
	254576  -  ResidentSetSize of job (KB)
...
006 (4429875.058.000) 09/07 12:07:08 Image size of job updated: 281808
	249  -  MemoryUsage of job (MB)
	254588  -  ResidentSetSize of job (KB)
...
006 (4429875.058.000) 09/07 12:12:08 Image size of job updated: 281812
	249  -  MemoryUsage of job (MB)
	254588  -  ResidentSetSize of job (KB)
...
006 (4429875.058.000) 09/07 13:12:15 Image size of job updated: 283052
	250  -  MemoryUsage of job (MB)
	255868  -  ResidentSetSize of job (KB)
...
006 (4429875.058.000) 09/07 13:17:15 Image size of job updated: 283100
	250  -  MemoryUsage of job (MB)
	255880  -  ResidentSetSize of job (KB)
...
006 (4429875.058.000) 09/07 13:22:16 Image size of job updated: 283104
	250  -  MemoryUsage of job (MB)
	255880  -  ResidentSetSize of job (KB)
...
006 (4429875.058.000) 09/07 15:02:26 Image size of job updated: 284560
	252  -  MemoryUsage of job (MB)
	257336  -  ResidentSetSize of job (KB)
...
005 (4429875.058.000) 09/07 17:06:47 Job terminated.
	(1) Normal termination (return value 0)
		Usr 1 00:08:55, Sys 0 00:04:37  -  Run Remote Usage
		Usr 0 00:00:00, Sys 0 00:00:00  -  Run Local Usage
		Usr 1 00:08:55, Sys 0 00:04:37  -  Total Remote Usage
		Usr 0 00:00:00, Sys 0 00:00:00  -  Total Local Usage
	3537786  -  Run Bytes Sent By Job
	17283  -  Run Bytes Received By Job
	3537786  -  Total Bytes Sent By Job
	17283  -  Total Bytes Received By Job
	Partitionable Resources :    Usage  Request Allocated
	   Cpus                 :                 1         1
	   Disk (KB)            : 18694755 31457280  33386374
	   Ioheavy              :                           1
	   Memory (MB)          :      252      400       400
...
