000 (4429875.042.000) 09/06 15:27:21 Job submitted from host: <128.105.244.190:9618?addrs=128.105.244.190-9618&noUDP&sock=2714685_05e2_3>
...
001 (4429875.042.000) 09/06 15:32:09 Job executing on host: <128.105.245.163:9618?addrs=128.105.245.163-9618+[--1]-9618&noUDP&sock=5765_4d25_7>
...
006 (4429875.042.000) 09/06 15:32:19 Image size of job updated: 476
	1  -  MemoryUsage of job (MB)
	476  -  ResidentSetSize of job (KB)
...
006 (4429875.042.000) 09/06 15:47:21 Image size of job updated: 552
	1  -  MemoryUsage of job (MB)
	552  -  ResidentSetSize of job (KB)
...
006 (4429875.042.000) 09/06 17:37:30 Image size of job updated: 23608
	23  -  MemoryUsage of job (MB)
	22636  -  ResidentSetSize of job (KB)
...
006 (4429875.042.000) 09/06 17:42:30 Image size of job updated: 151944
	145  -  MemoryUsage of job (MB)
	147588  -  ResidentSetSize of job (KB)
...
006 (4429875.042.000) 09/06 17:52:33 Image size of job updated: 198364
	184  -  MemoryUsage of job (MB)
	187940  -  ResidentSetSize of job (KB)
...
006 (4429875.042.000) 09/06 17:57:32 Image size of job updated: 198420
	184  -  MemoryUsage of job (MB)
	187952  -  ResidentSetSize of job (KB)
...
006 (4429875.042.000) 09/06 18:12:33 Image size of job updated: 204308
	190  -  MemoryUsage of job (MB)
	193840  -  ResidentSetSize of job (KB)
...
006 (4429875.042.000) 09/06 18:17:33 Image size of job updated: 206224
	192  -  MemoryUsage of job (MB)
	195592  -  ResidentSetSize of job (KB)
...
006 (4429875.042.000) 09/06 18:22:34 Image size of job updated: 206368
	192  -  MemoryUsage of job (MB)
	195644  -  ResidentSetSize of job (KB)
...
006 (4429875.042.000) 09/06 18:27:35 Image size of job updated: 215888
	201  -  MemoryUsage of job (MB)
	205204  -  ResidentSetSize of job (KB)
...
006 (4429875.042.000) 09/06 18:32:35 Image size of job updated: 215940
	201  -  MemoryUsage of job (MB)
	205216  -  ResidentSetSize of job (KB)
...
006 (4429875.042.000) 09/06 18:37:36 Image size of job updated: 232036
	217  -  MemoryUsage of job (MB)
	221316  -  ResidentSetSize of job (KB)
...
006 (4429875.042.000) 09/06 18:42:37 Image size of job updated: 232040
	217  -  MemoryUsage of job (MB)
	221316  -  ResidentSetSize of job (KB)
...
006 (4429875.042.000) 09/06 18:47:37 Image size of job updated: 238252
	223  -  MemoryUsage of job (MB)
	227620  -  ResidentSetSize of job (KB)
...
006 (4429875.042.000) 09/06 18:52:37 Image size of job updated: 238396
	223  -  MemoryUsage of job (MB)
	227672  -  ResidentSetSize of job (KB)
...
006 (4429875.042.000) 09/06 19:22:40 Image size of job updated: 239504
	224  -  MemoryUsage of job (MB)
	228612  -  ResidentSetSize of job (KB)
...
006 (4429875.042.000) 09/06 19:27:42 Image size of job updated: 239644
	224  -  MemoryUsage of job (MB)
	228664  -  ResidentSetSize of job (KB)
...
006 (4429875.042.000) 09/06 19:42:43 Image size of job updated: 254368
	238  -  MemoryUsage of job (MB)
	243392  -  ResidentSetSize of job (KB)
...
006 (4429875.042.000) 09/06 19:47:45 Image size of job updated: 254372
	238  -  MemoryUsage of job (MB)
	243392  -  ResidentSetSize of job (KB)
...
006 (4429875.042.000) 09/06 19:57:45 Image size of job updated: 256504
	240  -  MemoryUsage of job (MB)
	245568  -  ResidentSetSize of job (KB)
...
006 (4429875.042.000) 09/06 20:02:45 Image size of job updated: 256564
	240  -  MemoryUsage of job (MB)
	245580  -  ResidentSetSize of job (KB)
...
006 (4429875.042.000) 09/06 20:17:47 Image size of job updated: 257296
	241  -  MemoryUsage of job (MB)
	246320  -  ResidentSetSize of job (KB)
...
006 (4429875.042.000) 09/06 20:22:48 Image size of job updated: 257300
	241  -  MemoryUsage of job (MB)
	246320  -  ResidentSetSize of job (KB)
...
006 (4429875.042.000) 09/06 22:17:58 Image size of job updated: 259948
	244  -  MemoryUsage of job (MB)
	248972  -  ResidentSetSize of job (KB)
...
006 (4429875.042.000) 09/06 22:22:59 Image size of job updated: 259952
	244  -  MemoryUsage of job (MB)
	248972  -  ResidentSetSize of job (KB)
...
006 (4429875.042.000) 09/06 22:32:59 Image size of job updated: 260256
	244  -  MemoryUsage of job (MB)
	249316  -  ResidentSetSize of job (KB)
...
006 (4429875.042.000) 09/06 22:38:00 Image size of job updated: 260308
	244  -  MemoryUsage of job (MB)
	249328  -  ResidentSetSize of job (KB)
...
006 (4429875.042.000) 09/06 23:53:09 Image size of job updated: 262596
	246  -  MemoryUsage of job (MB)
	251744  -  ResidentSetSize of job (KB)
...
006 (4429875.042.000) 09/06 23:58:10 Image size of job updated: 262736
	246  -  MemoryUsage of job (MB)
	251796  -  ResidentSetSize of job (KB)
...
006 (4429875.042.000) 09/07 00:38:13 Image size of job updated: 264192
	247  -  MemoryUsage of job (MB)
	252456  -  ResidentSetSize of job (KB)
...
006 (4429875.042.000) 09/07 00:43:13 Image size of job updated: 264196
	247  -  MemoryUsage of job (MB)
	252456  -  ResidentSetSize of job (KB)
...
006 (4429875.042.000) 09/07 01:08:16 Image size of job updated: 268312
	251  -  MemoryUsage of job (MB)
	256664  -  ResidentSetSize of job (KB)
...
006 (4429875.042.000) 09/07 01:13:16 Image size of job updated: 268456
	251  -  MemoryUsage of job (MB)
	256716  -  ResidentSetSize of job (KB)
...
006 (4429875.042.000) 09/07 02:03:21 Image size of job updated: 269976
	253  -  MemoryUsage of job (MB)
	258236  -  ResidentSetSize of job (KB)
...
006 (4429875.042.000) 09/07 03:18:29 Image size of job updated: 271536
	254  -  MemoryUsage of job (MB)
	259836  -  ResidentSetSize of job (KB)
...
006 (4429875.042.000) 09/07 03:23:30 Image size of job updated: 271588
	254  -  MemoryUsage of job (MB)
	259848  -  ResidentSetSize of job (KB)
...
006 (4429875.042.000) 09/07 03:33:30 Image size of job updated: 273028
	256  -  MemoryUsage of job (MB)
	261292  -  ResidentSetSize of job (KB)
...
006 (4429875.042.000) 09/07 03:38:31 Image size of job updated: 273032
	256  -  MemoryUsage of job (MB)
	261292  -  ResidentSetSize of job (KB)
...
006 (4429875.042.000) 09/07 04:03:34 Image size of job updated: 273292
	256  -  MemoryUsage of job (MB)
	261556  -  ResidentSetSize of job (KB)
...
006 (4429875.042.000) 09/07 04:08:34 Image size of job updated: 273300
	256  -  MemoryUsage of job (MB)
	261556  -  ResidentSetSize of job (KB)
...
006 (4429875.042.000) 09/07 04:43:37 Image size of job updated: 273584
	256  -  MemoryUsage of job (MB)
	261884  -  ResidentSetSize of job (KB)
...
006 (4429875.042.000) 09/07 04:48:38 Image size of job updated: 273636
	256  -  MemoryUsage of job (MB)
	261896  -  ResidentSetSize of job (KB)
...
006 (4429875.042.000) 09/07 05:48:43 Image size of job updated: 274376
	257  -  MemoryUsage of job (MB)
	262636  -  ResidentSetSize of job (KB)
...
006 (4429875.042.000) 09/07 06:08:46 Image size of job updated: 274376
	257  -  MemoryUsage of job (MB)
	262660  -  ResidentSetSize of job (KB)
...
006 (4429875.042.000) 09/07 06:13:46 Image size of job updated: 274412
	257  -  MemoryUsage of job (MB)
	262672  -  ResidentSetSize of job (KB)
...
006 (4429875.042.000) 09/07 06:23:47 Image size of job updated: 275408
	258  -  MemoryUsage of job (MB)
	263708  -  ResidentSetSize of job (KB)
...
006 (4429875.042.000) 09/07 06:28:48 Image size of job updated: 275460
	258  -  MemoryUsage of job (MB)
	263720  -  ResidentSetSize of job (KB)
...
006 (4429875.042.000) 09/07 06:53:50 Image size of job updated: 276124
	259  -  MemoryUsage of job (MB)
	264384  -  ResidentSetSize of job (KB)
...
006 (4429875.042.000) 09/07 07:08:52 Image size of job updated: 277800
	260  -  MemoryUsage of job (MB)
	266060  -  ResidentSetSize of job (KB)
...
006 (4429875.042.000) 09/07 07:13:52 Image size of job updated: 277804
	260  -  MemoryUsage of job (MB)
	266060  -  ResidentSetSize of job (KB)
...
006 (4429875.042.000) 09/07 07:23:53 Image size of job updated: 278160
	261  -  MemoryUsage of job (MB)
	266420  -  ResidentSetSize of job (KB)
...
006 (4429875.042.000) 09/07 08:03:57 Image size of job updated: 278736
	261  -  MemoryUsage of job (MB)
	267000  -  ResidentSetSize of job (KB)
...
006 (4429875.042.000) 09/07 08:08:57 Image size of job updated: 278740
	261  -  MemoryUsage of job (MB)
	267000  -  ResidentSetSize of job (KB)
...
006 (4429875.042.000) 09/07 10:49:10 Image size of job updated: 279396
	262  -  MemoryUsage of job (MB)
	267744  -  ResidentSetSize of job (KB)
...
006 (4429875.042.000) 09/07 10:54:11 Image size of job updated: 279536
	262  -  MemoryUsage of job (MB)
	267796  -  ResidentSetSize of job (KB)
...
006 (4429875.042.000) 09/07 11:19:13 Image size of job updated: 280300
	263  -  MemoryUsage of job (MB)
	268564  -  ResidentSetSize of job (KB)
...
006 (4429875.042.000) 09/07 11:24:13 Image size of job updated: 280304
	263  -  MemoryUsage of job (MB)
	268564  -  ResidentSetSize of job (KB)
...
006 (4429875.042.000) 09/07 11:59:16 Image size of job updated: 282184
	265  -  MemoryUsage of job (MB)
	270536  -  ResidentSetSize of job (KB)
...
006 (4429875.042.000) 09/07 12:04:17 Image size of job updated: 282328
	265  -  MemoryUsage of job (MB)
	270588  -  ResidentSetSize of job (KB)
...
006 (4429875.042.000) 09/07 12:14:18 Image size of job updated: 283140
	266  -  MemoryUsage of job (MB)
	271440  -  ResidentSetSize of job (KB)
...
006 (4429875.042.000) 09/07 12:19:19 Image size of job updated: 283192
	266  -  MemoryUsage of job (MB)
	271452  -  ResidentSetSize of job (KB)
...
005 (4429875.042.000) 09/07 13:38:58 Job terminated.
	(1) Normal termination (return value 0)
		Usr 0 19:31:34, Sys 0 00:05:36  -  Run Remote Usage
		Usr 0 00:00:00, Sys 0 00:00:00  -  Run Local Usage
		Usr 0 19:31:34, Sys 0 00:05:36  -  Total Remote Usage
		Usr 0 00:00:00, Sys 0 00:00:00  -  Total Local Usage
	3538017  -  Run Bytes Sent By Job
	17283  -  Run Bytes Received By Job
	3538017  -  Total Bytes Sent By Job
	17283  -  Total Bytes Received By Job
	Partitionable Resources :    Usage  Request Allocated
	   Cpus                 :                 1         1
	   Disk (KB)            : 21941185 31457280  32272273
	   Ioheavy              :                           1
	   Memory (MB)          :      266      400       400
...
