000 (4429875.004.000) 09/06 15:27:21 Job submitted from host: <128.105.244.190:9618?addrs=128.105.244.190-9618&noUDP&sock=2714685_05e2_3>
...
001 (4429875.004.000) 09/06 15:30:10 Job executing on host: <128.105.245.45:9618?addrs=128.105.245.45-9618+[--1]-9618&noUDP&sock=4431_8d3d_3>
...
006 (4429875.004.000) 09/06 15:30:19 Image size of job updated: 476
	1  -  MemoryUsage of job (MB)
	476  -  ResidentSetSize of job (KB)
...
006 (4429875.004.000) 09/06 15:35:19 Image size of job updated: 552
	1  -  MemoryUsage of job (MB)
	552  -  ResidentSetSize of job (KB)
...
006 (4429875.004.000) 09/06 15:40:21 Image size of job updated: 29348
	28  -  MemoryUsage of job (MB)
	28420  -  ResidentSetSize of job (KB)
...
006 (4429875.004.000) 09/06 15:45:21 Image size of job updated: 62532
	60  -  MemoryUsage of job (MB)
	61284  -  ResidentSetSize of job (KB)
...
006 (4429875.004.000) 09/06 15:50:21 Image size of job updated: 204052
	196  -  MemoryUsage of job (MB)
	199688  -  ResidentSetSize of job (KB)
...
006 (4429875.004.000) 09/06 15:55:23 Image size of job updated: 210828
	202  -  MemoryUsage of job (MB)
	206464  -  ResidentSetSize of job (KB)
...
006 (4429875.004.000) 09/06 16:00:23 Image size of job updated: 215176
	206  -  MemoryUsage of job (MB)
	210896  -  ResidentSetSize of job (KB)
...
006 (4429875.004.000) 09/06 16:05:23 Image size of job updated: 215316
	207  -  MemoryUsage of job (MB)
	210948  -  ResidentSetSize of job (KB)
...
006 (4429875.004.000) 09/06 16:10:24 Image size of job updated: 216288
	207  -  MemoryUsage of job (MB)
	211924  -  ResidentSetSize of job (KB)
...
006 (4429875.004.000) 09/06 16:15:25 Image size of job updated: 217324
	209  -  MemoryUsage of job (MB)
	213000  -  ResidentSetSize of job (KB)
...
006 (4429875.004.000) 09/06 16:20:25 Image size of job updated: 217384
	209  -  MemoryUsage of job (MB)
	213012  -  ResidentSetSize of job (KB)
...
006 (4429875.004.000) 09/06 16:25:26 Image size of job updated: 243012
	234  -  MemoryUsage of job (MB)
	238640  -  ResidentSetSize of job (KB)
...
006 (4429875.004.000) 09/06 16:45:29 Image size of job updated: 248988
	239  -  MemoryUsage of job (MB)
	244656  -  ResidentSetSize of job (KB)
...
006 (4429875.004.000) 09/06 16:50:29 Image size of job updated: 249040
	239  -  MemoryUsage of job (MB)
	244668  -  ResidentSetSize of job (KB)
...
006 (4429875.004.000) 09/06 17:00:30 Image size of job updated: 252392
	243  -  MemoryUsage of job (MB)
	248020  -  ResidentSetSize of job (KB)
...
006 (4429875.004.000) 09/06 17:10:30 Image size of job updated: 256272
	247  -  MemoryUsage of job (MB)
	251940  -  ResidentSetSize of job (KB)
...
006 (4429875.004.000) 09/06 17:15:31 Image size of job updated: 256324
	247  -  MemoryUsage of job (MB)
	251952  -  ResidentSetSize of job (KB)
...
006 (4429875.004.000) 09/06 17:25:31 Image size of job updated: 256652
	247  -  MemoryUsage of job (MB)
	252276  -  ResidentSetSize of job (KB)
...
006 (4429875.004.000) 09/06 17:45:34 Image size of job updated: 259632
	250  -  MemoryUsage of job (MB)
	255300  -  ResidentSetSize of job (KB)
...
006 (4429875.004.000) 09/06 17:50:34 Image size of job updated: 259688
	250  -  MemoryUsage of job (MB)
	255312  -  ResidentSetSize of job (KB)
...
006 (4429875.004.000) 09/06 17:55:34 Image size of job updated: 259688
	250  -  MemoryUsage of job (MB)
	255408  -  ResidentSetSize of job (KB)
...
006 (4429875.004.000) 09/06 18:00:36 Image size of job updated: 259832
	250  -  MemoryUsage of job (MB)
	255460  -  ResidentSetSize of job (KB)
...
006 (4429875.004.000) 09/06 18:20:38 Image size of job updated: 260284
	250  -  MemoryUsage of job (MB)
	255952  -  ResidentSetSize of job (KB)
...
006 (4429875.004.000) 09/06 18:25:38 Image size of job updated: 260336
	250  -  MemoryUsage of job (MB)
	255964  -  ResidentSetSize of job (KB)
...
006 (4429875.004.000) 09/06 18:35:40 Image size of job updated: 262012
	252  -  MemoryUsage of job (MB)
	257636  -  ResidentSetSize of job (KB)
...
006 (4429875.004.000) 09/06 18:45:41 Image size of job updated: 262436
	253  -  MemoryUsage of job (MB)
	258068  -  ResidentSetSize of job (KB)
...
006 (4429875.004.000) 09/06 18:50:42 Image size of job updated: 262440
	253  -  MemoryUsage of job (MB)
	258068  -  ResidentSetSize of job (KB)
...
006 (4429875.004.000) 09/06 18:55:42 Image size of job updated: 265368
	255  -  MemoryUsage of job (MB)
	261036  -  ResidentSetSize of job (KB)
...
006 (4429875.004.000) 09/06 19:00:43 Image size of job updated: 265420
	255  -  MemoryUsage of job (MB)
	261048  -  ResidentSetSize of job (KB)
...
006 (4429875.004.000) 09/06 21:46:00 Image size of job updated: 265960
	256  -  MemoryUsage of job (MB)
	261628  -  ResidentSetSize of job (KB)
...
006 (4429875.004.000) 09/06 21:51:01 Image size of job updated: 266012
	256  -  MemoryUsage of job (MB)
	261640  -  ResidentSetSize of job (KB)
...
006 (4429875.004.000) 09/06 22:01:02 Image size of job updated: 266192
	256  -  MemoryUsage of job (MB)
	261824  -  ResidentSetSize of job (KB)
...
006 (4429875.004.000) 09/06 22:06:02 Image size of job updated: 266196
	256  -  MemoryUsage of job (MB)
	261824  -  ResidentSetSize of job (KB)
...
006 (4429875.004.000) 09/06 22:16:03 Image size of job updated: 267220
	257  -  MemoryUsage of job (MB)
	262852  -  ResidentSetSize of job (KB)
...
006 (4429875.004.000) 09/06 22:21:04 Image size of job updated: 267228
	257  -  MemoryUsage of job (MB)
	262852  -  ResidentSetSize of job (KB)
...
006 (4429875.004.000) 09/06 22:31:05 Image size of job updated: 270348
	260  -  MemoryUsage of job (MB)
	265976  -  ResidentSetSize of job (KB)
...
006 (4429875.004.000) 09/07 00:11:19 Image size of job updated: 273464
	263  -  MemoryUsage of job (MB)
	269132  -  ResidentSetSize of job (KB)
...
006 (4429875.004.000) 09/07 00:16:19 Image size of job updated: 273516
	263  -  MemoryUsage of job (MB)
	269144  -  ResidentSetSize of job (KB)
...
006 (4429875.004.000) 09/07 00:21:20 Image size of job updated: 274336
	264  -  MemoryUsage of job (MB)
	269964  -  ResidentSetSize of job (KB)
...
006 (4429875.004.000) 09/07 01:06:24 Image size of job updated: 275644
	265  -  MemoryUsage of job (MB)
	271276  -  ResidentSetSize of job (KB)
...
006 (4429875.004.000) 09/07 01:11:24 Image size of job updated: 275648
	265  -  MemoryUsage of job (MB)
	271276  -  ResidentSetSize of job (KB)
...
006 (4429875.004.000) 09/07 04:46:46 Image size of job updated: 276404
	266  -  MemoryUsage of job (MB)
	272072  -  ResidentSetSize of job (KB)
...
006 (4429875.004.000) 09/07 04:51:47 Image size of job updated: 276456
	266  -  MemoryUsage of job (MB)
	272084  -  ResidentSetSize of job (KB)
...
006 (4429875.004.000) 09/07 06:01:55 Image size of job updated: 276456
	266  -  MemoryUsage of job (MB)
	272116  -  ResidentSetSize of job (KB)
...
006 (4429875.004.000) 09/07 06:06:56 Image size of job updated: 276456
	266  -  MemoryUsage of job (MB)
	272248  -  ResidentSetSize of job (KB)
...
006 (4429875.004.000) 09/07 06:16:57 Image size of job updated: 276808
	267  -  MemoryUsage of job (MB)
	273192  -  ResidentSetSize of job (KB)
...
006 (4429875.004.000) 09/07 06:21:58 Image size of job updated: 277676
	268  -  MemoryUsage of job (MB)
	274020  -  ResidentSetSize of job (KB)
...
006 (4429875.004.000) 09/07 06:47:00 Image size of job updated: 277900
	268  -  MemoryUsage of job (MB)
	274248  -  ResidentSetSize of job (KB)
...
006 (4429875.004.000) 09/07 06:52:01 Image size of job updated: 277904
	268  -  MemoryUsage of job (MB)
	274248  -  ResidentSetSize of job (KB)
...
006 (4429875.004.000) 09/07 07:17:04 Image size of job updated: 279100
	269  -  MemoryUsage of job (MB)
	275444  -  ResidentSetSize of job (KB)
...
006 (4429875.004.000) 09/07 09:32:19 Image size of job updated: 279308
	270  -  MemoryUsage of job (MB)
	275692  -  ResidentSetSize of job (KB)
...
006 (4429875.004.000) 09/07 09:37:19 Image size of job updated: 279472
	270  -  MemoryUsage of job (MB)
	275816  -  ResidentSetSize of job (KB)
...
006 (4429875.004.000) 09/07 10:27:25 Image size of job updated: 279912
	270  -  MemoryUsage of job (MB)
	276344  -  ResidentSetSize of job (KB)
...
006 (4429875.004.000) 09/07 10:32:25 Image size of job updated: 280052
	270  -  MemoryUsage of job (MB)
	276396  -  ResidentSetSize of job (KB)
...
005 (4429875.004.000) 09/07 11:12:04 Job terminated.
	(1) Normal termination (return value 0)
		Usr 0 19:23:07, Sys 0 00:04:35  -  Run Remote Usage
		Usr 0 00:00:00, Sys 0 00:00:00  -  Run Local Usage
		Usr 0 19:23:07, Sys 0 00:04:35  -  Total Remote Usage
		Usr 0 00:00:00, Sys 0 00:00:00  -  Total Local Usage
	3535574  -  Run Bytes Sent By Job
	17283  -  Run Bytes Received By Job
	3535574  -  Total Bytes Sent By Job
	17283  -  Total Bytes Received By Job
	Partitionable Resources :    Usage  Request Allocated
	   Cpus                 :                 1         1
	   Disk (KB)            : 18691680 31457280  36363156
	   Ioheavy              :                           1
	   Memory (MB)          :      270      400       400
...
