000 (4429875.050.000) 09/06 15:27:21 Job submitted from host: <128.105.244.190:9618?addrs=128.105.244.190-9618&noUDP&sock=2714685_05e2_3>
...
001 (4429875.050.000) 09/06 15:35:55 Job executing on host: <128.105.245.214:9618?addrs=128.105.245.214-9618+[--1]-9618&noUDP&sock=5510_888c_3>
...
006 (4429875.050.000) 09/06 15:36:04 Image size of job updated: 476
	1  -  MemoryUsage of job (MB)
	476  -  ResidentSetSize of job (KB)
...
006 (4429875.050.000) 09/06 15:41:04 Image size of job updated: 544
	1  -  MemoryUsage of job (MB)
	544  -  ResidentSetSize of job (KB)
...
006 (4429875.050.000) 09/06 16:06:06 Image size of job updated: 165316
	158  -  MemoryUsage of job (MB)
	160964  -  ResidentSetSize of job (KB)
...
006 (4429875.050.000) 09/06 16:11:07 Image size of job updated: 200448
	192  -  MemoryUsage of job (MB)
	196088  -  ResidentSetSize of job (KB)
...
006 (4429875.050.000) 09/06 16:16:08 Image size of job updated: 204048
	196  -  MemoryUsage of job (MB)
	199688  -  ResidentSetSize of job (KB)
...
006 (4429875.050.000) 09/06 16:21:08 Image size of job updated: 212680
	204  -  MemoryUsage of job (MB)
	208356  -  ResidentSetSize of job (KB)
...
006 (4429875.050.000) 09/06 16:26:08 Image size of job updated: 212736
	204  -  MemoryUsage of job (MB)
	208368  -  ResidentSetSize of job (KB)
...
006 (4429875.050.000) 09/06 16:31:10 Image size of job updated: 218108
	209  -  MemoryUsage of job (MB)
	213744  -  ResidentSetSize of job (KB)
...
006 (4429875.050.000) 09/06 16:46:11 Image size of job updated: 243192
	234  -  MemoryUsage of job (MB)
	238828  -  ResidentSetSize of job (KB)
...
006 (4429875.050.000) 09/06 16:51:12 Image size of job updated: 249136
	240  -  MemoryUsage of job (MB)
	244812  -  ResidentSetSize of job (KB)
...
006 (4429875.050.000) 09/06 16:56:13 Image size of job updated: 249188
	240  -  MemoryUsage of job (MB)
	244824  -  ResidentSetSize of job (KB)
...
006 (4429875.050.000) 09/06 17:01:14 Image size of job updated: 251084
	241  -  MemoryUsage of job (MB)
	246764  -  ResidentSetSize of job (KB)
...
006 (4429875.050.000) 09/06 17:06:14 Image size of job updated: 251140
	241  -  MemoryUsage of job (MB)
	246776  -  ResidentSetSize of job (KB)
...
006 (4429875.050.000) 09/06 17:11:14 Image size of job updated: 255080
	245  -  MemoryUsage of job (MB)
	250756  -  ResidentSetSize of job (KB)
...
006 (4429875.050.000) 09/06 17:16:14 Image size of job updated: 255132
	245  -  MemoryUsage of job (MB)
	250768  -  ResidentSetSize of job (KB)
...
006 (4429875.050.000) 09/06 17:36:16 Image size of job updated: 256184
	246  -  MemoryUsage of job (MB)
	251820  -  ResidentSetSize of job (KB)
...
006 (4429875.050.000) 09/06 18:01:19 Image size of job updated: 259588
	246  -  MemoryUsage of job (MB)
	251820  -  ResidentSetSize of job (KB)
...
006 (4429875.050.000) 09/06 18:06:20 Image size of job updated: 259592
	246  -  MemoryUsage of job (MB)
	251820  -  ResidentSetSize of job (KB)
...
006 (4429875.050.000) 09/06 18:11:20 Image size of job updated: 261096
	246  -  MemoryUsage of job (MB)
	251820  -  ResidentSetSize of job (KB)
...
006 (4429875.050.000) 09/06 18:16:21 Image size of job updated: 261148
	246  -  MemoryUsage of job (MB)
	251820  -  ResidentSetSize of job (KB)
...
006 (4429875.050.000) 09/06 18:46:23 Image size of job updated: 262132
	246  -  MemoryUsage of job (MB)
	251820  -  ResidentSetSize of job (KB)
...
006 (4429875.050.000) 09/06 18:51:24 Image size of job updated: 262140
	246  -  MemoryUsage of job (MB)
	251820  -  ResidentSetSize of job (KB)
...
006 (4429875.050.000) 09/06 19:21:27 Image size of job updated: 263304
	246  -  MemoryUsage of job (MB)
	251820  -  ResidentSetSize of job (KB)
...
006 (4429875.050.000) 09/06 19:26:28 Image size of job updated: 263308
	246  -  MemoryUsage of job (MB)
	251820  -  ResidentSetSize of job (KB)
...
006 (4429875.050.000) 09/06 19:41:28 Image size of job updated: 263960
	246  -  MemoryUsage of job (MB)
	251820  -  ResidentSetSize of job (KB)
...
006 (4429875.050.000) 09/06 19:46:28 Image size of job updated: 264012
	246  -  MemoryUsage of job (MB)
	251820  -  ResidentSetSize of job (KB)
...
006 (4429875.050.000) 09/06 20:01:32 Image size of job updated: 264676
	246  -  MemoryUsage of job (MB)
	251820  -  ResidentSetSize of job (KB)
...
006 (4429875.050.000) 09/06 20:06:32 Image size of job updated: 264848
	246  -  MemoryUsage of job (MB)
	251820  -  ResidentSetSize of job (KB)
...
006 (4429875.050.000) 09/06 20:11:32 Image size of job updated: 265208
	246  -  MemoryUsage of job (MB)
	251820  -  ResidentSetSize of job (KB)
...
006 (4429875.050.000) 09/06 20:41:35 Image size of job updated: 266724
	246  -  MemoryUsage of job (MB)
	251820  -  ResidentSetSize of job (KB)
...
006 (4429875.050.000) 09/06 21:51:42 Image size of job updated: 268624
	246  -  MemoryUsage of job (MB)
	251820  -  ResidentSetSize of job (KB)
...
006 (4429875.050.000) 09/06 22:31:47 Image size of job updated: 269400
	246  -  MemoryUsage of job (MB)
	251820  -  ResidentSetSize of job (KB)
...
006 (4429875.050.000) 09/06 22:36:48 Image size of job updated: 269452
	246  -  MemoryUsage of job (MB)
	251820  -  ResidentSetSize of job (KB)
...
006 (4429875.050.000) 09/06 22:41:48 Image size of job updated: 269456
	246  -  MemoryUsage of job (MB)
	251820  -  ResidentSetSize of job (KB)
...
006 (4429875.050.000) 09/06 22:46:48 Image size of job updated: 269908
	246  -  MemoryUsage of job (MB)
	251820  -  ResidentSetSize of job (KB)
...
006 (4429875.050.000) 09/06 22:51:49 Image size of job updated: 269912
	246  -  MemoryUsage of job (MB)
	251820  -  ResidentSetSize of job (KB)
...
006 (4429875.050.000) 09/06 23:01:49 Image size of job updated: 270884
	246  -  MemoryUsage of job (MB)
	251820  -  ResidentSetSize of job (KB)
...
006 (4429875.050.000) 09/06 23:26:53 Image size of job updated: 271012
	246  -  MemoryUsage of job (MB)
	251820  -  ResidentSetSize of job (KB)
...
006 (4429875.050.000) 09/06 23:31:53 Image size of job updated: 271064
	246  -  MemoryUsage of job (MB)
	251820  -  ResidentSetSize of job (KB)
...
006 (4429875.050.000) 09/06 23:41:54 Image size of job updated: 271108
	246  -  MemoryUsage of job (MB)
	251820  -  ResidentSetSize of job (KB)
...
006 (4429875.050.000) 09/06 23:46:54 Image size of job updated: 271112
	246  -  MemoryUsage of job (MB)
	251820  -  ResidentSetSize of job (KB)
...
006 (4429875.050.000) 09/07 01:07:00 Image size of job updated: 272132
	246  -  MemoryUsage of job (MB)
	251820  -  ResidentSetSize of job (KB)
...
006 (4429875.050.000) 09/07 01:12:00 Image size of job updated: 272184
	246  -  MemoryUsage of job (MB)
	251820  -  ResidentSetSize of job (KB)
...
006 (4429875.050.000) 09/07 01:17:01 Image size of job updated: 272188
	246  -  MemoryUsage of job (MB)
	251820  -  ResidentSetSize of job (KB)
...
006 (4429875.050.000) 09/07 01:52:06 Image size of job updated: 274472
	246  -  MemoryUsage of job (MB)
	251820  -  ResidentSetSize of job (KB)
...
006 (4429875.050.000) 09/07 01:57:06 Image size of job updated: 274528
	246  -  MemoryUsage of job (MB)
	251820  -  ResidentSetSize of job (KB)
...
006 (4429875.050.000) 09/07 02:02:06 Image size of job updated: 274532
	246  -  MemoryUsage of job (MB)
	251820  -  ResidentSetSize of job (KB)
...
006 (4429875.050.000) 09/07 03:07:14 Image size of job updated: 274772
	246  -  MemoryUsage of job (MB)
	251820  -  ResidentSetSize of job (KB)
...
006 (4429875.050.000) 09/07 03:12:14 Image size of job updated: 274828
	246  -  MemoryUsage of job (MB)
	251820  -  ResidentSetSize of job (KB)
...
006 (4429875.050.000) 09/07 04:37:23 Image size of job updated: 276372
	246  -  MemoryUsage of job (MB)
	251820  -  ResidentSetSize of job (KB)
...
006 (4429875.050.000) 09/07 04:42:23 Image size of job updated: 277188
	246  -  MemoryUsage of job (MB)
	251820  -  ResidentSetSize of job (KB)
...
006 (4429875.050.000) 09/07 06:17:33 Image size of job updated: 277696
	246  -  MemoryUsage of job (MB)
	251820  -  ResidentSetSize of job (KB)
...
006 (4429875.050.000) 09/07 06:22:33 Image size of job updated: 277748
	246  -  MemoryUsage of job (MB)
	251820  -  ResidentSetSize of job (KB)
...
006 (4429875.050.000) 09/07 06:27:34 Image size of job updated: 277752
	246  -  MemoryUsage of job (MB)
	251820  -  ResidentSetSize of job (KB)
...
006 (4429875.050.000) 09/07 08:37:49 Image size of job updated: 277784
	246  -  MemoryUsage of job (MB)
	251820  -  ResidentSetSize of job (KB)
...
006 (4429875.050.000) 09/07 09:52:57 Image size of job updated: 278652
	246  -  MemoryUsage of job (MB)
	251820  -  ResidentSetSize of job (KB)
...
006 (4429875.050.000) 09/07 09:57:57 Image size of job updated: 278744
	246  -  MemoryUsage of job (MB)
	251820  -  ResidentSetSize of job (KB)
...
006 (4429875.050.000) 09/07 10:02:58 Image size of job updated: 278796
	246  -  MemoryUsage of job (MB)
	251820  -  ResidentSetSize of job (KB)
...
006 (4429875.050.000) 09/07 11:48:09 Image size of job updated: 278924
	246  -  MemoryUsage of job (MB)
	251820  -  ResidentSetSize of job (KB)
...
006 (4429875.050.000) 09/07 11:53:10 Image size of job updated: 278928
	246  -  MemoryUsage of job (MB)
	251820  -  ResidentSetSize of job (KB)
...
006 (4429875.050.000) 09/07 13:38:20 Image size of job updated: 279608
	246  -  MemoryUsage of job (MB)
	251820  -  ResidentSetSize of job (KB)
...
006 (4429875.050.000) 09/07 13:53:21 Image size of job updated: 280048
	246  -  MemoryUsage of job (MB)
	251820  -  ResidentSetSize of job (KB)
...
006 (4429875.050.000) 09/07 13:58:21 Image size of job updated: 280096
	246  -  MemoryUsage of job (MB)
	251820  -  ResidentSetSize of job (KB)
...
006 (4429875.050.000) 09/07 14:03:22 Image size of job updated: 280108
	246  -  MemoryUsage of job (MB)
	251820  -  ResidentSetSize of job (KB)
...
006 (4429875.050.000) 09/07 14:08:22 Image size of job updated: 280944
	246  -  MemoryUsage of job (MB)
	251820  -  ResidentSetSize of job (KB)
...
006 (4429875.050.000) 09/07 14:53:26 Image size of job updated: 285044
	248  -  MemoryUsage of job (MB)
	253836  -  ResidentSetSize of job (KB)
...
006 (4429875.050.000) 09/07 14:58:27 Image size of job updated: 285184
	248  -  MemoryUsage of job (MB)
	253888  -  ResidentSetSize of job (KB)
...
006 (4429875.050.000) 09/07 15:03:27 Image size of job updated: 285188
	248  -  MemoryUsage of job (MB)
	253888  -  ResidentSetSize of job (KB)
...
006 (4429875.050.000) 09/07 15:08:28 Image size of job updated: 285972
	249  -  MemoryUsage of job (MB)
	254672  -  ResidentSetSize of job (KB)
...
005 (4429875.050.000) 09/07 16:18:00 Job terminated.
	(1) Normal termination (return value 0)
		Usr 0 23:22:44, Sys 0 00:05:20  -  Run Remote Usage
		Usr 0 00:00:00, Sys 0 00:00:00  -  Run Local Usage
		Usr 0 23:22:44, Sys 0 00:05:20  -  Total Remote Usage
		Usr 0 00:00:00, Sys 0 00:00:00  -  Total Local Usage
	3535130  -  Run Bytes Sent By Job
	17283  -  Run Bytes Received By Job
	3535130  -  Total Bytes Sent By Job
	17283  -  Total Bytes Received By Job
	Partitionable Resources :    Usage  Request Allocated
	   Cpus                 :                 1         1
	   Disk (KB)            : 21396393 31457280  33638579
	   Ioheavy              :                           1
	   Memory (MB)          :      249      400       400
...
