000 (4429875.063.000) 09/06 15:27:21 Job submitted from host: <128.105.244.190:9618?addrs=128.105.244.190-9618&noUDP&sock=2714685_05e2_3>
...
001 (4429875.063.000) 09/06 15:49:40 Job executing on host: <128.105.245.191:9618?addrs=128.105.245.191-9618+[--1]-9618&noUDP&sock=5513_9dd0_3>
...
006 (4429875.063.000) 09/06 15:49:49 Image size of job updated: 476
	1  -  MemoryUsage of job (MB)
	476  -  ResidentSetSize of job (KB)
...
006 (4429875.063.000) 09/06 15:54:51 Image size of job updated: 548
	1  -  MemoryUsage of job (MB)
	548  -  ResidentSetSize of job (KB)
...
006 (4429875.063.000) 09/06 16:04:50 Image size of job updated: 151664
	144  -  MemoryUsage of job (MB)
	147264  -  ResidentSetSize of job (KB)
...
006 (4429875.063.000) 09/06 16:09:50 Image size of job updated: 209084
	200  -  MemoryUsage of job (MB)
	204676  -  ResidentSetSize of job (KB)
...
006 (4429875.063.000) 09/06 16:14:51 Image size of job updated: 211496
	203  -  MemoryUsage of job (MB)
	207088  -  ResidentSetSize of job (KB)
...
006 (4429875.063.000) 09/06 16:19:52 Image size of job updated: 218736
	210  -  MemoryUsage of job (MB)
	214436  -  ResidentSetSize of job (KB)
...
006 (4429875.063.000) 09/06 16:24:53 Image size of job updated: 218976
	210  -  MemoryUsage of job (MB)
	214564  -  ResidentSetSize of job (KB)
...
006 (4429875.063.000) 09/06 16:44:53 Image size of job updated: 241980
	210  -  MemoryUsage of job (MB)
	214564  -  ResidentSetSize of job (KB)
...
006 (4429875.063.000) 09/06 16:49:53 Image size of job updated: 242032
	210  -  MemoryUsage of job (MB)
	214564  -  ResidentSetSize of job (KB)
...
006 (4429875.063.000) 09/06 16:54:54 Image size of job updated: 242036
	210  -  MemoryUsage of job (MB)
	214564  -  ResidentSetSize of job (KB)
...
006 (4429875.063.000) 09/06 17:19:57 Image size of job updated: 251804
	220  -  MemoryUsage of job (MB)
	225076  -  ResidentSetSize of job (KB)
...
006 (4429875.063.000) 09/06 17:24:57 Image size of job updated: 251860
	220  -  MemoryUsage of job (MB)
	225088  -  ResidentSetSize of job (KB)
...
006 (4429875.063.000) 09/06 17:29:58 Image size of job updated: 254980
	223  -  MemoryUsage of job (MB)
	228248  -  ResidentSetSize of job (KB)
...
006 (4429875.063.000) 09/06 17:34:58 Image size of job updated: 255032
	223  -  MemoryUsage of job (MB)
	228260  -  ResidentSetSize of job (KB)
...
006 (4429875.063.000) 09/06 17:55:01 Image size of job updated: 258120
	226  -  MemoryUsage of job (MB)
	231348  -  ResidentSetSize of job (KB)
...
006 (4429875.063.000) 09/06 18:25:03 Image size of job updated: 258144
	226  -  MemoryUsage of job (MB)
	231348  -  ResidentSetSize of job (KB)
...
006 (4429875.063.000) 09/06 18:30:03 Image size of job updated: 258148
	226  -  MemoryUsage of job (MB)
	231348  -  ResidentSetSize of job (KB)
...
006 (4429875.063.000) 09/06 19:25:08 Image size of job updated: 261064
	228  -  MemoryUsage of job (MB)
	233084  -  ResidentSetSize of job (KB)
...
006 (4429875.063.000) 09/06 20:10:12 Image size of job updated: 263520
	230  -  MemoryUsage of job (MB)
	234896  -  ResidentSetSize of job (KB)
...
006 (4429875.063.000) 09/06 20:15:14 Image size of job updated: 263576
	230  -  MemoryUsage of job (MB)
	234908  -  ResidentSetSize of job (KB)
...
006 (4429875.063.000) 09/06 20:25:15 Image size of job updated: 263876
	230  -  MemoryUsage of job (MB)
	235212  -  ResidentSetSize of job (KB)
...
006 (4429875.063.000) 09/06 20:30:16 Image size of job updated: 263880
	230  -  MemoryUsage of job (MB)
	235212  -  ResidentSetSize of job (KB)
...
006 (4429875.063.000) 09/06 20:40:17 Image size of job updated: 265260
	232  -  MemoryUsage of job (MB)
	236592  -  ResidentSetSize of job (KB)
...
006 (4429875.063.000) 09/06 21:05:19 Image size of job updated: 266596
	233  -  MemoryUsage of job (MB)
	237972  -  ResidentSetSize of job (KB)
...
006 (4429875.063.000) 09/06 21:10:20 Image size of job updated: 266652
	233  -  MemoryUsage of job (MB)
	237984  -  ResidentSetSize of job (KB)
...
006 (4429875.063.000) 09/06 21:15:20 Image size of job updated: 266656
	233  -  MemoryUsage of job (MB)
	237984  -  ResidentSetSize of job (KB)
...
006 (4429875.063.000) 09/06 21:20:20 Image size of job updated: 267276
	234  -  MemoryUsage of job (MB)
	238700  -  ResidentSetSize of job (KB)
...
006 (4429875.063.000) 09/06 21:25:20 Image size of job updated: 267420
	234  -  MemoryUsage of job (MB)
	238752  -  ResidentSetSize of job (KB)
...
006 (4429875.063.000) 09/06 21:30:21 Image size of job updated: 267424
	234  -  MemoryUsage of job (MB)
	238752  -  ResidentSetSize of job (KB)
...
006 (4429875.063.000) 09/06 21:40:23 Image size of job updated: 268144
	234  -  MemoryUsage of job (MB)
	239480  -  ResidentSetSize of job (KB)
...
006 (4429875.063.000) 09/06 21:45:24 Image size of job updated: 268148
	234  -  MemoryUsage of job (MB)
	239480  -  ResidentSetSize of job (KB)
...
006 (4429875.063.000) 09/06 22:30:28 Image size of job updated: 268152
	234  -  MemoryUsage of job (MB)
	239484  -  ResidentSetSize of job (KB)
...
006 (4429875.063.000) 09/06 22:45:29 Image size of job updated: 270792
	237  -  MemoryUsage of job (MB)
	242128  -  ResidentSetSize of job (KB)
...
006 (4429875.063.000) 09/07 00:35:41 Image size of job updated: 270884
	237  -  MemoryUsage of job (MB)
	242128  -  ResidentSetSize of job (KB)
...
006 (4429875.063.000) 09/07 00:40:41 Image size of job updated: 270888
	237  -  MemoryUsage of job (MB)
	242128  -  ResidentSetSize of job (KB)
...
006 (4429875.063.000) 09/07 00:55:42 Image size of job updated: 271364
	237  -  MemoryUsage of job (MB)
	242608  -  ResidentSetSize of job (KB)
...
006 (4429875.063.000) 09/07 01:00:43 Image size of job updated: 271416
	237  -  MemoryUsage of job (MB)
	242620  -  ResidentSetSize of job (KB)
...
006 (4429875.063.000) 09/07 01:15:44 Image size of job updated: 272076
	238  -  MemoryUsage of job (MB)
	243280  -  ResidentSetSize of job (KB)
...
006 (4429875.063.000) 09/07 02:35:51 Image size of job updated: 275112
	241  -  MemoryUsage of job (MB)
	246356  -  ResidentSetSize of job (KB)
...
006 (4429875.063.000) 09/07 02:40:52 Image size of job updated: 275164
	241  -  MemoryUsage of job (MB)
	246368  -  ResidentSetSize of job (KB)
...
006 (4429875.063.000) 09/07 06:01:15 Image size of job updated: 275164
	241  -  MemoryUsage of job (MB)
	246444  -  ResidentSetSize of job (KB)
...
006 (4429875.063.000) 09/07 06:06:15 Image size of job updated: 275240
	241  -  MemoryUsage of job (MB)
	246484  -  ResidentSetSize of job (KB)
...
006 (4429875.063.000) 09/07 06:11:16 Image size of job updated: 275292
	241  -  MemoryUsage of job (MB)
	246496  -  ResidentSetSize of job (KB)
...
006 (4429875.063.000) 09/07 07:56:25 Image size of job updated: 277492
	243  -  MemoryUsage of job (MB)
	248736  -  ResidentSetSize of job (KB)
...
006 (4429875.063.000) 09/07 08:01:25 Image size of job updated: 277540
	243  -  MemoryUsage of job (MB)
	248748  -  ResidentSetSize of job (KB)
...
006 (4429875.063.000) 09/07 08:06:26 Image size of job updated: 277544
	243  -  MemoryUsage of job (MB)
	248748  -  ResidentSetSize of job (KB)
...
006 (4429875.063.000) 09/07 11:16:47 Image size of job updated: 277544
	243  -  MemoryUsage of job (MB)
	248752  -  ResidentSetSize of job (KB)
...
006 (4429875.063.000) 09/07 11:21:48 Image size of job updated: 277560
	243  -  MemoryUsage of job (MB)
	248764  -  ResidentSetSize of job (KB)
...
006 (4429875.063.000) 09/07 11:56:50 Image size of job updated: 277608
	243  -  MemoryUsage of job (MB)
	248816  -  ResidentSetSize of job (KB)
...
006 (4429875.063.000) 09/07 12:01:51 Image size of job updated: 277612
	243  -  MemoryUsage of job (MB)
	248816  -  ResidentSetSize of job (KB)
...
006 (4429875.063.000) 09/07 12:41:53 Image size of job updated: 277624
	243  -  MemoryUsage of job (MB)
	248828  -  ResidentSetSize of job (KB)
...
006 (4429875.063.000) 09/07 12:51:53 Image size of job updated: 278308
	244  -  MemoryUsage of job (MB)
	249512  -  ResidentSetSize of job (KB)
...
006 (4429875.063.000) 09/07 13:06:54 Image size of job updated: 279640
	246  -  MemoryUsage of job (MB)
	250884  -  ResidentSetSize of job (KB)
...
006 (4429875.063.000) 09/07 13:11:54 Image size of job updated: 279692
	246  -  MemoryUsage of job (MB)
	250896  -  ResidentSetSize of job (KB)
...
006 (4429875.063.000) 09/07 13:16:55 Image size of job updated: 281920
	248  -  MemoryUsage of job (MB)
	253164  -  ResidentSetSize of job (KB)
...
006 (4429875.063.000) 09/07 13:21:56 Image size of job updated: 281972
	248  -  MemoryUsage of job (MB)
	253176  -  ResidentSetSize of job (KB)
...
005 (4429875.063.000) 09/07 14:31:51 Job terminated.
	(1) Normal termination (return value 0)
		Usr 0 21:16:34, Sys 0 00:05:04  -  Run Remote Usage
		Usr 0 00:00:00, Sys 0 00:00:00  -  Run Local Usage
		Usr 0 21:16:34, Sys 0 00:05:04  -  Total Remote Usage
		Usr 0 00:00:00, Sys 0 00:00:00  -  Total Local Usage
	3532786  -  Run Bytes Sent By Job
	17283  -  Run Bytes Received By Job
	3532786  -  Total Bytes Sent By Job
	17283  -  Total Bytes Received By Job
	Partitionable Resources :    Usage  Request Allocated
	   Cpus                 :                 1         1
	   Disk (KB)            : 21526944 31457280  33088154
	   Ioheavy              :                           1
	   Memory (MB)          :      248      400       400
...
