000 (4429875.022.000) 09/06 15:27:21 Job submitted from host: <128.105.244.190:9618?addrs=128.105.244.190-9618&noUDP&sock=2714685_05e2_3>
...
001 (4429875.022.000) 09/06 15:30:11 Job executing on host: <128.105.245.148:9618?addrs=128.105.245.148-9618+[--1]-9618&noUDP&sock=5518_ca2b_3>
...
006 (4429875.022.000) 09/06 15:30:20 Image size of job updated: 476
	1  -  MemoryUsage of job (MB)
	476  -  ResidentSetSize of job (KB)
...
006 (4429875.022.000) 09/06 15:35:21 Image size of job updated: 548
	1  -  MemoryUsage of job (MB)
	548  -  ResidentSetSize of job (KB)
...
006 (4429875.022.000) 09/06 15:40:22 Image size of job updated: 153536
	146  -  MemoryUsage of job (MB)
	149184  -  ResidentSetSize of job (KB)
...
006 (4429875.022.000) 09/06 15:45:23 Image size of job updated: 187236
	179  -  MemoryUsage of job (MB)
	182880  -  ResidentSetSize of job (KB)
...
006 (4429875.022.000) 09/06 15:50:24 Image size of job updated: 208688
	200  -  MemoryUsage of job (MB)
	204328  -  ResidentSetSize of job (KB)
...
006 (4429875.022.000) 09/06 15:55:26 Image size of job updated: 214000
	205  -  MemoryUsage of job (MB)
	209680  -  ResidentSetSize of job (KB)
...
006 (4429875.022.000) 09/06 16:05:26 Image size of job updated: 217944
	209  -  MemoryUsage of job (MB)
	213580  -  ResidentSetSize of job (KB)
...
006 (4429875.022.000) 09/06 16:15:28 Image size of job updated: 226212
	209  -  MemoryUsage of job (MB)
	213580  -  ResidentSetSize of job (KB)
...
006 (4429875.022.000) 09/06 16:20:29 Image size of job updated: 226356
	209  -  MemoryUsage of job (MB)
	213580  -  ResidentSetSize of job (KB)
...
006 (4429875.022.000) 09/06 16:30:29 Image size of job updated: 249028
	209  -  MemoryUsage of job (MB)
	213580  -  ResidentSetSize of job (KB)
...
006 (4429875.022.000) 09/06 16:40:30 Image size of job updated: 249028
	211  -  MemoryUsage of job (MB)
	215892  -  ResidentSetSize of job (KB)
...
006 (4429875.022.000) 09/06 16:50:32 Image size of job updated: 253492
	224  -  MemoryUsage of job (MB)
	229344  -  ResidentSetSize of job (KB)
...
006 (4429875.022.000) 09/06 16:55:32 Image size of job updated: 256580
	228  -  MemoryUsage of job (MB)
	232524  -  ResidentSetSize of job (KB)
...
006 (4429875.022.000) 09/06 17:00:33 Image size of job updated: 256724
	228  -  MemoryUsage of job (MB)
	232576  -  ResidentSetSize of job (KB)
...
006 (4429875.022.000) 09/06 17:25:37 Image size of job updated: 259040
	228  -  MemoryUsage of job (MB)
	232576  -  ResidentSetSize of job (KB)
...
006 (4429875.022.000) 09/06 17:30:37 Image size of job updated: 259752
	228  -  MemoryUsage of job (MB)
	232576  -  ResidentSetSize of job (KB)
...
006 (4429875.022.000) 09/06 17:35:37 Image size of job updated: 259808
	228  -  MemoryUsage of job (MB)
	232576  -  ResidentSetSize of job (KB)
...
006 (4429875.022.000) 09/06 18:00:40 Image size of job updated: 260952
	229  -  MemoryUsage of job (MB)
	233816  -  ResidentSetSize of job (KB)
...
006 (4429875.022.000) 09/06 19:10:44 Image size of job updated: 261896
	229  -  MemoryUsage of job (MB)
	234444  -  ResidentSetSize of job (KB)
...
006 (4429875.022.000) 09/06 20:15:53 Image size of job updated: 264956
	232  -  MemoryUsage of job (MB)
	237508  -  ResidentSetSize of job (KB)
...
006 (4429875.022.000) 09/07 00:26:19 Image size of job updated: 271852
	239  -  MemoryUsage of job (MB)
	244216  -  ResidentSetSize of job (KB)
...
006 (4429875.022.000) 09/07 00:41:22 Image size of job updated: 272976
	240  -  MemoryUsage of job (MB)
	245344  -  ResidentSetSize of job (KB)
...
006 (4429875.022.000) 09/07 00:46:27 Image size of job updated: 272980
	240  -  MemoryUsage of job (MB)
	245344  -  ResidentSetSize of job (KB)
...
006 (4429875.022.000) 09/07 02:26:31 Image size of job updated: 273628
	241  -  MemoryUsage of job (MB)
	246032  -  ResidentSetSize of job (KB)
...
006 (4429875.022.000) 09/07 02:31:32 Image size of job updated: 273680
	241  -  MemoryUsage of job (MB)
	246044  -  ResidentSetSize of job (KB)
...
006 (4429875.022.000) 09/07 04:11:42 Image size of job updated: 273788
	241  -  MemoryUsage of job (MB)
	246156  -  ResidentSetSize of job (KB)
...
006 (4429875.022.000) 09/07 04:16:43 Image size of job updated: 273792
	241  -  MemoryUsage of job (MB)
	246156  -  ResidentSetSize of job (KB)
...
006 (4429875.022.000) 09/07 04:31:44 Image size of job updated: 274136
	241  -  MemoryUsage of job (MB)
	246540  -  ResidentSetSize of job (KB)
...
006 (4429875.022.000) 09/07 04:36:45 Image size of job updated: 274188
	241  -  MemoryUsage of job (MB)
	246552  -  ResidentSetSize of job (KB)
...
006 (4429875.022.000) 09/07 04:41:46 Image size of job updated: 274192
	241  -  MemoryUsage of job (MB)
	246552  -  ResidentSetSize of job (KB)
...
006 (4429875.022.000) 09/07 04:51:47 Image size of job updated: 274488
	242  -  MemoryUsage of job (MB)
	246892  -  ResidentSetSize of job (KB)
...
006 (4429875.022.000) 09/07 04:56:47 Image size of job updated: 274540
	242  -  MemoryUsage of job (MB)
	246904  -  ResidentSetSize of job (KB)
...
006 (4429875.022.000) 09/07 05:11:49 Image size of job updated: 274904
	242  -  MemoryUsage of job (MB)
	247360  -  ResidentSetSize of job (KB)
...
006 (4429875.022.000) 09/07 05:16:49 Image size of job updated: 275044
	242  -  MemoryUsage of job (MB)
	247412  -  ResidentSetSize of job (KB)
...
006 (4429875.022.000) 09/07 05:21:50 Image size of job updated: 275048
	242  -  MemoryUsage of job (MB)
	247412  -  ResidentSetSize of job (KB)
...
006 (4429875.022.000) 09/07 05:36:51 Image size of job updated: 277216
	244  -  MemoryUsage of job (MB)
	249584  -  ResidentSetSize of job (KB)
...
006 (4429875.022.000) 09/07 05:41:51 Image size of job updated: 277220
	244  -  MemoryUsage of job (MB)
	249584  -  ResidentSetSize of job (KB)
...
006 (4429875.022.000) 09/07 09:12:15 Image size of job updated: 277824
	245  -  MemoryUsage of job (MB)
	250192  -  ResidentSetSize of job (KB)
...
006 (4429875.022.000) 09/07 09:17:16 Image size of job updated: 277832
	245  -  MemoryUsage of job (MB)
	250192  -  ResidentSetSize of job (KB)
...
006 (4429875.022.000) 09/07 09:37:18 Image size of job updated: 278612
	246  -  MemoryUsage of job (MB)
	250980  -  ResidentSetSize of job (KB)
...
006 (4429875.022.000) 09/07 09:42:19 Image size of job updated: 278620
	246  -  MemoryUsage of job (MB)
	250984  -  ResidentSetSize of job (KB)
...
006 (4429875.022.000) 09/07 09:47:19 Image size of job updated: 278624
	246  -  MemoryUsage of job (MB)
	250984  -  ResidentSetSize of job (KB)
...
006 (4429875.022.000) 09/07 10:27:23 Image size of job updated: 279560
	247  -  MemoryUsage of job (MB)
	251964  -  ResidentSetSize of job (KB)
...
006 (4429875.022.000) 09/07 10:32:24 Image size of job updated: 279608
	247  -  MemoryUsage of job (MB)
	251976  -  ResidentSetSize of job (KB)
...
006 (4429875.022.000) 09/07 10:37:24 Image size of job updated: 279612
	247  -  MemoryUsage of job (MB)
	251976  -  ResidentSetSize of job (KB)
...
006 (4429875.022.000) 09/07 11:42:31 Image size of job updated: 279672
	247  -  MemoryUsage of job (MB)
	252036  -  ResidentSetSize of job (KB)
...
006 (4429875.022.000) 09/07 12:02:34 Image size of job updated: 282396
	249  -  MemoryUsage of job (MB)
	254800  -  ResidentSetSize of job (KB)
...
006 (4429875.022.000) 09/07 12:07:35 Image size of job updated: 282448
	249  -  MemoryUsage of job (MB)
	254812  -  ResidentSetSize of job (KB)
...
006 (4429875.022.000) 09/07 12:12:35 Image size of job updated: 282452
	249  -  MemoryUsage of job (MB)
	254812  -  ResidentSetSize of job (KB)
...
006 (4429875.022.000) 09/07 14:37:53 Image size of job updated: 283408
	250  -  MemoryUsage of job (MB)
	255812  -  ResidentSetSize of job (KB)
...
006 (4429875.022.000) 09/07 14:42:53 Image size of job updated: 283460
	250  -  MemoryUsage of job (MB)
	255824  -  ResidentSetSize of job (KB)
...
005 (4429875.022.000) 09/07 16:20:15 Job terminated.
	(1) Normal termination (return value 0)
		Usr 0 22:42:44, Sys 0 00:06:22  -  Run Remote Usage
		Usr 0 00:00:00, Sys 0 00:00:00  -  Run Local Usage
		Usr 0 22:42:44, Sys 0 00:06:22  -  Total Remote Usage
		Usr 0 00:00:00, Sys 0 00:00:00  -  Total Local Usage
	3538955  -  Run Bytes Sent By Job
	17283  -  Run Bytes Received By Job
	3538955  -  Total Bytes Sent By Job
	17283  -  Total Bytes Received By Job
	Partitionable Resources :    Usage  Request Allocated
	   Cpus                 :                 1         1
	   Disk (KB)            : 18693754 31457280  32359248
	   Ioheavy              :                           1
	   Memory (MB)          :      250      400       400
...
