000 (4429875.054.000) 09/06 15:27:21 Job submitted from host: <128.105.244.190:9618?addrs=128.105.244.190-9618&noUDP&sock=2714685_05e2_3>
...
001 (4429875.054.000) 09/06 15:49:39 Job executing on host: <128.105.245.185:9618?addrs=128.105.245.185-9618+[--1]-9618&noUDP&sock=5543_4f39_3>
...
006 (4429875.054.000) 09/06 15:49:48 Image size of job updated: 472
	1  -  MemoryUsage of job (MB)
	472  -  ResidentSetSize of job (KB)
...
006 (4429875.054.000) 09/06 15:54:48 Image size of job updated: 548
	1  -  MemoryUsage of job (MB)
	548  -  ResidentSetSize of job (KB)
...
006 (4429875.054.000) 09/06 15:59:49 Image size of job updated: 17456
	17  -  MemoryUsage of job (MB)
	16524  -  ResidentSetSize of job (KB)
...
006 (4429875.054.000) 09/06 16:04:50 Image size of job updated: 104132
	99  -  MemoryUsage of job (MB)
	100392  -  ResidentSetSize of job (KB)
...
006 (4429875.054.000) 09/06 16:14:52 Image size of job updated: 211576
	203  -  MemoryUsage of job (MB)
	207204  -  ResidentSetSize of job (KB)
...
006 (4429875.054.000) 09/06 16:19:53 Image size of job updated: 216228
	207  -  MemoryUsage of job (MB)
	211856  -  ResidentSetSize of job (KB)
...
006 (4429875.054.000) 09/06 16:39:53 Image size of job updated: 227832
	219  -  MemoryUsage of job (MB)
	223460  -  ResidentSetSize of job (KB)
...
006 (4429875.054.000) 09/06 16:49:55 Image size of job updated: 249980
	240  -  MemoryUsage of job (MB)
	245608  -  ResidentSetSize of job (KB)
...
006 (4429875.054.000) 09/06 17:14:57 Image size of job updated: 253528
	240  -  MemoryUsage of job (MB)
	245608  -  ResidentSetSize of job (KB)
...
006 (4429875.054.000) 09/06 17:24:58 Image size of job updated: 255240
	240  -  MemoryUsage of job (MB)
	245608  -  ResidentSetSize of job (KB)
...
006 (4429875.054.000) 09/06 17:34:58 Image size of job updated: 256136
	240  -  MemoryUsage of job (MB)
	245608  -  ResidentSetSize of job (KB)
...
006 (4429875.054.000) 09/06 17:39:58 Image size of job updated: 256192
	240  -  MemoryUsage of job (MB)
	245608  -  ResidentSetSize of job (KB)
...
006 (4429875.054.000) 09/06 18:00:01 Image size of job updated: 258124
	240  -  MemoryUsage of job (MB)
	245608  -  ResidentSetSize of job (KB)
...
006 (4429875.054.000) 09/06 18:05:01 Image size of job updated: 258176
	240  -  MemoryUsage of job (MB)
	245608  -  ResidentSetSize of job (KB)
...
006 (4429875.054.000) 09/06 18:15:02 Image size of job updated: 262512
	240  -  MemoryUsage of job (MB)
	245608  -  ResidentSetSize of job (KB)
...
006 (4429875.054.000) 09/06 20:00:15 Image size of job updated: 262676
	240  -  MemoryUsage of job (MB)
	245608  -  ResidentSetSize of job (KB)
...
006 (4429875.054.000) 09/06 20:05:15 Image size of job updated: 262820
	240  -  MemoryUsage of job (MB)
	245608  -  ResidentSetSize of job (KB)
...
006 (4429875.054.000) 09/06 20:15:16 Image size of job updated: 264084
	240  -  MemoryUsage of job (MB)
	245608  -  ResidentSetSize of job (KB)
...
006 (4429875.054.000) 09/06 20:25:17 Image size of job updated: 264088
	240  -  MemoryUsage of job (MB)
	245608  -  ResidentSetSize of job (KB)
...
006 (4429875.054.000) 09/06 22:10:25 Image size of job updated: 264256
	240  -  MemoryUsage of job (MB)
	245608  -  ResidentSetSize of job (KB)
...
006 (4429875.054.000) 09/06 22:15:26 Image size of job updated: 264312
	240  -  MemoryUsage of job (MB)
	245608  -  ResidentSetSize of job (KB)
...
006 (4429875.054.000) 09/07 02:05:48 Image size of job updated: 273080
	240  -  MemoryUsage of job (MB)
	245608  -  ResidentSetSize of job (KB)
...
006 (4429875.054.000) 09/07 02:10:48 Image size of job updated: 273172
	240  -  MemoryUsage of job (MB)
	245608  -  ResidentSetSize of job (KB)
...
006 (4429875.054.000) 09/07 02:25:50 Image size of job updated: 273944
	240  -  MemoryUsage of job (MB)
	245608  -  ResidentSetSize of job (KB)
...
006 (4429875.054.000) 09/07 02:30:51 Image size of job updated: 273948
	240  -  MemoryUsage of job (MB)
	245608  -  ResidentSetSize of job (KB)
...
006 (4429875.054.000) 09/07 03:00:54 Image size of job updated: 274000
	240  -  MemoryUsage of job (MB)
	245608  -  ResidentSetSize of job (KB)
...
006 (4429875.054.000) 09/07 03:05:55 Image size of job updated: 274808
	241  -  MemoryUsage of job (MB)
	245868  -  ResidentSetSize of job (KB)
...
006 (4429875.054.000) 09/07 04:31:03 Image size of job updated: 275956
	242  -  MemoryUsage of job (MB)
	247020  -  ResidentSetSize of job (KB)
...
006 (4429875.054.000) 09/07 04:36:03 Image size of job updated: 276656
	242  -  MemoryUsage of job (MB)
	247716  -  ResidentSetSize of job (KB)
...
006 (4429875.054.000) 09/07 05:16:08 Image size of job updated: 276828
	243  -  MemoryUsage of job (MB)
	247888  -  ResidentSetSize of job (KB)
...
006 (4429875.054.000) 09/07 06:51:19 Image size of job updated: 278952
	245  -  MemoryUsage of job (MB)
	250100  -  ResidentSetSize of job (KB)
...
006 (4429875.054.000) 09/07 06:56:20 Image size of job updated: 279088
	245  -  MemoryUsage of job (MB)
	250152  -  ResidentSetSize of job (KB)
...
006 (4429875.054.000) 09/07 07:01:20 Image size of job updated: 279096
	245  -  MemoryUsage of job (MB)
	250152  -  ResidentSetSize of job (KB)
...
006 (4429875.054.000) 09/07 09:41:40 Image size of job updated: 279596
	245  -  MemoryUsage of job (MB)
	250656  -  ResidentSetSize of job (KB)
...
006 (4429875.054.000) 09/07 11:11:50 Image size of job updated: 279916
	246  -  MemoryUsage of job (MB)
	250980  -  ResidentSetSize of job (KB)
...
006 (4429875.054.000) 09/07 11:16:50 Image size of job updated: 280176
	246  -  MemoryUsage of job (MB)
	251236  -  ResidentSetSize of job (KB)
...
006 (4429875.054.000) 09/07 12:31:56 Image size of job updated: 280620
	246  -  MemoryUsage of job (MB)
	251680  -  ResidentSetSize of job (KB)
...
006 (4429875.054.000) 09/07 12:41:57 Image size of job updated: 282544
	248  -  MemoryUsage of job (MB)
	253608  -  ResidentSetSize of job (KB)
...
006 (4429875.054.000) 09/07 12:46:57 Image size of job updated: 282548
	248  -  MemoryUsage of job (MB)
	253608  -  ResidentSetSize of job (KB)
...
006 (4429875.054.000) 09/07 12:51:58 Image size of job updated: 283352
	249  -  MemoryUsage of job (MB)
	254412  -  ResidentSetSize of job (KB)
...
005 (4429875.054.000) 09/07 13:37:31 Job terminated.
	(1) Normal termination (return value 0)
		Usr 0 20:16:05, Sys 0 00:05:35  -  Run Remote Usage
		Usr 0 00:00:00, Sys 0 00:00:00  -  Run Local Usage
		Usr 0 20:16:05, Sys 0 00:05:35  -  Total Remote Usage
		Usr 0 00:00:00, Sys 0 00:00:00  -  Total Local Usage
	3534959  -  Run Bytes Sent By Job
	17283  -  Run Bytes Received By Job
	3534959  -  Total Bytes Sent By Job
	17283  -  Total Bytes Received By Job
	Partitionable Resources :    Usage  Request Allocated
	   Cpus                 :                 1         1
	   Disk (KB)            : 18691685 31457280  33192731
	   Ioheavy              :                           1
	   Memory (MB)          :      249      400       400
...
