000 (4430510.833.000) 09/08 09:59:23 Job submitted from host: <128.105.244.190:9618?addrs=128.105.244.190-9618&noUDP&sock=2714685_05e2_3>
...
001 (4430510.833.000) 09/08 14:31:31 Job executing on host: <128.105.245.49:9618?addrs=128.105.245.49-9618+[--1]-9618&noUDP&sock=3982_0131_3>
...
006 (4430510.833.000) 09/08 14:31:40 Image size of job updated: 556
	1  -  MemoryUsage of job (MB)
	472  -  ResidentSetSize of job (KB)
...
006 (4430510.833.000) 09/08 14:36:42 Image size of job updated: 716
	1  -  MemoryUsage of job (MB)
	544  -  ResidentSetSize of job (KB)
...
006 (4430510.833.000) 09/08 14:51:43 Image size of job updated: 29260
	28  -  MemoryUsage of job (MB)
	28304  -  ResidentSetSize of job (KB)
...
006 (4430510.833.000) 09/08 14:56:44 Image size of job updated: 174692
	167  -  MemoryUsage of job (MB)
	170292  -  ResidentSetSize of job (KB)
...
006 (4430510.833.000) 09/08 15:01:45 Image size of job updated: 186652
	178  -  MemoryUsage of job (MB)
	182252  -  ResidentSetSize of job (KB)
...
006 (4430510.833.000) 09/08 15:06:45 Image size of job updated: 207864
	199  -  MemoryUsage of job (MB)
	203500  -  ResidentSetSize of job (KB)
...
006 (4430510.833.000) 09/08 15:31:46 Image size of job updated: 228148
	220  -  MemoryUsage of job (MB)
	224492  -  ResidentSetSize of job (KB)
...
006 (4430510.833.000) 09/08 15:42:00 Image size of job updated: 234500
	226  -  MemoryUsage of job (MB)
	230840  -  ResidentSetSize of job (KB)
...
006 (4430510.833.000) 09/08 15:51:50 Image size of job updated: 237728
	229  -  MemoryUsage of job (MB)
	234072  -  ResidentSetSize of job (KB)
...
006 (4430510.833.000) 09/08 15:56:54 Image size of job updated: 237732
	229  -  MemoryUsage of job (MB)
	234072  -  ResidentSetSize of job (KB)
...
006 (4430510.833.000) 09/08 16:06:58 Image size of job updated: 242380
	234  -  MemoryUsage of job (MB)
	238724  -  ResidentSetSize of job (KB)
...
006 (4430510.833.000) 09/08 16:16:49 Image size of job updated: 254128
	245  -  MemoryUsage of job (MB)
	250500  -  ResidentSetSize of job (KB)
...
006 (4430510.833.000) 09/08 16:21:53 Image size of job updated: 254136
	245  -  MemoryUsage of job (MB)
	250500  -  ResidentSetSize of job (KB)
...
006 (4430510.833.000) 09/08 21:12:20 Image size of job updated: 266380
	257  -  MemoryUsage of job (MB)
	262768  -  ResidentSetSize of job (KB)
...
006 (4430510.833.000) 09/08 21:17:21 Image size of job updated: 266440
	257  -  MemoryUsage of job (MB)
	262788  -  ResidentSetSize of job (KB)
...
006 (4430510.833.000) 09/08 21:27:23 Image size of job updated: 269536
	260  -  MemoryUsage of job (MB)
	265884  -  ResidentSetSize of job (KB)
...
006 (4430510.833.000) 09/08 21:32:23 Image size of job updated: 269544
	260  -  MemoryUsage of job (MB)
	265884  -  ResidentSetSize of job (KB)
...
006 (4430510.833.000) 09/08 22:17:29 Image size of job updated: 272032
	263  -  MemoryUsage of job (MB)
	268420  -  ResidentSetSize of job (KB)
...
006 (4430510.833.000) 09/08 22:22:29 Image size of job updated: 272096
	263  -  MemoryUsage of job (MB)
	268440  -  ResidentSetSize of job (KB)
...
006 (4430510.833.000) 09/08 22:27:29 Image size of job updated: 272188
	263  -  MemoryUsage of job (MB)
	268704  -  ResidentSetSize of job (KB)
...
006 (4430510.833.000) 09/08 22:32:30 Image size of job updated: 272284
	263  -  MemoryUsage of job (MB)
	268704  -  ResidentSetSize of job (KB)
...
006 (4430510.833.000) 09/08 22:37:30 Image size of job updated: 272396
	263  -  MemoryUsage of job (MB)
	268740  -  ResidentSetSize of job (KB)
...
006 (4430510.833.000) 09/08 22:57:32 Image size of job updated: 272624
	263  -  MemoryUsage of job (MB)
	268976  -  ResidentSetSize of job (KB)
...
006 (4430510.833.000) 09/08 23:07:33 Image size of job updated: 272828
	263  -  MemoryUsage of job (MB)
	269264  -  ResidentSetSize of job (KB)
...
006 (4430510.833.000) 09/08 23:12:33 Image size of job updated: 272980
	264  -  MemoryUsage of job (MB)
	269324  -  ResidentSetSize of job (KB)
...
006 (4430510.833.000) 09/08 23:17:34 Image size of job updated: 272984
	264  -  MemoryUsage of job (MB)
	269324  -  ResidentSetSize of job (KB)
...
006 (4430510.833.000) 09/08 23:22:35 Image size of job updated: 273276
	264  -  MemoryUsage of job (MB)
	269624  -  ResidentSetSize of job (KB)
...
006 (4430510.833.000) 09/08 23:32:35 Image size of job updated: 273856
	264  -  MemoryUsage of job (MB)
	270292  -  ResidentSetSize of job (KB)
...
006 (4430510.833.000) 09/08 23:37:37 Image size of job updated: 274008
	265  -  MemoryUsage of job (MB)
	270352  -  ResidentSetSize of job (KB)
...
006 (4430510.833.000) 09/08 23:57:38 Image size of job updated: 274556
	265  -  MemoryUsage of job (MB)
	270944  -  ResidentSetSize of job (KB)
...
006 (4430510.833.000) 09/09 00:02:39 Image size of job updated: 274620
	265  -  MemoryUsage of job (MB)
	270964  -  ResidentSetSize of job (KB)
...
006 (4430510.833.000) 09/09 00:22:40 Image size of job updated: 275524
	266  -  MemoryUsage of job (MB)
	271912  -  ResidentSetSize of job (KB)
...
006 (4430510.833.000) 09/09 00:27:41 Image size of job updated: 275592
	266  -  MemoryUsage of job (MB)
	271932  -  ResidentSetSize of job (KB)
...
006 (4430510.833.000) 09/09 00:32:42 Image size of job updated: 275792
	266  -  MemoryUsage of job (MB)
	272132  -  ResidentSetSize of job (KB)
...
006 (4430510.833.000) 09/09 00:42:43 Image size of job updated: 276180
	267  -  MemoryUsage of job (MB)
	272544  -  ResidentSetSize of job (KB)
...
006 (4430510.833.000) 09/09 00:52:44 Image size of job updated: 276572
	267  -  MemoryUsage of job (MB)
	272916  -  ResidentSetSize of job (KB)
...
006 (4430510.833.000) 09/09 02:07:50 Image size of job updated: 278380
	269  -  MemoryUsage of job (MB)
	274724  -  ResidentSetSize of job (KB)
...
006 (4430510.833.000) 09/09 02:17:51 Image size of job updated: 280036
	270  -  MemoryUsage of job (MB)
	276384  -  ResidentSetSize of job (KB)
...
006 (4430510.833.000) 09/09 02:22:51 Image size of job updated: 280040
	270  -  MemoryUsage of job (MB)
	276384  -  ResidentSetSize of job (KB)
...
006 (4430510.833.000) 09/09 02:52:54 Image size of job updated: 280688
	271  -  MemoryUsage of job (MB)
	277036  -  ResidentSetSize of job (KB)
...
006 (4430510.833.000) 09/09 02:57:55 Image size of job updated: 280816
	271  -  MemoryUsage of job (MB)
	277160  -  ResidentSetSize of job (KB)
...
006 (4430510.833.000) 09/09 03:17:57 Image size of job updated: 280912
	271  -  MemoryUsage of job (MB)
	277256  -  ResidentSetSize of job (KB)
...
006 (4430510.833.000) 09/09 05:08:10 Image size of job updated: 281008
	271  -  MemoryUsage of job (MB)
	277352  -  ResidentSetSize of job (KB)
...
006 (4430510.833.000) 09/09 06:33:20 Image size of job updated: 283500
	274  -  MemoryUsage of job (MB)
	279844  -  ResidentSetSize of job (KB)
...
005 (4430510.833.000) 09/09 06:41:24 Job terminated.
	(1) Normal termination (return value 0)
		Usr 0 15:09:59, Sys 0 00:06:10  -  Run Remote Usage
		Usr 0 00:00:00, Sys 0 00:00:00  -  Run Local Usage
		Usr 0 15:09:59, Sys 0 00:06:10  -  Total Remote Usage
		Usr 0 00:00:00, Sys 0 00:00:00  -  Total Local Usage
	3535559  -  Run Bytes Sent By Job
	17284  -  Run Bytes Received By Job
	3535559  -  Total Bytes Sent By Job
	17284  -  Total Bytes Received By Job
	Partitionable Resources :    Usage  Request Allocated
	   Cpus                 :                 1         1
	   Disk (KB)            : 18695411 26214400  32875284
	   Ioheavy              :                           1
	   Memory (MB)          :      274      300       300
...
