000 (4430510.879.000) 09/08 09:59:23 Job submitted from host: <128.105.244.190:9618?addrs=128.105.244.190-9618&noUDP&sock=2714685_05e2_3>
...
001 (4430510.879.000) 09/08 20:25:18 Job executing on host: <128.105.245.41:9618?addrs=128.105.245.41-9618+[--1]-9618&noUDP&sock=5013_c9a9_3>
...
006 (4430510.879.000) 09/08 20:25:27 Image size of job updated: 496
	1  -  MemoryUsage of job (MB)
	476  -  ResidentSetSize of job (KB)
...
006 (4430510.879.000) 09/08 20:30:44 Image size of job updated: 556
	1  -  MemoryUsage of job (MB)
	476  -  ResidentSetSize of job (KB)
...
006 (4430510.879.000) 09/08 20:35:36 Image size of job updated: 23604
	10  -  MemoryUsage of job (MB)
	9996  -  ResidentSetSize of job (KB)
...
006 (4430510.879.000) 09/08 20:40:53 Image size of job updated: 151828
	42  -  MemoryUsage of job (MB)
	42152  -  ResidentSetSize of job (KB)
...
006 (4430510.879.000) 09/08 20:45:31 Image size of job updated: 176732
	148  -  MemoryUsage of job (MB)
	151120  -  ResidentSetSize of job (KB)
...
006 (4430510.879.000) 09/08 20:50:32 Image size of job updated: 176872
	148  -  MemoryUsage of job (MB)
	151120  -  ResidentSetSize of job (KB)
...
006 (4430510.879.000) 09/08 20:55:35 Image size of job updated: 195636
	148  -  MemoryUsage of job (MB)
	151120  -  ResidentSetSize of job (KB)
...
006 (4430510.879.000) 09/08 21:00:36 Image size of job updated: 195688
	148  -  MemoryUsage of job (MB)
	151120  -  ResidentSetSize of job (KB)
...
006 (4430510.879.000) 09/08 21:20:35 Image size of job updated: 197012
	168  -  MemoryUsage of job (MB)
	171636  -  ResidentSetSize of job (KB)
...
006 (4430510.879.000) 09/08 21:30:35 Image size of job updated: 201032
	168  -  MemoryUsage of job (MB)
	171636  -  ResidentSetSize of job (KB)
...
006 (4430510.879.000) 09/08 21:40:38 Image size of job updated: 240476
	186  -  MemoryUsage of job (MB)
	189484  -  ResidentSetSize of job (KB)
...
006 (4430510.879.000) 09/08 21:45:37 Image size of job updated: 240476
	186  -  MemoryUsage of job (MB)
	189844  -  ResidentSetSize of job (KB)
...
006 (4430510.879.000) 09/08 21:50:39 Image size of job updated: 244044
	214  -  MemoryUsage of job (MB)
	218264  -  ResidentSetSize of job (KB)
...
006 (4430510.879.000) 09/08 21:55:38 Image size of job updated: 244188
	214  -  MemoryUsage of job (MB)
	218320  -  ResidentSetSize of job (KB)
...
006 (4430510.879.000) 09/08 22:10:42 Image size of job updated: 246896
	216  -  MemoryUsage of job (MB)
	221028  -  ResidentSetSize of job (KB)
...
006 (4430510.879.000) 09/08 23:35:49 Image size of job updated: 254936
	223  -  MemoryUsage of job (MB)
	228204  -  ResidentSetSize of job (KB)
...
006 (4430510.879.000) 09/08 23:40:50 Image size of job updated: 254996
	223  -  MemoryUsage of job (MB)
	228224  -  ResidentSetSize of job (KB)
...
006 (4430510.879.000) 09/08 23:50:51 Image size of job updated: 260120
	228  -  MemoryUsage of job (MB)
	233452  -  ResidentSetSize of job (KB)
...
006 (4430510.879.000) 09/08 23:55:52 Image size of job updated: 260268
	228  -  MemoryUsage of job (MB)
	233452  -  ResidentSetSize of job (KB)
...
006 (4430510.879.000) 09/09 02:31:09 Image size of job updated: 264616
	231  -  MemoryUsage of job (MB)
	236256  -  ResidentSetSize of job (KB)
...
006 (4430510.879.000) 09/09 02:36:09 Image size of job updated: 264856
	231  -  MemoryUsage of job (MB)
	236328  -  ResidentSetSize of job (KB)
...
006 (4430510.879.000) 09/09 04:26:22 Image size of job updated: 264864
	231  -  MemoryUsage of job (MB)
	236328  -  ResidentSetSize of job (KB)
...
006 (4430510.879.000) 09/09 04:31:21 Image size of job updated: 264868
	231  -  MemoryUsage of job (MB)
	236328  -  ResidentSetSize of job (KB)
...
006 (4430510.879.000) 09/09 06:44:55 Image size of job updated: 267768
	231  -  MemoryUsage of job (MB)
	236328  -  ResidentSetSize of job (KB)
...
006 (4430510.879.000) 09/09 06:51:16 Image size of job updated: 267776
	231  -  MemoryUsage of job (MB)
	236328  -  ResidentSetSize of job (KB)
...
006 (4430510.879.000) 09/09 07:51:25 Image size of job updated: 272080
	236  -  MemoryUsage of job (MB)
	241096  -  ResidentSetSize of job (KB)
...
006 (4430510.879.000) 09/09 07:56:25 Image size of job updated: 272140
	236  -  MemoryUsage of job (MB)
	241116  -  ResidentSetSize of job (KB)
...
006 (4430510.879.000) 09/09 09:06:31 Image size of job updated: 274608
	238  -  MemoryUsage of job (MB)
	242696  -  ResidentSetSize of job (KB)
...
006 (4430510.879.000) 09/09 12:02:00 Image size of job updated: 276412
	238  -  MemoryUsage of job (MB)
	242816  -  ResidentSetSize of job (KB)
...
006 (4430510.879.000) 09/09 12:06:51 Image size of job updated: 276476
	238  -  MemoryUsage of job (MB)
	242816  -  ResidentSetSize of job (KB)
...
006 (4430510.879.000) 09/09 14:42:10 Image size of job updated: 278036
	238  -  MemoryUsage of job (MB)
	242880  -  ResidentSetSize of job (KB)
...
006 (4430510.879.000) 09/09 14:47:10 Image size of job updated: 278096
	238  -  MemoryUsage of job (MB)
	242900  -  ResidentSetSize of job (KB)
...
006 (4430510.879.000) 09/09 14:52:10 Image size of job updated: 278100
	238  -  MemoryUsage of job (MB)
	242900  -  ResidentSetSize of job (KB)
...
006 (4430510.879.000) 09/09 15:12:16 Image size of job updated: 281220
	241  -  MemoryUsage of job (MB)
	245896  -  ResidentSetSize of job (KB)
...
006 (4430510.879.000) 09/09 15:17:15 Image size of job updated: 281288
	241  -  MemoryUsage of job (MB)
	245916  -  ResidentSetSize of job (KB)
...
006 (4430510.879.000) 09/09 16:32:25 Image size of job updated: 281316
	241  -  MemoryUsage of job (MB)
	245948  -  ResidentSetSize of job (KB)
...
006 (4430510.879.000) 09/09 16:42:27 Image size of job updated: 281616
	241  -  MemoryUsage of job (MB)
	246288  -  ResidentSetSize of job (KB)
...
006 (4430510.879.000) 09/09 16:47:28 Image size of job updated: 281676
	241  -  MemoryUsage of job (MB)
	246308  -  ResidentSetSize of job (KB)
...
006 (4430510.879.000) 09/09 16:57:30 Image size of job updated: 282184
	242  -  MemoryUsage of job (MB)
	246816  -  ResidentSetSize of job (KB)
...
006 (4430510.879.000) 09/09 17:42:35 Image size of job updated: 282860
	242  -  MemoryUsage of job (MB)
	247492  -  ResidentSetSize of job (KB)
...
006 (4430510.879.000) 09/09 17:57:37 Image size of job updated: 284776
	244  -  MemoryUsage of job (MB)
	249412  -  ResidentSetSize of job (KB)
...
006 (4430510.879.000) 09/09 18:02:37 Image size of job updated: 284784
	244  -  MemoryUsage of job (MB)
	249412  -  ResidentSetSize of job (KB)
...
005 (4430510.879.000) 09/09 18:06:22 Job terminated.
	(1) Normal termination (return value 0)
		Usr 0 19:19:42, Sys 0 00:05:33  -  Run Remote Usage
		Usr 0 00:00:00, Sys 0 00:00:00  -  Run Local Usage
		Usr 0 19:19:42, Sys 0 00:05:33  -  Total Remote Usage
		Usr 0 00:00:00, Sys 0 00:00:00  -  Total Local Usage
	3534697  -  Run Bytes Sent By Job
	17284  -  Run Bytes Received By Job
	3534697  -  Total Bytes Sent By Job
	17284  -  Total Bytes Received By Job
	Partitionable Resources :    Usage  Request Allocated
	   Cpus                 :                 1         1
	   Disk (KB)            : 18694159 26214400  32438405
	   Ioheavy              :                           1
	   Memory (MB)          :      244      300       300
...
