000 (4430510.040.000) 09/08 09:59:23 Job submitted from host: <128.105.244.190:9618?addrs=128.105.244.190-9618&noUDP&sock=2714685_05e2_3>
...
001 (4430510.040.000) 09/08 11:16:20 Job executing on host: <128.105.245.194:9618?addrs=128.105.245.194-9618+[--1]-9618&noUDP&sock=5505_08ef_3>
...
006 (4430510.040.000) 09/08 11:16:29 Image size of job updated: 472
	1  -  MemoryUsage of job (MB)
	472  -  ResidentSetSize of job (KB)
...
006 (4430510.040.000) 09/08 11:26:30 Image size of job updated: 552
	1  -  MemoryUsage of job (MB)
	552  -  ResidentSetSize of job (KB)
...
006 (4430510.040.000) 09/08 13:06:39 Image size of job updated: 29216
	28  -  MemoryUsage of job (MB)
	28244  -  ResidentSetSize of job (KB)
...
006 (4430510.040.000) 09/08 13:11:41 Image size of job updated: 164680
	157  -  MemoryUsage of job (MB)
	160288  -  ResidentSetSize of job (KB)
...
006 (4430510.040.000) 09/08 13:16:41 Image size of job updated: 206796
	198  -  MemoryUsage of job (MB)
	202440  -  ResidentSetSize of job (KB)
...
006 (4430510.040.000) 09/08 13:21:41 Image size of job updated: 206848
	198  -  MemoryUsage of job (MB)
	202452  -  ResidentSetSize of job (KB)
...
006 (4430510.040.000) 09/08 13:26:43 Image size of job updated: 210464
	202  -  MemoryUsage of job (MB)
	206156  -  ResidentSetSize of job (KB)
...
006 (4430510.040.000) 09/08 13:31:43 Image size of job updated: 210608
	202  -  MemoryUsage of job (MB)
	206208  -  ResidentSetSize of job (KB)
...
006 (4430510.040.000) 09/08 13:41:44 Image size of job updated: 216196
	207  -  MemoryUsage of job (MB)
	211792  -  ResidentSetSize of job (KB)
...
006 (4430510.040.000) 09/08 13:51:45 Image size of job updated: 219264
	210  -  MemoryUsage of job (MB)
	214900  -  ResidentSetSize of job (KB)
...
006 (4430510.040.000) 09/08 13:56:45 Image size of job updated: 219316
	210  -  MemoryUsage of job (MB)
	214912  -  ResidentSetSize of job (KB)
...
006 (4430510.040.000) 09/08 14:16:47 Image size of job updated: 242708
	233  -  MemoryUsage of job (MB)
	238308  -  ResidentSetSize of job (KB)
...
006 (4430510.040.000) 09/08 14:21:47 Image size of job updated: 242716
	233  -  MemoryUsage of job (MB)
	238308  -  ResidentSetSize of job (KB)
...
006 (4430510.040.000) 09/08 14:31:49 Image size of job updated: 248128
	239  -  MemoryUsage of job (MB)
	243764  -  ResidentSetSize of job (KB)
...
006 (4430510.040.000) 09/08 14:36:48 Image size of job updated: 248180
	239  -  MemoryUsage of job (MB)
	243776  -  ResidentSetSize of job (KB)
...
006 (4430510.040.000) 09/08 14:51:49 Image size of job updated: 252300
	243  -  MemoryUsage of job (MB)
	247896  -  ResidentSetSize of job (KB)
...
006 (4430510.040.000) 09/08 15:06:50 Image size of job updated: 253680
	244  -  MemoryUsage of job (MB)
	249276  -  ResidentSetSize of job (KB)
...
006 (4430510.040.000) 09/08 15:21:53 Image size of job updated: 257172
	247  -  MemoryUsage of job (MB)
	252772  -  ResidentSetSize of job (KB)
...
006 (4430510.040.000) 09/08 15:26:53 Image size of job updated: 257180
	247  -  MemoryUsage of job (MB)
	252772  -  ResidentSetSize of job (KB)
...
006 (4430510.040.000) 09/08 15:36:55 Image size of job updated: 261184
	251  -  MemoryUsage of job (MB)
	256788  -  ResidentSetSize of job (KB)
...
006 (4430510.040.000) 09/08 15:41:55 Image size of job updated: 261192
	251  -  MemoryUsage of job (MB)
	256788  -  ResidentSetSize of job (KB)
...
006 (4430510.040.000) 09/08 15:56:56 Image size of job updated: 262488
	253  -  MemoryUsage of job (MB)
	258088  -  ResidentSetSize of job (KB)
...
006 (4430510.040.000) 09/08 16:01:56 Image size of job updated: 262492
	253  -  MemoryUsage of job (MB)
	258088  -  ResidentSetSize of job (KB)
...
006 (4430510.040.000) 09/08 17:47:09 Image size of job updated: 263088
	253  -  MemoryUsage of job (MB)
	258676  -  ResidentSetSize of job (KB)
...
006 (4430510.040.000) 09/08 17:52:09 Image size of job updated: 263092
	253  -  MemoryUsage of job (MB)
	258676  -  ResidentSetSize of job (KB)
...
006 (4430510.040.000) 09/08 18:22:11 Image size of job updated: 263208
	253  -  MemoryUsage of job (MB)
	258796  -  ResidentSetSize of job (KB)
...
006 (4430510.040.000) 09/08 18:27:11 Image size of job updated: 263216
	253  -  MemoryUsage of job (MB)
	258796  -  ResidentSetSize of job (KB)
...
006 (4430510.040.000) 09/08 18:37:11 Image size of job updated: 263328
	253  -  MemoryUsage of job (MB)
	259004  -  ResidentSetSize of job (KB)
...
006 (4430510.040.000) 09/08 18:42:12 Image size of job updated: 263472
	253  -  MemoryUsage of job (MB)
	259004  -  ResidentSetSize of job (KB)
...
006 (4430510.040.000) 09/08 19:47:19 Image size of job updated: 264932
	255  -  MemoryUsage of job (MB)
	260244  -  ResidentSetSize of job (KB)
...
006 (4430510.040.000) 09/08 20:12:22 Image size of job updated: 265100
	255  -  MemoryUsage of job (MB)
	260420  -  ResidentSetSize of job (KB)
...
006 (4430510.040.000) 09/08 20:17:24 Image size of job updated: 265104
	255  -  MemoryUsage of job (MB)
	260420  -  ResidentSetSize of job (KB)
...
006 (4430510.040.000) 09/08 20:27:24 Image size of job updated: 265684
	255  -  MemoryUsage of job (MB)
	261004  -  ResidentSetSize of job (KB)
...
006 (4430510.040.000) 09/08 20:32:26 Image size of job updated: 265692
	255  -  MemoryUsage of job (MB)
	261004  -  ResidentSetSize of job (KB)
...
006 (4430510.040.000) 09/08 20:42:26 Image size of job updated: 265944
	256  -  MemoryUsage of job (MB)
	261300  -  ResidentSetSize of job (KB)
...
006 (4430510.040.000) 09/08 20:47:26 Image size of job updated: 265996
	256  -  MemoryUsage of job (MB)
	261312  -  ResidentSetSize of job (KB)
...
006 (4430510.040.000) 09/08 20:52:26 Image size of job updated: 266000
	256  -  MemoryUsage of job (MB)
	261312  -  ResidentSetSize of job (KB)
...
006 (4430510.040.000) 09/08 20:57:26 Image size of job updated: 267652
	257  -  MemoryUsage of job (MB)
	263060  -  ResidentSetSize of job (KB)
...
006 (4430510.040.000) 09/08 21:02:28 Image size of job updated: 267796
	257  -  MemoryUsage of job (MB)
	263112  -  ResidentSetSize of job (KB)
...
006 (4430510.040.000) 09/08 21:32:31 Image size of job updated: 268508
	258  -  MemoryUsage of job (MB)
	263828  -  ResidentSetSize of job (KB)
...
006 (4430510.040.000) 09/08 21:37:31 Image size of job updated: 268512
	258  -  MemoryUsage of job (MB)
	263828  -  ResidentSetSize of job (KB)
...
006 (4430510.040.000) 09/08 21:42:31 Image size of job updated: 268516
	258  -  MemoryUsage of job (MB)
	263828  -  ResidentSetSize of job (KB)
...
006 (4430510.040.000) 09/08 21:52:33 Image size of job updated: 268556
	258  -  MemoryUsage of job (MB)
	263828  -  ResidentSetSize of job (KB)
...
006 (4430510.040.000) 09/08 22:47:38 Image size of job updated: 269208
	258  -  MemoryUsage of job (MB)
	263828  -  ResidentSetSize of job (KB)
...
006 (4430510.040.000) 09/08 22:52:38 Image size of job updated: 269212
	258  -  MemoryUsage of job (MB)
	263828  -  ResidentSetSize of job (KB)
...
006 (4430510.040.000) 09/08 23:07:40 Image size of job updated: 272652
	259  -  MemoryUsage of job (MB)
	264584  -  ResidentSetSize of job (KB)
...
006 (4430510.040.000) 09/08 23:12:40 Image size of job updated: 272656
	259  -  MemoryUsage of job (MB)
	264584  -  ResidentSetSize of job (KB)
...
006 (4430510.040.000) 09/09 01:07:52 Image size of job updated: 273352
	260  -  MemoryUsage of job (MB)
	265320  -  ResidentSetSize of job (KB)
...
006 (4430510.040.000) 09/09 01:12:52 Image size of job updated: 273404
	260  -  MemoryUsage of job (MB)
	265332  -  ResidentSetSize of job (KB)
...
006 (4430510.040.000) 09/09 03:03:06 Image size of job updated: 273756
	260  -  MemoryUsage of job (MB)
	265776  -  ResidentSetSize of job (KB)
...
006 (4430510.040.000) 09/09 03:08:07 Image size of job updated: 273900
	260  -  MemoryUsage of job (MB)
	265828  -  ResidentSetSize of job (KB)
...
006 (4430510.040.000) 09/09 04:08:12 Image size of job updated: 274832
	260  -  MemoryUsage of job (MB)
	265828  -  ResidentSetSize of job (KB)
...
006 (4430510.040.000) 09/09 04:13:13 Image size of job updated: 274884
	260  -  MemoryUsage of job (MB)
	265828  -  ResidentSetSize of job (KB)
...
006 (4430510.040.000) 09/09 04:18:14 Image size of job updated: 274888
	260  -  MemoryUsage of job (MB)
	265828  -  ResidentSetSize of job (KB)
...
006 (4430510.040.000) 09/09 04:28:15 Image size of job updated: 276208
	260  -  MemoryUsage of job (MB)
	265828  -  ResidentSetSize of job (KB)
...
006 (4430510.040.000) 09/09 04:33:15 Image size of job updated: 276216
	260  -  MemoryUsage of job (MB)
	265828  -  ResidentSetSize of job (KB)
...
006 (4430510.040.000) 09/09 06:48:30 Image size of job updated: 276292
	260  -  MemoryUsage of job (MB)
	265828  -  ResidentSetSize of job (KB)
...
006 (4430510.040.000) 09/09 06:53:30 Image size of job updated: 276436
	260  -  MemoryUsage of job (MB)
	265828  -  ResidentSetSize of job (KB)
...
006 (4430510.040.000) 09/09 07:08:32 Image size of job updated: 276828
	260  -  MemoryUsage of job (MB)
	265828  -  ResidentSetSize of job (KB)
...
006 (4430510.040.000) 09/09 07:13:33 Image size of job updated: 276880
	260  -  MemoryUsage of job (MB)
	265828  -  ResidentSetSize of job (KB)
...
006 (4430510.040.000) 09/09 07:28:35 Image size of job updated: 277720
	260  -  MemoryUsage of job (MB)
	265828  -  ResidentSetSize of job (KB)
...
006 (4430510.040.000) 09/09 07:33:36 Image size of job updated: 277772
	260  -  MemoryUsage of job (MB)
	265828  -  ResidentSetSize of job (KB)
...
006 (4430510.040.000) 09/09 07:38:36 Image size of job updated: 277776
	260  -  MemoryUsage of job (MB)
	265828  -  ResidentSetSize of job (KB)
...
006 (4430510.040.000) 09/09 08:08:40 Image size of job updated: 280528
	262  -  MemoryUsage of job (MB)
	267496  -  ResidentSetSize of job (KB)
...
006 (4430510.040.000) 09/09 08:13:40 Image size of job updated: 280580
	262  -  MemoryUsage of job (MB)
	267508  -  ResidentSetSize of job (KB)
...
006 (4430510.040.000) 09/09 11:48:58 Image size of job updated: 280856
	262  -  MemoryUsage of job (MB)
	267784  -  ResidentSetSize of job (KB)
...
006 (4430510.040.000) 09/09 11:53:59 Image size of job updated: 282436
	264  -  MemoryUsage of job (MB)
	269404  -  ResidentSetSize of job (KB)
...
006 (4430510.040.000) 09/09 11:58:59 Image size of job updated: 282488
	264  -  MemoryUsage of job (MB)
	269416  -  ResidentSetSize of job (KB)
...
006 (4430510.040.000) 09/09 12:29:03 Image size of job updated: 282860
	264  -  MemoryUsage of job (MB)
	269788  -  ResidentSetSize of job (KB)
...
006 (4430510.040.000) 09/09 12:44:04 Image size of job updated: 283824
	265  -  MemoryUsage of job (MB)
	270792  -  ResidentSetSize of job (KB)
...
006 (4430510.040.000) 09/09 12:49:04 Image size of job updated: 283876
	265  -  MemoryUsage of job (MB)
	270804  -  ResidentSetSize of job (KB)
...
005 (4430510.040.000) 09/09 13:15:32 Job terminated.
	(1) Normal termination (return value 0)
		Usr 0 23:31:22, Sys 0 00:05:53  -  Run Remote Usage
		Usr 0 00:00:00, Sys 0 00:00:00  -  Run Local Usage
		Usr 0 23:31:22, Sys 0 00:05:53  -  Total Remote Usage
		Usr 0 00:00:00, Sys 0 00:00:00  -  Total Local Usage
	3540423  -  Run Bytes Sent By Job
	17284  -  Run Bytes Received By Job
	3540423  -  Total Bytes Sent By Job
	17284  -  Total Bytes Received By Job
	Partitionable Resources :    Usage  Request Allocated
	   Cpus                 :                 1         1
	   Disk (KB)            : 22012341 26214400  27526840
	   Ioheavy              :                           1
	   Memory (MB)          :      265      300       300
...
