000 (4430510.915.000) 09/08 09:59:23 Job submitted from host: <128.105.244.190:9618?addrs=128.105.244.190-9618&noUDP&sock=2714685_05e2_3>
...
001 (4430510.915.000) 09/08 21:52:46 Job executing on host: <128.105.245.199:9618?addrs=128.105.245.199-9618+[--1]-9618&noUDP&sock=5515_dc95_3>
...
006 (4430510.915.000) 09/08 21:52:54 Image size of job updated: 472
	1  -  MemoryUsage of job (MB)
	472  -  ResidentSetSize of job (KB)
...
006 (4430510.915.000) 09/08 21:57:54 Image size of job updated: 552
	1  -  MemoryUsage of job (MB)
	552  -  ResidentSetSize of job (KB)
...
006 (4430510.915.000) 09/08 22:07:56 Image size of job updated: 205912
	197  -  MemoryUsage of job (MB)
	201588  -  ResidentSetSize of job (KB)
...
006 (4430510.915.000) 09/08 22:12:57 Image size of job updated: 214056
	205  -  MemoryUsage of job (MB)
	209728  -  ResidentSetSize of job (KB)
...
006 (4430510.915.000) 09/08 22:17:59 Image size of job updated: 217548
	209  -  MemoryUsage of job (MB)
	213224  -  ResidentSetSize of job (KB)
...
006 (4430510.915.000) 09/08 22:22:59 Image size of job updated: 219260
	210  -  MemoryUsage of job (MB)
	214984  -  ResidentSetSize of job (KB)
...
006 (4430510.915.000) 09/08 22:32:59 Image size of job updated: 219804
	211  -  MemoryUsage of job (MB)
	215436  -  ResidentSetSize of job (KB)
...
006 (4430510.915.000) 09/08 22:37:59 Image size of job updated: 243208
	234  -  MemoryUsage of job (MB)
	238840  -  ResidentSetSize of job (KB)
...
006 (4430510.915.000) 09/08 22:42:59 Image size of job updated: 247520
	238  -  MemoryUsage of job (MB)
	243152  -  ResidentSetSize of job (KB)
...
006 (4430510.915.000) 09/08 22:53:00 Image size of job updated: 249916
	240  -  MemoryUsage of job (MB)
	245548  -  ResidentSetSize of job (KB)
...
006 (4430510.915.000) 09/08 22:58:01 Image size of job updated: 252320
	243  -  MemoryUsage of job (MB)
	247992  -  ResidentSetSize of job (KB)
...
006 (4430510.915.000) 09/08 23:03:02 Image size of job updated: 252372
	243  -  MemoryUsage of job (MB)
	248004  -  ResidentSetSize of job (KB)
...
006 (4430510.915.000) 09/08 23:08:04 Image size of job updated: 255440
	246  -  MemoryUsage of job (MB)
	251072  -  ResidentSetSize of job (KB)
...
006 (4430510.915.000) 09/08 23:13:04 Image size of job updated: 256500
	247  -  MemoryUsage of job (MB)
	252176  -  ResidentSetSize of job (KB)
...
006 (4430510.915.000) 09/08 23:18:04 Image size of job updated: 256556
	247  -  MemoryUsage of job (MB)
	252188  -  ResidentSetSize of job (KB)
...
006 (4430510.915.000) 09/08 23:23:04 Image size of job updated: 259784
	250  -  MemoryUsage of job (MB)
	255424  -  ResidentSetSize of job (KB)
...
006 (4430510.915.000) 09/08 23:28:04 Image size of job updated: 259792
	250  -  MemoryUsage of job (MB)
	255424  -  ResidentSetSize of job (KB)
...
006 (4430510.915.000) 09/08 23:33:04 Image size of job updated: 259904
	250  -  MemoryUsage of job (MB)
	255536  -  ResidentSetSize of job (KB)
...
006 (4430510.915.000) 09/08 23:43:05 Image size of job updated: 259956
	250  -  MemoryUsage of job (MB)
	255588  -  ResidentSetSize of job (KB)
...
006 (4430510.915.000) 09/08 23:53:07 Image size of job updated: 261548
	252  -  MemoryUsage of job (MB)
	257180  -  ResidentSetSize of job (KB)
...
006 (4430510.915.000) 09/09 00:23:09 Image size of job updated: 262284
	252  -  MemoryUsage of job (MB)
	257916  -  ResidentSetSize of job (KB)
...
006 (4430510.915.000) 09/09 00:33:11 Image size of job updated: 263748
	254  -  MemoryUsage of job (MB)
	259380  -  ResidentSetSize of job (KB)
...
006 (4430510.915.000) 09/09 00:48:12 Image size of job updated: 264060
	254  -  MemoryUsage of job (MB)
	259732  -  ResidentSetSize of job (KB)
...
006 (4430510.915.000) 09/09 00:53:14 Image size of job updated: 264112
	254  -  MemoryUsage of job (MB)
	259744  -  ResidentSetSize of job (KB)
...
006 (4430510.915.000) 09/09 01:08:14 Image size of job updated: 264564
	255  -  MemoryUsage of job (MB)
	260200  -  ResidentSetSize of job (KB)
...
006 (4430510.915.000) 09/09 01:13:15 Image size of job updated: 265444
	255  -  MemoryUsage of job (MB)
	261076  -  ResidentSetSize of job (KB)
...
006 (4430510.915.000) 09/09 01:38:18 Image size of job updated: 266380
	256  -  MemoryUsage of job (MB)
	262012  -  ResidentSetSize of job (KB)
...
006 (4430510.915.000) 09/09 01:43:18 Image size of job updated: 266384
	256  -  MemoryUsage of job (MB)
	262012  -  ResidentSetSize of job (KB)
...
006 (4430510.915.000) 09/09 01:48:19 Image size of job updated: 267160
	257  -  MemoryUsage of job (MB)
	262792  -  ResidentSetSize of job (KB)
...
006 (4430510.915.000) 09/09 02:23:23 Image size of job updated: 267676
	258  -  MemoryUsage of job (MB)
	263352  -  ResidentSetSize of job (KB)
...
006 (4430510.915.000) 09/09 02:28:23 Image size of job updated: 267736
	258  -  MemoryUsage of job (MB)
	263364  -  ResidentSetSize of job (KB)
...
006 (4430510.915.000) 09/09 02:33:23 Image size of job updated: 269432
	259  -  MemoryUsage of job (MB)
	265104  -  ResidentSetSize of job (KB)
...
006 (4430510.915.000) 09/09 02:38:23 Image size of job updated: 269484
	259  -  MemoryUsage of job (MB)
	265116  -  ResidentSetSize of job (KB)
...
006 (4430510.915.000) 09/09 02:43:24 Image size of job updated: 271296
	261  -  MemoryUsage of job (MB)
	266968  -  ResidentSetSize of job (KB)
...
006 (4430510.915.000) 09/09 02:48:25 Image size of job updated: 271348
	261  -  MemoryUsage of job (MB)
	266980  -  ResidentSetSize of job (KB)
...
006 (4430510.915.000) 09/09 03:03:26 Image size of job updated: 272408
	262  -  MemoryUsage of job (MB)
	268128  -  ResidentSetSize of job (KB)
...
006 (4430510.915.000) 09/09 03:08:26 Image size of job updated: 272548
	262  -  MemoryUsage of job (MB)
	268180  -  ResidentSetSize of job (KB)
...
006 (4430510.915.000) 09/09 03:28:29 Image size of job updated: 272936
	263  -  MemoryUsage of job (MB)
	268568  -  ResidentSetSize of job (KB)
...
006 (4430510.915.000) 09/09 03:38:29 Image size of job updated: 273388
	263  -  MemoryUsage of job (MB)
	269020  -  ResidentSetSize of job (KB)
...
006 (4430510.915.000) 09/09 03:48:29 Image size of job updated: 273888
	264  -  MemoryUsage of job (MB)
	269520  -  ResidentSetSize of job (KB)
...
006 (4430510.915.000) 09/09 05:33:44 Image size of job updated: 275040
	264  -  MemoryUsage of job (MB)
	269520  -  ResidentSetSize of job (KB)
...
006 (4430510.915.000) 09/09 05:58:47 Image size of job updated: 277552
	264  -  MemoryUsage of job (MB)
	269520  -  ResidentSetSize of job (KB)
...
006 (4430510.915.000) 09/09 10:09:12 Image size of job updated: 279564
	264  -  MemoryUsage of job (MB)
	269520  -  ResidentSetSize of job (KB)
...
006 (4430510.915.000) 09/09 10:14:12 Image size of job updated: 279616
	264  -  MemoryUsage of job (MB)
	269520  -  ResidentSetSize of job (KB)
...
006 (4430510.915.000) 09/09 10:34:13 Image size of job updated: 281788
	264  -  MemoryUsage of job (MB)
	269520  -  ResidentSetSize of job (KB)
...
005 (4430510.915.000) 09/09 11:16:11 Job terminated.
	(1) Normal termination (return value 0)
		Usr 0 13:07:01, Sys 0 00:03:30  -  Run Remote Usage
		Usr 0 00:00:00, Sys 0 00:00:00  -  Run Local Usage
		Usr 0 13:07:01, Sys 0 00:03:30  -  Total Remote Usage
		Usr 0 00:00:00, Sys 0 00:00:00  -  Total Local Usage
	3537126  -  Run Bytes Sent By Job
	17284  -  Run Bytes Received By Job
	3537126  -  Total Bytes Sent By Job
	17284  -  Total Bytes Received By Job
	Partitionable Resources :    Usage  Request Allocated
	   Cpus                 :                 1         1
	   Disk (KB)            : 22065456 26214400  27291555
	   Ioheavy              :                           1
	   Memory (MB)          :      264      300       300
...
