000 (4430510.675.000) 09/08 09:59:23 Job submitted from host: <128.105.244.190:9618?addrs=128.105.244.190-9618&noUDP&sock=2714685_05e2_3>
...
001 (4430510.675.000) 09/08 11:58:19 Job executing on host: <128.105.245.45:9618?addrs=128.105.245.45-9618+[--1]-9618&noUDP&sock=4431_8d3d_3>
...
006 (4430510.675.000) 09/08 11:58:28 Image size of job updated: 472
	1  -  MemoryUsage of job (MB)
	472  -  ResidentSetSize of job (KB)
...
006 (4430510.675.000) 09/08 12:03:29 Image size of job updated: 548
	1  -  MemoryUsage of job (MB)
	548  -  ResidentSetSize of job (KB)
...
006 (4430510.675.000) 09/08 12:08:29 Image size of job updated: 42788
	41  -  MemoryUsage of job (MB)
	41764  -  ResidentSetSize of job (KB)
...
006 (4430510.675.000) 09/08 12:13:29 Image size of job updated: 185420
	177  -  MemoryUsage of job (MB)
	180996  -  ResidentSetSize of job (KB)
...
006 (4430510.675.000) 09/08 12:18:31 Image size of job updated: 185476
	177  -  MemoryUsage of job (MB)
	181008  -  ResidentSetSize of job (KB)
...
006 (4430510.675.000) 09/08 12:23:31 Image size of job updated: 196232
	188  -  MemoryUsage of job (MB)
	191768  -  ResidentSetSize of job (KB)
...
006 (4430510.675.000) 09/08 12:33:32 Image size of job updated: 212624
	204  -  MemoryUsage of job (MB)
	208160  -  ResidentSetSize of job (KB)
...
006 (4430510.675.000) 09/08 12:38:32 Image size of job updated: 220556
	212  -  MemoryUsage of job (MB)
	216092  -  ResidentSetSize of job (KB)
...
006 (4430510.675.000) 09/08 12:53:33 Image size of job updated: 242208
	233  -  MemoryUsage of job (MB)
	237784  -  ResidentSetSize of job (KB)
...
006 (4430510.675.000) 09/08 12:58:35 Image size of job updated: 242264
	233  -  MemoryUsage of job (MB)
	237796  -  ResidentSetSize of job (KB)
...
006 (4430510.675.000) 09/08 13:03:35 Image size of job updated: 250396
	241  -  MemoryUsage of job (MB)
	246020  -  ResidentSetSize of job (KB)
...
006 (4430510.675.000) 09/08 13:08:36 Image size of job updated: 250540
	241  -  MemoryUsage of job (MB)
	246072  -  ResidentSetSize of job (KB)
...
006 (4430510.675.000) 09/08 13:13:37 Image size of job updated: 250544
	241  -  MemoryUsage of job (MB)
	246072  -  ResidentSetSize of job (KB)
...
006 (4430510.675.000) 09/08 13:33:38 Image size of job updated: 253636
	244  -  MemoryUsage of job (MB)
	249172  -  ResidentSetSize of job (KB)
...
006 (4430510.675.000) 09/08 14:03:41 Image size of job updated: 254944
	245  -  MemoryUsage of job (MB)
	250476  -  ResidentSetSize of job (KB)
...
006 (4430510.675.000) 09/08 14:08:41 Image size of job updated: 255380
	246  -  MemoryUsage of job (MB)
	250912  -  ResidentSetSize of job (KB)
...
006 (4430510.675.000) 09/08 14:13:41 Image size of job updated: 255528
	246  -  MemoryUsage of job (MB)
	251104  -  ResidentSetSize of job (KB)
...
006 (4430510.675.000) 09/08 14:18:42 Image size of job updated: 255588
	246  -  MemoryUsage of job (MB)
	251116  -  ResidentSetSize of job (KB)
...
006 (4430510.675.000) 09/08 14:28:42 Image size of job updated: 256956
	247  -  MemoryUsage of job (MB)
	252532  -  ResidentSetSize of job (KB)
...
006 (4430510.675.000) 09/08 14:33:44 Image size of job updated: 257016
	247  -  MemoryUsage of job (MB)
	252544  -  ResidentSetSize of job (KB)
...
006 (4430510.675.000) 09/08 14:43:45 Image size of job updated: 259564
	250  -  MemoryUsage of job (MB)
	255104  -  ResidentSetSize of job (KB)
...
006 (4430510.675.000) 09/08 14:48:45 Image size of job updated: 259572
	250  -  MemoryUsage of job (MB)
	255104  -  ResidentSetSize of job (KB)
...
006 (4430510.675.000) 09/08 14:58:47 Image size of job updated: 260616
	251  -  MemoryUsage of job (MB)
	256148  -  ResidentSetSize of job (KB)
...
006 (4430510.675.000) 09/08 15:53:52 Image size of job updated: 261480
	252  -  MemoryUsage of job (MB)
	257052  -  ResidentSetSize of job (KB)
...
006 (4430510.675.000) 09/08 15:58:52 Image size of job updated: 261536
	252  -  MemoryUsage of job (MB)
	257064  -  ResidentSetSize of job (KB)
...
006 (4430510.675.000) 09/08 16:23:56 Image size of job updated: 262928
	253  -  MemoryUsage of job (MB)
	258464  -  ResidentSetSize of job (KB)
...
006 (4430510.675.000) 09/08 16:33:57 Image size of job updated: 263340
	253  -  MemoryUsage of job (MB)
	259024  -  ResidentSetSize of job (KB)
...
006 (4430510.675.000) 09/08 17:29:03 Image size of job updated: 264808
	255  -  MemoryUsage of job (MB)
	260512  -  ResidentSetSize of job (KB)
...
006 (4430510.675.000) 09/08 17:34:03 Image size of job updated: 264812
	255  -  MemoryUsage of job (MB)
	260512  -  ResidentSetSize of job (KB)
...
006 (4430510.675.000) 09/08 18:09:07 Image size of job updated: 264812
	255  -  MemoryUsage of job (MB)
	260572  -  ResidentSetSize of job (KB)
...
006 (4430510.675.000) 09/08 18:14:09 Image size of job updated: 264928
	255  -  MemoryUsage of job (MB)
	260624  -  ResidentSetSize of job (KB)
...
006 (4430510.675.000) 09/08 18:29:11 Image size of job updated: 265928
	256  -  MemoryUsage of job (MB)
	261624  -  ResidentSetSize of job (KB)
...
006 (4430510.675.000) 09/08 18:54:13 Image size of job updated: 267308
	257  -  MemoryUsage of job (MB)
	263048  -  ResidentSetSize of job (KB)
...
006 (4430510.675.000) 09/08 18:59:14 Image size of job updated: 267360
	257  -  MemoryUsage of job (MB)
	263060  -  ResidentSetSize of job (KB)
...
006 (4430510.675.000) 09/08 19:04:14 Image size of job updated: 267364
	257  -  MemoryUsage of job (MB)
	263060  -  ResidentSetSize of job (KB)
...
006 (4430510.675.000) 09/08 19:54:19 Image size of job updated: 268008
	258  -  MemoryUsage of job (MB)
	263748  -  ResidentSetSize of job (KB)
...
006 (4430510.675.000) 09/08 19:59:21 Image size of job updated: 268064
	258  -  MemoryUsage of job (MB)
	263760  -  ResidentSetSize of job (KB)
...
006 (4430510.675.000) 09/08 20:29:23 Image size of job updated: 268064
	258  -  MemoryUsage of job (MB)
	263812  -  ResidentSetSize of job (KB)
...
006 (4430510.675.000) 09/08 20:34:24 Image size of job updated: 268064
	258  -  MemoryUsage of job (MB)
	263824  -  ResidentSetSize of job (KB)
...
006 (4430510.675.000) 09/08 21:04:30 Image size of job updated: 268756
	259  -  MemoryUsage of job (MB)
	265064  -  ResidentSetSize of job (KB)
...
006 (4430510.675.000) 09/08 21:09:29 Image size of job updated: 268808
	259  -  MemoryUsage of job (MB)
	265076  -  ResidentSetSize of job (KB)
...
006 (4430510.675.000) 09/08 21:24:31 Image size of job updated: 269024
	260  -  MemoryUsage of job (MB)
	265292  -  ResidentSetSize of job (KB)
...
006 (4430510.675.000) 09/08 21:39:33 Image size of job updated: 270424
	261  -  MemoryUsage of job (MB)
	266692  -  ResidentSetSize of job (KB)
...
006 (4430510.675.000) 09/08 22:09:37 Image size of job updated: 270524
	261  -  MemoryUsage of job (MB)
	266792  -  ResidentSetSize of job (KB)
...
006 (4430510.675.000) 09/08 22:39:39 Image size of job updated: 271316
	262  -  MemoryUsage of job (MB)
	267624  -  ResidentSetSize of job (KB)
...
006 (4430510.675.000) 09/08 22:44:40 Image size of job updated: 271368
	262  -  MemoryUsage of job (MB)
	267636  -  ResidentSetSize of job (KB)
...
006 (4430510.675.000) 09/08 22:49:40 Image size of job updated: 272192
	263  -  MemoryUsage of job (MB)
	268460  -  ResidentSetSize of job (KB)
...
006 (4430510.675.000) 09/08 23:14:42 Image size of job updated: 272568
	263  -  MemoryUsage of job (MB)
	268876  -  ResidentSetSize of job (KB)
...
006 (4430510.675.000) 09/08 23:19:44 Image size of job updated: 272620
	263  -  MemoryUsage of job (MB)
	268888  -  ResidentSetSize of job (KB)
...
006 (4430510.675.000) 09/09 00:04:48 Image size of job updated: 272824
	263  -  MemoryUsage of job (MB)
	269096  -  ResidentSetSize of job (KB)
...
006 (4430510.675.000) 09/09 00:09:49 Image size of job updated: 272828
	263  -  MemoryUsage of job (MB)
	269096  -  ResidentSetSize of job (KB)
...
006 (4430510.675.000) 09/09 00:24:52 Image size of job updated: 274604
	265  -  MemoryUsage of job (MB)
	270876  -  ResidentSetSize of job (KB)
...
006 (4430510.675.000) 09/09 01:09:57 Image size of job updated: 276188
	267  -  MemoryUsage of job (MB)
	273192  -  ResidentSetSize of job (KB)
...
006 (4430510.675.000) 09/09 01:14:57 Image size of job updated: 276492
	267  -  MemoryUsage of job (MB)
	273192  -  ResidentSetSize of job (KB)
...
006 (4430510.675.000) 09/09 02:00:02 Image size of job updated: 276920
	267  -  MemoryUsage of job (MB)
	273192  -  ResidentSetSize of job (KB)
...
006 (4430510.675.000) 09/09 03:50:13 Image size of job updated: 277640
	268  -  MemoryUsage of job (MB)
	273916  -  ResidentSetSize of job (KB)
...
006 (4430510.675.000) 09/09 03:55:13 Image size of job updated: 277644
	268  -  MemoryUsage of job (MB)
	273916  -  ResidentSetSize of job (KB)
...
006 (4430510.675.000) 09/09 04:15:16 Image size of job updated: 279576
	270  -  MemoryUsage of job (MB)
	275896  -  ResidentSetSize of job (KB)
...
006 (4430510.675.000) 09/09 04:20:16 Image size of job updated: 279632
	270  -  MemoryUsage of job (MB)
	275908  -  ResidentSetSize of job (KB)
...
006 (4430510.675.000) 09/09 05:25:22 Image size of job updated: 279708
	270  -  MemoryUsage of job (MB)
	275984  -  ResidentSetSize of job (KB)
...
006 (4430510.675.000) 09/09 05:30:22 Image size of job updated: 280156
	270  -  MemoryUsage of job (MB)
	276476  -  ResidentSetSize of job (KB)
...
006 (4430510.675.000) 09/09 05:35:23 Image size of job updated: 280212
	271  -  MemoryUsage of job (MB)
	276488  -  ResidentSetSize of job (KB)
...
006 (4430510.675.000) 09/09 05:40:23 Image size of job updated: 280216
	271  -  MemoryUsage of job (MB)
	276488  -  ResidentSetSize of job (KB)
...
006 (4430510.675.000) 09/09 06:00:27 Image size of job updated: 281424
	272  -  MemoryUsage of job (MB)
	277740  -  ResidentSetSize of job (KB)
...
006 (4430510.675.000) 09/09 06:05:27 Image size of job updated: 281476
	272  -  MemoryUsage of job (MB)
	277752  -  ResidentSetSize of job (KB)
...
006 (4430510.675.000) 09/09 06:25:29 Image size of job updated: 281480
	272  -  MemoryUsage of job (MB)
	277752  -  ResidentSetSize of job (KB)
...
006 (4430510.675.000) 09/09 06:50:32 Image size of job updated: 283700
	274  -  MemoryUsage of job (MB)
	280016  -  ResidentSetSize of job (KB)
...
006 (4430510.675.000) 09/09 06:55:32 Image size of job updated: 283752
	274  -  MemoryUsage of job (MB)
	280028  -  ResidentSetSize of job (KB)
...
006 (4430510.675.000) 09/09 07:20:35 Image size of job updated: 284160
	274  -  MemoryUsage of job (MB)
	280480  -  ResidentSetSize of job (KB)
...
006 (4430510.675.000) 09/09 07:25:36 Image size of job updated: 284216
	274  -  MemoryUsage of job (MB)
	280492  -  ResidentSetSize of job (KB)
...
005 (4430510.675.000) 09/09 07:33:24 Job terminated.
	(1) Normal termination (return value 0)
		Usr 0 19:19:06, Sys 0 00:04:29  -  Run Remote Usage
		Usr 0 00:00:00, Sys 0 00:00:00  -  Run Local Usage
		Usr 0 19:19:06, Sys 0 00:04:29  -  Total Remote Usage
		Usr 0 00:00:00, Sys 0 00:00:00  -  Total Local Usage
	3533837  -  Run Bytes Sent By Job
	17284  -  Run Bytes Received By Job
	3533837  -  Total Bytes Sent By Job
	17284  -  Total Bytes Received By Job
	Partitionable Resources :    Usage  Request Allocated
	   Cpus                 :                 1         1
	   Disk (KB)            : 18695206 26214400  36255406
	   Ioheavy              :                           1
	   Memory (MB)          :      274      300       300
...
