000 (4430510.939.000) 09/08 09:59:23 Job submitted from host: <128.105.244.190:9618?addrs=128.105.244.190-9618&noUDP&sock=2714685_05e2_3>
...
001 (4430510.939.000) 09/08 23:13:57 Job executing on host: <128.105.245.46:9618?addrs=128.105.245.46-9618+[--1]-9618&noUDP&sock=5168_1ad7_21>
...
006 (4430510.939.000) 09/08 23:14:05 Image size of job updated: 580
	1  -  MemoryUsage of job (MB)
	476  -  ResidentSetSize of job (KB)
...
006 (4430510.939.000) 09/08 23:19:13 Image size of job updated: 816
	1  -  MemoryUsage of job (MB)
	552  -  ResidentSetSize of job (KB)
...
006 (4430510.939.000) 09/09 00:04:12 Image size of job updated: 17468
	17  -  MemoryUsage of job (MB)
	16524  -  ResidentSetSize of job (KB)
...
006 (4430510.939.000) 09/09 00:09:12 Image size of job updated: 29248
	28  -  MemoryUsage of job (MB)
	28300  -  ResidentSetSize of job (KB)
...
006 (4430510.939.000) 09/09 00:14:42 Image size of job updated: 89768
	85  -  MemoryUsage of job (MB)
	86264  -  ResidentSetSize of job (KB)
...
006 (4430510.939.000) 09/09 00:24:13 Image size of job updated: 178976
	171  -  MemoryUsage of job (MB)
	174908  -  ResidentSetSize of job (KB)
...
006 (4430510.939.000) 09/09 00:47:38 Image size of job updated: 193748
	186  -  MemoryUsage of job (MB)
	189868  -  ResidentSetSize of job (KB)
...
006 (4430510.939.000) 09/09 01:01:18 Image size of job updated: 205864
	199  -  MemoryUsage of job (MB)
	203284  -  ResidentSetSize of job (KB)
...
006 (4430510.939.000) 09/09 01:52:42 Image size of job updated: 239636
	231  -  MemoryUsage of job (MB)
	236084  -  ResidentSetSize of job (KB)
...
006 (4430510.939.000) 09/09 01:57:42 Image size of job updated: 239752
	231  -  MemoryUsage of job (MB)
	236140  -  ResidentSetSize of job (KB)
...
006 (4430510.939.000) 09/09 02:42:48 Image size of job updated: 248556
	240  -  MemoryUsage of job (MB)
	245028  -  ResidentSetSize of job (KB)
...
006 (4430510.939.000) 09/09 04:28:02 Image size of job updated: 251364
	243  -  MemoryUsage of job (MB)
	247812  -  ResidentSetSize of job (KB)
...
006 (4430510.939.000) 09/09 04:33:02 Image size of job updated: 251364
	243  -  MemoryUsage of job (MB)
	247868  -  ResidentSetSize of job (KB)
...
006 (4430510.939.000) 09/09 05:38:22 Image size of job updated: 258236
	249  -  MemoryUsage of job (MB)
	254748  -  ResidentSetSize of job (KB)
...
006 (4430510.939.000) 09/09 05:43:24 Image size of job updated: 258360
	249  -  MemoryUsage of job (MB)
	254808  -  ResidentSetSize of job (KB)
...
006 (4430510.939.000) 09/09 06:42:53 Image size of job updated: 261384
	252  -  MemoryUsage of job (MB)
	257780  -  ResidentSetSize of job (KB)
...
006 (4430510.939.000) 09/09 06:47:54 Image size of job updated: 261444
	252  -  MemoryUsage of job (MB)
	257800  -  ResidentSetSize of job (KB)
...
006 (4430510.939.000) 09/09 09:38:14 Image size of job updated: 263632
	254  -  MemoryUsage of job (MB)
	260028  -  ResidentSetSize of job (KB)
...
006 (4430510.939.000) 09/09 09:43:10 Image size of job updated: 263692
	254  -  MemoryUsage of job (MB)
	260048  -  ResidentSetSize of job (KB)
...
006 (4430510.939.000) 09/09 12:40:51 Image size of job updated: 269132
	260  -  MemoryUsage of job (MB)
	265528  -  ResidentSetSize of job (KB)
...
006 (4430510.939.000) 09/09 12:45:51 Image size of job updated: 269196
	260  -  MemoryUsage of job (MB)
	265548  -  ResidentSetSize of job (KB)
...
006 (4430510.939.000) 09/09 16:17:59 Image size of job updated: 271448
	262  -  MemoryUsage of job (MB)
	267780  -  ResidentSetSize of job (KB)
...
006 (4430510.939.000) 09/09 16:23:14 Image size of job updated: 271512
	262  -  MemoryUsage of job (MB)
	267800  -  ResidentSetSize of job (KB)
...
006 (4430510.939.000) 09/09 18:15:15 Image size of job updated: 273772
	264  -  MemoryUsage of job (MB)
	270140  -  ResidentSetSize of job (KB)
...
006 (4430510.939.000) 09/09 21:34:59 Image size of job updated: 275476
	266  -  MemoryUsage of job (MB)
	271864  -  ResidentSetSize of job (KB)
...
006 (4430510.939.000) 09/10 00:25:13 Image size of job updated: 278944
	269  -  MemoryUsage of job (MB)
	275312  -  ResidentSetSize of job (KB)
...
006 (4430510.939.000) 09/10 00:30:14 Image size of job updated: 278948
	269  -  MemoryUsage of job (MB)
	275312  -  ResidentSetSize of job (KB)
...
006 (4430510.939.000) 09/10 00:50:16 Image size of job updated: 278952
	269  -  MemoryUsage of job (MB)
	275404  -  ResidentSetSize of job (KB)
...
006 (4430510.939.000) 09/10 00:55:16 Image size of job updated: 279268
	270  -  MemoryUsage of job (MB)
	275460  -  ResidentSetSize of job (KB)
...
006 (4430510.939.000) 09/10 01:00:17 Image size of job updated: 279888
	270  -  MemoryUsage of job (MB)
	276240  -  ResidentSetSize of job (KB)
...
006 (4430510.939.000) 09/10 01:20:18 Image size of job updated: 281992
	272  -  MemoryUsage of job (MB)
	278384  -  ResidentSetSize of job (KB)
...
006 (4430510.939.000) 09/10 01:25:19 Image size of job updated: 282052
	272  -  MemoryUsage of job (MB)
	278404  -  ResidentSetSize of job (KB)
...
006 (4430510.939.000) 09/10 02:05:24 Image size of job updated: 282876
	273  -  MemoryUsage of job (MB)
	279228  -  ResidentSetSize of job (KB)
...
006 (4430510.939.000) 09/10 02:25:24 Image size of job updated: 283184
	273  -  MemoryUsage of job (MB)
	279536  -  ResidentSetSize of job (KB)
...
006 (4430510.939.000) 09/10 03:05:29 Image size of job updated: 283300
	274  -  MemoryUsage of job (MB)
	279652  -  ResidentSetSize of job (KB)
...
006 (4430510.939.000) 09/10 03:10:30 Image size of job updated: 283304
	274  -  MemoryUsage of job (MB)
	279652  -  ResidentSetSize of job (KB)
...
005 (4430510.939.000) 09/10 03:14:16 Job terminated.
	(1) Normal termination (return value 0)
		Usr 0 17:20:52, Sys 0 00:05:06  -  Run Remote Usage
		Usr 0 00:00:00, Sys 0 00:00:00  -  Run Local Usage
		Usr 0 17:20:52, Sys 0 00:05:06  -  Total Remote Usage
		Usr 0 00:00:00, Sys 0 00:00:00  -  Total Local Usage
	3534482  -  Run Bytes Sent By Job
	17284  -  Run Bytes Received By Job
	3534482  -  Total Bytes Sent By Job
	17284  -  Total Bytes Received By Job
	Partitionable Resources :    Usage  Request Allocated
	   Cpus                 :                 1         1
	   Disk (KB)            : 22281274 26214400  27700803
	   Ioheavy              :                           1
	   Memory (MB)          :      274      300       300
...
