000 (4430510.308.000) 09/08 09:59:23 Job submitted from host: <128.105.244.190:9618?addrs=128.105.244.190-9618&noUDP&sock=2714685_05e2_3>
...
001 (4430510.308.000) 09/08 11:28:13 Job executing on host: <128.105.245.254:9618?addrs=128.105.245.254-9618+[--1]-9618&noUDP&sock=5567_3d96_3>
...
006 (4430510.308.000) 09/08 11:28:21 Image size of job updated: 472
	1  -  MemoryUsage of job (MB)
	472  -  ResidentSetSize of job (KB)
...
006 (4430510.308.000) 09/08 11:33:21 Image size of job updated: 552
	1  -  MemoryUsage of job (MB)
	552  -  ResidentSetSize of job (KB)
...
006 (4430510.308.000) 09/08 12:13:27 Image size of job updated: 29228
	28  -  MemoryUsage of job (MB)
	28252  -  ResidentSetSize of job (KB)
...
006 (4430510.308.000) 09/08 12:18:27 Image size of job updated: 163584
	134  -  MemoryUsage of job (MB)
	136416  -  ResidentSetSize of job (KB)
...
006 (4430510.308.000) 09/08 12:23:28 Image size of job updated: 179076
	157  -  MemoryUsage of job (MB)
	160360  -  ResidentSetSize of job (KB)
...
006 (4430510.308.000) 09/08 12:33:29 Image size of job updated: 204220
	182  -  MemoryUsage of job (MB)
	185504  -  ResidentSetSize of job (KB)
...
006 (4430510.308.000) 09/08 12:38:29 Image size of job updated: 207472
	185  -  MemoryUsage of job (MB)
	188788  -  ResidentSetSize of job (KB)
...
006 (4430510.308.000) 09/08 12:43:29 Image size of job updated: 207528
	185  -  MemoryUsage of job (MB)
	188800  -  ResidentSetSize of job (KB)
...
006 (4430510.308.000) 09/08 12:48:31 Image size of job updated: 211348
	189  -  MemoryUsage of job (MB)
	192624  -  ResidentSetSize of job (KB)
...
006 (4430510.308.000) 09/08 12:58:32 Image size of job updated: 213668
	191  -  MemoryUsage of job (MB)
	194944  -  ResidentSetSize of job (KB)
...
006 (4430510.308.000) 09/08 13:08:33 Image size of job updated: 226292
	203  -  MemoryUsage of job (MB)
	207572  -  ResidentSetSize of job (KB)
...
006 (4430510.308.000) 09/08 13:23:33 Image size of job updated: 240044
	217  -  MemoryUsage of job (MB)
	221328  -  ResidentSetSize of job (KB)
...
006 (4430510.308.000) 09/08 13:28:33 Image size of job updated: 240048
	217  -  MemoryUsage of job (MB)
	221328  -  ResidentSetSize of job (KB)
...
006 (4430510.308.000) 09/08 13:38:34 Image size of job updated: 253004
	229  -  MemoryUsage of job (MB)
	234280  -  ResidentSetSize of job (KB)
...
006 (4430510.308.000) 09/08 14:03:36 Image size of job updated: 254348
	231  -  MemoryUsage of job (MB)
	235716  -  ResidentSetSize of job (KB)
...
006 (4430510.308.000) 09/08 14:08:37 Image size of job updated: 254488
	231  -  MemoryUsage of job (MB)
	235768  -  ResidentSetSize of job (KB)
...
006 (4430510.308.000) 09/08 14:13:37 Image size of job updated: 254492
	231  -  MemoryUsage of job (MB)
	235768  -  ResidentSetSize of job (KB)
...
006 (4430510.308.000) 09/08 14:18:37 Image size of job updated: 255416
	232  -  MemoryUsage of job (MB)
	236736  -  ResidentSetSize of job (KB)
...
006 (4430510.308.000) 09/08 14:23:37 Image size of job updated: 255468
	232  -  MemoryUsage of job (MB)
	236748  -  ResidentSetSize of job (KB)
...
006 (4430510.308.000) 09/08 14:28:39 Image size of job updated: 255472
	232  -  MemoryUsage of job (MB)
	236748  -  ResidentSetSize of job (KB)
...
006 (4430510.308.000) 09/08 14:48:40 Image size of job updated: 256088
	232  -  MemoryUsage of job (MB)
	237456  -  ResidentSetSize of job (KB)
...
006 (4430510.308.000) 09/08 14:53:41 Image size of job updated: 256228
	232  -  MemoryUsage of job (MB)
	237508  -  ResidentSetSize of job (KB)
...
006 (4430510.308.000) 09/08 14:58:43 Image size of job updated: 256232
	232  -  MemoryUsage of job (MB)
	237508  -  ResidentSetSize of job (KB)
...
006 (4430510.308.000) 09/08 15:08:44 Image size of job updated: 257832
	234  -  MemoryUsage of job (MB)
	239112  -  ResidentSetSize of job (KB)
...
006 (4430510.308.000) 09/08 15:23:45 Image size of job updated: 260740
	237  -  MemoryUsage of job (MB)
	242020  -  ResidentSetSize of job (KB)
...
006 (4430510.308.000) 09/08 15:28:45 Image size of job updated: 260748
	237  -  MemoryUsage of job (MB)
	242020  -  ResidentSetSize of job (KB)
...
006 (4430510.308.000) 09/08 15:38:47 Image size of job updated: 260832
	237  -  MemoryUsage of job (MB)
	242108  -  ResidentSetSize of job (KB)
...
006 (4430510.308.000) 09/08 15:48:47 Image size of job updated: 260844
	237  -  MemoryUsage of job (MB)
	242120  -  ResidentSetSize of job (KB)
...
006 (4430510.308.000) 09/08 15:53:47 Image size of job updated: 261084
	237  -  MemoryUsage of job (MB)
	242368  -  ResidentSetSize of job (KB)
...
006 (4430510.308.000) 09/08 15:58:49 Image size of job updated: 261092
	237  -  MemoryUsage of job (MB)
	242368  -  ResidentSetSize of job (KB)
...
006 (4430510.308.000) 09/08 17:33:58 Image size of job updated: 262680
	239  -  MemoryUsage of job (MB)
	243992  -  ResidentSetSize of job (KB)
...
006 (4430510.308.000) 09/08 17:38:58 Image size of job updated: 262736
	239  -  MemoryUsage of job (MB)
	244004  -  ResidentSetSize of job (KB)
...
006 (4430510.308.000) 09/08 17:54:00 Image size of job updated: 263348
	239  -  MemoryUsage of job (MB)
	244616  -  ResidentSetSize of job (KB)
...
006 (4430510.308.000) 09/08 18:09:01 Image size of job updated: 263452
	240  -  MemoryUsage of job (MB)
	244760  -  ResidentSetSize of job (KB)
...
006 (4430510.308.000) 09/08 18:14:01 Image size of job updated: 263504
	240  -  MemoryUsage of job (MB)
	244772  -  ResidentSetSize of job (KB)
...
006 (4430510.308.000) 09/08 18:24:03 Image size of job updated: 264684
	241  -  MemoryUsage of job (MB)
	245996  -  ResidentSetSize of job (KB)
...
006 (4430510.308.000) 09/08 18:29:03 Image size of job updated: 264736
	241  -  MemoryUsage of job (MB)
	246008  -  ResidentSetSize of job (KB)
...
006 (4430510.308.000) 09/08 18:34:04 Image size of job updated: 264744
	241  -  MemoryUsage of job (MB)
	246008  -  ResidentSetSize of job (KB)
...
006 (4430510.308.000) 09/08 18:59:07 Image size of job updated: 267116
	243  -  MemoryUsage of job (MB)
	248384  -  ResidentSetSize of job (KB)
...
006 (4430510.308.000) 09/08 19:44:10 Image size of job updated: 267572
	244  -  MemoryUsage of job (MB)
	248884  -  ResidentSetSize of job (KB)
...
006 (4430510.308.000) 09/08 19:49:10 Image size of job updated: 267624
	244  -  MemoryUsage of job (MB)
	248896  -  ResidentSetSize of job (KB)
...
006 (4430510.308.000) 09/08 19:54:12 Image size of job updated: 268440
	244  -  MemoryUsage of job (MB)
	249708  -  ResidentSetSize of job (KB)
...
006 (4430510.308.000) 09/08 20:34:16 Image size of job updated: 269784
	246  -  MemoryUsage of job (MB)
	251056  -  ResidentSetSize of job (KB)
...
006 (4430510.308.000) 09/08 20:39:18 Image size of job updated: 269788
	246  -  MemoryUsage of job (MB)
	251056  -  ResidentSetSize of job (KB)
...
006 (4430510.308.000) 09/08 20:44:18 Image size of job updated: 269792
	246  -  MemoryUsage of job (MB)
	251056  -  ResidentSetSize of job (KB)
...
006 (4430510.308.000) 09/08 21:59:28 Image size of job updated: 269992
	246  -  MemoryUsage of job (MB)
	251304  -  ResidentSetSize of job (KB)
...
006 (4430510.308.000) 09/08 22:04:28 Image size of job updated: 270044
	246  -  MemoryUsage of job (MB)
	251316  -  ResidentSetSize of job (KB)
...
006 (4430510.308.000) 09/08 22:09:28 Image size of job updated: 270048
	246  -  MemoryUsage of job (MB)
	251316  -  ResidentSetSize of job (KB)
...
006 (4430510.308.000) 09/08 22:14:29 Image size of job updated: 270856
	247  -  MemoryUsage of job (MB)
	252124  -  ResidentSetSize of job (KB)
...
006 (4430510.308.000) 09/08 22:29:31 Image size of job updated: 271476
	247  -  MemoryUsage of job (MB)
	252744  -  ResidentSetSize of job (KB)
...
006 (4430510.308.000) 09/08 23:09:35 Image size of job updated: 272204
	248  -  MemoryUsage of job (MB)
	253428  -  ResidentSetSize of job (KB)
...
006 (4430510.308.000) 09/08 23:39:39 Image size of job updated: 273128
	249  -  MemoryUsage of job (MB)
	254392  -  ResidentSetSize of job (KB)
...
006 (4430510.308.000) 09/08 23:44:39 Image size of job updated: 273180
	249  -  MemoryUsage of job (MB)
	254404  -  ResidentSetSize of job (KB)
...
006 (4430510.308.000) 09/08 23:59:41 Image size of job updated: 273264
	249  -  MemoryUsage of job (MB)
	254496  -  ResidentSetSize of job (KB)
...
006 (4430510.308.000) 09/09 00:04:41 Image size of job updated: 273268
	249  -  MemoryUsage of job (MB)
	254496  -  ResidentSetSize of job (KB)
...
006 (4430510.308.000) 09/09 00:14:42 Image size of job updated: 274544
	250  -  MemoryUsage of job (MB)
	255808  -  ResidentSetSize of job (KB)
...
006 (4430510.308.000) 09/09 00:19:42 Image size of job updated: 274596
	250  -  MemoryUsage of job (MB)
	255820  -  ResidentSetSize of job (KB)
...
006 (4430510.308.000) 09/09 00:49:44 Image size of job updated: 274800
	251  -  MemoryUsage of job (MB)
	256028  -  ResidentSetSize of job (KB)
...
006 (4430510.308.000) 09/09 00:54:44 Image size of job updated: 274804
	251  -  MemoryUsage of job (MB)
	256028  -  ResidentSetSize of job (KB)
...
006 (4430510.308.000) 09/09 01:04:45 Image size of job updated: 275308
	251  -  MemoryUsage of job (MB)
	256528  -  ResidentSetSize of job (KB)
...
006 (4430510.308.000) 09/09 01:19:47 Image size of job updated: 276012
	252  -  MemoryUsage of job (MB)
	257240  -  ResidentSetSize of job (KB)
...
006 (4430510.308.000) 09/09 01:24:49 Image size of job updated: 276016
	252  -  MemoryUsage of job (MB)
	257240  -  ResidentSetSize of job (KB)
...
006 (4430510.308.000) 09/09 01:34:49 Image size of job updated: 276816
	252  -  MemoryUsage of job (MB)
	258040  -  ResidentSetSize of job (KB)
...
006 (4430510.308.000) 09/09 01:44:51 Image size of job updated: 277628
	253  -  MemoryUsage of job (MB)
	258852  -  ResidentSetSize of job (KB)
...
006 (4430510.308.000) 09/09 02:04:54 Image size of job updated: 279348
	255  -  MemoryUsage of job (MB)
	260616  -  ResidentSetSize of job (KB)
...
006 (4430510.308.000) 09/09 02:09:54 Image size of job updated: 279404
	255  -  MemoryUsage of job (MB)
	260628  -  ResidentSetSize of job (KB)
...
006 (4430510.308.000) 09/09 05:50:17 Image size of job updated: 282320
	258  -  MemoryUsage of job (MB)
	263540  -  ResidentSetSize of job (KB)
...
006 (4430510.308.000) 09/09 05:55:19 Image size of job updated: 282328
	258  -  MemoryUsage of job (MB)
	263540  -  ResidentSetSize of job (KB)
...
006 (4430510.308.000) 09/09 06:00:19 Image size of job updated: 283140
	259  -  MemoryUsage of job (MB)
	264348  -  ResidentSetSize of job (KB)
...
006 (4430510.308.000) 09/09 09:10:40 Image size of job updated: 283148
	259  -  MemoryUsage of job (MB)
	264360  -  ResidentSetSize of job (KB)
...
005 (4430510.308.000) 09/09 09:21:08 Job terminated.
	(1) Normal termination (return value 0)
		Usr 0 20:39:45, Sys 0 00:04:58  -  Run Remote Usage
		Usr 0 00:00:00, Sys 0 00:00:00  -  Run Local Usage
		Usr 0 20:39:45, Sys 0 00:04:58  -  Total Remote Usage
		Usr 0 00:00:00, Sys 0 00:00:00  -  Total Local Usage
	3533309  -  Run Bytes Sent By Job
	17284  -  Run Bytes Received By Job
	3533309  -  Total Bytes Sent By Job
	17284  -  Total Bytes Received By Job
	Partitionable Resources :    Usage  Request Allocated
	   Cpus                 :                 1         1
	   Disk (KB)            : 20460808 26214400  27514728
	   Ioheavy              :                           1
	   Memory (MB)          :      259      300       300
...
