000 (4430510.823.000) 09/08 09:59:23 Job submitted from host: <128.105.244.190:9618?addrs=128.105.244.190-9618&noUDP&sock=2714685_05e2_3>
...
001 (4430510.823.000) 09/08 14:06:14 Job executing on host: <128.105.245.15:9618?addrs=128.105.245.15-9618+[--1]-9618&noUDP&sock=3835_8579_3>
...
006 (4430510.823.000) 09/08 14:06:22 Image size of job updated: 560
	1  -  MemoryUsage of job (MB)
	476  -  ResidentSetSize of job (KB)
...
006 (4430510.823.000) 09/08 14:11:22 Image size of job updated: 720
	1  -  MemoryUsage of job (MB)
	548  -  ResidentSetSize of job (KB)
...
006 (4430510.823.000) 09/08 14:16:24 Image size of job updated: 151900
	145  -  MemoryUsage of job (MB)
	147556  -  ResidentSetSize of job (KB)
...
006 (4430510.823.000) 09/08 14:21:24 Image size of job updated: 175484
	168  -  MemoryUsage of job (MB)
	171092  -  ResidentSetSize of job (KB)
...
006 (4430510.823.000) 09/08 14:26:25 Image size of job updated: 192452
	184  -  MemoryUsage of job (MB)
	188060  -  ResidentSetSize of job (KB)
...
006 (4430510.823.000) 09/08 14:31:25 Image size of job updated: 194488
	186  -  MemoryUsage of job (MB)
	190136  -  ResidentSetSize of job (KB)
...
006 (4430510.823.000) 09/08 14:36:25 Image size of job updated: 194556
	186  -  MemoryUsage of job (MB)
	190156  -  ResidentSetSize of job (KB)
...
006 (4430510.823.000) 09/08 14:41:26 Image size of job updated: 199036
	191  -  MemoryUsage of job (MB)
	194644  -  ResidentSetSize of job (KB)
...
006 (4430510.823.000) 09/08 14:46:26 Image size of job updated: 203260
	195  -  MemoryUsage of job (MB)
	198868  -  ResidentSetSize of job (KB)
...
006 (4430510.823.000) 09/08 14:51:27 Image size of job updated: 242460
	233  -  MemoryUsage of job (MB)
	238108  -  ResidentSetSize of job (KB)
...
006 (4430510.823.000) 09/08 14:56:27 Image size of job updated: 242520
	233  -  MemoryUsage of job (MB)
	238128  -  ResidentSetSize of job (KB)
...
006 (4430510.823.000) 09/08 15:11:29 Image size of job updated: 245712
	236  -  MemoryUsage of job (MB)
	241320  -  ResidentSetSize of job (KB)
...
006 (4430510.823.000) 09/08 16:11:35 Image size of job updated: 258148
	248  -  MemoryUsage of job (MB)
	253796  -  ResidentSetSize of job (KB)
...
006 (4430510.823.000) 09/08 16:16:35 Image size of job updated: 258212
	248  -  MemoryUsage of job (MB)
	253816  -  ResidentSetSize of job (KB)
...
006 (4430510.823.000) 09/08 16:21:36 Image size of job updated: 260696
	251  -  MemoryUsage of job (MB)
	256392  -  ResidentSetSize of job (KB)
...
006 (4430510.823.000) 09/08 16:26:36 Image size of job updated: 260848
	251  -  MemoryUsage of job (MB)
	256452  -  ResidentSetSize of job (KB)
...
006 (4430510.823.000) 09/08 16:46:38 Image size of job updated: 261428
	252  -  MemoryUsage of job (MB)
	257072  -  ResidentSetSize of job (KB)
...
006 (4430510.823.000) 09/08 16:51:39 Image size of job updated: 261492
	252  -  MemoryUsage of job (MB)
	257092  -  ResidentSetSize of job (KB)
...
006 (4430510.823.000) 09/08 18:06:47 Image size of job updated: 264864
	255  -  MemoryUsage of job (MB)
	261112  -  ResidentSetSize of job (KB)
...
006 (4430510.823.000) 09/08 18:11:47 Image size of job updated: 264928
	256  -  MemoryUsage of job (MB)
	261132  -  ResidentSetSize of job (KB)
...
006 (4430510.823.000) 09/08 20:06:58 Image size of job updated: 264956
	256  -  MemoryUsage of job (MB)
	261152  -  ResidentSetSize of job (KB)
...
006 (4430510.823.000) 09/08 20:32:00 Image size of job updated: 270964
	261  -  MemoryUsage of job (MB)
	267208  -  ResidentSetSize of job (KB)
...
006 (4430510.823.000) 09/08 20:37:01 Image size of job updated: 271028
	261  -  MemoryUsage of job (MB)
	267228  -  ResidentSetSize of job (KB)
...
006 (4430510.823.000) 09/08 22:17:11 Image size of job updated: 271112
	262  -  MemoryUsage of job (MB)
	267316  -  ResidentSetSize of job (KB)
...
006 (4430510.823.000) 09/08 22:22:11 Image size of job updated: 271116
	262  -  MemoryUsage of job (MB)
	267316  -  ResidentSetSize of job (KB)
...
006 (4430510.823.000) 09/09 00:12:25 Image size of job updated: 274056
	264  -  MemoryUsage of job (MB)
	270300  -  ResidentSetSize of job (KB)
...
006 (4430510.823.000) 09/09 00:17:25 Image size of job updated: 274120
	264  -  MemoryUsage of job (MB)
	270320  -  ResidentSetSize of job (KB)
...
006 (4430510.823.000) 09/09 00:22:25 Image size of job updated: 275136
	265  -  MemoryUsage of job (MB)
	271336  -  ResidentSetSize of job (KB)
...
006 (4430510.823.000) 09/09 01:27:36 Image size of job updated: 276520
	267  -  MemoryUsage of job (MB)
	272724  -  ResidentSetSize of job (KB)
...
006 (4430510.823.000) 09/09 01:32:32 Image size of job updated: 276524
	267  -  MemoryUsage of job (MB)
	272724  -  ResidentSetSize of job (KB)
...
006 (4430510.823.000) 09/09 02:37:37 Image size of job updated: 277608
	268  -  MemoryUsage of job (MB)
	273852  -  ResidentSetSize of job (KB)
...
006 (4430510.823.000) 09/09 02:42:37 Image size of job updated: 277668
	268  -  MemoryUsage of job (MB)
	273872  -  ResidentSetSize of job (KB)
...
006 (4430510.823.000) 09/09 02:47:38 Image size of job updated: 278452
	269  -  MemoryUsage of job (MB)
	274656  -  ResidentSetSize of job (KB)
...
006 (4430510.823.000) 09/09 03:32:44 Image size of job updated: 279980
	270  -  MemoryUsage of job (MB)
	276184  -  ResidentSetSize of job (KB)
...
006 (4430510.823.000) 09/09 05:02:53 Image size of job updated: 281092
	271  -  MemoryUsage of job (MB)
	277340  -  ResidentSetSize of job (KB)
...
006 (4430510.823.000) 09/09 05:07:53 Image size of job updated: 281156
	271  -  MemoryUsage of job (MB)
	277360  -  ResidentSetSize of job (KB)
...
006 (4430510.823.000) 09/09 05:12:54 Image size of job updated: 281628
	272  -  MemoryUsage of job (MB)
	277832  -  ResidentSetSize of job (KB)
...
006 (4430510.823.000) 09/09 05:17:54 Image size of job updated: 282992
	273  -  MemoryUsage of job (MB)
	279200  -  ResidentSetSize of job (KB)
...
006 (4430510.823.000) 09/09 05:22:54 Image size of job updated: 282996
	273  -  MemoryUsage of job (MB)
	279200  -  ResidentSetSize of job (KB)
...
006 (4430510.823.000) 09/09 06:53:03 Image size of job updated: 283180
	274  -  MemoryUsage of job (MB)
	279560  -  ResidentSetSize of job (KB)
...
006 (4430510.823.000) 09/09 06:58:04 Image size of job updated: 284128
	274  -  MemoryUsage of job (MB)
	280464  -  ResidentSetSize of job (KB)
...
005 (4430510.823.000) 09/09 07:36:44 Job terminated.
	(1) Normal termination (return value 0)
		Usr 0 16:53:07, Sys 0 00:07:34  -  Run Remote Usage
		Usr 0 00:00:00, Sys 0 00:00:00  -  Run Local Usage
		Usr 0 16:53:07, Sys 0 00:07:34  -  Total Remote Usage
		Usr 0 00:00:00, Sys 0 00:00:00  -  Total Local Usage
	3533754  -  Run Bytes Sent By Job
	17284  -  Run Bytes Received By Job
	3533754  -  Total Bytes Sent By Job
	17284  -  Total Bytes Received By Job
	Partitionable Resources :    Usage  Request Allocated
	   Cpus                 :                 1         1
	   Disk (KB)            : 18695715 26214400  30910533
	   Ioheavy              :                           1
	   Memory (MB)          :      274      300       300
...
