000 (4430510.576.000) 09/08 09:59:23 Job submitted from host: <128.105.244.190:9618?addrs=128.105.244.190-9618&noUDP&sock=2714685_05e2_3>
...
001 (4430510.576.000) 09/08 11:53:10 Job executing on host: <128.105.245.23:9618?addrs=128.105.245.23-9618+[--1]-9618&noUDP&sock=5249_dfb4_3>
...
006 (4430510.576.000) 09/08 11:53:20 Image size of job updated: 520
	1  -  MemoryUsage of job (MB)
	480  -  ResidentSetSize of job (KB)
...
006 (4430510.576.000) 09/08 12:13:24 Image size of job updated: 556
	1  -  MemoryUsage of job (MB)
	556  -  ResidentSetSize of job (KB)
...
006 (4430510.576.000) 09/08 13:02:43 Image size of job updated: 94148
	89  -  MemoryUsage of job (MB)
	90556  -  ResidentSetSize of job (KB)
...
006 (4430510.576.000) 09/08 13:21:14 Image size of job updated: 193316
	185  -  MemoryUsage of job (MB)
	189300  -  ResidentSetSize of job (KB)
...
006 (4430510.576.000) 09/08 13:34:32 Image size of job updated: 209828
	202  -  MemoryUsage of job (MB)
	205836  -  ResidentSetSize of job (KB)
...
006 (4430510.576.000) 09/08 14:02:42 Image size of job updated: 242660
	234  -  MemoryUsage of job (MB)
	238752  -  ResidentSetSize of job (KB)
...
006 (4430510.576.000) 09/08 14:08:13 Image size of job updated: 242660
	234  -  MemoryUsage of job (MB)
	238808  -  ResidentSetSize of job (KB)
...
006 (4430510.576.000) 09/08 14:22:44 Image size of job updated: 245648
	236  -  MemoryUsage of job (MB)
	241652  -  ResidentSetSize of job (KB)
...
006 (4430510.576.000) 09/08 14:27:45 Image size of job updated: 245652
	236  -  MemoryUsage of job (MB)
	241652  -  ResidentSetSize of job (KB)
...
006 (4430510.576.000) 09/08 16:22:54 Image size of job updated: 245652
	237  -  MemoryUsage of job (MB)
	241756  -  ResidentSetSize of job (KB)
...
006 (4430510.576.000) 09/08 16:27:55 Image size of job updated: 245652
	237  -  MemoryUsage of job (MB)
	241812  -  ResidentSetSize of job (KB)
...
006 (4430510.576.000) 09/08 17:31:38 Image size of job updated: 245916
	237  -  MemoryUsage of job (MB)
	242644  -  ResidentSetSize of job (KB)
...
006 (4430510.576.000) 09/08 18:18:12 Image size of job updated: 248656
	240  -  MemoryUsage of job (MB)
	245052  -  ResidentSetSize of job (KB)
...
006 (4430510.576.000) 09/08 18:42:06 Image size of job updated: 248904
	240  -  MemoryUsage of job (MB)
	245268  -  ResidentSetSize of job (KB)
...
006 (4430510.576.000) 09/08 18:53:26 Image size of job updated: 249956
	241  -  MemoryUsage of job (MB)
	246404  -  ResidentSetSize of job (KB)
...
006 (4430510.576.000) 09/08 18:58:09 Image size of job updated: 250104
	241  -  MemoryUsage of job (MB)
	246460  -  ResidentSetSize of job (KB)
...
006 (4430510.576.000) 09/08 19:13:17 Image size of job updated: 250504
	242  -  MemoryUsage of job (MB)
	246900  -  ResidentSetSize of job (KB)
...
006 (4430510.576.000) 09/08 19:18:10 Image size of job updated: 250564
	242  -  MemoryUsage of job (MB)
	246920  -  ResidentSetSize of job (KB)
...
006 (4430510.576.000) 09/08 19:28:12 Image size of job updated: 250568
	242  -  MemoryUsage of job (MB)
	246920  -  ResidentSetSize of job (KB)
...
006 (4430510.576.000) 09/08 19:33:16 Image size of job updated: 250676
	242  -  MemoryUsage of job (MB)
	247088  -  ResidentSetSize of job (KB)
...
006 (4430510.576.000) 09/08 19:38:12 Image size of job updated: 250744
	242  -  MemoryUsage of job (MB)
	247108  -  ResidentSetSize of job (KB)
...
006 (4430510.576.000) 09/08 19:53:14 Image size of job updated: 251776
	243  -  MemoryUsage of job (MB)
	248168  -  ResidentSetSize of job (KB)
...
006 (4430510.576.000) 09/08 19:58:14 Image size of job updated: 251836
	243  -  MemoryUsage of job (MB)
	248188  -  ResidentSetSize of job (KB)
...
006 (4430510.576.000) 09/08 20:13:16 Image size of job updated: 252192
	243  -  MemoryUsage of job (MB)
	248552  -  ResidentSetSize of job (KB)
...
006 (4430510.576.000) 09/08 20:28:25 Image size of job updated: 253088
	244  -  MemoryUsage of job (MB)
	249528  -  ResidentSetSize of job (KB)
...
006 (4430510.576.000) 09/08 20:33:17 Image size of job updated: 253088
	244  -  MemoryUsage of job (MB)
	249548  -  ResidentSetSize of job (KB)
...
006 (4430510.576.000) 09/08 20:48:20 Image size of job updated: 253292
	244  -  MemoryUsage of job (MB)
	249696  -  ResidentSetSize of job (KB)
...
006 (4430510.576.000) 09/08 20:53:20 Image size of job updated: 253352
	244  -  MemoryUsage of job (MB)
	249716  -  ResidentSetSize of job (KB)
...
006 (4430510.576.000) 09/08 21:08:24 Image size of job updated: 253600
	245  -  MemoryUsage of job (MB)
	250040  -  ResidentSetSize of job (KB)
...
006 (4430510.576.000) 09/08 21:13:36 Image size of job updated: 253600
	245  -  MemoryUsage of job (MB)
	250060  -  ResidentSetSize of job (KB)
...
006 (4430510.576.000) 09/08 21:28:26 Image size of job updated: 254120
	245  -  MemoryUsage of job (MB)
	250476  -  ResidentSetSize of job (KB)
...
006 (4430510.576.000) 09/08 21:43:28 Image size of job updated: 254236
	245  -  MemoryUsage of job (MB)
	250680  -  ResidentSetSize of job (KB)
...
006 (4430510.576.000) 09/08 21:48:28 Image size of job updated: 254384
	245  -  MemoryUsage of job (MB)
	250736  -  ResidentSetSize of job (KB)
...
006 (4430510.576.000) 09/08 22:03:32 Image size of job updated: 255992
	247  -  MemoryUsage of job (MB)
	252384  -  ResidentSetSize of job (KB)
...
006 (4430510.576.000) 09/08 22:08:31 Image size of job updated: 256052
	247  -  MemoryUsage of job (MB)
	252404  -  ResidentSetSize of job (KB)
...
006 (4430510.576.000) 09/08 22:23:33 Image size of job updated: 264468
	255  -  MemoryUsage of job (MB)
	260860  -  ResidentSetSize of job (KB)
...
006 (4430510.576.000) 09/08 22:28:33 Image size of job updated: 264468
	255  -  MemoryUsage of job (MB)
	260880  -  ResidentSetSize of job (KB)
...
006 (4430510.576.000) 09/08 23:58:44 Image size of job updated: 268600
	259  -  MemoryUsage of job (MB)
	264992  -  ResidentSetSize of job (KB)
...
006 (4430510.576.000) 09/09 00:03:45 Image size of job updated: 268660
	259  -  MemoryUsage of job (MB)
	265012  -  ResidentSetSize of job (KB)
...
006 (4430510.576.000) 09/09 01:50:21 Image size of job updated: 271988
	263  -  MemoryUsage of job (MB)
	268528  -  ResidentSetSize of job (KB)
...
006 (4430510.576.000) 09/09 01:55:22 Image size of job updated: 271996
	263  -  MemoryUsage of job (MB)
	268528  -  ResidentSetSize of job (KB)
...
006 (4430510.576.000) 09/09 04:55:37 Image size of job updated: 274240
	265  -  MemoryUsage of job (MB)
	270632  -  ResidentSetSize of job (KB)
...
006 (4430510.576.000) 09/09 05:00:39 Image size of job updated: 274240
	265  -  MemoryUsage of job (MB)
	270652  -  ResidentSetSize of job (KB)
...
006 (4430510.576.000) 09/09 05:15:40 Image size of job updated: 274532
	265  -  MemoryUsage of job (MB)
	271080  -  ResidentSetSize of job (KB)
...
006 (4430510.576.000) 09/09 07:25:54 Image size of job updated: 277148
	268  -  MemoryUsage of job (MB)
	273504  -  ResidentSetSize of job (KB)
...
006 (4430510.576.000) 09/09 08:21:01 Image size of job updated: 277148
	268  -  MemoryUsage of job (MB)
	273864  -  ResidentSetSize of job (KB)
...
006 (4430510.576.000) 09/09 12:06:27 Image size of job updated: 281896
	272  -  MemoryUsage of job (MB)
	278248  -  ResidentSetSize of job (KB)
...
005 (4430510.576.000) 09/09 12:37:44 Job terminated.
	(1) Normal termination (return value 0)
		Usr 0 22:17:02, Sys 0 00:06:26  -  Run Remote Usage
		Usr 0 00:00:00, Sys 0 00:00:00  -  Run Local Usage
		Usr 0 22:17:02, Sys 0 00:06:26  -  Total Remote Usage
		Usr 0 00:00:00, Sys 0 00:00:00  -  Total Local Usage
	3534264  -  Run Bytes Sent By Job
	17284  -  Run Bytes Received By Job
	3534264  -  Total Bytes Sent By Job
	17284  -  Total Bytes Received By Job
	Partitionable Resources :    Usage  Request Allocated
	   Cpus                 :                 1         1
	   Disk (KB)            : 20541288 26214400  27655024
	   Ioheavy              :                           1
	   Memory (MB)          :      272      300       300
...
