000 (4430510.127.000) 09/08 09:59:23 Job submitted from host: <128.105.244.190:9618?addrs=128.105.244.190-9618&noUDP&sock=2714685_05e2_3>
...
001 (4430510.127.000) 09/08 11:20:17 Job executing on host: <128.105.245.222:9618?addrs=128.105.245.222-9618+[--1]-9618&noUDP&sock=5553_9925_3>
...
006 (4430510.127.000) 09/08 11:20:25 Image size of job updated: 476
	1  -  MemoryUsage of job (MB)
	476  -  ResidentSetSize of job (KB)
...
006 (4430510.127.000) 09/08 11:30:26 Image size of job updated: 552
	1  -  MemoryUsage of job (MB)
	552  -  ResidentSetSize of job (KB)
...
006 (4430510.127.000) 09/08 11:50:28 Image size of job updated: 164000
	156  -  MemoryUsage of job (MB)
	159600  -  ResidentSetSize of job (KB)
...
006 (4430510.127.000) 09/08 11:55:29 Image size of job updated: 203524
	172  -  MemoryUsage of job (MB)
	175764  -  ResidentSetSize of job (KB)
...
006 (4430510.127.000) 09/08 12:05:29 Image size of job updated: 203644
	172  -  MemoryUsage of job (MB)
	175764  -  ResidentSetSize of job (KB)
...
006 (4430510.127.000) 09/08 12:25:34 Image size of job updated: 217880
	188  -  MemoryUsage of job (MB)
	191960  -  ResidentSetSize of job (KB)
...
006 (4430510.127.000) 09/08 12:35:32 Image size of job updated: 219372
	189  -  MemoryUsage of job (MB)
	193452  -  ResidentSetSize of job (KB)
...
006 (4430510.127.000) 09/08 12:40:32 Image size of job updated: 229440
	199  -  MemoryUsage of job (MB)
	203612  -  ResidentSetSize of job (KB)
...
006 (4430510.127.000) 09/08 12:45:33 Image size of job updated: 229584
	199  -  MemoryUsage of job (MB)
	203664  -  ResidentSetSize of job (KB)
...
006 (4430510.127.000) 09/08 12:55:34 Image size of job updated: 251104
	220  -  MemoryUsage of job (MB)
	225228  -  ResidentSetSize of job (KB)
...
006 (4430510.127.000) 09/08 13:00:34 Image size of job updated: 251156
	220  -  MemoryUsage of job (MB)
	225240  -  ResidentSetSize of job (KB)
...
006 (4430510.127.000) 09/08 13:05:35 Image size of job updated: 251160
	220  -  MemoryUsage of job (MB)
	225240  -  ResidentSetSize of job (KB)
...
006 (4430510.127.000) 09/08 13:25:36 Image size of job updated: 253836
	223  -  MemoryUsage of job (MB)
	227956  -  ResidentSetSize of job (KB)
...
006 (4430510.127.000) 09/08 13:30:38 Image size of job updated: 253888
	223  -  MemoryUsage of job (MB)
	227968  -  ResidentSetSize of job (KB)
...
006 (4430510.127.000) 09/08 13:40:38 Image size of job updated: 255448
	225  -  MemoryUsage of job (MB)
	229528  -  ResidentSetSize of job (KB)
...
006 (4430510.127.000) 09/08 14:25:43 Image size of job updated: 258296
	227  -  MemoryUsage of job (MB)
	232384  -  ResidentSetSize of job (KB)
...
006 (4430510.127.000) 09/08 14:30:45 Image size of job updated: 258304
	227  -  MemoryUsage of job (MB)
	232384  -  ResidentSetSize of job (KB)
...
006 (4430510.127.000) 09/08 14:40:45 Image size of job updated: 259488
	229  -  MemoryUsage of job (MB)
	233568  -  ResidentSetSize of job (KB)
...
006 (4430510.127.000) 09/08 15:05:47 Image size of job updated: 261024
	230  -  MemoryUsage of job (MB)
	235148  -  ResidentSetSize of job (KB)
...
006 (4430510.127.000) 09/08 15:10:47 Image size of job updated: 261076
	230  -  MemoryUsage of job (MB)
	235160  -  ResidentSetSize of job (KB)
...
006 (4430510.127.000) 09/08 15:15:47 Image size of job updated: 261084
	230  -  MemoryUsage of job (MB)
	235160  -  ResidentSetSize of job (KB)
...
006 (4430510.127.000) 09/08 15:40:51 Image size of job updated: 261132
	230  -  MemoryUsage of job (MB)
	235212  -  ResidentSetSize of job (KB)
...
006 (4430510.127.000) 09/08 15:55:53 Image size of job updated: 262080
	231  -  MemoryUsage of job (MB)
	236164  -  ResidentSetSize of job (KB)
...
006 (4430510.127.000) 09/08 16:00:53 Image size of job updated: 262084
	231  -  MemoryUsage of job (MB)
	236164  -  ResidentSetSize of job (KB)
...
006 (4430510.127.000) 09/08 16:10:55 Image size of job updated: 262112
	231  -  MemoryUsage of job (MB)
	236192  -  ResidentSetSize of job (KB)
...
006 (4430510.127.000) 09/08 16:25:56 Image size of job updated: 263660
	233  -  MemoryUsage of job (MB)
	237780  -  ResidentSetSize of job (KB)
...
006 (4430510.127.000) 09/08 16:30:56 Image size of job updated: 263712
	233  -  MemoryUsage of job (MB)
	237792  -  ResidentSetSize of job (KB)
...
006 (4430510.127.000) 09/08 16:40:57 Image size of job updated: 266656
	236  -  MemoryUsage of job (MB)
	240776  -  ResidentSetSize of job (KB)
...
006 (4430510.127.000) 09/08 16:45:57 Image size of job updated: 266708
	236  -  MemoryUsage of job (MB)
	240788  -  ResidentSetSize of job (KB)
...
006 (4430510.127.000) 09/08 17:46:02 Image size of job updated: 266868
	236  -  MemoryUsage of job (MB)
	240988  -  ResidentSetSize of job (KB)
...
006 (4430510.127.000) 09/08 17:51:03 Image size of job updated: 266920
	236  -  MemoryUsage of job (MB)
	241000  -  ResidentSetSize of job (KB)
...
006 (4430510.127.000) 09/08 18:51:09 Image size of job updated: 267900
	237  -  MemoryUsage of job (MB)
	241948  -  ResidentSetSize of job (KB)
...
006 (4430510.127.000) 09/08 18:56:09 Image size of job updated: 268228
	237  -  MemoryUsage of job (MB)
	242280  -  ResidentSetSize of job (KB)
...
006 (4430510.127.000) 09/08 19:01:10 Image size of job updated: 268236
	237  -  MemoryUsage of job (MB)
	242280  -  ResidentSetSize of job (KB)
...
006 (4430510.127.000) 09/08 19:26:12 Image size of job updated: 268788
	238  -  MemoryUsage of job (MB)
	242928  -  ResidentSetSize of job (KB)
...
006 (4430510.127.000) 09/08 19:31:12 Image size of job updated: 268928
	238  -  MemoryUsage of job (MB)
	242980  -  ResidentSetSize of job (KB)
...
006 (4430510.127.000) 09/08 19:36:12 Image size of job updated: 268932
	238  -  MemoryUsage of job (MB)
	242980  -  ResidentSetSize of job (KB)
...
006 (4430510.127.000) 09/08 19:46:13 Image size of job updated: 269120
	238  -  MemoryUsage of job (MB)
	243212  -  ResidentSetSize of job (KB)
...
006 (4430510.127.000) 09/08 19:51:13 Image size of job updated: 269176
	238  -  MemoryUsage of job (MB)
	243224  -  ResidentSetSize of job (KB)
...
006 (4430510.127.000) 09/08 20:01:15 Image size of job updated: 269620
	239  -  MemoryUsage of job (MB)
	243760  -  ResidentSetSize of job (KB)
...
006 (4430510.127.000) 09/08 20:06:15 Image size of job updated: 269764
	239  -  MemoryUsage of job (MB)
	243812  -  ResidentSetSize of job (KB)
...
006 (4430510.127.000) 09/08 20:56:18 Image size of job updated: 269956
	239  -  MemoryUsage of job (MB)
	244048  -  ResidentSetSize of job (KB)
...
006 (4430510.127.000) 09/08 21:01:19 Image size of job updated: 270016
	239  -  MemoryUsage of job (MB)
	244060  -  ResidentSetSize of job (KB)
...
006 (4430510.127.000) 09/08 21:51:27 Image size of job updated: 271724
	241  -  MemoryUsage of job (MB)
	245776  -  ResidentSetSize of job (KB)
...
006 (4430510.127.000) 09/08 21:56:27 Image size of job updated: 271728
	241  -  MemoryUsage of job (MB)
	245776  -  ResidentSetSize of job (KB)
...
006 (4430510.127.000) 09/08 22:26:31 Image size of job updated: 273788
	243  -  MemoryUsage of job (MB)
	247876  -  ResidentSetSize of job (KB)
...
006 (4430510.127.000) 09/08 22:31:32 Image size of job updated: 273840
	243  -  MemoryUsage of job (MB)
	247888  -  ResidentSetSize of job (KB)
...
006 (4430510.127.000) 09/08 23:06:38 Image size of job updated: 275916
	245  -  MemoryUsage of job (MB)
	249968  -  ResidentSetSize of job (KB)
...
006 (4430510.127.000) 09/08 23:11:38 Image size of job updated: 275920
	245  -  MemoryUsage of job (MB)
	249968  -  ResidentSetSize of job (KB)
...
006 (4430510.127.000) 09/09 03:37:06 Image size of job updated: 276440
	245  -  MemoryUsage of job (MB)
	250492  -  ResidentSetSize of job (KB)
...
006 (4430510.127.000) 09/09 03:42:07 Image size of job updated: 276448
	245  -  MemoryUsage of job (MB)
	250492  -  ResidentSetSize of job (KB)
...
006 (4430510.127.000) 09/09 04:22:10 Image size of job updated: 276624
	245  -  MemoryUsage of job (MB)
	250668  -  ResidentSetSize of job (KB)
...
006 (4430510.127.000) 09/09 04:27:10 Image size of job updated: 277964
	247  -  MemoryUsage of job (MB)
	252048  -  ResidentSetSize of job (KB)
...
006 (4430510.127.000) 09/09 04:32:10 Image size of job updated: 278016
	247  -  MemoryUsage of job (MB)
	252060  -  ResidentSetSize of job (KB)
...
006 (4430510.127.000) 09/09 05:17:15 Image size of job updated: 278288
	247  -  MemoryUsage of job (MB)
	252328  -  ResidentSetSize of job (KB)
...
006 (4430510.127.000) 09/09 05:47:16 Image size of job updated: 278436
	247  -  MemoryUsage of job (MB)
	252484  -  ResidentSetSize of job (KB)
...
006 (4430510.127.000) 09/09 05:52:17 Image size of job updated: 278440
	247  -  MemoryUsage of job (MB)
	252484  -  ResidentSetSize of job (KB)
...
006 (4430510.127.000) 09/09 06:57:22 Image size of job updated: 279732
	248  -  MemoryUsage of job (MB)
	253788  -  ResidentSetSize of job (KB)
...
006 (4430510.127.000) 09/09 07:02:22 Image size of job updated: 279740
	248  -  MemoryUsage of job (MB)
	253788  -  ResidentSetSize of job (KB)
...
006 (4430510.127.000) 09/09 07:27:25 Image size of job updated: 282352
	251  -  MemoryUsage of job (MB)
	256440  -  ResidentSetSize of job (KB)
...
006 (4430510.127.000) 09/09 07:32:26 Image size of job updated: 282404
	251  -  MemoryUsage of job (MB)
	256452  -  ResidentSetSize of job (KB)
...
005 (4430510.127.000) 09/09 08:59:20 Job terminated.
	(1) Normal termination (return value 0)
		Usr 0 20:36:18, Sys 0 00:05:16  -  Run Remote Usage
		Usr 0 00:00:00, Sys 0 00:00:00  -  Run Local Usage
		Usr 0 20:36:18, Sys 0 00:05:16  -  Total Remote Usage
		Usr 0 00:00:00, Sys 0 00:00:00  -  Total Local Usage
	3533897  -  Run Bytes Sent By Job
	17284  -  Run Bytes Received By Job
	3533897  -  Total Bytes Sent By Job
	17284  -  Total Bytes Received By Job
	Partitionable Resources :    Usage  Request Allocated
	   Cpus                 :                 1         1
	   Disk (KB)            : 22271434 26214400  27569680
	   Ioheavy              :                           1
	   Memory (MB)          :      251      300       300
...
