000 (4430510.151.000) 09/08 09:59:23 Job submitted from host: <128.105.244.190:9618?addrs=128.105.244.190-9618&noUDP&sock=2714685_05e2_3>
...
001 (4430510.151.000) 09/08 11:20:17 Job executing on host: <128.105.245.232:9618?addrs=128.105.245.232-9618+[--1]-9618&noUDP&sock=5525_fa26_3>
...
006 (4430510.151.000) 09/08 11:20:25 Image size of job updated: 476
	1  -  MemoryUsage of job (MB)
	476  -  ResidentSetSize of job (KB)
...
006 (4430510.151.000) 09/08 11:30:26 Image size of job updated: 548
	1  -  MemoryUsage of job (MB)
	548  -  ResidentSetSize of job (KB)
...
006 (4430510.151.000) 09/08 12:05:29 Image size of job updated: 17456
	17  -  MemoryUsage of job (MB)
	16480  -  ResidentSetSize of job (KB)
...
006 (4430510.151.000) 09/08 12:10:30 Image size of job updated: 165284
	158  -  MemoryUsage of job (MB)
	160880  -  ResidentSetSize of job (KB)
...
006 (4430510.151.000) 09/08 12:15:30 Image size of job updated: 197368
	189  -  MemoryUsage of job (MB)
	192960  -  ResidentSetSize of job (KB)
...
006 (4430510.151.000) 09/08 12:20:31 Image size of job updated: 197372
	189  -  MemoryUsage of job (MB)
	192960  -  ResidentSetSize of job (KB)
...
006 (4430510.151.000) 09/08 12:25:32 Image size of job updated: 210468
	202  -  MemoryUsage of job (MB)
	206056  -  ResidentSetSize of job (KB)
...
006 (4430510.151.000) 09/08 12:30:33 Image size of job updated: 212224
	204  -  MemoryUsage of job (MB)
	207900  -  ResidentSetSize of job (KB)
...
006 (4430510.151.000) 09/08 12:35:33 Image size of job updated: 212364
	204  -  MemoryUsage of job (MB)
	207952  -  ResidentSetSize of job (KB)
...
006 (4430510.151.000) 09/08 12:40:34 Image size of job updated: 216924
	208  -  MemoryUsage of job (MB)
	212548  -  ResidentSetSize of job (KB)
...
006 (4430510.151.000) 09/08 12:45:35 Image size of job updated: 216976
	208  -  MemoryUsage of job (MB)
	212560  -  ResidentSetSize of job (KB)
...
006 (4430510.151.000) 09/08 12:50:35 Image size of job updated: 218088
	209  -  MemoryUsage of job (MB)
	213716  -  ResidentSetSize of job (KB)
...
006 (4430510.151.000) 09/08 12:55:35 Image size of job updated: 218144
	209  -  MemoryUsage of job (MB)
	213728  -  ResidentSetSize of job (KB)
...
006 (4430510.151.000) 09/08 13:00:37 Image size of job updated: 240224
	231  -  MemoryUsage of job (MB)
	235852  -  ResidentSetSize of job (KB)
...
006 (4430510.151.000) 09/08 13:05:38 Image size of job updated: 240284
	231  -  MemoryUsage of job (MB)
	235864  -  ResidentSetSize of job (KB)
...
006 (4430510.151.000) 09/08 13:15:38 Image size of job updated: 248560
	239  -  MemoryUsage of job (MB)
	244148  -  ResidentSetSize of job (KB)
...
006 (4430510.151.000) 09/08 13:25:39 Image size of job updated: 251040
	241  -  MemoryUsage of job (MB)
	246668  -  ResidentSetSize of job (KB)
...
006 (4430510.151.000) 09/08 13:30:40 Image size of job updated: 251092
	241  -  MemoryUsage of job (MB)
	246680  -  ResidentSetSize of job (KB)
...
006 (4430510.151.000) 09/08 13:45:41 Image size of job updated: 252436
	243  -  MemoryUsage of job (MB)
	248020  -  ResidentSetSize of job (KB)
...
006 (4430510.151.000) 09/08 13:55:42 Image size of job updated: 253788
	244  -  MemoryUsage of job (MB)
	249416  -  ResidentSetSize of job (KB)
...
006 (4430510.151.000) 09/08 14:00:42 Image size of job updated: 253844
	244  -  MemoryUsage of job (MB)
	249416  -  ResidentSetSize of job (KB)
...
006 (4430510.151.000) 09/08 14:45:49 Image size of job updated: 255572
	246  -  MemoryUsage of job (MB)
	251112  -  ResidentSetSize of job (KB)
...
006 (4430510.151.000) 09/08 14:50:49 Image size of job updated: 255624
	246  -  MemoryUsage of job (MB)
	251124  -  ResidentSetSize of job (KB)
...
006 (4430510.151.000) 09/08 15:00:50 Image size of job updated: 259320
	249  -  MemoryUsage of job (MB)
	254860  -  ResidentSetSize of job (KB)
...
006 (4430510.151.000) 09/08 15:05:50 Image size of job updated: 259372
	249  -  MemoryUsage of job (MB)
	254872  -  ResidentSetSize of job (KB)
...
006 (4430510.151.000) 09/08 15:35:54 Image size of job updated: 259844
	250  -  MemoryUsage of job (MB)
	255384  -  ResidentSetSize of job (KB)
...
006 (4430510.151.000) 09/08 15:40:54 Image size of job updated: 259896
	250  -  MemoryUsage of job (MB)
	255396  -  ResidentSetSize of job (KB)
...
006 (4430510.151.000) 09/08 15:50:55 Image size of job updated: 260052
	250  -  MemoryUsage of job (MB)
	255640  -  ResidentSetSize of job (KB)
...
006 (4430510.151.000) 09/08 15:55:55 Image size of job updated: 260196
	250  -  MemoryUsage of job (MB)
	255692  -  ResidentSetSize of job (KB)
...
006 (4430510.151.000) 09/08 16:05:55 Image size of job updated: 262280
	252  -  MemoryUsage of job (MB)
	257816  -  ResidentSetSize of job (KB)
...
006 (4430510.151.000) 09/08 16:10:57 Image size of job updated: 262332
	252  -  MemoryUsage of job (MB)
	257828  -  ResidentSetSize of job (KB)
...
006 (4430510.151.000) 09/08 17:46:05 Image size of job updated: 263592
	252  -  MemoryUsage of job (MB)
	257828  -  ResidentSetSize of job (KB)
...
006 (4430510.151.000) 09/08 17:51:05 Image size of job updated: 263648
	252  -  MemoryUsage of job (MB)
	257828  -  ResidentSetSize of job (KB)
...
006 (4430510.151.000) 09/08 18:16:06 Image size of job updated: 264380
	252  -  MemoryUsage of job (MB)
	257828  -  ResidentSetSize of job (KB)
...
006 (4430510.151.000) 09/08 18:21:06 Image size of job updated: 264436
	252  -  MemoryUsage of job (MB)
	257828  -  ResidentSetSize of job (KB)
...
006 (4430510.151.000) 09/08 18:56:11 Image size of job updated: 264476
	252  -  MemoryUsage of job (MB)
	257828  -  ResidentSetSize of job (KB)
...
006 (4430510.151.000) 09/08 19:06:12 Image size of job updated: 264996
	252  -  MemoryUsage of job (MB)
	257828  -  ResidentSetSize of job (KB)
...
006 (4430510.151.000) 09/08 19:31:16 Image size of job updated: 266304
	252  -  MemoryUsage of job (MB)
	257828  -  ResidentSetSize of job (KB)
...
006 (4430510.151.000) 09/08 19:36:16 Image size of job updated: 266360
	252  -  MemoryUsage of job (MB)
	257828  -  ResidentSetSize of job (KB)
...
006 (4430510.151.000) 09/08 19:46:18 Image size of job updated: 266556
	252  -  MemoryUsage of job (MB)
	257828  -  ResidentSetSize of job (KB)
...
006 (4430510.151.000) 09/08 19:51:18 Image size of job updated: 266612
	252  -  MemoryUsage of job (MB)
	257828  -  ResidentSetSize of job (KB)
...
006 (4430510.151.000) 09/08 20:06:19 Image size of job updated: 267052
	252  -  MemoryUsage of job (MB)
	257828  -  ResidentSetSize of job (KB)
...
006 (4430510.151.000) 09/08 20:11:19 Image size of job updated: 267056
	252  -  MemoryUsage of job (MB)
	257828  -  ResidentSetSize of job (KB)
...
006 (4430510.151.000) 09/08 20:21:22 Image size of job updated: 267888
	252  -  MemoryUsage of job (MB)
	257828  -  ResidentSetSize of job (KB)
...
006 (4430510.151.000) 09/08 20:36:22 Image size of job updated: 268184
	252  -  MemoryUsage of job (MB)
	257828  -  ResidentSetSize of job (KB)
...
006 (4430510.151.000) 09/08 20:41:23 Image size of job updated: 268188
	252  -  MemoryUsage of job (MB)
	257828  -  ResidentSetSize of job (KB)
...
006 (4430510.151.000) 09/08 21:06:25 Image size of job updated: 269144
	252  -  MemoryUsage of job (MB)
	257828  -  ResidentSetSize of job (KB)
...
006 (4430510.151.000) 09/08 21:11:26 Image size of job updated: 269200
	252  -  MemoryUsage of job (MB)
	257828  -  ResidentSetSize of job (KB)
...
006 (4430510.151.000) 09/08 21:26:27 Image size of job updated: 271176
	252  -  MemoryUsage of job (MB)
	257828  -  ResidentSetSize of job (KB)
...
006 (4430510.151.000) 09/08 21:31:27 Image size of job updated: 271228
	252  -  MemoryUsage of job (MB)
	257828  -  ResidentSetSize of job (KB)
...
006 (4430510.151.000) 09/08 21:36:27 Image size of job updated: 271232
	252  -  MemoryUsage of job (MB)
	257828  -  ResidentSetSize of job (KB)
...
006 (4430510.151.000) 09/08 22:16:31 Image size of job updated: 271500
	252  -  MemoryUsage of job (MB)
	257828  -  ResidentSetSize of job (KB)
...
006 (4430510.151.000) 09/08 22:21:31 Image size of job updated: 271508
	252  -  MemoryUsage of job (MB)
	257828  -  ResidentSetSize of job (KB)
...
006 (4430510.151.000) 09/08 23:01:36 Image size of job updated: 271624
	252  -  MemoryUsage of job (MB)
	257828  -  ResidentSetSize of job (KB)
...
006 (4430510.151.000) 09/08 23:06:38 Image size of job updated: 271676
	252  -  MemoryUsage of job (MB)
	257828  -  ResidentSetSize of job (KB)
...
006 (4430510.151.000) 09/09 00:06:51 Image size of job updated: 272100
	252  -  MemoryUsage of job (MB)
	257828  -  ResidentSetSize of job (KB)
...
006 (4430510.151.000) 09/09 00:11:47 Image size of job updated: 272108
	252  -  MemoryUsage of job (MB)
	257828  -  ResidentSetSize of job (KB)
...
006 (4430510.151.000) 09/09 00:46:50 Image size of job updated: 273052
	252  -  MemoryUsage of job (MB)
	257828  -  ResidentSetSize of job (KB)
...
006 (4430510.151.000) 09/09 00:51:51 Image size of job updated: 273196
	252  -  MemoryUsage of job (MB)
	257828  -  ResidentSetSize of job (KB)
...
006 (4430510.151.000) 09/09 00:56:52 Image size of job updated: 273200
	252  -  MemoryUsage of job (MB)
	257828  -  ResidentSetSize of job (KB)
...
006 (4430510.151.000) 09/09 02:17:00 Image size of job updated: 273512
	252  -  MemoryUsage of job (MB)
	257828  -  ResidentSetSize of job (KB)
...
006 (4430510.151.000) 09/09 02:22:00 Image size of job updated: 273564
	252  -  MemoryUsage of job (MB)
	257828  -  ResidentSetSize of job (KB)
...
006 (4430510.151.000) 09/09 02:32:02 Image size of job updated: 276208
	252  -  MemoryUsage of job (MB)
	257828  -  ResidentSetSize of job (KB)
...
006 (4430510.151.000) 09/09 02:37:02 Image size of job updated: 276212
	252  -  MemoryUsage of job (MB)
	257828  -  ResidentSetSize of job (KB)
...
006 (4430510.151.000) 09/09 04:42:16 Image size of job updated: 278476
	252  -  MemoryUsage of job (MB)
	257828  -  ResidentSetSize of job (KB)
...
006 (4430510.151.000) 09/09 04:47:16 Image size of job updated: 278532
	252  -  MemoryUsage of job (MB)
	257828  -  ResidentSetSize of job (KB)
...
006 (4430510.151.000) 09/09 05:27:20 Image size of job updated: 279068
	252  -  MemoryUsage of job (MB)
	257828  -  ResidentSetSize of job (KB)
...
006 (4430510.151.000) 09/09 05:32:20 Image size of job updated: 279120
	252  -  MemoryUsage of job (MB)
	257828  -  ResidentSetSize of job (KB)
...
006 (4430510.151.000) 09/09 06:17:25 Image size of job updated: 279180
	252  -  MemoryUsage of job (MB)
	257828  -  ResidentSetSize of job (KB)
...
006 (4430510.151.000) 09/09 06:22:25 Image size of job updated: 279236
	252  -  MemoryUsage of job (MB)
	257828  -  ResidentSetSize of job (KB)
...
006 (4430510.151.000) 09/09 06:47:27 Image size of job updated: 280360
	252  -  MemoryUsage of job (MB)
	257828  -  ResidentSetSize of job (KB)
...
006 (4430510.151.000) 09/09 06:52:27 Image size of job updated: 280412
	252  -  MemoryUsage of job (MB)
	257828  -  ResidentSetSize of job (KB)
...
006 (4430510.151.000) 09/09 07:02:30 Image size of job updated: 281780
	252  -  MemoryUsage of job (MB)
	257828  -  ResidentSetSize of job (KB)
...
006 (4430510.151.000) 09/09 07:32:34 Image size of job updated: 283660
	252  -  MemoryUsage of job (MB)
	257828  -  ResidentSetSize of job (KB)
...
006 (4430510.151.000) 09/09 07:37:34 Image size of job updated: 283664
	252  -  MemoryUsage of job (MB)
	257828  -  ResidentSetSize of job (KB)
...
006 (4430510.151.000) 09/09 07:57:39 Image size of job updated: 284852
	252  -  MemoryUsage of job (MB)
	257828  -  ResidentSetSize of job (KB)
...
006 (4430510.151.000) 09/09 08:02:37 Image size of job updated: 284904
	252  -  MemoryUsage of job (MB)
	257828  -  ResidentSetSize of job (KB)
...
006 (4430510.151.000) 09/09 08:07:37 Image size of job updated: 285716
	252  -  MemoryUsage of job (MB)
	257828  -  ResidentSetSize of job (KB)
...
005 (4430510.151.000) 09/09 08:11:50 Job terminated.
	(1) Normal termination (return value 0)
		Usr 0 19:37:24, Sys 0 00:04:58  -  Run Remote Usage
		Usr 0 00:00:00, Sys 0 00:00:00  -  Run Local Usage
		Usr 0 19:37:24, Sys 0 00:04:58  -  Total Remote Usage
		Usr 0 00:00:00, Sys 0 00:00:00  -  Total Local Usage
	3532218  -  Run Bytes Sent By Job
	17284  -  Run Bytes Received By Job
	3532218  -  Total Bytes Sent By Job
	17284  -  Total Bytes Received By Job
	Partitionable Resources :    Usage  Request Allocated
	   Cpus                 :                 1         1
	   Disk (KB)            : 21416991 26214400  26572238
	   Ioheavy              :                           1
	   Memory (MB)          :      252      300       300
...
