000 (4430510.405.000) 09/08 09:59:23 Job submitted from host: <128.105.244.190:9618?addrs=128.105.244.190-9618&noUDP&sock=2714685_05e2_3>
...
001 (4430510.405.000) 09/08 11:42:13 Job executing on host: <128.105.245.252:9618?addrs=128.105.245.252-9618+[--1]-9618&noUDP&sock=5536_4412_3>
...
006 (4430510.405.000) 09/08 11:42:23 Image size of job updated: 476
	1  -  MemoryUsage of job (MB)
	476  -  ResidentSetSize of job (KB)
...
006 (4430510.405.000) 09/08 11:47:24 Image size of job updated: 552
	1  -  MemoryUsage of job (MB)
	552  -  ResidentSetSize of job (KB)
...
006 (4430510.405.000) 09/08 12:02:25 Image size of job updated: 167556
	160  -  MemoryUsage of job (MB)
	163204  -  ResidentSetSize of job (KB)
...
006 (4430510.405.000) 09/08 12:07:25 Image size of job updated: 207540
	199  -  MemoryUsage of job (MB)
	203216  -  ResidentSetSize of job (KB)
...
006 (4430510.405.000) 09/08 12:12:26 Image size of job updated: 207592
	199  -  MemoryUsage of job (MB)
	203228  -  ResidentSetSize of job (KB)
...
006 (4430510.405.000) 09/08 12:42:29 Image size of job updated: 214028
	205  -  MemoryUsage of job (MB)
	209668  -  ResidentSetSize of job (KB)
...
006 (4430510.405.000) 09/08 12:47:29 Image size of job updated: 214032
	205  -  MemoryUsage of job (MB)
	209668  -  ResidentSetSize of job (KB)
...
006 (4430510.405.000) 09/08 12:52:29 Image size of job updated: 218144
	209  -  MemoryUsage of job (MB)
	213784  -  ResidentSetSize of job (KB)
...
006 (4430510.405.000) 09/08 12:57:30 Image size of job updated: 218148
	209  -  MemoryUsage of job (MB)
	213784  -  ResidentSetSize of job (KB)
...
006 (4430510.405.000) 09/08 13:02:30 Image size of job updated: 243488
	234  -  MemoryUsage of job (MB)
	239168  -  ResidentSetSize of job (KB)
...
006 (4430510.405.000) 09/08 13:07:30 Image size of job updated: 243548
	234  -  MemoryUsage of job (MB)
	239180  -  ResidentSetSize of job (KB)
...
006 (4430510.405.000) 09/08 13:17:32 Image size of job updated: 248556
	239  -  MemoryUsage of job (MB)
	244232  -  ResidentSetSize of job (KB)
...
006 (4430510.405.000) 09/08 13:22:32 Image size of job updated: 248608
	239  -  MemoryUsage of job (MB)
	244244  -  ResidentSetSize of job (KB)
...
006 (4430510.405.000) 09/08 13:47:32 Image size of job updated: 252168
	243  -  MemoryUsage of job (MB)
	247848  -  ResidentSetSize of job (KB)
...
006 (4430510.405.000) 09/08 13:52:34 Image size of job updated: 252224
	243  -  MemoryUsage of job (MB)
	247860  -  ResidentSetSize of job (KB)
...
006 (4430510.405.000) 09/08 14:07:35 Image size of job updated: 257556
	248  -  MemoryUsage of job (MB)
	253284  -  ResidentSetSize of job (KB)
...
006 (4430510.405.000) 09/08 14:12:37 Image size of job updated: 257704
	248  -  MemoryUsage of job (MB)
	253336  -  ResidentSetSize of job (KB)
...
006 (4430510.405.000) 09/08 14:42:41 Image size of job updated: 257864
	248  -  MemoryUsage of job (MB)
	253540  -  ResidentSetSize of job (KB)
...
006 (4430510.405.000) 09/08 14:47:41 Image size of job updated: 257916
	248  -  MemoryUsage of job (MB)
	253552  -  ResidentSetSize of job (KB)
...
006 (4430510.405.000) 09/08 14:52:41 Image size of job updated: 258412
	249  -  MemoryUsage of job (MB)
	254048  -  ResidentSetSize of job (KB)
...
006 (4430510.405.000) 09/08 15:07:44 Image size of job updated: 260664
	251  -  MemoryUsage of job (MB)
	256300  -  ResidentSetSize of job (KB)
...
006 (4430510.405.000) 09/08 15:27:45 Image size of job updated: 261004
	251  -  MemoryUsage of job (MB)
	256640  -  ResidentSetSize of job (KB)
...
006 (4430510.405.000) 09/08 15:37:46 Image size of job updated: 261052
	251  -  MemoryUsage of job (MB)
	256692  -  ResidentSetSize of job (KB)
...
006 (4430510.405.000) 09/08 15:42:46 Image size of job updated: 261056
	251  -  MemoryUsage of job (MB)
	256692  -  ResidentSetSize of job (KB)
...
006 (4430510.405.000) 09/08 16:27:51 Image size of job updated: 262332
	252  -  MemoryUsage of job (MB)
	258008  -  ResidentSetSize of job (KB)
...
006 (4430510.405.000) 09/08 16:32:52 Image size of job updated: 262384
	252  -  MemoryUsage of job (MB)
	258020  -  ResidentSetSize of job (KB)
...
006 (4430510.405.000) 09/08 17:27:57 Image size of job updated: 262724
	253  -  MemoryUsage of job (MB)
	258400  -  ResidentSetSize of job (KB)
...
006 (4430510.405.000) 09/08 17:32:58 Image size of job updated: 262776
	253  -  MemoryUsage of job (MB)
	258412  -  ResidentSetSize of job (KB)
...
006 (4430510.405.000) 09/08 17:47:59 Image size of job updated: 262904
	253  -  MemoryUsage of job (MB)
	258544  -  ResidentSetSize of job (KB)
...
006 (4430510.405.000) 09/08 17:52:59 Image size of job updated: 262908
	253  -  MemoryUsage of job (MB)
	258544  -  ResidentSetSize of job (KB)
...
006 (4430510.405.000) 09/08 18:03:01 Image size of job updated: 263568
	254  -  MemoryUsage of job (MB)
	259248  -  ResidentSetSize of job (KB)
...
006 (4430510.405.000) 09/08 18:08:01 Image size of job updated: 263624
	254  -  MemoryUsage of job (MB)
	259260  -  ResidentSetSize of job (KB)
...
006 (4430510.405.000) 09/08 18:23:02 Image size of job updated: 265536
	256  -  MemoryUsage of job (MB)
	261176  -  ResidentSetSize of job (KB)
...
006 (4430510.405.000) 09/08 18:28:02 Image size of job updated: 265544
	256  -  MemoryUsage of job (MB)
	261180  -  ResidentSetSize of job (KB)
...
006 (4430510.405.000) 09/08 18:58:05 Image size of job updated: 265964
	256  -  MemoryUsage of job (MB)
	261604  -  ResidentSetSize of job (KB)
...
006 (4430510.405.000) 09/08 19:03:05 Image size of job updated: 265968
	256  -  MemoryUsage of job (MB)
	261604  -  ResidentSetSize of job (KB)
...
006 (4430510.405.000) 09/08 19:28:08 Image size of job updated: 266056
	256  -  MemoryUsage of job (MB)
	261692  -  ResidentSetSize of job (KB)
...
006 (4430510.405.000) 09/08 19:33:08 Image size of job updated: 269152
	259  -  MemoryUsage of job (MB)
	264828  -  ResidentSetSize of job (KB)
...
006 (4430510.405.000) 09/08 19:38:10 Image size of job updated: 269204
	259  -  MemoryUsage of job (MB)
	264840  -  ResidentSetSize of job (KB)
...
006 (4430510.405.000) 09/08 19:43:10 Image size of job updated: 269840
	260  -  MemoryUsage of job (MB)
	265476  -  ResidentSetSize of job (KB)
...
006 (4430510.405.000) 09/08 22:13:27 Image size of job updated: 271872
	262  -  MemoryUsage of job (MB)
	267424  -  ResidentSetSize of job (KB)
...
006 (4430510.405.000) 09/08 22:23:27 Image size of job updated: 271876
	262  -  MemoryUsage of job (MB)
	267424  -  ResidentSetSize of job (KB)
...
006 (4430510.405.000) 09/08 22:28:28 Image size of job updated: 272436
	262  -  MemoryUsage of job (MB)
	267992  -  ResidentSetSize of job (KB)
...
006 (4430510.405.000) 09/08 22:33:28 Image size of job updated: 272444
	262  -  MemoryUsage of job (MB)
	267992  -  ResidentSetSize of job (KB)
...
006 (4430510.405.000) 09/08 23:53:36 Image size of job updated: 273908
	264  -  MemoryUsage of job (MB)
	269500  -  ResidentSetSize of job (KB)
...
006 (4430510.405.000) 09/08 23:58:36 Image size of job updated: 273960
	264  -  MemoryUsage of job (MB)
	269512  -  ResidentSetSize of job (KB)
...
006 (4430510.405.000) 09/09 01:28:44 Image size of job updated: 274908
	265  -  MemoryUsage of job (MB)
	270552  -  ResidentSetSize of job (KB)
...
006 (4430510.405.000) 09/09 01:33:45 Image size of job updated: 275052
	265  -  MemoryUsage of job (MB)
	270604  -  ResidentSetSize of job (KB)
...
006 (4430510.405.000) 09/09 02:28:50 Image size of job updated: 275972
	265  -  MemoryUsage of job (MB)
	271260  -  ResidentSetSize of job (KB)
...
006 (4430510.405.000) 09/09 02:33:51 Image size of job updated: 276024
	265  -  MemoryUsage of job (MB)
	271272  -  ResidentSetSize of job (KB)
...
006 (4430510.405.000) 09/09 02:43:51 Image size of job updated: 276196
	266  -  MemoryUsage of job (MB)
	271484  -  ResidentSetSize of job (KB)
...
006 (4430510.405.000) 09/09 02:48:52 Image size of job updated: 276248
	266  -  MemoryUsage of job (MB)
	271496  -  ResidentSetSize of job (KB)
...
006 (4430510.405.000) 09/09 02:53:52 Image size of job updated: 276252
	266  -  MemoryUsage of job (MB)
	271496  -  ResidentSetSize of job (KB)
...
006 (4430510.405.000) 09/09 02:58:53 Image size of job updated: 277056
	266  -  MemoryUsage of job (MB)
	272300  -  ResidentSetSize of job (KB)
...
006 (4430510.405.000) 09/09 04:49:06 Image size of job updated: 277056
	266  -  MemoryUsage of job (MB)
	272304  -  ResidentSetSize of job (KB)
...
006 (4430510.405.000) 09/09 05:19:09 Image size of job updated: 277128
	267  -  MemoryUsage of job (MB)
	272416  -  ResidentSetSize of job (KB)
...
006 (4430510.405.000) 09/09 05:24:10 Image size of job updated: 277180
	267  -  MemoryUsage of job (MB)
	272428  -  ResidentSetSize of job (KB)
...
006 (4430510.405.000) 09/09 05:39:12 Image size of job updated: 277588
	267  -  MemoryUsage of job (MB)
	272876  -  ResidentSetSize of job (KB)
...
006 (4430510.405.000) 09/09 05:44:12 Image size of job updated: 277640
	267  -  MemoryUsage of job (MB)
	272888  -  ResidentSetSize of job (KB)
...
006 (4430510.405.000) 09/09 05:54:13 Image size of job updated: 278624
	268  -  MemoryUsage of job (MB)
	273912  -  ResidentSetSize of job (KB)
...
006 (4430510.405.000) 09/09 05:59:14 Image size of job updated: 278676
	268  -  MemoryUsage of job (MB)
	273924  -  ResidentSetSize of job (KB)
...
006 (4430510.405.000) 09/09 06:09:15 Image size of job updated: 280176
	270  -  MemoryUsage of job (MB)
	275464  -  ResidentSetSize of job (KB)
...
006 (4430510.405.000) 09/09 06:14:15 Image size of job updated: 280228
	270  -  MemoryUsage of job (MB)
	275476  -  ResidentSetSize of job (KB)
...
006 (4430510.405.000) 09/09 09:04:34 Image size of job updated: 280676
	270  -  MemoryUsage of job (MB)
	276040  -  ResidentSetSize of job (KB)
...
006 (4430510.405.000) 09/09 09:09:34 Image size of job updated: 280920
	270  -  MemoryUsage of job (MB)
	276168  -  ResidentSetSize of job (KB)
...
006 (4430510.405.000) 09/09 09:54:39 Image size of job updated: 281340
	271  -  MemoryUsage of job (MB)
	276588  -  ResidentSetSize of job (KB)
...
005 (4430510.405.000) 09/09 10:04:49 Job terminated.
	(1) Normal termination (return value 0)
		Usr 0 21:37:18, Sys 0 00:05:20  -  Run Remote Usage
		Usr 0 00:00:00, Sys 0 00:00:00  -  Run Local Usage
		Usr 0 21:37:18, Sys 0 00:05:20  -  Total Remote Usage
		Usr 0 00:00:00, Sys 0 00:00:00  -  Total Local Usage
	3535914  -  Run Bytes Sent By Job
	17284  -  Run Bytes Received By Job
	3535914  -  Total Bytes Sent By Job
	17284  -  Total Bytes Received By Job
	Partitionable Resources :    Usage  Request Allocated
	   Cpus                 :                 1         1
	   Disk (KB)            : 22030973 26214400  27807013
	   Ioheavy              :                           1
	   Memory (MB)          :      271      300       300
...
