000 (4430510.658.000) 09/08 09:59:23 Job submitted from host: <128.105.244.190:9618?addrs=128.105.244.190-9618&noUDP&sock=2714685_05e2_3>
...
001 (4430510.658.000) 09/08 11:55:56 Job executing on host: <128.105.244.39:9618?addrs=128.105.244.39-9618+[--1]-9618&noUDP&sock=3844_eb26_50>
...
006 (4430510.658.000) 09/08 11:56:04 Image size of job updated: 476
	1  -  MemoryUsage of job (MB)
	476  -  ResidentSetSize of job (KB)
...
006 (4430510.658.000) 09/08 12:06:09 Image size of job updated: 548
	1  -  MemoryUsage of job (MB)
	476  -  ResidentSetSize of job (KB)
...
006 (4430510.658.000) 09/08 12:26:09 Image size of job updated: 164340
	157  -  MemoryUsage of job (MB)
	159980  -  ResidentSetSize of job (KB)
...
006 (4430510.658.000) 09/08 12:31:09 Image size of job updated: 203440
	195  -  MemoryUsage of job (MB)
	199072  -  ResidentSetSize of job (KB)
...
006 (4430510.658.000) 09/08 12:41:10 Image size of job updated: 207608
	195  -  MemoryUsage of job (MB)
	199072  -  ResidentSetSize of job (KB)
...
006 (4430510.658.000) 09/08 12:46:11 Image size of job updated: 215688
	195  -  MemoryUsage of job (MB)
	199072  -  ResidentSetSize of job (KB)
...
006 (4430510.658.000) 09/08 12:51:10 Image size of job updated: 215844
	195  -  MemoryUsage of job (MB)
	199072  -  ResidentSetSize of job (KB)
...
006 (4430510.658.000) 09/08 12:56:10 Image size of job updated: 218676
	195  -  MemoryUsage of job (MB)
	199072  -  ResidentSetSize of job (KB)
...
006 (4430510.658.000) 09/08 13:11:13 Image size of job updated: 239136
	209  -  MemoryUsage of job (MB)
	213264  -  ResidentSetSize of job (KB)
...
006 (4430510.658.000) 09/08 13:16:13 Image size of job updated: 239140
	209  -  MemoryUsage of job (MB)
	213264  -  ResidentSetSize of job (KB)
...
006 (4430510.658.000) 09/08 13:21:13 Image size of job updated: 249016
	218  -  MemoryUsage of job (MB)
	223184  -  ResidentSetSize of job (KB)
...
006 (4430510.658.000) 09/08 13:26:15 Image size of job updated: 249588
	219  -  MemoryUsage of job (MB)
	223712  -  ResidentSetSize of job (KB)
...
006 (4430510.658.000) 09/08 13:36:16 Image size of job updated: 251468
	219  -  MemoryUsage of job (MB)
	223712  -  ResidentSetSize of job (KB)
...
006 (4430510.658.000) 09/08 13:41:16 Image size of job updated: 251472
	219  -  MemoryUsage of job (MB)
	223712  -  ResidentSetSize of job (KB)
...
006 (4430510.658.000) 09/08 13:51:19 Image size of job updated: 255044
	224  -  MemoryUsage of job (MB)
	229168  -  ResidentSetSize of job (KB)
...
006 (4430510.658.000) 09/08 14:16:19 Image size of job updated: 257756
	227  -  MemoryUsage of job (MB)
	231924  -  ResidentSetSize of job (KB)
...
006 (4430510.658.000) 09/08 14:21:20 Image size of job updated: 257816
	227  -  MemoryUsage of job (MB)
	231944  -  ResidentSetSize of job (KB)
...
006 (4430510.658.000) 09/08 14:31:21 Image size of job updated: 260816
	230  -  MemoryUsage of job (MB)
	234948  -  ResidentSetSize of job (KB)
...
006 (4430510.658.000) 09/08 14:36:21 Image size of job updated: 260820
	230  -  MemoryUsage of job (MB)
	234948  -  ResidentSetSize of job (KB)
...
006 (4430510.658.000) 09/08 15:46:31 Image size of job updated: 262600
	232  -  MemoryUsage of job (MB)
	236732  -  ResidentSetSize of job (KB)
...
006 (4430510.658.000) 09/08 16:11:33 Image size of job updated: 263028
	232  -  MemoryUsage of job (MB)
	237200  -  ResidentSetSize of job (KB)
...
006 (4430510.658.000) 09/08 16:16:34 Image size of job updated: 263088
	232  -  MemoryUsage of job (MB)
	237220  -  ResidentSetSize of job (KB)
...
006 (4430510.658.000) 09/08 16:26:33 Image size of job updated: 264752
	234  -  MemoryUsage of job (MB)
	238924  -  ResidentSetSize of job (KB)
...
006 (4430510.658.000) 09/08 18:16:44 Image size of job updated: 265376
	234  -  MemoryUsage of job (MB)
	238924  -  ResidentSetSize of job (KB)
...
006 (4430510.658.000) 09/08 18:21:44 Image size of job updated: 267324
	234  -  MemoryUsage of job (MB)
	239060  -  ResidentSetSize of job (KB)
...
006 (4430510.658.000) 09/08 18:26:46 Image size of job updated: 267328
	234  -  MemoryUsage of job (MB)
	239060  -  ResidentSetSize of job (KB)
...
006 (4430510.658.000) 09/08 18:36:46 Image size of job updated: 267776
	234  -  MemoryUsage of job (MB)
	239508  -  ResidentSetSize of job (KB)
...
006 (4430510.658.000) 09/08 18:41:46 Image size of job updated: 267780
	234  -  MemoryUsage of job (MB)
	239508  -  ResidentSetSize of job (KB)
...
006 (4430510.658.000) 09/08 19:16:50 Image size of job updated: 268612
	235  -  MemoryUsage of job (MB)
	240384  -  ResidentSetSize of job (KB)
...
006 (4430510.658.000) 09/08 19:21:51 Image size of job updated: 268676
	235  -  MemoryUsage of job (MB)
	240404  -  ResidentSetSize of job (KB)
...
006 (4430510.658.000) 09/08 19:31:51 Image size of job updated: 271392
	238  -  MemoryUsage of job (MB)
	243128  -  ResidentSetSize of job (KB)
...
006 (4430510.658.000) 09/08 19:36:53 Image size of job updated: 271396
	238  -  MemoryUsage of job (MB)
	243128  -  ResidentSetSize of job (KB)
...
006 (4430510.658.000) 09/08 20:11:56 Image size of job updated: 271480
	238  -  MemoryUsage of job (MB)
	243252  -  ResidentSetSize of job (KB)
...
006 (4430510.658.000) 09/08 20:16:57 Image size of job updated: 271540
	238  -  MemoryUsage of job (MB)
	243272  -  ResidentSetSize of job (KB)
...
006 (4430510.658.000) 09/08 20:26:57 Image size of job updated: 274068
	241  -  MemoryUsage of job (MB)
	245840  -  ResidentSetSize of job (KB)
...
006 (4430510.658.000) 09/08 20:31:59 Image size of job updated: 274128
	241  -  MemoryUsage of job (MB)
	245860  -  ResidentSetSize of job (KB)
...
006 (4430510.658.000) 09/08 20:36:59 Image size of job updated: 274360
	241  -  MemoryUsage of job (MB)
	246092  -  ResidentSetSize of job (KB)
...
006 (4430510.658.000) 09/08 23:17:14 Image size of job updated: 274808
	241  -  MemoryUsage of job (MB)
	246544  -  ResidentSetSize of job (KB)
...
006 (4430510.658.000) 09/08 23:22:15 Image size of job updated: 274812
	241  -  MemoryUsage of job (MB)
	246544  -  ResidentSetSize of job (KB)
...
006 (4430510.658.000) 09/09 00:17:18 Image size of job updated: 275008
	241  -  MemoryUsage of job (MB)
	246780  -  ResidentSetSize of job (KB)
...
006 (4430510.658.000) 09/09 00:22:20 Image size of job updated: 275068
	242  -  MemoryUsage of job (MB)
	246800  -  ResidentSetSize of job (KB)
...
006 (4430510.658.000) 09/09 00:27:20 Image size of job updated: 275072
	242  -  MemoryUsage of job (MB)
	246800  -  ResidentSetSize of job (KB)
...
006 (4430510.658.000) 09/09 00:32:20 Image size of job updated: 277104
	244  -  MemoryUsage of job (MB)
	248928  -  ResidentSetSize of job (KB)
...
006 (4430510.658.000) 09/09 00:37:22 Image size of job updated: 277256
	244  -  MemoryUsage of job (MB)
	248988  -  ResidentSetSize of job (KB)
...
006 (4430510.658.000) 09/09 02:07:31 Image size of job updated: 278264
	245  -  MemoryUsage of job (MB)
	249996  -  ResidentSetSize of job (KB)
...
006 (4430510.658.000) 09/09 03:12:38 Image size of job updated: 278684
	245  -  MemoryUsage of job (MB)
	250412  -  ResidentSetSize of job (KB)
...
006 (4430510.658.000) 09/09 03:17:38 Image size of job updated: 279044
	245  -  MemoryUsage of job (MB)
	250780  -  ResidentSetSize of job (KB)
...
006 (4430510.658.000) 09/09 03:22:38 Image size of job updated: 279420
	246  -  MemoryUsage of job (MB)
	251152  -  ResidentSetSize of job (KB)
...
006 (4430510.658.000) 09/09 04:07:45 Image size of job updated: 281716
	248  -  MemoryUsage of job (MB)
	253488  -  ResidentSetSize of job (KB)
...
006 (4430510.658.000) 09/09 04:12:45 Image size of job updated: 281780
	248  -  MemoryUsage of job (MB)
	253508  -  ResidentSetSize of job (KB)
...
006 (4430510.658.000) 09/09 06:43:02 Image size of job updated: 281792
	248  -  MemoryUsage of job (MB)
	253508  -  ResidentSetSize of job (KB)
...
006 (4430510.658.000) 09/09 06:48:02 Image size of job updated: 281852
	248  -  MemoryUsage of job (MB)
	253508  -  ResidentSetSize of job (KB)
...
006 (4430510.658.000) 09/09 06:53:03 Image size of job updated: 281856
	248  -  MemoryUsage of job (MB)
	253508  -  ResidentSetSize of job (KB)
...
006 (4430510.658.000) 09/09 07:33:06 Image size of job updated: 282072
	248  -  MemoryUsage of job (MB)
	253508  -  ResidentSetSize of job (KB)
...
006 (4430510.658.000) 09/09 07:38:07 Image size of job updated: 282896
	248  -  MemoryUsage of job (MB)
	253508  -  ResidentSetSize of job (KB)
...
005 (4430510.658.000) 09/09 08:03:58 Job terminated.
	(1) Normal termination (return value 0)
		Usr 0 19:25:04, Sys 0 00:05:37  -  Run Remote Usage
		Usr 0 00:00:00, Sys 0 00:00:00  -  Run Local Usage
		Usr 0 19:25:04, Sys 0 00:05:37  -  Total Remote Usage
		Usr 0 00:00:00, Sys 0 00:00:00  -  Total Local Usage
	3541512  -  Run Bytes Sent By Job
	17284  -  Run Bytes Received By Job
	3541512  -  Total Bytes Sent By Job
	17284  -  Total Bytes Received By Job
	Partitionable Resources :    Usage  Request Allocated
	   Cpus                 :                 1         1
	   Disk (KB)            : 21971050 26214400  32531668
	   Ioheavy              :                           1
	   Memory (MB)          :      248      300       300
...
