000 (4430510.150.000) 09/08 09:59:23 Job submitted from host: <128.105.244.190:9618?addrs=128.105.244.190-9618&noUDP&sock=2714685_05e2_3>
...
001 (4430510.150.000) 09/08 11:20:17 Job executing on host: <128.105.245.33:9618?addrs=128.105.245.33-9618+[--1]-9618&noUDP&sock=5298_78fd_3>
...
006 (4430510.150.000) 09/08 11:20:25 Image size of job updated: 476
	1  -  MemoryUsage of job (MB)
	476  -  ResidentSetSize of job (KB)
...
006 (4430510.150.000) 09/08 11:30:26 Image size of job updated: 556
	1  -  MemoryUsage of job (MB)
	552  -  ResidentSetSize of job (KB)
...
006 (4430510.150.000) 09/08 11:50:40 Image size of job updated: 163992
	156  -  MemoryUsage of job (MB)
	159640  -  ResidentSetSize of job (KB)
...
006 (4430510.150.000) 09/08 12:05:01 Image size of job updated: 192524
	185  -  MemoryUsage of job (MB)
	188676  -  ResidentSetSize of job (KB)
...
006 (4430510.150.000) 09/08 12:13:06 Image size of job updated: 202620
	195  -  MemoryUsage of job (MB)
	198700  -  ResidentSetSize of job (KB)
...
006 (4430510.150.000) 09/08 12:33:24 Image size of job updated: 204272
	196  -  MemoryUsage of job (MB)
	200312  -  ResidentSetSize of job (KB)
...
006 (4430510.150.000) 09/08 12:42:00 Image size of job updated: 207492
	199  -  MemoryUsage of job (MB)
	203528  -  ResidentSetSize of job (KB)
...
006 (4430510.150.000) 09/08 12:56:18 Image size of job updated: 209468
	201  -  MemoryUsage of job (MB)
	205612  -  ResidentSetSize of job (KB)
...
006 (4430510.150.000) 09/08 13:06:29 Image size of job updated: 242696
	234  -  MemoryUsage of job (MB)
	238912  -  ResidentSetSize of job (KB)
...
006 (4430510.150.000) 09/08 13:11:24 Image size of job updated: 242732
	234  -  MemoryUsage of job (MB)
	238968  -  ResidentSetSize of job (KB)
...
006 (4430510.150.000) 09/08 13:48:42 Image size of job updated: 249448
	241  -  MemoryUsage of job (MB)
	245804  -  ResidentSetSize of job (KB)
...
006 (4430510.150.000) 09/08 14:59:04 Image size of job updated: 252172
	244  -  MemoryUsage of job (MB)
	248864  -  ResidentSetSize of job (KB)
...
006 (4430510.150.000) 09/08 15:57:12 Image size of job updated: 259420
	250  -  MemoryUsage of job (MB)
	255788  -  ResidentSetSize of job (KB)
...
006 (4430510.150.000) 09/08 16:02:13 Image size of job updated: 259488
	250  -  MemoryUsage of job (MB)
	255808  -  ResidentSetSize of job (KB)
...
006 (4430510.150.000) 09/08 18:12:27 Image size of job updated: 259488
	250  -  MemoryUsage of job (MB)
	255968  -  ResidentSetSize of job (KB)
...
006 (4430510.150.000) 09/08 18:17:28 Image size of job updated: 260780
	252  -  MemoryUsage of job (MB)
	257168  -  ResidentSetSize of job (KB)
...
006 (4430510.150.000) 09/08 18:22:28 Image size of job updated: 260780
	252  -  MemoryUsage of job (MB)
	257188  -  ResidentSetSize of job (KB)
...
006 (4430510.150.000) 09/08 19:47:39 Image size of job updated: 266620
	257  -  MemoryUsage of job (MB)
	262948  -  ResidentSetSize of job (KB)
...
006 (4430510.150.000) 09/08 21:17:49 Image size of job updated: 269084
	260  -  MemoryUsage of job (MB)
	265500  -  ResidentSetSize of job (KB)
...
006 (4430510.150.000) 09/08 21:22:49 Image size of job updated: 269084
	260  -  MemoryUsage of job (MB)
	265556  -  ResidentSetSize of job (KB)
...
006 (4430510.150.000) 09/08 22:52:59 Image size of job updated: 271048
	262  -  MemoryUsage of job (MB)
	267424  -  ResidentSetSize of job (KB)
...
006 (4430510.150.000) 09/08 23:08:02 Image size of job updated: 272180
	263  -  MemoryUsage of job (MB)
	268548  -  ResidentSetSize of job (KB)
...
006 (4430510.150.000) 09/08 23:13:07 Image size of job updated: 272220
	263  -  MemoryUsage of job (MB)
	268568  -  ResidentSetSize of job (KB)
...
006 (4430510.150.000) 09/09 02:34:42 Image size of job updated: 274100
	265  -  MemoryUsage of job (MB)
	270464  -  ResidentSetSize of job (KB)
...
006 (4430510.150.000) 09/09 02:39:46 Image size of job updated: 274148
	265  -  MemoryUsage of job (MB)
	270484  -  ResidentSetSize of job (KB)
...
006 (4430510.150.000) 09/09 06:40:33 Image size of job updated: 276264
	267  -  MemoryUsage of job (MB)
	272680  -  ResidentSetSize of job (KB)
...
006 (4430510.150.000) 09/09 06:45:33 Image size of job updated: 276412
	267  -  MemoryUsage of job (MB)
	272736  -  ResidentSetSize of job (KB)
...
006 (4430510.150.000) 09/09 07:55:40 Image size of job updated: 277112
	268  -  MemoryUsage of job (MB)
	273476  -  ResidentSetSize of job (KB)
...
006 (4430510.150.000) 09/09 08:00:41 Image size of job updated: 277132
	268  -  MemoryUsage of job (MB)
	273496  -  ResidentSetSize of job (KB)
...
006 (4430510.150.000) 09/09 08:35:42 Image size of job updated: 277660
	268  -  MemoryUsage of job (MB)
	273988  -  ResidentSetSize of job (KB)
...
006 (4430510.150.000) 09/09 08:40:42 Image size of job updated: 277664
	268  -  MemoryUsage of job (MB)
	273988  -  ResidentSetSize of job (KB)
...
006 (4430510.150.000) 09/09 09:31:01 Image size of job updated: 280756
	271  -  MemoryUsage of job (MB)
	277316  -  ResidentSetSize of job (KB)
...
006 (4430510.150.000) 09/09 09:35:48 Image size of job updated: 280824
	271  -  MemoryUsage of job (MB)
	277336  -  ResidentSetSize of job (KB)
...
005 (4430510.150.000) 09/09 11:39:08 Job terminated.
	(1) Normal termination (return value 0)
		Usr 0 22:28:11, Sys 0 00:07:28  -  Run Remote Usage
		Usr 0 00:00:00, Sys 0 00:00:00  -  Run Local Usage
		Usr 0 22:28:11, Sys 0 00:07:28  -  Total Remote Usage
		Usr 0 00:00:00, Sys 0 00:00:00  -  Total Local Usage
	3535380  -  Run Bytes Sent By Job
	17284  -  Run Bytes Received By Job
	3535380  -  Total Bytes Sent By Job
	17284  -  Total Bytes Received By Job
	Partitionable Resources :    Usage  Request Allocated
	   Cpus                 :                 1         1
	   Disk (KB)            : 22037056 26214400  32107048
	   Ioheavy              :                           1
	   Memory (MB)          :      271      300       300
...
