000 (4430510.602.000) 09/08 09:59:23 Job submitted from host: <128.105.244.190:9618?addrs=128.105.244.190-9618&noUDP&sock=2714685_05e2_3>
...
001 (4430510.602.000) 09/08 11:53:09 Job executing on host: <128.105.244.29:9618?addrs=128.105.244.29-9618+[--1]-9618&noUDP&sock=9918_5344_3>
...
006 (4430510.602.000) 09/08 11:53:17 Image size of job updated: 476
	1  -  MemoryUsage of job (MB)
	476  -  ResidentSetSize of job (KB)
...
006 (4430510.602.000) 09/08 12:03:18 Image size of job updated: 544
	1  -  MemoryUsage of job (MB)
	544  -  ResidentSetSize of job (KB)
...
006 (4430510.602.000) 09/08 12:43:26 Image size of job updated: 164772
	157  -  MemoryUsage of job (MB)
	160424  -  ResidentSetSize of job (KB)
...
006 (4430510.602.000) 09/08 12:48:25 Image size of job updated: 203404
	195  -  MemoryUsage of job (MB)
	199092  -  ResidentSetSize of job (KB)
...
006 (4430510.602.000) 09/08 12:53:26 Image size of job updated: 203464
	195  -  MemoryUsage of job (MB)
	199112  -  ResidentSetSize of job (KB)
...
006 (4430510.602.000) 09/08 13:03:26 Image size of job updated: 208924
	195  -  MemoryUsage of job (MB)
	199112  -  ResidentSetSize of job (KB)
...
006 (4430510.602.000) 09/08 13:08:28 Image size of job updated: 217184
	195  -  MemoryUsage of job (MB)
	199112  -  ResidentSetSize of job (KB)
...
006 (4430510.602.000) 09/08 13:13:28 Image size of job updated: 217820
	195  -  MemoryUsage of job (MB)
	199112  -  ResidentSetSize of job (KB)
...
006 (4430510.602.000) 09/08 13:18:27 Image size of job updated: 217880
	195  -  MemoryUsage of job (MB)
	199112  -  ResidentSetSize of job (KB)
...
006 (4430510.602.000) 09/08 13:28:29 Image size of job updated: 243972
	214  -  MemoryUsage of job (MB)
	218212  -  ResidentSetSize of job (KB)
...
006 (4430510.602.000) 09/08 13:33:29 Image size of job updated: 244124
	214  -  MemoryUsage of job (MB)
	218272  -  ResidentSetSize of job (KB)
...
006 (4430510.602.000) 09/08 13:43:31 Image size of job updated: 250272
	220  -  MemoryUsage of job (MB)
	224420  -  ResidentSetSize of job (KB)
...
006 (4430510.602.000) 09/08 13:53:32 Image size of job updated: 252768
	222  -  MemoryUsage of job (MB)
	226920  -  ResidentSetSize of job (KB)
...
006 (4430510.602.000) 09/08 13:58:33 Image size of job updated: 252772
	222  -  MemoryUsage of job (MB)
	226920  -  ResidentSetSize of job (KB)
...
006 (4430510.602.000) 09/08 14:03:33 Image size of job updated: 253404
	223  -  MemoryUsage of job (MB)
	227592  -  ResidentSetSize of job (KB)
...
006 (4430510.602.000) 09/08 14:08:33 Image size of job updated: 256256
	226  -  MemoryUsage of job (MB)
	230404  -  ResidentSetSize of job (KB)
...
006 (4430510.602.000) 09/08 14:28:36 Image size of job updated: 256372
	226  -  MemoryUsage of job (MB)
	230524  -  ResidentSetSize of job (KB)
...
006 (4430510.602.000) 09/08 14:33:36 Image size of job updated: 256376
	226  -  MemoryUsage of job (MB)
	230524  -  ResidentSetSize of job (KB)
...
006 (4430510.602.000) 09/08 14:38:36 Image size of job updated: 258628
	228  -  MemoryUsage of job (MB)
	232816  -  ResidentSetSize of job (KB)
...
006 (4430510.602.000) 09/08 14:43:38 Image size of job updated: 258688
	228  -  MemoryUsage of job (MB)
	232836  -  ResidentSetSize of job (KB)
...
006 (4430510.602.000) 09/08 14:53:38 Image size of job updated: 260324
	229  -  MemoryUsage of job (MB)
	234472  -  ResidentSetSize of job (KB)
...
006 (4430510.602.000) 09/08 15:28:43 Image size of job updated: 262432
	232  -  MemoryUsage of job (MB)
	236620  -  ResidentSetSize of job (KB)
...
006 (4430510.602.000) 09/08 15:33:43 Image size of job updated: 262492
	232  -  MemoryUsage of job (MB)
	236640  -  ResidentSetSize of job (KB)
...
006 (4430510.602.000) 09/08 16:08:45 Image size of job updated: 262892
	232  -  MemoryUsage of job (MB)
	237080  -  ResidentSetSize of job (KB)
...
006 (4430510.602.000) 09/08 16:13:47 Image size of job updated: 262956
	232  -  MemoryUsage of job (MB)
	237080  -  ResidentSetSize of job (KB)
...
006 (4430510.602.000) 09/08 16:38:49 Image size of job updated: 264180
	233  -  MemoryUsage of job (MB)
	238376  -  ResidentSetSize of job (KB)
...
006 (4430510.602.000) 09/08 16:43:49 Image size of job updated: 264244
	233  -  MemoryUsage of job (MB)
	238396  -  ResidentSetSize of job (KB)
...
006 (4430510.602.000) 09/08 17:08:54 Image size of job updated: 266200
	235  -  MemoryUsage of job (MB)
	240356  -  ResidentSetSize of job (KB)
...
006 (4430510.602.000) 09/08 17:13:53 Image size of job updated: 266204
	235  -  MemoryUsage of job (MB)
	240356  -  ResidentSetSize of job (KB)
...
006 (4430510.602.000) 09/08 17:18:54 Image size of job updated: 267060
	236  -  MemoryUsage of job (MB)
	241212  -  ResidentSetSize of job (KB)
...
006 (4430510.602.000) 09/08 18:54:06 Image size of job updated: 267400
	236  -  MemoryUsage of job (MB)
	241212  -  ResidentSetSize of job (KB)
...
006 (4430510.602.000) 09/08 18:59:06 Image size of job updated: 269192
	236  -  MemoryUsage of job (MB)
	241212  -  ResidentSetSize of job (KB)
...
006 (4430510.602.000) 09/08 19:04:05 Image size of job updated: 269992
	236  -  MemoryUsage of job (MB)
	241212  -  ResidentSetSize of job (KB)
...
006 (4430510.602.000) 09/08 20:39:14 Image size of job updated: 270120
	236  -  MemoryUsage of job (MB)
	241212  -  ResidentSetSize of job (KB)
...
006 (4430510.602.000) 09/08 20:44:14 Image size of job updated: 270184
	236  -  MemoryUsage of job (MB)
	241212  -  ResidentSetSize of job (KB)
...
006 (4430510.602.000) 09/08 20:49:14 Image size of job updated: 270188
	236  -  MemoryUsage of job (MB)
	241212  -  ResidentSetSize of job (KB)
...
006 (4430510.602.000) 09/08 20:54:16 Image size of job updated: 271056
	237  -  MemoryUsage of job (MB)
	242104  -  ResidentSetSize of job (KB)
...
006 (4430510.602.000) 09/08 20:59:16 Image size of job updated: 271116
	237  -  MemoryUsage of job (MB)
	242124  -  ResidentSetSize of job (KB)
...
006 (4430510.602.000) 09/08 21:14:17 Image size of job updated: 272148
	238  -  MemoryUsage of job (MB)
	243156  -  ResidentSetSize of job (KB)
...
006 (4430510.602.000) 09/08 21:24:18 Image size of job updated: 272352
	238  -  MemoryUsage of job (MB)
	243400  -  ResidentSetSize of job (KB)
...
006 (4430510.602.000) 09/08 21:29:19 Image size of job updated: 272416
	238  -  MemoryUsage of job (MB)
	243424  -  ResidentSetSize of job (KB)
...
006 (4430510.602.000) 09/08 21:34:19 Image size of job updated: 273224
	239  -  MemoryUsage of job (MB)
	244228  -  ResidentSetSize of job (KB)
...
006 (4430510.602.000) 09/08 21:39:20 Image size of job updated: 274396
	240  -  MemoryUsage of job (MB)
	245408  -  ResidentSetSize of job (KB)
...
006 (4430510.602.000) 09/08 21:44:28 Image size of job updated: 274708
	240  -  MemoryUsage of job (MB)
	245716  -  ResidentSetSize of job (KB)
...
006 (4430510.602.000) 09/08 23:19:29 Image size of job updated: 276108
	242  -  MemoryUsage of job (MB)
	247120  -  ResidentSetSize of job (KB)
...
006 (4430510.602.000) 09/08 23:24:31 Image size of job updated: 276112
	242  -  MemoryUsage of job (MB)
	247120  -  ResidentSetSize of job (KB)
...
006 (4430510.602.000) 09/09 01:29:47 Image size of job updated: 276176
	242  -  MemoryUsage of job (MB)
	247120  -  ResidentSetSize of job (KB)
...
006 (4430510.602.000) 09/09 01:54:49 Image size of job updated: 276240
	242  -  MemoryUsage of job (MB)
	247120  -  ResidentSetSize of job (KB)
...
006 (4430510.602.000) 09/09 02:09:51 Image size of job updated: 276348
	242  -  MemoryUsage of job (MB)
	247120  -  ResidentSetSize of job (KB)
...
006 (4430510.602.000) 09/09 02:14:52 Image size of job updated: 276352
	242  -  MemoryUsage of job (MB)
	247120  -  ResidentSetSize of job (KB)
...
006 (4430510.602.000) 09/09 02:24:52 Image size of job updated: 276668
	242  -  MemoryUsage of job (MB)
	247400  -  ResidentSetSize of job (KB)
...
006 (4430510.602.000) 09/09 02:29:54 Image size of job updated: 276672
	242  -  MemoryUsage of job (MB)
	247400  -  ResidentSetSize of job (KB)
...
006 (4430510.602.000) 09/09 02:34:54 Image size of job updated: 279600
	245  -  MemoryUsage of job (MB)
	250328  -  ResidentSetSize of job (KB)
...
006 (4430510.602.000) 09/09 04:00:04 Image size of job updated: 280580
	246  -  MemoryUsage of job (MB)
	251308  -  ResidentSetSize of job (KB)
...
006 (4430510.602.000) 09/09 05:00:12 Image size of job updated: 281600
	247  -  MemoryUsage of job (MB)
	252420  -  ResidentSetSize of job (KB)
...
006 (4430510.602.000) 09/09 05:05:12 Image size of job updated: 281752
	247  -  MemoryUsage of job (MB)
	252480  -  ResidentSetSize of job (KB)
...
005 (4430510.602.000) 09/09 06:45:32 Job terminated.
	(1) Normal termination (return value 0)
		Usr 0 17:48:18, Sys 0 00:05:49  -  Run Remote Usage
		Usr 0 00:00:00, Sys 0 00:00:00  -  Run Local Usage
		Usr 0 17:48:18, Sys 0 00:05:49  -  Total Remote Usage
		Usr 0 00:00:00, Sys 0 00:00:00  -  Total Local Usage
	3536251  -  Run Bytes Sent By Job
	17284  -  Run Bytes Received By Job
	3536251  -  Total Bytes Sent By Job
	17284  -  Total Bytes Received By Job
	Partitionable Resources :    Usage  Request Allocated
	   Cpus                 :                 1         1
	   Disk (KB)            : 21496707 26214400  32485316
	   Ioheavy              :                           1
	   Memory (MB)          :      247      300       300
...
