000 (4430510.297.000) 09/08 09:59:23 Job submitted from host: <128.105.244.190:9618?addrs=128.105.244.190-9618&noUDP&sock=2714685_05e2_3>
...
001 (4430510.297.000) 09/08 11:28:13 Job executing on host: <128.105.245.4:9618?addrs=128.105.245.4-9618+[--1]-9618&noUDP&sock=3865_39bd_3>
...
006 (4430510.297.000) 09/08 11:28:21 Image size of job updated: 472
	1  -  MemoryUsage of job (MB)
	472  -  ResidentSetSize of job (KB)
...
006 (4430510.297.000) 09/08 11:33:22 Image size of job updated: 564
	1  -  MemoryUsage of job (MB)
	544  -  ResidentSetSize of job (KB)
...
006 (4430510.297.000) 09/08 11:53:25 Image size of job updated: 164424
	157  -  MemoryUsage of job (MB)
	160016  -  ResidentSetSize of job (KB)
...
006 (4430510.297.000) 09/08 11:58:25 Image size of job updated: 207596
	199  -  MemoryUsage of job (MB)
	203180  -  ResidentSetSize of job (KB)
...
006 (4430510.297.000) 09/08 12:03:24 Image size of job updated: 211312
	203  -  MemoryUsage of job (MB)
	206896  -  ResidentSetSize of job (KB)
...
006 (4430510.297.000) 09/08 12:08:24 Image size of job updated: 216968
	208  -  MemoryUsage of job (MB)
	212552  -  ResidentSetSize of job (KB)
...
006 (4430510.297.000) 09/08 12:13:28 Image size of job updated: 219152
	210  -  MemoryUsage of job (MB)
	214744  -  ResidentSetSize of job (KB)
...
006 (4430510.297.000) 09/08 12:18:28 Image size of job updated: 219160
	210  -  MemoryUsage of job (MB)
	214744  -  ResidentSetSize of job (KB)
...
006 (4430510.297.000) 09/08 12:28:26 Image size of job updated: 242744
	212  -  MemoryUsage of job (MB)
	216480  -  ResidentSetSize of job (KB)
...
006 (4430510.297.000) 09/08 12:38:28 Image size of job updated: 248836
	218  -  MemoryUsage of job (MB)
	222568  -  ResidentSetSize of job (KB)
...
006 (4430510.297.000) 09/08 13:08:31 Image size of job updated: 251652
	221  -  MemoryUsage of job (MB)
	225624  -  ResidentSetSize of job (KB)
...
006 (4430510.297.000) 09/08 13:18:34 Image size of job updated: 254900
	224  -  MemoryUsage of job (MB)
	229344  -  ResidentSetSize of job (KB)
...
006 (4430510.297.000) 09/08 13:23:34 Image size of job updated: 255316
	225  -  MemoryUsage of job (MB)
	229760  -  ResidentSetSize of job (KB)
...
006 (4430510.297.000) 09/08 13:28:34 Image size of job updated: 255976
	226  -  MemoryUsage of job (MB)
	230420  -  ResidentSetSize of job (KB)
...
006 (4430510.297.000) 09/08 13:38:37 Image size of job updated: 258620
	228  -  MemoryUsage of job (MB)
	233108  -  ResidentSetSize of job (KB)
...
006 (4430510.297.000) 09/08 13:43:36 Image size of job updated: 258680
	228  -  MemoryUsage of job (MB)
	233128  -  ResidentSetSize of job (KB)
...
006 (4430510.297.000) 09/08 14:38:43 Image size of job updated: 261428
	228  -  MemoryUsage of job (MB)
	233128  -  ResidentSetSize of job (KB)
...
006 (4430510.297.000) 09/08 14:48:44 Image size of job updated: 261428
	230  -  MemoryUsage of job (MB)
	235192  -  ResidentSetSize of job (KB)
...
006 (4430510.297.000) 09/08 14:58:45 Image size of job updated: 263128
	233  -  MemoryUsage of job (MB)
	237616  -  ResidentSetSize of job (KB)
...
006 (4430510.297.000) 09/08 15:03:46 Image size of job updated: 263192
	233  -  MemoryUsage of job (MB)
	237636  -  ResidentSetSize of job (KB)
...
006 (4430510.297.000) 09/08 15:13:47 Image size of job updated: 263332
	233  -  MemoryUsage of job (MB)
	237776  -  ResidentSetSize of job (KB)
...
006 (4430510.297.000) 09/08 15:58:50 Image size of job updated: 264044
	233  -  MemoryUsage of job (MB)
	238488  -  ResidentSetSize of job (KB)
...
006 (4430510.297.000) 09/08 16:08:52 Image size of job updated: 264380
	234  -  MemoryUsage of job (MB)
	238864  -  ResidentSetSize of job (KB)
...
006 (4430510.297.000) 09/08 16:13:53 Image size of job updated: 264440
	234  -  MemoryUsage of job (MB)
	238864  -  ResidentSetSize of job (KB)
...
006 (4430510.297.000) 09/08 16:23:53 Image size of job updated: 264508
	234  -  MemoryUsage of job (MB)
	238952  -  ResidentSetSize of job (KB)
...
006 (4430510.297.000) 09/08 16:33:54 Image size of job updated: 266732
	236  -  MemoryUsage of job (MB)
	241180  -  ResidentSetSize of job (KB)
...
006 (4430510.297.000) 09/08 16:38:53 Image size of job updated: 266736
	236  -  MemoryUsage of job (MB)
	241180  -  ResidentSetSize of job (KB)
...
006 (4430510.297.000) 09/08 18:08:58 Image size of job updated: 270392
	236  -  MemoryUsage of job (MB)
	241180  -  ResidentSetSize of job (KB)
...
006 (4430510.297.000) 09/08 18:49:03 Image size of job updated: 270936
	236  -  MemoryUsage of job (MB)
	241180  -  ResidentSetSize of job (KB)
...
006 (4430510.297.000) 09/08 19:24:06 Image size of job updated: 271092
	236  -  MemoryUsage of job (MB)
	241180  -  ResidentSetSize of job (KB)
...
006 (4430510.297.000) 09/08 19:29:06 Image size of job updated: 271156
	236  -  MemoryUsage of job (MB)
	241180  -  ResidentSetSize of job (KB)
...
006 (4430510.297.000) 09/08 19:39:07 Image size of job updated: 271980
	236  -  MemoryUsage of job (MB)
	241400  -  ResidentSetSize of job (KB)
...
006 (4430510.297.000) 09/08 19:44:07 Image size of job updated: 272148
	236  -  MemoryUsage of job (MB)
	241568  -  ResidentSetSize of job (KB)
...
006 (4430510.297.000) 09/08 20:04:08 Image size of job updated: 272636
	237  -  MemoryUsage of job (MB)
	242056  -  ResidentSetSize of job (KB)
...
006 (4430510.297.000) 09/08 20:54:15 Image size of job updated: 273512
	237  -  MemoryUsage of job (MB)
	242056  -  ResidentSetSize of job (KB)
...
006 (4430510.297.000) 09/08 21:19:17 Image size of job updated: 274212
	237  -  MemoryUsage of job (MB)
	242056  -  ResidentSetSize of job (KB)
...
006 (4430510.297.000) 09/08 21:29:19 Image size of job updated: 276376
	238  -  MemoryUsage of job (MB)
	243268  -  ResidentSetSize of job (KB)
...
006 (4430510.297.000) 09/08 21:34:19 Image size of job updated: 276380
	238  -  MemoryUsage of job (MB)
	243268  -  ResidentSetSize of job (KB)
...
006 (4430510.297.000) 09/08 23:14:29 Image size of job updated: 276392
	238  -  MemoryUsage of job (MB)
	243324  -  ResidentSetSize of job (KB)
...
006 (4430510.297.000) 09/08 23:19:29 Image size of job updated: 276456
	238  -  MemoryUsage of job (MB)
	243344  -  ResidentSetSize of job (KB)
...
006 (4430510.297.000) 09/08 23:39:31 Image size of job updated: 276868
	239  -  MemoryUsage of job (MB)
	243764  -  ResidentSetSize of job (KB)
...
006 (4430510.297.000) 09/08 23:44:32 Image size of job updated: 276876
	239  -  MemoryUsage of job (MB)
	243764  -  ResidentSetSize of job (KB)
...
006 (4430510.297.000) 09/08 23:54:33 Image size of job updated: 276880
	239  -  MemoryUsage of job (MB)
	243772  -  ResidentSetSize of job (KB)
...
006 (4430510.297.000) 09/09 00:04:33 Image size of job updated: 277460
	239  -  MemoryUsage of job (MB)
	244352  -  ResidentSetSize of job (KB)
...
006 (4430510.297.000) 09/09 00:39:35 Image size of job updated: 278272
	240  -  MemoryUsage of job (MB)
	245164  -  ResidentSetSize of job (KB)
...
006 (4430510.297.000) 09/09 01:24:43 Image size of job updated: 278528
	240  -  MemoryUsage of job (MB)
	245460  -  ResidentSetSize of job (KB)
...
006 (4430510.297.000) 09/09 01:29:41 Image size of job updated: 278588
	240  -  MemoryUsage of job (MB)
	245480  -  ResidentSetSize of job (KB)
...
006 (4430510.297.000) 09/09 01:49:44 Image size of job updated: 281088
	243  -  MemoryUsage of job (MB)
	248020  -  ResidentSetSize of job (KB)
...
006 (4430510.297.000) 09/09 01:54:44 Image size of job updated: 281148
	243  -  MemoryUsage of job (MB)
	248040  -  ResidentSetSize of job (KB)
...
005 (4430510.297.000) 09/09 03:13:52 Job terminated.
	(1) Normal termination (return value 0)
		Usr 0 14:45:32, Sys 0 00:06:34  -  Run Remote Usage
		Usr 0 00:00:00, Sys 0 00:00:00  -  Run Local Usage
		Usr 0 14:45:32, Sys 0 00:06:34  -  Total Remote Usage
		Usr 0 00:00:00, Sys 0 00:00:00  -  Total Local Usage
	3533520  -  Run Bytes Sent By Job
	17284  -  Run Bytes Received By Job
	3533520  -  Total Bytes Sent By Job
	17284  -  Total Bytes Received By Job
	Partitionable Resources :    Usage  Request Allocated
	   Cpus                 :                 1         1
	   Disk (KB)            : 20157462 26214400  36961224
	   Ioheavy              :                           1
	   Memory (MB)          :      243      300       300
...
