000 (4430510.626.000) 09/08 09:59:23 Job submitted from host: <128.105.244.190:9618?addrs=128.105.244.190-9618&noUDP&sock=2714685_05e2_3>
...
001 (4430510.626.000) 09/08 11:53:12 Job executing on host: <128.105.245.32:9618?addrs=128.105.245.32-9618+[--1]-9618&noUDP&sock=5017_880a_3>
...
006 (4430510.626.000) 09/08 11:53:21 Image size of job updated: 472
	1  -  MemoryUsage of job (MB)
	472  -  ResidentSetSize of job (KB)
...
006 (4430510.626.000) 09/08 12:03:22 Image size of job updated: 556
	1  -  MemoryUsage of job (MB)
	548  -  ResidentSetSize of job (KB)
...
006 (4430510.626.000) 09/08 12:51:22 Image size of job updated: 23616
	23  -  MemoryUsage of job (MB)
	22680  -  ResidentSetSize of job (KB)
...
006 (4430510.626.000) 09/08 13:01:40 Image size of job updated: 92224
	87  -  MemoryUsage of job (MB)
	88760  -  ResidentSetSize of job (KB)
...
006 (4430510.626.000) 09/08 13:14:11 Image size of job updated: 96008
	91  -  MemoryUsage of job (MB)
	92804  -  ResidentSetSize of job (KB)
...
006 (4430510.626.000) 09/08 13:32:19 Image size of job updated: 211352
	204  -  MemoryUsage of job (MB)
	208472  -  ResidentSetSize of job (KB)
...
006 (4430510.626.000) 09/08 13:46:29 Image size of job updated: 214220
	206  -  MemoryUsage of job (MB)
	210612  -  ResidentSetSize of job (KB)
...
006 (4430510.626.000) 09/08 14:09:16 Image size of job updated: 227932
	220  -  MemoryUsage of job (MB)
	224348  -  ResidentSetSize of job (KB)
...
006 (4430510.626.000) 09/08 14:24:27 Image size of job updated: 244784
	236  -  MemoryUsage of job (MB)
	241320  -  ResidentSetSize of job (KB)
...
006 (4430510.626.000) 09/08 14:29:14 Image size of job updated: 244784
	236  -  MemoryUsage of job (MB)
	241340  -  ResidentSetSize of job (KB)
...
006 (4430510.626.000) 09/08 14:59:17 Image size of job updated: 250348
	241  -  MemoryUsage of job (MB)
	246736  -  ResidentSetSize of job (KB)
...
006 (4430510.626.000) 09/08 15:04:18 Image size of job updated: 250408
	241  -  MemoryUsage of job (MB)
	246756  -  ResidentSetSize of job (KB)
...
006 (4430510.626.000) 09/08 17:02:50 Image size of job updated: 255644
	248  -  MemoryUsage of job (MB)
	252976  -  ResidentSetSize of job (KB)
...
006 (4430510.626.000) 09/08 17:12:34 Image size of job updated: 256964
	248  -  MemoryUsage of job (MB)
	253412  -  ResidentSetSize of job (KB)
...
006 (4430510.626.000) 09/08 17:22:34 Image size of job updated: 257112
	248  -  MemoryUsage of job (MB)
	253468  -  ResidentSetSize of job (KB)
...
006 (4430510.626.000) 09/08 19:23:57 Image size of job updated: 260916
	253  -  MemoryUsage of job (MB)
	258144  -  ResidentSetSize of job (KB)
...
006 (4430510.626.000) 09/08 20:13:53 Image size of job updated: 262524
	253  -  MemoryUsage of job (MB)
	258880  -  ResidentSetSize of job (KB)
...
006 (4430510.626.000) 09/08 20:18:50 Image size of job updated: 262528
	253  -  MemoryUsage of job (MB)
	258880  -  ResidentSetSize of job (KB)
...
006 (4430510.626.000) 09/08 20:31:21 Image size of job updated: 264504
	255  -  MemoryUsage of job (MB)
	260948  -  ResidentSetSize of job (KB)
...
006 (4430510.626.000) 09/08 20:41:29 Image size of job updated: 264652
	255  -  MemoryUsage of job (MB)
	261004  -  ResidentSetSize of job (KB)
...
006 (4430510.626.000) 09/08 23:50:18 Image size of job updated: 266376
	257  -  MemoryUsage of job (MB)
	262728  -  ResidentSetSize of job (KB)
...
006 (4430510.626.000) 09/09 01:01:14 Image size of job updated: 269392
	260  -  MemoryUsage of job (MB)
	265780  -  ResidentSetSize of job (KB)
...
006 (4430510.626.000) 09/09 02:36:29 Image size of job updated: 271580
	262  -  MemoryUsage of job (MB)
	267956  -  ResidentSetSize of job (KB)
...
006 (4430510.626.000) 09/09 02:41:29 Image size of job updated: 271584
	262  -  MemoryUsage of job (MB)
	267956  -  ResidentSetSize of job (KB)
...
006 (4430510.626.000) 09/09 05:31:46 Image size of job updated: 271584
	262  -  MemoryUsage of job (MB)
	268072  -  ResidentSetSize of job (KB)
...
006 (4430510.626.000) 09/09 07:27:00 Image size of job updated: 274648
	265  -  MemoryUsage of job (MB)
	271040  -  ResidentSetSize of job (KB)
...
006 (4430510.626.000) 09/09 07:32:01 Image size of job updated: 274708
	265  -  MemoryUsage of job (MB)
	271060  -  ResidentSetSize of job (KB)
...
006 (4430510.626.000) 09/09 09:42:14 Image size of job updated: 276492
	267  -  MemoryUsage of job (MB)
	272884  -  ResidentSetSize of job (KB)
...
006 (4430510.626.000) 09/09 09:47:15 Image size of job updated: 276492
	267  -  MemoryUsage of job (MB)
	272904  -  ResidentSetSize of job (KB)
...
006 (4430510.626.000) 09/09 11:57:31 Image size of job updated: 277112
	268  -  MemoryUsage of job (MB)
	273504  -  ResidentSetSize of job (KB)
...
006 (4430510.626.000) 09/09 12:02:30 Image size of job updated: 277172
	268  -  MemoryUsage of job (MB)
	273524  -  ResidentSetSize of job (KB)
...
006 (4430510.626.000) 09/09 12:17:32 Image size of job updated: 278624
	269  -  MemoryUsage of job (MB)
	275024  -  ResidentSetSize of job (KB)
...
006 (4430510.626.000) 09/09 12:22:31 Image size of job updated: 278680
	269  -  MemoryUsage of job (MB)
	275044  -  ResidentSetSize of job (KB)
...
006 (4430510.626.000) 09/09 13:47:41 Image size of job updated: 280008
	270  -  MemoryUsage of job (MB)
	276360  -  ResidentSetSize of job (KB)
...
006 (4430510.626.000) 09/09 13:52:41 Image size of job updated: 280012
	270  -  MemoryUsage of job (MB)
	276360  -  ResidentSetSize of job (KB)
...
005 (4430510.626.000) 09/09 13:58:33 Job terminated.
	(1) Normal termination (return value 0)
		Usr 0 23:34:53, Sys 0 00:07:00  -  Run Remote Usage
		Usr 0 00:00:00, Sys 0 00:00:00  -  Run Local Usage
		Usr 0 23:34:53, Sys 0 00:07:00  -  Total Remote Usage
		Usr 0 00:00:00, Sys 0 00:00:00  -  Total Local Usage
	3533726  -  Run Bytes Sent By Job
	17284  -  Run Bytes Received By Job
	3533726  -  Total Bytes Sent By Job
	17284  -  Total Bytes Received By Job
	Partitionable Resources :    Usage  Request Allocated
	   Cpus                 :                 1         1
	   Disk (KB)            : 19902405 26214400  29046261
	   Ioheavy              :                           1
	   Memory (MB)          :      270      300       300
...
