000 (4430510.043.000) 09/08 09:59:23 Job submitted from host: <128.105.244.190:9618?addrs=128.105.244.190-9618&noUDP&sock=2714685_05e2_3>
...
001 (4430510.043.000) 09/08 11:16:20 Job executing on host: <128.105.245.214:9618?addrs=128.105.245.214-9618+[--1]-9618&noUDP&sock=5510_888c_3>
...
006 (4430510.043.000) 09/08 11:16:28 Image size of job updated: 472
	1  -  MemoryUsage of job (MB)
	472  -  ResidentSetSize of job (KB)
...
006 (4430510.043.000) 09/08 11:26:29 Image size of job updated: 552
	1  -  MemoryUsage of job (MB)
	552  -  ResidentSetSize of job (KB)
...
006 (4430510.043.000) 09/08 12:56:39 Image size of job updated: 32180
	31  -  MemoryUsage of job (MB)
	31196  -  ResidentSetSize of job (KB)
...
006 (4430510.043.000) 09/08 13:01:39 Image size of job updated: 164488
	157  -  MemoryUsage of job (MB)
	160076  -  ResidentSetSize of job (KB)
...
006 (4430510.043.000) 09/08 13:06:39 Image size of job updated: 201044
	192  -  MemoryUsage of job (MB)
	196604  -  ResidentSetSize of job (KB)
...
006 (4430510.043.000) 09/08 13:16:41 Image size of job updated: 206388
	198  -  MemoryUsage of job (MB)
	201952  -  ResidentSetSize of job (KB)
...
006 (4430510.043.000) 09/08 13:21:41 Image size of job updated: 217428
	209  -  MemoryUsage of job (MB)
	213028  -  ResidentSetSize of job (KB)
...
006 (4430510.043.000) 09/08 13:26:41 Image size of job updated: 217480
	209  -  MemoryUsage of job (MB)
	213040  -  ResidentSetSize of job (KB)
...
006 (4430510.043.000) 09/08 13:31:41 Image size of job updated: 218120
	209  -  MemoryUsage of job (MB)
	213724  -  ResidentSetSize of job (KB)
...
006 (4430510.043.000) 09/08 13:36:43 Image size of job updated: 218176
	209  -  MemoryUsage of job (MB)
	213736  -  ResidentSetSize of job (KB)
...
006 (4430510.043.000) 09/08 13:41:44 Image size of job updated: 218504
	210  -  MemoryUsage of job (MB)
	214104  -  ResidentSetSize of job (KB)
...
006 (4430510.043.000) 09/08 13:46:44 Image size of job updated: 218556
	210  -  MemoryUsage of job (MB)
	214116  -  ResidentSetSize of job (KB)
...
006 (4430510.043.000) 09/08 13:51:44 Image size of job updated: 243276
	234  -  MemoryUsage of job (MB)
	238880  -  ResidentSetSize of job (KB)
...
006 (4430510.043.000) 09/08 13:56:44 Image size of job updated: 243332
	234  -  MemoryUsage of job (MB)
	238892  -  ResidentSetSize of job (KB)
...
006 (4430510.043.000) 09/08 14:21:48 Image size of job updated: 250296
	241  -  MemoryUsage of job (MB)
	245860  -  ResidentSetSize of job (KB)
...
006 (4430510.043.000) 09/08 14:36:51 Image size of job updated: 253112
	243  -  MemoryUsage of job (MB)
	248672  -  ResidentSetSize of job (KB)
...
006 (4430510.043.000) 09/08 14:46:51 Image size of job updated: 255344
	246  -  MemoryUsage of job (MB)
	250948  -  ResidentSetSize of job (KB)
...
006 (4430510.043.000) 09/08 14:51:52 Image size of job updated: 255400
	246  -  MemoryUsage of job (MB)
	250960  -  ResidentSetSize of job (KB)
...
006 (4430510.043.000) 09/08 15:21:56 Image size of job updated: 256308
	246  -  MemoryUsage of job (MB)
	251868  -  ResidentSetSize of job (KB)
...
006 (4430510.043.000) 09/08 15:31:57 Image size of job updated: 258296
	248  -  MemoryUsage of job (MB)
	253948  -  ResidentSetSize of job (KB)
...
006 (4430510.043.000) 09/08 15:36:57 Image size of job updated: 258440
	249  -  MemoryUsage of job (MB)
	254000  -  ResidentSetSize of job (KB)
...
006 (4430510.043.000) 09/08 16:01:59 Image size of job updated: 259764
	250  -  MemoryUsage of job (MB)
	255416  -  ResidentSetSize of job (KB)
...
006 (4430510.043.000) 09/08 16:07:01 Image size of job updated: 259908
	250  -  MemoryUsage of job (MB)
	255468  -  ResidentSetSize of job (KB)
...
006 (4430510.043.000) 09/08 16:22:03 Image size of job updated: 261552
	252  -  MemoryUsage of job (MB)
	257112  -  ResidentSetSize of job (KB)
...
006 (4430510.043.000) 09/08 16:37:04 Image size of job updated: 264036
	254  -  MemoryUsage of job (MB)
	259600  -  ResidentSetSize of job (KB)
...
006 (4430510.043.000) 09/08 16:42:04 Image size of job updated: 264040
	254  -  MemoryUsage of job (MB)
	259600  -  ResidentSetSize of job (KB)
...
006 (4430510.043.000) 09/08 18:12:13 Image size of job updated: 266112
	254  -  MemoryUsage of job (MB)
	259600  -  ResidentSetSize of job (KB)
...
006 (4430510.043.000) 09/08 18:17:13 Image size of job updated: 266116
	254  -  MemoryUsage of job (MB)
	259600  -  ResidentSetSize of job (KB)
...
006 (4430510.043.000) 09/08 19:32:23 Image size of job updated: 268976
	254  -  MemoryUsage of job (MB)
	259600  -  ResidentSetSize of job (KB)
...
006 (4430510.043.000) 09/08 19:37:23 Image size of job updated: 268980
	254  -  MemoryUsage of job (MB)
	259600  -  ResidentSetSize of job (KB)
...
006 (4430510.043.000) 09/08 20:47:31 Image size of job updated: 269996
	254  -  MemoryUsage of job (MB)
	259600  -  ResidentSetSize of job (KB)
...
006 (4430510.043.000) 09/08 20:52:31 Image size of job updated: 270048
	254  -  MemoryUsage of job (MB)
	259600  -  ResidentSetSize of job (KB)
...
006 (4430510.043.000) 09/08 21:17:35 Image size of job updated: 270840
	254  -  MemoryUsage of job (MB)
	259600  -  ResidentSetSize of job (KB)
...
006 (4430510.043.000) 09/08 21:22:35 Image size of job updated: 270984
	254  -  MemoryUsage of job (MB)
	259600  -  ResidentSetSize of job (KB)
...
006 (4430510.043.000) 09/08 22:07:40 Image size of job updated: 271788
	254  -  MemoryUsage of job (MB)
	259600  -  ResidentSetSize of job (KB)
...
006 (4430510.043.000) 09/08 22:12:40 Image size of job updated: 271840
	254  -  MemoryUsage of job (MB)
	259600  -  ResidentSetSize of job (KB)
...
006 (4430510.043.000) 09/08 22:22:40 Image size of job updated: 274960
	254  -  MemoryUsage of job (MB)
	259600  -  ResidentSetSize of job (KB)
...
006 (4430510.043.000) 09/08 22:27:41 Image size of job updated: 275016
	254  -  MemoryUsage of job (MB)
	259600  -  ResidentSetSize of job (KB)
...
006 (4430510.043.000) 09/09 02:38:10 Image size of job updated: 275976
	254  -  MemoryUsage of job (MB)
	259600  -  ResidentSetSize of job (KB)
...
006 (4430510.043.000) 09/09 02:43:11 Image size of job updated: 276116
	254  -  MemoryUsage of job (MB)
	259600  -  ResidentSetSize of job (KB)
...
006 (4430510.043.000) 09/09 03:18:14 Image size of job updated: 276356
	254  -  MemoryUsage of job (MB)
	259600  -  ResidentSetSize of job (KB)
...
006 (4430510.043.000) 09/09 03:23:14 Image size of job updated: 276364
	254  -  MemoryUsage of job (MB)
	259600  -  ResidentSetSize of job (KB)
...
006 (4430510.043.000) 09/09 04:13:20 Image size of job updated: 276368
	254  -  MemoryUsage of job (MB)
	259600  -  ResidentSetSize of job (KB)
...
006 (4430510.043.000) 09/09 04:23:20 Image size of job updated: 277284
	254  -  MemoryUsage of job (MB)
	259684  -  ResidentSetSize of job (KB)
...
006 (4430510.043.000) 09/09 04:28:21 Image size of job updated: 277340
	254  -  MemoryUsage of job (MB)
	259696  -  ResidentSetSize of job (KB)
...
006 (4430510.043.000) 09/09 04:33:21 Image size of job updated: 277344
	254  -  MemoryUsage of job (MB)
	259696  -  ResidentSetSize of job (KB)
...
006 (4430510.043.000) 09/09 06:08:29 Image size of job updated: 278312
	255  -  MemoryUsage of job (MB)
	260672  -  ResidentSetSize of job (KB)
...
006 (4430510.043.000) 09/09 06:13:30 Image size of job updated: 278316
	255  -  MemoryUsage of job (MB)
	260672  -  ResidentSetSize of job (KB)
...
006 (4430510.043.000) 09/09 07:18:35 Image size of job updated: 278484
	255  -  MemoryUsage of job (MB)
	260840  -  ResidentSetSize of job (KB)
...
006 (4430510.043.000) 09/09 07:53:39 Image size of job updated: 281608
	258  -  MemoryUsage of job (MB)
	263964  -  ResidentSetSize of job (KB)
...
006 (4430510.043.000) 09/09 08:58:46 Image size of job updated: 281708
	258  -  MemoryUsage of job (MB)
	264064  -  ResidentSetSize of job (KB)
...
005 (4430510.043.000) 09/09 10:02:38 Job terminated.
	(1) Normal termination (return value 0)
		Usr 0 20:37:37, Sys 0 00:04:58  -  Run Remote Usage
		Usr 0 00:00:00, Sys 0 00:00:00  -  Run Local Usage
		Usr 0 20:37:37, Sys 0 00:04:58  -  Total Remote Usage
		Usr 0 00:00:00, Sys 0 00:00:00  -  Total Local Usage
	3533139  -  Run Bytes Sent By Job
	17284  -  Run Bytes Received By Job
	3533139  -  Total Bytes Sent By Job
	17284  -  Total Bytes Received By Job
	Partitionable Resources :    Usage  Request Allocated
	   Cpus                 :                 1         1
	   Disk (KB)            : 21887837 26214400  26571550
	   Ioheavy              :                           1
	   Memory (MB)          :      258      300       300
...
