000 (4430510.427.000) 09/08 09:59:23 Job submitted from host: <128.105.244.190:9618?addrs=128.105.244.190-9618&noUDP&sock=2714685_05e2_3>
...
001 (4430510.427.000) 09/08 11:42:13 Job executing on host: <128.105.245.140:9618?addrs=128.105.245.140-9618+[--1]-9618&noUDP&sock=5508_295b_3>
...
006 (4430510.427.000) 09/08 11:42:23 Image size of job updated: 476
	1  -  MemoryUsage of job (MB)
	476  -  ResidentSetSize of job (KB)
...
006 (4430510.427.000) 09/08 12:02:26 Image size of job updated: 552
	1  -  MemoryUsage of job (MB)
	552  -  ResidentSetSize of job (KB)
...
006 (4430510.427.000) 09/08 13:12:34 Image size of job updated: 153820
	146  -  MemoryUsage of job (MB)
	149460  -  ResidentSetSize of job (KB)
...
006 (4430510.427.000) 09/08 13:17:34 Image size of job updated: 204000
	195  -  MemoryUsage of job (MB)
	199636  -  ResidentSetSize of job (KB)
...
006 (4430510.427.000) 09/08 13:22:34 Image size of job updated: 204052
	195  -  MemoryUsage of job (MB)
	199648  -  ResidentSetSize of job (KB)
...
006 (4430510.427.000) 09/08 13:57:37 Image size of job updated: 205620
	197  -  MemoryUsage of job (MB)
	201212  -  ResidentSetSize of job (KB)
...
006 (4430510.427.000) 09/08 14:07:38 Image size of job updated: 230920
	222  -  MemoryUsage of job (MB)
	226512  -  ResidentSetSize of job (KB)
...
006 (4430510.427.000) 09/08 14:12:38 Image size of job updated: 230924
	222  -  MemoryUsage of job (MB)
	226512  -  ResidentSetSize of job (KB)
...
006 (4430510.427.000) 09/08 14:17:38 Image size of job updated: 236868
	228  -  MemoryUsage of job (MB)
	232500  -  ResidentSetSize of job (KB)
...
006 (4430510.427.000) 09/08 14:22:38 Image size of job updated: 236924
	228  -  MemoryUsage of job (MB)
	232512  -  ResidentSetSize of job (KB)
...
006 (4430510.427.000) 09/08 14:27:39 Image size of job updated: 236928
	228  -  MemoryUsage of job (MB)
	232512  -  ResidentSetSize of job (KB)
...
006 (4430510.427.000) 09/08 14:32:40 Image size of job updated: 238828
	229  -  MemoryUsage of job (MB)
	234456  -  ResidentSetSize of job (KB)
...
006 (4430510.427.000) 09/08 14:37:40 Image size of job updated: 238880
	229  -  MemoryUsage of job (MB)
	234468  -  ResidentSetSize of job (KB)
...
006 (4430510.427.000) 09/08 14:42:40 Image size of job updated: 244884
	235  -  MemoryUsage of job (MB)
	240472  -  ResidentSetSize of job (KB)
...
006 (4430510.427.000) 09/08 15:02:43 Image size of job updated: 248128
	239  -  MemoryUsage of job (MB)
	243760  -  ResidentSetSize of job (KB)
...
006 (4430510.427.000) 09/08 15:07:43 Image size of job updated: 248188
	239  -  MemoryUsage of job (MB)
	243772  -  ResidentSetSize of job (KB)
...
006 (4430510.427.000) 09/08 15:22:45 Image size of job updated: 256552
	247  -  MemoryUsage of job (MB)
	252140  -  ResidentSetSize of job (KB)
...
006 (4430510.427.000) 09/08 15:27:45 Image size of job updated: 256556
	247  -  MemoryUsage of job (MB)
	252140  -  ResidentSetSize of job (KB)
...
006 (4430510.427.000) 09/08 16:07:48 Image size of job updated: 260436
	251  -  MemoryUsage of job (MB)
	256032  -  ResidentSetSize of job (KB)
...
006 (4430510.427.000) 09/08 16:12:48 Image size of job updated: 260444
	251  -  MemoryUsage of job (MB)
	256032  -  ResidentSetSize of job (KB)
...
006 (4430510.427.000) 09/08 17:17:55 Image size of job updated: 262136
	251  -  MemoryUsage of job (MB)
	256032  -  ResidentSetSize of job (KB)
...
006 (4430510.427.000) 09/08 17:22:55 Image size of job updated: 262140
	251  -  MemoryUsage of job (MB)
	256032  -  ResidentSetSize of job (KB)
...
006 (4430510.427.000) 09/08 17:42:57 Image size of job updated: 262644
	251  -  MemoryUsage of job (MB)
	256032  -  ResidentSetSize of job (KB)
...
006 (4430510.427.000) 09/08 17:47:57 Image size of job updated: 262696
	251  -  MemoryUsage of job (MB)
	256032  -  ResidentSetSize of job (KB)
...
006 (4430510.427.000) 09/08 17:57:57 Image size of job updated: 263344
	251  -  MemoryUsage of job (MB)
	256032  -  ResidentSetSize of job (KB)
...
006 (4430510.427.000) 09/08 18:07:59 Image size of job updated: 265964
	251  -  MemoryUsage of job (MB)
	256032  -  ResidentSetSize of job (KB)
...
006 (4430510.427.000) 09/08 18:12:59 Image size of job updated: 266020
	251  -  MemoryUsage of job (MB)
	256032  -  ResidentSetSize of job (KB)
...
006 (4430510.427.000) 09/08 19:03:04 Image size of job updated: 267568
	251  -  MemoryUsage of job (MB)
	256032  -  ResidentSetSize of job (KB)
...
006 (4430510.427.000) 09/08 19:08:05 Image size of job updated: 267620
	251  -  MemoryUsage of job (MB)
	256032  -  ResidentSetSize of job (KB)
...
006 (4430510.427.000) 09/08 20:28:13 Image size of job updated: 268252
	251  -  MemoryUsage of job (MB)
	256032  -  ResidentSetSize of job (KB)
...
006 (4430510.427.000) 09/08 20:33:14 Image size of job updated: 268256
	251  -  MemoryUsage of job (MB)
	256032  -  ResidentSetSize of job (KB)
...
006 (4430510.427.000) 09/08 20:53:16 Image size of job updated: 268752
	251  -  MemoryUsage of job (MB)
	256032  -  ResidentSetSize of job (KB)
...
006 (4430510.427.000) 09/08 20:58:16 Image size of job updated: 268808
	251  -  MemoryUsage of job (MB)
	256032  -  ResidentSetSize of job (KB)
...
006 (4430510.427.000) 09/08 21:08:17 Image size of job updated: 269720
	251  -  MemoryUsage of job (MB)
	256032  -  ResidentSetSize of job (KB)
...
006 (4430510.427.000) 09/08 21:33:19 Image size of job updated: 271540
	251  -  MemoryUsage of job (MB)
	256032  -  ResidentSetSize of job (KB)
...
006 (4430510.427.000) 09/08 21:38:21 Image size of job updated: 271596
	251  -  MemoryUsage of job (MB)
	256032  -  ResidentSetSize of job (KB)
...
006 (4430510.427.000) 09/08 21:48:22 Image size of job updated: 272520
	251  -  MemoryUsage of job (MB)
	256032  -  ResidentSetSize of job (KB)
...
006 (4430510.427.000) 09/08 21:53:22 Image size of job updated: 272576
	251  -  MemoryUsage of job (MB)
	256032  -  ResidentSetSize of job (KB)
...
006 (4430510.427.000) 09/08 22:18:25 Image size of job updated: 273340
	251  -  MemoryUsage of job (MB)
	256032  -  ResidentSetSize of job (KB)
...
006 (4430510.427.000) 09/08 22:23:25 Image size of job updated: 273344
	251  -  MemoryUsage of job (MB)
	256032  -  ResidentSetSize of job (KB)
...
006 (4430510.427.000) 09/08 23:18:29 Image size of job updated: 274052
	251  -  MemoryUsage of job (MB)
	256032  -  ResidentSetSize of job (KB)
...
006 (4430510.427.000) 09/08 23:23:30 Image size of job updated: 274056
	251  -  MemoryUsage of job (MB)
	256032  -  ResidentSetSize of job (KB)
...
006 (4430510.427.000) 09/08 23:33:33 Image size of job updated: 274368
	251  -  MemoryUsage of job (MB)
	256032  -  ResidentSetSize of job (KB)
...
006 (4430510.427.000) 09/08 23:48:33 Image size of job updated: 274776
	251  -  MemoryUsage of job (MB)
	256032  -  ResidentSetSize of job (KB)
...
006 (4430510.427.000) 09/08 23:53:34 Image size of job updated: 274780
	251  -  MemoryUsage of job (MB)
	256032  -  ResidentSetSize of job (KB)
...
006 (4430510.427.000) 09/09 00:08:35 Image size of job updated: 274812
	251  -  MemoryUsage of job (MB)
	256032  -  ResidentSetSize of job (KB)
...
006 (4430510.427.000) 09/09 00:18:37 Image size of job updated: 276528
	251  -  MemoryUsage of job (MB)
	256032  -  ResidentSetSize of job (KB)
...
006 (4430510.427.000) 09/09 00:23:37 Image size of job updated: 276580
	251  -  MemoryUsage of job (MB)
	256032  -  ResidentSetSize of job (KB)
...
006 (4430510.427.000) 09/09 01:18:41 Image size of job updated: 277308
	251  -  MemoryUsage of job (MB)
	256032  -  ResidentSetSize of job (KB)
...
006 (4430510.427.000) 09/09 01:23:41 Image size of job updated: 277360
	251  -  MemoryUsage of job (MB)
	256032  -  ResidentSetSize of job (KB)
...
006 (4430510.427.000) 09/09 01:28:41 Image size of job updated: 277364
	251  -  MemoryUsage of job (MB)
	256032  -  ResidentSetSize of job (KB)
...
006 (4430510.427.000) 09/09 03:53:58 Image size of job updated: 277764
	251  -  MemoryUsage of job (MB)
	256032  -  ResidentSetSize of job (KB)
...
006 (4430510.427.000) 09/09 03:58:58 Image size of job updated: 277816
	251  -  MemoryUsage of job (MB)
	256032  -  ResidentSetSize of job (KB)
...
006 (4430510.427.000) 09/09 04:39:02 Image size of job updated: 278820
	251  -  MemoryUsage of job (MB)
	256032  -  ResidentSetSize of job (KB)
...
006 (4430510.427.000) 09/09 04:44:04 Image size of job updated: 278824
	251  -  MemoryUsage of job (MB)
	256032  -  ResidentSetSize of job (KB)
...
006 (4430510.427.000) 09/09 05:49:11 Image size of job updated: 279520
	251  -  MemoryUsage of job (MB)
	256032  -  ResidentSetSize of job (KB)
...
006 (4430510.427.000) 09/09 05:54:12 Image size of job updated: 279572
	251  -  MemoryUsage of job (MB)
	256032  -  ResidentSetSize of job (KB)
...
006 (4430510.427.000) 09/09 06:49:16 Image size of job updated: 279696
	251  -  MemoryUsage of job (MB)
	256032  -  ResidentSetSize of job (KB)
...
006 (4430510.427.000) 09/09 06:59:17 Image size of job updated: 280360
	251  -  MemoryUsage of job (MB)
	256388  -  ResidentSetSize of job (KB)
...
006 (4430510.427.000) 09/09 07:04:18 Image size of job updated: 280412
	251  -  MemoryUsage of job (MB)
	256400  -  ResidentSetSize of job (KB)
...
006 (4430510.427.000) 09/09 07:24:20 Image size of job updated: 282552
	253  -  MemoryUsage of job (MB)
	258540  -  ResidentSetSize of job (KB)
...
005 (4430510.427.000) 09/09 07:55:02 Job terminated.
	(1) Normal termination (return value 0)
		Usr 0 18:22:23, Sys 0 00:04:53  -  Run Remote Usage
		Usr 0 00:00:00, Sys 0 00:00:00  -  Run Local Usage
		Usr 0 18:22:23, Sys 0 00:04:53  -  Total Remote Usage
		Usr 0 00:00:00, Sys 0 00:00:00  -  Total Local Usage
	3534296  -  Run Bytes Sent By Job
	17284  -  Run Bytes Received By Job
	3534296  -  Total Bytes Sent By Job
	17284  -  Total Bytes Received By Job
	Partitionable Resources :    Usage  Request Allocated
	   Cpus                 :                 1         1
	   Disk (KB)            : 22152821 26214400  26410137
	   Ioheavy              :                           1
	   Memory (MB)          :      253      300       300
...
