000 (4430510.159.000) 09/08 09:59:23 Job submitted from host: <128.105.244.190:9618?addrs=128.105.244.190-9618&noUDP&sock=2714685_05e2_3>
...
001 (4430510.159.000) 09/08 11:20:17 Job executing on host: <128.105.245.198:9618?addrs=128.105.245.198-9618+[--1]-9618&noUDP&sock=5695_dc95_3>
...
006 (4430510.159.000) 09/08 11:20:25 Image size of job updated: 476
	1  -  MemoryUsage of job (MB)
	476  -  ResidentSetSize of job (KB)
...
006 (4430510.159.000) 09/08 11:30:26 Image size of job updated: 552
	1  -  MemoryUsage of job (MB)
	552  -  ResidentSetSize of job (KB)
...
006 (4430510.159.000) 09/08 13:05:31 Image size of job updated: 82044
	78  -  MemoryUsage of job (MB)
	79012  -  ResidentSetSize of job (KB)
...
006 (4430510.159.000) 09/08 13:10:33 Image size of job updated: 82044
	79  -  MemoryUsage of job (MB)
	80224  -  ResidentSetSize of job (KB)
...
006 (4430510.159.000) 09/08 13:15:34 Image size of job updated: 200616
	192  -  MemoryUsage of job (MB)
	196260  -  ResidentSetSize of job (KB)
...
006 (4430510.159.000) 09/08 13:20:34 Image size of job updated: 209408
	201  -  MemoryUsage of job (MB)
	205048  -  ResidentSetSize of job (KB)
...
006 (4430510.159.000) 09/08 13:30:35 Image size of job updated: 214712
	206  -  MemoryUsage of job (MB)
	210352  -  ResidentSetSize of job (KB)
...
006 (4430510.159.000) 09/08 13:40:37 Image size of job updated: 216512
	208  -  MemoryUsage of job (MB)
	212152  -  ResidentSetSize of job (KB)
...
006 (4430510.159.000) 09/08 13:45:38 Image size of job updated: 218672
	210  -  MemoryUsage of job (MB)
	214404  -  ResidentSetSize of job (KB)
...
006 (4430510.159.000) 09/08 13:50:38 Image size of job updated: 218816
	210  -  MemoryUsage of job (MB)
	214456  -  ResidentSetSize of job (KB)
...
006 (4430510.159.000) 09/08 13:55:38 Image size of job updated: 244464
	235  -  MemoryUsage of job (MB)
	240104  -  ResidentSetSize of job (KB)
...
006 (4430510.159.000) 09/08 14:00:38 Image size of job updated: 244468
	235  -  MemoryUsage of job (MB)
	240104  -  ResidentSetSize of job (KB)
...
006 (4430510.159.000) 09/08 14:10:40 Image size of job updated: 248864
	239  -  MemoryUsage of job (MB)
	244500  -  ResidentSetSize of job (KB)
...
006 (4430510.159.000) 09/08 14:15:40 Image size of job updated: 248868
	239  -  MemoryUsage of job (MB)
	244500  -  ResidentSetSize of job (KB)
...
006 (4430510.159.000) 09/08 14:20:40 Image size of job updated: 254436
	245  -  MemoryUsage of job (MB)
	250116  -  ResidentSetSize of job (KB)
...
006 (4430510.159.000) 09/08 14:25:40 Image size of job updated: 254492
	245  -  MemoryUsage of job (MB)
	250128  -  ResidentSetSize of job (KB)
...
006 (4430510.159.000) 09/08 14:35:41 Image size of job updated: 254792
	245  -  MemoryUsage of job (MB)
	250428  -  ResidentSetSize of job (KB)
...
006 (4430510.159.000) 09/08 15:00:46 Image size of job updated: 256484
	247  -  MemoryUsage of job (MB)
	252120  -  ResidentSetSize of job (KB)
...
006 (4430510.159.000) 09/08 15:10:46 Image size of job updated: 258984
	249  -  MemoryUsage of job (MB)
	254660  -  ResidentSetSize of job (KB)
...
006 (4430510.159.000) 09/08 15:15:47 Image size of job updated: 259040
	249  -  MemoryUsage of job (MB)
	254672  -  ResidentSetSize of job (KB)
...
006 (4430510.159.000) 09/08 15:25:50 Image size of job updated: 260220
	250  -  MemoryUsage of job (MB)
	255860  -  ResidentSetSize of job (KB)
...
006 (4430510.159.000) 09/08 15:30:50 Image size of job updated: 260224
	250  -  MemoryUsage of job (MB)
	255860  -  ResidentSetSize of job (KB)
...
006 (4430510.159.000) 09/08 15:40:50 Image size of job updated: 261616
	252  -  MemoryUsage of job (MB)
	257252  -  ResidentSetSize of job (KB)
...
006 (4430510.159.000) 09/08 16:55:59 Image size of job updated: 263060
	252  -  MemoryUsage of job (MB)
	257252  -  ResidentSetSize of job (KB)
...
006 (4430510.159.000) 09/08 17:11:02 Image size of job updated: 263100
	252  -  MemoryUsage of job (MB)
	257252  -  ResidentSetSize of job (KB)
...
006 (4430510.159.000) 09/08 17:21:01 Image size of job updated: 264836
	252  -  MemoryUsage of job (MB)
	257252  -  ResidentSetSize of job (KB)
...
006 (4430510.159.000) 09/08 17:26:02 Image size of job updated: 264888
	252  -  MemoryUsage of job (MB)
	257252  -  ResidentSetSize of job (KB)
...
006 (4430510.159.000) 09/08 17:51:04 Image size of job updated: 265980
	252  -  MemoryUsage of job (MB)
	257252  -  ResidentSetSize of job (KB)
...
006 (4430510.159.000) 09/08 17:56:04 Image size of job updated: 266220
	252  -  MemoryUsage of job (MB)
	257252  -  ResidentSetSize of job (KB)
...
006 (4430510.159.000) 09/08 18:26:08 Image size of job updated: 267296
	252  -  MemoryUsage of job (MB)
	257252  -  ResidentSetSize of job (KB)
...
006 (4430510.159.000) 09/08 18:41:09 Image size of job updated: 269756
	252  -  MemoryUsage of job (MB)
	257252  -  ResidentSetSize of job (KB)
...
006 (4430510.159.000) 09/08 18:46:11 Image size of job updated: 269760
	252  -  MemoryUsage of job (MB)
	257252  -  ResidentSetSize of job (KB)
...
006 (4430510.159.000) 09/08 21:01:26 Image size of job updated: 270268
	252  -  MemoryUsage of job (MB)
	257252  -  ResidentSetSize of job (KB)
...
006 (4430510.159.000) 09/08 21:06:26 Image size of job updated: 270408
	252  -  MemoryUsage of job (MB)
	257252  -  ResidentSetSize of job (KB)
...
006 (4430510.159.000) 09/08 21:46:30 Image size of job updated: 271408
	252  -  MemoryUsage of job (MB)
	257252  -  ResidentSetSize of job (KB)
...
006 (4430510.159.000) 09/08 21:51:30 Image size of job updated: 271468
	252  -  MemoryUsage of job (MB)
	257252  -  ResidentSetSize of job (KB)
...
006 (4430510.159.000) 09/08 22:06:31 Image size of job updated: 271648
	252  -  MemoryUsage of job (MB)
	257252  -  ResidentSetSize of job (KB)
...
006 (4430510.159.000) 09/08 22:21:34 Image size of job updated: 273120
	252  -  MemoryUsage of job (MB)
	257252  -  ResidentSetSize of job (KB)
...
006 (4430510.159.000) 09/08 22:26:34 Image size of job updated: 273172
	252  -  MemoryUsage of job (MB)
	257252  -  ResidentSetSize of job (KB)
...
006 (4430510.159.000) 09/08 22:31:35 Image size of job updated: 273176
	252  -  MemoryUsage of job (MB)
	257252  -  ResidentSetSize of job (KB)
...
006 (4430510.159.000) 09/08 23:06:37 Image size of job updated: 273992
	252  -  MemoryUsage of job (MB)
	257252  -  ResidentSetSize of job (KB)
...
006 (4430510.159.000) 09/08 23:11:37 Image size of job updated: 274044
	252  -  MemoryUsage of job (MB)
	257252  -  ResidentSetSize of job (KB)
...
006 (4430510.159.000) 09/08 23:16:38 Image size of job updated: 274048
	252  -  MemoryUsage of job (MB)
	257252  -  ResidentSetSize of job (KB)
...
006 (4430510.159.000) 09/08 23:26:38 Image size of job updated: 274240
	252  -  MemoryUsage of job (MB)
	257252  -  ResidentSetSize of job (KB)
...
006 (4430510.159.000) 09/08 23:31:38 Image size of job updated: 274244
	252  -  MemoryUsage of job (MB)
	257252  -  ResidentSetSize of job (KB)
...
006 (4430510.159.000) 09/08 23:36:39 Image size of job updated: 275048
	252  -  MemoryUsage of job (MB)
	257252  -  ResidentSetSize of job (KB)
...
006 (4430510.159.000) 09/09 00:11:44 Image size of job updated: 276380
	252  -  MemoryUsage of job (MB)
	257252  -  ResidentSetSize of job (KB)
...
006 (4430510.159.000) 09/09 00:16:44 Image size of job updated: 276432
	252  -  MemoryUsage of job (MB)
	257252  -  ResidentSetSize of job (KB)
...
006 (4430510.159.000) 09/09 02:01:55 Image size of job updated: 276672
	252  -  MemoryUsage of job (MB)
	257252  -  ResidentSetSize of job (KB)
...
006 (4430510.159.000) 09/09 02:06:55 Image size of job updated: 276772
	252  -  MemoryUsage of job (MB)
	257252  -  ResidentSetSize of job (KB)
...
006 (4430510.159.000) 09/09 02:11:55 Image size of job updated: 276776
	252  -  MemoryUsage of job (MB)
	257252  -  ResidentSetSize of job (KB)
...
006 (4430510.159.000) 09/09 03:27:03 Image size of job updated: 277568
	252  -  MemoryUsage of job (MB)
	257252  -  ResidentSetSize of job (KB)
...
006 (4430510.159.000) 09/09 03:32:03 Image size of job updated: 277620
	252  -  MemoryUsage of job (MB)
	257252  -  ResidentSetSize of job (KB)
...
006 (4430510.159.000) 09/09 04:17:09 Image size of job updated: 278532
	252  -  MemoryUsage of job (MB)
	257252  -  ResidentSetSize of job (KB)
...
006 (4430510.159.000) 09/09 04:22:09 Image size of job updated: 278672
	252  -  MemoryUsage of job (MB)
	257252  -  ResidentSetSize of job (KB)
...
006 (4430510.159.000) 09/09 04:52:12 Image size of job updated: 280740
	252  -  MemoryUsage of job (MB)
	257252  -  ResidentSetSize of job (KB)
...
006 (4430510.159.000) 09/09 04:57:12 Image size of job updated: 280744
	252  -  MemoryUsage of job (MB)
	257252  -  ResidentSetSize of job (KB)
...
006 (4430510.159.000) 09/09 05:07:15 Image size of job updated: 281092
	252  -  MemoryUsage of job (MB)
	257252  -  ResidentSetSize of job (KB)
...
006 (4430510.159.000) 09/09 05:12:15 Image size of job updated: 281144
	252  -  MemoryUsage of job (MB)
	257252  -  ResidentSetSize of job (KB)
...
006 (4430510.159.000) 09/09 05:22:16 Image size of job updated: 281476
	252  -  MemoryUsage of job (MB)
	257252  -  ResidentSetSize of job (KB)
...
005 (4430510.159.000) 09/09 09:08:46 Job terminated.
	(1) Normal termination (return value 0)
		Usr 0 19:13:56, Sys 0 00:04:15  -  Run Remote Usage
		Usr 0 00:00:00, Sys 0 00:00:00  -  Run Local Usage
		Usr 0 19:13:56, Sys 0 00:04:15  -  Total Remote Usage
		Usr 0 00:00:00, Sys 0 00:00:00  -  Total Local Usage
	3536914  -  Run Bytes Sent By Job
	17284  -  Run Bytes Received By Job
	3536914  -  Total Bytes Sent By Job
	17284  -  Total Bytes Received By Job
	Partitionable Resources :    Usage  Request Allocated
	   Cpus                 :                 1         1
	   Disk (KB)            : 22043196 26214400  27935730
	   Ioheavy              :                           1
	   Memory (MB)          :      252      300       300
...
