000 (4430510.535.000) 09/08 09:59:23 Job submitted from host: <128.105.244.190:9618?addrs=128.105.244.190-9618&noUDP&sock=2714685_05e2_3>
...
001 (4430510.535.000) 09/08 11:50:43 Job executing on host: <128.105.245.245:9618?addrs=128.105.245.245-9618+[--1]-9618&noUDP&sock=5518_bb62_3>
...
006 (4430510.535.000) 09/08 11:50:52 Image size of job updated: 476
	1  -  MemoryUsage of job (MB)
	476  -  ResidentSetSize of job (KB)
...
006 (4430510.535.000) 09/08 12:00:53 Image size of job updated: 548
	1  -  MemoryUsage of job (MB)
	548  -  ResidentSetSize of job (KB)
...
006 (4430510.535.000) 09/08 13:21:01 Image size of job updated: 29228
	28  -  MemoryUsage of job (MB)
	28256  -  ResidentSetSize of job (KB)
...
006 (4430510.535.000) 09/08 13:26:03 Image size of job updated: 62604
	60  -  MemoryUsage of job (MB)
	61316  -  ResidentSetSize of job (KB)
...
006 (4430510.535.000) 09/08 13:31:04 Image size of job updated: 193112
	185  -  MemoryUsage of job (MB)
	188712  -  ResidentSetSize of job (KB)
...
006 (4430510.535.000) 09/08 13:46:05 Image size of job updated: 199184
	191  -  MemoryUsage of job (MB)
	194784  -  ResidentSetSize of job (KB)
...
006 (4430510.535.000) 09/08 13:56:06 Image size of job updated: 211772
	203  -  MemoryUsage of job (MB)
	207372  -  ResidentSetSize of job (KB)
...
006 (4430510.535.000) 09/08 14:01:06 Image size of job updated: 218916
	210  -  MemoryUsage of job (MB)
	214556  -  ResidentSetSize of job (KB)
...
006 (4430510.535.000) 09/08 14:06:06 Image size of job updated: 218972
	210  -  MemoryUsage of job (MB)
	214568  -  ResidentSetSize of job (KB)
...
006 (4430510.535.000) 09/08 14:11:06 Image size of job updated: 243464
	234  -  MemoryUsage of job (MB)
	239056  -  ResidentSetSize of job (KB)
...
006 (4430510.535.000) 09/08 14:21:08 Image size of job updated: 251512
	242  -  MemoryUsage of job (MB)
	247148  -  ResidentSetSize of job (KB)
...
006 (4430510.535.000) 09/08 14:26:09 Image size of job updated: 251568
	242  -  MemoryUsage of job (MB)
	247160  -  ResidentSetSize of job (KB)
...
006 (4430510.535.000) 09/08 14:36:09 Image size of job updated: 251608
	242  -  MemoryUsage of job (MB)
	247204  -  ResidentSetSize of job (KB)
...
006 (4430510.535.000) 09/08 14:41:10 Image size of job updated: 251612
	242  -  MemoryUsage of job (MB)
	247204  -  ResidentSetSize of job (KB)
...
006 (4430510.535.000) 09/08 14:46:10 Image size of job updated: 254524
	245  -  MemoryUsage of job (MB)
	250156  -  ResidentSetSize of job (KB)
...
006 (4430510.535.000) 09/08 14:51:10 Image size of job updated: 254576
	245  -  MemoryUsage of job (MB)
	250168  -  ResidentSetSize of job (KB)
...
006 (4430510.535.000) 09/08 15:01:12 Image size of job updated: 256184
	246  -  MemoryUsage of job (MB)
	251776  -  ResidentSetSize of job (KB)
...
006 (4430510.535.000) 09/08 15:11:13 Image size of job updated: 256416
	247  -  MemoryUsage of job (MB)
	252048  -  ResidentSetSize of job (KB)
...
006 (4430510.535.000) 09/08 15:16:13 Image size of job updated: 256468
	247  -  MemoryUsage of job (MB)
	252060  -  ResidentSetSize of job (KB)
...
006 (4430510.535.000) 09/08 15:26:15 Image size of job updated: 257892
	248  -  MemoryUsage of job (MB)
	253488  -  ResidentSetSize of job (KB)
...
006 (4430510.535.000) 09/08 15:31:15 Image size of job updated: 257900
	248  -  MemoryUsage of job (MB)
	253488  -  ResidentSetSize of job (KB)
...
006 (4430510.535.000) 09/08 15:41:16 Image size of job updated: 260352
	250  -  MemoryUsage of job (MB)
	255948  -  ResidentSetSize of job (KB)
...
006 (4430510.535.000) 09/08 15:46:17 Image size of job updated: 260360
	250  -  MemoryUsage of job (MB)
	255948  -  ResidentSetSize of job (KB)
...
006 (4430510.535.000) 09/08 16:11:19 Image size of job updated: 263520
	254  -  MemoryUsage of job (MB)
	259116  -  ResidentSetSize of job (KB)
...
006 (4430510.535.000) 09/08 16:16:19 Image size of job updated: 263524
	254  -  MemoryUsage of job (MB)
	259116  -  ResidentSetSize of job (KB)
...
006 (4430510.535.000) 09/08 18:21:33 Image size of job updated: 264172
	254  -  MemoryUsage of job (MB)
	259808  -  ResidentSetSize of job (KB)
...
006 (4430510.535.000) 09/08 18:26:33 Image size of job updated: 264228
	254  -  MemoryUsage of job (MB)
	259820  -  ResidentSetSize of job (KB)
...
006 (4430510.535.000) 09/08 19:11:39 Image size of job updated: 267832
	258  -  MemoryUsage of job (MB)
	263468  -  ResidentSetSize of job (KB)
...
006 (4430510.535.000) 09/08 19:16:39 Image size of job updated: 267888
	258  -  MemoryUsage of job (MB)
	263480  -  ResidentSetSize of job (KB)
...
006 (4430510.535.000) 09/08 19:21:41 Image size of job updated: 267892
	258  -  MemoryUsage of job (MB)
	263480  -  ResidentSetSize of job (KB)
...
006 (4430510.535.000) 09/08 22:06:59 Image size of job updated: 268924
	259  -  MemoryUsage of job (MB)
	264560  -  ResidentSetSize of job (KB)
...
006 (4430510.535.000) 09/08 22:11:59 Image size of job updated: 268980
	259  -  MemoryUsage of job (MB)
	264572  -  ResidentSetSize of job (KB)
...
006 (4430510.535.000) 09/08 22:27:02 Image size of job updated: 272380
	262  -  MemoryUsage of job (MB)
	267972  -  ResidentSetSize of job (KB)
...
006 (4430510.535.000) 09/09 01:07:16 Image size of job updated: 274024
	262  -  MemoryUsage of job (MB)
	267972  -  ResidentSetSize of job (KB)
...
006 (4430510.535.000) 09/09 01:12:16 Image size of job updated: 274080
	262  -  MemoryUsage of job (MB)
	267972  -  ResidentSetSize of job (KB)
...
006 (4430510.535.000) 09/09 01:27:17 Image size of job updated: 276424
	262  -  MemoryUsage of job (MB)
	267972  -  ResidentSetSize of job (KB)
...
006 (4430510.535.000) 09/09 01:32:19 Image size of job updated: 276428
	262  -  MemoryUsage of job (MB)
	267972  -  ResidentSetSize of job (KB)
...
006 (4430510.535.000) 09/09 04:12:35 Image size of job updated: 276568
	262  -  MemoryUsage of job (MB)
	267972  -  ResidentSetSize of job (KB)
...
006 (4430510.535.000) 09/09 04:27:36 Image size of job updated: 278016
	262  -  MemoryUsage of job (MB)
	267972  -  ResidentSetSize of job (KB)
...
006 (4430510.535.000) 09/09 04:32:37 Image size of job updated: 278024
	262  -  MemoryUsage of job (MB)
	267972  -  ResidentSetSize of job (KB)
...
006 (4430510.535.000) 09/09 05:57:46 Image size of job updated: 278028
	262  -  MemoryUsage of job (MB)
	267972  -  ResidentSetSize of job (KB)
...
006 (4430510.535.000) 09/09 06:02:47 Image size of job updated: 278080
	262  -  MemoryUsage of job (MB)
	267972  -  ResidentSetSize of job (KB)
...
006 (4430510.535.000) 09/09 06:07:48 Image size of job updated: 278084
	262  -  MemoryUsage of job (MB)
	267972  -  ResidentSetSize of job (KB)
...
006 (4430510.535.000) 09/09 06:17:51 Image size of job updated: 279724
	262  -  MemoryUsage of job (MB)
	267972  -  ResidentSetSize of job (KB)
...
006 (4430510.535.000) 09/09 06:22:51 Image size of job updated: 279728
	262  -  MemoryUsage of job (MB)
	267972  -  ResidentSetSize of job (KB)
...
006 (4430510.535.000) 09/09 06:37:53 Image size of job updated: 281156
	262  -  MemoryUsage of job (MB)
	267972  -  ResidentSetSize of job (KB)
...
006 (4430510.535.000) 09/09 06:42:53 Image size of job updated: 281160
	262  -  MemoryUsage of job (MB)
	267972  -  ResidentSetSize of job (KB)
...
006 (4430510.535.000) 09/09 07:27:58 Image size of job updated: 281536
	262  -  MemoryUsage of job (MB)
	267972  -  ResidentSetSize of job (KB)
...
006 (4430510.535.000) 09/09 07:32:59 Image size of job updated: 281540
	262  -  MemoryUsage of job (MB)
	267972  -  ResidentSetSize of job (KB)
...
006 (4430510.535.000) 09/09 08:18:05 Image size of job updated: 281972
	262  -  MemoryUsage of job (MB)
	267972  -  ResidentSetSize of job (KB)
...
006 (4430510.535.000) 09/09 09:23:14 Image size of job updated: 282504
	262  -  MemoryUsage of job (MB)
	267972  -  ResidentSetSize of job (KB)
...
006 (4430510.535.000) 09/09 09:48:16 Image size of job updated: 282604
	262  -  MemoryUsage of job (MB)
	267972  -  ResidentSetSize of job (KB)
...
006 (4430510.535.000) 09/09 09:53:17 Image size of job updated: 282660
	262  -  MemoryUsage of job (MB)
	267972  -  ResidentSetSize of job (KB)
...
006 (4430510.535.000) 09/09 10:03:17 Image size of job updated: 283500
	262  -  MemoryUsage of job (MB)
	267972  -  ResidentSetSize of job (KB)
...
006 (4430510.535.000) 09/09 10:08:18 Image size of job updated: 283504
	262  -  MemoryUsage of job (MB)
	267972  -  ResidentSetSize of job (KB)
...
006 (4430510.535.000) 09/09 10:18:19 Image size of job updated: 285216
	262  -  MemoryUsage of job (MB)
	267972  -  ResidentSetSize of job (KB)
...
006 (4430510.535.000) 09/09 10:23:19 Image size of job updated: 285220
	262  -  MemoryUsage of job (MB)
	267972  -  ResidentSetSize of job (KB)
...
005 (4430510.535.000) 09/09 10:46:03 Job terminated.
	(1) Normal termination (return value 0)
		Usr 0 20:49:40, Sys 0 00:06:17  -  Run Remote Usage
		Usr 0 00:00:00, Sys 0 00:00:00  -  Run Local Usage
		Usr 0 20:49:40, Sys 0 00:06:17  -  Total Remote Usage
		Usr 0 00:00:00, Sys 0 00:00:00  -  Total Local Usage
	3535573  -  Run Bytes Sent By Job
	17284  -  Run Bytes Received By Job
	3535573  -  Total Bytes Sent By Job
	17284  -  Total Bytes Received By Job
	Partitionable Resources :    Usage  Request Allocated
	   Cpus                 :                 1         1
	   Disk (KB)            : 21787743 26214400  28324439
	   Ioheavy              :                           1
	   Memory (MB)          :      262      300       300
...
