000 (4430510.457.000) 09/08 09:59:23 Job submitted from host: <128.105.244.190:9618?addrs=128.105.244.190-9618&noUDP&sock=2714685_05e2_3>
...
001 (4430510.457.000) 09/08 11:44:50 Job executing on host: <128.105.245.46:9618?addrs=128.105.245.46-9618+[--1]-9618&noUDP&sock=5168_1ad7_21>
...
006 (4430510.457.000) 09/08 11:44:59 Image size of job updated: 508
	1  -  MemoryUsage of job (MB)
	476  -  ResidentSetSize of job (KB)
...
006 (4430510.457.000) 09/08 12:10:01 Image size of job updated: 544
	1  -  MemoryUsage of job (MB)
	544  -  ResidentSetSize of job (KB)
...
006 (4430510.457.000) 09/08 14:54:54 Image size of job updated: 14740
	14  -  MemoryUsage of job (MB)
	13816  -  ResidentSetSize of job (KB)
...
006 (4430510.457.000) 09/08 14:59:55 Image size of job updated: 29228
	28  -  MemoryUsage of job (MB)
	28300  -  ResidentSetSize of job (KB)
...
006 (4430510.457.000) 09/08 15:04:52 Image size of job updated: 149876
	143  -  MemoryUsage of job (MB)
	145524  -  ResidentSetSize of job (KB)
...
006 (4430510.457.000) 09/08 15:19:54 Image size of job updated: 181540
	174  -  MemoryUsage of job (MB)
	177392  -  ResidentSetSize of job (KB)
...
006 (4430510.457.000) 09/08 15:34:54 Image size of job updated: 201756
	193  -  MemoryUsage of job (MB)
	197588  -  ResidentSetSize of job (KB)
...
006 (4430510.457.000) 09/08 16:42:20 Image size of job updated: 239156
	231  -  MemoryUsage of job (MB)
	235524  -  ResidentSetSize of job (KB)
...
006 (4430510.457.000) 09/08 18:40:26 Image size of job updated: 242812
	234  -  MemoryUsage of job (MB)
	239184  -  ResidentSetSize of job (KB)
...
006 (4430510.457.000) 09/08 19:11:39 Image size of job updated: 248180
	240  -  MemoryUsage of job (MB)
	245656  -  ResidentSetSize of job (KB)
...
006 (4430510.457.000) 09/08 19:20:20 Image size of job updated: 248180
	240  -  MemoryUsage of job (MB)
	245676  -  ResidentSetSize of job (KB)
...
006 (4430510.457.000) 09/08 23:01:44 Image size of job updated: 249440
	241  -  MemoryUsage of job (MB)
	245888  -  ResidentSetSize of job (KB)
...
006 (4430510.457.000) 09/08 23:06:43 Image size of job updated: 249584
	241  -  MemoryUsage of job (MB)
	245944  -  ResidentSetSize of job (KB)
...
006 (4430510.457.000) 09/08 23:38:43 Image size of job updated: 249584
	241  -  MemoryUsage of job (MB)
	246216  -  ResidentSetSize of job (KB)
...
006 (4430510.457.000) 09/08 23:48:59 Image size of job updated: 252648
	245  -  MemoryUsage of job (MB)
	250304  -  ResidentSetSize of job (KB)
...
006 (4430510.457.000) 09/09 00:08:47 Image size of job updated: 253360
	246  -  MemoryUsage of job (MB)
	250976  -  ResidentSetSize of job (KB)
...
006 (4430510.457.000) 09/09 00:33:47 Image size of job updated: 254568
	246  -  MemoryUsage of job (MB)
	251232  -  ResidentSetSize of job (KB)
...
006 (4430510.457.000) 09/09 01:40:29 Image size of job updated: 260816
	252  -  MemoryUsage of job (MB)
	257416  -  ResidentSetSize of job (KB)
...
006 (4430510.457.000) 09/09 02:25:49 Image size of job updated: 266216
	257  -  MemoryUsage of job (MB)
	262608  -  ResidentSetSize of job (KB)
...
006 (4430510.457.000) 09/09 02:30:49 Image size of job updated: 266216
	257  -  MemoryUsage of job (MB)
	262628  -  ResidentSetSize of job (KB)
...
006 (4430510.457.000) 09/09 05:34:27 Image size of job updated: 268748
	259  -  MemoryUsage of job (MB)
	265012  -  ResidentSetSize of job (KB)
...
006 (4430510.457.000) 09/09 07:17:04 Image size of job updated: 271380
	262  -  MemoryUsage of job (MB)
	267644  -  ResidentSetSize of job (KB)
...
006 (4430510.457.000) 09/09 14:41:34 Image size of job updated: 272556
	265  -  MemoryUsage of job (MB)
	270360  -  ResidentSetSize of job (KB)
...
006 (4430510.457.000) 09/09 15:27:43 Image size of job updated: 272792
	265  -  MemoryUsage of job (MB)
	270360  -  ResidentSetSize of job (KB)
...
006 (4430510.457.000) 09/09 16:22:48 Image size of job updated: 274868
	265  -  MemoryUsage of job (MB)
	271340  -  ResidentSetSize of job (KB)
...
006 (4430510.457.000) 09/09 16:27:48 Image size of job updated: 274868
	265  -  MemoryUsage of job (MB)
	271360  -  ResidentSetSize of job (KB)
...
006 (4430510.457.000) 09/09 17:27:48 Image size of job updated: 274868
	268  -  MemoryUsage of job (MB)
	273604  -  ResidentSetSize of job (KB)
...
006 (4430510.457.000) 09/09 20:35:23 Image size of job updated: 278732
	269  -  MemoryUsage of job (MB)
	275420  -  ResidentSetSize of job (KB)
...
006 (4430510.457.000) 09/09 20:42:46 Image size of job updated: 278732
	269  -  MemoryUsage of job (MB)
	275440  -  ResidentSetSize of job (KB)
...
006 (4430510.457.000) 09/09 20:47:46 Image size of job updated: 280088
	271  -  MemoryUsage of job (MB)
	277484  -  ResidentSetSize of job (KB)
...
006 (4430510.457.000) 09/09 20:52:47 Image size of job updated: 280460
	271  -  MemoryUsage of job (MB)
	277484  -  ResidentSetSize of job (KB)
...
006 (4430510.457.000) 09/09 21:58:25 Image size of job updated: 283424
	274  -  MemoryUsage of job (MB)
	279840  -  ResidentSetSize of job (KB)
...
006 (4430510.457.000) 09/09 22:02:56 Image size of job updated: 283488
	274  -  MemoryUsage of job (MB)
	279860  -  ResidentSetSize of job (KB)
...
005 (4430510.457.000) 09/09 23:17:29 Job terminated.
	(1) Normal termination (return value 0)
		Usr 0 19:06:04, Sys 0 00:06:11  -  Run Remote Usage
		Usr 0 00:00:00, Sys 0 00:00:00  -  Run Local Usage
		Usr 0 19:06:04, Sys 0 00:06:11  -  Total Remote Usage
		Usr 0 00:00:00, Sys 0 00:00:00  -  Total Local Usage
	3534533  -  Run Bytes Sent By Job
	17284  -  Run Bytes Received By Job
	3534533  -  Total Bytes Sent By Job
	17284  -  Total Bytes Received By Job
	Partitionable Resources :    Usage  Request Allocated
	   Cpus                 :                 1         1
	   Disk (KB)            : 21936157 26214400  26527240
	   Ioheavy              :                           1
	   Memory (MB)          :      274      300       300
...
