000 (4430510.841.000) 09/08 09:59:23 Job submitted from host: <128.105.244.190:9618?addrs=128.105.244.190-9618&noUDP&sock=2714685_05e2_3>
...
001 (4430510.841.000) 09/08 14:46:18 Job executing on host: <128.105.244.68:9618?addrs=128.105.244.68-9618+[--1]-9618&noUDP&sock=10145_c5a4_3>
...
006 (4430510.841.000) 09/08 14:46:26 Image size of job updated: 472
	1  -  MemoryUsage of job (MB)
	472  -  ResidentSetSize of job (KB)
...
006 (4430510.841.000) 09/08 14:51:25 Image size of job updated: 548
	1  -  MemoryUsage of job (MB)
	500  -  ResidentSetSize of job (KB)
...
006 (4430510.841.000) 09/08 15:16:29 Image size of job updated: 149820
	143  -  MemoryUsage of job (MB)
	145464  -  ResidentSetSize of job (KB)
...
006 (4430510.841.000) 09/08 15:21:28 Image size of job updated: 191484
	143  -  MemoryUsage of job (MB)
	145464  -  ResidentSetSize of job (KB)
...
006 (4430510.841.000) 09/08 15:26:30 Image size of job updated: 192952
	165  -  MemoryUsage of job (MB)
	168732  -  ResidentSetSize of job (KB)
...
006 (4430510.841.000) 09/08 15:36:30 Image size of job updated: 203852
	176  -  MemoryUsage of job (MB)
	179588  -  ResidentSetSize of job (KB)
...
006 (4430510.841.000) 09/08 15:51:33 Image size of job updated: 221384
	191  -  MemoryUsage of job (MB)
	195328  -  ResidentSetSize of job (KB)
...
006 (4430510.841.000) 09/08 15:56:32 Image size of job updated: 243332
	213  -  MemoryUsage of job (MB)
	217320  -  ResidentSetSize of job (KB)
...
006 (4430510.841.000) 09/08 16:01:34 Image size of job updated: 243396
	213  -  MemoryUsage of job (MB)
	217340  -  ResidentSetSize of job (KB)
...
006 (4430510.841.000) 09/08 16:06:34 Image size of job updated: 248740
	218  -  MemoryUsage of job (MB)
	222728  -  ResidentSetSize of job (KB)
...
006 (4430510.841.000) 09/08 16:11:36 Image size of job updated: 248804
	218  -  MemoryUsage of job (MB)
	222748  -  ResidentSetSize of job (KB)
...
006 (4430510.841.000) 09/08 16:21:38 Image size of job updated: 251960
	218  -  MemoryUsage of job (MB)
	222748  -  ResidentSetSize of job (KB)
...
006 (4430510.841.000) 09/08 16:51:41 Image size of job updated: 253416
	222  -  MemoryUsage of job (MB)
	226540  -  ResidentSetSize of job (KB)
...
006 (4430510.841.000) 09/08 18:31:50 Image size of job updated: 259536
	228  -  MemoryUsage of job (MB)
	233392  -  ResidentSetSize of job (KB)
...
006 (4430510.841.000) 09/08 18:36:51 Image size of job updated: 259600
	228  -  MemoryUsage of job (MB)
	233412  -  ResidentSetSize of job (KB)
...
006 (4430510.841.000) 09/08 18:41:51 Image size of job updated: 260400
	229  -  MemoryUsage of job (MB)
	234212  -  ResidentSetSize of job (KB)
...
006 (4430510.841.000) 09/08 18:56:52 Image size of job updated: 260528
	229  -  MemoryUsage of job (MB)
	234340  -  ResidentSetSize of job (KB)
...
006 (4430510.841.000) 09/08 19:01:54 Image size of job updated: 261764
	231  -  MemoryUsage of job (MB)
	235620  -  ResidentSetSize of job (KB)
...
006 (4430510.841.000) 09/08 19:06:54 Image size of job updated: 264664
	233  -  MemoryUsage of job (MB)
	238476  -  ResidentSetSize of job (KB)
...
006 (4430510.841.000) 09/08 20:32:03 Image size of job updated: 265364
	234  -  MemoryUsage of job (MB)
	239216  -  ResidentSetSize of job (KB)
...
006 (4430510.841.000) 09/08 20:37:05 Image size of job updated: 265424
	234  -  MemoryUsage of job (MB)
	239236  -  ResidentSetSize of job (KB)
...
006 (4430510.841.000) 09/08 20:57:07 Image size of job updated: 266864
	236  -  MemoryUsage of job (MB)
	240716  -  ResidentSetSize of job (KB)
...
006 (4430510.841.000) 09/08 21:02:10 Image size of job updated: 266924
	236  -  MemoryUsage of job (MB)
	240736  -  ResidentSetSize of job (KB)
...
006 (4430510.841.000) 09/08 21:52:13 Image size of job updated: 270496
	239  -  MemoryUsage of job (MB)
	244312  -  ResidentSetSize of job (KB)
...
006 (4430510.841.000) 09/08 21:57:13 Image size of job updated: 270500
	239  -  MemoryUsage of job (MB)
	244312  -  ResidentSetSize of job (KB)
...
006 (4430510.841.000) 09/08 23:12:21 Image size of job updated: 271128
	240  -  MemoryUsage of job (MB)
	244936  -  ResidentSetSize of job (KB)
...
006 (4430510.841.000) 09/08 23:27:23 Image size of job updated: 271860
	241  -  MemoryUsage of job (MB)
	245764  -  ResidentSetSize of job (KB)
...
006 (4430510.841.000) 09/08 23:32:23 Image size of job updated: 272012
	241  -  MemoryUsage of job (MB)
	245824  -  ResidentSetSize of job (KB)
...
006 (4430510.841.000) 09/08 23:37:23 Image size of job updated: 272800
	241  -  MemoryUsage of job (MB)
	246612  -  ResidentSetSize of job (KB)
...
006 (4430510.841.000) 09/09 00:17:27 Image size of job updated: 273056
	242  -  MemoryUsage of job (MB)
	246868  -  ResidentSetSize of job (KB)
...
006 (4430510.841.000) 09/09 00:57:31 Image size of job updated: 273716
	242  -  MemoryUsage of job (MB)
	247568  -  ResidentSetSize of job (KB)
...
006 (4430510.841.000) 09/09 01:02:31 Image size of job updated: 273776
	242  -  MemoryUsage of job (MB)
	247588  -  ResidentSetSize of job (KB)
...
006 (4430510.841.000) 09/09 01:07:31 Image size of job updated: 274004
	242  -  MemoryUsage of job (MB)
	247640  -  ResidentSetSize of job (KB)
...
006 (4430510.841.000) 09/09 01:47:37 Image size of job updated: 276128
	245  -  MemoryUsage of job (MB)
	249944  -  ResidentSetSize of job (KB)
...
006 (4430510.841.000) 09/09 01:52:37 Image size of job updated: 276136
	245  -  MemoryUsage of job (MB)
	249944  -  ResidentSetSize of job (KB)
...
006 (4430510.841.000) 09/09 03:27:46 Image size of job updated: 276352
	245  -  MemoryUsage of job (MB)
	250164  -  ResidentSetSize of job (KB)
...
006 (4430510.841.000) 09/09 04:27:53 Image size of job updated: 276720
	245  -  MemoryUsage of job (MB)
	250536  -  ResidentSetSize of job (KB)
...
006 (4430510.841.000) 09/09 04:32:53 Image size of job updated: 276724
	245  -  MemoryUsage of job (MB)
	250536  -  ResidentSetSize of job (KB)
...
006 (4430510.841.000) 09/09 04:52:57 Image size of job updated: 276896
	245  -  MemoryUsage of job (MB)
	250712  -  ResidentSetSize of job (KB)
...
006 (4430510.841.000) 09/09 04:57:56 Image size of job updated: 276900
	245  -  MemoryUsage of job (MB)
	250712  -  ResidentSetSize of job (KB)
...
006 (4430510.841.000) 09/09 05:32:59 Image size of job updated: 277204
	246  -  MemoryUsage of job (MB)
	251020  -  ResidentSetSize of job (KB)
...
006 (4430510.841.000) 09/09 05:38:01 Image size of job updated: 277208
	246  -  MemoryUsage of job (MB)
	251020  -  ResidentSetSize of job (KB)
...
006 (4430510.841.000) 09/09 05:43:01 Image size of job updated: 277208
	246  -  MemoryUsage of job (MB)
	251060  -  ResidentSetSize of job (KB)
...
006 (4430510.841.000) 09/09 05:48:01 Image size of job updated: 277308
	246  -  MemoryUsage of job (MB)
	251120  -  ResidentSetSize of job (KB)
...
006 (4430510.841.000) 09/09 05:58:03 Image size of job updated: 278172
	247  -  MemoryUsage of job (MB)
	251988  -  ResidentSetSize of job (KB)
...
006 (4430510.841.000) 09/09 06:03:03 Image size of job updated: 278176
	247  -  MemoryUsage of job (MB)
	251988  -  ResidentSetSize of job (KB)
...
006 (4430510.841.000) 09/09 06:13:13 Image size of job updated: 278192
	247  -  MemoryUsage of job (MB)
	252000  -  ResidentSetSize of job (KB)
...
006 (4430510.841.000) 09/09 06:18:05 Image size of job updated: 278992
	247  -  MemoryUsage of job (MB)
	252800  -  ResidentSetSize of job (KB)
...
006 (4430510.841.000) 09/09 07:03:09 Image size of job updated: 279452
	248  -  MemoryUsage of job (MB)
	253304  -  ResidentSetSize of job (KB)
...
006 (4430510.841.000) 09/09 07:08:09 Image size of job updated: 279512
	248  -  MemoryUsage of job (MB)
	253324  -  ResidentSetSize of job (KB)
...
006 (4430510.841.000) 09/09 07:18:12 Image size of job updated: 280500
	249  -  MemoryUsage of job (MB)
	254312  -  ResidentSetSize of job (KB)
...
006 (4430510.841.000) 09/09 07:23:11 Image size of job updated: 280808
	249  -  MemoryUsage of job (MB)
	254620  -  ResidentSetSize of job (KB)
...
006 (4430510.841.000) 09/09 07:28:11 Image size of job updated: 282576
	251  -  MemoryUsage of job (MB)
	256428  -  ResidentSetSize of job (KB)
...
006 (4430510.841.000) 09/09 07:33:12 Image size of job updated: 282972
	251  -  MemoryUsage of job (MB)
	256784  -  ResidentSetSize of job (KB)
...
005 (4430510.841.000) 09/09 08:20:14 Job terminated.
	(1) Normal termination (return value 0)
		Usr 0 16:35:08, Sys 0 00:04:57  -  Run Remote Usage
		Usr 0 00:00:00, Sys 0 00:00:00  -  Run Local Usage
		Usr 0 16:35:08, Sys 0 00:04:57  -  Total Remote Usage
		Usr 0 00:00:00, Sys 0 00:00:00  -  Total Local Usage
	3533199  -  Run Bytes Sent By Job
	17284  -  Run Bytes Received By Job
	3533199  -  Total Bytes Sent By Job
	17284  -  Total Bytes Received By Job
	Partitionable Resources :    Usage  Request Allocated
	   Cpus                 :                 1         1
	   Disk (KB)            : 21249429 26214400  36835551
	   Ioheavy              :                           1
	   Memory (MB)          :      251      300       300
...
