000 (4430510.553.000) 09/08 09:59:23 Job submitted from host: <128.105.244.190:9618?addrs=128.105.244.190-9618&noUDP&sock=2714685_05e2_3>
...
001 (4430510.553.000) 09/08 11:50:44 Job executing on host: <128.105.245.46:9618?addrs=128.105.245.46-9618+[--1]-9618&noUDP&sock=5168_1ad7_21>
...
006 (4430510.553.000) 09/08 11:50:53 Image size of job updated: 476
	1  -  MemoryUsage of job (MB)
	476  -  ResidentSetSize of job (KB)
...
006 (4430510.553.000) 09/08 12:10:55 Image size of job updated: 548
	1  -  MemoryUsage of job (MB)
	548  -  ResidentSetSize of job (KB)
...
006 (4430510.553.000) 09/08 14:51:29 Image size of job updated: 24744
	24  -  MemoryUsage of job (MB)
	23820  -  ResidentSetSize of job (KB)
...
006 (4430510.553.000) 09/08 14:58:01 Image size of job updated: 32128
	31  -  MemoryUsage of job (MB)
	31204  -  ResidentSetSize of job (KB)
...
006 (4430510.553.000) 09/08 15:03:23 Image size of job updated: 151640
	144  -  MemoryUsage of job (MB)
	147304  -  ResidentSetSize of job (KB)
...
006 (4430510.553.000) 09/08 15:18:25 Image size of job updated: 195452
	187  -  MemoryUsage of job (MB)
	191336  -  ResidentSetSize of job (KB)
...
006 (4430510.553.000) 09/08 15:33:31 Image size of job updated: 203320
	195  -  MemoryUsage of job (MB)
	199192  -  ResidentSetSize of job (KB)
...
006 (4430510.553.000) 09/08 16:38:34 Image size of job updated: 233968
	225  -  MemoryUsage of job (MB)
	230324  -  ResidentSetSize of job (KB)
...
006 (4430510.553.000) 09/08 16:43:33 Image size of job updated: 233968
	225  -  MemoryUsage of job (MB)
	230344  -  ResidentSetSize of job (KB)
...
006 (4430510.553.000) 09/08 16:58:46 Image size of job updated: 234928
	226  -  MemoryUsage of job (MB)
	231284  -  ResidentSetSize of job (KB)
...
006 (4430510.553.000) 09/08 17:47:02 Image size of job updated: 247260
	238  -  MemoryUsage of job (MB)
	243612  -  ResidentSetSize of job (KB)
...
006 (4430510.553.000) 09/08 18:12:17 Image size of job updated: 249996
	242  -  MemoryUsage of job (MB)
	246796  -  ResidentSetSize of job (KB)
...
006 (4430510.553.000) 09/08 18:18:48 Image size of job updated: 250000
	242  -  MemoryUsage of job (MB)
	246796  -  ResidentSetSize of job (KB)
...
006 (4430510.553.000) 09/08 19:13:45 Image size of job updated: 256176
	247  -  MemoryUsage of job (MB)
	252796  -  ResidentSetSize of job (KB)
...
006 (4430510.553.000) 09/08 19:18:46 Image size of job updated: 256176
	247  -  MemoryUsage of job (MB)
	252816  -  ResidentSetSize of job (KB)
...
006 (4430510.553.000) 09/09 01:08:59 Image size of job updated: 259308
	251  -  MemoryUsage of job (MB)
	256952  -  ResidentSetSize of job (KB)
...
006 (4430510.553.000) 09/09 01:33:45 Image size of job updated: 261784
	253  -  MemoryUsage of job (MB)
	258148  -  ResidentSetSize of job (KB)
...
006 (4430510.553.000) 09/09 03:17:52 Image size of job updated: 265252
	256  -  MemoryUsage of job (MB)
	261660  -  ResidentSetSize of job (KB)
...
006 (4430510.553.000) 09/09 07:17:02 Image size of job updated: 270244
	261  -  MemoryUsage of job (MB)
	266600  -  ResidentSetSize of job (KB)
...
006 (4430510.553.000) 09/09 09:15:25 Image size of job updated: 272124
	263  -  MemoryUsage of job (MB)
	268952  -  ResidentSetSize of job (KB)
...
006 (4430510.553.000) 09/09 09:30:26 Image size of job updated: 273004
	264  -  MemoryUsage of job (MB)
	269412  -  ResidentSetSize of job (KB)
...
006 (4430510.553.000) 09/09 13:05:42 Image size of job updated: 274576
	265  -  MemoryUsage of job (MB)
	271020  -  ResidentSetSize of job (KB)
...
006 (4430510.553.000) 09/09 13:10:42 Image size of job updated: 274664
	265  -  MemoryUsage of job (MB)
	271076  -  ResidentSetSize of job (KB)
...
006 (4430510.553.000) 09/09 21:08:52 Image size of job updated: 274664
	266  -  MemoryUsage of job (MB)
	271424  -  ResidentSetSize of job (KB)
...
006 (4430510.553.000) 09/09 21:19:02 Image size of job updated: 275248
	266  -  MemoryUsage of job (MB)
	272152  -  ResidentSetSize of job (KB)
...
006 (4430510.553.000) 09/09 21:25:50 Image size of job updated: 278792
	269  -  MemoryUsage of job (MB)
	274988  -  ResidentSetSize of job (KB)
...
006 (4430510.553.000) 09/09 21:30:51 Image size of job updated: 278796
	269  -  MemoryUsage of job (MB)
	274988  -  ResidentSetSize of job (KB)
...
006 (4430510.553.000) 09/09 21:35:51 Image size of job updated: 278796
	269  -  MemoryUsage of job (MB)
	275044  -  ResidentSetSize of job (KB)
...
006 (4430510.553.000) 09/09 22:20:54 Image size of job updated: 280112
	270  -  MemoryUsage of job (MB)
	276380  -  ResidentSetSize of job (KB)
...
006 (4430510.553.000) 09/09 22:25:55 Image size of job updated: 280112
	270  -  MemoryUsage of job (MB)
	276400  -  ResidentSetSize of job (KB)
...
005 (4430510.553.000) 09/09 23:57:15 Job terminated.
	(1) Normal termination (return value 0)
		Usr 0 19:43:15, Sys 0 00:06:02  -  Run Remote Usage
		Usr 0 00:00:00, Sys 0 00:00:00  -  Run Local Usage
		Usr 0 19:43:15, Sys 0 00:06:02  -  Total Remote Usage
		Usr 0 00:00:00, Sys 0 00:00:00  -  Total Local Usage
	3535070  -  Run Bytes Sent By Job
	17284  -  Run Bytes Received By Job
	3535070  -  Total Bytes Sent By Job
	17284  -  Total Bytes Received By Job
	Partitionable Resources :    Usage  Request Allocated
	   Cpus                 :                 1         1
	   Disk (KB)            : 21927701 26214400  31056996
	   Ioheavy              :                           1
	   Memory (MB)          :      270      300       300
...
