000 (4430510.397.000) 09/08 09:59:23 Job submitted from host: <128.105.244.190:9618?addrs=128.105.244.190-9618&noUDP&sock=2714685_05e2_3>
...
001 (4430510.397.000) 09/08 11:37:19 Job executing on host: <128.105.245.226:9618?addrs=128.105.245.226-9618+[--1]-9618&noUDP&sock=5566_f1d9_3>
...
006 (4430510.397.000) 09/08 11:37:29 Image size of job updated: 472
	1  -  MemoryUsage of job (MB)
	472  -  ResidentSetSize of job (KB)
...
006 (4430510.397.000) 09/08 11:42:29 Image size of job updated: 540
	1  -  MemoryUsage of job (MB)
	540  -  ResidentSetSize of job (KB)
...
006 (4430510.397.000) 09/08 11:47:29 Image size of job updated: 164440
	157  -  MemoryUsage of job (MB)
	160124  -  ResidentSetSize of job (KB)
...
006 (4430510.397.000) 09/08 11:52:29 Image size of job updated: 199192
	191  -  MemoryUsage of job (MB)
	194868  -  ResidentSetSize of job (KB)
...
006 (4430510.397.000) 09/08 11:57:30 Image size of job updated: 199244
	191  -  MemoryUsage of job (MB)
	194880  -  ResidentSetSize of job (KB)
...
006 (4430510.397.000) 09/08 12:02:31 Image size of job updated: 211012
	202  -  MemoryUsage of job (MB)
	206648  -  ResidentSetSize of job (KB)
...
006 (4430510.397.000) 09/08 12:12:33 Image size of job updated: 215636
	202  -  MemoryUsage of job (MB)
	206648  -  ResidentSetSize of job (KB)
...
006 (4430510.397.000) 09/08 12:27:35 Image size of job updated: 218696
	202  -  MemoryUsage of job (MB)
	206648  -  ResidentSetSize of job (KB)
...
006 (4430510.397.000) 09/08 12:32:35 Image size of job updated: 218748
	202  -  MemoryUsage of job (MB)
	206648  -  ResidentSetSize of job (KB)
...
006 (4430510.397.000) 09/08 12:37:35 Image size of job updated: 244108
	214  -  MemoryUsage of job (MB)
	218340  -  ResidentSetSize of job (KB)
...
006 (4430510.397.000) 09/08 12:42:35 Image size of job updated: 244164
	214  -  MemoryUsage of job (MB)
	218352  -  ResidentSetSize of job (KB)
...
006 (4430510.397.000) 09/08 12:52:37 Image size of job updated: 248796
	218  -  MemoryUsage of job (MB)
	222984  -  ResidentSetSize of job (KB)
...
006 (4430510.397.000) 09/08 13:02:37 Image size of job updated: 251740
	221  -  MemoryUsage of job (MB)
	226020  -  ResidentSetSize of job (KB)
...
006 (4430510.397.000) 09/08 13:07:38 Image size of job updated: 251884
	221  -  MemoryUsage of job (MB)
	226072  -  ResidentSetSize of job (KB)
...
006 (4430510.397.000) 09/08 13:17:39 Image size of job updated: 253316
	223  -  MemoryUsage of job (MB)
	227548  -  ResidentSetSize of job (KB)
...
006 (4430510.397.000) 09/08 13:22:39 Image size of job updated: 253372
	223  -  MemoryUsage of job (MB)
	227560  -  ResidentSetSize of job (KB)
...
006 (4430510.397.000) 09/08 13:37:40 Image size of job updated: 255104
	224  -  MemoryUsage of job (MB)
	229292  -  ResidentSetSize of job (KB)
...
006 (4430510.397.000) 09/08 13:52:42 Image size of job updated: 257748
	227  -  MemoryUsage of job (MB)
	231936  -  ResidentSetSize of job (KB)
...
006 (4430510.397.000) 09/08 14:02:43 Image size of job updated: 257752
	227  -  MemoryUsage of job (MB)
	231936  -  ResidentSetSize of job (KB)
...
006 (4430510.397.000) 09/08 14:22:45 Image size of job updated: 260744
	230  -  MemoryUsage of job (MB)
	235020  -  ResidentSetSize of job (KB)
...
006 (4430510.397.000) 09/08 14:27:47 Image size of job updated: 260884
	230  -  MemoryUsage of job (MB)
	235072  -  ResidentSetSize of job (KB)
...
006 (4430510.397.000) 09/08 14:57:50 Image size of job updated: 261128
	230  -  MemoryUsage of job (MB)
	235316  -  ResidentSetSize of job (KB)
...
006 (4430510.397.000) 09/08 15:12:53 Image size of job updated: 261192
	230  -  MemoryUsage of job (MB)
	235384  -  ResidentSetSize of job (KB)
...
006 (4430510.397.000) 09/08 15:17:54 Image size of job updated: 261196
	230  -  MemoryUsage of job (MB)
	235384  -  ResidentSetSize of job (KB)
...
006 (4430510.397.000) 09/08 15:22:54 Image size of job updated: 262008
	231  -  MemoryUsage of job (MB)
	236192  -  ResidentSetSize of job (KB)
...
006 (4430510.397.000) 09/08 15:32:55 Image size of job updated: 262636
	232  -  MemoryUsage of job (MB)
	236824  -  ResidentSetSize of job (KB)
...
006 (4430510.397.000) 09/08 16:13:00 Image size of job updated: 263612
	233  -  MemoryUsage of job (MB)
	237892  -  ResidentSetSize of job (KB)
...
006 (4430510.397.000) 09/08 16:18:01 Image size of job updated: 263756
	233  -  MemoryUsage of job (MB)
	237944  -  ResidentSetSize of job (KB)
...
006 (4430510.397.000) 09/08 17:18:10 Image size of job updated: 264560
	233  -  MemoryUsage of job (MB)
	237944  -  ResidentSetSize of job (KB)
...
006 (4430510.397.000) 09/08 17:23:09 Image size of job updated: 264704
	233  -  MemoryUsage of job (MB)
	237944  -  ResidentSetSize of job (KB)
...
006 (4430510.397.000) 09/08 17:48:11 Image size of job updated: 265032
	233  -  MemoryUsage of job (MB)
	237944  -  ResidentSetSize of job (KB)
...
006 (4430510.397.000) 09/08 17:53:11 Image size of job updated: 265176
	233  -  MemoryUsage of job (MB)
	237944  -  ResidentSetSize of job (KB)
...
006 (4430510.397.000) 09/08 18:03:13 Image size of job updated: 266120
	233  -  MemoryUsage of job (MB)
	237944  -  ResidentSetSize of job (KB)
...
006 (4430510.397.000) 09/08 18:08:13 Image size of job updated: 266176
	233  -  MemoryUsage of job (MB)
	237944  -  ResidentSetSize of job (KB)
...
006 (4430510.397.000) 09/08 18:38:16 Image size of job updated: 266716
	233  -  MemoryUsage of job (MB)
	237944  -  ResidentSetSize of job (KB)
...
006 (4430510.397.000) 09/08 18:48:17 Image size of job updated: 267556
	233  -  MemoryUsage of job (MB)
	238184  -  ResidentSetSize of job (KB)
...
006 (4430510.397.000) 09/08 19:08:19 Image size of job updated: 269944
	235  -  MemoryUsage of job (MB)
	240576  -  ResidentSetSize of job (KB)
...
006 (4430510.397.000) 09/08 19:13:19 Image size of job updated: 269948
	235  -  MemoryUsage of job (MB)
	240576  -  ResidentSetSize of job (KB)
...
006 (4430510.397.000) 09/08 20:23:26 Image size of job updated: 270444
	236  -  MemoryUsage of job (MB)
	241072  -  ResidentSetSize of job (KB)
...
006 (4430510.397.000) 09/08 20:38:27 Image size of job updated: 273732
	239  -  MemoryUsage of job (MB)
	244360  -  ResidentSetSize of job (KB)
...
006 (4430510.397.000) 09/08 20:43:29 Image size of job updated: 273736
	239  -  MemoryUsage of job (MB)
	244360  -  ResidentSetSize of job (KB)
...
006 (4430510.397.000) 09/08 21:43:34 Image size of job updated: 273756
	239  -  MemoryUsage of job (MB)
	244424  -  ResidentSetSize of job (KB)
...
006 (4430510.397.000) 09/08 21:48:34 Image size of job updated: 274628
	240  -  MemoryUsage of job (MB)
	245256  -  ResidentSetSize of job (KB)
...
006 (4430510.397.000) 09/09 00:03:46 Image size of job updated: 274944
	240  -  MemoryUsage of job (MB)
	245256  -  ResidentSetSize of job (KB)
...
006 (4430510.397.000) 09/09 00:08:46 Image size of job updated: 274996
	240  -  MemoryUsage of job (MB)
	245256  -  ResidentSetSize of job (KB)
...
006 (4430510.397.000) 09/09 00:13:49 Image size of job updated: 275632
	240  -  MemoryUsage of job (MB)
	245256  -  ResidentSetSize of job (KB)
...
006 (4430510.397.000) 09/09 01:13:55 Image size of job updated: 276528
	240  -  MemoryUsage of job (MB)
	245256  -  ResidentSetSize of job (KB)
...
006 (4430510.397.000) 09/09 01:18:56 Image size of job updated: 276580
	240  -  MemoryUsage of job (MB)
	245256  -  ResidentSetSize of job (KB)
...
006 (4430510.397.000) 09/09 01:23:56 Image size of job updated: 277400
	240  -  MemoryUsage of job (MB)
	245256  -  ResidentSetSize of job (KB)
...
006 (4430510.397.000) 09/09 04:24:17 Image size of job updated: 277448
	240  -  MemoryUsage of job (MB)
	245256  -  ResidentSetSize of job (KB)
...
006 (4430510.397.000) 09/09 04:29:18 Image size of job updated: 277500
	240  -  MemoryUsage of job (MB)
	245256  -  ResidentSetSize of job (KB)
...
006 (4430510.397.000) 09/09 04:39:19 Image size of job updated: 278444
	240  -  MemoryUsage of job (MB)
	245256  -  ResidentSetSize of job (KB)
...
006 (4430510.397.000) 09/09 04:44:19 Image size of job updated: 278496
	240  -  MemoryUsage of job (MB)
	245256  -  ResidentSetSize of job (KB)
...
006 (4430510.397.000) 09/09 05:29:24 Image size of job updated: 279044
	240  -  MemoryUsage of job (MB)
	245524  -  ResidentSetSize of job (KB)
...
006 (4430510.397.000) 09/09 05:34:24 Image size of job updated: 279096
	240  -  MemoryUsage of job (MB)
	245536  -  ResidentSetSize of job (KB)
...
006 (4430510.397.000) 09/09 06:39:33 Image size of job updated: 279636
	241  -  MemoryUsage of job (MB)
	246116  -  ResidentSetSize of job (KB)
...
006 (4430510.397.000) 09/09 06:44:33 Image size of job updated: 279688
	241  -  MemoryUsage of job (MB)
	246128  -  ResidentSetSize of job (KB)
...
006 (4430510.397.000) 09/09 07:39:39 Image size of job updated: 280092
	241  -  MemoryUsage of job (MB)
	246576  -  ResidentSetSize of job (KB)
...
006 (4430510.397.000) 09/09 07:44:39 Image size of job updated: 280148
	241  -  MemoryUsage of job (MB)
	246588  -  ResidentSetSize of job (KB)
...
006 (4430510.397.000) 09/09 07:49:40 Image size of job updated: 280152
	241  -  MemoryUsage of job (MB)
	246588  -  ResidentSetSize of job (KB)
...
006 (4430510.397.000) 09/09 07:54:41 Image size of job updated: 281828
	243  -  MemoryUsage of job (MB)
	248308  -  ResidentSetSize of job (KB)
...
006 (4430510.397.000) 09/09 07:59:41 Image size of job updated: 281880
	243  -  MemoryUsage of job (MB)
	248320  -  ResidentSetSize of job (KB)
...
005 (4430510.397.000) 09/09 08:43:39 Job terminated.
	(1) Normal termination (return value 0)
		Usr 0 20:19:50, Sys 0 00:04:38  -  Run Remote Usage
		Usr 0 00:00:00, Sys 0 00:00:00  -  Run Local Usage
		Usr 0 20:19:50, Sys 0 00:04:38  -  Total Remote Usage
		Usr 0 00:00:00, Sys 0 00:00:00  -  Total Local Usage
	3536303  -  Run Bytes Sent By Job
	17284  -  Run Bytes Received By Job
	3536303  -  Total Bytes Sent By Job
	17284  -  Total Bytes Received By Job
	Partitionable Resources :    Usage  Request Allocated
	   Cpus                 :                 1         1
	   Disk (KB)            : 18693013 26214400  26783736
	   Ioheavy              :                           1
	   Memory (MB)          :      243      300       300
...
