000 (4430510.705.000) 09/08 09:59:23 Job submitted from host: <128.105.244.190:9618?addrs=128.105.244.190-9618&noUDP&sock=2714685_05e2_3>
...
001 (4430510.705.000) 09/08 12:31:03 Job executing on host: <128.105.245.199:9618?addrs=128.105.245.199-9618+[--1]-9618&noUDP&sock=5515_dc95_3>
...
006 (4430510.705.000) 09/08 12:31:12 Image size of job updated: 476
	1  -  MemoryUsage of job (MB)
	476  -  ResidentSetSize of job (KB)
...
006 (4430510.705.000) 09/08 12:36:13 Image size of job updated: 544
	1  -  MemoryUsage of job (MB)
	544  -  ResidentSetSize of job (KB)
...
006 (4430510.705.000) 09/08 13:01:14 Image size of job updated: 25748
	25  -  MemoryUsage of job (MB)
	24772  -  ResidentSetSize of job (KB)
...
006 (4430510.705.000) 09/08 13:06:14 Image size of job updated: 203052
	195  -  MemoryUsage of job (MB)
	198692  -  ResidentSetSize of job (KB)
...
006 (4430510.705.000) 09/08 13:31:17 Image size of job updated: 205820
	197  -  MemoryUsage of job (MB)
	201412  -  ResidentSetSize of job (KB)
...
006 (4430510.705.000) 09/08 13:46:19 Image size of job updated: 243544
	234  -  MemoryUsage of job (MB)
	239140  -  ResidentSetSize of job (KB)
...
006 (4430510.705.000) 09/08 13:51:19 Image size of job updated: 243548
	234  -  MemoryUsage of job (MB)
	239140  -  ResidentSetSize of job (KB)
...
006 (4430510.705.000) 09/08 14:11:22 Image size of job updated: 250700
	241  -  MemoryUsage of job (MB)
	245916  -  ResidentSetSize of job (KB)
...
006 (4430510.705.000) 09/08 14:16:23 Image size of job updated: 252500
	242  -  MemoryUsage of job (MB)
	247716  -  ResidentSetSize of job (KB)
...
006 (4430510.705.000) 09/08 15:46:32 Image size of job updated: 261668
	242  -  MemoryUsage of job (MB)
	247716  -  ResidentSetSize of job (KB)
...
006 (4430510.705.000) 09/08 16:21:36 Image size of job updated: 262116
	242  -  MemoryUsage of job (MB)
	247716  -  ResidentSetSize of job (KB)
...
006 (4430510.705.000) 09/08 16:26:37 Image size of job updated: 262172
	242  -  MemoryUsage of job (MB)
	247716  -  ResidentSetSize of job (KB)
...
006 (4430510.705.000) 09/08 19:01:55 Image size of job updated: 267128
	242  -  MemoryUsage of job (MB)
	247716  -  ResidentSetSize of job (KB)
...
006 (4430510.705.000) 09/08 19:11:55 Image size of job updated: 267136
	242  -  MemoryUsage of job (MB)
	247716  -  ResidentSetSize of job (KB)
...
006 (4430510.705.000) 09/08 19:16:55 Image size of job updated: 268020
	242  -  MemoryUsage of job (MB)
	247716  -  ResidentSetSize of job (KB)
...
006 (4430510.705.000) 09/08 19:26:56 Image size of job updated: 268464
	242  -  MemoryUsage of job (MB)
	247716  -  ResidentSetSize of job (KB)
...
006 (4430510.705.000) 09/08 19:36:58 Image size of job updated: 269208
	242  -  MemoryUsage of job (MB)
	247716  -  ResidentSetSize of job (KB)
...
006 (4430510.705.000) 09/08 19:46:59 Image size of job updated: 269616
	242  -  MemoryUsage of job (MB)
	247716  -  ResidentSetSize of job (KB)
...
006 (4430510.705.000) 09/08 19:51:59 Image size of job updated: 269912
	242  -  MemoryUsage of job (MB)
	247716  -  ResidentSetSize of job (KB)
...
006 (4430510.705.000) 09/08 19:56:59 Image size of job updated: 270720
	242  -  MemoryUsage of job (MB)
	247716  -  ResidentSetSize of job (KB)
...
006 (4430510.705.000) 09/08 20:06:59 Image size of job updated: 270728
	242  -  MemoryUsage of job (MB)
	247716  -  ResidentSetSize of job (KB)
...
006 (4430510.705.000) 09/08 20:11:59 Image size of job updated: 271636
	242  -  MemoryUsage of job (MB)
	247716  -  ResidentSetSize of job (KB)
...
006 (4430510.705.000) 09/08 20:17:00 Image size of job updated: 271644
	242  -  MemoryUsage of job (MB)
	247716  -  ResidentSetSize of job (KB)
...
006 (4430510.705.000) 09/08 20:22:01 Image size of job updated: 271768
	242  -  MemoryUsage of job (MB)
	247716  -  ResidentSetSize of job (KB)
...
006 (4430510.705.000) 09/08 20:27:03 Image size of job updated: 271820
	242  -  MemoryUsage of job (MB)
	247716  -  ResidentSetSize of job (KB)
...
006 (4430510.705.000) 09/08 20:32:03 Image size of job updated: 273080
	242  -  MemoryUsage of job (MB)
	247716  -  ResidentSetSize of job (KB)
...
006 (4430510.705.000) 09/08 20:37:03 Image size of job updated: 273132
	242  -  MemoryUsage of job (MB)
	247716  -  ResidentSetSize of job (KB)
...
006 (4430510.705.000) 09/08 20:47:03 Image size of job updated: 273476
	242  -  MemoryUsage of job (MB)
	247716  -  ResidentSetSize of job (KB)
...
006 (4430510.705.000) 09/08 21:27:09 Image size of job updated: 273512
	242  -  MemoryUsage of job (MB)
	247716  -  ResidentSetSize of job (KB)
...
006 (4430510.705.000) 09/08 21:37:10 Image size of job updated: 274764
	242  -  MemoryUsage of job (MB)
	247716  -  ResidentSetSize of job (KB)
...
006 (4430510.705.000) 09/08 21:42:10 Image size of job updated: 274768
	242  -  MemoryUsage of job (MB)
	247716  -  ResidentSetSize of job (KB)
...
006 (4430510.705.000) 09/08 22:22:13 Image size of job updated: 275732
	242  -  MemoryUsage of job (MB)
	247716  -  ResidentSetSize of job (KB)
...
006 (4430510.705.000) 09/08 22:27:13 Image size of job updated: 275784
	242  -  MemoryUsage of job (MB)
	247716  -  ResidentSetSize of job (KB)
...
006 (4430510.705.000) 09/08 22:57:17 Image size of job updated: 275824
	242  -  MemoryUsage of job (MB)
	247716  -  ResidentSetSize of job (KB)
...
006 (4430510.705.000) 09/08 23:12:19 Image size of job updated: 275888
	242  -  MemoryUsage of job (MB)
	247716  -  ResidentSetSize of job (KB)
...
006 (4430510.705.000) 09/08 23:22:19 Image size of job updated: 276188
	242  -  MemoryUsage of job (MB)
	247800  -  ResidentSetSize of job (KB)
...
006 (4430510.705.000) 09/08 23:52:22 Image size of job updated: 276428
	243  -  MemoryUsage of job (MB)
	248044  -  ResidentSetSize of job (KB)
...
006 (4430510.705.000) 09/08 23:57:22 Image size of job updated: 276432
	243  -  MemoryUsage of job (MB)
	248044  -  ResidentSetSize of job (KB)
...
006 (4430510.705.000) 09/09 00:12:25 Image size of job updated: 276796
	243  -  MemoryUsage of job (MB)
	248500  -  ResidentSetSize of job (KB)
...
006 (4430510.705.000) 09/09 00:17:27 Image size of job updated: 276940
	243  -  MemoryUsage of job (MB)
	248552  -  ResidentSetSize of job (KB)
...
006 (4430510.705.000) 09/09 00:22:27 Image size of job updated: 277752
	244  -  MemoryUsage of job (MB)
	249364  -  ResidentSetSize of job (KB)
...
006 (4430510.705.000) 09/09 00:27:27 Image size of job updated: 278192
	244  -  MemoryUsage of job (MB)
	249804  -  ResidentSetSize of job (KB)
...
006 (4430510.705.000) 09/09 00:32:27 Image size of job updated: 279012
	245  -  MemoryUsage of job (MB)
	250624  -  ResidentSetSize of job (KB)
...
006 (4430510.705.000) 09/09 01:42:34 Image size of job updated: 279132
	245  -  MemoryUsage of job (MB)
	250784  -  ResidentSetSize of job (KB)
...
006 (4430510.705.000) 09/09 01:47:34 Image size of job updated: 279184
	245  -  MemoryUsage of job (MB)
	250796  -  ResidentSetSize of job (KB)
...
006 (4430510.705.000) 09/09 02:02:36 Image size of job updated: 281120
	247  -  MemoryUsage of job (MB)
	252824  -  ResidentSetSize of job (KB)
...
006 (4430510.705.000) 09/09 02:07:37 Image size of job updated: 281264
	247  -  MemoryUsage of job (MB)
	252876  -  ResidentSetSize of job (KB)
...
006 (4430510.705.000) 09/09 02:37:37 Image size of job updated: 281276
	247  -  MemoryUsage of job (MB)
	252888  -  ResidentSetSize of job (KB)
...
006 (4430510.705.000) 09/09 02:57:42 Image size of job updated: 281420
	248  -  MemoryUsage of job (MB)
	253072  -  ResidentSetSize of job (KB)
...
006 (4430510.705.000) 09/09 03:02:42 Image size of job updated: 281472
	248  -  MemoryUsage of job (MB)
	253084  -  ResidentSetSize of job (KB)
...
006 (4430510.705.000) 09/09 03:07:42 Image size of job updated: 282604
	249  -  MemoryUsage of job (MB)
	254256  -  ResidentSetSize of job (KB)
...
006 (4430510.705.000) 09/09 03:12:42 Image size of job updated: 282656
	249  -  MemoryUsage of job (MB)
	254268  -  ResidentSetSize of job (KB)
...
006 (4430510.705.000) 09/09 03:17:42 Image size of job updated: 283024
	249  -  MemoryUsage of job (MB)
	254676  -  ResidentSetSize of job (KB)
...
006 (4430510.705.000) 09/09 03:22:42 Image size of job updated: 285888
	252  -  MemoryUsage of job (MB)
	257500  -  ResidentSetSize of job (KB)
...
005 (4430510.705.000) 09/09 03:36:58 Job terminated.
	(1) Normal termination (return value 0)
		Usr 0 14:28:55, Sys 0 00:04:01  -  Run Remote Usage
		Usr 0 00:00:00, Sys 0 00:00:00  -  Run Local Usage
		Usr 0 14:28:55, Sys 0 00:04:01  -  Total Remote Usage
		Usr 0 00:00:00, Sys 0 00:00:00  -  Total Local Usage
	3537615  -  Run Bytes Sent By Job
	17284  -  Run Bytes Received By Job
	3537615  -  Total Bytes Sent By Job
	17284  -  Total Bytes Received By Job
	Partitionable Resources :    Usage  Request Allocated
	   Cpus                 :                 1         1
	   Disk (KB)            : 19649720 26214400  28042768
	   Ioheavy              :                           1
	   Memory (MB)          :      252      300       300
...
