000 (4430510.205.000) 09/08 09:59:23 Job submitted from host: <128.105.244.190:9618?addrs=128.105.244.190-9618&noUDP&sock=2714685_05e2_3>
...
001 (4430510.205.000) 09/08 11:22:16 Job executing on host: <128.105.245.163:9618?addrs=128.105.245.163-9618+[--1]-9618&noUDP&sock=5765_4d25_7>
...
006 (4430510.205.000) 09/08 11:22:24 Image size of job updated: 480
	1  -  MemoryUsage of job (MB)
	480  -  ResidentSetSize of job (KB)
...
006 (4430510.205.000) 09/08 11:32:25 Image size of job updated: 552
	1  -  MemoryUsage of job (MB)
	552  -  ResidentSetSize of job (KB)
...
006 (4430510.205.000) 09/08 12:12:31 Image size of job updated: 23608
	23  -  MemoryUsage of job (MB)
	22680  -  ResidentSetSize of job (KB)
...
006 (4430510.205.000) 09/08 12:17:30 Image size of job updated: 163592
	156  -  MemoryUsage of job (MB)
	159240  -  ResidentSetSize of job (KB)
...
006 (4430510.205.000) 09/08 12:22:30 Image size of job updated: 195344
	187  -  MemoryUsage of job (MB)
	190984  -  ResidentSetSize of job (KB)
...
006 (4430510.205.000) 09/08 12:32:30 Image size of job updated: 206976
	198  -  MemoryUsage of job (MB)
	202612  -  ResidentSetSize of job (KB)
...
006 (4430510.205.000) 09/08 13:02:34 Image size of job updated: 207472
	199  -  MemoryUsage of job (MB)
	203108  -  ResidentSetSize of job (KB)
...
006 (4430510.205.000) 09/08 13:12:35 Image size of job updated: 229092
	220  -  MemoryUsage of job (MB)
	224644  -  ResidentSetSize of job (KB)
...
006 (4430510.205.000) 09/08 13:17:36 Image size of job updated: 229148
	220  -  MemoryUsage of job (MB)
	224656  -  ResidentSetSize of job (KB)
...
006 (4430510.205.000) 09/08 13:27:38 Image size of job updated: 250988
	241  -  MemoryUsage of job (MB)
	246500  -  ResidentSetSize of job (KB)
...
006 (4430510.205.000) 09/08 13:32:38 Image size of job updated: 250996
	241  -  MemoryUsage of job (MB)
	246500  -  ResidentSetSize of job (KB)
...
006 (4430510.205.000) 09/08 14:32:44 Image size of job updated: 256788
	247  -  MemoryUsage of job (MB)
	252336  -  ResidentSetSize of job (KB)
...
006 (4430510.205.000) 09/08 14:37:44 Image size of job updated: 256840
	247  -  MemoryUsage of job (MB)
	252348  -  ResidentSetSize of job (KB)
...
006 (4430510.205.000) 09/08 14:47:46 Image size of job updated: 258744
	249  -  MemoryUsage of job (MB)
	254296  -  ResidentSetSize of job (KB)
...
006 (4430510.205.000) 09/08 14:52:46 Image size of job updated: 258800
	249  -  MemoryUsage of job (MB)
	254308  -  ResidentSetSize of job (KB)
...
006 (4430510.205.000) 09/08 15:02:46 Image size of job updated: 259712
	250  -  MemoryUsage of job (MB)
	255264  -  ResidentSetSize of job (KB)
...
006 (4430510.205.000) 09/08 15:07:47 Image size of job updated: 259768
	250  -  MemoryUsage of job (MB)
	255276  -  ResidentSetSize of job (KB)
...
006 (4430510.205.000) 09/08 15:52:50 Image size of job updated: 260148
	250  -  MemoryUsage of job (MB)
	255700  -  ResidentSetSize of job (KB)
...
006 (4430510.205.000) 09/08 15:57:51 Image size of job updated: 260204
	250  -  MemoryUsage of job (MB)
	255712  -  ResidentSetSize of job (KB)
...
006 (4430510.205.000) 09/08 16:02:51 Image size of job updated: 260208
	250  -  MemoryUsage of job (MB)
	255712  -  ResidentSetSize of job (KB)
...
006 (4430510.205.000) 09/08 16:12:52 Image size of job updated: 262284
	252  -  MemoryUsage of job (MB)
	257832  -  ResidentSetSize of job (KB)
...
006 (4430510.205.000) 09/08 16:17:52 Image size of job updated: 262336
	252  -  MemoryUsage of job (MB)
	257844  -  ResidentSetSize of job (KB)
...
006 (4430510.205.000) 09/08 17:27:59 Image size of job updated: 263484
	253  -  MemoryUsage of job (MB)
	258384  -  ResidentSetSize of job (KB)
...
006 (4430510.205.000) 09/08 17:33:00 Image size of job updated: 263488
	253  -  MemoryUsage of job (MB)
	258384  -  ResidentSetSize of job (KB)
...
006 (4430510.205.000) 09/08 17:38:00 Image size of job updated: 263492
	253  -  MemoryUsage of job (MB)
	258384  -  ResidentSetSize of job (KB)
...
006 (4430510.205.000) 09/08 18:58:08 Image size of job updated: 267012
	256  -  MemoryUsage of job (MB)
	261880  -  ResidentSetSize of job (KB)
...
006 (4430510.205.000) 09/08 19:03:09 Image size of job updated: 267020
	256  -  MemoryUsage of job (MB)
	261880  -  ResidentSetSize of job (KB)
...
006 (4430510.205.000) 09/08 19:33:11 Image size of job updated: 267272
	257  -  MemoryUsage of job (MB)
	262224  -  ResidentSetSize of job (KB)
...
006 (4430510.205.000) 09/08 19:38:13 Image size of job updated: 267456
	257  -  MemoryUsage of job (MB)
	262276  -  ResidentSetSize of job (KB)
...
006 (4430510.205.000) 09/08 19:53:13 Image size of job updated: 268840
	258  -  MemoryUsage of job (MB)
	263744  -  ResidentSetSize of job (KB)
...
006 (4430510.205.000) 09/08 19:58:15 Image size of job updated: 268896
	258  -  MemoryUsage of job (MB)
	263756  -  ResidentSetSize of job (KB)
...
006 (4430510.205.000) 09/08 20:28:17 Image size of job updated: 269756
	259  -  MemoryUsage of job (MB)
	264592  -  ResidentSetSize of job (KB)
...
006 (4430510.205.000) 09/08 20:33:17 Image size of job updated: 269816
	259  -  MemoryUsage of job (MB)
	264604  -  ResidentSetSize of job (KB)
...
006 (4430510.205.000) 09/08 20:48:18 Image size of job updated: 271988
	261  -  MemoryUsage of job (MB)
	266784  -  ResidentSetSize of job (KB)
...
006 (4430510.205.000) 09/08 20:53:19 Image size of job updated: 271992
	261  -  MemoryUsage of job (MB)
	266784  -  ResidentSetSize of job (KB)
...
006 (4430510.205.000) 09/08 21:58:28 Image size of job updated: 272676
	262  -  MemoryUsage of job (MB)
	267468  -  ResidentSetSize of job (KB)
...
006 (4430510.205.000) 09/08 22:58:34 Image size of job updated: 272700
	262  -  MemoryUsage of job (MB)
	267536  -  ResidentSetSize of job (KB)
...
006 (4430510.205.000) 09/08 23:03:34 Image size of job updated: 272756
	262  -  MemoryUsage of job (MB)
	267548  -  ResidentSetSize of job (KB)
...
006 (4430510.205.000) 09/09 00:13:40 Image size of job updated: 273496
	263  -  MemoryUsage of job (MB)
	268292  -  ResidentSetSize of job (KB)
...
006 (4430510.205.000) 09/09 00:18:40 Image size of job updated: 273504
	263  -  MemoryUsage of job (MB)
	268292  -  ResidentSetSize of job (KB)
...
006 (4430510.205.000) 09/09 00:23:41 Image size of job updated: 274128
	263  -  MemoryUsage of job (MB)
	268916  -  ResidentSetSize of job (KB)
...
006 (4430510.205.000) 09/09 01:33:49 Image size of job updated: 274460
	263  -  MemoryUsage of job (MB)
	269256  -  ResidentSetSize of job (KB)
...
006 (4430510.205.000) 09/09 01:38:49 Image size of job updated: 274464
	263  -  MemoryUsage of job (MB)
	269256  -  ResidentSetSize of job (KB)
...
006 (4430510.205.000) 09/09 02:08:50 Image size of job updated: 278328
	267  -  MemoryUsage of job (MB)
	273164  -  ResidentSetSize of job (KB)
...
006 (4430510.205.000) 09/09 02:13:52 Image size of job updated: 279204
	268  -  MemoryUsage of job (MB)
	273996  -  ResidentSetSize of job (KB)
...
006 (4430510.205.000) 09/09 03:03:58 Image size of job updated: 279352
	268  -  MemoryUsage of job (MB)
	274120  -  ResidentSetSize of job (KB)
...
006 (4430510.205.000) 09/09 03:08:58 Image size of job updated: 279412
	268  -  MemoryUsage of job (MB)
	274132  -  ResidentSetSize of job (KB)
...
006 (4430510.205.000) 09/09 06:19:21 Image size of job updated: 281724
	270  -  MemoryUsage of job (MB)
	276448  -  ResidentSetSize of job (KB)
...
006 (4430510.205.000) 09/09 06:24:21 Image size of job updated: 281728
	270  -  MemoryUsage of job (MB)
	276448  -  ResidentSetSize of job (KB)
...
006 (4430510.205.000) 09/09 08:49:36 Image size of job updated: 282120
	270  -  MemoryUsage of job (MB)
	276448  -  ResidentSetSize of job (KB)
...
006 (4430510.205.000) 09/09 08:54:37 Image size of job updated: 282264
	270  -  MemoryUsage of job (MB)
	276448  -  ResidentSetSize of job (KB)
...
006 (4430510.205.000) 09/09 09:09:38 Image size of job updated: 284136
	271  -  MemoryUsage of job (MB)
	277432  -  ResidentSetSize of job (KB)
...
005 (4430510.205.000) 09/09 10:55:45 Job terminated.
	(1) Normal termination (return value 0)
		Usr 0 22:07:53, Sys 0 00:05:47  -  Run Remote Usage
		Usr 0 00:00:00, Sys 0 00:00:00  -  Run Local Usage
		Usr 0 22:07:53, Sys 0 00:05:47  -  Total Remote Usage
		Usr 0 00:00:00, Sys 0 00:00:00  -  Total Local Usage
	3535766  -  Run Bytes Sent By Job
	17284  -  Run Bytes Received By Job
	3535766  -  Total Bytes Sent By Job
	17284  -  Total Bytes Received By Job
	Partitionable Resources :    Usage  Request Allocated
	   Cpus                 :                 1         1
	   Disk (KB)            : 21059923 26214400  26644660
	   Ioheavy              :                           1
	   Memory (MB)          :      271      300       300
...
