000 (4430510.344.000) 09/08 09:59:23 Job submitted from host: <128.105.244.190:9618?addrs=128.105.244.190-9618&noUDP&sock=2714685_05e2_3>
...
001 (4430510.344.000) 09/08 11:34:55 Job executing on host: <128.105.244.122:9618?addrs=128.105.244.122-9618+[--1]-9618&noUDP&sock=3718_361c_3>
...
006 (4430510.344.000) 09/08 11:35:04 Image size of job updated: 472
	1  -  MemoryUsage of job (MB)
	472  -  ResidentSetSize of job (KB)
...
006 (4430510.344.000) 09/08 11:40:05 Image size of job updated: 552
	1  -  MemoryUsage of job (MB)
	552  -  ResidentSetSize of job (KB)
...
006 (4430510.344.000) 09/08 12:05:08 Image size of job updated: 29232
	28  -  MemoryUsage of job (MB)
	28292  -  ResidentSetSize of job (KB)
...
006 (4430510.344.000) 09/08 12:10:04 Image size of job updated: 62628
	60  -  MemoryUsage of job (MB)
	61352  -  ResidentSetSize of job (KB)
...
006 (4430510.344.000) 09/08 12:15:04 Image size of job updated: 196196
	188  -  MemoryUsage of job (MB)
	191660  -  ResidentSetSize of job (KB)
...
006 (4430510.344.000) 09/08 12:20:05 Image size of job updated: 208256
	199  -  MemoryUsage of job (MB)
	203756  -  ResidentSetSize of job (KB)
...
006 (4430510.344.000) 09/08 12:25:06 Image size of job updated: 208308
	199  -  MemoryUsage of job (MB)
	203768  -  ResidentSetSize of job (KB)
...
006 (4430510.344.000) 09/08 12:30:05 Image size of job updated: 212552
	204  -  MemoryUsage of job (MB)
	208008  -  ResidentSetSize of job (KB)
...
006 (4430510.344.000) 09/08 12:35:08 Image size of job updated: 214972
	207  -  MemoryUsage of job (MB)
	211644  -  ResidentSetSize of job (KB)
...
006 (4430510.344.000) 09/08 12:40:08 Image size of job updated: 215804
	208  -  MemoryUsage of job (MB)
	212468  -  ResidentSetSize of job (KB)
...
006 (4430510.344.000) 09/08 12:45:07 Image size of job updated: 217080
	209  -  MemoryUsage of job (MB)
	213196  -  ResidentSetSize of job (KB)
...
006 (4430510.344.000) 09/08 12:55:08 Image size of job updated: 240820
	232  -  MemoryUsage of job (MB)
	236928  -  ResidentSetSize of job (KB)
...
006 (4430510.344.000) 09/08 13:05:09 Image size of job updated: 249500
	240  -  MemoryUsage of job (MB)
	245612  -  ResidentSetSize of job (KB)
...
006 (4430510.344.000) 09/08 13:10:09 Image size of job updated: 250224
	241  -  MemoryUsage of job (MB)
	246336  -  ResidentSetSize of job (KB)
...
006 (4430510.344.000) 09/08 13:15:10 Image size of job updated: 255272
	246  -  MemoryUsage of job (MB)
	251428  -  ResidentSetSize of job (KB)
...
006 (4430510.344.000) 09/08 13:20:11 Image size of job updated: 256140
	247  -  MemoryUsage of job (MB)
	252252  -  ResidentSetSize of job (KB)
...
006 (4430510.344.000) 09/08 13:30:10 Image size of job updated: 258936
	250  -  MemoryUsage of job (MB)
	255052  -  ResidentSetSize of job (KB)
...
006 (4430510.344.000) 09/08 13:35:11 Image size of job updated: 258940
	250  -  MemoryUsage of job (MB)
	255052  -  ResidentSetSize of job (KB)
...
006 (4430510.344.000) 09/08 14:00:14 Image size of job updated: 259072
	250  -  MemoryUsage of job (MB)
	255184  -  ResidentSetSize of job (KB)
...
006 (4430510.344.000) 09/08 14:25:16 Image size of job updated: 260720
	251  -  MemoryUsage of job (MB)
	256872  -  ResidentSetSize of job (KB)
...
006 (4430510.344.000) 09/08 14:30:17 Image size of job updated: 261588
	252  -  MemoryUsage of job (MB)
	257700  -  ResidentSetSize of job (KB)
...
006 (4430510.344.000) 09/08 15:10:22 Image size of job updated: 262108
	253  -  MemoryUsage of job (MB)
	258264  -  ResidentSetSize of job (KB)
...
006 (4430510.344.000) 09/08 15:15:23 Image size of job updated: 262984
	254  -  MemoryUsage of job (MB)
	259096  -  ResidentSetSize of job (KB)
...
006 (4430510.344.000) 09/08 15:20:23 Image size of job updated: 262988
	254  -  MemoryUsage of job (MB)
	259096  -  ResidentSetSize of job (KB)
...
006 (4430510.344.000) 09/08 15:55:29 Image size of job updated: 263328
	254  -  MemoryUsage of job (MB)
	259480  -  ResidentSetSize of job (KB)
...
006 (4430510.344.000) 09/08 16:00:29 Image size of job updated: 263380
	254  -  MemoryUsage of job (MB)
	259492  -  ResidentSetSize of job (KB)
...
006 (4430510.344.000) 09/08 16:25:32 Image size of job updated: 264764
	255  -  MemoryUsage of job (MB)
	260880  -  ResidentSetSize of job (KB)
...
006 (4430510.344.000) 09/08 16:30:32 Image size of job updated: 265544
	256  -  MemoryUsage of job (MB)
	261656  -  ResidentSetSize of job (KB)
...
006 (4430510.344.000) 09/08 17:05:36 Image size of job updated: 266864
	257  -  MemoryUsage of job (MB)
	262976  -  ResidentSetSize of job (KB)
...
006 (4430510.344.000) 09/08 17:10:36 Image size of job updated: 268868
	259  -  MemoryUsage of job (MB)
	265020  -  ResidentSetSize of job (KB)
...
006 (4430510.344.000) 09/08 17:15:37 Image size of job updated: 269784
	260  -  MemoryUsage of job (MB)
	265896  -  ResidentSetSize of job (KB)
...
006 (4430510.344.000) 09/08 18:30:44 Image size of job updated: 270532
	261  -  MemoryUsage of job (MB)
	266644  -  ResidentSetSize of job (KB)
...
006 (4430510.344.000) 09/08 18:35:44 Image size of job updated: 270536
	261  -  MemoryUsage of job (MB)
	266648  -  ResidentSetSize of job (KB)
...
006 (4430510.344.000) 09/08 19:00:48 Image size of job updated: 270968
	261  -  MemoryUsage of job (MB)
	267084  -  ResidentSetSize of job (KB)
...
006 (4430510.344.000) 09/08 19:05:49 Image size of job updated: 270972
	261  -  MemoryUsage of job (MB)
	267084  -  ResidentSetSize of job (KB)
...
006 (4430510.344.000) 09/08 19:15:49 Image size of job updated: 271208
	262  -  MemoryUsage of job (MB)
	267360  -  ResidentSetSize of job (KB)
...
006 (4430510.344.000) 09/08 19:20:50 Image size of job updated: 271260
	262  -  MemoryUsage of job (MB)
	267372  -  ResidentSetSize of job (KB)
...
006 (4430510.344.000) 09/08 19:25:50 Image size of job updated: 271804
	262  -  MemoryUsage of job (MB)
	267916  -  ResidentSetSize of job (KB)
...
006 (4430510.344.000) 09/08 20:20:56 Image size of job updated: 272644
	263  -  MemoryUsage of job (MB)
	268760  -  ResidentSetSize of job (KB)
...
006 (4430510.344.000) 09/08 20:25:56 Image size of job updated: 272648
	263  -  MemoryUsage of job (MB)
	268760  -  ResidentSetSize of job (KB)
...
006 (4430510.344.000) 09/08 20:50:57 Image size of job updated: 272936
	263  -  MemoryUsage of job (MB)
	269088  -  ResidentSetSize of job (KB)
...
006 (4430510.344.000) 09/08 20:55:57 Image size of job updated: 272988
	263  -  MemoryUsage of job (MB)
	269100  -  ResidentSetSize of job (KB)
...
006 (4430510.344.000) 09/08 21:05:59 Image size of job updated: 272988
	263  -  MemoryUsage of job (MB)
	269124  -  ResidentSetSize of job (KB)
...
006 (4430510.344.000) 09/08 21:10:59 Image size of job updated: 273024
	263  -  MemoryUsage of job (MB)
	269136  -  ResidentSetSize of job (KB)
...
006 (4430510.344.000) 09/08 21:15:59 Image size of job updated: 273028
	263  -  MemoryUsage of job (MB)
	269136  -  ResidentSetSize of job (KB)
...
006 (4430510.344.000) 09/08 22:06:06 Image size of job updated: 273172
	263  -  MemoryUsage of job (MB)
	269284  -  ResidentSetSize of job (KB)
...
006 (4430510.344.000) 09/08 22:51:11 Image size of job updated: 273756
	264  -  MemoryUsage of job (MB)
	269868  -  ResidentSetSize of job (KB)
...
006 (4430510.344.000) 09/08 23:26:13 Image size of job updated: 274472
	265  -  MemoryUsage of job (MB)
	270584  -  ResidentSetSize of job (KB)
...
006 (4430510.344.000) 09/08 23:31:14 Image size of job updated: 274976
	265  -  MemoryUsage of job (MB)
	271128  -  ResidentSetSize of job (KB)
...
006 (4430510.344.000) 09/08 23:36:14 Image size of job updated: 275868
	266  -  MemoryUsage of job (MB)
	271980  -  ResidentSetSize of job (KB)
...
006 (4430510.344.000) 09/09 01:06:26 Image size of job updated: 276352
	267  -  MemoryUsage of job (MB)
	272464  -  ResidentSetSize of job (KB)
...
006 (4430510.344.000) 09/09 01:36:29 Image size of job updated: 278772
	269  -  MemoryUsage of job (MB)
	274888  -  ResidentSetSize of job (KB)
...
006 (4430510.344.000) 09/09 01:41:30 Image size of job updated: 278776
	269  -  MemoryUsage of job (MB)
	274888  -  ResidentSetSize of job (KB)
...
006 (4430510.344.000) 09/09 02:56:39 Image size of job updated: 279208
	269  -  MemoryUsage of job (MB)
	275320  -  ResidentSetSize of job (KB)
...
006 (4430510.344.000) 09/09 03:41:44 Image size of job updated: 279540
	270  -  MemoryUsage of job (MB)
	275656  -  ResidentSetSize of job (KB)
...
006 (4430510.344.000) 09/09 03:46:44 Image size of job updated: 279544
	270  -  MemoryUsage of job (MB)
	275656  -  ResidentSetSize of job (KB)
...
006 (4430510.344.000) 09/09 03:56:45 Image size of job updated: 280112
	270  -  MemoryUsage of job (MB)
	276228  -  ResidentSetSize of job (KB)
...
006 (4430510.344.000) 09/09 04:01:46 Image size of job updated: 280116
	270  -  MemoryUsage of job (MB)
	276228  -  ResidentSetSize of job (KB)
...
006 (4430510.344.000) 09/09 04:06:47 Image size of job updated: 280120
	270  -  MemoryUsage of job (MB)
	276228  -  ResidentSetSize of job (KB)
...
006 (4430510.344.000) 09/09 04:26:49 Image size of job updated: 280540
	271  -  MemoryUsage of job (MB)
	276692  -  ResidentSetSize of job (KB)
...
006 (4430510.344.000) 09/09 04:31:50 Image size of job updated: 280592
	271  -  MemoryUsage of job (MB)
	276704  -  ResidentSetSize of job (KB)
...
006 (4430510.344.000) 09/09 05:31:56 Image size of job updated: 280888
	271  -  MemoryUsage of job (MB)
	277004  -  ResidentSetSize of job (KB)
...
006 (4430510.344.000) 09/09 05:36:57 Image size of job updated: 280892
	271  -  MemoryUsage of job (MB)
	277004  -  ResidentSetSize of job (KB)
...
006 (4430510.344.000) 09/09 05:46:58 Image size of job updated: 283176
	273  -  MemoryUsage of job (MB)
	279328  -  ResidentSetSize of job (KB)
...
006 (4430510.344.000) 09/09 05:51:59 Image size of job updated: 283228
	273  -  MemoryUsage of job (MB)
	279340  -  ResidentSetSize of job (KB)
...
006 (4430510.344.000) 09/09 07:22:08 Image size of job updated: 283852
	274  -  MemoryUsage of job (MB)
	279960  -  ResidentSetSize of job (KB)
...
005 (4430510.344.000) 09/09 07:43:22 Job terminated.
	(1) Normal termination (return value 0)
		Usr 0 19:21:43, Sys 0 00:06:54  -  Run Remote Usage
		Usr 0 00:00:00, Sys 0 00:00:00  -  Run Local Usage
		Usr 0 19:21:43, Sys 0 00:06:54  -  Total Remote Usage
		Usr 0 00:00:00, Sys 0 00:00:00  -  Total Local Usage
	3537288  -  Run Bytes Sent By Job
	17284  -  Run Bytes Received By Job
	3537288  -  Total Bytes Sent By Job
	17284  -  Total Bytes Received By Job
	Partitionable Resources :    Usage  Request Allocated
	   Cpus                 :                 1         1
	   Disk (KB)            : 21644197 26214400  31639152
	   Ioheavy              :                           1
	   Memory (MB)          :      274      300       300
...
