000 (4430510.081.000) 09/08 09:59:23 Job submitted from host: <128.105.244.190:9618?addrs=128.105.244.190-9618&noUDP&sock=2714685_05e2_3>
...
001 (4430510.081.000) 09/08 11:18:17 Job executing on host: <128.105.245.133:9618?addrs=128.105.245.133-9618+[--1]-9618&noUDP&sock=5512_e7bc_3>
...
006 (4430510.081.000) 09/08 11:18:26 Image size of job updated: 480
	1  -  MemoryUsage of job (MB)
	480  -  ResidentSetSize of job (KB)
...
006 (4430510.081.000) 09/08 11:23:26 Image size of job updated: 552
	1  -  MemoryUsage of job (MB)
	552  -  ResidentSetSize of job (KB)
...
006 (4430510.081.000) 09/08 11:38:30 Image size of job updated: 164936
	157  -  MemoryUsage of job (MB)
	160624  -  ResidentSetSize of job (KB)
...
006 (4430510.081.000) 09/08 11:43:30 Image size of job updated: 193904
	186  -  MemoryUsage of job (MB)
	189584  -  ResidentSetSize of job (KB)
...
006 (4430510.081.000) 09/08 11:48:30 Image size of job updated: 193956
	186  -  MemoryUsage of job (MB)
	189584  -  ResidentSetSize of job (KB)
...
006 (4430510.081.000) 09/08 11:53:30 Image size of job updated: 207704
	186  -  MemoryUsage of job (MB)
	189584  -  ResidentSetSize of job (KB)
...
006 (4430510.081.000) 09/08 11:58:31 Image size of job updated: 207708
	186  -  MemoryUsage of job (MB)
	189584  -  ResidentSetSize of job (KB)
...
006 (4430510.081.000) 09/08 12:13:33 Image size of job updated: 213140
	186  -  MemoryUsage of job (MB)
	189584  -  ResidentSetSize of job (KB)
...
006 (4430510.081.000) 09/08 12:18:35 Image size of job updated: 213380
	186  -  MemoryUsage of job (MB)
	189584  -  ResidentSetSize of job (KB)
...
006 (4430510.081.000) 09/08 12:23:36 Image size of job updated: 217116
	187  -  MemoryUsage of job (MB)
	191184  -  ResidentSetSize of job (KB)
...
006 (4430510.081.000) 09/08 12:28:36 Image size of job updated: 217120
	187  -  MemoryUsage of job (MB)
	191184  -  ResidentSetSize of job (KB)
...
006 (4430510.081.000) 09/08 12:33:36 Image size of job updated: 243708
	213  -  MemoryUsage of job (MB)
	217772  -  ResidentSetSize of job (KB)
...
006 (4430510.081.000) 09/08 12:38:36 Image size of job updated: 243716
	213  -  MemoryUsage of job (MB)
	217772  -  ResidentSetSize of job (KB)
...
006 (4430510.081.000) 09/08 12:58:38 Image size of job updated: 250496
	219  -  MemoryUsage of job (MB)
	223768  -  ResidentSetSize of job (KB)
...
006 (4430510.081.000) 09/08 13:03:40 Image size of job updated: 250552
	219  -  MemoryUsage of job (MB)
	223780  -  ResidentSetSize of job (KB)
...
006 (4430510.081.000) 09/08 13:13:40 Image size of job updated: 255104
	223  -  MemoryUsage of job (MB)
	228336  -  ResidentSetSize of job (KB)
...
006 (4430510.081.000) 09/08 13:43:43 Image size of job updated: 256548
	225  -  MemoryUsage of job (MB)
	229784  -  ResidentSetSize of job (KB)
...
006 (4430510.081.000) 09/08 13:48:43 Image size of job updated: 256556
	225  -  MemoryUsage of job (MB)
	229784  -  ResidentSetSize of job (KB)
...
006 (4430510.081.000) 09/08 13:53:45 Image size of job updated: 256560
	225  -  MemoryUsage of job (MB)
	229784  -  ResidentSetSize of job (KB)
...
006 (4430510.081.000) 09/08 14:13:45 Image size of job updated: 259096
	227  -  MemoryUsage of job (MB)
	232332  -  ResidentSetSize of job (KB)
...
006 (4430510.081.000) 09/08 14:18:46 Image size of job updated: 259100
	227  -  MemoryUsage of job (MB)
	232332  -  ResidentSetSize of job (KB)
...
006 (4430510.081.000) 09/08 14:38:48 Image size of job updated: 263400
	232  -  MemoryUsage of job (MB)
	236672  -  ResidentSetSize of job (KB)
...
006 (4430510.081.000) 09/08 14:43:48 Image size of job updated: 263456
	232  -  MemoryUsage of job (MB)
	236684  -  ResidentSetSize of job (KB)
...
006 (4430510.081.000) 09/08 16:54:02 Image size of job updated: 264312
	233  -  MemoryUsage of job (MB)
	237580  -  ResidentSetSize of job (KB)
...
006 (4430510.081.000) 09/08 16:59:04 Image size of job updated: 264368
	233  -  MemoryUsage of job (MB)
	237592  -  ResidentSetSize of job (KB)
...
006 (4430510.081.000) 09/08 17:59:09 Image size of job updated: 264668
	233  -  MemoryUsage of job (MB)
	237896  -  ResidentSetSize of job (KB)
...
006 (4430510.081.000) 09/08 18:14:09 Image size of job updated: 267572
	236  -  MemoryUsage of job (MB)
	240808  -  ResidentSetSize of job (KB)
...
006 (4430510.081.000) 09/08 18:19:09 Image size of job updated: 267580
	236  -  MemoryUsage of job (MB)
	240808  -  ResidentSetSize of job (KB)
...
006 (4430510.081.000) 09/08 18:44:11 Image size of job updated: 268520
	237  -  MemoryUsage of job (MB)
	241836  -  ResidentSetSize of job (KB)
...
006 (4430510.081.000) 09/08 18:49:11 Image size of job updated: 268660
	237  -  MemoryUsage of job (MB)
	241888  -  ResidentSetSize of job (KB)
...
006 (4430510.081.000) 09/08 19:04:15 Image size of job updated: 270688
	239  -  MemoryUsage of job (MB)
	243916  -  ResidentSetSize of job (KB)
...
006 (4430510.081.000) 09/08 19:44:18 Image size of job updated: 272164
	240  -  MemoryUsage of job (MB)
	245484  -  ResidentSetSize of job (KB)
...
006 (4430510.081.000) 09/08 19:49:18 Image size of job updated: 272308
	240  -  MemoryUsage of job (MB)
	245536  -  ResidentSetSize of job (KB)
...
006 (4430510.081.000) 09/08 19:54:18 Image size of job updated: 274496
	242  -  MemoryUsage of job (MB)
	247724  -  ResidentSetSize of job (KB)
...
006 (4430510.081.000) 09/08 20:14:20 Image size of job updated: 274532
	242  -  MemoryUsage of job (MB)
	247764  -  ResidentSetSize of job (KB)
...
006 (4430510.081.000) 09/08 20:19:20 Image size of job updated: 274536
	242  -  MemoryUsage of job (MB)
	247764  -  ResidentSetSize of job (KB)
...
006 (4430510.081.000) 09/08 23:14:35 Image size of job updated: 276604
	244  -  MemoryUsage of job (MB)
	249836  -  ResidentSetSize of job (KB)
...
006 (4430510.081.000) 09/08 23:19:35 Image size of job updated: 276608
	244  -  MemoryUsage of job (MB)
	249836  -  ResidentSetSize of job (KB)
...
006 (4430510.081.000) 09/09 01:24:47 Image size of job updated: 277732
	246  -  MemoryUsage of job (MB)
	251048  -  ResidentSetSize of job (KB)
...
006 (4430510.081.000) 09/09 01:29:49 Image size of job updated: 277872
	246  -  MemoryUsage of job (MB)
	251100  -  ResidentSetSize of job (KB)
...
006 (4430510.081.000) 09/09 02:34:56 Image size of job updated: 278720
	247  -  MemoryUsage of job (MB)
	252040  -  ResidentSetSize of job (KB)
...
006 (4430510.081.000) 09/09 02:39:56 Image size of job updated: 278864
	247  -  MemoryUsage of job (MB)
	252092  -  ResidentSetSize of job (KB)
...
006 (4430510.081.000) 09/09 03:05:00 Image size of job updated: 280380
	248  -  MemoryUsage of job (MB)
	253724  -  ResidentSetSize of job (KB)
...
006 (4430510.081.000) 09/09 03:10:00 Image size of job updated: 280492
	248  -  MemoryUsage of job (MB)
	253724  -  ResidentSetSize of job (KB)
...
006 (4430510.081.000) 09/09 03:15:00 Image size of job updated: 280500
	248  -  MemoryUsage of job (MB)
	253724  -  ResidentSetSize of job (KB)
...
006 (4430510.081.000) 09/09 04:10:06 Image size of job updated: 280500
	248  -  MemoryUsage of job (MB)
	253744  -  ResidentSetSize of job (KB)
...
006 (4430510.081.000) 09/09 04:15:05 Image size of job updated: 280532
	248  -  MemoryUsage of job (MB)
	253756  -  ResidentSetSize of job (KB)
...
006 (4430510.081.000) 09/09 05:00:09 Image size of job updated: 282712
	251  -  MemoryUsage of job (MB)
	256032  -  ResidentSetSize of job (KB)
...
006 (4430510.081.000) 09/09 05:05:09 Image size of job updated: 282856
	251  -  MemoryUsage of job (MB)
	256084  -  ResidentSetSize of job (KB)
...
006 (4430510.081.000) 09/09 05:20:10 Image size of job updated: 283024
	251  -  MemoryUsage of job (MB)
	256252  -  ResidentSetSize of job (KB)
...
006 (4430510.081.000) 09/09 07:00:20 Image size of job updated: 284164
	252  -  MemoryUsage of job (MB)
	257424  -  ResidentSetSize of job (KB)
...
005 (4430510.081.000) 09/09 07:58:24 Job terminated.
	(1) Normal termination (return value 0)
		Usr 0 19:42:11, Sys 0 00:04:33  -  Run Remote Usage
		Usr 0 00:00:00, Sys 0 00:00:00  -  Run Local Usage
		Usr 0 19:42:11, Sys 0 00:04:33  -  Total Remote Usage
		Usr 0 00:00:00, Sys 0 00:00:00  -  Total Local Usage
	3533483  -  Run Bytes Sent By Job
	17284  -  Run Bytes Received By Job
	3533483  -  Total Bytes Sent By Job
	17284  -  Total Bytes Received By Job
	Partitionable Resources :    Usage  Request Allocated
	   Cpus                 :                 1         1
	   Disk (KB)            : 19522773 26214400  27256000
	   Ioheavy              :                           1
	   Memory (MB)          :      252      300       300
...
