000 (4430510.497.000) 09/08 09:59:23 Job submitted from host: <128.105.244.190:9618?addrs=128.105.244.190-9618&noUDP&sock=2714685_05e2_3>
...
001 (4430510.497.000) 09/08 11:50:44 Job executing on host: <128.105.245.46:9618?addrs=128.105.245.46-9618+[--1]-9618&noUDP&sock=5168_1ad7_21>
...
006 (4430510.497.000) 09/08 11:50:53 Image size of job updated: 536
	1  -  MemoryUsage of job (MB)
	472  -  ResidentSetSize of job (KB)
...
006 (4430510.497.000) 09/08 12:10:54 Image size of job updated: 544
	1  -  MemoryUsage of job (MB)
	544  -  ResidentSetSize of job (KB)
...
006 (4430510.497.000) 09/08 14:56:09 Image size of job updated: 23632
	23  -  MemoryUsage of job (MB)
	22704  -  ResidentSetSize of job (KB)
...
006 (4430510.497.000) 09/08 15:01:09 Image size of job updated: 42864
	41  -  MemoryUsage of job (MB)
	41832  -  ResidentSetSize of job (KB)
...
006 (4430510.497.000) 09/08 15:06:09 Image size of job updated: 62592
	60  -  MemoryUsage of job (MB)
	61356  -  ResidentSetSize of job (KB)
...
006 (4430510.497.000) 09/08 15:16:10 Image size of job updated: 92432
	87  -  MemoryUsage of job (MB)
	88732  -  ResidentSetSize of job (KB)
...
006 (4430510.497.000) 09/08 15:21:12 Image size of job updated: 188420
	180  -  MemoryUsage of job (MB)
	184096  -  ResidentSetSize of job (KB)
...
006 (4430510.497.000) 09/08 15:31:11 Image size of job updated: 194312
	186  -  MemoryUsage of job (MB)
	189996  -  ResidentSetSize of job (KB)
...
006 (4430510.497.000) 09/08 15:41:17 Image size of job updated: 200612
	193  -  MemoryUsage of job (MB)
	196684  -  ResidentSetSize of job (KB)
...
006 (4430510.497.000) 09/08 15:46:20 Image size of job updated: 200612
	193  -  MemoryUsage of job (MB)
	196740  -  ResidentSetSize of job (KB)
...
006 (4430510.497.000) 09/08 16:16:20 Image size of job updated: 204108
	196  -  MemoryUsage of job (MB)
	200340  -  ResidentSetSize of job (KB)
...
006 (4430510.497.000) 09/08 16:36:27 Image size of job updated: 232584
	225  -  MemoryUsage of job (MB)
	229980  -  ResidentSetSize of job (KB)
...
006 (4430510.497.000) 09/08 16:41:18 Image size of job updated: 232584
	225  -  MemoryUsage of job (MB)
	230000  -  ResidentSetSize of job (KB)
...
006 (4430510.497.000) 09/08 16:56:34 Image size of job updated: 234532
	226  -  MemoryUsage of job (MB)
	230884  -  ResidentSetSize of job (KB)
...
006 (4430510.497.000) 09/08 17:21:44 Image size of job updated: 235940
	228  -  MemoryUsage of job (MB)
	232532  -  ResidentSetSize of job (KB)
...
006 (4430510.497.000) 09/08 17:36:26 Image size of job updated: 246060
	237  -  MemoryUsage of job (MB)
	242488  -  ResidentSetSize of job (KB)
...
006 (4430510.497.000) 09/08 17:41:53 Image size of job updated: 246120
	237  -  MemoryUsage of job (MB)
	242508  -  ResidentSetSize of job (KB)
...
006 (4430510.497.000) 09/08 18:26:29 Image size of job updated: 252692
	244  -  MemoryUsage of job (MB)
	249136  -  ResidentSetSize of job (KB)
...
006 (4430510.497.000) 09/08 18:31:32 Image size of job updated: 252824
	244  -  MemoryUsage of job (MB)
	249192  -  ResidentSetSize of job (KB)
...
006 (4430510.497.000) 09/08 18:36:56 Image size of job updated: 254680
	246  -  MemoryUsage of job (MB)
	251236  -  ResidentSetSize of job (KB)
...
006 (4430510.497.000) 09/08 19:47:49 Image size of job updated: 258500
	250  -  MemoryUsage of job (MB)
	255120  -  ResidentSetSize of job (KB)
...
006 (4430510.497.000) 09/08 19:52:50 Image size of job updated: 258560
	250  -  MemoryUsage of job (MB)
	255140  -  ResidentSetSize of job (KB)
...
006 (4430510.497.000) 09/08 20:02:50 Image size of job updated: 258560
	250  -  MemoryUsage of job (MB)
	255196  -  ResidentSetSize of job (KB)
...
006 (4430510.497.000) 09/09 00:56:57 Image size of job updated: 259624
	252  -  MemoryUsage of job (MB)
	257124  -  ResidentSetSize of job (KB)
...
006 (4430510.497.000) 09/09 01:08:59 Image size of job updated: 259872
	252  -  MemoryUsage of job (MB)
	257180  -  ResidentSetSize of job (KB)
...
006 (4430510.497.000) 09/09 01:31:06 Image size of job updated: 263360
	254  -  MemoryUsage of job (MB)
	259764  -  ResidentSetSize of job (KB)
...
006 (4430510.497.000) 09/09 01:51:05 Image size of job updated: 264808
	256  -  MemoryUsage of job (MB)
	261204  -  ResidentSetSize of job (KB)
...
006 (4430510.497.000) 09/09 01:56:05 Image size of job updated: 264808
	256  -  MemoryUsage of job (MB)
	261224  -  ResidentSetSize of job (KB)
...
006 (4430510.497.000) 09/09 06:07:47 Image size of job updated: 265112
	256  -  MemoryUsage of job (MB)
	261532  -  ResidentSetSize of job (KB)
...
006 (4430510.497.000) 09/09 06:15:47 Image size of job updated: 265112
	256  -  MemoryUsage of job (MB)
	261552  -  ResidentSetSize of job (KB)
...
006 (4430510.497.000) 09/09 08:27:20 Image size of job updated: 267696
	260  -  MemoryUsage of job (MB)
	265572  -  ResidentSetSize of job (KB)
...
006 (4430510.497.000) 09/09 12:29:41 Image size of job updated: 269176
	260  -  MemoryUsage of job (MB)
	265588  -  ResidentSetSize of job (KB)
...
006 (4430510.497.000) 09/09 12:35:42 Image size of job updated: 269176
	260  -  MemoryUsage of job (MB)
	265608  -  ResidentSetSize of job (KB)
...
006 (4430510.497.000) 09/09 14:55:53 Image size of job updated: 275320
	266  -  MemoryUsage of job (MB)
	271872  -  ResidentSetSize of job (KB)
...
006 (4430510.497.000) 09/09 15:54:10 Image size of job updated: 276976
	268  -  MemoryUsage of job (MB)
	273528  -  ResidentSetSize of job (KB)
...
006 (4430510.497.000) 09/09 22:48:39 Image size of job updated: 277672
	269  -  MemoryUsage of job (MB)
	274508  -  ResidentSetSize of job (KB)
...
005 (4430510.497.000) 09/09 23:32:05 Job terminated.
	(1) Normal termination (return value 0)
		Usr 0 19:27:46, Sys 0 00:06:04  -  Run Remote Usage
		Usr 0 00:00:00, Sys 0 00:00:00  -  Run Local Usage
		Usr 0 19:27:46, Sys 0 00:06:04  -  Total Remote Usage
		Usr 0 00:00:00, Sys 0 00:00:00  -  Total Local Usage
	3534107  -  Run Bytes Sent By Job
	17284  -  Run Bytes Received By Job
	3534107  -  Total Bytes Sent By Job
	17284  -  Total Bytes Received By Job
	Partitionable Resources :    Usage  Request Allocated
	   Cpus                 :                 1         1
	   Disk (KB)            : 22154051 26214400  31425168
	   Ioheavy              :                           1
	   Memory (MB)          :      269      300       300
...
