000 (4430510.856.000) 09/08 09:59:23 Job submitted from host: <128.105.244.190:9618?addrs=128.105.244.190-9618&noUDP&sock=2714685_05e2_3>
...
001 (4430510.856.000) 09/08 18:51:45 Job executing on host: <128.105.245.141:9618?addrs=128.105.245.141-9618+[--1]-9618&noUDP&sock=5507_1a92_3>
...
006 (4430510.856.000) 09/08 18:51:53 Image size of job updated: 472
	1  -  MemoryUsage of job (MB)
	472  -  ResidentSetSize of job (KB)
...
006 (4430510.856.000) 09/08 19:01:54 Image size of job updated: 552
	1  -  MemoryUsage of job (MB)
	552  -  ResidentSetSize of job (KB)
...
006 (4430510.856.000) 09/08 19:11:55 Image size of job updated: 17456
	17  -  MemoryUsage of job (MB)
	16528  -  ResidentSetSize of job (KB)
...
006 (4430510.856.000) 09/08 19:16:55 Image size of job updated: 165472
	158  -  MemoryUsage of job (MB)
	161116  -  ResidentSetSize of job (KB)
...
006 (4430510.856.000) 09/08 19:21:57 Image size of job updated: 200856
	192  -  MemoryUsage of job (MB)
	196496  -  ResidentSetSize of job (KB)
...
006 (4430510.856.000) 09/08 19:26:57 Image size of job updated: 206096
	198  -  MemoryUsage of job (MB)
	201740  -  ResidentSetSize of job (KB)
...
006 (4430510.856.000) 09/08 19:31:57 Image size of job updated: 206104
	198  -  MemoryUsage of job (MB)
	201740  -  ResidentSetSize of job (KB)
...
006 (4430510.856.000) 09/08 19:36:57 Image size of job updated: 210888
	202  -  MemoryUsage of job (MB)
	206524  -  ResidentSetSize of job (KB)
...
006 (4430510.856.000) 09/08 19:41:58 Image size of job updated: 215092
	206  -  MemoryUsage of job (MB)
	210736  -  ResidentSetSize of job (KB)
...
006 (4430510.856.000) 09/08 19:46:59 Image size of job updated: 215100
	206  -  MemoryUsage of job (MB)
	210736  -  ResidentSetSize of job (KB)
...
006 (4430510.856.000) 09/08 19:52:01 Image size of job updated: 216440
	208  -  MemoryUsage of job (MB)
	212076  -  ResidentSetSize of job (KB)
...
006 (4430510.856.000) 09/08 20:02:01 Image size of job updated: 245164
	236  -  MemoryUsage of job (MB)
	240796  -  ResidentSetSize of job (KB)
...
006 (4430510.856.000) 09/08 20:12:03 Image size of job updated: 251932
	242  -  MemoryUsage of job (MB)
	247564  -  ResidentSetSize of job (KB)
...
006 (4430510.856.000) 09/08 20:22:03 Image size of job updated: 253952
	244  -  MemoryUsage of job (MB)
	249628  -  ResidentSetSize of job (KB)
...
006 (4430510.856.000) 09/08 20:27:04 Image size of job updated: 254008
	244  -  MemoryUsage of job (MB)
	249640  -  ResidentSetSize of job (KB)
...
006 (4430510.856.000) 09/08 20:37:06 Image size of job updated: 255412
	246  -  MemoryUsage of job (MB)
	251048  -  ResidentSetSize of job (KB)
...
006 (4430510.856.000) 09/08 20:42:06 Image size of job updated: 255416
	246  -  MemoryUsage of job (MB)
	251048  -  ResidentSetSize of job (KB)
...
006 (4430510.856.000) 09/08 20:47:06 Image size of job updated: 258232
	249  -  MemoryUsage of job (MB)
	253956  -  ResidentSetSize of job (KB)
...
006 (4430510.856.000) 09/08 20:52:07 Image size of job updated: 258376
	249  -  MemoryUsage of job (MB)
	254008  -  ResidentSetSize of job (KB)
...
006 (4430510.856.000) 09/08 21:02:10 Image size of job updated: 259420
	250  -  MemoryUsage of job (MB)
	255052  -  ResidentSetSize of job (KB)
...
006 (4430510.856.000) 09/08 21:12:10 Image size of job updated: 262924
	253  -  MemoryUsage of job (MB)
	258560  -  ResidentSetSize of job (KB)
...
006 (4430510.856.000) 09/08 21:17:10 Image size of job updated: 262932
	253  -  MemoryUsage of job (MB)
	258560  -  ResidentSetSize of job (KB)
...
006 (4430510.856.000) 09/08 22:37:17 Image size of job updated: 263048
	253  -  MemoryUsage of job (MB)
	258680  -  ResidentSetSize of job (KB)
...
006 (4430510.856.000) 09/08 22:52:17 Image size of job updated: 263816
	254  -  MemoryUsage of job (MB)
	259448  -  ResidentSetSize of job (KB)
...
006 (4430510.856.000) 09/08 23:07:20 Image size of job updated: 265272
	255  -  MemoryUsage of job (MB)
	260948  -  ResidentSetSize of job (KB)
...
006 (4430510.856.000) 09/08 23:12:22 Image size of job updated: 265328
	255  -  MemoryUsage of job (MB)
	260960  -  ResidentSetSize of job (KB)
...
006 (4430510.856.000) 09/08 23:17:22 Image size of job updated: 265332
	255  -  MemoryUsage of job (MB)
	260960  -  ResidentSetSize of job (KB)
...
006 (4430510.856.000) 09/08 23:42:24 Image size of job updated: 265888
	255  -  MemoryUsage of job (MB)
	260960  -  ResidentSetSize of job (KB)
...
006 (4430510.856.000) 09/08 23:47:26 Image size of job updated: 265944
	255  -  MemoryUsage of job (MB)
	260960  -  ResidentSetSize of job (KB)
...
006 (4430510.856.000) 09/09 00:02:26 Image size of job updated: 266248
	255  -  MemoryUsage of job (MB)
	260960  -  ResidentSetSize of job (KB)
...
006 (4430510.856.000) 09/09 00:07:27 Image size of job updated: 266300
	255  -  MemoryUsage of job (MB)
	260960  -  ResidentSetSize of job (KB)
...
006 (4430510.856.000) 09/09 00:22:28 Image size of job updated: 270228
	255  -  MemoryUsage of job (MB)
	260960  -  ResidentSetSize of job (KB)
...
006 (4430510.856.000) 09/09 00:27:28 Image size of job updated: 270232
	255  -  MemoryUsage of job (MB)
	260960  -  ResidentSetSize of job (KB)
...
006 (4430510.856.000) 09/09 02:32:41 Image size of job updated: 270284
	255  -  MemoryUsage of job (MB)
	260960  -  ResidentSetSize of job (KB)
...
006 (4430510.856.000) 09/09 02:37:42 Image size of job updated: 270336
	255  -  MemoryUsage of job (MB)
	260960  -  ResidentSetSize of job (KB)
...
006 (4430510.856.000) 09/09 02:47:42 Image size of job updated: 270428
	255  -  MemoryUsage of job (MB)
	260960  -  ResidentSetSize of job (KB)
...
006 (4430510.856.000) 09/09 02:52:43 Image size of job updated: 270576
	255  -  MemoryUsage of job (MB)
	260960  -  ResidentSetSize of job (KB)
...
006 (4430510.856.000) 09/09 03:07:44 Image size of job updated: 272032
	255  -  MemoryUsage of job (MB)
	260960  -  ResidentSetSize of job (KB)
...
006 (4430510.856.000) 09/09 03:12:44 Image size of job updated: 272084
	255  -  MemoryUsage of job (MB)
	260960  -  ResidentSetSize of job (KB)
...
006 (4430510.856.000) 09/09 03:17:45 Image size of job updated: 272088
	255  -  MemoryUsage of job (MB)
	260960  -  ResidentSetSize of job (KB)
...
006 (4430510.856.000) 09/09 03:22:46 Image size of job updated: 274520
	255  -  MemoryUsage of job (MB)
	260960  -  ResidentSetSize of job (KB)
...
006 (4430510.856.000) 09/09 03:27:46 Image size of job updated: 274572
	255  -  MemoryUsage of job (MB)
	260960  -  ResidentSetSize of job (KB)
...
006 (4430510.856.000) 09/09 05:17:58 Image size of job updated: 275780
	255  -  MemoryUsage of job (MB)
	260960  -  ResidentSetSize of job (KB)
...
006 (4430510.856.000) 09/09 05:22:59 Image size of job updated: 275784
	255  -  MemoryUsage of job (MB)
	260960  -  ResidentSetSize of job (KB)
...
006 (4430510.856.000) 09/09 06:08:04 Image size of job updated: 276480
	255  -  MemoryUsage of job (MB)
	260960  -  ResidentSetSize of job (KB)
...
006 (4430510.856.000) 09/09 07:23:12 Image size of job updated: 276580
	255  -  MemoryUsage of job (MB)
	260960  -  ResidentSetSize of job (KB)
...
006 (4430510.856.000) 09/09 07:28:13 Image size of job updated: 276632
	255  -  MemoryUsage of job (MB)
	260960  -  ResidentSetSize of job (KB)
...
006 (4430510.856.000) 09/09 07:33:13 Image size of job updated: 277188
	255  -  MemoryUsage of job (MB)
	260960  -  ResidentSetSize of job (KB)
...
006 (4430510.856.000) 09/09 08:48:22 Image size of job updated: 277328
	255  -  MemoryUsage of job (MB)
	260960  -  ResidentSetSize of job (KB)
...
006 (4430510.856.000) 09/09 08:53:22 Image size of job updated: 277472
	255  -  MemoryUsage of job (MB)
	260960  -  ResidentSetSize of job (KB)
...
006 (4430510.856.000) 09/09 08:58:23 Image size of job updated: 277476
	255  -  MemoryUsage of job (MB)
	260960  -  ResidentSetSize of job (KB)
...
006 (4430510.856.000) 09/09 09:03:24 Image size of job updated: 279672
	255  -  MemoryUsage of job (MB)
	260960  -  ResidentSetSize of job (KB)
...
006 (4430510.856.000) 09/09 09:08:24 Image size of job updated: 279724
	255  -  MemoryUsage of job (MB)
	260960  -  ResidentSetSize of job (KB)
...
006 (4430510.856.000) 09/09 10:33:34 Image size of job updated: 280220
	255  -  MemoryUsage of job (MB)
	260960  -  ResidentSetSize of job (KB)
...
006 (4430510.856.000) 09/09 10:43:35 Image size of job updated: 280316
	255  -  MemoryUsage of job (MB)
	260960  -  ResidentSetSize of job (KB)
...
006 (4430510.856.000) 09/09 10:48:36 Image size of job updated: 280368
	255  -  MemoryUsage of job (MB)
	260960  -  ResidentSetSize of job (KB)
...
006 (4430510.856.000) 09/09 10:58:37 Image size of job updated: 280552
	255  -  MemoryUsage of job (MB)
	260960  -  ResidentSetSize of job (KB)
...
006 (4430510.856.000) 09/09 11:03:37 Image size of job updated: 280692
	255  -  MemoryUsage of job (MB)
	260960  -  ResidentSetSize of job (KB)
...
006 (4430510.856.000) 09/09 11:08:38 Image size of job updated: 280920
	255  -  MemoryUsage of job (MB)
	260960  -  ResidentSetSize of job (KB)
...
006 (4430510.856.000) 09/09 11:23:40 Image size of job updated: 280960
	255  -  MemoryUsage of job (MB)
	260960  -  ResidentSetSize of job (KB)
...
006 (4430510.856.000) 09/09 11:28:41 Image size of job updated: 281012
	255  -  MemoryUsage of job (MB)
	260960  -  ResidentSetSize of job (KB)
...
006 (4430510.856.000) 09/09 11:38:42 Image size of job updated: 281268
	255  -  MemoryUsage of job (MB)
	260960  -  ResidentSetSize of job (KB)
...
006 (4430510.856.000) 09/09 11:48:42 Image size of job updated: 281392
	255  -  MemoryUsage of job (MB)
	260960  -  ResidentSetSize of job (KB)
...
006 (4430510.856.000) 09/09 11:53:43 Image size of job updated: 281396
	255  -  MemoryUsage of job (MB)
	260960  -  ResidentSetSize of job (KB)
...
006 (4430510.856.000) 09/09 12:48:47 Image size of job updated: 283868
	255  -  MemoryUsage of job (MB)
	260960  -  ResidentSetSize of job (KB)
...
006 (4430510.856.000) 09/09 12:53:47 Image size of job updated: 284008
	255  -  MemoryUsage of job (MB)
	260960  -  ResidentSetSize of job (KB)
...
005 (4430510.856.000) 09/09 13:58:17 Job terminated.
	(1) Normal termination (return value 0)
		Usr 0 18:16:53, Sys 0 00:03:31  -  Run Remote Usage
		Usr 0 00:00:00, Sys 0 00:00:00  -  Run Local Usage
		Usr 0 18:16:53, Sys 0 00:03:31  -  Total Remote Usage
		Usr 0 00:00:00, Sys 0 00:00:00  -  Total Local Usage
	3538728  -  Run Bytes Sent By Job
	17284  -  Run Bytes Received By Job
	3538728  -  Total Bytes Sent By Job
	17284  -  Total Bytes Received By Job
	Partitionable Resources :    Usage  Request Allocated
	   Cpus                 :                 1         1
	   Disk (KB)            : 18694408 26214400  26698932
	   Ioheavy              :                           1
	   Memory (MB)          :      255      300       300
...
