000 (4430510.407.000) 09/08 09:59:23 Job submitted from host: <128.105.244.190:9618?addrs=128.105.244.190-9618&noUDP&sock=2714685_05e2_3>
...
001 (4430510.407.000) 09/08 11:42:12 Job executing on host: <128.105.245.50:9618?addrs=128.105.245.50-9618+[--1]-9618&noUDP&sock=3863_c547_3>
...
006 (4430510.407.000) 09/08 11:42:21 Image size of job updated: 472
	1  -  MemoryUsage of job (MB)
	472  -  ResidentSetSize of job (KB)
...
006 (4430510.407.000) 09/08 11:47:45 Image size of job updated: 548
	1  -  MemoryUsage of job (MB)
	548  -  ResidentSetSize of job (KB)
...
006 (4430510.407.000) 09/08 11:57:31 Image size of job updated: 165428
	158  -  MemoryUsage of job (MB)
	161068  -  ResidentSetSize of job (KB)
...
006 (4430510.407.000) 09/08 12:02:25 Image size of job updated: 192224
	184  -  MemoryUsage of job (MB)
	187860  -  ResidentSetSize of job (KB)
...
006 (4430510.407.000) 09/08 12:07:27 Image size of job updated: 215580
	207  -  MemoryUsage of job (MB)
	211248  -  ResidentSetSize of job (KB)
...
006 (4430510.407.000) 09/08 12:17:27 Image size of job updated: 216712
	208  -  MemoryUsage of job (MB)
	212368  -  ResidentSetSize of job (KB)
...
006 (4430510.407.000) 09/08 12:22:27 Image size of job updated: 221272
	212  -  MemoryUsage of job (MB)
	216928  -  ResidentSetSize of job (KB)
...
006 (4430510.407.000) 09/08 12:37:28 Image size of job updated: 244808
	235  -  MemoryUsage of job (MB)
	240480  -  ResidentSetSize of job (KB)
...
006 (4430510.407.000) 09/08 12:42:29 Image size of job updated: 245612
	236  -  MemoryUsage of job (MB)
	241284  -  ResidentSetSize of job (KB)
...
006 (4430510.407.000) 09/08 12:47:29 Image size of job updated: 249372
	240  -  MemoryUsage of job (MB)
	245044  -  ResidentSetSize of job (KB)
...
006 (4430510.407.000) 09/08 12:57:30 Image size of job updated: 252948
	244  -  MemoryUsage of job (MB)
	249076  -  ResidentSetSize of job (KB)
...
006 (4430510.407.000) 09/08 13:02:31 Image size of job updated: 253756
	245  -  MemoryUsage of job (MB)
	249884  -  ResidentSetSize of job (KB)
...
006 (4430510.407.000) 09/08 13:12:31 Image size of job updated: 254044
	245  -  MemoryUsage of job (MB)
	250372  -  ResidentSetSize of job (KB)
...
006 (4430510.407.000) 09/08 13:17:32 Image size of job updated: 255488
	246  -  MemoryUsage of job (MB)
	251816  -  ResidentSetSize of job (KB)
...
006 (4430510.407.000) 09/08 13:22:32 Image size of job updated: 255740
	247  -  MemoryUsage of job (MB)
	252068  -  ResidentSetSize of job (KB)
...
006 (4430510.407.000) 09/08 13:27:33 Image size of job updated: 258600
	249  -  MemoryUsage of job (MB)
	254936  -  ResidentSetSize of job (KB)
...
006 (4430510.407.000) 09/08 13:32:34 Image size of job updated: 258860
	250  -  MemoryUsage of job (MB)
	255188  -  ResidentSetSize of job (KB)
...
006 (4430510.407.000) 09/08 13:52:35 Image size of job updated: 259828
	251  -  MemoryUsage of job (MB)
	256160  -  ResidentSetSize of job (KB)
...
006 (4430510.407.000) 09/08 14:02:36 Image size of job updated: 259928
	251  -  MemoryUsage of job (MB)
	256264  -  ResidentSetSize of job (KB)
...
006 (4430510.407.000) 09/08 14:07:36 Image size of job updated: 259932
	251  -  MemoryUsage of job (MB)
	256264  -  ResidentSetSize of job (KB)
...
006 (4430510.407.000) 09/08 14:12:37 Image size of job updated: 260356
	251  -  MemoryUsage of job (MB)
	256728  -  ResidentSetSize of job (KB)
...
006 (4430510.407.000) 09/08 14:17:37 Image size of job updated: 260416
	251  -  MemoryUsage of job (MB)
	256748  -  ResidentSetSize of job (KB)
...
006 (4430510.407.000) 09/08 14:47:41 Image size of job updated: 260576
	251  -  MemoryUsage of job (MB)
	256948  -  ResidentSetSize of job (KB)
...
006 (4430510.407.000) 09/08 14:52:41 Image size of job updated: 260636
	251  -  MemoryUsage of job (MB)
	256968  -  ResidentSetSize of job (KB)
...
006 (4430510.407.000) 09/08 14:57:41 Image size of job updated: 261436
	252  -  MemoryUsage of job (MB)
	257768  -  ResidentSetSize of job (KB)
...
006 (4430510.407.000) 09/08 15:07:43 Image size of job updated: 262124
	253  -  MemoryUsage of job (MB)
	258456  -  ResidentSetSize of job (KB)
...
006 (4430510.407.000) 09/08 15:12:44 Image size of job updated: 264968
	256  -  MemoryUsage of job (MB)
	261340  -  ResidentSetSize of job (KB)
...
006 (4430510.407.000) 09/08 15:17:44 Image size of job updated: 265840
	257  -  MemoryUsage of job (MB)
	262176  -  ResidentSetSize of job (KB)
...
006 (4430510.407.000) 09/08 16:37:51 Image size of job updated: 267968
	259  -  MemoryUsage of job (MB)
	264352  -  ResidentSetSize of job (KB)
...
006 (4430510.407.000) 09/08 16:42:52 Image size of job updated: 268032
	259  -  MemoryUsage of job (MB)
	264372  -  ResidentSetSize of job (KB)
...
006 (4430510.407.000) 09/08 17:27:57 Image size of job updated: 268440
	259  -  MemoryUsage of job (MB)
	264784  -  ResidentSetSize of job (KB)
...
006 (4430510.407.000) 09/08 17:32:58 Image size of job updated: 268920
	260  -  MemoryUsage of job (MB)
	265260  -  ResidentSetSize of job (KB)
...
006 (4430510.407.000) 09/08 17:37:58 Image size of job updated: 269584
	260  -  MemoryUsage of job (MB)
	266016  -  ResidentSetSize of job (KB)
...
006 (4430510.407.000) 09/08 17:42:59 Image size of job updated: 269736
	260  -  MemoryUsage of job (MB)
	266076  -  ResidentSetSize of job (KB)
...
006 (4430510.407.000) 09/08 17:47:59 Image size of job updated: 269980
	261  -  MemoryUsage of job (MB)
	266316  -  ResidentSetSize of job (KB)
...
006 (4430510.407.000) 09/08 17:52:59 Image size of job updated: 271436
	262  -  MemoryUsage of job (MB)
	267780  -  ResidentSetSize of job (KB)
...
006 (4430510.407.000) 09/08 17:58:01 Image size of job updated: 272260
	263  -  MemoryUsage of job (MB)
	268600  -  ResidentSetSize of job (KB)
...
006 (4430510.407.000) 09/08 18:13:02 Image size of job updated: 273128
	264  -  MemoryUsage of job (MB)
	269468  -  ResidentSetSize of job (KB)
...
006 (4430510.407.000) 09/08 20:23:12 Image size of job updated: 273140
	264  -  MemoryUsage of job (MB)
	269480  -  ResidentSetSize of job (KB)
...
006 (4430510.407.000) 09/08 20:43:14 Image size of job updated: 274208
	265  -  MemoryUsage of job (MB)
	270548  -  ResidentSetSize of job (KB)
...
006 (4430510.407.000) 09/08 20:53:16 Image size of job updated: 274664
	265  -  MemoryUsage of job (MB)
	271048  -  ResidentSetSize of job (KB)
...
006 (4430510.407.000) 09/08 20:58:16 Image size of job updated: 274728
	265  -  MemoryUsage of job (MB)
	271068  -  ResidentSetSize of job (KB)
...
006 (4430510.407.000) 09/08 22:03:24 Image size of job updated: 274840
	265  -  MemoryUsage of job (MB)
	271188  -  ResidentSetSize of job (KB)
...
006 (4430510.407.000) 09/08 22:08:24 Image size of job updated: 275164
	266  -  MemoryUsage of job (MB)
	271508  -  ResidentSetSize of job (KB)
...
006 (4430510.407.000) 09/08 22:18:26 Image size of job updated: 275712
	266  -  MemoryUsage of job (MB)
	272056  -  ResidentSetSize of job (KB)
...
006 (4430510.407.000) 09/08 22:23:26 Image size of job updated: 276504
	267  -  MemoryUsage of job (MB)
	272848  -  ResidentSetSize of job (KB)
...
006 (4430510.407.000) 09/08 22:28:28 Image size of job updated: 277572
	268  -  MemoryUsage of job (MB)
	273956  -  ResidentSetSize of job (KB)
...
006 (4430510.407.000) 09/08 22:33:28 Image size of job updated: 277632
	268  -  MemoryUsage of job (MB)
	273976  -  ResidentSetSize of job (KB)
...
006 (4430510.407.000) 09/08 22:53:29 Image size of job updated: 277792
	268  -  MemoryUsage of job (MB)
	274224  -  ResidentSetSize of job (KB)
...
006 (4430510.407.000) 09/08 22:58:30 Image size of job updated: 277940
	268  -  MemoryUsage of job (MB)
	274284  -  ResidentSetSize of job (KB)
...
006 (4430510.407.000) 09/08 23:58:38 Image size of job updated: 278036
	268  -  MemoryUsage of job (MB)
	274380  -  ResidentSetSize of job (KB)
...
006 (4430510.407.000) 09/09 00:03:38 Image size of job updated: 278944
	269  -  MemoryUsage of job (MB)
	275292  -  ResidentSetSize of job (KB)
...
006 (4430510.407.000) 09/09 00:08:39 Image size of job updated: 278948
	269  -  MemoryUsage of job (MB)
	275292  -  ResidentSetSize of job (KB)
...
006 (4430510.407.000) 09/09 02:18:55 Image size of job updated: 279872
	270  -  MemoryUsage of job (MB)
	276256  -  ResidentSetSize of job (KB)
...
006 (4430510.407.000) 09/09 02:23:56 Image size of job updated: 279932
	270  -  MemoryUsage of job (MB)
	276276  -  ResidentSetSize of job (KB)
...
006 (4430510.407.000) 09/09 02:28:56 Image size of job updated: 280736
	271  -  MemoryUsage of job (MB)
	277080  -  ResidentSetSize of job (KB)
...
006 (4430510.407.000) 09/09 03:24:03 Image size of job updated: 281388
	272  -  MemoryUsage of job (MB)
	277772  -  ResidentSetSize of job (KB)
...
006 (4430510.407.000) 09/09 03:29:03 Image size of job updated: 281388
	272  -  MemoryUsage of job (MB)
	277792  -  ResidentSetSize of job (KB)
...
006 (4430510.407.000) 09/09 03:39:04 Image size of job updated: 282496
	273  -  MemoryUsage of job (MB)
	278840  -  ResidentSetSize of job (KB)
...
006 (4430510.407.000) 09/09 04:04:06 Image size of job updated: 282772
	273  -  MemoryUsage of job (MB)
	279232  -  ResidentSetSize of job (KB)
...
006 (4430510.407.000) 09/09 04:09:08 Image size of job updated: 283220
	274  -  MemoryUsage of job (MB)
	279680  -  ResidentSetSize of job (KB)
...
005 (4430510.407.000) 09/09 04:11:15 Job terminated.
	(1) Normal termination (return value 0)
		Usr 0 16:02:09, Sys 0 00:05:38  -  Run Remote Usage
		Usr 0 00:00:00, Sys 0 00:00:00  -  Run Local Usage
		Usr 0 16:02:09, Sys 0 00:05:38  -  Total Remote Usage
		Usr 0 00:00:00, Sys 0 00:00:00  -  Total Local Usage
	3540802  -  Run Bytes Sent By Job
	17284  -  Run Bytes Received By Job
	3540802  -  Total Bytes Sent By Job
	17284  -  Total Bytes Received By Job
	Partitionable Resources :    Usage  Request Allocated
	   Cpus                 :                 1         1
	   Disk (KB)            : 21678505 26214400  29804238
	   Ioheavy              :                           1
	   Memory (MB)          :      274      300       300
...
