000 (4430510.994.000) 09/08 09:59:23 Job submitted from host: <128.105.244.190:9618?addrs=128.105.244.190-9618&noUDP&sock=2714685_05e2_3>
...
001 (4430510.994.000) 09/09 00:13:09 Job executing on host: <128.105.245.145:9618?addrs=128.105.245.145-9618+[--1]-9618&noUDP&sock=5518_46ed_3>
...
006 (4430510.994.000) 09/09 00:13:17 Image size of job updated: 476
	1  -  MemoryUsage of job (MB)
	476  -  ResidentSetSize of job (KB)
...
006 (4430510.994.000) 09/09 00:18:18 Image size of job updated: 548
	1  -  MemoryUsage of job (MB)
	476  -  ResidentSetSize of job (KB)
...
006 (4430510.994.000) 09/09 00:23:19 Image size of job updated: 12332
	12  -  MemoryUsage of job (MB)
	11364  -  ResidentSetSize of job (KB)
...
006 (4430510.994.000) 09/09 00:28:20 Image size of job updated: 149960
	143  -  MemoryUsage of job (MB)
	145564  -  ResidentSetSize of job (KB)
...
006 (4430510.994.000) 09/09 00:33:20 Image size of job updated: 197720
	189  -  MemoryUsage of job (MB)
	193316  -  ResidentSetSize of job (KB)
...
006 (4430510.994.000) 09/09 00:38:21 Image size of job updated: 208160
	200  -  MemoryUsage of job (MB)
	203844  -  ResidentSetSize of job (KB)
...
006 (4430510.994.000) 09/09 00:43:21 Image size of job updated: 208300
	200  -  MemoryUsage of job (MB)
	203896  -  ResidentSetSize of job (KB)
...
006 (4430510.994.000) 09/09 00:48:21 Image size of job updated: 211744
	203  -  MemoryUsage of job (MB)
	207340  -  ResidentSetSize of job (KB)
...
006 (4430510.994.000) 09/09 00:58:22 Image size of job updated: 216692
	208  -  MemoryUsage of job (MB)
	212284  -  ResidentSetSize of job (KB)
...
006 (4430510.994.000) 09/09 01:18:25 Image size of job updated: 234716
	225  -  MemoryUsage of job (MB)
	230312  -  ResidentSetSize of job (KB)
...
006 (4430510.994.000) 09/09 01:28:27 Image size of job updated: 249076
	239  -  MemoryUsage of job (MB)
	244712  -  ResidentSetSize of job (KB)
...
006 (4430510.994.000) 09/09 01:33:27 Image size of job updated: 249128
	239  -  MemoryUsage of job (MB)
	244724  -  ResidentSetSize of job (KB)
...
006 (4430510.994.000) 09/09 01:38:27 Image size of job updated: 249132
	239  -  MemoryUsage of job (MB)
	244724  -  ResidentSetSize of job (KB)
...
006 (4430510.994.000) 09/09 01:43:28 Image size of job updated: 250576
	241  -  MemoryUsage of job (MB)
	246172  -  ResidentSetSize of job (KB)
...
006 (4430510.994.000) 09/09 01:48:28 Image size of job updated: 250580
	241  -  MemoryUsage of job (MB)
	246172  -  ResidentSetSize of job (KB)
...
006 (4430510.994.000) 09/09 01:53:28 Image size of job updated: 252412
	243  -  MemoryUsage of job (MB)
	248096  -  ResidentSetSize of job (KB)
...
006 (4430510.994.000) 09/09 01:58:29 Image size of job updated: 252556
	243  -  MemoryUsage of job (MB)
	248148  -  ResidentSetSize of job (KB)
...
006 (4430510.994.000) 09/09 02:28:33 Image size of job updated: 257068
	247  -  MemoryUsage of job (MB)
	252660  -  ResidentSetSize of job (KB)
...
006 (4430510.994.000) 09/09 02:38:34 Image size of job updated: 258220
	248  -  MemoryUsage of job (MB)
	253856  -  ResidentSetSize of job (KB)
...
006 (4430510.994.000) 09/09 02:43:34 Image size of job updated: 258276
	248  -  MemoryUsage of job (MB)
	253868  -  ResidentSetSize of job (KB)
...
006 (4430510.994.000) 09/09 02:48:35 Image size of job updated: 258280
	248  -  MemoryUsage of job (MB)
	253868  -  ResidentSetSize of job (KB)
...
006 (4430510.994.000) 09/09 03:13:39 Image size of job updated: 259644
	250  -  MemoryUsage of job (MB)
	255236  -  ResidentSetSize of job (KB)
...
006 (4430510.994.000) 09/09 03:58:43 Image size of job updated: 261632
	252  -  MemoryUsage of job (MB)
	257268  -  ResidentSetSize of job (KB)
...
006 (4430510.994.000) 09/09 04:03:43 Image size of job updated: 261688
	252  -  MemoryUsage of job (MB)
	257280  -  ResidentSetSize of job (KB)
...
006 (4430510.994.000) 09/09 04:13:44 Image size of job updated: 262212
	252  -  MemoryUsage of job (MB)
	257844  -  ResidentSetSize of job (KB)
...
006 (4430510.994.000) 09/09 04:18:44 Image size of job updated: 262264
	252  -  MemoryUsage of job (MB)
	257856  -  ResidentSetSize of job (KB)
...
006 (4430510.994.000) 09/09 04:28:46 Image size of job updated: 264952
	255  -  MemoryUsage of job (MB)
	260588  -  ResidentSetSize of job (KB)
...
006 (4430510.994.000) 09/09 04:33:46 Image size of job updated: 265008
	255  -  MemoryUsage of job (MB)
	260600  -  ResidentSetSize of job (KB)
...
006 (4430510.994.000) 09/09 06:54:00 Image size of job updated: 265340
	255  -  MemoryUsage of job (MB)
	260600  -  ResidentSetSize of job (KB)
...
006 (4430510.994.000) 09/09 08:24:09 Image size of job updated: 270372
	255  -  MemoryUsage of job (MB)
	260600  -  ResidentSetSize of job (KB)
...
006 (4430510.994.000) 09/09 08:29:09 Image size of job updated: 270428
	255  -  MemoryUsage of job (MB)
	260600  -  ResidentSetSize of job (KB)
...
006 (4430510.994.000) 09/09 08:34:10 Image size of job updated: 270432
	255  -  MemoryUsage of job (MB)
	260600  -  ResidentSetSize of job (KB)
...
006 (4430510.994.000) 09/09 09:09:12 Image size of job updated: 270444
	255  -  MemoryUsage of job (MB)
	260600  -  ResidentSetSize of job (KB)
...
006 (4430510.994.000) 09/09 09:14:12 Image size of job updated: 270500
	255  -  MemoryUsage of job (MB)
	260600  -  ResidentSetSize of job (KB)
...
006 (4430510.994.000) 09/09 09:29:13 Image size of job updated: 272176
	255  -  MemoryUsage of job (MB)
	260600  -  ResidentSetSize of job (KB)
...
006 (4430510.994.000) 09/09 09:34:14 Image size of job updated: 272180
	255  -  MemoryUsage of job (MB)
	260600  -  ResidentSetSize of job (KB)
...
006 (4430510.994.000) 09/09 09:54:15 Image size of job updated: 273188
	255  -  MemoryUsage of job (MB)
	260600  -  ResidentSetSize of job (KB)
...
006 (4430510.994.000) 09/09 09:59:16 Image size of job updated: 273240
	255  -  MemoryUsage of job (MB)
	260600  -  ResidentSetSize of job (KB)
...
006 (4430510.994.000) 09/09 10:04:17 Image size of job updated: 273244
	255  -  MemoryUsage of job (MB)
	260600  -  ResidentSetSize of job (KB)
...
006 (4430510.994.000) 09/09 10:59:23 Image size of job updated: 273932
	255  -  MemoryUsage of job (MB)
	260600  -  ResidentSetSize of job (KB)
...
006 (4430510.994.000) 09/09 11:04:23 Image size of job updated: 273936
	255  -  MemoryUsage of job (MB)
	260600  -  ResidentSetSize of job (KB)
...
006 (4430510.994.000) 09/09 11:14:25 Image size of job updated: 274168
	255  -  MemoryUsage of job (MB)
	260600  -  ResidentSetSize of job (KB)
...
006 (4430510.994.000) 09/09 11:44:27 Image size of job updated: 274184
	255  -  MemoryUsage of job (MB)
	260600  -  ResidentSetSize of job (KB)
...
006 (4430510.994.000) 09/09 12:24:30 Image size of job updated: 274572
	255  -  MemoryUsage of job (MB)
	260600  -  ResidentSetSize of job (KB)
...
006 (4430510.994.000) 09/09 12:34:32 Image size of job updated: 274920
	255  -  MemoryUsage of job (MB)
	260600  -  ResidentSetSize of job (KB)
...
006 (4430510.994.000) 09/09 12:39:32 Image size of job updated: 274972
	255  -  MemoryUsage of job (MB)
	260600  -  ResidentSetSize of job (KB)
...
006 (4430510.994.000) 09/09 12:44:32 Image size of job updated: 274976
	255  -  MemoryUsage of job (MB)
	260600  -  ResidentSetSize of job (KB)
...
006 (4430510.994.000) 09/09 12:49:32 Image size of job updated: 275724
	255  -  MemoryUsage of job (MB)
	260600  -  ResidentSetSize of job (KB)
...
006 (4430510.994.000) 09/09 12:59:34 Image size of job updated: 277496
	255  -  MemoryUsage of job (MB)
	260600  -  ResidentSetSize of job (KB)
...
006 (4430510.994.000) 09/09 13:04:34 Image size of job updated: 277552
	255  -  MemoryUsage of job (MB)
	260600  -  ResidentSetSize of job (KB)
...
006 (4430510.994.000) 09/09 15:29:49 Image size of job updated: 279292
	255  -  MemoryUsage of job (MB)
	260600  -  ResidentSetSize of job (KB)
...
006 (4430510.994.000) 09/09 15:34:49 Image size of job updated: 279432
	255  -  MemoryUsage of job (MB)
	260600  -  ResidentSetSize of job (KB)
...
006 (4430510.994.000) 09/09 15:39:50 Image size of job updated: 279436
	255  -  MemoryUsage of job (MB)
	260600  -  ResidentSetSize of job (KB)
...
006 (4430510.994.000) 09/09 18:10:05 Image size of job updated: 280084
	255  -  MemoryUsage of job (MB)
	260600  -  ResidentSetSize of job (KB)
...
005 (4430510.994.000) 09/09 20:11:24 Job terminated.
	(1) Normal termination (return value 0)
		Usr 0 19:03:28, Sys 0 00:05:22  -  Run Remote Usage
		Usr 0 00:00:00, Sys 0 00:00:00  -  Run Local Usage
		Usr 0 19:03:28, Sys 0 00:05:22  -  Total Remote Usage
		Usr 0 00:00:00, Sys 0 00:00:00  -  Total Local Usage
	3533047  -  Run Bytes Sent By Job
	17284  -  Run Bytes Received By Job
	3533047  -  Total Bytes Sent By Job
	17284  -  Total Bytes Received By Job
	Partitionable Resources :    Usage  Request Allocated
	   Cpus                 :                 1         1
	   Disk (KB)            : 18693446 26214400  27418146
	   Ioheavy              :                           1
	   Memory (MB)          :      255      300       300
...
