000 (4430510.505.000) 09/08 09:59:23 Job submitted from host: <128.105.244.190:9618?addrs=128.105.244.190-9618&noUDP&sock=2714685_05e2_3>
...
001 (4430510.505.000) 09/08 11:50:42 Job executing on host: <128.105.245.225:9618?addrs=128.105.245.225-9618+[--1]-9618&noUDP&sock=5513_295b_3>
...
006 (4430510.505.000) 09/08 11:50:51 Image size of job updated: 476
	1  -  MemoryUsage of job (MB)
	476  -  ResidentSetSize of job (KB)
...
006 (4430510.505.000) 09/08 12:10:53 Image size of job updated: 552
	1  -  MemoryUsage of job (MB)
	552  -  ResidentSetSize of job (KB)
...
006 (4430510.505.000) 09/08 13:31:01 Image size of job updated: 14740
	14  -  MemoryUsage of job (MB)
	13768  -  ResidentSetSize of job (KB)
...
006 (4430510.505.000) 09/08 13:36:01 Image size of job updated: 164600
	157  -  MemoryUsage of job (MB)
	160204  -  ResidentSetSize of job (KB)
...
006 (4430510.505.000) 09/08 13:41:01 Image size of job updated: 195404
	187  -  MemoryUsage of job (MB)
	191000  -  ResidentSetSize of job (KB)
...
006 (4430510.505.000) 09/08 13:51:02 Image size of job updated: 202288
	194  -  MemoryUsage of job (MB)
	197888  -  ResidentSetSize of job (KB)
...
006 (4430510.505.000) 09/08 13:56:02 Image size of job updated: 210412
	202  -  MemoryUsage of job (MB)
	206052  -  ResidentSetSize of job (KB)
...
006 (4430510.505.000) 09/08 14:01:02 Image size of job updated: 210468
	202  -  MemoryUsage of job (MB)
	206064  -  ResidentSetSize of job (KB)
...
006 (4430510.505.000) 09/08 14:06:03 Image size of job updated: 212500
	204  -  MemoryUsage of job (MB)
	208104  -  ResidentSetSize of job (KB)
...
006 (4430510.505.000) 09/08 14:11:03 Image size of job updated: 212512
	204  -  MemoryUsage of job (MB)
	208104  -  ResidentSetSize of job (KB)
...
006 (4430510.505.000) 09/08 14:16:03 Image size of job updated: 216528
	208  -  MemoryUsage of job (MB)
	212124  -  ResidentSetSize of job (KB)
...
006 (4430510.505.000) 09/08 14:26:06 Image size of job updated: 244848
	235  -  MemoryUsage of job (MB)
	240440  -  ResidentSetSize of job (KB)
...
006 (4430510.505.000) 09/08 14:36:07 Image size of job updated: 249556
	240  -  MemoryUsage of job (MB)
	245148  -  ResidentSetSize of job (KB)
...
006 (4430510.505.000) 09/08 14:46:07 Image size of job updated: 251724
	242  -  MemoryUsage of job (MB)
	247356  -  ResidentSetSize of job (KB)
...
006 (4430510.505.000) 09/08 14:51:08 Image size of job updated: 251776
	242  -  MemoryUsage of job (MB)
	247368  -  ResidentSetSize of job (KB)
...
006 (4430510.505.000) 09/08 15:01:08 Image size of job updated: 254188
	244  -  MemoryUsage of job (MB)
	249780  -  ResidentSetSize of job (KB)
...
006 (4430510.505.000) 09/08 15:16:11 Image size of job updated: 255944
	244  -  MemoryUsage of job (MB)
	249780  -  ResidentSetSize of job (KB)
...
006 (4430510.505.000) 09/08 15:21:11 Image size of job updated: 255948
	244  -  MemoryUsage of job (MB)
	249780  -  ResidentSetSize of job (KB)
...
006 (4430510.505.000) 09/08 15:26:11 Image size of job updated: 256768
	244  -  MemoryUsage of job (MB)
	249780  -  ResidentSetSize of job (KB)
...
006 (4430510.505.000) 09/08 15:31:12 Image size of job updated: 257128
	244  -  MemoryUsage of job (MB)
	249780  -  ResidentSetSize of job (KB)
...
006 (4430510.505.000) 09/08 15:36:12 Image size of job updated: 257136
	244  -  MemoryUsage of job (MB)
	249780  -  ResidentSetSize of job (KB)
...
006 (4430510.505.000) 09/08 15:46:13 Image size of job updated: 258836
	244  -  MemoryUsage of job (MB)
	249780  -  ResidentSetSize of job (KB)
...
006 (4430510.505.000) 09/08 15:56:14 Image size of job updated: 260308
	244  -  MemoryUsage of job (MB)
	249780  -  ResidentSetSize of job (KB)
...
006 (4430510.505.000) 09/08 16:01:14 Image size of job updated: 260452
	244  -  MemoryUsage of job (MB)
	249780  -  ResidentSetSize of job (KB)
...
006 (4430510.505.000) 09/08 16:06:14 Image size of job updated: 260456
	244  -  MemoryUsage of job (MB)
	249780  -  ResidentSetSize of job (KB)
...
006 (4430510.505.000) 09/08 16:26:17 Image size of job updated: 260540
	244  -  MemoryUsage of job (MB)
	249780  -  ResidentSetSize of job (KB)
...
006 (4430510.505.000) 09/08 16:31:17 Image size of job updated: 260684
	244  -  MemoryUsage of job (MB)
	249780  -  ResidentSetSize of job (KB)
...
006 (4430510.505.000) 09/08 17:06:20 Image size of job updated: 261804
	244  -  MemoryUsage of job (MB)
	249780  -  ResidentSetSize of job (KB)
...
006 (4430510.505.000) 09/08 17:11:21 Image size of job updated: 261948
	244  -  MemoryUsage of job (MB)
	249780  -  ResidentSetSize of job (KB)
...
006 (4430510.505.000) 09/08 17:21:22 Image size of job updated: 263000
	244  -  MemoryUsage of job (MB)
	249780  -  ResidentSetSize of job (KB)
...
006 (4430510.505.000) 09/08 17:26:24 Image size of job updated: 263052
	244  -  MemoryUsage of job (MB)
	249780  -  ResidentSetSize of job (KB)
...
006 (4430510.505.000) 09/08 17:41:23 Image size of job updated: 263280
	244  -  MemoryUsage of job (MB)
	249780  -  ResidentSetSize of job (KB)
...
006 (4430510.505.000) 09/08 17:56:27 Image size of job updated: 263684
	244  -  MemoryUsage of job (MB)
	249780  -  ResidentSetSize of job (KB)
...
006 (4430510.505.000) 09/08 18:01:27 Image size of job updated: 263688
	244  -  MemoryUsage of job (MB)
	249780  -  ResidentSetSize of job (KB)
...
006 (4430510.505.000) 09/08 18:36:31 Image size of job updated: 264768
	244  -  MemoryUsage of job (MB)
	249780  -  ResidentSetSize of job (KB)
...
006 (4430510.505.000) 09/08 18:41:31 Image size of job updated: 264820
	244  -  MemoryUsage of job (MB)
	249780  -  ResidentSetSize of job (KB)
...
006 (4430510.505.000) 09/08 18:51:32 Image size of job updated: 267200
	244  -  MemoryUsage of job (MB)
	249780  -  ResidentSetSize of job (KB)
...
006 (4430510.505.000) 09/08 18:56:32 Image size of job updated: 267252
	244  -  MemoryUsage of job (MB)
	249780  -  ResidentSetSize of job (KB)
...
006 (4430510.505.000) 09/08 20:01:39 Image size of job updated: 268208
	244  -  MemoryUsage of job (MB)
	249780  -  ResidentSetSize of job (KB)
...
006 (4430510.505.000) 09/08 20:06:40 Image size of job updated: 268348
	244  -  MemoryUsage of job (MB)
	249780  -  ResidentSetSize of job (KB)
...
006 (4430510.505.000) 09/08 20:21:42 Image size of job updated: 269204
	244  -  MemoryUsage of job (MB)
	249780  -  ResidentSetSize of job (KB)
...
006 (4430510.505.000) 09/08 20:26:42 Image size of job updated: 269264
	244  -  MemoryUsage of job (MB)
	249780  -  ResidentSetSize of job (KB)
...
006 (4430510.505.000) 09/08 20:36:44 Image size of job updated: 270060
	244  -  MemoryUsage of job (MB)
	249780  -  ResidentSetSize of job (KB)
...
006 (4430510.505.000) 09/08 20:41:45 Image size of job updated: 270112
	244  -  MemoryUsage of job (MB)
	249780  -  ResidentSetSize of job (KB)
...
006 (4430510.505.000) 09/08 21:41:51 Image size of job updated: 271044
	244  -  MemoryUsage of job (MB)
	249780  -  ResidentSetSize of job (KB)
...
006 (4430510.505.000) 09/08 21:46:52 Image size of job updated: 271100
	244  -  MemoryUsage of job (MB)
	249780  -  ResidentSetSize of job (KB)
...
006 (4430510.505.000) 09/08 22:16:55 Image size of job updated: 272140
	244  -  MemoryUsage of job (MB)
	249780  -  ResidentSetSize of job (KB)
...
006 (4430510.505.000) 09/08 22:21:55 Image size of job updated: 272192
	244  -  MemoryUsage of job (MB)
	249780  -  ResidentSetSize of job (KB)
...
006 (4430510.505.000) 09/08 23:12:02 Image size of job updated: 272300
	244  -  MemoryUsage of job (MB)
	249780  -  ResidentSetSize of job (KB)
...
006 (4430510.505.000) 09/08 23:17:02 Image size of job updated: 272444
	244  -  MemoryUsage of job (MB)
	249780  -  ResidentSetSize of job (KB)
...
006 (4430510.505.000) 09/08 23:27:03 Image size of job updated: 274896
	244  -  MemoryUsage of job (MB)
	249780  -  ResidentSetSize of job (KB)
...
006 (4430510.505.000) 09/08 23:32:03 Image size of job updated: 275284
	244  -  MemoryUsage of job (MB)
	249780  -  ResidentSetSize of job (KB)
...
006 (4430510.505.000) 09/08 23:37:04 Image size of job updated: 275336
	244  -  MemoryUsage of job (MB)
	249780  -  ResidentSetSize of job (KB)
...
006 (4430510.505.000) 09/09 03:22:27 Image size of job updated: 275936
	244  -  MemoryUsage of job (MB)
	249780  -  ResidentSetSize of job (KB)
...
006 (4430510.505.000) 09/09 03:27:28 Image size of job updated: 275940
	244  -  MemoryUsage of job (MB)
	249780  -  ResidentSetSize of job (KB)
...
006 (4430510.505.000) 09/09 03:42:30 Image size of job updated: 276560
	244  -  MemoryUsage of job (MB)
	249780  -  ResidentSetSize of job (KB)
...
006 (4430510.505.000) 09/09 03:57:31 Image size of job updated: 278196
	244  -  MemoryUsage of job (MB)
	249780  -  ResidentSetSize of job (KB)
...
006 (4430510.505.000) 09/09 04:02:32 Image size of job updated: 278248
	244  -  MemoryUsage of job (MB)
	249780  -  ResidentSetSize of job (KB)
...
006 (4430510.505.000) 09/09 04:07:32 Image size of job updated: 278252
	244  -  MemoryUsage of job (MB)
	249780  -  ResidentSetSize of job (KB)
...
006 (4430510.505.000) 09/09 06:02:44 Image size of job updated: 278940
	244  -  MemoryUsage of job (MB)
	249780  -  ResidentSetSize of job (KB)
...
006 (4430510.505.000) 09/09 06:47:49 Image size of job updated: 279024
	244  -  MemoryUsage of job (MB)
	249780  -  ResidentSetSize of job (KB)
...
006 (4430510.505.000) 09/09 06:52:49 Image size of job updated: 279028
	244  -  MemoryUsage of job (MB)
	249780  -  ResidentSetSize of job (KB)
...
006 (4430510.505.000) 09/09 07:32:53 Image size of job updated: 280168
	244  -  MemoryUsage of job (MB)
	249780  -  ResidentSetSize of job (KB)
...
006 (4430510.505.000) 09/09 07:37:53 Image size of job updated: 280220
	244  -  MemoryUsage of job (MB)
	249780  -  ResidentSetSize of job (KB)
...
006 (4430510.505.000) 09/09 08:17:57 Image size of job updated: 280704
	244  -  MemoryUsage of job (MB)
	249780  -  ResidentSetSize of job (KB)
...
006 (4430510.505.000) 09/09 08:22:57 Image size of job updated: 280848
	244  -  MemoryUsage of job (MB)
	249780  -  ResidentSetSize of job (KB)
...
006 (4430510.505.000) 09/09 09:08:03 Image size of job updated: 282792
	244  -  MemoryUsage of job (MB)
	249780  -  ResidentSetSize of job (KB)
...
006 (4430510.505.000) 09/09 09:13:05 Image size of job updated: 282936
	244  -  MemoryUsage of job (MB)
	249780  -  ResidentSetSize of job (KB)
...
006 (4430510.505.000) 09/09 09:58:09 Image size of job updated: 285624
	247  -  MemoryUsage of job (MB)
	252224  -  ResidentSetSize of job (KB)
...
006 (4430510.505.000) 09/09 10:03:09 Image size of job updated: 285768
	247  -  MemoryUsage of job (MB)
	252276  -  ResidentSetSize of job (KB)
...
006 (4430510.505.000) 09/09 10:08:09 Image size of job updated: 286356
	247  -  MemoryUsage of job (MB)
	252864  -  ResidentSetSize of job (KB)
...
005 (4430510.505.000) 09/09 10:29:41 Job terminated.
	(1) Normal termination (return value 0)
		Usr 0 20:15:06, Sys 0 00:04:38  -  Run Remote Usage
		Usr 0 00:00:00, Sys 0 00:00:00  -  Run Local Usage
		Usr 0 20:15:06, Sys 0 00:04:38  -  Total Remote Usage
		Usr 0 00:00:00, Sys 0 00:00:00  -  Total Local Usage
	3536318  -  Run Bytes Sent By Job
	17284  -  Run Bytes Received By Job
	3536318  -  Total Bytes Sent By Job
	17284  -  Total Bytes Received By Job
	Partitionable Resources :    Usage  Request Allocated
	   Cpus                 :                 1         1
	   Disk (KB)            : 21696257 26214400  27584000
	   Ioheavy              :                           1
	   Memory (MB)          :      247      300       300
...
