000 (4430510.207.000) 09/08 09:59:23 Job submitted from host: <128.105.244.190:9618?addrs=128.105.244.190-9618&noUDP&sock=2714685_05e2_3>
...
001 (4430510.207.000) 09/08 11:22:16 Job executing on host: <128.105.245.34:9618?addrs=128.105.245.34-9618+[--1]-9618&noUDP&sock=5186_55f9_3>
...
006 (4430510.207.000) 09/08 11:22:24 Image size of job updated: 476
	1  -  MemoryUsage of job (MB)
	476  -  ResidentSetSize of job (KB)
...
006 (4430510.207.000) 09/08 11:32:26 Image size of job updated: 568
	1  -  MemoryUsage of job (MB)
	552  -  ResidentSetSize of job (KB)
...
006 (4430510.207.000) 09/08 11:42:36 Image size of job updated: 17492
	17  -  MemoryUsage of job (MB)
	16524  -  ResidentSetSize of job (KB)
...
006 (4430510.207.000) 09/08 11:47:26 Image size of job updated: 161520
	154  -  MemoryUsage of job (MB)
	157124  -  ResidentSetSize of job (KB)
...
006 (4430510.207.000) 09/08 11:52:43 Image size of job updated: 193772
	185  -  MemoryUsage of job (MB)
	189364  -  ResidentSetSize of job (KB)
...
006 (4430510.207.000) 09/08 12:03:53 Image size of job updated: 199120
	191  -  MemoryUsage of job (MB)
	194808  -  ResidentSetSize of job (KB)
...
006 (4430510.207.000) 09/08 12:10:49 Image size of job updated: 199140
	191  -  MemoryUsage of job (MB)
	194828  -  ResidentSetSize of job (KB)
...
006 (4430510.207.000) 09/08 12:20:27 Image size of job updated: 202900
	196  -  MemoryUsage of job (MB)
	199984  -  ResidentSetSize of job (KB)
...
006 (4430510.207.000) 09/08 12:46:48 Image size of job updated: 212732
	205  -  MemoryUsage of job (MB)
	209096  -  ResidentSetSize of job (KB)
...
006 (4430510.207.000) 09/08 12:51:49 Image size of job updated: 212740
	205  -  MemoryUsage of job (MB)
	209096  -  ResidentSetSize of job (KB)
...
006 (4430510.207.000) 09/08 13:01:50 Image size of job updated: 241932
	233  -  MemoryUsage of job (MB)
	238284  -  ResidentSetSize of job (KB)
...
006 (4430510.207.000) 09/08 13:06:59 Image size of job updated: 241936
	233  -  MemoryUsage of job (MB)
	238284  -  ResidentSetSize of job (KB)
...
006 (4430510.207.000) 09/08 13:31:53 Image size of job updated: 247848
	239  -  MemoryUsage of job (MB)
	244288  -  ResidentSetSize of job (KB)
...
006 (4430510.207.000) 09/08 13:36:53 Image size of job updated: 247996
	239  -  MemoryUsage of job (MB)
	244344  -  ResidentSetSize of job (KB)
...
006 (4430510.207.000) 09/08 13:42:46 Image size of job updated: 249224
	240  -  MemoryUsage of job (MB)
	245572  -  ResidentSetSize of job (KB)
...
006 (4430510.207.000) 09/08 13:46:55 Image size of job updated: 250028
	241  -  MemoryUsage of job (MB)
	246376  -  ResidentSetSize of job (KB)
...
006 (4430510.207.000) 09/08 13:51:55 Image size of job updated: 252016
	243  -  MemoryUsage of job (MB)
	248404  -  ResidentSetSize of job (KB)
...
006 (4430510.207.000) 09/08 13:56:56 Image size of job updated: 252072
	243  -  MemoryUsage of job (MB)
	248424  -  ResidentSetSize of job (KB)
...
006 (4430510.207.000) 09/08 14:27:30 Image size of job updated: 252992
	244  -  MemoryUsage of job (MB)
	249380  -  ResidentSetSize of job (KB)
...
006 (4430510.207.000) 09/08 14:31:59 Image size of job updated: 253052
	244  -  MemoryUsage of job (MB)
	249400  -  ResidentSetSize of job (KB)
...
006 (4430510.207.000) 09/08 14:37:04 Image size of job updated: 253056
	244  -  MemoryUsage of job (MB)
	249400  -  ResidentSetSize of job (KB)
...
006 (4430510.207.000) 09/08 14:47:05 Image size of job updated: 257336
	248  -  MemoryUsage of job (MB)
	253724  -  ResidentSetSize of job (KB)
...
006 (4430510.207.000) 09/08 14:54:50 Image size of job updated: 257396
	248  -  MemoryUsage of job (MB)
	253744  -  ResidentSetSize of job (KB)
...
006 (4430510.207.000) 09/08 15:32:14 Image size of job updated: 258848
	250  -  MemoryUsage of job (MB)
	255196  -  ResidentSetSize of job (KB)
...
006 (4430510.207.000) 09/08 17:39:08 Image size of job updated: 259424
	250  -  MemoryUsage of job (MB)
	255776  -  ResidentSetSize of job (KB)
...
006 (4430510.207.000) 09/08 17:44:52 Image size of job updated: 259428
	250  -  MemoryUsage of job (MB)
	255776  -  ResidentSetSize of job (KB)
...
006 (4430510.207.000) 09/08 18:39:51 Image size of job updated: 261124
	252  -  MemoryUsage of job (MB)
	257484  -  ResidentSetSize of job (KB)
...
006 (4430510.207.000) 09/08 18:44:35 Image size of job updated: 261128
	252  -  MemoryUsage of job (MB)
	257484  -  ResidentSetSize of job (KB)
...
006 (4430510.207.000) 09/08 18:54:50 Image size of job updated: 263176
	254  -  MemoryUsage of job (MB)
	259528  -  ResidentSetSize of job (KB)
...
006 (4430510.207.000) 09/08 19:33:53 Image size of job updated: 264624
	255  -  MemoryUsage of job (MB)
	260972  -  ResidentSetSize of job (KB)
...
006 (4430510.207.000) 09/08 19:39:08 Image size of job updated: 265788
	256  -  MemoryUsage of job (MB)
	262136  -  ResidentSetSize of job (KB)
...
006 (4430510.207.000) 09/08 20:48:00 Image size of job updated: 266540
	257  -  MemoryUsage of job (MB)
	263004  -  ResidentSetSize of job (KB)
...
006 (4430510.207.000) 09/08 20:59:03 Image size of job updated: 266872
	258  -  MemoryUsage of job (MB)
	263336  -  ResidentSetSize of job (KB)
...
006 (4430510.207.000) 09/08 21:04:14 Image size of job updated: 267396
	258  -  MemoryUsage of job (MB)
	263784  -  ResidentSetSize of job (KB)
...
006 (4430510.207.000) 09/08 21:10:04 Image size of job updated: 267456
	258  -  MemoryUsage of job (MB)
	263804  -  ResidentSetSize of job (KB)
...
006 (4430510.207.000) 09/08 21:27:14 Image size of job updated: 268968
	260  -  MemoryUsage of job (MB)
	265372  -  ResidentSetSize of job (KB)
...
006 (4430510.207.000) 09/08 21:32:18 Image size of job updated: 268972
	260  -  MemoryUsage of job (MB)
	265372  -  ResidentSetSize of job (KB)
...
006 (4430510.207.000) 09/08 21:38:02 Image size of job updated: 269264
	260  -  MemoryUsage of job (MB)
	265660  -  ResidentSetSize of job (KB)
...
006 (4430510.207.000) 09/08 22:22:16 Image size of job updated: 269724
	260  -  MemoryUsage of job (MB)
	266112  -  ResidentSetSize of job (KB)
...
006 (4430510.207.000) 09/08 22:50:21 Image size of job updated: 271140
	262  -  MemoryUsage of job (MB)
	267496  -  ResidentSetSize of job (KB)
...
006 (4430510.207.000) 09/08 22:55:28 Image size of job updated: 271144
	262  -  MemoryUsage of job (MB)
	267496  -  ResidentSetSize of job (KB)
...
006 (4430510.207.000) 09/09 00:06:09 Image size of job updated: 272128
	263  -  MemoryUsage of job (MB)
	268480  -  ResidentSetSize of job (KB)
...
006 (4430510.207.000) 09/09 04:18:01 Image size of job updated: 273960
	265  -  MemoryUsage of job (MB)
	270356  -  ResidentSetSize of job (KB)
...
006 (4430510.207.000) 09/09 04:22:25 Image size of job updated: 273960
	265  -  MemoryUsage of job (MB)
	270376  -  ResidentSetSize of job (KB)
...
006 (4430510.207.000) 09/09 06:27:36 Image size of job updated: 274180
	265  -  MemoryUsage of job (MB)
	270532  -  ResidentSetSize of job (KB)
...
006 (4430510.207.000) 09/09 06:32:39 Image size of job updated: 274184
	265  -  MemoryUsage of job (MB)
	270532  -  ResidentSetSize of job (KB)
...
006 (4430510.207.000) 09/09 12:13:15 Image size of job updated: 275724
	266  -  MemoryUsage of job (MB)
	272164  -  ResidentSetSize of job (KB)
...
006 (4430510.207.000) 09/09 12:18:15 Image size of job updated: 275756
	266  -  MemoryUsage of job (MB)
	272220  -  ResidentSetSize of job (KB)
...
005 (4430510.207.000) 09/09 12:32:11 Job terminated.
	(1) Normal termination (return value 0)
		Usr 0 23:12:08, Sys 0 00:07:03  -  Run Remote Usage
		Usr 0 00:00:00, Sys 0 00:00:00  -  Run Local Usage
		Usr 0 23:12:08, Sys 0 00:07:03  -  Total Remote Usage
		Usr 0 00:00:00, Sys 0 00:00:00  -  Total Local Usage
	3534403  -  Run Bytes Sent By Job
	17284  -  Run Bytes Received By Job
	3534403  -  Total Bytes Sent By Job
	17284  -  Total Bytes Received By Job
	Partitionable Resources :    Usage  Request Allocated
	   Cpus                 :                 1         1
	   Disk (KB)            : 18693006 26214400  31963380
	   Ioheavy              :                           1
	   Memory (MB)          :      266      300       300
...
