000 (4430510.976.000) 09/08 09:59:23 Job submitted from host: <128.105.244.190:9618?addrs=128.105.244.190-9618&noUDP&sock=2714685_05e2_3>
...
001 (4430510.976.000) 09/09 00:09:25 Job executing on host: <128.105.244.44:9618?addrs=128.105.244.44-9618+[--1]-9618&noUDP&sock=10156_512f_3>
...
006 (4430510.976.000) 09/09 00:09:33 Image size of job updated: 564
	1  -  MemoryUsage of job (MB)
	480  -  ResidentSetSize of job (KB)
...
006 (4430510.976.000) 09/09 00:14:41 Image size of job updated: 596
	1  -  MemoryUsage of job (MB)
	480  -  ResidentSetSize of job (KB)
...
006 (4430510.976.000) 09/09 00:24:39 Image size of job updated: 159956
	152  -  MemoryUsage of job (MB)
	155600  -  ResidentSetSize of job (KB)
...
006 (4430510.976.000) 09/09 00:29:37 Image size of job updated: 182220
	174  -  MemoryUsage of job (MB)
	177856  -  ResidentSetSize of job (KB)
...
006 (4430510.976.000) 09/09 00:39:39 Image size of job updated: 205036
	196  -  MemoryUsage of job (MB)
	200672  -  ResidentSetSize of job (KB)
...
006 (4430510.976.000) 09/09 00:54:41 Image size of job updated: 215364
	196  -  MemoryUsage of job (MB)
	200672  -  ResidentSetSize of job (KB)
...
006 (4430510.976.000) 09/09 01:09:40 Image size of job updated: 229432
	199  -  MemoryUsage of job (MB)
	203336  -  ResidentSetSize of job (KB)
...
006 (4430510.976.000) 09/09 01:14:42 Image size of job updated: 229496
	199  -  MemoryUsage of job (MB)
	203356  -  ResidentSetSize of job (KB)
...
006 (4430510.976.000) 09/09 01:19:42 Image size of job updated: 246280
	216  -  MemoryUsage of job (MB)
	220184  -  ResidentSetSize of job (KB)
...
006 (4430510.976.000) 09/09 01:24:52 Image size of job updated: 246336
	216  -  MemoryUsage of job (MB)
	220204  -  ResidentSetSize of job (KB)
...
006 (4430510.976.000) 09/09 01:34:43 Image size of job updated: 253332
	222  -  MemoryUsage of job (MB)
	227236  -  ResidentSetSize of job (KB)
...
006 (4430510.976.000) 09/09 01:39:43 Image size of job updated: 253392
	222  -  MemoryUsage of job (MB)
	227256  -  ResidentSetSize of job (KB)
...
006 (4430510.976.000) 09/09 01:59:46 Image size of job updated: 254560
	224  -  MemoryUsage of job (MB)
	228516  -  ResidentSetSize of job (KB)
...
006 (4430510.976.000) 09/09 02:04:46 Image size of job updated: 254712
	224  -  MemoryUsage of job (MB)
	228576  -  ResidentSetSize of job (KB)
...
006 (4430510.976.000) 09/09 02:14:48 Image size of job updated: 256708
	226  -  MemoryUsage of job (MB)
	230572  -  ResidentSetSize of job (KB)
...
006 (4430510.976.000) 09/09 02:24:50 Image size of job updated: 258380
	227  -  MemoryUsage of job (MB)
	232284  -  ResidentSetSize of job (KB)
...
006 (4430510.976.000) 09/09 02:29:50 Image size of job updated: 258440
	227  -  MemoryUsage of job (MB)
	232304  -  ResidentSetSize of job (KB)
...
006 (4430510.976.000) 09/09 02:39:52 Image size of job updated: 258984
	228  -  MemoryUsage of job (MB)
	232852  -  ResidentSetSize of job (KB)
...
006 (4430510.976.000) 09/09 02:44:52 Image size of job updated: 258988
	228  -  MemoryUsage of job (MB)
	232852  -  ResidentSetSize of job (KB)
...
006 (4430510.976.000) 09/09 02:49:54 Image size of job updated: 259092
	228  -  MemoryUsage of job (MB)
	232996  -  ResidentSetSize of job (KB)
...
006 (4430510.976.000) 09/09 02:54:54 Image size of job updated: 259152
	228  -  MemoryUsage of job (MB)
	233016  -  ResidentSetSize of job (KB)
...
006 (4430510.976.000) 09/09 03:04:55 Image size of job updated: 260320
	229  -  MemoryUsage of job (MB)
	234228  -  ResidentSetSize of job (KB)
...
006 (4430510.976.000) 09/09 03:09:58 Image size of job updated: 260388
	229  -  MemoryUsage of job (MB)
	234248  -  ResidentSetSize of job (KB)
...
006 (4430510.976.000) 09/09 03:14:56 Image size of job updated: 261184
	230  -  MemoryUsage of job (MB)
	235044  -  ResidentSetSize of job (KB)
...
006 (4430510.976.000) 09/09 03:34:58 Image size of job updated: 261852
	231  -  MemoryUsage of job (MB)
	235720  -  ResidentSetSize of job (KB)
...
006 (4430510.976.000) 09/09 03:39:58 Image size of job updated: 261856
	231  -  MemoryUsage of job (MB)
	235720  -  ResidentSetSize of job (KB)
...
006 (4430510.976.000) 09/09 03:44:58 Image size of job updated: 261900
	231  -  MemoryUsage of job (MB)
	235804  -  ResidentSetSize of job (KB)
...
006 (4430510.976.000) 09/09 03:50:00 Image size of job updated: 261960
	231  -  MemoryUsage of job (MB)
	235824  -  ResidentSetSize of job (KB)
...
006 (4430510.976.000) 09/09 04:20:02 Image size of job updated: 262124
	231  -  MemoryUsage of job (MB)
	236028  -  ResidentSetSize of job (KB)
...
006 (4430510.976.000) 09/09 04:25:03 Image size of job updated: 262128
	231  -  MemoryUsage of job (MB)
	236028  -  ResidentSetSize of job (KB)
...
006 (4430510.976.000) 09/09 04:30:03 Image size of job updated: 262608
	232  -  MemoryUsage of job (MB)
	236556  -  ResidentSetSize of job (KB)
...
006 (4430510.976.000) 09/09 04:35:03 Image size of job updated: 262672
	232  -  MemoryUsage of job (MB)
	236576  -  ResidentSetSize of job (KB)
...
006 (4430510.976.000) 09/09 04:55:06 Image size of job updated: 262956
	232  -  MemoryUsage of job (MB)
	236952  -  ResidentSetSize of job (KB)
...
006 (4430510.976.000) 09/09 05:00:06 Image size of job updated: 263104
	232  -  MemoryUsage of job (MB)
	237012  -  ResidentSetSize of job (KB)
...
006 (4430510.976.000) 09/09 05:05:06 Image size of job updated: 263108
	232  -  MemoryUsage of job (MB)
	237012  -  ResidentSetSize of job (KB)
...
006 (4430510.976.000) 09/09 05:10:08 Image size of job updated: 264988
	234  -  MemoryUsage of job (MB)
	238936  -  ResidentSetSize of job (KB)
...
006 (4430510.976.000) 09/09 05:15:08 Image size of job updated: 265052
	234  -  MemoryUsage of job (MB)
	238956  -  ResidentSetSize of job (KB)
...
006 (4430510.976.000) 09/09 05:25:09 Image size of job updated: 265636
	234  -  MemoryUsage of job (MB)
	239544  -  ResidentSetSize of job (KB)
...
006 (4430510.976.000) 09/09 05:30:10 Image size of job updated: 265680
	234  -  MemoryUsage of job (MB)
	239544  -  ResidentSetSize of job (KB)
...
006 (4430510.976.000) 09/09 05:40:10 Image size of job updated: 265912
	235  -  MemoryUsage of job (MB)
	239776  -  ResidentSetSize of job (KB)
...
006 (4430510.976.000) 09/09 05:55:11 Image size of job updated: 266080
	235  -  MemoryUsage of job (MB)
	239944  -  ResidentSetSize of job (KB)
...
006 (4430510.976.000) 09/09 06:20:13 Image size of job updated: 266124
	235  -  MemoryUsage of job (MB)
	240588  -  ResidentSetSize of job (KB)
...
006 (4430510.976.000) 09/09 06:25:13 Image size of job updated: 266128
	235  -  MemoryUsage of job (MB)
	240588  -  ResidentSetSize of job (KB)
...
006 (4430510.976.000) 09/09 06:35:14 Image size of job updated: 266804
	236  -  MemoryUsage of job (MB)
	241308  -  ResidentSetSize of job (KB)
...
006 (4430510.976.000) 09/09 06:40:14 Image size of job updated: 266868
	236  -  MemoryUsage of job (MB)
	241328  -  ResidentSetSize of job (KB)
...
006 (4430510.976.000) 09/09 07:00:16 Image size of job updated: 267496
	237  -  MemoryUsage of job (MB)
	241956  -  ResidentSetSize of job (KB)
...
006 (4430510.976.000) 09/09 07:30:20 Image size of job updated: 267932
	237  -  MemoryUsage of job (MB)
	242432  -  ResidentSetSize of job (KB)
...
006 (4430510.976.000) 09/09 07:35:21 Image size of job updated: 267992
	237  -  MemoryUsage of job (MB)
	242452  -  ResidentSetSize of job (KB)
...
006 (4430510.976.000) 09/09 07:40:21 Image size of job updated: 268700
	238  -  MemoryUsage of job (MB)
	243160  -  ResidentSetSize of job (KB)
...
006 (4430510.976.000) 09/09 07:50:22 Image size of job updated: 268984
	238  -  MemoryUsage of job (MB)
	243444  -  ResidentSetSize of job (KB)
...
006 (4430510.976.000) 09/09 08:10:23 Image size of job updated: 271040
	240  -  MemoryUsage of job (MB)
	245588  -  ResidentSetSize of job (KB)
...
006 (4430510.976.000) 09/09 08:15:23 Image size of job updated: 271188
	240  -  MemoryUsage of job (MB)
	245648  -  ResidentSetSize of job (KB)
...
006 (4430510.976.000) 09/09 08:25:25 Image size of job updated: 273068
	242  -  MemoryUsage of job (MB)
	247568  -  ResidentSetSize of job (KB)
...
006 (4430510.976.000) 09/09 08:30:25 Image size of job updated: 273128
	242  -  MemoryUsage of job (MB)
	247588  -  ResidentSetSize of job (KB)
...
006 (4430510.976.000) 09/09 09:35:32 Image size of job updated: 273268
	242  -  MemoryUsage of job (MB)
	247772  -  ResidentSetSize of job (KB)
...
006 (4430510.976.000) 09/09 09:40:32 Image size of job updated: 273332
	242  -  MemoryUsage of job (MB)
	247792  -  ResidentSetSize of job (KB)
...
006 (4430510.976.000) 09/09 10:05:35 Image size of job updated: 275432
	245  -  MemoryUsage of job (MB)
	249896  -  ResidentSetSize of job (KB)
...
006 (4430510.976.000) 09/09 10:15:36 Image size of job updated: 275552
	245  -  MemoryUsage of job (MB)
	250056  -  ResidentSetSize of job (KB)
...
006 (4430510.976.000) 09/09 10:20:37 Image size of job updated: 275612
	245  -  MemoryUsage of job (MB)
	250076  -  ResidentSetSize of job (KB)
...
006 (4430510.976.000) 09/09 11:40:45 Image size of job updated: 277084
	246  -  MemoryUsage of job (MB)
	251660  -  ResidentSetSize of job (KB)
...
006 (4430510.976.000) 09/09 11:45:45 Image size of job updated: 277292
	246  -  MemoryUsage of job (MB)
	251788  -  ResidentSetSize of job (KB)
...
006 (4430510.976.000) 09/09 13:05:54 Image size of job updated: 278668
	248  -  MemoryUsage of job (MB)
	253168  -  ResidentSetSize of job (KB)
...
006 (4430510.976.000) 09/09 15:51:10 Image size of job updated: 278884
	248  -  MemoryUsage of job (MB)
	253376  -  ResidentSetSize of job (KB)
...
006 (4430510.976.000) 09/09 16:11:12 Image size of job updated: 279380
	248  -  MemoryUsage of job (MB)
	253876  -  ResidentSetSize of job (KB)
...
006 (4430510.976.000) 09/09 16:16:13 Image size of job updated: 279384
	248  -  MemoryUsage of job (MB)
	253876  -  ResidentSetSize of job (KB)
...
006 (4430510.976.000) 09/09 16:51:16 Image size of job updated: 280004
	249  -  MemoryUsage of job (MB)
	254500  -  ResidentSetSize of job (KB)
...
006 (4430510.976.000) 09/09 16:56:17 Image size of job updated: 280008
	249  -  MemoryUsage of job (MB)
	254500  -  ResidentSetSize of job (KB)
...
006 (4430510.976.000) 09/09 17:06:18 Image size of job updated: 280916
	250  -  MemoryUsage of job (MB)
	255408  -  ResidentSetSize of job (KB)
...
005 (4430510.976.000) 09/09 17:26:47 Job terminated.
	(1) Normal termination (return value 0)
		Usr 0 16:59:15, Sys 0 00:04:55  -  Run Remote Usage
		Usr 0 00:00:00, Sys 0 00:00:00  -  Run Local Usage
		Usr 0 16:59:15, Sys 0 00:04:55  -  Total Remote Usage
		Usr 0 00:00:00, Sys 0 00:00:00  -  Total Local Usage
	3534843  -  Run Bytes Sent By Job
	17284  -  Run Bytes Received By Job
	3534843  -  Total Bytes Sent By Job
	17284  -  Total Bytes Received By Job
	Partitionable Resources :    Usage  Request Allocated
	   Cpus                 :                 1         1
	   Disk (KB)            : 19902394 26214400  29208004
	   Ioheavy              :                           1
	   Memory (MB)          :      250      300       300
...
