000 (4430510.819.000) 09/08 09:59:23 Job submitted from host: <128.105.244.190:9618?addrs=128.105.244.190-9618&noUDP&sock=2714685_05e2_3>
...
001 (4430510.819.000) 09/08 14:03:42 Job executing on host: <128.105.244.61:9618?addrs=128.105.244.61-9618+[--1]-9618&noUDP&sock=10143_a813_3>
...
006 (4430510.819.000) 09/08 14:03:55 Image size of job updated: 480
	1  -  MemoryUsage of job (MB)
	480  -  ResidentSetSize of job (KB)
...
006 (4430510.819.000) 09/08 14:08:51 Image size of job updated: 596
	1  -  MemoryUsage of job (MB)
	552  -  ResidentSetSize of job (KB)
...
006 (4430510.819.000) 09/08 14:18:54 Image size of job updated: 23612
	23  -  MemoryUsage of job (MB)
	22636  -  ResidentSetSize of job (KB)
...
006 (4430510.819.000) 09/08 14:23:55 Image size of job updated: 62608
	49  -  MemoryUsage of job (MB)
	49524  -  ResidentSetSize of job (KB)
...
006 (4430510.819.000) 09/08 14:28:53 Image size of job updated: 203196
	183  -  MemoryUsage of job (MB)
	187040  -  ResidentSetSize of job (KB)
...
006 (4430510.819.000) 09/08 14:33:54 Image size of job updated: 209096
	189  -  MemoryUsage of job (MB)
	192940  -  ResidentSetSize of job (KB)
...
006 (4430510.819.000) 09/08 14:43:57 Image size of job updated: 209304
	189  -  MemoryUsage of job (MB)
	193148  -  ResidentSetSize of job (KB)
...
006 (4430510.819.000) 09/08 14:48:59 Image size of job updated: 217904
	189  -  MemoryUsage of job (MB)
	193148  -  ResidentSetSize of job (KB)
...
006 (4430510.819.000) 09/08 15:08:58 Image size of job updated: 229996
	199  -  MemoryUsage of job (MB)
	203584  -  ResidentSetSize of job (KB)
...
006 (4430510.819.000) 09/08 15:14:00 Image size of job updated: 230060
	199  -  MemoryUsage of job (MB)
	203604  -  ResidentSetSize of job (KB)
...
006 (4430510.819.000) 09/08 15:23:59 Image size of job updated: 248044
	199  -  MemoryUsage of job (MB)
	203604  -  ResidentSetSize of job (KB)
...
006 (4430510.819.000) 09/08 15:33:59 Image size of job updated: 253320
	223  -  MemoryUsage of job (MB)
	227696  -  ResidentSetSize of job (KB)
...
006 (4430510.819.000) 09/08 15:39:01 Image size of job updated: 253384
	223  -  MemoryUsage of job (MB)
	227716  -  ResidentSetSize of job (KB)
...
006 (4430510.819.000) 09/08 15:59:03 Image size of job updated: 255068
	225  -  MemoryUsage of job (MB)
	229448  -  ResidentSetSize of job (KB)
...
006 (4430510.819.000) 09/08 16:04:03 Image size of job updated: 255132
	225  -  MemoryUsage of job (MB)
	229468  -  ResidentSetSize of job (KB)
...
006 (4430510.819.000) 09/08 16:09:05 Image size of job updated: 255764
	225  -  MemoryUsage of job (MB)
	230100  -  ResidentSetSize of job (KB)
...
006 (4430510.819.000) 09/08 16:14:05 Image size of job updated: 258484
	228  -  MemoryUsage of job (MB)
	232820  -  ResidentSetSize of job (KB)
...
006 (4430510.819.000) 09/08 16:39:08 Image size of job updated: 258636
	228  -  MemoryUsage of job (MB)
	233012  -  ResidentSetSize of job (KB)
...
006 (4430510.819.000) 09/08 16:44:08 Image size of job updated: 258700
	228  -  MemoryUsage of job (MB)
	233032  -  ResidentSetSize of job (KB)
...
006 (4430510.819.000) 09/08 17:14:15 Image size of job updated: 261096
	230  -  MemoryUsage of job (MB)
	235476  -  ResidentSetSize of job (KB)
...
006 (4430510.819.000) 09/08 17:19:12 Image size of job updated: 261156
	230  -  MemoryUsage of job (MB)
	235476  -  ResidentSetSize of job (KB)
...
006 (4430510.819.000) 09/08 18:24:18 Image size of job updated: 261248
	231  -  MemoryUsage of job (MB)
	235592  -  ResidentSetSize of job (KB)
...
006 (4430510.819.000) 09/08 18:29:19 Image size of job updated: 261252
	231  -  MemoryUsage of job (MB)
	235592  -  ResidentSetSize of job (KB)
...
006 (4430510.819.000) 09/08 18:34:19 Image size of job updated: 264796
	234  -  MemoryUsage of job (MB)
	239180  -  ResidentSetSize of job (KB)
...
006 (4430510.819.000) 09/08 18:39:20 Image size of job updated: 264860
	234  -  MemoryUsage of job (MB)
	239200  -  ResidentSetSize of job (KB)
...
006 (4430510.819.000) 09/08 18:44:20 Image size of job updated: 265304
	235  -  MemoryUsage of job (MB)
	239644  -  ResidentSetSize of job (KB)
...
006 (4430510.819.000) 09/08 20:29:26 Image size of job updated: 265960
	235  -  MemoryUsage of job (MB)
	240344  -  ResidentSetSize of job (KB)
...
006 (4430510.819.000) 09/08 20:34:27 Image size of job updated: 266024
	235  -  MemoryUsage of job (MB)
	240364  -  ResidentSetSize of job (KB)
...
006 (4430510.819.000) 09/08 20:44:27 Image size of job updated: 266148
	235  -  MemoryUsage of job (MB)
	240492  -  ResidentSetSize of job (KB)
...
006 (4430510.819.000) 09/08 20:49:29 Image size of job updated: 266152
	235  -  MemoryUsage of job (MB)
	240492  -  ResidentSetSize of job (KB)
...
006 (4430510.819.000) 09/08 20:59:29 Image size of job updated: 267232
	236  -  MemoryUsage of job (MB)
	241572  -  ResidentSetSize of job (KB)
...
006 (4430510.819.000) 09/08 21:09:31 Image size of job updated: 267360
	237  -  MemoryUsage of job (MB)
	241792  -  ResidentSetSize of job (KB)
...
006 (4430510.819.000) 09/08 21:14:31 Image size of job updated: 267512
	237  -  MemoryUsage of job (MB)
	241852  -  ResidentSetSize of job (KB)
...
006 (4430510.819.000) 09/08 21:24:33 Image size of job updated: 270420
	240  -  MemoryUsage of job (MB)
	244800  -  ResidentSetSize of job (KB)
...
006 (4430510.819.000) 09/08 21:29:34 Image size of job updated: 270480
	240  -  MemoryUsage of job (MB)
	244820  -  ResidentSetSize of job (KB)
...
006 (4430510.819.000) 09/08 21:34:34 Image size of job updated: 270884
	240  -  MemoryUsage of job (MB)
	245224  -  ResidentSetSize of job (KB)
...
006 (4430510.819.000) 09/08 21:39:34 Image size of job updated: 271032
	240  -  MemoryUsage of job (MB)
	245412  -  ResidentSetSize of job (KB)
...
006 (4430510.819.000) 09/08 21:44:36 Image size of job updated: 271888
	241  -  MemoryUsage of job (MB)
	246228  -  ResidentSetSize of job (KB)
...
006 (4430510.819.000) 09/08 22:14:37 Image size of job updated: 272056
	241  -  MemoryUsage of job (MB)
	246396  -  ResidentSetSize of job (KB)
...
006 (4430510.819.000) 09/08 22:29:39 Image size of job updated: 272472
	242  -  MemoryUsage of job (MB)
	246812  -  ResidentSetSize of job (KB)
...
006 (4430510.819.000) 09/08 23:14:43 Image size of job updated: 274120
	243  -  MemoryUsage of job (MB)
	248460  -  ResidentSetSize of job (KB)
...
006 (4430510.819.000) 09/08 23:19:45 Image size of job updated: 274752
	244  -  MemoryUsage of job (MB)
	249092  -  ResidentSetSize of job (KB)
...
006 (4430510.819.000) 09/09 00:34:52 Image size of job updated: 275296
	244  -  MemoryUsage of job (MB)
	249728  -  ResidentSetSize of job (KB)
...
006 (4430510.819.000) 09/09 00:39:53 Image size of job updated: 275448
	244  -  MemoryUsage of job (MB)
	249788  -  ResidentSetSize of job (KB)
...
006 (4430510.819.000) 09/09 00:44:53 Image size of job updated: 276244
	245  -  MemoryUsage of job (MB)
	250584  -  ResidentSetSize of job (KB)
...
006 (4430510.819.000) 09/09 03:30:10 Image size of job updated: 276972
	246  -  MemoryUsage of job (MB)
	251312  -  ResidentSetSize of job (KB)
...
006 (4430510.819.000) 09/09 04:10:12 Image size of job updated: 278540
	248  -  MemoryUsage of job (MB)
	252972  -  ResidentSetSize of job (KB)
...
006 (4430510.819.000) 09/09 04:15:14 Image size of job updated: 278692
	248  -  MemoryUsage of job (MB)
	253032  -  ResidentSetSize of job (KB)
...
006 (4430510.819.000) 09/09 04:20:14 Image size of job updated: 278996
	248  -  MemoryUsage of job (MB)
	253336  -  ResidentSetSize of job (KB)
...
006 (4430510.819.000) 09/09 06:05:26 Image size of job updated: 279112
	248  -  MemoryUsage of job (MB)
	253492  -  ResidentSetSize of job (KB)
...
006 (4430510.819.000) 09/09 06:10:27 Image size of job updated: 279172
	248  -  MemoryUsage of job (MB)
	253512  -  ResidentSetSize of job (KB)
...
006 (4430510.819.000) 09/09 06:15:27 Image size of job updated: 279268
	248  -  MemoryUsage of job (MB)
	253608  -  ResidentSetSize of job (KB)
...
006 (4430510.819.000) 09/09 07:00:33 Image size of job updated: 279844
	249  -  MemoryUsage of job (MB)
	254172  -  ResidentSetSize of job (KB)
...
006 (4430510.819.000) 09/09 07:10:34 Image size of job updated: 280644
	249  -  MemoryUsage of job (MB)
	254972  -  ResidentSetSize of job (KB)
...
006 (4430510.819.000) 09/09 08:15:39 Image size of job updated: 280672
	249  -  MemoryUsage of job (MB)
	254972  -  ResidentSetSize of job (KB)
...
006 (4430510.819.000) 09/09 08:30:41 Image size of job updated: 280736
	249  -  MemoryUsage of job (MB)
	254972  -  ResidentSetSize of job (KB)
...
006 (4430510.819.000) 09/09 08:40:41 Image size of job updated: 280800
	249  -  MemoryUsage of job (MB)
	254972  -  ResidentSetSize of job (KB)
...
005 (4430510.819.000) 09/09 08:50:17 Job terminated.
	(1) Normal termination (return value 0)
		Usr 0 18:04:54, Sys 0 00:06:01  -  Run Remote Usage
		Usr 0 00:00:00, Sys 0 00:00:00  -  Run Local Usage
		Usr 0 18:04:54, Sys 0 00:06:01  -  Total Remote Usage
		Usr 0 00:00:00, Sys 0 00:00:00  -  Total Local Usage
	3536147  -  Run Bytes Sent By Job
	17284  -  Run Bytes Received By Job
	3536147  -  Total Bytes Sent By Job
	17284  -  Total Bytes Received By Job
	Partitionable Resources :    Usage  Request Allocated
	   Cpus                 :                 1         1
	   Disk (KB)            : 18692956 26214400  37106970
	   Ioheavy              :                           1
	   Memory (MB)          :      249      300       300
...
