000 (4430510.366.000) 09/08 09:59:23 Job submitted from host: <128.105.244.190:9618?addrs=128.105.244.190-9618&noUDP&sock=2714685_05e2_3>
...
001 (4430510.366.000) 09/08 11:34:56 Job executing on host: <128.105.245.199:9618?addrs=128.105.245.199-9618+[--1]-9618&noUDP&sock=5515_dc95_3>
...
006 (4430510.366.000) 09/08 11:35:05 Image size of job updated: 480
	1  -  MemoryUsage of job (MB)
	480  -  ResidentSetSize of job (KB)
...
006 (4430510.366.000) 09/08 11:40:07 Image size of job updated: 548
	1  -  MemoryUsage of job (MB)
	548  -  ResidentSetSize of job (KB)
...
006 (4430510.366.000) 09/08 12:05:08 Image size of job updated: 101540
	96  -  MemoryUsage of job (MB)
	97820  -  ResidentSetSize of job (KB)
...
006 (4430510.366.000) 09/08 12:10:08 Image size of job updated: 199620
	191  -  MemoryUsage of job (MB)
	195208  -  ResidentSetSize of job (KB)
...
006 (4430510.366.000) 09/08 12:15:10 Image size of job updated: 210292
	202  -  MemoryUsage of job (MB)
	205912  -  ResidentSetSize of job (KB)
...
006 (4430510.366.000) 09/08 12:30:12 Image size of job updated: 215992
	207  -  MemoryUsage of job (MB)
	211568  -  ResidentSetSize of job (KB)
...
006 (4430510.366.000) 09/08 12:45:12 Image size of job updated: 241344
	231  -  MemoryUsage of job (MB)
	236012  -  ResidentSetSize of job (KB)
...
006 (4430510.366.000) 09/08 13:05:15 Image size of job updated: 253416
	244  -  MemoryUsage of job (MB)
	248992  -  ResidentSetSize of job (KB)
...
006 (4430510.366.000) 09/08 13:45:20 Image size of job updated: 253572
	244  -  MemoryUsage of job (MB)
	249148  -  ResidentSetSize of job (KB)
...
006 (4430510.366.000) 09/08 13:50:20 Image size of job updated: 261492
	252  -  MemoryUsage of job (MB)
	257108  -  ResidentSetSize of job (KB)
...
006 (4430510.366.000) 09/08 13:55:20 Image size of job updated: 261548
	252  -  MemoryUsage of job (MB)
	257120  -  ResidentSetSize of job (KB)
...
006 (4430510.366.000) 09/08 15:45:33 Image size of job updated: 265236
	255  -  MemoryUsage of job (MB)
	260556  -  ResidentSetSize of job (KB)
...
006 (4430510.366.000) 09/08 16:10:37 Image size of job updated: 265268
	255  -  MemoryUsage of job (MB)
	260556  -  ResidentSetSize of job (KB)
...
006 (4430510.366.000) 09/08 16:25:38 Image size of job updated: 265600
	255  -  MemoryUsage of job (MB)
	260556  -  ResidentSetSize of job (KB)
...
006 (4430510.366.000) 09/08 17:15:42 Image size of job updated: 267088
	255  -  MemoryUsage of job (MB)
	261000  -  ResidentSetSize of job (KB)
...
006 (4430510.366.000) 09/08 17:20:44 Image size of job updated: 267092
	255  -  MemoryUsage of job (MB)
	261000  -  ResidentSetSize of job (KB)
...
006 (4430510.366.000) 09/08 19:15:55 Image size of job updated: 271656
	260  -  MemoryUsage of job (MB)
	265564  -  ResidentSetSize of job (KB)
...
006 (4430510.366.000) 09/08 19:20:56 Image size of job updated: 271844
	260  -  MemoryUsage of job (MB)
	265792  -  ResidentSetSize of job (KB)
...
006 (4430510.366.000) 09/08 19:25:58 Image size of job updated: 271896
	260  -  MemoryUsage of job (MB)
	265804  -  ResidentSetSize of job (KB)
...
006 (4430510.366.000) 09/08 19:30:59 Image size of job updated: 272448
	261  -  MemoryUsage of job (MB)
	266396  -  ResidentSetSize of job (KB)
...
006 (4430510.366.000) 09/08 19:35:59 Image size of job updated: 272500
	261  -  MemoryUsage of job (MB)
	266408  -  ResidentSetSize of job (KB)
...
006 (4430510.366.000) 09/08 19:56:01 Image size of job updated: 272780
	261  -  MemoryUsage of job (MB)
	266688  -  ResidentSetSize of job (KB)
...
006 (4430510.366.000) 09/08 20:06:02 Image size of job updated: 273376
	262  -  MemoryUsage of job (MB)
	267280  -  ResidentSetSize of job (KB)
...
006 (4430510.366.000) 09/08 21:16:06 Image size of job updated: 273776
	262  -  MemoryUsage of job (MB)
	267688  -  ResidentSetSize of job (KB)
...
006 (4430510.366.000) 09/08 21:21:06 Image size of job updated: 273780
	262  -  MemoryUsage of job (MB)
	267688  -  ResidentSetSize of job (KB)
...
006 (4430510.366.000) 09/08 21:26:07 Image size of job updated: 274636
	263  -  MemoryUsage of job (MB)
	268540  -  ResidentSetSize of job (KB)
...
006 (4430510.366.000) 09/08 21:51:13 Image size of job updated: 274684
	263  -  MemoryUsage of job (MB)
	268596  -  ResidentSetSize of job (KB)
...
006 (4430510.366.000) 09/08 21:56:13 Image size of job updated: 275500
	264  -  MemoryUsage of job (MB)
	269408  -  ResidentSetSize of job (KB)
...
006 (4430510.366.000) 09/08 22:11:13 Image size of job updated: 276604
	265  -  MemoryUsage of job (MB)
	270512  -  ResidentSetSize of job (KB)
...
006 (4430510.366.000) 09/08 22:36:15 Image size of job updated: 276620
	265  -  MemoryUsage of job (MB)
	270532  -  ResidentSetSize of job (KB)
...
006 (4430510.366.000) 09/08 22:41:16 Image size of job updated: 276624
	265  -  MemoryUsage of job (MB)
	270532  -  ResidentSetSize of job (KB)
...
006 (4430510.366.000) 09/08 22:46:17 Image size of job updated: 276724
	265  -  MemoryUsage of job (MB)
	270632  -  ResidentSetSize of job (KB)
...
006 (4430510.366.000) 09/08 23:06:19 Image size of job updated: 278416
	266  -  MemoryUsage of job (MB)
	272324  -  ResidentSetSize of job (KB)
...
006 (4430510.366.000) 09/08 23:21:20 Image size of job updated: 278452
	267  -  MemoryUsage of job (MB)
	272472  -  ResidentSetSize of job (KB)
...
006 (4430510.366.000) 09/08 23:26:21 Image size of job updated: 278692
	267  -  MemoryUsage of job (MB)
	272600  -  ResidentSetSize of job (KB)
...
006 (4430510.366.000) 09/08 23:46:25 Image size of job updated: 279200
	267  -  MemoryUsage of job (MB)
	273104  -  ResidentSetSize of job (KB)
...
006 (4430510.366.000) 09/09 00:16:27 Image size of job updated: 279212
	267  -  MemoryUsage of job (MB)
	273120  -  ResidentSetSize of job (KB)
...
006 (4430510.366.000) 09/09 00:21:27 Image size of job updated: 279224
	267  -  MemoryUsage of job (MB)
	273132  -  ResidentSetSize of job (KB)
...
006 (4430510.366.000) 09/09 00:26:27 Image size of job updated: 279484
	267  -  MemoryUsage of job (MB)
	273392  -  ResidentSetSize of job (KB)
...
006 (4430510.366.000) 09/09 00:31:27 Image size of job updated: 280288
	268  -  MemoryUsage of job (MB)
	274196  -  ResidentSetSize of job (KB)
...
006 (4430510.366.000) 09/09 01:01:30 Image size of job updated: 280484
	268  -  MemoryUsage of job (MB)
	274392  -  ResidentSetSize of job (KB)
...
006 (4430510.366.000) 09/09 01:06:30 Image size of job updated: 282052
	270  -  MemoryUsage of job (MB)
	275960  -  ResidentSetSize of job (KB)
...
006 (4430510.366.000) 09/09 01:11:31 Image size of job updated: 282856
	271  -  MemoryUsage of job (MB)
	276760  -  ResidentSetSize of job (KB)
...
005 (4430510.366.000) 09/09 02:17:05 Job terminated.
	(1) Normal termination (return value 0)
		Usr 0 14:05:13, Sys 0 00:04:29  -  Run Remote Usage
		Usr 0 00:00:00, Sys 0 00:00:00  -  Run Local Usage
		Usr 0 14:05:13, Sys 0 00:04:29  -  Total Remote Usage
		Usr 0 00:00:00, Sys 0 00:00:00  -  Total Local Usage
	3537072  -  Run Bytes Sent By Job
	17284  -  Run Bytes Received By Job
	3537072  -  Total Bytes Sent By Job
	17284  -  Total Bytes Received By Job
	Partitionable Resources :    Usage  Request Allocated
	   Cpus                 :                 1         1
	   Disk (KB)            : 20910324 26214400  27286457
	   Ioheavy              :                           1
	   Memory (MB)          :      271      300       300
...
