000 (4430510.937.000) 09/08 09:59:23 Job submitted from host: <128.105.244.190:9618?addrs=128.105.244.190-9618&noUDP&sock=2714685_05e2_3>
...
001 (4430510.937.000) 09/08 23:13:56 Job executing on host: <128.105.245.20:9618?addrs=128.105.245.20-9618+[--1]-9618&noUDP&sock=3872_040c_3>
...
006 (4430510.937.000) 09/08 23:14:05 Image size of job updated: 556
	1  -  MemoryUsage of job (MB)
	472  -  ResidentSetSize of job (KB)
...
006 (4430510.937.000) 09/08 23:19:06 Image size of job updated: 556
	1  -  MemoryUsage of job (MB)
	552  -  ResidentSetSize of job (KB)
...
006 (4430510.937.000) 09/08 23:24:06 Image size of job updated: 151952
	145  -  MemoryUsage of job (MB)
	147624  -  ResidentSetSize of job (KB)
...
006 (4430510.937.000) 09/08 23:29:06 Image size of job updated: 193304
	185  -  MemoryUsage of job (MB)
	188936  -  ResidentSetSize of job (KB)
...
006 (4430510.937.000) 09/08 23:34:06 Image size of job updated: 210736
	202  -  MemoryUsage of job (MB)
	206388  -  ResidentSetSize of job (KB)
...
006 (4430510.937.000) 09/08 23:39:08 Image size of job updated: 216760
	208  -  MemoryUsage of job (MB)
	212444  -  ResidentSetSize of job (KB)
...
006 (4430510.937.000) 09/08 23:49:08 Image size of job updated: 219256
	210  -  MemoryUsage of job (MB)
	214900  -  ResidentSetSize of job (KB)
...
006 (4430510.937.000) 09/08 23:54:08 Image size of job updated: 220200
	211  -  MemoryUsage of job (MB)
	215844  -  ResidentSetSize of job (KB)
...
006 (4430510.937.000) 09/08 23:59:10 Image size of job updated: 243496
	234  -  MemoryUsage of job (MB)
	239140  -  ResidentSetSize of job (KB)
...
006 (4430510.937.000) 09/09 00:09:10 Image size of job updated: 248332
	239  -  MemoryUsage of job (MB)
	243976  -  ResidentSetSize of job (KB)
...
006 (4430510.937.000) 09/09 00:39:13 Image size of job updated: 251160
	242  -  MemoryUsage of job (MB)
	246904  -  ResidentSetSize of job (KB)
...
006 (4430510.937.000) 09/09 01:09:16 Image size of job updated: 258672
	249  -  MemoryUsage of job (MB)
	254424  -  ResidentSetSize of job (KB)
...
006 (4430510.937.000) 09/09 01:14:17 Image size of job updated: 258680
	249  -  MemoryUsage of job (MB)
	254424  -  ResidentSetSize of job (KB)
...
006 (4430510.937.000) 09/09 01:44:20 Image size of job updated: 260368
	251  -  MemoryUsage of job (MB)
	256112  -  ResidentSetSize of job (KB)
...
006 (4430510.937.000) 09/09 01:54:21 Image size of job updated: 260368
	251  -  MemoryUsage of job (MB)
	256592  -  ResidentSetSize of job (KB)
...
006 (4430510.937.000) 09/09 02:14:23 Image size of job updated: 262028
	253  -  MemoryUsage of job (MB)
	258408  -  ResidentSetSize of job (KB)
...
006 (4430510.937.000) 09/09 02:19:23 Image size of job updated: 262088
	253  -  MemoryUsage of job (MB)
	258428  -  ResidentSetSize of job (KB)
...
006 (4430510.937.000) 09/09 02:29:24 Image size of job updated: 263292
	254  -  MemoryUsage of job (MB)
	259632  -  ResidentSetSize of job (KB)
...
006 (4430510.937.000) 09/09 02:34:24 Image size of job updated: 263492
	254  -  MemoryUsage of job (MB)
	259652  -  ResidentSetSize of job (KB)
...
006 (4430510.937.000) 09/09 02:59:27 Image size of job updated: 264936
	256  -  MemoryUsage of job (MB)
	261320  -  ResidentSetSize of job (KB)
...
006 (4430510.937.000) 09/09 03:04:28 Image size of job updated: 264956
	256  -  MemoryUsage of job (MB)
	261340  -  ResidentSetSize of job (KB)
...
006 (4430510.937.000) 09/09 03:59:32 Image size of job updated: 266376
	257  -  MemoryUsage of job (MB)
	262724  -  ResidentSetSize of job (KB)
...
006 (4430510.937.000) 09/09 04:04:32 Image size of job updated: 267184
	258  -  MemoryUsage of job (MB)
	263528  -  ResidentSetSize of job (KB)
...
006 (4430510.937.000) 09/09 04:24:35 Image size of job updated: 267436
	258  -  MemoryUsage of job (MB)
	263776  -  ResidentSetSize of job (KB)
...
006 (4430510.937.000) 09/09 05:19:41 Image size of job updated: 267536
	258  -  MemoryUsage of job (MB)
	263920  -  ResidentSetSize of job (KB)
...
006 (4430510.937.000) 09/09 05:24:45 Image size of job updated: 267596
	258  -  MemoryUsage of job (MB)
	263940  -  ResidentSetSize of job (KB)
...
006 (4430510.937.000) 09/09 05:34:41 Image size of job updated: 268400
	259  -  MemoryUsage of job (MB)
	264744  -  ResidentSetSize of job (KB)
...
006 (4430510.937.000) 09/09 05:44:42 Image size of job updated: 269632
	260  -  MemoryUsage of job (MB)
	265976  -  ResidentSetSize of job (KB)
...
006 (4430510.937.000) 09/09 05:49:42 Image size of job updated: 270404
	261  -  MemoryUsage of job (MB)
	266748  -  ResidentSetSize of job (KB)
...
006 (4430510.937.000) 09/09 05:54:43 Image size of job updated: 271448
	262  -  MemoryUsage of job (MB)
	267832  -  ResidentSetSize of job (KB)
...
006 (4430510.937.000) 09/09 05:59:44 Image size of job updated: 271656
	262  -  MemoryUsage of job (MB)
	268000  -  ResidentSetSize of job (KB)
...
006 (4430510.937.000) 09/09 06:09:44 Image size of job updated: 271840
	262  -  MemoryUsage of job (MB)
	268184  -  ResidentSetSize of job (KB)
...
006 (4430510.937.000) 09/09 06:44:48 Image size of job updated: 273124
	264  -  MemoryUsage of job (MB)
	269472  -  ResidentSetSize of job (KB)
...
006 (4430510.937.000) 09/09 06:49:48 Image size of job updated: 273132
	264  -  MemoryUsage of job (MB)
	269472  -  ResidentSetSize of job (KB)
...
006 (4430510.937.000) 09/09 06:54:51 Image size of job updated: 273216
	264  -  MemoryUsage of job (MB)
	269600  -  ResidentSetSize of job (KB)
...
006 (4430510.937.000) 09/09 06:59:50 Image size of job updated: 273280
	264  -  MemoryUsage of job (MB)
	269620  -  ResidentSetSize of job (KB)
...
006 (4430510.937.000) 09/09 07:09:51 Image size of job updated: 273300
	264  -  MemoryUsage of job (MB)
	269644  -  ResidentSetSize of job (KB)
...
006 (4430510.937.000) 09/09 07:14:51 Image size of job updated: 273304
	264  -  MemoryUsage of job (MB)
	269644  -  ResidentSetSize of job (KB)
...
006 (4430510.937.000) 09/09 08:14:58 Image size of job updated: 274260
	265  -  MemoryUsage of job (MB)
	270648  -  ResidentSetSize of job (KB)
...
006 (4430510.937.000) 09/09 08:19:58 Image size of job updated: 274324
	265  -  MemoryUsage of job (MB)
	270668  -  ResidentSetSize of job (KB)
...
006 (4430510.937.000) 09/09 08:55:02 Image size of job updated: 274424
	265  -  MemoryUsage of job (MB)
	270768  -  ResidentSetSize of job (KB)
...
006 (4430510.937.000) 09/09 09:00:03 Image size of job updated: 274428
	265  -  MemoryUsage of job (MB)
	270768  -  ResidentSetSize of job (KB)
...
006 (4430510.937.000) 09/09 09:05:03 Image size of job updated: 276008
	266  -  MemoryUsage of job (MB)
	272356  -  ResidentSetSize of job (KB)
...
006 (4430510.937.000) 09/09 09:10:03 Image size of job updated: 276016
	266  -  MemoryUsage of job (MB)
	272356  -  ResidentSetSize of job (KB)
...
006 (4430510.937.000) 09/09 09:30:06 Image size of job updated: 276072
	267  -  MemoryUsage of job (MB)
	272416  -  ResidentSetSize of job (KB)
...
006 (4430510.937.000) 09/09 10:00:10 Image size of job updated: 276116
	267  -  MemoryUsage of job (MB)
	272500  -  ResidentSetSize of job (KB)
...
006 (4430510.937.000) 09/09 10:05:10 Image size of job updated: 276180
	267  -  MemoryUsage of job (MB)
	272520  -  ResidentSetSize of job (KB)
...
006 (4430510.937.000) 09/09 10:10:11 Image size of job updated: 276628
	267  -  MemoryUsage of job (MB)
	273064  -  ResidentSetSize of job (KB)
...
006 (4430510.937.000) 09/09 10:15:12 Image size of job updated: 276780
	267  -  MemoryUsage of job (MB)
	273124  -  ResidentSetSize of job (KB)
...
006 (4430510.937.000) 09/09 10:55:16 Image size of job updated: 277476
	268  -  MemoryUsage of job (MB)
	273912  -  ResidentSetSize of job (KB)
...
006 (4430510.937.000) 09/09 11:00:16 Image size of job updated: 277628
	268  -  MemoryUsage of job (MB)
	273972  -  ResidentSetSize of job (KB)
...
006 (4430510.937.000) 09/09 12:05:23 Image size of job updated: 278300
	269  -  MemoryUsage of job (MB)
	274644  -  ResidentSetSize of job (KB)
...
006 (4430510.937.000) 09/09 12:15:24 Image size of job updated: 278652
	269  -  MemoryUsage of job (MB)
	274996  -  ResidentSetSize of job (KB)
...
006 (4430510.937.000) 09/09 12:35:26 Image size of job updated: 279372
	270  -  MemoryUsage of job (MB)
	275720  -  ResidentSetSize of job (KB)
...
006 (4430510.937.000) 09/09 12:55:28 Image size of job updated: 279888
	270  -  MemoryUsage of job (MB)
	276272  -  ResidentSetSize of job (KB)
...
006 (4430510.937.000) 09/09 13:00:28 Image size of job updated: 279948
	270  -  MemoryUsage of job (MB)
	276292  -  ResidentSetSize of job (KB)
...
006 (4430510.937.000) 09/09 13:05:30 Image size of job updated: 282252
	273  -  MemoryUsage of job (MB)
	278640  -  ResidentSetSize of job (KB)
...
006 (4430510.937.000) 09/09 13:10:30 Image size of job updated: 282316
	273  -  MemoryUsage of job (MB)
	278660  -  ResidentSetSize of job (KB)
...
005 (4430510.937.000) 09/09 13:47:01 Job terminated.
	(1) Normal termination (return value 0)
		Usr 0 14:10:57, Sys 0 00:05:30  -  Run Remote Usage
		Usr 0 00:00:00, Sys 0 00:00:00  -  Run Local Usage
		Usr 0 14:10:57, Sys 0 00:05:30  -  Total Remote Usage
		Usr 0 00:00:00, Sys 0 00:00:00  -  Total Local Usage
	3536300  -  Run Bytes Sent By Job
	17284  -  Run Bytes Received By Job
	3536300  -  Total Bytes Sent By Job
	17284  -  Total Bytes Received By Job
	Partitionable Resources :    Usage  Request Allocated
	   Cpus                 :                 1         1
	   Disk (KB)            : 18693021 26214400  35358862
	   Ioheavy              :                           1
	   Memory (MB)          :      273      300       300
...
