000 (4430510.739.000) 09/08 09:59:23 Job submitted from host: <128.105.244.190:9618?addrs=128.105.244.190-9618&noUDP&sock=2714685_05e2_3>
...
001 (4430510.739.000) 09/08 12:38:05 Job executing on host: <128.105.245.10:9618?addrs=128.105.245.10-9618+[--1]-9618&noUDP&sock=3848_b84f_3>
...
006 (4430510.739.000) 09/08 12:38:14 Image size of job updated: 472
	1  -  MemoryUsage of job (MB)
	472  -  ResidentSetSize of job (KB)
...
006 (4430510.739.000) 09/08 12:43:15 Image size of job updated: 556
	1  -  MemoryUsage of job (MB)
	556  -  ResidentSetSize of job (KB)
...
006 (4430510.739.000) 09/08 12:48:15 Image size of job updated: 149908
	143  -  MemoryUsage of job (MB)
	145584  -  ResidentSetSize of job (KB)
...
006 (4430510.739.000) 09/08 12:53:15 Image size of job updated: 204068
	196  -  MemoryUsage of job (MB)
	199700  -  ResidentSetSize of job (KB)
...
006 (4430510.739.000) 09/08 13:03:17 Image size of job updated: 217120
	208  -  MemoryUsage of job (MB)
	212784  -  ResidentSetSize of job (KB)
...
006 (4430510.739.000) 09/08 13:13:17 Image size of job updated: 219000
	210  -  MemoryUsage of job (MB)
	214624  -  ResidentSetSize of job (KB)
...
006 (4430510.739.000) 09/08 13:23:18 Image size of job updated: 243684
	234  -  MemoryUsage of job (MB)
	239312  -  ResidentSetSize of job (KB)
...
006 (4430510.739.000) 09/08 13:28:19 Image size of job updated: 243688
	234  -  MemoryUsage of job (MB)
	239312  -  ResidentSetSize of job (KB)
...
006 (4430510.739.000) 09/08 13:33:19 Image size of job updated: 248280
	239  -  MemoryUsage of job (MB)
	243904  -  ResidentSetSize of job (KB)
...
006 (4430510.739.000) 09/08 13:38:19 Image size of job updated: 248904
	239  -  MemoryUsage of job (MB)
	244528  -  ResidentSetSize of job (KB)
...
006 (4430510.739.000) 09/08 13:43:19 Image size of job updated: 251356
	242  -  MemoryUsage of job (MB)
	246980  -  ResidentSetSize of job (KB)
...
006 (4430510.739.000) 09/08 13:53:21 Image size of job updated: 253024
	243  -  MemoryUsage of job (MB)
	248648  -  ResidentSetSize of job (KB)
...
006 (4430510.739.000) 09/08 14:03:21 Image size of job updated: 257152
	247  -  MemoryUsage of job (MB)
	252776  -  ResidentSetSize of job (KB)
...
006 (4430510.739.000) 09/08 14:23:23 Image size of job updated: 257868
	248  -  MemoryUsage of job (MB)
	253496  -  ResidentSetSize of job (KB)
...
006 (4430510.739.000) 09/08 14:28:25 Image size of job updated: 260444
	251  -  MemoryUsage of job (MB)
	256164  -  ResidentSetSize of job (KB)
...
006 (4430510.739.000) 09/08 14:33:25 Image size of job updated: 260596
	251  -  MemoryUsage of job (MB)
	256224  -  ResidentSetSize of job (KB)
...
006 (4430510.739.000) 09/08 14:43:25 Image size of job updated: 260928
	251  -  MemoryUsage of job (MB)
	256864  -  ResidentSetSize of job (KB)
...
006 (4430510.739.000) 09/08 14:58:27 Image size of job updated: 261076
	251  -  MemoryUsage of job (MB)
	256864  -  ResidentSetSize of job (KB)
...
006 (4430510.739.000) 09/08 15:03:28 Image size of job updated: 261536
	252  -  MemoryUsage of job (MB)
	257472  -  ResidentSetSize of job (KB)
...
006 (4430510.739.000) 09/08 15:13:30 Image size of job updated: 262060
	252  -  MemoryUsage of job (MB)
	257996  -  ResidentSetSize of job (KB)
...
006 (4430510.739.000) 09/08 15:33:33 Image size of job updated: 262332
	253  -  MemoryUsage of job (MB)
	258268  -  ResidentSetSize of job (KB)
...
006 (4430510.739.000) 09/08 15:43:33 Image size of job updated: 263388
	254  -  MemoryUsage of job (MB)
	259728  -  ResidentSetSize of job (KB)
...
006 (4430510.739.000) 09/08 16:03:35 Image size of job updated: 263640
	254  -  MemoryUsage of job (MB)
	259984  -  ResidentSetSize of job (KB)
...
006 (4430510.739.000) 09/08 16:08:35 Image size of job updated: 264512
	255  -  MemoryUsage of job (MB)
	260852  -  ResidentSetSize of job (KB)
...
006 (4430510.739.000) 09/08 16:43:39 Image size of job updated: 265184
	256  -  MemoryUsage of job (MB)
	261616  -  ResidentSetSize of job (KB)
...
006 (4430510.739.000) 09/08 16:48:39 Image size of job updated: 265336
	256  -  MemoryUsage of job (MB)
	261676  -  ResidentSetSize of job (KB)
...
006 (4430510.739.000) 09/08 17:08:41 Image size of job updated: 266252
	257  -  MemoryUsage of job (MB)
	262592  -  ResidentSetSize of job (KB)
...
006 (4430510.739.000) 09/08 17:18:44 Image size of job updated: 266836
	258  -  MemoryUsage of job (MB)
	263180  -  ResidentSetSize of job (KB)
...
006 (4430510.739.000) 09/08 17:23:44 Image size of job updated: 266840
	258  -  MemoryUsage of job (MB)
	263180  -  ResidentSetSize of job (KB)
...
006 (4430510.739.000) 09/08 17:28:44 Image size of job updated: 267040
	258  -  MemoryUsage of job (MB)
	263424  -  ResidentSetSize of job (KB)
...
006 (4430510.739.000) 09/08 17:33:44 Image size of job updated: 267104
	258  -  MemoryUsage of job (MB)
	263444  -  ResidentSetSize of job (KB)
...
006 (4430510.739.000) 09/08 18:08:48 Image size of job updated: 267476
	258  -  MemoryUsage of job (MB)
	263812  -  ResidentSetSize of job (KB)
...
006 (4430510.739.000) 09/08 18:23:50 Image size of job updated: 268044
	259  -  MemoryUsage of job (MB)
	264424  -  ResidentSetSize of job (KB)
...
006 (4430510.739.000) 09/08 18:28:50 Image size of job updated: 268104
	259  -  MemoryUsage of job (MB)
	264444  -  ResidentSetSize of job (KB)
...
006 (4430510.739.000) 09/08 18:58:54 Image size of job updated: 272376
	263  -  MemoryUsage of job (MB)
	268756  -  ResidentSetSize of job (KB)
...
006 (4430510.739.000) 09/08 19:03:54 Image size of job updated: 272436
	263  -  MemoryUsage of job (MB)
	268776  -  ResidentSetSize of job (KB)
...
006 (4430510.739.000) 09/08 19:23:56 Image size of job updated: 272940
	263  -  MemoryUsage of job (MB)
	269280  -  ResidentSetSize of job (KB)
...
006 (4430510.739.000) 09/08 19:53:58 Image size of job updated: 273008
	264  -  MemoryUsage of job (MB)
	269348  -  ResidentSetSize of job (KB)
...
006 (4430510.739.000) 09/08 20:04:00 Image size of job updated: 273232
	264  -  MemoryUsage of job (MB)
	269572  -  ResidentSetSize of job (KB)
...
006 (4430510.739.000) 09/08 20:34:03 Image size of job updated: 273824
	264  -  MemoryUsage of job (MB)
	270168  -  ResidentSetSize of job (KB)
...
006 (4430510.739.000) 09/08 20:39:03 Image size of job updated: 273828
	264  -  MemoryUsage of job (MB)
	270168  -  ResidentSetSize of job (KB)
...
006 (4430510.739.000) 09/08 21:09:07 Image size of job updated: 274424
	265  -  MemoryUsage of job (MB)
	270768  -  ResidentSetSize of job (KB)
...
006 (4430510.739.000) 09/08 21:14:07 Image size of job updated: 274428
	265  -  MemoryUsage of job (MB)
	270768  -  ResidentSetSize of job (KB)
...
006 (4430510.739.000) 09/08 21:49:11 Image size of job updated: 277040
	267  -  MemoryUsage of job (MB)
	273380  -  ResidentSetSize of job (KB)
...
006 (4430510.739.000) 09/09 01:09:30 Image size of job updated: 277676
	268  -  MemoryUsage of job (MB)
	274020  -  ResidentSetSize of job (KB)
...
006 (4430510.739.000) 09/09 02:39:39 Image size of job updated: 278356
	269  -  MemoryUsage of job (MB)
	274700  -  ResidentSetSize of job (KB)
...
006 (4430510.739.000) 09/09 02:44:39 Image size of job updated: 279428
	270  -  MemoryUsage of job (MB)
	275864  -  ResidentSetSize of job (KB)
...
006 (4430510.739.000) 09/09 02:49:39 Image size of job updated: 279580
	270  -  MemoryUsage of job (MB)
	275924  -  ResidentSetSize of job (KB)
...
006 (4430510.739.000) 09/09 03:14:42 Image size of job updated: 279892
	270  -  MemoryUsage of job (MB)
	276240  -  ResidentSetSize of job (KB)
...
006 (4430510.739.000) 09/09 03:19:43 Image size of job updated: 279896
	270  -  MemoryUsage of job (MB)
	276240  -  ResidentSetSize of job (KB)
...
006 (4430510.739.000) 09/09 03:29:46 Image size of job updated: 280092
	270  -  MemoryUsage of job (MB)
	276436  -  ResidentSetSize of job (KB)
...
006 (4430510.739.000) 09/09 03:39:44 Image size of job updated: 280368
	271  -  MemoryUsage of job (MB)
	276752  -  ResidentSetSize of job (KB)
...
006 (4430510.739.000) 09/09 03:44:45 Image size of job updated: 280432
	271  -  MemoryUsage of job (MB)
	276772  -  ResidentSetSize of job (KB)
...
006 (4430510.739.000) 09/09 03:54:46 Image size of job updated: 281044
	271  -  MemoryUsage of job (MB)
	277428  -  ResidentSetSize of job (KB)
...
006 (4430510.739.000) 09/09 03:59:46 Image size of job updated: 281104
	271  -  MemoryUsage of job (MB)
	277448  -  ResidentSetSize of job (KB)
...
005 (4430510.739.000) 09/09 04:07:55 Job terminated.
	(1) Normal termination (return value 0)
		Usr 0 15:10:23, Sys 0 00:05:00  -  Run Remote Usage
		Usr 0 00:00:00, Sys 0 00:00:00  -  Run Local Usage
		Usr 0 15:10:23, Sys 0 00:05:00  -  Total Remote Usage
		Usr 0 00:00:00, Sys 0 00:00:00  -  Total Local Usage
	3535475  -  Run Bytes Sent By Job
	17284  -  Run Bytes Received By Job
	3535475  -  Total Bytes Sent By Job
	17284  -  Total Bytes Received By Job
	Partitionable Resources :    Usage  Request Allocated
	   Cpus                 :                 1         1
	   Disk (KB)            : 18693007 26214400  31403319
	   Ioheavy              :                           1
	   Memory (MB)          :      271      300       300
...
