000 (4430510.901.000) 09/08 09:59:23 Job submitted from host: <128.105.244.190:9618?addrs=128.105.244.190-9618&noUDP&sock=2714685_05e2_3>
...
001 (4430510.901.000) 09/08 21:44:21 Job executing on host: <128.105.244.64:9618?addrs=128.105.244.64-9618+[--1]-9618&noUDP&sock=10157_6674_3>
...
006 (4430510.901.000) 09/08 21:44:30 Image size of job updated: 564
	1  -  MemoryUsage of job (MB)
	476  -  ResidentSetSize of job (KB)
...
006 (4430510.901.000) 09/08 21:54:32 Image size of job updated: 161456
	154  -  MemoryUsage of job (MB)
	157124  -  ResidentSetSize of job (KB)
...
006 (4430510.901.000) 09/08 21:59:32 Image size of job updated: 195352
	187  -  MemoryUsage of job (MB)
	190976  -  ResidentSetSize of job (KB)
...
006 (4430510.901.000) 09/08 22:14:33 Image size of job updated: 209424
	187  -  MemoryUsage of job (MB)
	190976  -  ResidentSetSize of job (KB)
...
006 (4430510.901.000) 09/08 22:19:34 Image size of job updated: 209484
	187  -  MemoryUsage of job (MB)
	190976  -  ResidentSetSize of job (KB)
...
006 (4430510.901.000) 09/08 22:24:34 Image size of job updated: 215416
	187  -  MemoryUsage of job (MB)
	190976  -  ResidentSetSize of job (KB)
...
006 (4430510.901.000) 09/08 22:29:34 Image size of job updated: 217288
	188  -  MemoryUsage of job (MB)
	192148  -  ResidentSetSize of job (KB)
...
006 (4430510.901.000) 09/08 22:34:34 Image size of job updated: 217436
	188  -  MemoryUsage of job (MB)
	192208  -  ResidentSetSize of job (KB)
...
006 (4430510.901.000) 09/08 22:39:36 Image size of job updated: 240712
	211  -  MemoryUsage of job (MB)
	215520  -  ResidentSetSize of job (KB)
...
006 (4430510.901.000) 09/08 22:44:35 Image size of job updated: 240772
	211  -  MemoryUsage of job (MB)
	215540  -  ResidentSetSize of job (KB)
...
006 (4430510.901.000) 09/08 22:49:36 Image size of job updated: 249284
	219  -  MemoryUsage of job (MB)
	224092  -  ResidentSetSize of job (KB)
...
006 (4430510.901.000) 09/08 22:54:36 Image size of job updated: 249344
	219  -  MemoryUsage of job (MB)
	224112  -  ResidentSetSize of job (KB)
...
006 (4430510.901.000) 09/08 22:59:38 Image size of job updated: 251116
	221  -  MemoryUsage of job (MB)
	225928  -  ResidentSetSize of job (KB)
...
006 (4430510.901.000) 09/08 23:04:38 Image size of job updated: 251180
	221  -  MemoryUsage of job (MB)
	225948  -  ResidentSetSize of job (KB)
...
006 (4430510.901.000) 09/08 23:14:40 Image size of job updated: 255016
	225  -  MemoryUsage of job (MB)
	229788  -  ResidentSetSize of job (KB)
...
006 (4430510.901.000) 09/08 23:19:40 Image size of job updated: 255020
	225  -  MemoryUsage of job (MB)
	229788  -  ResidentSetSize of job (KB)
...
006 (4430510.901.000) 09/08 23:44:44 Image size of job updated: 255924
	226  -  MemoryUsage of job (MB)
	230692  -  ResidentSetSize of job (KB)
...
006 (4430510.901.000) 09/08 23:49:44 Image size of job updated: 256724
	227  -  MemoryUsage of job (MB)
	231492  -  ResidentSetSize of job (KB)
...
006 (4430510.901.000) 09/08 23:54:44 Image size of job updated: 257396
	227  -  MemoryUsage of job (MB)
	232208  -  ResidentSetSize of job (KB)
...
006 (4430510.901.000) 09/08 23:59:46 Image size of job updated: 257460
	227  -  MemoryUsage of job (MB)
	232228  -  ResidentSetSize of job (KB)
...
006 (4430510.901.000) 09/09 00:04:46 Image size of job updated: 258264
	228  -  MemoryUsage of job (MB)
	233032  -  ResidentSetSize of job (KB)
...
006 (4430510.901.000) 09/09 00:19:48 Image size of job updated: 259772
	230  -  MemoryUsage of job (MB)
	234584  -  ResidentSetSize of job (KB)
...
006 (4430510.901.000) 09/09 00:24:48 Image size of job updated: 260636
	230  -  MemoryUsage of job (MB)
	235400  -  ResidentSetSize of job (KB)
...
006 (4430510.901.000) 09/09 01:04:54 Image size of job updated: 261236
	230  -  MemoryUsage of job (MB)
	235400  -  ResidentSetSize of job (KB)
...
006 (4430510.901.000) 09/09 01:09:54 Image size of job updated: 261296
	230  -  MemoryUsage of job (MB)
	235400  -  ResidentSetSize of job (KB)
...
006 (4430510.901.000) 09/09 01:34:56 Image size of job updated: 262456
	230  -  MemoryUsage of job (MB)
	235400  -  ResidentSetSize of job (KB)
...
006 (4430510.901.000) 09/09 01:39:57 Image size of job updated: 263272
	230  -  MemoryUsage of job (MB)
	235400  -  ResidentSetSize of job (KB)
...
006 (4430510.901.000) 09/09 02:10:01 Image size of job updated: 263620
	231  -  MemoryUsage of job (MB)
	235660  -  ResidentSetSize of job (KB)
...
006 (4430510.901.000) 09/09 02:50:05 Image size of job updated: 263976
	231  -  MemoryUsage of job (MB)
	236020  -  ResidentSetSize of job (KB)
...
006 (4430510.901.000) 09/09 02:55:05 Image size of job updated: 265388
	232  -  MemoryUsage of job (MB)
	237432  -  ResidentSetSize of job (KB)
...
006 (4430510.901.000) 09/09 03:10:07 Image size of job updated: 267692
	235  -  MemoryUsage of job (MB)
	239740  -  ResidentSetSize of job (KB)
...
006 (4430510.901.000) 09/09 03:15:08 Image size of job updated: 267696
	235  -  MemoryUsage of job (MB)
	239740  -  ResidentSetSize of job (KB)
...
006 (4430510.901.000) 09/09 04:40:18 Image size of job updated: 268352
	235  -  MemoryUsage of job (MB)
	240404  -  ResidentSetSize of job (KB)
...
006 (4430510.901.000) 09/09 04:45:19 Image size of job updated: 268360
	235  -  MemoryUsage of job (MB)
	240404  -  ResidentSetSize of job (KB)
...
006 (4430510.901.000) 09/09 04:55:20 Image size of job updated: 270088
	237  -  MemoryUsage of job (MB)
	242132  -  ResidentSetSize of job (KB)
...
006 (4430510.901.000) 09/09 05:30:23 Image size of job updated: 270568
	237  -  MemoryUsage of job (MB)
	242608  -  ResidentSetSize of job (KB)
...
006 (4430510.901.000) 09/09 05:50:25 Image size of job updated: 270840
	238  -  MemoryUsage of job (MB)
	242888  -  ResidentSetSize of job (KB)
...
006 (4430510.901.000) 09/09 05:55:26 Image size of job updated: 270844
	238  -  MemoryUsage of job (MB)
	242888  -  ResidentSetSize of job (KB)
...
006 (4430510.901.000) 09/09 06:00:26 Image size of job updated: 270944
	238  -  MemoryUsage of job (MB)
	243032  -  ResidentSetSize of job (KB)
...
006 (4430510.901.000) 09/09 06:05:27 Image size of job updated: 271008
	238  -  MemoryUsage of job (MB)
	243052  -  ResidentSetSize of job (KB)
...
006 (4430510.901.000) 09/09 06:15:28 Image size of job updated: 272460
	239  -  MemoryUsage of job (MB)
	244548  -  ResidentSetSize of job (KB)
...
006 (4430510.901.000) 09/09 06:20:28 Image size of job updated: 272524
	239  -  MemoryUsage of job (MB)
	244568  -  ResidentSetSize of job (KB)
...
006 (4430510.901.000) 09/09 06:25:29 Image size of job updated: 272528
	239  -  MemoryUsage of job (MB)
	244568  -  ResidentSetSize of job (KB)
...
006 (4430510.901.000) 09/09 06:45:31 Image size of job updated: 273376
	240  -  MemoryUsage of job (MB)
	245424  -  ResidentSetSize of job (KB)
...
006 (4430510.901.000) 09/09 06:50:31 Image size of job updated: 273380
	240  -  MemoryUsage of job (MB)
	245424  -  ResidentSetSize of job (KB)
...
006 (4430510.901.000) 09/09 07:40:36 Image size of job updated: 274120
	241  -  MemoryUsage of job (MB)
	246168  -  ResidentSetSize of job (KB)
...
006 (4430510.901.000) 09/09 07:45:37 Image size of job updated: 274124
	241  -  MemoryUsage of job (MB)
	246168  -  ResidentSetSize of job (KB)
...
006 (4430510.901.000) 09/09 07:55:38 Image size of job updated: 274164
	241  -  MemoryUsage of job (MB)
	246208  -  ResidentSetSize of job (KB)
...
006 (4430510.901.000) 09/09 09:15:47 Image size of job updated: 274596
	241  -  MemoryUsage of job (MB)
	246680  -  ResidentSetSize of job (KB)
...
006 (4430510.901.000) 09/09 09:20:47 Image size of job updated: 274656
	241  -  MemoryUsage of job (MB)
	246700  -  ResidentSetSize of job (KB)
...
006 (4430510.901.000) 09/09 09:30:49 Image size of job updated: 275104
	242  -  MemoryUsage of job (MB)
	247148  -  ResidentSetSize of job (KB)
...
006 (4430510.901.000) 09/09 09:40:50 Image size of job updated: 275376
	242  -  MemoryUsage of job (MB)
	247460  -  ResidentSetSize of job (KB)
...
006 (4430510.901.000) 09/09 09:45:51 Image size of job updated: 275436
	242  -  MemoryUsage of job (MB)
	247480  -  ResidentSetSize of job (KB)
...
006 (4430510.901.000) 09/09 10:10:52 Image size of job updated: 278056
	245  -  MemoryUsage of job (MB)
	250144  -  ResidentSetSize of job (KB)
...
006 (4430510.901.000) 09/09 10:15:53 Image size of job updated: 278120
	245  -  MemoryUsage of job (MB)
	250164  -  ResidentSetSize of job (KB)
...
006 (4430510.901.000) 09/09 10:20:54 Image size of job updated: 278920
	246  -  MemoryUsage of job (MB)
	250964  -  ResidentSetSize of job (KB)
...
006 (4430510.901.000) 09/09 12:16:06 Image size of job updated: 280376
	247  -  MemoryUsage of job (MB)
	252420  -  ResidentSetSize of job (KB)
...
006 (4430510.901.000) 09/09 13:46:13 Image size of job updated: 281092
	247  -  MemoryUsage of job (MB)
	252420  -  ResidentSetSize of job (KB)
...
006 (4430510.901.000) 09/09 13:51:14 Image size of job updated: 281152
	247  -  MemoryUsage of job (MB)
	252420  -  ResidentSetSize of job (KB)
...
006 (4430510.901.000) 09/09 14:56:20 Image size of job updated: 281788
	247  -  MemoryUsage of job (MB)
	252420  -  ResidentSetSize of job (KB)
...
006 (4430510.901.000) 09/09 15:11:21 Image size of job updated: 282156
	247  -  MemoryUsage of job (MB)
	252420  -  ResidentSetSize of job (KB)
...
006 (4430510.901.000) 09/09 15:41:25 Image size of job updated: 282496
	247  -  MemoryUsage of job (MB)
	252420  -  ResidentSetSize of job (KB)
...
006 (4430510.901.000) 09/09 15:46:26 Image size of job updated: 282556
	247  -  MemoryUsage of job (MB)
	252420  -  ResidentSetSize of job (KB)
...
005 (4430510.901.000) 09/09 16:10:33 Job terminated.
	(1) Normal termination (return value 0)
		Usr 0 18:10:31, Sys 0 00:05:32  -  Run Remote Usage
		Usr 0 00:00:00, Sys 0 00:00:00  -  Run Local Usage
		Usr 0 18:10:31, Sys 0 00:05:32  -  Total Remote Usage
		Usr 0 00:00:00, Sys 0 00:00:00  -  Total Local Usage
	3533436  -  Run Bytes Sent By Job
	17284  -  Run Bytes Received By Job
	3533436  -  Total Bytes Sent By Job
	17284  -  Total Bytes Received By Job
	Partitionable Resources :    Usage  Request Allocated
	   Cpus                 :                 1         1
	   Disk (KB)            : 18694158 26214400  32387415
	   Ioheavy              :                           1
	   Memory (MB)          :      247      300       300
...
