000 (4430510.624.000) 09/08 09:59:23 Job submitted from host: <128.105.244.190:9618?addrs=128.105.244.190-9618&noUDP&sock=2714685_05e2_3>
...
001 (4430510.624.000) 09/08 11:53:09 Job executing on host: <128.105.245.34:9618?addrs=128.105.245.34-9618+[--1]-9618&noUDP&sock=5186_55f9_3>
...
006 (4430510.624.000) 09/08 11:53:18 Image size of job updated: 480
	1  -  MemoryUsage of job (MB)
	480  -  ResidentSetSize of job (KB)
...
006 (4430510.624.000) 09/08 11:58:18 Image size of job updated: 552
	1  -  MemoryUsage of job (MB)
	552  -  ResidentSetSize of job (KB)
...
006 (4430510.624.000) 09/08 12:03:28 Image size of job updated: 592
	1  -  MemoryUsage of job (MB)
	552  -  ResidentSetSize of job (KB)
...
006 (4430510.624.000) 09/08 12:37:43 Image size of job updated: 32140
	31  -  MemoryUsage of job (MB)
	31204  -  ResidentSetSize of job (KB)
...
006 (4430510.624.000) 09/08 12:45:12 Image size of job updated: 190704
	183  -  MemoryUsage of job (MB)
	186576  -  ResidentSetSize of job (KB)
...
006 (4430510.624.000) 09/08 12:50:59 Image size of job updated: 190840
	183  -  MemoryUsage of job (MB)
	186632  -  ResidentSetSize of job (KB)
...
006 (4430510.624.000) 09/08 12:55:49 Image size of job updated: 203000
	195  -  MemoryUsage of job (MB)
	198824  -  ResidentSetSize of job (KB)
...
006 (4430510.624.000) 09/08 13:00:57 Image size of job updated: 203028
	195  -  MemoryUsage of job (MB)
	198844  -  ResidentSetSize of job (KB)
...
006 (4430510.624.000) 09/08 13:06:13 Image size of job updated: 205724
	197  -  MemoryUsage of job (MB)
	201580  -  ResidentSetSize of job (KB)
...
006 (4430510.624.000) 09/08 13:10:50 Image size of job updated: 205724
	197  -  MemoryUsage of job (MB)
	201600  -  ResidentSetSize of job (KB)
...
006 (4430510.624.000) 09/08 13:15:56 Image size of job updated: 206292
	198  -  MemoryUsage of job (MB)
	202692  -  ResidentSetSize of job (KB)
...
006 (4430510.624.000) 09/08 13:20:55 Image size of job updated: 206436
	198  -  MemoryUsage of job (MB)
	202748  -  ResidentSetSize of job (KB)
...
006 (4430510.624.000) 09/08 13:30:51 Image size of job updated: 215476
	207  -  MemoryUsage of job (MB)
	211784  -  ResidentSetSize of job (KB)
...
006 (4430510.624.000) 09/08 13:35:52 Image size of job updated: 215876
	208  -  MemoryUsage of job (MB)
	212176  -  ResidentSetSize of job (KB)
...
006 (4430510.624.000) 09/08 13:41:09 Image size of job updated: 243576
	235  -  MemoryUsage of job (MB)
	239920  -  ResidentSetSize of job (KB)
...
006 (4430510.624.000) 09/08 13:45:53 Image size of job updated: 243640
	235  -  MemoryUsage of job (MB)
	239940  -  ResidentSetSize of job (KB)
...
006 (4430510.624.000) 09/08 13:50:53 Image size of job updated: 244164
	235  -  MemoryUsage of job (MB)
	240472  -  ResidentSetSize of job (KB)
...
006 (4430510.624.000) 09/08 14:06:24 Image size of job updated: 246240
	237  -  MemoryUsage of job (MB)
	242604  -  ResidentSetSize of job (KB)
...
006 (4430510.624.000) 09/08 14:10:56 Image size of job updated: 254772
	246  -  MemoryUsage of job (MB)
	251204  -  ResidentSetSize of job (KB)
...
006 (4430510.624.000) 09/08 14:15:56 Image size of job updated: 254920
	246  -  MemoryUsage of job (MB)
	251260  -  ResidentSetSize of job (KB)
...
006 (4430510.624.000) 09/08 16:08:11 Image size of job updated: 259840
	251  -  MemoryUsage of job (MB)
	256232  -  ResidentSetSize of job (KB)
...
006 (4430510.624.000) 09/08 16:13:13 Image size of job updated: 259900
	251  -  MemoryUsage of job (MB)
	256252  -  ResidentSetSize of job (KB)
...
006 (4430510.624.000) 09/08 16:28:05 Image size of job updated: 260224
	251  -  MemoryUsage of job (MB)
	256580  -  ResidentSetSize of job (KB)
...
006 (4430510.624.000) 09/08 17:26:39 Image size of job updated: 261748
	253  -  MemoryUsage of job (MB)
	258108  -  ResidentSetSize of job (KB)
...
006 (4430510.624.000) 09/08 17:32:15 Image size of job updated: 261752
	253  -  MemoryUsage of job (MB)
	258108  -  ResidentSetSize of job (KB)
...
006 (4430510.624.000) 09/08 17:38:44 Image size of job updated: 261756
	253  -  MemoryUsage of job (MB)
	258108  -  ResidentSetSize of job (KB)
...
006 (4430510.624.000) 09/08 18:06:05 Image size of job updated: 262068
	253  -  MemoryUsage of job (MB)
	258428  -  ResidentSetSize of job (KB)
...
006 (4430510.624.000) 09/08 18:11:31 Image size of job updated: 262076
	253  -  MemoryUsage of job (MB)
	258428  -  ResidentSetSize of job (KB)
...
006 (4430510.624.000) 09/08 18:17:47 Image size of job updated: 262384
	253  -  MemoryUsage of job (MB)
	258736  -  ResidentSetSize of job (KB)
...
006 (4430510.624.000) 09/08 18:34:54 Image size of job updated: 263068
	254  -  MemoryUsage of job (MB)
	259420  -  ResidentSetSize of job (KB)
...
006 (4430510.624.000) 09/08 18:43:55 Image size of job updated: 263900
	255  -  MemoryUsage of job (MB)
	260296  -  ResidentSetSize of job (KB)
...
006 (4430510.624.000) 09/08 18:51:42 Image size of job updated: 263964
	255  -  MemoryUsage of job (MB)
	260316  -  ResidentSetSize of job (KB)
...
006 (4430510.624.000) 09/08 19:00:35 Image size of job updated: 264768
	255  -  MemoryUsage of job (MB)
	261120  -  ResidentSetSize of job (KB)
...
006 (4430510.624.000) 09/08 19:11:41 Image size of job updated: 265640
	256  -  MemoryUsage of job (MB)
	261992  -  ResidentSetSize of job (KB)
...
006 (4430510.624.000) 09/08 19:31:38 Image size of job updated: 267584
	258  -  MemoryUsage of job (MB)
	263936  -  ResidentSetSize of job (KB)
...
006 (4430510.624.000) 09/08 22:54:31 Image size of job updated: 268644
	259  -  MemoryUsage of job (MB)
	264996  -  ResidentSetSize of job (KB)
...
006 (4430510.624.000) 09/08 23:02:07 Image size of job updated: 269716
	260  -  MemoryUsage of job (MB)
	266112  -  ResidentSetSize of job (KB)
...
006 (4430510.624.000) 09/08 23:08:42 Image size of job updated: 269780
	260  -  MemoryUsage of job (MB)
	266132  -  ResidentSetSize of job (KB)
...
006 (4430510.624.000) 09/08 23:13:35 Image size of job updated: 273212
	264  -  MemoryUsage of job (MB)
	269564  -  ResidentSetSize of job (KB)
...
006 (4430510.624.000) 09/09 04:54:13 Image size of job updated: 273212
	264  -  MemoryUsage of job (MB)
	270008  -  ResidentSetSize of job (KB)
...
006 (4430510.624.000) 09/09 05:09:14 Image size of job updated: 277464
	268  -  MemoryUsage of job (MB)
	273928  -  ResidentSetSize of job (KB)
...
006 (4430510.624.000) 09/09 05:14:14 Image size of job updated: 277704
	268  -  MemoryUsage of job (MB)
	274056  -  ResidentSetSize of job (KB)
...
006 (4430510.624.000) 09/09 06:44:21 Image size of job updated: 278428
	269  -  MemoryUsage of job (MB)
	274820  -  ResidentSetSize of job (KB)
...
006 (4430510.624.000) 09/09 06:49:51 Image size of job updated: 278488
	269  -  MemoryUsage of job (MB)
	274840  -  ResidentSetSize of job (KB)
...
006 (4430510.624.000) 09/09 12:50:02 Image size of job updated: 281364
	272  -  MemoryUsage of job (MB)
	277764  -  ResidentSetSize of job (KB)
...
005 (4430510.624.000) 09/09 13:10:27 Job terminated.
	(1) Normal termination (return value 0)
		Usr 0 23:09:43, Sys 0 00:06:52  -  Run Remote Usage
		Usr 0 00:00:00, Sys 0 00:00:00  -  Run Local Usage
		Usr 0 23:09:43, Sys 0 00:06:52  -  Total Remote Usage
		Usr 0 00:00:00, Sys 0 00:00:00  -  Total Local Usage
	3534892  -  Run Bytes Sent By Job
	17284  -  Run Bytes Received By Job
	3534892  -  Total Bytes Sent By Job
	17284  -  Total Bytes Received By Job
	Partitionable Resources :    Usage  Request Allocated
	   Cpus                 :                 1         1
	   Disk (KB)            : 19902420 26214400  30383428
	   Ioheavy              :                           1
	   Memory (MB)          :      272      300       300
...
