000 (4430510.148.000) 09/08 09:59:23 Job submitted from host: <128.105.244.190:9618?addrs=128.105.244.190-9618&noUDP&sock=2714685_05e2_3>
...
001 (4430510.148.000) 09/08 11:20:17 Job executing on host: <128.105.245.222:9618?addrs=128.105.245.222-9618+[--1]-9618&noUDP&sock=5553_9925_3>
...
006 (4430510.148.000) 09/08 11:20:25 Image size of job updated: 468
	1  -  MemoryUsage of job (MB)
	468  -  ResidentSetSize of job (KB)
...
006 (4430510.148.000) 09/08 11:30:26 Image size of job updated: 548
	1  -  MemoryUsage of job (MB)
	548  -  ResidentSetSize of job (KB)
...
006 (4430510.148.000) 09/08 11:45:27 Image size of job updated: 5648
	5  -  MemoryUsage of job (MB)
	4908  -  ResidentSetSize of job (KB)
...
006 (4430510.148.000) 09/08 11:50:27 Image size of job updated: 165076
	157  -  MemoryUsage of job (MB)
	160684  -  ResidentSetSize of job (KB)
...
006 (4430510.148.000) 09/08 11:55:27 Image size of job updated: 202664
	176  -  MemoryUsage of job (MB)
	179772  -  ResidentSetSize of job (KB)
...
006 (4430510.148.000) 09/08 12:10:29 Image size of job updated: 213460
	176  -  MemoryUsage of job (MB)
	179772  -  ResidentSetSize of job (KB)
...
006 (4430510.148.000) 09/08 12:20:31 Image size of job updated: 215872
	186  -  MemoryUsage of job (MB)
	190416  -  ResidentSetSize of job (KB)
...
006 (4430510.148.000) 09/08 12:40:32 Image size of job updated: 232544
	203  -  MemoryUsage of job (MB)
	207092  -  ResidentSetSize of job (KB)
...
006 (4430510.148.000) 09/08 12:45:33 Image size of job updated: 232548
	203  -  MemoryUsage of job (MB)
	207092  -  ResidentSetSize of job (KB)
...
006 (4430510.148.000) 09/08 12:50:33 Image size of job updated: 237584
	208  -  MemoryUsage of job (MB)
	212172  -  ResidentSetSize of job (KB)
...
006 (4430510.148.000) 09/08 12:55:34 Image size of job updated: 237636
	208  -  MemoryUsage of job (MB)
	212184  -  ResidentSetSize of job (KB)
...
006 (4430510.148.000) 09/08 13:05:34 Image size of job updated: 240112
	210  -  MemoryUsage of job (MB)
	214696  -  ResidentSetSize of job (KB)
...
006 (4430510.148.000) 09/08 13:10:34 Image size of job updated: 240164
	210  -  MemoryUsage of job (MB)
	214708  -  ResidentSetSize of job (KB)
...
006 (4430510.148.000) 09/08 13:20:35 Image size of job updated: 254960
	225  -  MemoryUsage of job (MB)
	229508  -  ResidentSetSize of job (KB)
...
006 (4430510.148.000) 09/08 13:25:37 Image size of job updated: 254964
	225  -  MemoryUsage of job (MB)
	229508  -  ResidentSetSize of job (KB)
...
006 (4430510.148.000) 09/08 13:35:37 Image size of job updated: 256032
	226  -  MemoryUsage of job (MB)
	230580  -  ResidentSetSize of job (KB)
...
006 (4430510.148.000) 09/08 13:40:37 Image size of job updated: 256036
	226  -  MemoryUsage of job (MB)
	230580  -  ResidentSetSize of job (KB)
...
006 (4430510.148.000) 09/08 14:05:39 Image size of job updated: 259236
	229  -  MemoryUsage of job (MB)
	233784  -  ResidentSetSize of job (KB)
...
006 (4430510.148.000) 09/08 14:10:40 Image size of job updated: 259240
	229  -  MemoryUsage of job (MB)
	233784  -  ResidentSetSize of job (KB)
...
006 (4430510.148.000) 09/08 14:20:41 Image size of job updated: 259284
	229  -  MemoryUsage of job (MB)
	233828  -  ResidentSetSize of job (KB)
...
006 (4430510.148.000) 09/08 14:30:41 Image size of job updated: 262980
	233  -  MemoryUsage of job (MB)
	237616  -  ResidentSetSize of job (KB)
...
006 (4430510.148.000) 09/08 14:35:43 Image size of job updated: 263124
	233  -  MemoryUsage of job (MB)
	237668  -  ResidentSetSize of job (KB)
...
006 (4430510.148.000) 09/08 16:00:53 Image size of job updated: 263396
	233  -  MemoryUsage of job (MB)
	237980  -  ResidentSetSize of job (KB)
...
006 (4430510.148.000) 09/08 16:05:54 Image size of job updated: 263448
	233  -  MemoryUsage of job (MB)
	237992  -  ResidentSetSize of job (KB)
...
006 (4430510.148.000) 09/08 16:30:56 Image size of job updated: 264812
	234  -  MemoryUsage of job (MB)
	239448  -  ResidentSetSize of job (KB)
...
006 (4430510.148.000) 09/08 16:35:56 Image size of job updated: 264952
	234  -  MemoryUsage of job (MB)
	239500  -  ResidentSetSize of job (KB)
...
006 (4430510.148.000) 09/08 17:16:01 Image size of job updated: 267304
	237  -  MemoryUsage of job (MB)
	241892  -  ResidentSetSize of job (KB)
...
006 (4430510.148.000) 09/08 17:21:02 Image size of job updated: 267360
	237  -  MemoryUsage of job (MB)
	241904  -  ResidentSetSize of job (KB)
...
006 (4430510.148.000) 09/08 19:16:15 Image size of job updated: 267360
	237  -  MemoryUsage of job (MB)
	242004  -  ResidentSetSize of job (KB)
...
006 (4430510.148.000) 09/08 19:36:18 Image size of job updated: 270540
	240  -  MemoryUsage of job (MB)
	245124  -  ResidentSetSize of job (KB)
...
006 (4430510.148.000) 09/08 19:41:19 Image size of job updated: 270592
	240  -  MemoryUsage of job (MB)
	245136  -  ResidentSetSize of job (KB)
...
006 (4430510.148.000) 09/08 20:11:20 Image size of job updated: 272012
	241  -  MemoryUsage of job (MB)
	246596  -  ResidentSetSize of job (KB)
...
006 (4430510.148.000) 09/08 20:16:21 Image size of job updated: 272064
	241  -  MemoryUsage of job (MB)
	246608  -  ResidentSetSize of job (KB)
...
006 (4430510.148.000) 09/08 20:31:22 Image size of job updated: 272504
	242  -  MemoryUsage of job (MB)
	247052  -  ResidentSetSize of job (KB)
...
006 (4430510.148.000) 09/08 20:36:24 Image size of job updated: 272508
	242  -  MemoryUsage of job (MB)
	247052  -  ResidentSetSize of job (KB)
...
006 (4430510.148.000) 09/08 21:01:27 Image size of job updated: 272736
	242  -  MemoryUsage of job (MB)
	247368  -  ResidentSetSize of job (KB)
...
006 (4430510.148.000) 09/08 21:06:27 Image size of job updated: 272876
	242  -  MemoryUsage of job (MB)
	247420  -  ResidentSetSize of job (KB)
...
006 (4430510.148.000) 09/08 22:31:36 Image size of job updated: 273988
	243  -  MemoryUsage of job (MB)
	248572  -  ResidentSetSize of job (KB)
...
006 (4430510.148.000) 09/08 22:36:37 Image size of job updated: 274040
	243  -  MemoryUsage of job (MB)
	248584  -  ResidentSetSize of job (KB)
...
006 (4430510.148.000) 09/08 23:31:45 Image size of job updated: 274216
	243  -  MemoryUsage of job (MB)
	248760  -  ResidentSetSize of job (KB)
...
006 (4430510.148.000) 09/08 23:36:45 Image size of job updated: 274332
	244  -  MemoryUsage of job (MB)
	248880  -  ResidentSetSize of job (KB)
...
006 (4430510.148.000) 09/08 23:41:45 Image size of job updated: 274336
	244  -  MemoryUsage of job (MB)
	248880  -  ResidentSetSize of job (KB)
...
006 (4430510.148.000) 09/09 01:11:54 Image size of job updated: 274744
	244  -  MemoryUsage of job (MB)
	249288  -  ResidentSetSize of job (KB)
...
006 (4430510.148.000) 09/09 01:46:58 Image size of job updated: 275696
	245  -  MemoryUsage of job (MB)
	250280  -  ResidentSetSize of job (KB)
...
006 (4430510.148.000) 09/09 01:51:58 Image size of job updated: 275748
	245  -  MemoryUsage of job (MB)
	250292  -  ResidentSetSize of job (KB)
...
006 (4430510.148.000) 09/09 02:37:03 Image size of job updated: 276236
	245  -  MemoryUsage of job (MB)
	250872  -  ResidentSetSize of job (KB)
...
006 (4430510.148.000) 09/09 02:42:03 Image size of job updated: 276380
	246  -  MemoryUsage of job (MB)
	250924  -  ResidentSetSize of job (KB)
...
006 (4430510.148.000) 09/09 03:22:07 Image size of job updated: 277004
	246  -  MemoryUsage of job (MB)
	251548  -  ResidentSetSize of job (KB)
...
006 (4430510.148.000) 09/09 04:12:15 Image size of job updated: 277420
	247  -  MemoryUsage of job (MB)
	251964  -  ResidentSetSize of job (KB)
...
006 (4430510.148.000) 09/09 04:37:18 Image size of job updated: 278496
	248  -  MemoryUsage of job (MB)
	253044  -  ResidentSetSize of job (KB)
...
006 (4430510.148.000) 09/09 04:42:19 Image size of job updated: 278500
	248  -  MemoryUsage of job (MB)
	253044  -  ResidentSetSize of job (KB)
...
006 (4430510.148.000) 09/09 04:47:21 Image size of job updated: 279328
	248  -  MemoryUsage of job (MB)
	253872  -  ResidentSetSize of job (KB)
...
006 (4430510.148.000) 09/09 05:27:23 Image size of job updated: 279512
	249  -  MemoryUsage of job (MB)
	254056  -  ResidentSetSize of job (KB)
...
006 (4430510.148.000) 09/09 07:27:33 Image size of job updated: 280160
	249  -  MemoryUsage of job (MB)
	254748  -  ResidentSetSize of job (KB)
...
006 (4430510.148.000) 09/09 07:32:34 Image size of job updated: 280216
	249  -  MemoryUsage of job (MB)
	254760  -  ResidentSetSize of job (KB)
...
006 (4430510.148.000) 09/09 07:37:35 Image size of job updated: 280220
	249  -  MemoryUsage of job (MB)
	254760  -  ResidentSetSize of job (KB)
...
006 (4430510.148.000) 09/09 08:17:38 Image size of job updated: 281604
	251  -  MemoryUsage of job (MB)
	256188  -  ResidentSetSize of job (KB)
...
006 (4430510.148.000) 09/09 08:22:38 Image size of job updated: 281656
	251  -  MemoryUsage of job (MB)
	256200  -  ResidentSetSize of job (KB)
...
006 (4430510.148.000) 09/09 09:02:43 Image size of job updated: 281656
	251  -  MemoryUsage of job (MB)
	256292  -  ResidentSetSize of job (KB)
...
006 (4430510.148.000) 09/09 09:07:44 Image size of job updated: 281804
	251  -  MemoryUsage of job (MB)
	256344  -  ResidentSetSize of job (KB)
...
005 (4430510.148.000) 09/09 09:17:18 Job terminated.
	(1) Normal termination (return value 0)
		Usr 0 20:48:38, Sys 0 00:06:00  -  Run Remote Usage
		Usr 0 00:00:00, Sys 0 00:00:00  -  Run Local Usage
		Usr 0 20:48:38, Sys 0 00:06:00  -  Total Remote Usage
		Usr 0 00:00:00, Sys 0 00:00:00  -  Total Local Usage
	3534738  -  Run Bytes Sent By Job
	17284  -  Run Bytes Received By Job
	3534738  -  Total Bytes Sent By Job
	17284  -  Total Bytes Received By Job
	Partitionable Resources :    Usage  Request Allocated
	   Cpus                 :                 1         1
	   Disk (KB)            : 19029921 26214400  27587450
	   Ioheavy              :                           1
	   Memory (MB)          :      251      300       300
...
