000 (4430510.896.000) 09/08 09:59:23 Job submitted from host: <128.105.244.190:9618?addrs=128.105.244.190-9618&noUDP&sock=2714685_05e2_3>
...
001 (4430510.896.000) 09/08 21:44:22 Job executing on host: <128.105.245.25:9618?addrs=128.105.245.25-9618+[--1]-9618&noUDP&sock=5226_f89a_3>
...
006 (4430510.896.000) 09/08 21:44:30 Image size of job updated: 556
	1  -  MemoryUsage of job (MB)
	472  -  ResidentSetSize of job (KB)
...
006 (4430510.896.000) 09/08 21:49:31 Image size of job updated: 556
	1  -  MemoryUsage of job (MB)
	548  -  ResidentSetSize of job (KB)
...
006 (4430510.896.000) 09/08 21:54:32 Image size of job updated: 29248
	28  -  MemoryUsage of job (MB)
	28300  -  ResidentSetSize of job (KB)
...
006 (4430510.896.000) 09/08 21:59:33 Image size of job updated: 149960
	143  -  MemoryUsage of job (MB)
	145596  -  ResidentSetSize of job (KB)
...
006 (4430510.896.000) 09/08 22:04:33 Image size of job updated: 188420
	180  -  MemoryUsage of job (MB)
	184036  -  ResidentSetSize of job (KB)
...
006 (4430510.896.000) 09/08 22:14:34 Image size of job updated: 196804
	188  -  MemoryUsage of job (MB)
	192432  -  ResidentSetSize of job (KB)
...
006 (4430510.896.000) 09/08 22:24:35 Image size of job updated: 202060
	194  -  MemoryUsage of job (MB)
	198152  -  ResidentSetSize of job (KB)
...
006 (4430510.896.000) 09/08 22:29:40 Image size of job updated: 202064
	194  -  MemoryUsage of job (MB)
	198152  -  ResidentSetSize of job (KB)
...
006 (4430510.896.000) 09/08 22:34:36 Image size of job updated: 217604
	209  -  MemoryUsage of job (MB)
	213764  -  ResidentSetSize of job (KB)
...
006 (4430510.896.000) 09/08 22:39:38 Image size of job updated: 217604
	209  -  MemoryUsage of job (MB)
	213784  -  ResidentSetSize of job (KB)
...
006 (4430510.896.000) 09/08 22:59:42 Image size of job updated: 229220
	221  -  MemoryUsage of job (MB)
	225612  -  ResidentSetSize of job (KB)
...
006 (4430510.896.000) 09/08 23:04:46 Image size of job updated: 229256
	221  -  MemoryUsage of job (MB)
	225632  -  ResidentSetSize of job (KB)
...
006 (4430510.896.000) 09/08 23:14:41 Image size of job updated: 243628
	235  -  MemoryUsage of job (MB)
	240024  -  ResidentSetSize of job (KB)
...
006 (4430510.896.000) 09/08 23:19:42 Image size of job updated: 243692
	235  -  MemoryUsage of job (MB)
	240044  -  ResidentSetSize of job (KB)
...
006 (4430510.896.000) 09/08 23:34:43 Image size of job updated: 251192
	242  -  MemoryUsage of job (MB)
	247584  -  ResidentSetSize of job (KB)
...
006 (4430510.896.000) 09/08 23:39:43 Image size of job updated: 251192
	242  -  MemoryUsage of job (MB)
	247604  -  ResidentSetSize of job (KB)
...
006 (4430510.896.000) 09/08 23:49:45 Image size of job updated: 254856
	246  -  MemoryUsage of job (MB)
	251300  -  ResidentSetSize of job (KB)
...
006 (4430510.896.000) 09/08 23:54:45 Image size of job updated: 255000
	246  -  MemoryUsage of job (MB)
	251356  -  ResidentSetSize of job (KB)
...
006 (4430510.896.000) 09/08 23:59:45 Image size of job updated: 255004
	246  -  MemoryUsage of job (MB)
	251356  -  ResidentSetSize of job (KB)
...
006 (4430510.896.000) 09/09 00:46:28 Image size of job updated: 256172
	247  -  MemoryUsage of job (MB)
	252528  -  ResidentSetSize of job (KB)
...
006 (4430510.896.000) 09/09 00:51:28 Image size of job updated: 256176
	247  -  MemoryUsage of job (MB)
	252528  -  ResidentSetSize of job (KB)
...
006 (4430510.896.000) 09/09 01:21:31 Image size of job updated: 257712
	249  -  MemoryUsage of job (MB)
	254108  -  ResidentSetSize of job (KB)
...
006 (4430510.896.000) 09/09 01:26:31 Image size of job updated: 257776
	249  -  MemoryUsage of job (MB)
	254128  -  ResidentSetSize of job (KB)
...
006 (4430510.896.000) 09/09 02:56:40 Image size of job updated: 259212
	250  -  MemoryUsage of job (MB)
	255572  -  ResidentSetSize of job (KB)
...
006 (4430510.896.000) 09/09 03:01:44 Image size of job updated: 259216
	250  -  MemoryUsage of job (MB)
	255572  -  ResidentSetSize of job (KB)
...
006 (4430510.896.000) 09/09 03:11:41 Image size of job updated: 261692
	253  -  MemoryUsage of job (MB)
	258092  -  ResidentSetSize of job (KB)
...
006 (4430510.896.000) 09/09 03:16:41 Image size of job updated: 261756
	253  -  MemoryUsage of job (MB)
	258112  -  ResidentSetSize of job (KB)
...
006 (4430510.896.000) 09/09 04:08:00 Image size of job updated: 263180
	254  -  MemoryUsage of job (MB)
	259576  -  ResidentSetSize of job (KB)
...
006 (4430510.896.000) 09/09 04:13:09 Image size of job updated: 263240
	254  -  MemoryUsage of job (MB)
	259596  -  ResidentSetSize of job (KB)
...
006 (4430510.896.000) 09/09 04:43:03 Image size of job updated: 263484
	254  -  MemoryUsage of job (MB)
	259932  -  ResidentSetSize of job (KB)
...
006 (4430510.896.000) 09/09 04:48:05 Image size of job updated: 263632
	254  -  MemoryUsage of job (MB)
	259988  -  ResidentSetSize of job (KB)
...
006 (4430510.896.000) 09/09 06:33:20 Image size of job updated: 263632
	254  -  MemoryUsage of job (MB)
	260016  -  ResidentSetSize of job (KB)
...
006 (4430510.896.000) 09/09 06:38:20 Image size of job updated: 263680
	254  -  MemoryUsage of job (MB)
	260036  -  ResidentSetSize of job (KB)
...
006 (4430510.896.000) 09/09 08:08:28 Image size of job updated: 271508
	262  -  MemoryUsage of job (MB)
	267904  -  ResidentSetSize of job (KB)
...
006 (4430510.896.000) 09/09 08:13:29 Image size of job updated: 271568
	262  -  MemoryUsage of job (MB)
	267924  -  ResidentSetSize of job (KB)
...
006 (4430510.896.000) 09/09 09:38:41 Image size of job updated: 272832
	263  -  MemoryUsage of job (MB)
	269232  -  ResidentSetSize of job (KB)
...
006 (4430510.896.000) 09/09 09:43:41 Image size of job updated: 272896
	263  -  MemoryUsage of job (MB)
	269252  -  ResidentSetSize of job (KB)
...
006 (4430510.896.000) 09/09 09:48:41 Image size of job updated: 272900
	263  -  MemoryUsage of job (MB)
	269252  -  ResidentSetSize of job (KB)
...
006 (4430510.896.000) 09/09 09:58:42 Image size of job updated: 272960
	264  -  MemoryUsage of job (MB)
	269356  -  ResidentSetSize of job (KB)
...
006 (4430510.896.000) 09/09 10:03:42 Image size of job updated: 273020
	264  -  MemoryUsage of job (MB)
	269376  -  ResidentSetSize of job (KB)
...
006 (4430510.896.000) 09/09 11:53:53 Image size of job updated: 273248
	264  -  MemoryUsage of job (MB)
	269612  -  ResidentSetSize of job (KB)
...
006 (4430510.896.000) 09/09 11:58:53 Image size of job updated: 273252
	264  -  MemoryUsage of job (MB)
	269612  -  ResidentSetSize of job (KB)
...
006 (4430510.896.000) 09/09 12:43:58 Image size of job updated: 274656
	265  -  MemoryUsage of job (MB)
	271076  -  ResidentSetSize of job (KB)
...
006 (4430510.896.000) 09/09 13:24:02 Image size of job updated: 275864
	266  -  MemoryUsage of job (MB)
	272224  -  ResidentSetSize of job (KB)
...
006 (4430510.896.000) 09/09 13:29:03 Image size of job updated: 275868
	266  -  MemoryUsage of job (MB)
	272224  -  ResidentSetSize of job (KB)
...
006 (4430510.896.000) 09/09 13:49:06 Image size of job updated: 275868
	266  -  MemoryUsage of job (MB)
	272244  -  ResidentSetSize of job (KB)
...
006 (4430510.896.000) 09/09 14:49:15 Image size of job updated: 278588
	269  -  MemoryUsage of job (MB)
	274940  -  ResidentSetSize of job (KB)
...
006 (4430510.896.000) 09/09 17:09:30 Image size of job updated: 278660
	269  -  MemoryUsage of job (MB)
	275016  -  ResidentSetSize of job (KB)
...
006 (4430510.896.000) 09/09 17:34:33 Image size of job updated: 279056
	269  -  MemoryUsage of job (MB)
	275452  -  ResidentSetSize of job (KB)
...
006 (4430510.896.000) 09/09 17:39:33 Image size of job updated: 279908
	270  -  MemoryUsage of job (MB)
	276264  -  ResidentSetSize of job (KB)
...
006 (4430510.896.000) 09/09 17:49:34 Image size of job updated: 280124
	270  -  MemoryUsage of job (MB)
	276480  -  ResidentSetSize of job (KB)
...
006 (4430510.896.000) 09/09 17:54:35 Image size of job updated: 280916
	271  -  MemoryUsage of job (MB)
	277272  -  ResidentSetSize of job (KB)
...
006 (4430510.896.000) 09/09 18:59:42 Image size of job updated: 282244
	273  -  MemoryUsage of job (MB)
	278600  -  ResidentSetSize of job (KB)
...
006 (4430510.896.000) 09/09 19:04:43 Image size of job updated: 283044
	273  -  MemoryUsage of job (MB)
	279400  -  ResidentSetSize of job (KB)
...
005 (4430510.896.000) 09/09 19:35:16 Job terminated.
	(1) Normal termination (return value 0)
		Usr 0 21:06:56, Sys 0 00:05:29  -  Run Remote Usage
		Usr 0 00:00:00, Sys 0 00:00:00  -  Run Local Usage
		Usr 0 21:06:56, Sys 0 00:05:29  -  Total Remote Usage
		Usr 0 00:00:00, Sys 0 00:00:00  -  Total Local Usage
	3538514  -  Run Bytes Sent By Job
	17284  -  Run Bytes Received By Job
	3538514  -  Total Bytes Sent By Job
	17284  -  Total Bytes Received By Job
	Partitionable Resources :    Usage  Request Allocated
	   Cpus                 :                 1         1
	   Disk (KB)            : 18693803 26214400  32078000
	   Ioheavy              :                           1
	   Memory (MB)          :      273      300       300
...
