000 (4430510.448.000) 09/08 09:59:23 Job submitted from host: <128.105.244.190:9618?addrs=128.105.244.190-9618&noUDP&sock=2714685_05e2_3>
...
001 (4430510.448.000) 09/08 11:44:49 Job executing on host: <128.105.245.145:9618?addrs=128.105.245.145-9618+[--1]-9618&noUDP&sock=5518_46ed_3>
...
006 (4430510.448.000) 09/08 11:44:58 Image size of job updated: 476
	1  -  MemoryUsage of job (MB)
	476  -  ResidentSetSize of job (KB)
...
006 (4430510.448.000) 09/08 11:49:59 Image size of job updated: 544
	1  -  MemoryUsage of job (MB)
	544  -  ResidentSetSize of job (KB)
...
006 (4430510.448.000) 09/08 12:25:04 Image size of job updated: 164284
	157  -  MemoryUsage of job (MB)
	159884  -  ResidentSetSize of job (KB)
...
006 (4430510.448.000) 09/08 12:30:04 Image size of job updated: 196940
	189  -  MemoryUsage of job (MB)
	192536  -  ResidentSetSize of job (KB)
...
006 (4430510.448.000) 09/08 12:40:05 Image size of job updated: 205936
	197  -  MemoryUsage of job (MB)
	201528  -  ResidentSetSize of job (KB)
...
006 (4430510.448.000) 09/08 12:45:06 Image size of job updated: 212384
	204  -  MemoryUsage of job (MB)
	207976  -  ResidentSetSize of job (KB)
...
006 (4430510.448.000) 09/08 12:55:06 Image size of job updated: 218068
	209  -  MemoryUsage of job (MB)
	213656  -  ResidentSetSize of job (KB)
...
006 (4430510.448.000) 09/08 13:00:07 Image size of job updated: 219036
	210  -  MemoryUsage of job (MB)
	214624  -  ResidentSetSize of job (KB)
...
006 (4430510.448.000) 09/08 13:10:07 Image size of job updated: 241564
	232  -  MemoryUsage of job (MB)
	237152  -  ResidentSetSize of job (KB)
...
006 (4430510.448.000) 09/08 14:25:14 Image size of job updated: 256096
	246  -  MemoryUsage of job (MB)
	251688  -  ResidentSetSize of job (KB)
...
006 (4430510.448.000) 09/08 14:30:14 Image size of job updated: 256100
	246  -  MemoryUsage of job (MB)
	251688  -  ResidentSetSize of job (KB)
...
006 (4430510.448.000) 09/08 14:35:15 Image size of job updated: 256600
	247  -  MemoryUsage of job (MB)
	252232  -  ResidentSetSize of job (KB)
...
006 (4430510.448.000) 09/08 14:40:16 Image size of job updated: 256656
	247  -  MemoryUsage of job (MB)
	252244  -  ResidentSetSize of job (KB)
...
006 (4430510.448.000) 09/08 14:45:17 Image size of job updated: 256660
	247  -  MemoryUsage of job (MB)
	252244  -  ResidentSetSize of job (KB)
...
006 (4430510.448.000) 09/08 14:50:18 Image size of job updated: 257388
	248  -  MemoryUsage of job (MB)
	252976  -  ResidentSetSize of job (KB)
...
006 (4430510.448.000) 09/08 15:00:18 Image size of job updated: 260160
	250  -  MemoryUsage of job (MB)
	255792  -  ResidentSetSize of job (KB)
...
006 (4430510.448.000) 09/08 15:05:18 Image size of job updated: 260216
	250  -  MemoryUsage of job (MB)
	255804  -  ResidentSetSize of job (KB)
...
006 (4430510.448.000) 09/08 15:15:19 Image size of job updated: 260392
	250  -  MemoryUsage of job (MB)
	255988  -  ResidentSetSize of job (KB)
...
006 (4430510.448.000) 09/08 15:20:19 Image size of job updated: 260404
	250  -  MemoryUsage of job (MB)
	255988  -  ResidentSetSize of job (KB)
...
006 (4430510.448.000) 09/08 15:50:21 Image size of job updated: 260988
	251  -  MemoryUsage of job (MB)
	256580  -  ResidentSetSize of job (KB)
...
006 (4430510.448.000) 09/08 15:55:21 Image size of job updated: 260992
	251  -  MemoryUsage of job (MB)
	256580  -  ResidentSetSize of job (KB)
...
006 (4430510.448.000) 09/08 16:05:24 Image size of job updated: 262256
	252  -  MemoryUsage of job (MB)
	257844  -  ResidentSetSize of job (KB)
...
006 (4430510.448.000) 09/08 16:20:25 Image size of job updated: 263200
	253  -  MemoryUsage of job (MB)
	258832  -  ResidentSetSize of job (KB)
...
006 (4430510.448.000) 09/08 16:25:25 Image size of job updated: 263256
	253  -  MemoryUsage of job (MB)
	258844  -  ResidentSetSize of job (KB)
...
006 (4430510.448.000) 09/08 17:35:33 Image size of job updated: 264024
	254  -  MemoryUsage of job (MB)
	259656  -  ResidentSetSize of job (KB)
...
006 (4430510.448.000) 09/08 17:40:34 Image size of job updated: 264080
	254  -  MemoryUsage of job (MB)
	259668  -  ResidentSetSize of job (KB)
...
006 (4430510.448.000) 09/08 17:45:34 Image size of job updated: 264084
	254  -  MemoryUsage of job (MB)
	259668  -  ResidentSetSize of job (KB)
...
006 (4430510.448.000) 09/08 18:40:40 Image size of job updated: 264688
	255  -  MemoryUsage of job (MB)
	260316  -  ResidentSetSize of job (KB)
...
006 (4430510.448.000) 09/08 18:45:40 Image size of job updated: 264740
	255  -  MemoryUsage of job (MB)
	260328  -  ResidentSetSize of job (KB)
...
006 (4430510.448.000) 09/08 19:30:46 Image size of job updated: 268368
	258  -  MemoryUsage of job (MB)
	263996  -  ResidentSetSize of job (KB)
...
006 (4430510.448.000) 09/08 19:35:47 Image size of job updated: 268420
	258  -  MemoryUsage of job (MB)
	264008  -  ResidentSetSize of job (KB)
...
006 (4430510.448.000) 09/08 19:45:48 Image size of job updated: 270088
	260  -  MemoryUsage of job (MB)
	265652  -  ResidentSetSize of job (KB)
...
006 (4430510.448.000) 09/08 19:50:49 Image size of job updated: 270144
	260  -  MemoryUsage of job (MB)
	265664  -  ResidentSetSize of job (KB)
...
006 (4430510.448.000) 09/08 22:51:09 Image size of job updated: 271016
	261  -  MemoryUsage of job (MB)
	266572  -  ResidentSetSize of job (KB)
...
006 (4430510.448.000) 09/08 22:56:09 Image size of job updated: 271068
	261  -  MemoryUsage of job (MB)
	266584  -  ResidentSetSize of job (KB)
...
006 (4430510.448.000) 09/08 23:26:12 Image size of job updated: 274088
	264  -  MemoryUsage of job (MB)
	269604  -  ResidentSetSize of job (KB)
...
006 (4430510.448.000) 09/09 03:06:35 Image size of job updated: 274388
	264  -  MemoryUsage of job (MB)
	269948  -  ResidentSetSize of job (KB)
...
006 (4430510.448.000) 09/09 03:11:36 Image size of job updated: 274444
	264  -  MemoryUsage of job (MB)
	269960  -  ResidentSetSize of job (KB)
...
006 (4430510.448.000) 09/09 03:56:41 Image size of job updated: 276224
	266  -  MemoryUsage of job (MB)
	271784  -  ResidentSetSize of job (KB)
...
006 (4430510.448.000) 09/09 04:01:41 Image size of job updated: 276280
	266  -  MemoryUsage of job (MB)
	271796  -  ResidentSetSize of job (KB)
...
006 (4430510.448.000) 09/09 04:31:44 Image size of job updated: 276476
	266  -  MemoryUsage of job (MB)
	271992  -  ResidentSetSize of job (KB)
...
006 (4430510.448.000) 09/09 05:01:47 Image size of job updated: 277264
	267  -  MemoryUsage of job (MB)
	272780  -  ResidentSetSize of job (KB)
...
006 (4430510.448.000) 09/09 05:16:50 Image size of job updated: 278384
	268  -  MemoryUsage of job (MB)
	273900  -  ResidentSetSize of job (KB)
...
006 (4430510.448.000) 09/09 06:57:01 Image size of job updated: 279840
	270  -  MemoryUsage of job (MB)
	275468  -  ResidentSetSize of job (KB)
...
006 (4430510.448.000) 09/09 07:02:02 Image size of job updated: 279976
	270  -  MemoryUsage of job (MB)
	275520  -  ResidentSetSize of job (KB)
...
006 (4430510.448.000) 09/09 07:07:02 Image size of job updated: 279980
	270  -  MemoryUsage of job (MB)
	275520  -  ResidentSetSize of job (KB)
...
006 (4430510.448.000) 09/09 07:37:05 Image size of job updated: 280824
	270  -  MemoryUsage of job (MB)
	276372  -  ResidentSetSize of job (KB)
...
006 (4430510.448.000) 09/09 07:42:07 Image size of job updated: 280832
	270  -  MemoryUsage of job (MB)
	276372  -  ResidentSetSize of job (KB)
...
006 (4430510.448.000) 09/09 08:22:10 Image size of job updated: 283020
	273  -  MemoryUsage of job (MB)
	278652  -  ResidentSetSize of job (KB)
...
006 (4430510.448.000) 09/09 08:27:10 Image size of job updated: 283164
	273  -  MemoryUsage of job (MB)
	278704  -  ResidentSetSize of job (KB)
...
006 (4430510.448.000) 09/09 08:32:11 Image size of job updated: 283168
	273  -  MemoryUsage of job (MB)
	278704  -  ResidentSetSize of job (KB)
...
005 (4430510.448.000) 09/09 08:54:08 Job terminated.
	(1) Normal termination (return value 0)
		Usr 0 20:04:37, Sys 0 00:06:29  -  Run Remote Usage
		Usr 0 00:00:00, Sys 0 00:00:00  -  Run Local Usage
		Usr 0 20:04:37, Sys 0 00:06:29  -  Total Remote Usage
		Usr 0 00:00:00, Sys 0 00:00:00  -  Total Local Usage
	3532490  -  Run Bytes Sent By Job
	17284  -  Run Bytes Received By Job
	3532490  -  Total Bytes Sent By Job
	17284  -  Total Bytes Received By Job
	Partitionable Resources :    Usage  Request Allocated
	   Cpus                 :                 1         1
	   Disk (KB)            : 21933881 26214400  26454762
	   Ioheavy              :                           1
	   Memory (MB)          :      273      300       300
...
