000 (4430510.617.000) 09/08 09:59:23 Job submitted from host: <128.105.244.190:9618?addrs=128.105.244.190-9618&noUDP&sock=2714685_05e2_3>
...
001 (4430510.617.000) 09/08 11:53:09 Job executing on host: <128.105.245.182:9618?addrs=128.105.245.182-9618+[--1]-9618&noUDP&sock=5574_0f6b_3>
...
006 (4430510.617.000) 09/08 11:53:18 Image size of job updated: 476
	1  -  MemoryUsage of job (MB)
	476  -  ResidentSetSize of job (KB)
...
006 (4430510.617.000) 09/08 11:58:20 Image size of job updated: 552
	1  -  MemoryUsage of job (MB)
	552  -  ResidentSetSize of job (KB)
...
006 (4430510.617.000) 09/08 12:48:24 Image size of job updated: 164052
	156  -  MemoryUsage of job (MB)
	159696  -  ResidentSetSize of job (KB)
...
006 (4430510.617.000) 09/08 12:58:26 Image size of job updated: 195332
	187  -  MemoryUsage of job (MB)
	190924  -  ResidentSetSize of job (KB)
...
006 (4430510.617.000) 09/08 13:03:26 Image size of job updated: 195476
	187  -  MemoryUsage of job (MB)
	191076  -  ResidentSetSize of job (KB)
...
006 (4430510.617.000) 09/08 13:08:27 Image size of job updated: 195480
	187  -  MemoryUsage of job (MB)
	191076  -  ResidentSetSize of job (KB)
...
006 (4430510.617.000) 09/08 13:13:28 Image size of job updated: 210680
	202  -  MemoryUsage of job (MB)
	206276  -  ResidentSetSize of job (KB)
...
006 (4430510.617.000) 09/08 13:18:29 Image size of job updated: 210684
	202  -  MemoryUsage of job (MB)
	206276  -  ResidentSetSize of job (KB)
...
006 (4430510.617.000) 09/08 13:33:29 Image size of job updated: 218424
	210  -  MemoryUsage of job (MB)
	214024  -  ResidentSetSize of job (KB)
...
006 (4430510.617.000) 09/08 13:38:31 Image size of job updated: 218428
	210  -  MemoryUsage of job (MB)
	214024  -  ResidentSetSize of job (KB)
...
006 (4430510.617.000) 09/08 13:43:31 Image size of job updated: 241440
	232  -  MemoryUsage of job (MB)
	237072  -  ResidentSetSize of job (KB)
...
006 (4430510.617.000) 09/08 13:48:31 Image size of job updated: 241492
	232  -  MemoryUsage of job (MB)
	237084  -  ResidentSetSize of job (KB)
...
006 (4430510.617.000) 09/08 13:58:36 Image size of job updated: 251784
	242  -  MemoryUsage of job (MB)
	247420  -  ResidentSetSize of job (KB)
...
006 (4430510.617.000) 09/08 14:03:35 Image size of job updated: 251840
	242  -  MemoryUsage of job (MB)
	247432  -  ResidentSetSize of job (KB)
...
006 (4430510.617.000) 09/08 14:28:37 Image size of job updated: 253520
	244  -  MemoryUsage of job (MB)
	249156  -  ResidentSetSize of job (KB)
...
006 (4430510.617.000) 09/08 14:33:39 Image size of job updated: 253572
	244  -  MemoryUsage of job (MB)
	249168  -  ResidentSetSize of job (KB)
...
006 (4430510.617.000) 09/08 14:38:40 Image size of job updated: 253576
	244  -  MemoryUsage of job (MB)
	249168  -  ResidentSetSize of job (KB)
...
006 (4430510.617.000) 09/08 14:43:41 Image size of job updated: 254248
	245  -  MemoryUsage of job (MB)
	249932  -  ResidentSetSize of job (KB)
...
006 (4430510.617.000) 09/08 14:48:41 Image size of job updated: 254392
	245  -  MemoryUsage of job (MB)
	249984  -  ResidentSetSize of job (KB)
...
006 (4430510.617.000) 09/08 15:03:41 Image size of job updated: 255968
	246  -  MemoryUsage of job (MB)
	251568  -  ResidentSetSize of job (KB)
...
006 (4430510.617.000) 09/08 15:08:41 Image size of job updated: 255976
	246  -  MemoryUsage of job (MB)
	251568  -  ResidentSetSize of job (KB)
...
006 (4430510.617.000) 09/08 15:18:42 Image size of job updated: 258228
	248  -  MemoryUsage of job (MB)
	253912  -  ResidentSetSize of job (KB)
...
006 (4430510.617.000) 09/08 15:23:43 Image size of job updated: 258372
	249  -  MemoryUsage of job (MB)
	253964  -  ResidentSetSize of job (KB)
...
006 (4430510.617.000) 09/08 15:33:42 Image size of job updated: 261056
	251  -  MemoryUsage of job (MB)
	256692  -  ResidentSetSize of job (KB)
...
006 (4430510.617.000) 09/08 15:38:43 Image size of job updated: 261112
	251  -  MemoryUsage of job (MB)
	256704  -  ResidentSetSize of job (KB)
...
006 (4430510.617.000) 09/08 17:38:55 Image size of job updated: 264724
	251  -  MemoryUsage of job (MB)
	256704  -  ResidentSetSize of job (KB)
...
006 (4430510.617.000) 09/08 17:43:55 Image size of job updated: 264776
	251  -  MemoryUsage of job (MB)
	256704  -  ResidentSetSize of job (KB)
...
006 (4430510.617.000) 09/08 19:09:04 Image size of job updated: 266804
	251  -  MemoryUsage of job (MB)
	256704  -  ResidentSetSize of job (KB)
...
006 (4430510.617.000) 09/08 19:14:04 Image size of job updated: 267536
	251  -  MemoryUsage of job (MB)
	256704  -  ResidentSetSize of job (KB)
...
006 (4430510.617.000) 09/08 19:19:05 Image size of job updated: 267540
	251  -  MemoryUsage of job (MB)
	256704  -  ResidentSetSize of job (KB)
...
006 (4430510.617.000) 09/08 20:34:10 Image size of job updated: 267680
	251  -  MemoryUsage of job (MB)
	256704  -  ResidentSetSize of job (KB)
...
006 (4430510.617.000) 09/08 20:39:12 Image size of job updated: 267732
	251  -  MemoryUsage of job (MB)
	256704  -  ResidentSetSize of job (KB)
...
006 (4430510.617.000) 09/08 21:19:16 Image size of job updated: 268160
	251  -  MemoryUsage of job (MB)
	256704  -  ResidentSetSize of job (KB)
...
006 (4430510.617.000) 09/08 21:24:18 Image size of job updated: 268304
	251  -  MemoryUsage of job (MB)
	256704  -  ResidentSetSize of job (KB)
...
006 (4430510.617.000) 09/08 22:54:30 Image size of job updated: 269048
	251  -  MemoryUsage of job (MB)
	256704  -  ResidentSetSize of job (KB)
...
006 (4430510.617.000) 09/08 22:59:31 Image size of job updated: 269192
	251  -  MemoryUsage of job (MB)
	256704  -  ResidentSetSize of job (KB)
...
006 (4430510.617.000) 09/08 23:34:35 Image size of job updated: 269432
	251  -  MemoryUsage of job (MB)
	256704  -  ResidentSetSize of job (KB)
...
006 (4430510.617.000) 09/08 23:39:34 Image size of job updated: 269484
	251  -  MemoryUsage of job (MB)
	256704  -  ResidentSetSize of job (KB)
...
006 (4430510.617.000) 09/09 01:09:43 Image size of job updated: 271336
	251  -  MemoryUsage of job (MB)
	256704  -  ResidentSetSize of job (KB)
...
006 (4430510.617.000) 09/09 01:14:44 Image size of job updated: 271388
	251  -  MemoryUsage of job (MB)
	256704  -  ResidentSetSize of job (KB)
...
006 (4430510.617.000) 09/09 01:24:44 Image size of job updated: 271392
	251  -  MemoryUsage of job (MB)
	256704  -  ResidentSetSize of job (KB)
...
006 (4430510.617.000) 09/09 01:29:44 Image size of job updated: 271544
	251  -  MemoryUsage of job (MB)
	256704  -  ResidentSetSize of job (KB)
...
006 (4430510.617.000) 09/09 01:34:44 Image size of job updated: 271548
	251  -  MemoryUsage of job (MB)
	256704  -  ResidentSetSize of job (KB)
...
006 (4430510.617.000) 09/09 01:44:45 Image size of job updated: 271840
	251  -  MemoryUsage of job (MB)
	256704  -  ResidentSetSize of job (KB)
...
006 (4430510.617.000) 09/09 01:49:47 Image size of job updated: 271892
	251  -  MemoryUsage of job (MB)
	256704  -  ResidentSetSize of job (KB)
...
006 (4430510.617.000) 09/09 01:59:47 Image size of job updated: 272832
	251  -  MemoryUsage of job (MB)
	256704  -  ResidentSetSize of job (KB)
...
006 (4430510.617.000) 09/09 02:04:48 Image size of job updated: 272884
	251  -  MemoryUsage of job (MB)
	256704  -  ResidentSetSize of job (KB)
...
006 (4430510.617.000) 09/09 02:34:52 Image size of job updated: 273952
	251  -  MemoryUsage of job (MB)
	256704  -  ResidentSetSize of job (KB)
...
006 (4430510.617.000) 09/09 02:39:52 Image size of job updated: 274008
	251  -  MemoryUsage of job (MB)
	256704  -  ResidentSetSize of job (KB)
...
006 (4430510.617.000) 09/09 02:54:54 Image size of job updated: 274616
	251  -  MemoryUsage of job (MB)
	256704  -  ResidentSetSize of job (KB)
...
006 (4430510.617.000) 09/09 02:59:55 Image size of job updated: 274620
	251  -  MemoryUsage of job (MB)
	256704  -  ResidentSetSize of job (KB)
...
006 (4430510.617.000) 09/09 03:09:57 Image size of job updated: 275436
	251  -  MemoryUsage of job (MB)
	256704  -  ResidentSetSize of job (KB)
...
006 (4430510.617.000) 09/09 03:14:57 Image size of job updated: 275492
	251  -  MemoryUsage of job (MB)
	256704  -  ResidentSetSize of job (KB)
...
006 (4430510.617.000) 09/09 03:24:58 Image size of job updated: 275916
	251  -  MemoryUsage of job (MB)
	256704  -  ResidentSetSize of job (KB)
...
006 (4430510.617.000) 09/09 03:30:00 Image size of job updated: 275972
	251  -  MemoryUsage of job (MB)
	256704  -  ResidentSetSize of job (KB)
...
006 (4430510.617.000) 09/09 04:10:03 Image size of job updated: 276644
	251  -  MemoryUsage of job (MB)
	256704  -  ResidentSetSize of job (KB)
...
006 (4430510.617.000) 09/09 04:50:08 Image size of job updated: 277732
	251  -  MemoryUsage of job (MB)
	256704  -  ResidentSetSize of job (KB)
...
006 (4430510.617.000) 09/09 04:55:08 Image size of job updated: 278604
	251  -  MemoryUsage of job (MB)
	256704  -  ResidentSetSize of job (KB)
...
006 (4430510.617.000) 09/09 05:10:11 Image size of job updated: 278844
	251  -  MemoryUsage of job (MB)
	256704  -  ResidentSetSize of job (KB)
...
006 (4430510.617.000) 09/09 05:25:11 Image size of job updated: 278932
	251  -  MemoryUsage of job (MB)
	256704  -  ResidentSetSize of job (KB)
...
006 (4430510.617.000) 09/09 05:30:12 Image size of job updated: 278988
	251  -  MemoryUsage of job (MB)
	256704  -  ResidentSetSize of job (KB)
...
006 (4430510.617.000) 09/09 05:45:15 Image size of job updated: 281344
	251  -  MemoryUsage of job (MB)
	256704  -  ResidentSetSize of job (KB)
...
006 (4430510.617.000) 09/09 05:50:16 Image size of job updated: 281396
	251  -  MemoryUsage of job (MB)
	256704  -  ResidentSetSize of job (KB)
...
006 (4430510.617.000) 09/09 06:50:23 Image size of job updated: 282124
	251  -  MemoryUsage of job (MB)
	256704  -  ResidentSetSize of job (KB)
...
006 (4430510.617.000) 09/09 06:55:23 Image size of job updated: 282180
	251  -  MemoryUsage of job (MB)
	256704  -  ResidentSetSize of job (KB)
...
006 (4430510.617.000) 09/09 07:50:29 Image size of job updated: 282776
	251  -  MemoryUsage of job (MB)
	256704  -  ResidentSetSize of job (KB)
...
006 (4430510.617.000) 09/09 07:55:30 Image size of job updated: 282828
	251  -  MemoryUsage of job (MB)
	256704  -  ResidentSetSize of job (KB)
...
006 (4430510.617.000) 09/09 08:40:36 Image size of job updated: 283464
	251  -  MemoryUsage of job (MB)
	256704  -  ResidentSetSize of job (KB)
...
006 (4430510.617.000) 09/09 08:45:36 Image size of job updated: 283468
	251  -  MemoryUsage of job (MB)
	256704  -  ResidentSetSize of job (KB)
...
006 (4430510.617.000) 09/09 10:25:47 Image size of job updated: 284392
	251  -  MemoryUsage of job (MB)
	256704  -  ResidentSetSize of job (KB)
...
006 (4430510.617.000) 09/09 10:30:48 Image size of job updated: 284396
	251  -  MemoryUsage of job (MB)
	256704  -  ResidentSetSize of job (KB)
...
006 (4430510.617.000) 09/09 10:35:48 Image size of job updated: 284400
	251  -  MemoryUsage of job (MB)
	256704  -  ResidentSetSize of job (KB)
...
005 (4430510.617.000) 09/09 10:38:14 Job terminated.
	(1) Normal termination (return value 0)
		Usr 0 21:21:41, Sys 0 00:05:31  -  Run Remote Usage
		Usr 0 00:00:00, Sys 0 00:00:00  -  Run Local Usage
		Usr 0 21:21:41, Sys 0 00:05:31  -  Total Remote Usage
		Usr 0 00:00:00, Sys 0 00:00:00  -  Total Local Usage
	3533611  -  Run Bytes Sent By Job
	17284  -  Run Bytes Received By Job
	3533611  -  Total Bytes Sent By Job
	17284  -  Total Bytes Received By Job
	Partitionable Resources :    Usage  Request Allocated
	   Cpus                 :                 1         1
	   Disk (KB)            : 21150773 26214400  26714842
	   Ioheavy              :                           1
	   Memory (MB)          :      251      300       300
...
