000 (4430510.102.000) 09/08 09:59:23 Job submitted from host: <128.105.244.190:9618?addrs=128.105.244.190-9618&noUDP&sock=2714685_05e2_3>
...
001 (4430510.102.000) 09/08 11:18:18 Job executing on host: <128.105.245.194:9618?addrs=128.105.245.194-9618+[--1]-9618&noUDP&sock=5505_08ef_3>
...
006 (4430510.102.000) 09/08 11:18:27 Image size of job updated: 476
	1  -  MemoryUsage of job (MB)
	476  -  ResidentSetSize of job (KB)
...
006 (4430510.102.000) 09/08 11:28:29 Image size of job updated: 548
	1  -  MemoryUsage of job (MB)
	548  -  ResidentSetSize of job (KB)
...
006 (4430510.102.000) 09/08 13:08:39 Image size of job updated: 164128
	157  -  MemoryUsage of job (MB)
	159776  -  ResidentSetSize of job (KB)
...
006 (4430510.102.000) 09/08 13:18:40 Image size of job updated: 203352
	195  -  MemoryUsage of job (MB)
	198952  -  ResidentSetSize of job (KB)
...
006 (4430510.102.000) 09/08 13:28:40 Image size of job updated: 211908
	203  -  MemoryUsage of job (MB)
	207508  -  ResidentSetSize of job (KB)
...
006 (4430510.102.000) 09/08 13:38:41 Image size of job updated: 217472
	209  -  MemoryUsage of job (MB)
	213072  -  ResidentSetSize of job (KB)
...
006 (4430510.102.000) 09/08 13:58:41 Image size of job updated: 221420
	212  -  MemoryUsage of job (MB)
	217020  -  ResidentSetSize of job (KB)
...
006 (4430510.102.000) 09/08 14:03:43 Image size of job updated: 221424
	212  -  MemoryUsage of job (MB)
	217020  -  ResidentSetSize of job (KB)
...
006 (4430510.102.000) 09/08 14:08:43 Image size of job updated: 242312
	233  -  MemoryUsage of job (MB)
	237912  -  ResidentSetSize of job (KB)
...
006 (4430510.102.000) 09/08 14:13:43 Image size of job updated: 242316
	233  -  MemoryUsage of job (MB)
	237912  -  ResidentSetSize of job (KB)
...
006 (4430510.102.000) 09/08 14:23:45 Image size of job updated: 248780
	239  -  MemoryUsage of job (MB)
	244416  -  ResidentSetSize of job (KB)
...
006 (4430510.102.000) 09/08 14:28:45 Image size of job updated: 248832
	239  -  MemoryUsage of job (MB)
	244428  -  ResidentSetSize of job (KB)
...
006 (4430510.102.000) 09/08 14:38:45 Image size of job updated: 251004
	241  -  MemoryUsage of job (MB)
	246608  -  ResidentSetSize of job (KB)
...
006 (4430510.102.000) 09/08 14:43:45 Image size of job updated: 251012
	241  -  MemoryUsage of job (MB)
	246608  -  ResidentSetSize of job (KB)
...
006 (4430510.102.000) 09/08 14:53:45 Image size of job updated: 253164
	243  -  MemoryUsage of job (MB)
	248768  -  ResidentSetSize of job (KB)
...
006 (4430510.102.000) 09/08 14:58:47 Image size of job updated: 253172
	243  -  MemoryUsage of job (MB)
	248768  -  ResidentSetSize of job (KB)
...
006 (4430510.102.000) 09/08 15:08:47 Image size of job updated: 253788
	244  -  MemoryUsage of job (MB)
	249428  -  ResidentSetSize of job (KB)
...
006 (4430510.102.000) 09/08 15:13:48 Image size of job updated: 253844
	244  -  MemoryUsage of job (MB)
	249440  -  ResidentSetSize of job (KB)
...
006 (4430510.102.000) 09/08 15:43:50 Image size of job updated: 257272
	247  -  MemoryUsage of job (MB)
	252912  -  ResidentSetSize of job (KB)
...
006 (4430510.102.000) 09/08 15:48:50 Image size of job updated: 257328
	247  -  MemoryUsage of job (MB)
	252924  -  ResidentSetSize of job (KB)
...
006 (4430510.102.000) 09/08 15:58:51 Image size of job updated: 262116
	252  -  MemoryUsage of job (MB)
	257804  -  ResidentSetSize of job (KB)
...
006 (4430510.102.000) 09/08 16:03:51 Image size of job updated: 262260
	252  -  MemoryUsage of job (MB)
	257856  -  ResidentSetSize of job (KB)
...
006 (4430510.102.000) 09/08 16:08:52 Image size of job updated: 262264
	252  -  MemoryUsage of job (MB)
	257856  -  ResidentSetSize of job (KB)
...
006 (4430510.102.000) 09/08 17:44:03 Image size of job updated: 262692
	252  -  MemoryUsage of job (MB)
	257856  -  ResidentSetSize of job (KB)
...
006 (4430510.102.000) 09/08 17:49:03 Image size of job updated: 262748
	252  -  MemoryUsage of job (MB)
	257856  -  ResidentSetSize of job (KB)
...
006 (4430510.102.000) 09/08 18:54:11 Image size of job updated: 264340
	252  -  MemoryUsage of job (MB)
	257856  -  ResidentSetSize of job (KB)
...
006 (4430510.102.000) 09/08 18:59:12 Image size of job updated: 264392
	252  -  MemoryUsage of job (MB)
	257856  -  ResidentSetSize of job (KB)
...
006 (4430510.102.000) 09/08 19:14:14 Image size of job updated: 266252
	252  -  MemoryUsage of job (MB)
	257856  -  ResidentSetSize of job (KB)
...
006 (4430510.102.000) 09/08 19:19:14 Image size of job updated: 266256
	252  -  MemoryUsage of job (MB)
	257856  -  ResidentSetSize of job (KB)
...
006 (4430510.102.000) 09/08 19:29:14 Image size of job updated: 267264
	252  -  MemoryUsage of job (MB)
	257856  -  ResidentSetSize of job (KB)
...
006 (4430510.102.000) 09/08 19:34:15 Image size of job updated: 267272
	252  -  MemoryUsage of job (MB)
	257856  -  ResidentSetSize of job (KB)
...
006 (4430510.102.000) 09/08 20:14:20 Image size of job updated: 268584
	252  -  MemoryUsage of job (MB)
	257856  -  ResidentSetSize of job (KB)
...
006 (4430510.102.000) 09/08 20:19:20 Image size of job updated: 268592
	252  -  MemoryUsage of job (MB)
	257856  -  ResidentSetSize of job (KB)
...
006 (4430510.102.000) 09/08 20:29:22 Image size of job updated: 268832
	252  -  MemoryUsage of job (MB)
	257856  -  ResidentSetSize of job (KB)
...
006 (4430510.102.000) 09/08 20:34:22 Image size of job updated: 268840
	252  -  MemoryUsage of job (MB)
	257856  -  ResidentSetSize of job (KB)
...
006 (4430510.102.000) 09/08 21:14:24 Image size of job updated: 269664
	252  -  MemoryUsage of job (MB)
	257856  -  ResidentSetSize of job (KB)
...
006 (4430510.102.000) 09/08 21:59:30 Image size of job updated: 270104
	252  -  MemoryUsage of job (MB)
	257856  -  ResidentSetSize of job (KB)
...
006 (4430510.102.000) 09/08 22:04:30 Image size of job updated: 270244
	252  -  MemoryUsage of job (MB)
	257856  -  ResidentSetSize of job (KB)
...
006 (4430510.102.000) 09/08 22:39:34 Image size of job updated: 272380
	252  -  MemoryUsage of job (MB)
	257856  -  ResidentSetSize of job (KB)
...
006 (4430510.102.000) 09/08 22:44:34 Image size of job updated: 272388
	252  -  MemoryUsage of job (MB)
	257856  -  ResidentSetSize of job (KB)
...
006 (4430510.102.000) 09/08 23:14:40 Image size of job updated: 272512
	252  -  MemoryUsage of job (MB)
	257856  -  ResidentSetSize of job (KB)
...
006 (4430510.102.000) 09/08 23:19:40 Image size of job updated: 272564
	252  -  MemoryUsage of job (MB)
	257856  -  ResidentSetSize of job (KB)
...
006 (4430510.102.000) 09/08 23:24:40 Image size of job updated: 272568
	252  -  MemoryUsage of job (MB)
	257856  -  ResidentSetSize of job (KB)
...
006 (4430510.102.000) 09/08 23:34:42 Image size of job updated: 273648
	252  -  MemoryUsage of job (MB)
	257856  -  ResidentSetSize of job (KB)
...
006 (4430510.102.000) 09/08 23:39:42 Image size of job updated: 273700
	252  -  MemoryUsage of job (MB)
	257856  -  ResidentSetSize of job (KB)
...
006 (4430510.102.000) 09/09 03:00:04 Image size of job updated: 274268
	252  -  MemoryUsage of job (MB)
	257856  -  ResidentSetSize of job (KB)
...
006 (4430510.102.000) 09/09 03:05:04 Image size of job updated: 274320
	252  -  MemoryUsage of job (MB)
	257856  -  ResidentSetSize of job (KB)
...
006 (4430510.102.000) 09/09 03:15:05 Image size of job updated: 275580
	252  -  MemoryUsage of job (MB)
	257856  -  ResidentSetSize of job (KB)
...
006 (4430510.102.000) 09/09 03:20:05 Image size of job updated: 275632
	252  -  MemoryUsage of job (MB)
	257856  -  ResidentSetSize of job (KB)
...
006 (4430510.102.000) 09/09 03:25:06 Image size of job updated: 275636
	252  -  MemoryUsage of job (MB)
	257856  -  ResidentSetSize of job (KB)
...
006 (4430510.102.000) 09/09 03:30:07 Image size of job updated: 277320
	252  -  MemoryUsage of job (MB)
	257856  -  ResidentSetSize of job (KB)
...
006 (4430510.102.000) 09/09 03:35:07 Image size of job updated: 277464
	252  -  MemoryUsage of job (MB)
	257856  -  ResidentSetSize of job (KB)
...
006 (4430510.102.000) 09/09 06:40:28 Image size of job updated: 277728
	252  -  MemoryUsage of job (MB)
	257856  -  ResidentSetSize of job (KB)
...
006 (4430510.102.000) 09/09 06:45:29 Image size of job updated: 277780
	252  -  MemoryUsage of job (MB)
	257856  -  ResidentSetSize of job (KB)
...
006 (4430510.102.000) 09/09 07:00:30 Image size of job updated: 278928
	252  -  MemoryUsage of job (MB)
	257856  -  ResidentSetSize of job (KB)
...
006 (4430510.102.000) 09/09 07:05:30 Image size of job updated: 278932
	252  -  MemoryUsage of job (MB)
	257856  -  ResidentSetSize of job (KB)
...
006 (4430510.102.000) 09/09 07:20:32 Image size of job updated: 278996
	252  -  MemoryUsage of job (MB)
	257856  -  ResidentSetSize of job (KB)
...
006 (4430510.102.000) 09/09 07:35:35 Image size of job updated: 279132
	252  -  MemoryUsage of job (MB)
	257856  -  ResidentSetSize of job (KB)
...
006 (4430510.102.000) 09/09 08:10:39 Image size of job updated: 281128
	252  -  MemoryUsage of job (MB)
	257856  -  ResidentSetSize of job (KB)
...
006 (4430510.102.000) 09/09 08:15:39 Image size of job updated: 281132
	252  -  MemoryUsage of job (MB)
	257856  -  ResidentSetSize of job (KB)
...
006 (4430510.102.000) 09/09 09:00:45 Image size of job updated: 281696
	252  -  MemoryUsage of job (MB)
	257856  -  ResidentSetSize of job (KB)
...
006 (4430510.102.000) 09/09 09:05:46 Image size of job updated: 281748
	252  -  MemoryUsage of job (MB)
	257856  -  ResidentSetSize of job (KB)
...
006 (4430510.102.000) 09/09 09:30:49 Image size of job updated: 282296
	252  -  MemoryUsage of job (MB)
	257856  -  ResidentSetSize of job (KB)
...
006 (4430510.102.000) 09/09 09:35:49 Image size of job updated: 282436
	252  -  MemoryUsage of job (MB)
	257856  -  ResidentSetSize of job (KB)
...
006 (4430510.102.000) 09/09 09:45:51 Image size of job updated: 282440
	252  -  MemoryUsage of job (MB)
	257856  -  ResidentSetSize of job (KB)
...
005 (4430510.102.000) 09/09 11:33:47 Job terminated.
	(1) Normal termination (return value 0)
		Usr 0 21:50:35, Sys 0 00:05:35  -  Run Remote Usage
		Usr 0 00:00:00, Sys 0 00:00:00  -  Run Local Usage
		Usr 0 21:50:35, Sys 0 00:05:35  -  Total Remote Usage
		Usr 0 00:00:00, Sys 0 00:00:00  -  Total Local Usage
	3535570  -  Run Bytes Sent By Job
	17284  -  Run Bytes Received By Job
	3535570  -  Total Bytes Sent By Job
	17284  -  Total Bytes Received By Job
	Partitionable Resources :    Usage  Request Allocated
	   Cpus                 :                 1         1
	   Disk (KB)            : 22165212 26214400  27494430
	   Ioheavy              :                           1
	   Memory (MB)          :      252      300       300
...
