000 (4430510.194.000) 09/08 09:59:23 Job submitted from host: <128.105.244.190:9618?addrs=128.105.244.190-9618&noUDP&sock=2714685_05e2_3>
...
001 (4430510.194.000) 09/08 11:22:17 Job executing on host: <128.105.245.181:9618?addrs=128.105.245.181-9618+[--1]-9618&noUDP&sock=5576_31a8_3>
...
006 (4430510.194.000) 09/08 11:22:25 Image size of job updated: 476
	1  -  MemoryUsage of job (MB)
	476  -  ResidentSetSize of job (KB)
...
006 (4430510.194.000) 09/08 11:32:27 Image size of job updated: 548
	1  -  MemoryUsage of job (MB)
	548  -  ResidentSetSize of job (KB)
...
006 (4430510.194.000) 09/08 12:42:33 Image size of job updated: 164624
	157  -  MemoryUsage of job (MB)
	160272  -  ResidentSetSize of job (KB)
...
006 (4430510.194.000) 09/08 12:47:35 Image size of job updated: 193708
	185  -  MemoryUsage of job (MB)
	189392  -  ResidentSetSize of job (KB)
...
006 (4430510.194.000) 09/08 12:52:36 Image size of job updated: 193764
	185  -  MemoryUsage of job (MB)
	189404  -  ResidentSetSize of job (KB)
...
006 (4430510.194.000) 09/08 12:57:36 Image size of job updated: 205268
	197  -  MemoryUsage of job (MB)
	200912  -  ResidentSetSize of job (KB)
...
006 (4430510.194.000) 09/08 13:07:37 Image size of job updated: 207304
	199  -  MemoryUsage of job (MB)
	202944  -  ResidentSetSize of job (KB)
...
006 (4430510.194.000) 09/08 13:17:39 Image size of job updated: 212332
	204  -  MemoryUsage of job (MB)
	207972  -  ResidentSetSize of job (KB)
...
006 (4430510.194.000) 09/08 13:22:40 Image size of job updated: 214964
	206  -  MemoryUsage of job (MB)
	210648  -  ResidentSetSize of job (KB)
...
006 (4430510.194.000) 09/08 13:27:40 Image size of job updated: 215016
	206  -  MemoryUsage of job (MB)
	210660  -  ResidentSetSize of job (KB)
...
006 (4430510.194.000) 09/08 13:32:40 Image size of job updated: 242968
	234  -  MemoryUsage of job (MB)
	238696  -  ResidentSetSize of job (KB)
...
006 (4430510.194.000) 09/08 13:37:40 Image size of job updated: 243112
	234  -  MemoryUsage of job (MB)
	238748  -  ResidentSetSize of job (KB)
...
006 (4430510.194.000) 09/08 13:52:41 Image size of job updated: 251400
	242  -  MemoryUsage of job (MB)
	247040  -  ResidentSetSize of job (KB)
...
006 (4430510.194.000) 09/08 13:57:43 Image size of job updated: 251404
	242  -  MemoryUsage of job (MB)
	247040  -  ResidentSetSize of job (KB)
...
006 (4430510.194.000) 09/08 14:02:43 Image size of job updated: 253320
	244  -  MemoryUsage of job (MB)
	249000  -  ResidentSetSize of job (KB)
...
006 (4430510.194.000) 09/08 14:07:43 Image size of job updated: 253376
	244  -  MemoryUsage of job (MB)
	249012  -  ResidentSetSize of job (KB)
...
006 (4430510.194.000) 09/08 14:12:43 Image size of job updated: 253380
	244  -  MemoryUsage of job (MB)
	249012  -  ResidentSetSize of job (KB)
...
006 (4430510.194.000) 09/08 14:22:45 Image size of job updated: 255820
	246  -  MemoryUsage of job (MB)
	251464  -  ResidentSetSize of job (KB)
...
006 (4430510.194.000) 09/08 14:27:46 Image size of job updated: 255824
	246  -  MemoryUsage of job (MB)
	251464  -  ResidentSetSize of job (KB)
...
006 (4430510.194.000) 09/08 14:37:46 Image size of job updated: 257236
	247  -  MemoryUsage of job (MB)
	252876  -  ResidentSetSize of job (KB)
...
006 (4430510.194.000) 09/08 14:42:46 Image size of job updated: 257240
	247  -  MemoryUsage of job (MB)
	252876  -  ResidentSetSize of job (KB)
...
006 (4430510.194.000) 09/08 14:52:48 Image size of job updated: 258216
	248  -  MemoryUsage of job (MB)
	253856  -  ResidentSetSize of job (KB)
...
006 (4430510.194.000) 09/08 14:57:48 Image size of job updated: 258220
	248  -  MemoryUsage of job (MB)
	253856  -  ResidentSetSize of job (KB)
...
006 (4430510.194.000) 09/08 15:02:48 Image size of job updated: 259320
	250  -  MemoryUsage of job (MB)
	254996  -  ResidentSetSize of job (KB)
...
006 (4430510.194.000) 09/08 15:07:49 Image size of job updated: 259372
	250  -  MemoryUsage of job (MB)
	255008  -  ResidentSetSize of job (KB)
...
006 (4430510.194.000) 09/08 15:12:50 Image size of job updated: 259376
	250  -  MemoryUsage of job (MB)
	255008  -  ResidentSetSize of job (KB)
...
006 (4430510.194.000) 09/08 15:17:50 Image size of job updated: 260904
	251  -  MemoryUsage of job (MB)
	256584  -  ResidentSetSize of job (KB)
...
006 (4430510.194.000) 09/08 15:22:50 Image size of job updated: 260960
	251  -  MemoryUsage of job (MB)
	256596  -  ResidentSetSize of job (KB)
...
006 (4430510.194.000) 09/08 15:37:53 Image size of job updated: 261804
	252  -  MemoryUsage of job (MB)
	257448  -  ResidentSetSize of job (KB)
...
006 (4430510.194.000) 09/08 15:42:53 Image size of job updated: 261812
	252  -  MemoryUsage of job (MB)
	257448  -  ResidentSetSize of job (KB)
...
006 (4430510.194.000) 09/08 16:47:58 Image size of job updated: 261956
	252  -  MemoryUsage of job (MB)
	257636  -  ResidentSetSize of job (KB)
...
006 (4430510.194.000) 09/08 16:52:58 Image size of job updated: 262012
	252  -  MemoryUsage of job (MB)
	257648  -  ResidentSetSize of job (KB)
...
006 (4430510.194.000) 09/08 17:02:59 Image size of job updated: 263088
	253  -  MemoryUsage of job (MB)
	258768  -  ResidentSetSize of job (KB)
...
006 (4430510.194.000) 09/08 17:08:00 Image size of job updated: 263140
	253  -  MemoryUsage of job (MB)
	258780  -  ResidentSetSize of job (KB)
...
006 (4430510.194.000) 09/08 17:13:00 Image size of job updated: 263144
	253  -  MemoryUsage of job (MB)
	258780  -  ResidentSetSize of job (KB)
...
006 (4430510.194.000) 09/08 17:18:00 Image size of job updated: 263964
	254  -  MemoryUsage of job (MB)
	259600  -  ResidentSetSize of job (KB)
...
006 (4430510.194.000) 09/08 17:53:04 Image size of job updated: 264336
	254  -  MemoryUsage of job (MB)
	260016  -  ResidentSetSize of job (KB)
...
006 (4430510.194.000) 09/08 17:58:05 Image size of job updated: 264388
	254  -  MemoryUsage of job (MB)
	260028  -  ResidentSetSize of job (KB)
...
006 (4430510.194.000) 09/08 18:03:05 Image size of job updated: 264392
	254  -  MemoryUsage of job (MB)
	260028  -  ResidentSetSize of job (KB)
...
006 (4430510.194.000) 09/08 18:13:06 Image size of job updated: 264816
	255  -  MemoryUsage of job (MB)
	260452  -  ResidentSetSize of job (KB)
...
006 (4430510.194.000) 09/08 18:23:07 Image size of job updated: 265536
	256  -  MemoryUsage of job (MB)
	261168  -  ResidentSetSize of job (KB)
...
006 (4430510.194.000) 09/08 18:28:07 Image size of job updated: 266420
	256  -  MemoryUsage of job (MB)
	262060  -  ResidentSetSize of job (KB)
...
006 (4430510.194.000) 09/08 18:33:08 Image size of job updated: 266424
	256  -  MemoryUsage of job (MB)
	262060  -  ResidentSetSize of job (KB)
...
006 (4430510.194.000) 09/08 19:03:11 Image size of job updated: 267272
	257  -  MemoryUsage of job (MB)
	262948  -  ResidentSetSize of job (KB)
...
006 (4430510.194.000) 09/08 19:08:11 Image size of job updated: 267324
	257  -  MemoryUsage of job (MB)
	262960  -  ResidentSetSize of job (KB)
...
006 (4430510.194.000) 09/08 19:18:12 Image size of job updated: 267360
	257  -  MemoryUsage of job (MB)
	262960  -  ResidentSetSize of job (KB)
...
006 (4430510.194.000) 09/08 19:23:12 Image size of job updated: 267416
	257  -  MemoryUsage of job (MB)
	262960  -  ResidentSetSize of job (KB)
...
006 (4430510.194.000) 09/08 19:38:13 Image size of job updated: 268088
	258  -  MemoryUsage of job (MB)
	263572  -  ResidentSetSize of job (KB)
...
006 (4430510.194.000) 09/08 19:43:15 Image size of job updated: 268140
	258  -  MemoryUsage of job (MB)
	263584  -  ResidentSetSize of job (KB)
...
006 (4430510.194.000) 09/08 19:53:15 Image size of job updated: 268584
	258  -  MemoryUsage of job (MB)
	264072  -  ResidentSetSize of job (KB)
...
006 (4430510.194.000) 09/08 19:58:15 Image size of job updated: 268636
	258  -  MemoryUsage of job (MB)
	264084  -  ResidentSetSize of job (KB)
...
006 (4430510.194.000) 09/08 20:03:17 Image size of job updated: 268640
	258  -  MemoryUsage of job (MB)
	264084  -  ResidentSetSize of job (KB)
...
006 (4430510.194.000) 09/08 20:08:17 Image size of job updated: 268776
	259  -  MemoryUsage of job (MB)
	264220  -  ResidentSetSize of job (KB)
...
006 (4430510.194.000) 09/08 20:18:17 Image size of job updated: 269004
	259  -  MemoryUsage of job (MB)
	264448  -  ResidentSetSize of job (KB)
...
006 (4430510.194.000) 09/08 20:38:19 Image size of job updated: 269500
	259  -  MemoryUsage of job (MB)
	264948  -  ResidentSetSize of job (KB)
...
006 (4430510.194.000) 09/08 20:43:20 Image size of job updated: 269504
	259  -  MemoryUsage of job (MB)
	264948  -  ResidentSetSize of job (KB)
...
006 (4430510.194.000) 09/08 20:53:22 Image size of job updated: 271852
	262  -  MemoryUsage of job (MB)
	267336  -  ResidentSetSize of job (KB)
...
006 (4430510.194.000) 09/08 20:58:22 Image size of job updated: 271904
	262  -  MemoryUsage of job (MB)
	267348  -  ResidentSetSize of job (KB)
...
006 (4430510.194.000) 09/08 21:53:29 Image size of job updated: 272268
	262  -  MemoryUsage of job (MB)
	267348  -  ResidentSetSize of job (KB)
...
006 (4430510.194.000) 09/08 21:58:29 Image size of job updated: 272276
	262  -  MemoryUsage of job (MB)
	267348  -  ResidentSetSize of job (KB)
...
006 (4430510.194.000) 09/08 23:18:38 Image size of job updated: 273776
	262  -  MemoryUsage of job (MB)
	267348  -  ResidentSetSize of job (KB)
...
006 (4430510.194.000) 09/08 23:23:40 Image size of job updated: 273780
	262  -  MemoryUsage of job (MB)
	267348  -  ResidentSetSize of job (KB)
...
006 (4430510.194.000) 09/09 01:43:55 Image size of job updated: 274268
	262  -  MemoryUsage of job (MB)
	267348  -  ResidentSetSize of job (KB)
...
006 (4430510.194.000) 09/09 01:48:55 Image size of job updated: 274320
	262  -  MemoryUsage of job (MB)
	267348  -  ResidentSetSize of job (KB)
...
006 (4430510.194.000) 09/09 02:03:57 Image size of job updated: 275408
	262  -  MemoryUsage of job (MB)
	267348  -  ResidentSetSize of job (KB)
...
006 (4430510.194.000) 09/09 02:08:57 Image size of job updated: 275420
	262  -  MemoryUsage of job (MB)
	267348  -  ResidentSetSize of job (KB)
...
006 (4430510.194.000) 09/09 02:18:58 Image size of job updated: 276328
	262  -  MemoryUsage of job (MB)
	267348  -  ResidentSetSize of job (KB)
...
006 (4430510.194.000) 09/09 02:23:58 Image size of job updated: 276380
	262  -  MemoryUsage of job (MB)
	267348  -  ResidentSetSize of job (KB)
...
006 (4430510.194.000) 09/09 02:28:59 Image size of job updated: 276384
	262  -  MemoryUsage of job (MB)
	267348  -  ResidentSetSize of job (KB)
...
006 (4430510.194.000) 09/09 02:33:59 Image size of job updated: 277064
	262  -  MemoryUsage of job (MB)
	267348  -  ResidentSetSize of job (KB)
...
006 (4430510.194.000) 09/09 02:39:00 Image size of job updated: 277116
	262  -  MemoryUsage of job (MB)
	267348  -  ResidentSetSize of job (KB)
...
006 (4430510.194.000) 09/09 03:09:03 Image size of job updated: 277556
	262  -  MemoryUsage of job (MB)
	267348  -  ResidentSetSize of job (KB)
...
006 (4430510.194.000) 09/09 03:14:04 Image size of job updated: 277608
	262  -  MemoryUsage of job (MB)
	267348  -  ResidentSetSize of job (KB)
...
006 (4430510.194.000) 09/09 03:59:08 Image size of job updated: 277736
	262  -  MemoryUsage of job (MB)
	267348  -  ResidentSetSize of job (KB)
...
006 (4430510.194.000) 09/09 04:04:08 Image size of job updated: 277788
	262  -  MemoryUsage of job (MB)
	267348  -  ResidentSetSize of job (KB)
...
006 (4430510.194.000) 09/09 04:09:08 Image size of job updated: 277792
	262  -  MemoryUsage of job (MB)
	267348  -  ResidentSetSize of job (KB)
...
006 (4430510.194.000) 09/09 04:14:09 Image size of job updated: 279324
	262  -  MemoryUsage of job (MB)
	267348  -  ResidentSetSize of job (KB)
...
006 (4430510.194.000) 09/09 04:19:09 Image size of job updated: 279376
	262  -  MemoryUsage of job (MB)
	267348  -  ResidentSetSize of job (KB)
...
006 (4430510.194.000) 09/09 05:19:14 Image size of job updated: 279880
	262  -  MemoryUsage of job (MB)
	267348  -  ResidentSetSize of job (KB)
...
006 (4430510.194.000) 09/09 05:24:14 Image size of job updated: 280024
	262  -  MemoryUsage of job (MB)
	267348  -  ResidentSetSize of job (KB)
...
006 (4430510.194.000) 09/09 05:59:17 Image size of job updated: 280532
	262  -  MemoryUsage of job (MB)
	267348  -  ResidentSetSize of job (KB)
...
006 (4430510.194.000) 09/09 06:04:18 Image size of job updated: 280544
	262  -  MemoryUsage of job (MB)
	267348  -  ResidentSetSize of job (KB)
...
006 (4430510.194.000) 09/09 06:14:19 Image size of job updated: 280764
	262  -  MemoryUsage of job (MB)
	267348  -  ResidentSetSize of job (KB)
...
006 (4430510.194.000) 09/09 06:19:20 Image size of job updated: 280816
	262  -  MemoryUsage of job (MB)
	267348  -  ResidentSetSize of job (KB)
...
006 (4430510.194.000) 09/09 06:49:23 Image size of job updated: 281724
	262  -  MemoryUsage of job (MB)
	267348  -  ResidentSetSize of job (KB)
...
006 (4430510.194.000) 09/09 07:44:28 Image size of job updated: 281812
	262  -  MemoryUsage of job (MB)
	267348  -  ResidentSetSize of job (KB)
...
006 (4430510.194.000) 09/09 07:49:28 Image size of job updated: 281864
	262  -  MemoryUsage of job (MB)
	267348  -  ResidentSetSize of job (KB)
...
006 (4430510.194.000) 09/09 07:59:30 Image size of job updated: 282164
	262  -  MemoryUsage of job (MB)
	267348  -  ResidentSetSize of job (KB)
...
006 (4430510.194.000) 09/09 08:04:30 Image size of job updated: 282216
	262  -  MemoryUsage of job (MB)
	267348  -  ResidentSetSize of job (KB)
...
006 (4430510.194.000) 09/09 08:29:32 Image size of job updated: 282264
	262  -  MemoryUsage of job (MB)
	267348  -  ResidentSetSize of job (KB)
...
006 (4430510.194.000) 09/09 08:34:32 Image size of job updated: 282408
	262  -  MemoryUsage of job (MB)
	267348  -  ResidentSetSize of job (KB)
...
006 (4430510.194.000) 09/09 08:44:33 Image size of job updated: 282960
	262  -  MemoryUsage of job (MB)
	267348  -  ResidentSetSize of job (KB)
...
006 (4430510.194.000) 09/09 08:49:33 Image size of job updated: 283012
	262  -  MemoryUsage of job (MB)
	267348  -  ResidentSetSize of job (KB)
...
006 (4430510.194.000) 09/09 09:29:37 Image size of job updated: 283512
	262  -  MemoryUsage of job (MB)
	267348  -  ResidentSetSize of job (KB)
...
006 (4430510.194.000) 09/09 09:34:38 Image size of job updated: 283752
	262  -  MemoryUsage of job (MB)
	267348  -  ResidentSetSize of job (KB)
...
005 (4430510.194.000) 09/09 09:44:18 Job terminated.
	(1) Normal termination (return value 0)
		Usr 0 20:33:38, Sys 0 00:05:02  -  Run Remote Usage
		Usr 0 00:00:00, Sys 0 00:00:00  -  Run Local Usage
		Usr 0 20:33:38, Sys 0 00:05:02  -  Total Remote Usage
		Usr 0 00:00:00, Sys 0 00:00:00  -  Total Local Usage
	3539197  -  Run Bytes Sent By Job
	17284  -  Run Bytes Received By Job
	3539197  -  Total Bytes Sent By Job
	17284  -  Total Bytes Received By Job
	Partitionable Resources :    Usage  Request Allocated
	   Cpus                 :                 1         1
	   Disk (KB)            : 21695745 26214400  28043565
	   Ioheavy              :                           1
	   Memory (MB)          :      262      300       300
...
