000 (4430510.972.000) 09/08 09:59:23 Job submitted from host: <128.105.244.190:9618?addrs=128.105.244.190-9618&noUDP&sock=2714685_05e2_3>
...
001 (4430510.972.000) 09/09 00:07:15 Job executing on host: <128.105.245.24:9618?addrs=128.105.245.24-9618+[--1]-9618&noUDP&sock=5353_f78f_3>
...
006 (4430510.972.000) 09/09 00:07:24 Image size of job updated: 508
	1  -  MemoryUsage of job (MB)
	476  -  ResidentSetSize of job (KB)
...
006 (4430510.972.000) 09/09 00:12:25 Image size of job updated: 700
	1  -  MemoryUsage of job (MB)
	552  -  ResidentSetSize of job (KB)
...
006 (4430510.972.000) 09/09 00:31:15 Image size of job updated: 151860
	145  -  MemoryUsage of job (MB)
	147480  -  ResidentSetSize of job (KB)
...
006 (4430510.972.000) 09/09 00:36:59 Image size of job updated: 200728
	192  -  MemoryUsage of job (MB)
	196348  -  ResidentSetSize of job (KB)
...
006 (4430510.972.000) 09/09 00:41:52 Image size of job updated: 200736
	192  -  MemoryUsage of job (MB)
	196348  -  ResidentSetSize of job (KB)
...
006 (4430510.972.000) 09/09 00:56:51 Image size of job updated: 212572
	204  -  MemoryUsage of job (MB)
	208276  -  ResidentSetSize of job (KB)
...
006 (4430510.972.000) 09/09 01:01:51 Image size of job updated: 212720
	204  -  MemoryUsage of job (MB)
	208332  -  ResidentSetSize of job (KB)
...
006 (4430510.972.000) 09/09 01:36:55 Image size of job updated: 238292
	230  -  MemoryUsage of job (MB)
	234644  -  ResidentSetSize of job (KB)
...
006 (4430510.972.000) 09/09 02:26:57 Image size of job updated: 242868
	234  -  MemoryUsage of job (MB)
	239212  -  ResidentSetSize of job (KB)
...
006 (4430510.972.000) 09/09 02:41:59 Image size of job updated: 256436
	247  -  MemoryUsage of job (MB)
	252824  -  ResidentSetSize of job (KB)
...
006 (4430510.972.000) 09/09 02:46:59 Image size of job updated: 256496
	247  -  MemoryUsage of job (MB)
	252844  -  ResidentSetSize of job (KB)
...
006 (4430510.972.000) 09/09 03:37:04 Image size of job updated: 258928
	250  -  MemoryUsage of job (MB)
	255316  -  ResidentSetSize of job (KB)
...
006 (4430510.972.000) 09/09 03:42:06 Image size of job updated: 258988
	250  -  MemoryUsage of job (MB)
	255336  -  ResidentSetSize of job (KB)
...
006 (4430510.972.000) 09/09 03:57:08 Image size of job updated: 260836
	252  -  MemoryUsage of job (MB)
	257184  -  ResidentSetSize of job (KB)
...
006 (4430510.972.000) 09/09 05:32:18 Image size of job updated: 263008
	254  -  MemoryUsage of job (MB)
	259452  -  ResidentSetSize of job (KB)
...
006 (4430510.972.000) 09/09 05:37:19 Image size of job updated: 263100
	254  -  MemoryUsage of job (MB)
	259508  -  ResidentSetSize of job (KB)
...
006 (4430510.972.000) 09/09 06:02:59 Image size of job updated: 263808
	255  -  MemoryUsage of job (MB)
	260160  -  ResidentSetSize of job (KB)
...
006 (4430510.972.000) 09/09 08:01:27 Image size of job updated: 263808
	255  -  MemoryUsage of job (MB)
	260448  -  ResidentSetSize of job (KB)
...
006 (4430510.972.000) 09/09 08:41:32 Image size of job updated: 266848
	258  -  MemoryUsage of job (MB)
	263204  -  ResidentSetSize of job (KB)
...
006 (4430510.972.000) 09/09 08:46:33 Image size of job updated: 266852
	258  -  MemoryUsage of job (MB)
	263204  -  ResidentSetSize of job (KB)
...
006 (4430510.972.000) 09/09 09:21:36 Image size of job updated: 267200
	258  -  MemoryUsage of job (MB)
	263592  -  ResidentSetSize of job (KB)
...
006 (4430510.972.000) 09/09 09:26:37 Image size of job updated: 267260
	258  -  MemoryUsage of job (MB)
	263612  -  ResidentSetSize of job (KB)
...
006 (4430510.972.000) 09/09 09:41:38 Image size of job updated: 267620
	258  -  MemoryUsage of job (MB)
	263972  -  ResidentSetSize of job (KB)
...
006 (4430510.972.000) 09/09 10:56:50 Image size of job updated: 271128
	262  -  MemoryUsage of job (MB)
	267480  -  ResidentSetSize of job (KB)
...
006 (4430510.972.000) 09/09 11:01:47 Image size of job updated: 271132
	262  -  MemoryUsage of job (MB)
	267480  -  ResidentSetSize of job (KB)
...
006 (4430510.972.000) 09/09 11:51:52 Image size of job updated: 272796
	263  -  MemoryUsage of job (MB)
	269188  -  ResidentSetSize of job (KB)
...
006 (4430510.972.000) 09/09 11:56:53 Image size of job updated: 272856
	263  -  MemoryUsage of job (MB)
	269208  -  ResidentSetSize of job (KB)
...
006 (4430510.972.000) 09/09 14:07:05 Image size of job updated: 273272
	264  -  MemoryUsage of job (MB)
	269664  -  ResidentSetSize of job (KB)
...
006 (4430510.972.000) 09/09 14:12:05 Image size of job updated: 273332
	264  -  MemoryUsage of job (MB)
	269684  -  ResidentSetSize of job (KB)
...
006 (4430510.972.000) 09/09 15:32:11 Image size of job updated: 275248
	266  -  MemoryUsage of job (MB)
	271596  -  ResidentSetSize of job (KB)
...
006 (4430510.972.000) 09/09 15:37:12 Image size of job updated: 276044
	267  -  MemoryUsage of job (MB)
	272392  -  ResidentSetSize of job (KB)
...
006 (4430510.972.000) 09/09 17:17:23 Image size of job updated: 276676
	267  -  MemoryUsage of job (MB)
	273032  -  ResidentSetSize of job (KB)
...
006 (4430510.972.000) 09/09 17:22:23 Image size of job updated: 276680
	267  -  MemoryUsage of job (MB)
	273032  -  ResidentSetSize of job (KB)
...
006 (4430510.972.000) 09/09 17:27:24 Image size of job updated: 277544
	268  -  MemoryUsage of job (MB)
	273892  -  ResidentSetSize of job (KB)
...
006 (4430510.972.000) 09/09 18:52:31 Image size of job updated: 278880
	269  -  MemoryUsage of job (MB)
	275272  -  ResidentSetSize of job (KB)
...
006 (4430510.972.000) 09/09 18:57:31 Image size of job updated: 278940
	269  -  MemoryUsage of job (MB)
	275292  -  ResidentSetSize of job (KB)
...
006 (4430510.972.000) 09/09 19:22:35 Image size of job updated: 280308
	271  -  MemoryUsage of job (MB)
	276660  -  ResidentSetSize of job (KB)
...
006 (4430510.972.000) 09/09 19:47:37 Image size of job updated: 280652
	271  -  MemoryUsage of job (MB)
	277004  -  ResidentSetSize of job (KB)
...
006 (4430510.972.000) 09/09 20:37:41 Image size of job updated: 281584
	272  -  MemoryUsage of job (MB)
	277940  -  ResidentSetSize of job (KB)
...
006 (4430510.972.000) 09/09 20:42:41 Image size of job updated: 281588
	272  -  MemoryUsage of job (MB)
	277940  -  ResidentSetSize of job (KB)
...
006 (4430510.972.000) 09/09 21:07:44 Image size of job updated: 281744
	272  -  MemoryUsage of job (MB)
	278096  -  ResidentSetSize of job (KB)
...
006 (4430510.972.000) 09/09 21:12:44 Image size of job updated: 283388
	274  -  MemoryUsage of job (MB)
	279780  -  ResidentSetSize of job (KB)
...
006 (4430510.972.000) 09/09 21:17:45 Image size of job updated: 283448
	274  -  MemoryUsage of job (MB)
	279800  -  ResidentSetSize of job (KB)
...
006 (4430510.972.000) 09/09 21:22:46 Image size of job updated: 283452
	274  -  MemoryUsage of job (MB)
	279800  -  ResidentSetSize of job (KB)
...
005 (4430510.972.000) 09/09 22:17:59 Job terminated.
	(1) Normal termination (return value 0)
		Usr 0 21:19:57, Sys 0 00:05:20  -  Run Remote Usage
		Usr 0 00:00:00, Sys 0 00:00:00  -  Run Local Usage
		Usr 0 21:19:57, Sys 0 00:05:20  -  Total Remote Usage
		Usr 0 00:00:00, Sys 0 00:00:00  -  Total Local Usage
	3537837  -  Run Bytes Sent By Job
	17284  -  Run Bytes Received By Job
	3537837  -  Total Bytes Sent By Job
	17284  -  Total Bytes Received By Job
	Partitionable Resources :    Usage  Request Allocated
	   Cpus                 :                 1         1
	   Disk (KB)            : 19902550 26214400  26759912
	   Ioheavy              :                           1
	   Memory (MB)          :      274      300       300
...
