000 (4430510.532.000) 09/08 09:59:23 Job submitted from host: <128.105.244.190:9618?addrs=128.105.244.190-9618&noUDP&sock=2714685_05e2_3>
...
001 (4430510.532.000) 09/08 11:50:43 Job executing on host: <128.105.245.186:9618?addrs=128.105.245.186-9618+[--1]-9618&noUDP&sock=5527_a172_7>
...
006 (4430510.532.000) 09/08 11:50:51 Image size of job updated: 472
	1  -  MemoryUsage of job (MB)
	472  -  ResidentSetSize of job (KB)
...
006 (4430510.532.000) 09/08 12:00:52 Image size of job updated: 552
	1  -  MemoryUsage of job (MB)
	552  -  ResidentSetSize of job (KB)
...
006 (4430510.532.000) 09/08 13:16:00 Image size of job updated: 32244
	31  -  MemoryUsage of job (MB)
	31272  -  ResidentSetSize of job (KB)
...
006 (4430510.532.000) 09/08 13:21:13 Image size of job updated: 62608
	60  -  MemoryUsage of job (MB)
	61320  -  ResidentSetSize of job (KB)
...
006 (4430510.532.000) 09/08 13:26:02 Image size of job updated: 207180
	199  -  MemoryUsage of job (MB)
	202772  -  ResidentSetSize of job (KB)
...
006 (4430510.532.000) 09/08 13:31:02 Image size of job updated: 212612
	204  -  MemoryUsage of job (MB)
	208204  -  ResidentSetSize of job (KB)
...
006 (4430510.532.000) 09/08 13:36:02 Image size of job updated: 217108
	208  -  MemoryUsage of job (MB)
	212708  -  ResidentSetSize of job (KB)
...
006 (4430510.532.000) 09/08 13:51:04 Image size of job updated: 217988
	209  -  MemoryUsage of job (MB)
	213580  -  ResidentSetSize of job (KB)
...
006 (4430510.532.000) 09/08 14:01:04 Image size of job updated: 242288
	233  -  MemoryUsage of job (MB)
	237880  -  ResidentSetSize of job (KB)
...
006 (4430510.532.000) 09/08 14:11:06 Image size of job updated: 245684
	236  -  MemoryUsage of job (MB)
	241280  -  ResidentSetSize of job (KB)
...
006 (4430510.532.000) 09/08 14:16:06 Image size of job updated: 245688
	236  -  MemoryUsage of job (MB)
	241280  -  ResidentSetSize of job (KB)
...
006 (4430510.532.000) 09/08 14:21:06 Image size of job updated: 252180
	242  -  MemoryUsage of job (MB)
	247772  -  ResidentSetSize of job (KB)
...
006 (4430510.532.000) 09/08 14:31:07 Image size of job updated: 252256
	243  -  MemoryUsage of job (MB)
	247848  -  ResidentSetSize of job (KB)
...
006 (4430510.532.000) 09/08 14:41:07 Image size of job updated: 254088
	244  -  MemoryUsage of job (MB)
	249680  -  ResidentSetSize of job (KB)
...
006 (4430510.532.000) 09/08 14:46:09 Image size of job updated: 255796
	246  -  MemoryUsage of job (MB)
	251480  -  ResidentSetSize of job (KB)
...
006 (4430510.532.000) 09/08 14:51:09 Image size of job updated: 255940
	246  -  MemoryUsage of job (MB)
	251532  -  ResidentSetSize of job (KB)
...
006 (4430510.532.000) 09/08 14:56:09 Image size of job updated: 257756
	248  -  MemoryUsage of job (MB)
	253388  -  ResidentSetSize of job (KB)
...
006 (4430510.532.000) 09/08 15:01:11 Image size of job updated: 257808
	248  -  MemoryUsage of job (MB)
	253400  -  ResidentSetSize of job (KB)
...
006 (4430510.532.000) 09/08 15:06:11 Image size of job updated: 259876
	250  -  MemoryUsage of job (MB)
	255508  -  ResidentSetSize of job (KB)
...
006 (4430510.532.000) 09/08 15:11:11 Image size of job updated: 259928
	250  -  MemoryUsage of job (MB)
	255520  -  ResidentSetSize of job (KB)
...
006 (4430510.532.000) 09/08 15:26:14 Image size of job updated: 260392
	250  -  MemoryUsage of job (MB)
	255988  -  ResidentSetSize of job (KB)
...
006 (4430510.532.000) 09/08 15:31:14 Image size of job updated: 260396
	250  -  MemoryUsage of job (MB)
	255988  -  ResidentSetSize of job (KB)
...
006 (4430510.532.000) 09/08 15:36:14 Image size of job updated: 263516
	254  -  MemoryUsage of job (MB)
	259116  -  ResidentSetSize of job (KB)
...
006 (4430510.532.000) 09/08 15:41:15 Image size of job updated: 263524
	254  -  MemoryUsage of job (MB)
	259116  -  ResidentSetSize of job (KB)
...
006 (4430510.532.000) 09/08 16:56:24 Image size of job updated: 264256
	254  -  MemoryUsage of job (MB)
	259116  -  ResidentSetSize of job (KB)
...
006 (4430510.532.000) 09/08 17:06:24 Image size of job updated: 264536
	254  -  MemoryUsage of job (MB)
	259116  -  ResidentSetSize of job (KB)
...
006 (4430510.532.000) 09/08 17:11:24 Image size of job updated: 264592
	254  -  MemoryUsage of job (MB)
	259116  -  ResidentSetSize of job (KB)
...
006 (4430510.532.000) 09/08 18:06:31 Image size of job updated: 267584
	254  -  MemoryUsage of job (MB)
	259116  -  ResidentSetSize of job (KB)
...
006 (4430510.532.000) 09/08 18:11:31 Image size of job updated: 267588
	254  -  MemoryUsage of job (MB)
	259116  -  ResidentSetSize of job (KB)
...
006 (4430510.532.000) 09/08 19:41:40 Image size of job updated: 268808
	254  -  MemoryUsage of job (MB)
	259116  -  ResidentSetSize of job (KB)
...
006 (4430510.532.000) 09/08 19:46:40 Image size of job updated: 268860
	254  -  MemoryUsage of job (MB)
	259116  -  ResidentSetSize of job (KB)
...
006 (4430510.532.000) 09/08 19:51:40 Image size of job updated: 271196
	254  -  MemoryUsage of job (MB)
	259116  -  ResidentSetSize of job (KB)
...
006 (4430510.532.000) 09/08 19:56:42 Image size of job updated: 271252
	254  -  MemoryUsage of job (MB)
	259116  -  ResidentSetSize of job (KB)
...
006 (4430510.532.000) 09/08 20:01:42 Image size of job updated: 271924
	254  -  MemoryUsage of job (MB)
	259116  -  ResidentSetSize of job (KB)
...
006 (4430510.532.000) 09/08 20:31:44 Image size of job updated: 273404
	254  -  MemoryUsage of job (MB)
	259116  -  ResidentSetSize of job (KB)
...
006 (4430510.532.000) 09/08 20:36:44 Image size of job updated: 273456
	254  -  MemoryUsage of job (MB)
	259116  -  ResidentSetSize of job (KB)
...
006 (4430510.532.000) 09/08 22:21:54 Image size of job updated: 273668
	254  -  MemoryUsage of job (MB)
	259116  -  ResidentSetSize of job (KB)
...
006 (4430510.532.000) 09/08 22:56:58 Image size of job updated: 274268
	254  -  MemoryUsage of job (MB)
	259116  -  ResidentSetSize of job (KB)
...
006 (4430510.532.000) 09/08 23:47:05 Image size of job updated: 275632
	254  -  MemoryUsage of job (MB)
	259116  -  ResidentSetSize of job (KB)
...
006 (4430510.532.000) 09/08 23:52:05 Image size of job updated: 275684
	254  -  MemoryUsage of job (MB)
	259116  -  ResidentSetSize of job (KB)
...
006 (4430510.532.000) 09/09 01:47:17 Image size of job updated: 275728
	254  -  MemoryUsage of job (MB)
	259116  -  ResidentSetSize of job (KB)
...
006 (4430510.532.000) 09/09 01:52:17 Image size of job updated: 277008
	254  -  MemoryUsage of job (MB)
	259116  -  ResidentSetSize of job (KB)
...
006 (4430510.532.000) 09/09 01:57:17 Image size of job updated: 277060
	254  -  MemoryUsage of job (MB)
	259116  -  ResidentSetSize of job (KB)
...
006 (4430510.532.000) 09/09 03:12:27 Image size of job updated: 278060
	254  -  MemoryUsage of job (MB)
	259116  -  ResidentSetSize of job (KB)
...
006 (4430510.532.000) 09/09 03:17:27 Image size of job updated: 278112
	254  -  MemoryUsage of job (MB)
	259116  -  ResidentSetSize of job (KB)
...
006 (4430510.532.000) 09/09 03:22:27 Image size of job updated: 278924
	254  -  MemoryUsage of job (MB)
	259116  -  ResidentSetSize of job (KB)
...
006 (4430510.532.000) 09/09 03:27:28 Image size of job updated: 279692
	254  -  MemoryUsage of job (MB)
	259116  -  ResidentSetSize of job (KB)
...
006 (4430510.532.000) 09/09 03:32:28 Image size of job updated: 279832
	254  -  MemoryUsage of job (MB)
	259116  -  ResidentSetSize of job (KB)
...
006 (4430510.532.000) 09/09 07:22:51 Image size of job updated: 281252
	254  -  MemoryUsage of job (MB)
	259116  -  ResidentSetSize of job (KB)
...
006 (4430510.532.000) 09/09 07:27:52 Image size of job updated: 281256
	254  -  MemoryUsage of job (MB)
	259116  -  ResidentSetSize of job (KB)
...
005 (4430510.532.000) 09/09 08:04:25 Job terminated.
	(1) Normal termination (return value 0)
		Usr 0 18:10:39, Sys 0 00:06:05  -  Run Remote Usage
		Usr 0 00:00:00, Sys 0 00:00:00  -  Run Local Usage
		Usr 0 18:10:39, Sys 0 00:06:05  -  Total Remote Usage
		Usr 0 00:00:00, Sys 0 00:00:00  -  Total Local Usage
	3537983  -  Run Bytes Sent By Job
	17284  -  Run Bytes Received By Job
	3537983  -  Total Bytes Sent By Job
	17284  -  Total Bytes Received By Job
	Partitionable Resources :    Usage  Request Allocated
	   Cpus                 :                 1         1
	   Disk (KB)            : 21709633 26214400  26868410
	   Ioheavy              :                           1
	   Memory (MB)          :      254      300       300
...
