000 (4430510.025.000) 09/08 09:59:23 Job submitted from host: <128.105.244.190:9618?addrs=128.105.244.190-9618&noUDP&sock=2714685_05e2_3>
...
001 (4430510.025.000) 09/08 11:16:20 Job executing on host: <128.105.245.151:9618?addrs=128.105.245.151-9618+[--1]-9618&noUDP&sock=5501_c57f_3>
...
006 (4430510.025.000) 09/08 11:16:29 Image size of job updated: 476
	1  -  MemoryUsage of job (MB)
	472  -  ResidentSetSize of job (KB)
...
006 (4430510.025.000) 09/08 11:26:31 Image size of job updated: 552
	1  -  MemoryUsage of job (MB)
	548  -  ResidentSetSize of job (KB)
...
006 (4430510.025.000) 09/08 13:06:40 Image size of job updated: 17444
	17  -  MemoryUsage of job (MB)
	16476  -  ResidentSetSize of job (KB)
...
006 (4430510.025.000) 09/08 13:11:42 Image size of job updated: 163836
	156  -  MemoryUsage of job (MB)
	159440  -  ResidentSetSize of job (KB)
...
006 (4430510.025.000) 09/08 13:21:41 Image size of job updated: 194184
	186  -  MemoryUsage of job (MB)
	189780  -  ResidentSetSize of job (KB)
...
006 (4430510.025.000) 09/08 13:26:42 Image size of job updated: 207200
	199  -  MemoryUsage of job (MB)
	202836  -  ResidentSetSize of job (KB)
...
006 (4430510.025.000) 09/08 13:31:42 Image size of job updated: 207252
	199  -  MemoryUsage of job (MB)
	202848  -  ResidentSetSize of job (KB)
...
006 (4430510.025.000) 09/08 13:36:43 Image size of job updated: 209280
	201  -  MemoryUsage of job (MB)
	204872  -  ResidentSetSize of job (KB)
...
006 (4430510.025.000) 09/08 13:51:44 Image size of job updated: 220104
	211  -  MemoryUsage of job (MB)
	215740  -  ResidentSetSize of job (KB)
...
006 (4430510.025.000) 09/08 13:56:45 Image size of job updated: 220160
	211  -  MemoryUsage of job (MB)
	215752  -  ResidentSetSize of job (KB)
...
006 (4430510.025.000) 09/08 14:01:45 Image size of job updated: 234284
	225  -  MemoryUsage of job (MB)
	229920  -  ResidentSetSize of job (KB)
...
006 (4430510.025.000) 09/08 14:06:45 Image size of job updated: 234340
	225  -  MemoryUsage of job (MB)
	229932  -  ResidentSetSize of job (KB)
...
006 (4430510.025.000) 09/08 14:16:46 Image size of job updated: 237900
	229  -  MemoryUsage of job (MB)
	233532  -  ResidentSetSize of job (KB)
...
006 (4430510.025.000) 09/08 14:21:47 Image size of job updated: 237952
	229  -  MemoryUsage of job (MB)
	233544  -  ResidentSetSize of job (KB)
...
006 (4430510.025.000) 09/08 14:31:47 Image size of job updated: 251536
	242  -  MemoryUsage of job (MB)
	247132  -  ResidentSetSize of job (KB)
...
006 (4430510.025.000) 09/08 14:36:49 Image size of job updated: 251540
	242  -  MemoryUsage of job (MB)
	247132  -  ResidentSetSize of job (KB)
...
006 (4430510.025.000) 09/08 14:41:50 Image size of job updated: 253728
	244  -  MemoryUsage of job (MB)
	249364  -  ResidentSetSize of job (KB)
...
006 (4430510.025.000) 09/08 14:46:50 Image size of job updated: 253784
	244  -  MemoryUsage of job (MB)
	249376  -  ResidentSetSize of job (KB)
...
006 (4430510.025.000) 09/08 14:56:50 Image size of job updated: 254928
	245  -  MemoryUsage of job (MB)
	250564  -  ResidentSetSize of job (KB)
...
006 (4430510.025.000) 09/08 15:01:52 Image size of job updated: 254984
	245  -  MemoryUsage of job (MB)
	250576  -  ResidentSetSize of job (KB)
...
006 (4430510.025.000) 09/08 15:11:52 Image size of job updated: 256764
	247  -  MemoryUsage of job (MB)
	252400  -  ResidentSetSize of job (KB)
...
006 (4430510.025.000) 09/08 15:16:54 Image size of job updated: 256820
	247  -  MemoryUsage of job (MB)
	252412  -  ResidentSetSize of job (KB)
...
006 (4430510.025.000) 09/08 15:41:56 Image size of job updated: 259776
	250  -  MemoryUsage of job (MB)
	255408  -  ResidentSetSize of job (KB)
...
006 (4430510.025.000) 09/08 15:46:57 Image size of job updated: 259832
	250  -  MemoryUsage of job (MB)
	255420  -  ResidentSetSize of job (KB)
...
006 (4430510.025.000) 09/08 15:56:58 Image size of job updated: 260884
	251  -  MemoryUsage of job (MB)
	256412  -  ResidentSetSize of job (KB)
...
006 (4430510.025.000) 09/08 16:01:58 Image size of job updated: 260892
	251  -  MemoryUsage of job (MB)
	256412  -  ResidentSetSize of job (KB)
...
006 (4430510.025.000) 09/08 16:12:00 Image size of job updated: 261704
	252  -  MemoryUsage of job (MB)
	257224  -  ResidentSetSize of job (KB)
...
006 (4430510.025.000) 09/08 16:22:01 Image size of job updated: 261772
	252  -  MemoryUsage of job (MB)
	257384  -  ResidentSetSize of job (KB)
...
006 (4430510.025.000) 09/08 16:27:01 Image size of job updated: 261916
	252  -  MemoryUsage of job (MB)
	257436  -  ResidentSetSize of job (KB)
...
006 (4430510.025.000) 09/08 18:32:16 Image size of job updated: 264860
	255  -  MemoryUsage of job (MB)
	260380  -  ResidentSetSize of job (KB)
...
006 (4430510.025.000) 09/08 18:37:16 Image size of job updated: 264864
	255  -  MemoryUsage of job (MB)
	260380  -  ResidentSetSize of job (KB)
...
006 (4430510.025.000) 09/08 21:32:37 Image size of job updated: 267072
	257  -  MemoryUsage of job (MB)
	262636  -  ResidentSetSize of job (KB)
...
006 (4430510.025.000) 09/08 21:37:37 Image size of job updated: 267128
	257  -  MemoryUsage of job (MB)
	262648  -  ResidentSetSize of job (KB)
...
006 (4430510.025.000) 09/08 22:07:39 Image size of job updated: 269828
	260  -  MemoryUsage of job (MB)
	265356  -  ResidentSetSize of job (KB)
...
006 (4430510.025.000) 09/08 22:12:39 Image size of job updated: 269836
	260  -  MemoryUsage of job (MB)
	265356  -  ResidentSetSize of job (KB)
...
006 (4430510.025.000) 09/08 22:37:43 Image size of job updated: 272704
	263  -  MemoryUsage of job (MB)
	268316  -  ResidentSetSize of job (KB)
...
006 (4430510.025.000) 09/08 22:42:43 Image size of job updated: 272848
	263  -  MemoryUsage of job (MB)
	268368  -  ResidentSetSize of job (KB)
...
006 (4430510.025.000) 09/09 03:08:10 Image size of job updated: 275180
	265  -  MemoryUsage of job (MB)
	270892  -  ResidentSetSize of job (KB)
...
006 (4430510.025.000) 09/09 03:13:10 Image size of job updated: 275236
	265  -  MemoryUsage of job (MB)
	270904  -  ResidentSetSize of job (KB)
...
006 (4430510.025.000) 09/09 05:33:25 Image size of job updated: 277668
	267  -  MemoryUsage of job (MB)
	273340  -  ResidentSetSize of job (KB)
...
006 (4430510.025.000) 09/09 05:38:26 Image size of job updated: 277672
	267  -  MemoryUsage of job (MB)
	273340  -  ResidentSetSize of job (KB)
...
006 (4430510.025.000) 09/09 06:43:33 Image size of job updated: 278360
	268  -  MemoryUsage of job (MB)
	274068  -  ResidentSetSize of job (KB)
...
006 (4430510.025.000) 09/09 06:48:33 Image size of job updated: 278412
	268  -  MemoryUsage of job (MB)
	274080  -  ResidentSetSize of job (KB)
...
006 (4430510.025.000) 09/09 08:13:43 Image size of job updated: 280964
	271  -  MemoryUsage of job (MB)
	276672  -  ResidentSetSize of job (KB)
...
006 (4430510.025.000) 09/09 08:18:45 Image size of job updated: 281016
	271  -  MemoryUsage of job (MB)
	276684  -  ResidentSetSize of job (KB)
...
006 (4430510.025.000) 09/09 09:58:55 Image size of job updated: 281248
	271  -  MemoryUsage of job (MB)
	276956  -  ResidentSetSize of job (KB)
...
006 (4430510.025.000) 09/09 10:03:56 Image size of job updated: 281300
	271  -  MemoryUsage of job (MB)
	276968  -  ResidentSetSize of job (KB)
...
006 (4430510.025.000) 09/09 10:18:57 Image size of job updated: 282872
	273  -  MemoryUsage of job (MB)
	278540  -  ResidentSetSize of job (KB)
...
006 (4430510.025.000) 09/09 10:49:00 Image size of job updated: 283664
	273  -  MemoryUsage of job (MB)
	279376  -  ResidentSetSize of job (KB)
...
006 (4430510.025.000) 09/09 10:54:01 Image size of job updated: 283720
	273  -  MemoryUsage of job (MB)
	279388  -  ResidentSetSize of job (KB)
...
006 (4430510.025.000) 09/09 10:59:01 Image size of job updated: 283724
	273  -  MemoryUsage of job (MB)
	279388  -  ResidentSetSize of job (KB)
...
006 (4430510.025.000) 09/09 11:04:02 Image size of job updated: 284532
	274  -  MemoryUsage of job (MB)
	280196  -  ResidentSetSize of job (KB)
...
005 (4430510.025.000) 09/09 11:07:12 Job terminated.
	(1) Normal termination (return value 0)
		Usr 0 21:18:56, Sys 0 00:07:17  -  Run Remote Usage
		Usr 0 00:00:00, Sys 0 00:00:00  -  Run Local Usage
		Usr 0 21:18:56, Sys 0 00:07:17  -  Total Remote Usage
		Usr 0 00:00:00, Sys 0 00:00:00  -  Total Local Usage
	3533386  -  Run Bytes Sent By Job
	17284  -  Run Bytes Received By Job
	3533386  -  Total Bytes Sent By Job
	17284  -  Total Bytes Received By Job
	Partitionable Resources :    Usage  Request Allocated
	   Cpus                 :                 1         1
	   Disk (KB)            : 21464166 26214400  28351460
	   Ioheavy              :                           1
	   Memory (MB)          :      274      300       300
...
