000 (4430510.423.000) 09/08 09:59:23 Job submitted from host: <128.105.244.190:9618?addrs=128.105.244.190-9618&noUDP&sock=2714685_05e2_3>
...
001 (4430510.423.000) 09/08 11:42:14 Job executing on host: <128.105.245.230:9618?addrs=128.105.245.230-9618+[--1]-9618&noUDP&sock=5518_e311_3>
...
006 (4430510.423.000) 09/08 11:42:24 Image size of job updated: 476
	1  -  MemoryUsage of job (MB)
	476  -  ResidentSetSize of job (KB)
...
006 (4430510.423.000) 09/08 11:47:24 Image size of job updated: 560
	1  -  MemoryUsage of job (MB)
	560  -  ResidentSetSize of job (KB)
...
006 (4430510.423.000) 09/08 12:02:27 Image size of job updated: 42868
	41  -  MemoryUsage of job (MB)
	41792  -  ResidentSetSize of job (KB)
...
006 (4430510.423.000) 09/08 12:07:27 Image size of job updated: 164384
	55  -  MemoryUsage of job (MB)
	55784  -  ResidentSetSize of job (KB)
...
006 (4430510.423.000) 09/08 12:12:29 Image size of job updated: 197484
	168  -  MemoryUsage of job (MB)
	171780  -  ResidentSetSize of job (KB)
...
006 (4430510.423.000) 09/08 12:22:31 Image size of job updated: 207792
	178  -  MemoryUsage of job (MB)
	182084  -  ResidentSetSize of job (KB)
...
006 (4430510.423.000) 09/08 12:37:31 Image size of job updated: 214612
	185  -  MemoryUsage of job (MB)
	188944  -  ResidentSetSize of job (KB)
...
006 (4430510.423.000) 09/08 12:42:31 Image size of job updated: 214668
	185  -  MemoryUsage of job (MB)
	188956  -  ResidentSetSize of job (KB)
...
006 (4430510.423.000) 09/08 12:47:32 Image size of job updated: 218104
	188  -  MemoryUsage of job (MB)
	192432  -  ResidentSetSize of job (KB)
...
006 (4430510.423.000) 09/08 12:52:33 Image size of job updated: 218156
	188  -  MemoryUsage of job (MB)
	192444  -  ResidentSetSize of job (KB)
...
006 (4430510.423.000) 09/08 12:57:33 Image size of job updated: 241884
	212  -  MemoryUsage of job (MB)
	216216  -  ResidentSetSize of job (KB)
...
006 (4430510.423.000) 09/08 13:02:33 Image size of job updated: 241940
	212  -  MemoryUsage of job (MB)
	216228  -  ResidentSetSize of job (KB)
...
006 (4430510.423.000) 09/08 13:12:34 Image size of job updated: 247012
	217  -  MemoryUsage of job (MB)
	221344  -  ResidentSetSize of job (KB)
...
006 (4430510.423.000) 09/08 13:17:35 Image size of job updated: 247068
	217  -  MemoryUsage of job (MB)
	221356  -  ResidentSetSize of job (KB)
...
006 (4430510.423.000) 09/08 13:27:35 Image size of job updated: 251324
	221  -  MemoryUsage of job (MB)
	225652  -  ResidentSetSize of job (KB)
...
006 (4430510.423.000) 09/08 13:32:35 Image size of job updated: 251376
	221  -  MemoryUsage of job (MB)
	225664  -  ResidentSetSize of job (KB)
...
006 (4430510.423.000) 09/08 13:47:37 Image size of job updated: 257712
	227  -  MemoryUsage of job (MB)
	232000  -  ResidentSetSize of job (KB)
...
006 (4430510.423.000) 09/08 14:32:39 Image size of job updated: 260296
	230  -  MemoryUsage of job (MB)
	234584  -  ResidentSetSize of job (KB)
...
006 (4430510.423.000) 09/08 14:42:41 Image size of job updated: 262280
	232  -  MemoryUsage of job (MB)
	236608  -  ResidentSetSize of job (KB)
...
006 (4430510.423.000) 09/08 14:47:41 Image size of job updated: 262332
	232  -  MemoryUsage of job (MB)
	236620  -  ResidentSetSize of job (KB)
...
006 (4430510.423.000) 09/08 16:07:50 Image size of job updated: 263320
	233  -  MemoryUsage of job (MB)
	237612  -  ResidentSetSize of job (KB)
...
006 (4430510.423.000) 09/08 16:12:50 Image size of job updated: 263324
	233  -  MemoryUsage of job (MB)
	237612  -  ResidentSetSize of job (KB)
...
006 (4430510.423.000) 09/08 16:17:50 Image size of job updated: 264140
	233  -  MemoryUsage of job (MB)
	238424  -  ResidentSetSize of job (KB)
...
006 (4430510.423.000) 09/08 18:08:01 Image size of job updated: 265412
	235  -  MemoryUsage of job (MB)
	239744  -  ResidentSetSize of job (KB)
...
006 (4430510.423.000) 09/08 18:13:01 Image size of job updated: 265468
	235  -  MemoryUsage of job (MB)
	239756  -  ResidentSetSize of job (KB)
...
006 (4430510.423.000) 09/08 18:28:03 Image size of job updated: 266504
	236  -  MemoryUsage of job (MB)
	240796  -  ResidentSetSize of job (KB)
...
006 (4430510.423.000) 09/08 18:33:04 Image size of job updated: 266508
	236  -  MemoryUsage of job (MB)
	240796  -  ResidentSetSize of job (KB)
...
006 (4430510.423.000) 09/08 19:03:06 Image size of job updated: 266776
	236  -  MemoryUsage of job (MB)
	241104  -  ResidentSetSize of job (KB)
...
006 (4430510.423.000) 09/08 19:08:06 Image size of job updated: 266828
	236  -  MemoryUsage of job (MB)
	241116  -  ResidentSetSize of job (KB)
...
006 (4430510.423.000) 09/08 20:13:15 Image size of job updated: 269336
	238  -  MemoryUsage of job (MB)
	243664  -  ResidentSetSize of job (KB)
...
006 (4430510.423.000) 09/08 20:18:16 Image size of job updated: 269392
	238  -  MemoryUsage of job (MB)
	243676  -  ResidentSetSize of job (KB)
...
006 (4430510.423.000) 09/08 22:13:27 Image size of job updated: 271664
	241  -  MemoryUsage of job (MB)
	245956  -  ResidentSetSize of job (KB)
...
006 (4430510.423.000) 09/08 22:18:28 Image size of job updated: 271668
	241  -  MemoryUsage of job (MB)
	245956  -  ResidentSetSize of job (KB)
...
006 (4430510.423.000) 09/08 22:48:31 Image size of job updated: 273320
	242  -  MemoryUsage of job (MB)
	247612  -  ResidentSetSize of job (KB)
...
006 (4430510.423.000) 09/08 22:53:32 Image size of job updated: 273324
	242  -  MemoryUsage of job (MB)
	247612  -  ResidentSetSize of job (KB)
...
006 (4430510.423.000) 09/09 00:13:40 Image size of job updated: 273508
	242  -  MemoryUsage of job (MB)
	247796  -  ResidentSetSize of job (KB)
...
006 (4430510.423.000) 09/09 01:43:50 Image size of job updated: 274724
	244  -  MemoryUsage of job (MB)
	249052  -  ResidentSetSize of job (KB)
...
006 (4430510.423.000) 09/09 01:48:50 Image size of job updated: 274776
	244  -  MemoryUsage of job (MB)
	249064  -  ResidentSetSize of job (KB)
...
006 (4430510.423.000) 09/09 01:58:51 Image size of job updated: 274960
	244  -  MemoryUsage of job (MB)
	249340  -  ResidentSetSize of job (KB)
...
006 (4430510.423.000) 09/09 02:03:51 Image size of job updated: 275104
	244  -  MemoryUsage of job (MB)
	249392  -  ResidentSetSize of job (KB)
...
006 (4430510.423.000) 09/09 02:13:51 Image size of job updated: 275908
	245  -  MemoryUsage of job (MB)
	250196  -  ResidentSetSize of job (KB)
...
006 (4430510.423.000) 09/09 02:53:53 Image size of job updated: 276520
	245  -  MemoryUsage of job (MB)
	250848  -  ResidentSetSize of job (KB)
...
006 (4430510.423.000) 09/09 02:58:54 Image size of job updated: 276572
	245  -  MemoryUsage of job (MB)
	250860  -  ResidentSetSize of job (KB)
...
006 (4430510.423.000) 09/09 03:03:54 Image size of job updated: 276576
	245  -  MemoryUsage of job (MB)
	250860  -  ResidentSetSize of job (KB)
...
006 (4430510.423.000) 09/09 04:09:00 Image size of job updated: 276964
	246  -  MemoryUsage of job (MB)
	251292  -  ResidentSetSize of job (KB)
...
006 (4430510.423.000) 09/09 04:14:00 Image size of job updated: 277016
	246  -  MemoryUsage of job (MB)
	251304  -  ResidentSetSize of job (KB)
...
006 (4430510.423.000) 09/09 04:19:00 Image size of job updated: 277900
	247  -  MemoryUsage of job (MB)
	252188  -  ResidentSetSize of job (KB)
...
006 (4430510.423.000) 09/09 04:49:04 Image size of job updated: 279248
	248  -  MemoryUsage of job (MB)
	253576  -  ResidentSetSize of job (KB)
...
006 (4430510.423.000) 09/09 04:54:04 Image size of job updated: 279300
	248  -  MemoryUsage of job (MB)
	253588  -  ResidentSetSize of job (KB)
...
006 (4430510.423.000) 09/09 04:59:04 Image size of job updated: 280108
	249  -  MemoryUsage of job (MB)
	254392  -  ResidentSetSize of job (KB)
...
006 (4430510.423.000) 09/09 07:49:23 Image size of job updated: 280472
	249  -  MemoryUsage of job (MB)
	254760  -  ResidentSetSize of job (KB)
...
006 (4430510.423.000) 09/09 07:59:23 Image size of job updated: 281304
	250  -  MemoryUsage of job (MB)
	255592  -  ResidentSetSize of job (KB)
...
006 (4430510.423.000) 09/09 09:14:31 Image size of job updated: 281564
	250  -  MemoryUsage of job (MB)
	255892  -  ResidentSetSize of job (KB)
...
006 (4430510.423.000) 09/09 09:19:31 Image size of job updated: 281616
	250  -  MemoryUsage of job (MB)
	255904  -  ResidentSetSize of job (KB)
...
006 (4430510.423.000) 09/09 09:34:33 Image size of job updated: 281836
	251  -  MemoryUsage of job (MB)
	256128  -  ResidentSetSize of job (KB)
...
006 (4430510.423.000) 09/09 09:39:33 Image size of job updated: 281840
	251  -  MemoryUsage of job (MB)
	256128  -  ResidentSetSize of job (KB)
...
006 (4430510.423.000) 09/09 10:09:37 Image size of job updated: 282404
	251  -  MemoryUsage of job (MB)
	256692  -  ResidentSetSize of job (KB)
...
006 (4430510.423.000) 09/09 10:19:38 Image size of job updated: 282408
	251  -  MemoryUsage of job (MB)
	256692  -  ResidentSetSize of job (KB)
...
006 (4430510.423.000) 09/09 10:24:39 Image size of job updated: 283104
	252  -  MemoryUsage of job (MB)
	257432  -  ResidentSetSize of job (KB)
...
006 (4430510.423.000) 09/09 10:29:39 Image size of job updated: 283156
	252  -  MemoryUsage of job (MB)
	257444  -  ResidentSetSize of job (KB)
...
006 (4430510.423.000) 09/09 10:34:40 Image size of job updated: 283984
	253  -  MemoryUsage of job (MB)
	258272  -  ResidentSetSize of job (KB)
...
006 (4430510.423.000) 09/09 10:44:41 Image size of job updated: 284240
	253  -  MemoryUsage of job (MB)
	258528  -  ResidentSetSize of job (KB)
...
006 (4430510.423.000) 09/09 10:49:41 Image size of job updated: 284244
	253  -  MemoryUsage of job (MB)
	258528  -  ResidentSetSize of job (KB)
...
005 (4430510.423.000) 09/09 10:58:47 Job terminated.
	(1) Normal termination (return value 0)
		Usr 0 22:23:19, Sys 0 00:05:19  -  Run Remote Usage
		Usr 0 00:00:00, Sys 0 00:00:00  -  Run Local Usage
		Usr 0 22:23:19, Sys 0 00:05:19  -  Total Remote Usage
		Usr 0 00:00:00, Sys 0 00:00:00  -  Total Local Usage
	3535972  -  Run Bytes Sent By Job
	17284  -  Run Bytes Received By Job
	3535972  -  Total Bytes Sent By Job
	17284  -  Total Bytes Received By Job
	Partitionable Resources :    Usage  Request Allocated
	   Cpus                 :                 1         1
	   Disk (KB)            : 21295829 26214400  27034579
	   Ioheavy              :                           1
	   Memory (MB)          :      253      300       300
...
