000 (4430510.763.000) 09/08 09:59:23 Job submitted from host: <128.105.244.190:9618?addrs=128.105.244.190-9618&noUDP&sock=2714685_05e2_3>
...
001 (4430510.763.000) 09/08 13:02:20 Job executing on host: <128.105.244.49:9618?addrs=128.105.244.49-9618+[--1]-9618&noUDP&sock=3847_c09c_3>
...
006 (4430510.763.000) 09/08 13:02:30 Image size of job updated: 472
	1  -  MemoryUsage of job (MB)
	472  -  ResidentSetSize of job (KB)
...
006 (4430510.763.000) 09/08 13:07:32 Image size of job updated: 552
	1  -  MemoryUsage of job (MB)
	472  -  ResidentSetSize of job (KB)
...
006 (4430510.763.000) 09/08 13:22:35 Image size of job updated: 160920
	153  -  MemoryUsage of job (MB)
	156552  -  ResidentSetSize of job (KB)
...
006 (4430510.763.000) 09/08 13:27:33 Image size of job updated: 184232
	176  -  MemoryUsage of job (MB)
	179864  -  ResidentSetSize of job (KB)
...
006 (4430510.763.000) 09/08 13:37:35 Image size of job updated: 206104
	176  -  MemoryUsage of job (MB)
	179864  -  ResidentSetSize of job (KB)
...
006 (4430510.763.000) 09/08 13:52:37 Image size of job updated: 214928
	185  -  MemoryUsage of job (MB)
	188980  -  ResidentSetSize of job (KB)
...
006 (4430510.763.000) 09/08 13:57:37 Image size of job updated: 214936
	185  -  MemoryUsage of job (MB)
	188980  -  ResidentSetSize of job (KB)
...
006 (4430510.763.000) 09/08 14:02:36 Image size of job updated: 219088
	189  -  MemoryUsage of job (MB)
	193136  -  ResidentSetSize of job (KB)
...
006 (4430510.763.000) 09/08 14:07:37 Image size of job updated: 241940
	211  -  MemoryUsage of job (MB)
	216028  -  ResidentSetSize of job (KB)
...
006 (4430510.763.000) 09/08 14:12:37 Image size of job updated: 242000
	211  -  MemoryUsage of job (MB)
	216048  -  ResidentSetSize of job (KB)
...
006 (4430510.763.000) 09/08 14:17:40 Image size of job updated: 248784
	218  -  MemoryUsage of job (MB)
	222876  -  ResidentSetSize of job (KB)
...
006 (4430510.763.000) 09/08 14:22:40 Image size of job updated: 248844
	218  -  MemoryUsage of job (MB)
	222896  -  ResidentSetSize of job (KB)
...
006 (4430510.763.000) 09/08 14:27:40 Image size of job updated: 251064
	220  -  MemoryUsage of job (MB)
	225112  -  ResidentSetSize of job (KB)
...
006 (4430510.763.000) 09/08 14:32:40 Image size of job updated: 251312
	221  -  MemoryUsage of job (MB)
	225364  -  ResidentSetSize of job (KB)
...
006 (4430510.763.000) 09/08 14:37:41 Image size of job updated: 252108
	221  -  MemoryUsage of job (MB)
	226156  -  ResidentSetSize of job (KB)
...
006 (4430510.763.000) 09/08 14:47:43 Image size of job updated: 253356
	223  -  MemoryUsage of job (MB)
	227404  -  ResidentSetSize of job (KB)
...
006 (4430510.763.000) 09/08 14:57:44 Image size of job updated: 255740
	225  -  MemoryUsage of job (MB)
	229792  -  ResidentSetSize of job (KB)
...
006 (4430510.763.000) 09/08 15:02:48 Image size of job updated: 255744
	225  -  MemoryUsage of job (MB)
	229792  -  ResidentSetSize of job (KB)
...
006 (4430510.763.000) 09/08 15:17:59 Image size of job updated: 258516
	226  -  MemoryUsage of job (MB)
	231244  -  ResidentSetSize of job (KB)
...
006 (4430510.763.000) 09/08 15:22:51 Image size of job updated: 258520
	226  -  MemoryUsage of job (MB)
	231244  -  ResidentSetSize of job (KB)
...
006 (4430510.763.000) 09/08 15:32:47 Image size of job updated: 260520
	228  -  MemoryUsage of job (MB)
	233248  -  ResidentSetSize of job (KB)
...
006 (4430510.763.000) 09/08 15:37:47 Image size of job updated: 260524
	228  -  MemoryUsage of job (MB)
	233248  -  ResidentSetSize of job (KB)
...
006 (4430510.763.000) 09/08 15:47:49 Image size of job updated: 260692
	228  -  MemoryUsage of job (MB)
	233416  -  ResidentSetSize of job (KB)
...
006 (4430510.763.000) 09/08 15:52:50 Image size of job updated: 260696
	228  -  MemoryUsage of job (MB)
	233416  -  ResidentSetSize of job (KB)
...
006 (4430510.763.000) 09/08 16:02:59 Image size of job updated: 262192
	230  -  MemoryUsage of job (MB)
	234916  -  ResidentSetSize of job (KB)
...
006 (4430510.763.000) 09/08 16:27:54 Image size of job updated: 262232
	230  -  MemoryUsage of job (MB)
	234964  -  ResidentSetSize of job (KB)
...
006 (4430510.763.000) 09/08 16:32:54 Image size of job updated: 262236
	230  -  MemoryUsage of job (MB)
	234964  -  ResidentSetSize of job (KB)
...
006 (4430510.763.000) 09/08 16:52:55 Image size of job updated: 262236
	230  -  MemoryUsage of job (MB)
	234980  -  ResidentSetSize of job (KB)
...
006 (4430510.763.000) 09/08 16:57:57 Image size of job updated: 262260
	230  -  MemoryUsage of job (MB)
	235000  -  ResidentSetSize of job (KB)
...
006 (4430510.763.000) 09/08 17:07:59 Image size of job updated: 263280
	231  -  MemoryUsage of job (MB)
	236112  -  ResidentSetSize of job (KB)
...
006 (4430510.763.000) 09/08 17:12:59 Image size of job updated: 263432
	231  -  MemoryUsage of job (MB)
	236172  -  ResidentSetSize of job (KB)
...
006 (4430510.763.000) 09/08 18:23:09 Image size of job updated: 263732
	231  -  MemoryUsage of job (MB)
	236172  -  ResidentSetSize of job (KB)
...
006 (4430510.763.000) 09/08 18:28:08 Image size of job updated: 263888
	231  -  MemoryUsage of job (MB)
	236172  -  ResidentSetSize of job (KB)
...
006 (4430510.763.000) 09/08 18:43:13 Image size of job updated: 264852
	232  -  MemoryUsage of job (MB)
	236764  -  ResidentSetSize of job (KB)
...
006 (4430510.763.000) 09/08 18:48:10 Image size of job updated: 264856
	232  -  MemoryUsage of job (MB)
	236764  -  ResidentSetSize of job (KB)
...
006 (4430510.763.000) 09/08 18:58:10 Image size of job updated: 266492
	233  -  MemoryUsage of job (MB)
	238404  -  ResidentSetSize of job (KB)
...
006 (4430510.763.000) 09/08 19:03:10 Image size of job updated: 266496
	233  -  MemoryUsage of job (MB)
	238404  -  ResidentSetSize of job (KB)
...
006 (4430510.763.000) 09/08 19:28:14 Image size of job updated: 267328
	234  -  MemoryUsage of job (MB)
	239276  -  ResidentSetSize of job (KB)
...
006 (4430510.763.000) 09/08 19:33:14 Image size of job updated: 267388
	234  -  MemoryUsage of job (MB)
	239296  -  ResidentSetSize of job (KB)
...
006 (4430510.763.000) 09/08 19:58:16 Image size of job updated: 268872
	236  -  MemoryUsage of job (MB)
	240824  -  ResidentSetSize of job (KB)
...
006 (4430510.763.000) 09/08 20:03:16 Image size of job updated: 268936
	236  -  MemoryUsage of job (MB)
	240844  -  ResidentSetSize of job (KB)
...
006 (4430510.763.000) 09/08 20:08:19 Image size of job updated: 269736
	236  -  MemoryUsage of job (MB)
	241644  -  ResidentSetSize of job (KB)
...
006 (4430510.763.000) 09/08 20:18:18 Image size of job updated: 269792
	237  -  MemoryUsage of job (MB)
	241700  -  ResidentSetSize of job (KB)
...
006 (4430510.763.000) 09/08 20:58:26 Image size of job updated: 272996
	240  -  MemoryUsage of job (MB)
	244908  -  ResidentSetSize of job (KB)
...
006 (4430510.763.000) 09/08 21:03:24 Image size of job updated: 273000
	240  -  MemoryUsage of job (MB)
	244908  -  ResidentSetSize of job (KB)
...
006 (4430510.763.000) 09/08 23:58:41 Image size of job updated: 273584
	240  -  MemoryUsage of job (MB)
	245488  -  ResidentSetSize of job (KB)
...
006 (4430510.763.000) 09/09 00:08:43 Image size of job updated: 274372
	241  -  MemoryUsage of job (MB)
	246276  -  ResidentSetSize of job (KB)
...
006 (4430510.763.000) 09/09 01:23:51 Image size of job updated: 274868
	241  -  MemoryUsage of job (MB)
	246776  -  ResidentSetSize of job (KB)
...
006 (4430510.763.000) 09/09 02:23:56 Image size of job updated: 275604
	242  -  MemoryUsage of job (MB)
	247552  -  ResidentSetSize of job (KB)
...
006 (4430510.763.000) 09/09 02:28:58 Image size of job updated: 275664
	242  -  MemoryUsage of job (MB)
	247572  -  ResidentSetSize of job (KB)
...
006 (4430510.763.000) 09/09 02:33:58 Image size of job updated: 276456
	243  -  MemoryUsage of job (MB)
	248364  -  ResidentSetSize of job (KB)
...
006 (4430510.763.000) 09/09 03:04:00 Image size of job updated: 277612
	244  -  MemoryUsage of job (MB)
	249512  -  ResidentSetSize of job (KB)
...
006 (4430510.763.000) 09/09 03:09:01 Image size of job updated: 277616
	244  -  MemoryUsage of job (MB)
	249512  -  ResidentSetSize of job (KB)
...
006 (4430510.763.000) 09/09 04:09:07 Image size of job updated: 278048
	245  -  MemoryUsage of job (MB)
	249944  -  ResidentSetSize of job (KB)
...
006 (4430510.763.000) 09/09 05:29:15 Image size of job updated: 280140
	247  -  MemoryUsage of job (MB)
	252040  -  ResidentSetSize of job (KB)
...
006 (4430510.763.000) 09/09 06:14:20 Image size of job updated: 280500
	247  -  MemoryUsage of job (MB)
	252404  -  ResidentSetSize of job (KB)
...
006 (4430510.763.000) 09/09 06:19:21 Image size of job updated: 281336
	248  -  MemoryUsage of job (MB)
	253236  -  ResidentSetSize of job (KB)
...
006 (4430510.763.000) 09/09 06:24:21 Image size of job updated: 281340
	248  -  MemoryUsage of job (MB)
	253236  -  ResidentSetSize of job (KB)
...
006 (4430510.763.000) 09/09 08:04:31 Image size of job updated: 282060
	249  -  MemoryUsage of job (MB)
	254000  -  ResidentSetSize of job (KB)
...
006 (4430510.763.000) 09/09 08:09:33 Image size of job updated: 282120
	249  -  MemoryUsage of job (MB)
	254020  -  ResidentSetSize of job (KB)
...
006 (4430510.763.000) 09/09 09:29:41 Image size of job updated: 282260
	249  -  MemoryUsage of job (MB)
	254160  -  ResidentSetSize of job (KB)
...
005 (4430510.763.000) 09/09 09:56:39 Job terminated.
	(1) Normal termination (return value 0)
		Usr 0 20:18:40, Sys 0 00:06:06  -  Run Remote Usage
		Usr 0 00:00:00, Sys 0 00:00:00  -  Run Local Usage
		Usr 0 20:18:40, Sys 0 00:06:06  -  Total Remote Usage
		Usr 0 00:00:00, Sys 0 00:00:00  -  Total Local Usage
	3540373  -  Run Bytes Sent By Job
	17284  -  Run Bytes Received By Job
	3540373  -  Total Bytes Sent By Job
	17284  -  Total Bytes Received By Job
	Partitionable Resources :    Usage  Request Allocated
	   Cpus                 :                 1         1
	   Disk (KB)            : 20727542 26214400  37783626
	   Ioheavy              :                           1
	   Memory (MB)          :      249      300       300
...
