000 (4430510.842.000) 09/08 09:59:23 Job submitted from host: <128.105.244.190:9618?addrs=128.105.244.190-9618&noUDP&sock=2714685_05e2_3>
...
001 (4430510.842.000) 09/08 15:36:56 Job executing on host: <128.105.244.64:9618?addrs=128.105.244.64-9618+[--1]-9618&noUDP&sock=10157_6674_3>
...
006 (4430510.842.000) 09/08 15:37:05 Image size of job updated: 560
	1  -  MemoryUsage of job (MB)
	476  -  ResidentSetSize of job (KB)
...
006 (4430510.842.000) 09/08 15:42:06 Image size of job updated: 632
	1  -  MemoryUsage of job (MB)
	476  -  ResidentSetSize of job (KB)
...
006 (4430510.842.000) 09/08 15:57:10 Image size of job updated: 149884
	143  -  MemoryUsage of job (MB)
	145452  -  ResidentSetSize of job (KB)
...
006 (4430510.842.000) 09/08 16:02:09 Image size of job updated: 189372
	179  -  MemoryUsage of job (MB)
	183264  -  ResidentSetSize of job (KB)
...
006 (4430510.842.000) 09/08 16:07:08 Image size of job updated: 189524
	179  -  MemoryUsage of job (MB)
	183264  -  ResidentSetSize of job (KB)
...
006 (4430510.842.000) 09/08 16:12:09 Image size of job updated: 202892
	193  -  MemoryUsage of job (MB)
	196992  -  ResidentSetSize of job (KB)
...
006 (4430510.842.000) 09/08 16:17:10 Image size of job updated: 202944
	193  -  MemoryUsage of job (MB)
	197012  -  ResidentSetSize of job (KB)
...
006 (4430510.842.000) 09/08 16:32:13 Image size of job updated: 218336
	208  -  MemoryUsage of job (MB)
	212428  -  ResidentSetSize of job (KB)
...
006 (4430510.842.000) 09/08 16:37:12 Image size of job updated: 218340
	208  -  MemoryUsage of job (MB)
	212428  -  ResidentSetSize of job (KB)
...
006 (4430510.842.000) 09/08 16:52:15 Image size of job updated: 240792
	230  -  MemoryUsage of job (MB)
	234880  -  ResidentSetSize of job (KB)
...
006 (4430510.842.000) 09/08 17:02:16 Image size of job updated: 248812
	238  -  MemoryUsage of job (MB)
	242940  -  ResidentSetSize of job (KB)
...
006 (4430510.842.000) 09/08 17:07:17 Image size of job updated: 248872
	238  -  MemoryUsage of job (MB)
	242940  -  ResidentSetSize of job (KB)
...
006 (4430510.842.000) 09/08 17:17:17 Image size of job updated: 253136
	241  -  MemoryUsage of job (MB)
	246272  -  ResidentSetSize of job (KB)
...
006 (4430510.842.000) 09/08 17:22:20 Image size of job updated: 253140
	241  -  MemoryUsage of job (MB)
	246272  -  ResidentSetSize of job (KB)
...
006 (4430510.842.000) 09/08 17:27:19 Image size of job updated: 253932
	242  -  MemoryUsage of job (MB)
	247064  -  ResidentSetSize of job (KB)
...
006 (4430510.842.000) 09/08 17:32:18 Image size of job updated: 254636
	242  -  MemoryUsage of job (MB)
	247772  -  ResidentSetSize of job (KB)
...
006 (4430510.842.000) 09/08 17:37:18 Image size of job updated: 255504
	243  -  MemoryUsage of job (MB)
	248636  -  ResidentSetSize of job (KB)
...
006 (4430510.842.000) 09/08 17:47:19 Image size of job updated: 255812
	244  -  MemoryUsage of job (MB)
	248944  -  ResidentSetSize of job (KB)
...
006 (4430510.842.000) 09/08 17:52:19 Image size of job updated: 255816
	244  -  MemoryUsage of job (MB)
	248944  -  ResidentSetSize of job (KB)
...
006 (4430510.842.000) 09/08 17:57:21 Image size of job updated: 258396
	246  -  MemoryUsage of job (MB)
	251572  -  ResidentSetSize of job (KB)
...
006 (4430510.842.000) 09/08 18:02:21 Image size of job updated: 258464
	246  -  MemoryUsage of job (MB)
	251592  -  ResidentSetSize of job (KB)
...
006 (4430510.842.000) 09/08 18:12:23 Image size of job updated: 260028
	248  -  MemoryUsage of job (MB)
	253160  -  ResidentSetSize of job (KB)
...
006 (4430510.842.000) 09/08 18:27:24 Image size of job updated: 260416
	248  -  MemoryUsage of job (MB)
	253428  -  ResidentSetSize of job (KB)
...
006 (4430510.842.000) 09/08 18:32:24 Image size of job updated: 260476
	248  -  MemoryUsage of job (MB)
	253428  -  ResidentSetSize of job (KB)
...
006 (4430510.842.000) 09/08 19:07:27 Image size of job updated: 261952
	249  -  MemoryUsage of job (MB)
	254368  -  ResidentSetSize of job (KB)
...
006 (4430510.842.000) 09/08 19:12:29 Image size of job updated: 262016
	249  -  MemoryUsage of job (MB)
	254388  -  ResidentSetSize of job (KB)
...
006 (4430510.842.000) 09/08 19:22:29 Image size of job updated: 262884
	250  -  MemoryUsage of job (MB)
	255296  -  ResidentSetSize of job (KB)
...
006 (4430510.842.000) 09/08 19:27:30 Image size of job updated: 262944
	250  -  MemoryUsage of job (MB)
	255316  -  ResidentSetSize of job (KB)
...
006 (4430510.842.000) 09/08 19:37:30 Image size of job updated: 263544
	250  -  MemoryUsage of job (MB)
	255956  -  ResidentSetSize of job (KB)
...
006 (4430510.842.000) 09/08 19:42:30 Image size of job updated: 263604
	250  -  MemoryUsage of job (MB)
	255976  -  ResidentSetSize of job (KB)
...
006 (4430510.842.000) 09/08 20:22:35 Image size of job updated: 266796
	252  -  MemoryUsage of job (MB)
	257980  -  ResidentSetSize of job (KB)
...
006 (4430510.842.000) 09/08 20:27:35 Image size of job updated: 266800
	252  -  MemoryUsage of job (MB)
	257980  -  ResidentSetSize of job (KB)
...
006 (4430510.842.000) 09/08 20:57:38 Image size of job updated: 266856
	252  -  MemoryUsage of job (MB)
	257980  -  ResidentSetSize of job (KB)
...
006 (4430510.842.000) 09/08 21:02:39 Image size of job updated: 267648
	253  -  MemoryUsage of job (MB)
	258772  -  ResidentSetSize of job (KB)
...
006 (4430510.842.000) 09/08 21:12:41 Image size of job updated: 270268
	256  -  MemoryUsage of job (MB)
	261392  -  ResidentSetSize of job (KB)
...
006 (4430510.842.000) 09/08 23:42:59 Image size of job updated: 271596
	256  -  MemoryUsage of job (MB)
	261392  -  ResidentSetSize of job (KB)
...
006 (4430510.842.000) 09/08 23:47:59 Image size of job updated: 271600
	256  -  MemoryUsage of job (MB)
	261392  -  ResidentSetSize of job (KB)
...
006 (4430510.842.000) 09/08 23:53:00 Image size of job updated: 271672
	256  -  MemoryUsage of job (MB)
	261392  -  ResidentSetSize of job (KB)
...
006 (4430510.842.000) 09/09 01:33:10 Image size of job updated: 271960
	256  -  MemoryUsage of job (MB)
	261392  -  ResidentSetSize of job (KB)
...
006 (4430510.842.000) 09/09 01:43:12 Image size of job updated: 272172
	256  -  MemoryUsage of job (MB)
	261392  -  ResidentSetSize of job (KB)
...
006 (4430510.842.000) 09/09 01:53:12 Image size of job updated: 274596
	258  -  MemoryUsage of job (MB)
	263344  -  ResidentSetSize of job (KB)
...
006 (4430510.842.000) 09/09 01:58:13 Image size of job updated: 275228
	258  -  MemoryUsage of job (MB)
	263972  -  ResidentSetSize of job (KB)
...
006 (4430510.842.000) 09/09 05:08:33 Image size of job updated: 276612
	260  -  MemoryUsage of job (MB)
	265400  -  ResidentSetSize of job (KB)
...
006 (4430510.842.000) 09/09 05:13:34 Image size of job updated: 276672
	260  -  MemoryUsage of job (MB)
	265420  -  ResidentSetSize of job (KB)
...
006 (4430510.842.000) 09/09 05:18:34 Image size of job updated: 276676
	260  -  MemoryUsage of job (MB)
	265420  -  ResidentSetSize of job (KB)
...
006 (4430510.842.000) 09/09 05:33:35 Image size of job updated: 276728
	260  -  MemoryUsage of job (MB)
	265476  -  ResidentSetSize of job (KB)
...
006 (4430510.842.000) 09/09 06:13:40 Image size of job updated: 276872
	260  -  MemoryUsage of job (MB)
	265620  -  ResidentSetSize of job (KB)
...
006 (4430510.842.000) 09/09 06:23:40 Image size of job updated: 277040
	260  -  MemoryUsage of job (MB)
	265832  -  ResidentSetSize of job (KB)
...
006 (4430510.842.000) 09/09 06:28:41 Image size of job updated: 277104
	260  -  MemoryUsage of job (MB)
	265852  -  ResidentSetSize of job (KB)
...
006 (4430510.842.000) 09/09 06:38:41 Image size of job updated: 277176
	260  -  MemoryUsage of job (MB)
	265964  -  ResidentSetSize of job (KB)
...
006 (4430510.842.000) 09/09 06:43:42 Image size of job updated: 277236
	260  -  MemoryUsage of job (MB)
	265984  -  ResidentSetSize of job (KB)
...
006 (4430510.842.000) 09/09 06:53:43 Image size of job updated: 277372
	260  -  MemoryUsage of job (MB)
	266160  -  ResidentSetSize of job (KB)
...
006 (4430510.842.000) 09/09 06:58:43 Image size of job updated: 277432
	260  -  MemoryUsage of job (MB)
	266180  -  ResidentSetSize of job (KB)
...
006 (4430510.842.000) 09/09 07:08:45 Image size of job updated: 277460
	261  -  MemoryUsage of job (MB)
	266248  -  ResidentSetSize of job (KB)
...
006 (4430510.842.000) 09/09 07:13:46 Image size of job updated: 277520
	261  -  MemoryUsage of job (MB)
	266268  -  ResidentSetSize of job (KB)
...
006 (4430510.842.000) 09/09 07:23:46 Image size of job updated: 278492
	261  -  MemoryUsage of job (MB)
	267244  -  ResidentSetSize of job (KB)
...
006 (4430510.842.000) 09/09 07:28:47 Image size of job updated: 278500
	261  -  MemoryUsage of job (MB)
	267244  -  ResidentSetSize of job (KB)
...
006 (4430510.842.000) 09/09 07:38:48 Image size of job updated: 278796
	262  -  MemoryUsage of job (MB)
	267584  -  ResidentSetSize of job (KB)
...
006 (4430510.842.000) 09/09 07:43:49 Image size of job updated: 278856
	262  -  MemoryUsage of job (MB)
	267604  -  ResidentSetSize of job (KB)
...
006 (4430510.842.000) 09/09 07:58:51 Image size of job updated: 279096
	262  -  MemoryUsage of job (MB)
	267844  -  ResidentSetSize of job (KB)
...
006 (4430510.842.000) 09/09 08:38:54 Image size of job updated: 279468
	262  -  MemoryUsage of job (MB)
	268220  -  ResidentSetSize of job (KB)
...
006 (4430510.842.000) 09/09 08:43:56 Image size of job updated: 279472
	262  -  MemoryUsage of job (MB)
	268220  -  ResidentSetSize of job (KB)
...
006 (4430510.842.000) 09/09 08:53:57 Image size of job updated: 279716
	263  -  MemoryUsage of job (MB)
	268468  -  ResidentSetSize of job (KB)
...
006 (4430510.842.000) 09/09 08:58:57 Image size of job updated: 279724
	263  -  MemoryUsage of job (MB)
	268468  -  ResidentSetSize of job (KB)
...
006 (4430510.842.000) 09/09 09:08:58 Image size of job updated: 279852
	263  -  MemoryUsage of job (MB)
	268600  -  ResidentSetSize of job (KB)
...
006 (4430510.842.000) 09/09 10:04:04 Image size of job updated: 280076
	263  -  MemoryUsage of job (MB)
	268864  -  ResidentSetSize of job (KB)
...
006 (4430510.842.000) 09/09 10:09:04 Image size of job updated: 280136
	263  -  MemoryUsage of job (MB)
	268884  -  ResidentSetSize of job (KB)
...
006 (4430510.842.000) 09/09 10:19:05 Image size of job updated: 280440
	263  -  MemoryUsage of job (MB)
	269228  -  ResidentSetSize of job (KB)
...
006 (4430510.842.000) 09/09 10:24:06 Image size of job updated: 281344
	264  -  MemoryUsage of job (MB)
	270092  -  ResidentSetSize of job (KB)
...
006 (4430510.842.000) 09/09 11:04:10 Image size of job updated: 281568
	265  -  MemoryUsage of job (MB)
	270356  -  ResidentSetSize of job (KB)
...
006 (4430510.842.000) 09/09 11:09:10 Image size of job updated: 281632
	265  -  MemoryUsage of job (MB)
	270376  -  ResidentSetSize of job (KB)
...
005 (4430510.842.000) 09/09 11:17:24 Job terminated.
	(1) Normal termination (return value 0)
		Usr 0 19:16:01, Sys 0 00:05:58  -  Run Remote Usage
		Usr 0 00:00:00, Sys 0 00:00:00  -  Run Local Usage
		Usr 0 19:16:01, Sys 0 00:05:58  -  Total Remote Usage
		Usr 0 00:00:00, Sys 0 00:00:00  -  Total Local Usage
	3536080  -  Run Bytes Sent By Job
	17284  -  Run Bytes Received By Job
	3536080  -  Total Bytes Sent By Job
	17284  -  Total Bytes Received By Job
	Partitionable Resources :    Usage  Request Allocated
	   Cpus                 :                 1         1
	   Disk (KB)            : 20180243 26214400  35312319
	   Ioheavy              :                           1
	   Memory (MB)          :      265      300       300
...
