000 (4430510.876.000) 09/08 09:59:23 Job submitted from host: <128.105.244.190:9618?addrs=128.105.244.190-9618&noUDP&sock=2714685_05e2_3>
...
001 (4430510.876.000) 09/08 20:11:01 Job executing on host: <128.105.244.174:9618?addrs=128.105.244.174-9618&noUDP&sock=3883_fe56_3>
...
006 (4430510.876.000) 09/08 20:11:10 Image size of job updated: 560
	1  -  MemoryUsage of job (MB)
	472  -  ResidentSetSize of job (KB)
...
006 (4430510.876.000) 09/08 20:36:14 Image size of job updated: 29556
	19  -  MemoryUsage of job (MB)
	19284  -  ResidentSetSize of job (KB)
...
006 (4430510.876.000) 09/08 20:41:14 Image size of job updated: 62932
	25  -  MemoryUsage of job (MB)
	25512  -  ResidentSetSize of job (KB)
...
006 (4430510.876.000) 09/08 20:46:15 Image size of job updated: 194788
	100  -  MemoryUsage of job (MB)
	101764  -  ResidentSetSize of job (KB)
...
006 (4430510.876.000) 09/08 20:51:15 Image size of job updated: 208644
	178  -  MemoryUsage of job (MB)
	182168  -  ResidentSetSize of job (KB)
...
006 (4430510.876.000) 09/08 20:56:16 Image size of job updated: 208648
	178  -  MemoryUsage of job (MB)
	182168  -  ResidentSetSize of job (KB)
...
006 (4430510.876.000) 09/08 21:01:16 Image size of job updated: 215944
	178  -  MemoryUsage of job (MB)
	182168  -  ResidentSetSize of job (KB)
...
006 (4430510.876.000) 09/08 21:06:16 Image size of job updated: 218164
	188  -  MemoryUsage of job (MB)
	191784  -  ResidentSetSize of job (KB)
...
006 (4430510.876.000) 09/08 21:11:18 Image size of job updated: 218224
	188  -  MemoryUsage of job (MB)
	191784  -  ResidentSetSize of job (KB)
...
006 (4430510.876.000) 09/08 21:26:19 Image size of job updated: 243956
	213  -  MemoryUsage of job (MB)
	217536  -  ResidentSetSize of job (KB)
...
006 (4430510.876.000) 09/08 21:36:20 Image size of job updated: 249372
	218  -  MemoryUsage of job (MB)
	222476  -  ResidentSetSize of job (KB)
...
006 (4430510.876.000) 09/08 21:41:20 Image size of job updated: 249432
	218  -  MemoryUsage of job (MB)
	222476  -  ResidentSetSize of job (KB)
...
006 (4430510.876.000) 09/08 21:51:21 Image size of job updated: 251844
	218  -  MemoryUsage of job (MB)
	222476  -  ResidentSetSize of job (KB)
...
006 (4430510.876.000) 09/08 22:06:24 Image size of job updated: 252812
	218  -  MemoryUsage of job (MB)
	222476  -  ResidentSetSize of job (KB)
...
006 (4430510.876.000) 09/08 22:31:26 Image size of job updated: 255272
	223  -  MemoryUsage of job (MB)
	228120  -  ResidentSetSize of job (KB)
...
006 (4430510.876.000) 09/08 22:36:26 Image size of job updated: 255276
	223  -  MemoryUsage of job (MB)
	228120  -  ResidentSetSize of job (KB)
...
006 (4430510.876.000) 09/08 22:46:27 Image size of job updated: 260808
	229  -  MemoryUsage of job (MB)
	233652  -  ResidentSetSize of job (KB)
...
006 (4430510.876.000) 09/08 23:41:33 Image size of job updated: 260872
	229  -  MemoryUsage of job (MB)
	233652  -  ResidentSetSize of job (KB)
...
006 (4430510.876.000) 09/08 23:46:34 Image size of job updated: 260876
	229  -  MemoryUsage of job (MB)
	233652  -  ResidentSetSize of job (KB)
...
006 (4430510.876.000) 09/08 23:56:36 Image size of job updated: 261828
	229  -  MemoryUsage of job (MB)
	234336  -  ResidentSetSize of job (KB)
...
006 (4430510.876.000) 09/09 00:01:36 Image size of job updated: 261832
	229  -  MemoryUsage of job (MB)
	234336  -  ResidentSetSize of job (KB)
...
006 (4430510.876.000) 09/09 00:06:37 Image size of job updated: 262188
	230  -  MemoryUsage of job (MB)
	234740  -  ResidentSetSize of job (KB)
...
006 (4430510.876.000) 09/09 00:11:41 Image size of job updated: 262188
	230  -  MemoryUsage of job (MB)
	234760  -  ResidentSetSize of job (KB)
...
006 (4430510.876.000) 09/09 01:06:43 Image size of job updated: 262788
	231  -  MemoryUsage of job (MB)
	236080  -  ResidentSetSize of job (KB)
...
006 (4430510.876.000) 09/09 01:11:43 Image size of job updated: 262856
	231  -  MemoryUsage of job (MB)
	236100  -  ResidentSetSize of job (KB)
...
006 (4430510.876.000) 09/09 01:51:49 Image size of job updated: 264468
	233  -  MemoryUsage of job (MB)
	237752  -  ResidentSetSize of job (KB)
...
006 (4430510.876.000) 09/09 01:56:49 Image size of job updated: 264524
	233  -  MemoryUsage of job (MB)
	237752  -  ResidentSetSize of job (KB)
...
006 (4430510.876.000) 09/09 02:06:50 Image size of job updated: 266292
	234  -  MemoryUsage of job (MB)
	239576  -  ResidentSetSize of job (KB)
...
006 (4430510.876.000) 09/09 02:11:50 Image size of job updated: 266352
	234  -  MemoryUsage of job (MB)
	239596  -  ResidentSetSize of job (KB)
...
006 (4430510.876.000) 09/09 03:21:59 Image size of job updated: 266784
	235  -  MemoryUsage of job (MB)
	240120  -  ResidentSetSize of job (KB)
...
006 (4430510.876.000) 09/09 03:27:00 Image size of job updated: 266940
	235  -  MemoryUsage of job (MB)
	240180  -  ResidentSetSize of job (KB)
...
006 (4430510.876.000) 09/09 03:32:00 Image size of job updated: 267796
	236  -  MemoryUsage of job (MB)
	241036  -  ResidentSetSize of job (KB)
...
006 (4430510.876.000) 09/09 04:32:07 Image size of job updated: 267960
	236  -  MemoryUsage of job (MB)
	241036  -  ResidentSetSize of job (KB)
...
006 (4430510.876.000) 09/09 04:37:08 Image size of job updated: 268444
	236  -  MemoryUsage of job (MB)
	241036  -  ResidentSetSize of job (KB)
...
006 (4430510.876.000) 09/09 04:42:08 Image size of job updated: 268504
	236  -  MemoryUsage of job (MB)
	241036  -  ResidentSetSize of job (KB)
...
006 (4430510.876.000) 09/09 04:47:08 Image size of job updated: 269308
	236  -  MemoryUsage of job (MB)
	241036  -  ResidentSetSize of job (KB)
...
006 (4430510.876.000) 09/09 05:07:10 Image size of job updated: 270896
	236  -  MemoryUsage of job (MB)
	241036  -  ResidentSetSize of job (KB)
...
006 (4430510.876.000) 09/09 05:12:12 Image size of job updated: 270956
	236  -  MemoryUsage of job (MB)
	241036  -  ResidentSetSize of job (KB)
...
006 (4430510.876.000) 09/09 05:57:17 Image size of job updated: 271432
	236  -  MemoryUsage of job (MB)
	241036  -  ResidentSetSize of job (KB)
...
006 (4430510.876.000) 09/09 06:12:18 Image size of job updated: 272752
	236  -  MemoryUsage of job (MB)
	241036  -  ResidentSetSize of job (KB)
...
006 (4430510.876.000) 09/09 06:17:18 Image size of job updated: 273580
	237  -  MemoryUsage of job (MB)
	241820  -  ResidentSetSize of job (KB)
...
006 (4430510.876.000) 09/09 06:42:22 Image size of job updated: 273580
	237  -  MemoryUsage of job (MB)
	241828  -  ResidentSetSize of job (KB)
...
006 (4430510.876.000) 09/09 06:47:22 Image size of job updated: 273584
	237  -  MemoryUsage of job (MB)
	241828  -  ResidentSetSize of job (KB)
...
006 (4430510.876.000) 09/09 08:12:30 Image size of job updated: 274396
	237  -  MemoryUsage of job (MB)
	242108  -  ResidentSetSize of job (KB)
...
006 (4430510.876.000) 09/09 08:17:30 Image size of job updated: 274740
	237  -  MemoryUsage of job (MB)
	242452  -  ResidentSetSize of job (KB)
...
006 (4430510.876.000) 09/09 08:52:34 Image size of job updated: 275144
	238  -  MemoryUsage of job (MB)
	242952  -  ResidentSetSize of job (KB)
...
006 (4430510.876.000) 09/09 08:57:34 Image size of job updated: 275300
	238  -  MemoryUsage of job (MB)
	243012  -  ResidentSetSize of job (KB)
...
006 (4430510.876.000) 09/09 09:02:36 Image size of job updated: 275856
	238  -  MemoryUsage of job (MB)
	243568  -  ResidentSetSize of job (KB)
...
006 (4430510.876.000) 09/09 09:07:36 Image size of job updated: 276884
	239  -  MemoryUsage of job (MB)
	244636  -  ResidentSetSize of job (KB)
...
006 (4430510.876.000) 09/09 09:12:36 Image size of job updated: 276944
	239  -  MemoryUsage of job (MB)
	244636  -  ResidentSetSize of job (KB)
...
006 (4430510.876.000) 09/09 09:17:37 Image size of job updated: 277812
	239  -  MemoryUsage of job (MB)
	244636  -  ResidentSetSize of job (KB)
...
006 (4430510.876.000) 09/09 11:17:50 Image size of job updated: 277812
	240  -  MemoryUsage of job (MB)
	245132  -  ResidentSetSize of job (KB)
...
006 (4430510.876.000) 09/09 12:52:58 Image size of job updated: 278408
	240  -  MemoryUsage of job (MB)
	245132  -  ResidentSetSize of job (KB)
...
006 (4430510.876.000) 09/09 13:28:03 Image size of job updated: 278632
	240  -  MemoryUsage of job (MB)
	245320  -  ResidentSetSize of job (KB)
...
006 (4430510.876.000) 09/09 13:53:05 Image size of job updated: 279684
	241  -  MemoryUsage of job (MB)
	246376  -  ResidentSetSize of job (KB)
...
006 (4430510.876.000) 09/09 13:58:05 Image size of job updated: 279688
	241  -  MemoryUsage of job (MB)
	246376  -  ResidentSetSize of job (KB)
...
006 (4430510.876.000) 09/09 14:33:09 Image size of job updated: 280188
	242  -  MemoryUsage of job (MB)
	246876  -  ResidentSetSize of job (KB)
...
006 (4430510.876.000) 09/09 14:43:10 Image size of job updated: 280664
	242  -  MemoryUsage of job (MB)
	247348  -  ResidentSetSize of job (KB)
...
006 (4430510.876.000) 09/09 14:48:11 Image size of job updated: 280728
	242  -  MemoryUsage of job (MB)
	247368  -  ResidentSetSize of job (KB)
...
006 (4430510.876.000) 09/09 14:58:12 Image size of job updated: 281036
	242  -  MemoryUsage of job (MB)
	247680  -  ResidentSetSize of job (KB)
...
005 (4430510.876.000) 09/09 15:10:38 Job terminated.
	(1) Normal termination (return value 0)
		Usr 0 17:53:15, Sys 0 00:06:55  -  Run Remote Usage
		Usr 0 00:00:00, Sys 0 00:00:00  -  Run Local Usage
		Usr 0 17:53:15, Sys 0 00:06:55  -  Total Remote Usage
		Usr 0 00:00:00, Sys 0 00:00:00  -  Total Local Usage
	3535658  -  Run Bytes Sent By Job
	17284  -  Run Bytes Received By Job
	3535658  -  Total Bytes Sent By Job
	17284  -  Total Bytes Received By Job
	Partitionable Resources :    Usage  Request Allocated
	   Cpus                 :                 1         1
	   Disk (KB)            : 18830263 26214400  26404370
	   Memory (MB)          :      242      300       300
...
