000 (4430510.163.000) 09/08 09:59:23 Job submitted from host: <128.105.244.190:9618?addrs=128.105.244.190-9618&noUDP&sock=2714685_05e2_3>
...
001 (4430510.163.000) 09/08 11:21:12 Job executing on host: <128.105.245.41:9618?addrs=128.105.245.41-9618+[--1]-9618&noUDP&sock=5013_c9a9_3>
...
006 (4430510.163.000) 09/08 11:21:24 Image size of job updated: 476
	1  -  MemoryUsage of job (MB)
	476  -  ResidentSetSize of job (KB)
...
006 (4430510.163.000) 09/08 13:01:41 Image size of job updated: 600
	1  -  MemoryUsage of job (MB)
	544  -  ResidentSetSize of job (KB)
...
006 (4430510.163.000) 09/08 13:56:00 Image size of job updated: 59176
	58  -  MemoryUsage of job (MB)
	58816  -  ResidentSetSize of job (KB)
...
006 (4430510.163.000) 09/08 14:02:54 Image size of job updated: 97432
	92  -  MemoryUsage of job (MB)
	93688  -  ResidentSetSize of job (KB)
...
006 (4430510.163.000) 09/08 14:13:32 Image size of job updated: 189828
	182  -  MemoryUsage of job (MB)
	185512  -  ResidentSetSize of job (KB)
...
006 (4430510.163.000) 09/08 14:23:57 Image size of job updated: 210792
	202  -  MemoryUsage of job (MB)
	206676  -  ResidentSetSize of job (KB)
...
006 (4430510.163.000) 09/08 14:28:37 Image size of job updated: 210792
	202  -  MemoryUsage of job (MB)
	206696  -  ResidentSetSize of job (KB)
...
006 (4430510.163.000) 09/08 15:18:44 Image size of job updated: 228664
	219  -  MemoryUsage of job (MB)
	224112  -  ResidentSetSize of job (KB)
...
006 (4430510.163.000) 09/08 15:33:43 Image size of job updated: 245640
	235  -  MemoryUsage of job (MB)
	240620  -  ResidentSetSize of job (KB)
...
006 (4430510.163.000) 09/08 15:38:42 Image size of job updated: 245644
	235  -  MemoryUsage of job (MB)
	240620  -  ResidentSetSize of job (KB)
...
006 (4430510.163.000) 09/08 15:43:48 Image size of job updated: 245648
	235  -  MemoryUsage of job (MB)
	240620  -  ResidentSetSize of job (KB)
...
006 (4430510.163.000) 09/08 15:48:41 Image size of job updated: 251896
	241  -  MemoryUsage of job (MB)
	246448  -  ResidentSetSize of job (KB)
...
006 (4430510.163.000) 09/08 17:05:28 Image size of job updated: 253768
	241  -  MemoryUsage of job (MB)
	246448  -  ResidentSetSize of job (KB)
...
006 (4430510.163.000) 09/08 17:25:22 Image size of job updated: 258116
	241  -  MemoryUsage of job (MB)
	246448  -  ResidentSetSize of job (KB)
...
006 (4430510.163.000) 09/08 17:30:22 Image size of job updated: 258176
	241  -  MemoryUsage of job (MB)
	246448  -  ResidentSetSize of job (KB)
...
006 (4430510.163.000) 09/08 19:30:40 Image size of job updated: 262444
	241  -  MemoryUsage of job (MB)
	246448  -  ResidentSetSize of job (KB)
...
006 (4430510.163.000) 09/08 19:35:44 Image size of job updated: 262492
	241  -  MemoryUsage of job (MB)
	246448  -  ResidentSetSize of job (KB)
...
006 (4430510.163.000) 09/08 21:15:48 Image size of job updated: 268328
	241  -  MemoryUsage of job (MB)
	246448  -  ResidentSetSize of job (KB)
...
006 (4430510.163.000) 09/08 21:20:47 Image size of job updated: 268364
	241  -  MemoryUsage of job (MB)
	246448  -  ResidentSetSize of job (KB)
...
006 (4430510.163.000) 09/09 00:51:22 Image size of job updated: 268820
	241  -  MemoryUsage of job (MB)
	246448  -  ResidentSetSize of job (KB)
...
006 (4430510.163.000) 09/09 00:56:24 Image size of job updated: 268964
	241  -  MemoryUsage of job (MB)
	246448  -  ResidentSetSize of job (KB)
...
006 (4430510.163.000) 09/09 01:01:25 Image size of job updated: 268968
	241  -  MemoryUsage of job (MB)
	246448  -  ResidentSetSize of job (KB)
...
006 (4430510.163.000) 09/09 04:06:41 Image size of job updated: 270556
	241  -  MemoryUsage of job (MB)
	246448  -  ResidentSetSize of job (KB)
...
006 (4430510.163.000) 09/09 05:16:49 Image size of job updated: 270576
	241  -  MemoryUsage of job (MB)
	246448  -  ResidentSetSize of job (KB)
...
006 (4430510.163.000) 09/09 07:51:47 Image size of job updated: 270972
	241  -  MemoryUsage of job (MB)
	246448  -  ResidentSetSize of job (KB)
...
006 (4430510.163.000) 09/09 09:02:57 Image size of job updated: 276912
	241  -  MemoryUsage of job (MB)
	246448  -  ResidentSetSize of job (KB)
...
006 (4430510.163.000) 09/09 09:07:57 Image size of job updated: 276916
	241  -  MemoryUsage of job (MB)
	246448  -  ResidentSetSize of job (KB)
...
006 (4430510.163.000) 09/09 09:17:58 Image size of job updated: 278804
	241  -  MemoryUsage of job (MB)
	246448  -  ResidentSetSize of job (KB)
...
006 (4430510.163.000) 09/09 09:22:59 Image size of job updated: 278948
	241  -  MemoryUsage of job (MB)
	246448  -  ResidentSetSize of job (KB)
...
006 (4430510.163.000) 09/09 12:03:24 Image size of job updated: 279728
	241  -  MemoryUsage of job (MB)
	246448  -  ResidentSetSize of job (KB)
...
006 (4430510.163.000) 09/09 12:58:21 Image size of job updated: 280316
	241  -  MemoryUsage of job (MB)
	246448  -  ResidentSetSize of job (KB)
...
006 (4430510.163.000) 09/09 13:03:22 Image size of job updated: 280324
	241  -  MemoryUsage of job (MB)
	246448  -  ResidentSetSize of job (KB)
...
006 (4430510.163.000) 09/09 13:33:24 Image size of job updated: 280524
	241  -  MemoryUsage of job (MB)
	246448  -  ResidentSetSize of job (KB)
...
006 (4430510.163.000) 09/09 13:38:25 Image size of job updated: 280584
	241  -  MemoryUsage of job (MB)
	246448  -  ResidentSetSize of job (KB)
...
006 (4430510.163.000) 09/09 14:43:30 Image size of job updated: 281280
	241  -  MemoryUsage of job (MB)
	246448  -  ResidentSetSize of job (KB)
...
006 (4430510.163.000) 09/09 14:48:30 Image size of job updated: 281340
	241  -  MemoryUsage of job (MB)
	246448  -  ResidentSetSize of job (KB)
...
006 (4430510.163.000) 09/09 15:18:33 Image size of job updated: 283836
	241  -  MemoryUsage of job (MB)
	246448  -  ResidentSetSize of job (KB)
...
006 (4430510.163.000) 09/09 15:23:35 Image size of job updated: 283840
	241  -  MemoryUsage of job (MB)
	246448  -  ResidentSetSize of job (KB)
...
006 (4430510.163.000) 09/09 15:53:36 Image size of job updated: 285140
	242  -  MemoryUsage of job (MB)
	247456  -  ResidentSetSize of job (KB)
...
006 (4430510.163.000) 09/09 15:58:36 Image size of job updated: 285200
	242  -  MemoryUsage of job (MB)
	247476  -  ResidentSetSize of job (KB)
...
006 (4430510.163.000) 09/09 16:03:35 Image size of job updated: 285924
	243  -  MemoryUsage of job (MB)
	248200  -  ResidentSetSize of job (KB)
...
005 (4430510.163.000) 09/09 16:06:01 Job terminated.
	(1) Normal termination (return value 0)
		Usr 0 23:28:51, Sys 0 00:06:32  -  Run Remote Usage
		Usr 0 00:00:00, Sys 0 00:00:00  -  Run Local Usage
		Usr 0 23:28:51, Sys 0 00:06:32  -  Total Remote Usage
		Usr 0 00:00:00, Sys 0 00:00:00  -  Total Local Usage
	3536590  -  Run Bytes Sent By Job
	17284  -  Run Bytes Received By Job
	3536590  -  Total Bytes Sent By Job
	17284  -  Total Bytes Received By Job
	Partitionable Resources :    Usage  Request Allocated
	   Cpus                 :                 1         1
	   Disk (KB)            : 20226786 26214400  28890174
	   Ioheavy              :                           1
	   Memory (MB)          :      243      300       300
...
