000 (4430510.371.000) 09/08 09:59:23 Job submitted from host: <128.105.244.190:9618?addrs=128.105.244.190-9618&noUDP&sock=2714685_05e2_3>
...
001 (4430510.371.000) 09/08 11:34:57 Job executing on host: <128.105.245.24:9618?addrs=128.105.245.24-9618+[--1]-9618&noUDP&sock=5353_f78f_3>
...
006 (4430510.371.000) 09/08 11:35:06 Image size of job updated: 552
	1  -  MemoryUsage of job (MB)
	476  -  ResidentSetSize of job (KB)
...
006 (4430510.371.000) 09/08 11:40:07 Image size of job updated: 596
	1  -  MemoryUsage of job (MB)
	544  -  ResidentSetSize of job (KB)
...
006 (4430510.371.000) 09/08 12:17:53 Image size of job updated: 29260
	28  -  MemoryUsage of job (MB)
	28296  -  ResidentSetSize of job (KB)
...
006 (4430510.371.000) 09/08 12:30:11 Image size of job updated: 189500
	182  -  MemoryUsage of job (MB)
	185552  -  ResidentSetSize of job (KB)
...
006 (4430510.371.000) 09/08 12:49:56 Image size of job updated: 207460
	199  -  MemoryUsage of job (MB)
	203388  -  ResidentSetSize of job (KB)
...
006 (4430510.371.000) 09/08 12:58:42 Image size of job updated: 217140
	209  -  MemoryUsage of job (MB)
	213064  -  ResidentSetSize of job (KB)
...
006 (4430510.371.000) 09/08 13:12:06 Image size of job updated: 221028
	212  -  MemoryUsage of job (MB)
	216952  -  ResidentSetSize of job (KB)
...
006 (4430510.371.000) 09/08 13:40:37 Image size of job updated: 233716
	225  -  MemoryUsage of job (MB)
	229636  -  ResidentSetSize of job (KB)
...
006 (4430510.371.000) 09/08 13:50:50 Image size of job updated: 239808
	231  -  MemoryUsage of job (MB)
	235728  -  ResidentSetSize of job (KB)
...
006 (4430510.371.000) 09/08 13:55:33 Image size of job updated: 247544
	238  -  MemoryUsage of job (MB)
	243504  -  ResidentSetSize of job (KB)
...
006 (4430510.371.000) 09/08 14:02:28 Image size of job updated: 247604
	238  -  MemoryUsage of job (MB)
	243524  -  ResidentSetSize of job (KB)
...
006 (4430510.371.000) 09/08 14:16:22 Image size of job updated: 250212
	241  -  MemoryUsage of job (MB)
	246132  -  ResidentSetSize of job (KB)
...
006 (4430510.371.000) 09/08 14:47:21 Image size of job updated: 252736
	243  -  MemoryUsage of job (MB)
	248656  -  ResidentSetSize of job (KB)
...
006 (4430510.371.000) 09/08 14:51:40 Image size of job updated: 255236
	246  -  MemoryUsage of job (MB)
	251196  -  ResidentSetSize of job (KB)
...
006 (4430510.371.000) 09/08 14:57:37 Image size of job updated: 255300
	246  -  MemoryUsage of job (MB)
	251216  -  ResidentSetSize of job (KB)
...
006 (4430510.371.000) 09/08 15:13:00 Image size of job updated: 258012
	248  -  MemoryUsage of job (MB)
	253936  -  ResidentSetSize of job (KB)
...
006 (4430510.371.000) 09/08 15:19:40 Image size of job updated: 258260
	249  -  MemoryUsage of job (MB)
	254180  -  ResidentSetSize of job (KB)
...
006 (4430510.371.000) 09/08 15:28:40 Image size of job updated: 259852
	250  -  MemoryUsage of job (MB)
	255880  -  ResidentSetSize of job (KB)
...
006 (4430510.371.000) 09/08 15:35:46 Image size of job updated: 260000
	250  -  MemoryUsage of job (MB)
	255936  -  ResidentSetSize of job (KB)
...
006 (4430510.371.000) 09/08 15:51:08 Image size of job updated: 260624
	251  -  MemoryUsage of job (MB)
	256600  -  ResidentSetSize of job (KB)
...
006 (4430510.371.000) 09/08 15:58:15 Image size of job updated: 260684
	251  -  MemoryUsage of job (MB)
	256620  -  ResidentSetSize of job (KB)
...
006 (4430510.371.000) 09/08 16:34:27 Image size of job updated: 260964
	251  -  MemoryUsage of job (MB)
	256900  -  ResidentSetSize of job (KB)
...
006 (4430510.371.000) 09/08 18:36:42 Image size of job updated: 260964
	252  -  MemoryUsage of job (MB)
	257140  -  ResidentSetSize of job (KB)
...
006 (4430510.371.000) 09/08 19:04:32 Image size of job updated: 261844
	253  -  MemoryUsage of job (MB)
	258052  -  ResidentSetSize of job (KB)
...
006 (4430510.371.000) 09/08 19:13:44 Image size of job updated: 261848
	253  -  MemoryUsage of job (MB)
	258052  -  ResidentSetSize of job (KB)
...
006 (4430510.371.000) 09/08 19:24:28 Image size of job updated: 262784
	253  -  MemoryUsage of job (MB)
	259016  -  ResidentSetSize of job (KB)
...
006 (4430510.371.000) 09/08 19:33:02 Image size of job updated: 262844
	253  -  MemoryUsage of job (MB)
	259036  -  ResidentSetSize of job (KB)
...
006 (4430510.371.000) 09/08 19:41:33 Image size of job updated: 266272
	257  -  MemoryUsage of job (MB)
	262464  -  ResidentSetSize of job (KB)
...
006 (4430510.371.000) 09/08 20:28:33 Image size of job updated: 266472
	257  -  MemoryUsage of job (MB)
	262752  -  ResidentSetSize of job (KB)
...
006 (4430510.371.000) 09/08 20:44:19 Image size of job updated: 266620
	257  -  MemoryUsage of job (MB)
	262808  -  ResidentSetSize of job (KB)
...
006 (4430510.371.000) 09/08 22:03:46 Image size of job updated: 268096
	259  -  MemoryUsage of job (MB)
	264288  -  ResidentSetSize of job (KB)
...
006 (4430510.371.000) 09/08 23:06:43 Image size of job updated: 271616
	262  -  MemoryUsage of job (MB)
	267896  -  ResidentSetSize of job (KB)
...
006 (4430510.371.000) 09/08 23:16:32 Image size of job updated: 271760
	262  -  MemoryUsage of job (MB)
	267952  -  ResidentSetSize of job (KB)
...
006 (4430510.371.000) 09/09 01:03:57 Image size of job updated: 272928
	263  -  MemoryUsage of job (MB)
	269124  -  ResidentSetSize of job (KB)
...
006 (4430510.371.000) 09/09 02:21:36 Image size of job updated: 273256
	264  -  MemoryUsage of job (MB)
	269496  -  ResidentSetSize of job (KB)
...
006 (4430510.371.000) 09/09 02:26:43 Image size of job updated: 273320
	264  -  MemoryUsage of job (MB)
	269516  -  ResidentSetSize of job (KB)
...
006 (4430510.371.000) 09/09 04:06:46 Image size of job updated: 274152
	265  -  MemoryUsage of job (MB)
	270388  -  ResidentSetSize of job (KB)
...
006 (4430510.371.000) 09/09 04:11:47 Image size of job updated: 274212
	265  -  MemoryUsage of job (MB)
	270408  -  ResidentSetSize of job (KB)
...
006 (4430510.371.000) 09/09 05:21:53 Image size of job updated: 274804
	265  -  MemoryUsage of job (MB)
	271048  -  ResidentSetSize of job (KB)
...
006 (4430510.371.000) 09/09 06:31:47 Image size of job updated: 276132
	266  -  MemoryUsage of job (MB)
	272368  -  ResidentSetSize of job (KB)
...
006 (4430510.371.000) 09/09 06:36:48 Image size of job updated: 276132
	267  -  MemoryUsage of job (MB)
	272388  -  ResidentSetSize of job (KB)
...
006 (4430510.371.000) 09/09 06:51:49 Image size of job updated: 276944
	267  -  MemoryUsage of job (MB)
	273336  -  ResidentSetSize of job (KB)
...
006 (4430510.371.000) 09/09 06:56:49 Image size of job updated: 277004
	267  -  MemoryUsage of job (MB)
	273356  -  ResidentSetSize of job (KB)
...
006 (4430510.371.000) 09/09 07:26:52 Image size of job updated: 277256
	268  -  MemoryUsage of job (MB)
	273608  -  ResidentSetSize of job (KB)
...
006 (4430510.371.000) 09/09 07:46:55 Image size of job updated: 277256
	268  -  MemoryUsage of job (MB)
	274312  -  ResidentSetSize of job (KB)
...
006 (4430510.371.000) 09/09 10:37:16 Image size of job updated: 277804
	269  -  MemoryUsage of job (MB)
	275104  -  ResidentSetSize of job (KB)
...
006 (4430510.371.000) 09/09 10:42:13 Image size of job updated: 277804
	269  -  MemoryUsage of job (MB)
	275124  -  ResidentSetSize of job (KB)
...
006 (4430510.371.000) 09/09 12:22:21 Image size of job updated: 281136
	272  -  MemoryUsage of job (MB)
	277576  -  ResidentSetSize of job (KB)
...
006 (4430510.371.000) 09/09 12:27:22 Image size of job updated: 281276
	272  -  MemoryUsage of job (MB)
	277632  -  ResidentSetSize of job (KB)
...
006 (4430510.371.000) 09/09 12:32:22 Image size of job updated: 281280
	272  -  MemoryUsage of job (MB)
	277632  -  ResidentSetSize of job (KB)
...
006 (4430510.371.000) 09/09 12:37:22 Image size of job updated: 281284
	272  -  MemoryUsage of job (MB)
	277632  -  ResidentSetSize of job (KB)
...
006 (4430510.371.000) 09/09 14:17:29 Image size of job updated: 281664
	272  -  MemoryUsage of job (MB)
	278020  -  ResidentSetSize of job (KB)
...
006 (4430510.371.000) 09/09 14:23:04 Image size of job updated: 281668
	272  -  MemoryUsage of job (MB)
	278020  -  ResidentSetSize of job (KB)
...
006 (4430510.371.000) 09/09 14:47:32 Image size of job updated: 281940
	272  -  MemoryUsage of job (MB)
	278380  -  ResidentSetSize of job (KB)
...
006 (4430510.371.000) 09/09 14:52:33 Image size of job updated: 282084
	272  -  MemoryUsage of job (MB)
	278436  -  ResidentSetSize of job (KB)
...
005 (4430510.371.000) 09/09 15:03:50 Job terminated.
	(1) Normal termination (return value 0)
		Usr 1 01:36:52, Sys 0 00:07:13  -  Run Remote Usage
		Usr 0 00:00:00, Sys 0 00:00:00  -  Run Local Usage
		Usr 1 01:36:52, Sys 0 00:07:13  -  Total Remote Usage
		Usr 0 00:00:00, Sys 0 00:00:00  -  Total Local Usage
	3538580  -  Run Bytes Sent By Job
	17284  -  Run Bytes Received By Job
	3538580  -  Total Bytes Sent By Job
	17284  -  Total Bytes Received By Job
	Partitionable Resources :    Usage  Request Allocated
	   Cpus                 :                 1         1
	   Disk (KB)            : 18695879 26214400  31588308
	   Ioheavy              :                           1
	   Memory (MB)          :      272      300       300
...
