000 (4430510.855.000) 09/08 09:59:23 Job submitted from host: <128.105.244.190:9618?addrs=128.105.244.190-9618&noUDP&sock=2714685_05e2_3>
...
001 (4430510.855.000) 09/08 17:57:14 Job executing on host: <128.105.245.28:9618?addrs=128.105.245.28-9618+[--1]-9618&noUDP&sock=4937_f8de_3>
...
006 (4430510.855.000) 09/08 17:57:24 Image size of job updated: 508
	1  -  MemoryUsage of job (MB)
	476  -  ResidentSetSize of job (KB)
...
006 (4430510.855.000) 09/08 18:03:03 Image size of job updated: 544
	1  -  MemoryUsage of job (MB)
	544  -  ResidentSetSize of job (KB)
...
006 (4430510.855.000) 09/08 18:07:32 Image size of job updated: 42892
	41  -  MemoryUsage of job (MB)
	41840  -  ResidentSetSize of job (KB)
...
006 (4430510.855.000) 09/08 18:12:31 Image size of job updated: 62560
	60  -  MemoryUsage of job (MB)
	61292  -  ResidentSetSize of job (KB)
...
006 (4430510.855.000) 09/08 18:17:26 Image size of job updated: 190640
	182  -  MemoryUsage of job (MB)
	186248  -  ResidentSetSize of job (KB)
...
006 (4430510.855.000) 09/08 18:27:28 Image size of job updated: 197840
	189  -  MemoryUsage of job (MB)
	193448  -  ResidentSetSize of job (KB)
...
006 (4430510.855.000) 09/08 18:37:31 Image size of job updated: 212836
	204  -  MemoryUsage of job (MB)
	208456  -  ResidentSetSize of job (KB)
...
006 (4430510.855.000) 09/08 18:42:30 Image size of job updated: 212844
	204  -  MemoryUsage of job (MB)
	208456  -  ResidentSetSize of job (KB)
...
006 (4430510.855.000) 09/08 19:12:34 Image size of job updated: 241548
	232  -  MemoryUsage of job (MB)
	237376  -  ResidentSetSize of job (KB)
...
006 (4430510.855.000) 09/08 19:57:41 Image size of job updated: 247960
	239  -  MemoryUsage of job (MB)
	243872  -  ResidentSetSize of job (KB)
...
006 (4430510.855.000) 09/08 20:02:41 Image size of job updated: 248000
	239  -  MemoryUsage of job (MB)
	243892  -  ResidentSetSize of job (KB)
...
006 (4430510.855.000) 09/08 20:12:43 Image size of job updated: 250020
	241  -  MemoryUsage of job (MB)
	245936  -  ResidentSetSize of job (KB)
...
006 (4430510.855.000) 09/08 20:47:48 Image size of job updated: 254888
	245  -  MemoryUsage of job (MB)
	250800  -  ResidentSetSize of job (KB)
...
006 (4430510.855.000) 09/08 20:52:47 Image size of job updated: 254948
	245  -  MemoryUsage of job (MB)
	250820  -  ResidentSetSize of job (KB)
...
006 (4430510.855.000) 09/08 21:02:58 Image size of job updated: 256540
	247  -  MemoryUsage of job (MB)
	252924  -  ResidentSetSize of job (KB)
...
006 (4430510.855.000) 09/08 21:22:50 Image size of job updated: 258696
	250  -  MemoryUsage of job (MB)
	255156  -  ResidentSetSize of job (KB)
...
006 (4430510.855.000) 09/08 21:27:51 Image size of job updated: 258936
	250  -  MemoryUsage of job (MB)
	255284  -  ResidentSetSize of job (KB)
...
006 (4430510.855.000) 09/08 22:17:54 Image size of job updated: 260284
	251  -  MemoryUsage of job (MB)
	256724  -  ResidentSetSize of job (KB)
...
006 (4430510.855.000) 09/08 22:22:55 Image size of job updated: 260428
	251  -  MemoryUsage of job (MB)
	256780  -  ResidentSetSize of job (KB)
...
006 (4430510.855.000) 09/09 00:13:08 Image size of job updated: 260920
	252  -  MemoryUsage of job (MB)
	257276  -  ResidentSetSize of job (KB)
...
006 (4430510.855.000) 09/09 00:18:10 Image size of job updated: 260924
	252  -  MemoryUsage of job (MB)
	257276  -  ResidentSetSize of job (KB)
...
006 (4430510.855.000) 09/09 00:53:13 Image size of job updated: 264520
	255  -  MemoryUsage of job (MB)
	260872  -  ResidentSetSize of job (KB)
...
006 (4430510.855.000) 09/09 01:23:15 Image size of job updated: 266056
	257  -  MemoryUsage of job (MB)
	262500  -  ResidentSetSize of job (KB)
...
006 (4430510.855.000) 09/09 01:28:15 Image size of job updated: 266204
	257  -  MemoryUsage of job (MB)
	262556  -  ResidentSetSize of job (KB)
...
006 (4430510.855.000) 09/09 01:43:16 Image size of job updated: 266408
	257  -  MemoryUsage of job (MB)
	262764  -  ResidentSetSize of job (KB)
...
006 (4430510.855.000) 09/09 01:48:16 Image size of job updated: 266412
	257  -  MemoryUsage of job (MB)
	262764  -  ResidentSetSize of job (KB)
...
006 (4430510.855.000) 09/09 01:53:16 Image size of job updated: 266416
	257  -  MemoryUsage of job (MB)
	262764  -  ResidentSetSize of job (KB)
...
006 (4430510.855.000) 09/09 02:38:24 Image size of job updated: 269224
	260  -  MemoryUsage of job (MB)
	265576  -  ResidentSetSize of job (KB)
...
006 (4430510.855.000) 09/09 04:43:41 Image size of job updated: 271900
	263  -  MemoryUsage of job (MB)
	268292  -  ResidentSetSize of job (KB)
...
006 (4430510.855.000) 09/09 04:48:39 Image size of job updated: 271960
	263  -  MemoryUsage of job (MB)
	268312  -  ResidentSetSize of job (KB)
...
006 (4430510.855.000) 09/09 06:33:47 Image size of job updated: 272168
	263  -  MemoryUsage of job (MB)
	268560  -  ResidentSetSize of job (KB)
...
006 (4430510.855.000) 09/09 06:38:48 Image size of job updated: 272228
	263  -  MemoryUsage of job (MB)
	268580  -  ResidentSetSize of job (KB)
...
006 (4430510.855.000) 09/09 08:03:58 Image size of job updated: 272912
	263  -  MemoryUsage of job (MB)
	269264  -  ResidentSetSize of job (KB)
...
006 (4430510.855.000) 09/09 08:13:58 Image size of job updated: 272916
	263  -  MemoryUsage of job (MB)
	269264  -  ResidentSetSize of job (KB)
...
006 (4430510.855.000) 09/09 10:14:14 Image size of job updated: 274708
	265  -  MemoryUsage of job (MB)
	271064  -  ResidentSetSize of job (KB)
...
006 (4430510.855.000) 09/09 10:19:14 Image size of job updated: 274712
	265  -  MemoryUsage of job (MB)
	271064  -  ResidentSetSize of job (KB)
...
006 (4430510.855.000) 09/09 12:35:44 Image size of job updated: 277060
	268  -  MemoryUsage of job (MB)
	273504  -  ResidentSetSize of job (KB)
...
006 (4430510.855.000) 09/09 12:40:45 Image size of job updated: 277208
	268  -  MemoryUsage of job (MB)
	273560  -  ResidentSetSize of job (KB)
...
006 (4430510.855.000) 09/09 14:00:55 Image size of job updated: 277808
	268  -  MemoryUsage of job (MB)
	274160  -  ResidentSetSize of job (KB)
...
006 (4430510.855.000) 09/09 14:05:56 Image size of job updated: 280384
	271  -  MemoryUsage of job (MB)
	276736  -  ResidentSetSize of job (KB)
...
006 (4430510.855.000) 09/09 14:10:57 Image size of job updated: 280388
	271  -  MemoryUsage of job (MB)
	276736  -  ResidentSetSize of job (KB)
...
006 (4430510.855.000) 09/09 15:37:29 Image size of job updated: 280996
	271  -  MemoryUsage of job (MB)
	277212  -  ResidentSetSize of job (KB)
...
006 (4430510.855.000) 09/09 15:42:30 Image size of job updated: 281000
	271  -  MemoryUsage of job (MB)
	277212  -  ResidentSetSize of job (KB)
...
006 (4430510.855.000) 09/09 15:57:31 Image size of job updated: 281828
	272  -  MemoryUsage of job (MB)
	278080  -  ResidentSetSize of job (KB)
...
006 (4430510.855.000) 09/09 16:02:32 Image size of job updated: 281828
	272  -  MemoryUsage of job (MB)
	278100  -  ResidentSetSize of job (KB)
...
005 (4430510.855.000) 09/09 16:09:29 Job terminated.
	(1) Normal termination (return value 0)
		Usr 0 21:14:41, Sys 0 00:06:25  -  Run Remote Usage
		Usr 0 00:00:00, Sys 0 00:00:00  -  Run Local Usage
		Usr 0 21:14:41, Sys 0 00:06:25  -  Total Remote Usage
		Usr 0 00:00:00, Sys 0 00:00:00  -  Total Local Usage
	3536884  -  Run Bytes Sent By Job
	17284  -  Run Bytes Received By Job
	3536884  -  Total Bytes Sent By Job
	17284  -  Total Bytes Received By Job
	Partitionable Resources :    Usage  Request Allocated
	   Cpus                 :                 1         1
	   Disk (KB)            : 18693513 26214400  32899736
	   Ioheavy              :                           1
	   Memory (MB)          :      272      300       300
...
