000 (4430510.783.000) 09/08 09:59:23 Job submitted from host: <128.105.244.190:9618?addrs=128.105.244.190-9618&noUDP&sock=2714685_05e2_3>
...
001 (4430510.783.000) 09/08 13:31:02 Job executing on host: <128.105.245.9:9618?addrs=128.105.245.9-9618+[--1]-9618&noUDP&sock=4102_a942_3>
...
006 (4430510.783.000) 09/08 13:31:10 Image size of job updated: 476
	1  -  MemoryUsage of job (MB)
	476  -  ResidentSetSize of job (KB)
...
006 (4430510.783.000) 09/08 13:36:11 Image size of job updated: 688
	1  -  MemoryUsage of job (MB)
	544  -  ResidentSetSize of job (KB)
...
006 (4430510.783.000) 09/08 13:41:11 Image size of job updated: 164424
	157  -  MemoryUsage of job (MB)
	160104  -  ResidentSetSize of job (KB)
...
006 (4430510.783.000) 09/08 13:46:11 Image size of job updated: 200776
	192  -  MemoryUsage of job (MB)
	196412  -  ResidentSetSize of job (KB)
...
006 (4430510.783.000) 09/08 13:51:11 Image size of job updated: 208440
	200  -  MemoryUsage of job (MB)
	204076  -  ResidentSetSize of job (KB)
...
006 (4430510.783.000) 09/08 14:01:13 Image size of job updated: 213288
	205  -  MemoryUsage of job (MB)
	208916  -  ResidentSetSize of job (KB)
...
006 (4430510.783.000) 09/08 14:06:13 Image size of job updated: 217628
	209  -  MemoryUsage of job (MB)
	213260  -  ResidentSetSize of job (KB)
...
006 (4430510.783.000) 09/08 14:11:13 Image size of job updated: 219592
	211  -  MemoryUsage of job (MB)
	215224  -  ResidentSetSize of job (KB)
...
006 (4430510.783.000) 09/08 14:21:15 Image size of job updated: 244824
	235  -  MemoryUsage of job (MB)
	240448  -  ResidentSetSize of job (KB)
...
006 (4430510.783.000) 09/08 14:31:17 Image size of job updated: 250712
	241  -  MemoryUsage of job (MB)
	246344  -  ResidentSetSize of job (KB)
...
006 (4430510.783.000) 09/08 14:41:17 Image size of job updated: 250956
	241  -  MemoryUsage of job (MB)
	246584  -  ResidentSetSize of job (KB)
...
006 (4430510.783.000) 09/08 14:51:19 Image size of job updated: 253632
	245  -  MemoryUsage of job (MB)
	250540  -  ResidentSetSize of job (KB)
...
006 (4430510.783.000) 09/08 15:01:19 Image size of job updated: 257252
	248  -  MemoryUsage of job (MB)
	253552  -  ResidentSetSize of job (KB)
...
006 (4430510.783.000) 09/08 15:06:20 Image size of job updated: 257260
	248  -  MemoryUsage of job (MB)
	253552  -  ResidentSetSize of job (KB)
...
006 (4430510.783.000) 09/08 15:26:22 Image size of job updated: 258952
	250  -  MemoryUsage of job (MB)
	255292  -  ResidentSetSize of job (KB)
...
006 (4430510.783.000) 09/08 15:46:26 Image size of job updated: 259808
	251  -  MemoryUsage of job (MB)
	256188  -  ResidentSetSize of job (KB)
...
006 (4430510.783.000) 09/08 15:51:27 Image size of job updated: 259868
	251  -  MemoryUsage of job (MB)
	256208  -  ResidentSetSize of job (KB)
...
006 (4430510.783.000) 09/08 16:01:53 Image size of job updated: 261208
	254  -  MemoryUsage of job (MB)
	259556  -  ResidentSetSize of job (KB)
...
006 (4430510.783.000) 09/08 16:06:32 Image size of job updated: 261212
	254  -  MemoryUsage of job (MB)
	259556  -  ResidentSetSize of job (KB)
...
006 (4430510.783.000) 09/08 16:11:55 Image size of job updated: 261768
	254  -  MemoryUsage of job (MB)
	259556  -  ResidentSetSize of job (KB)
...
006 (4430510.783.000) 09/08 16:16:30 Image size of job updated: 261828
	254  -  MemoryUsage of job (MB)
	259556  -  ResidentSetSize of job (KB)
...
006 (4430510.783.000) 09/08 16:51:34 Image size of job updated: 261844
	254  -  MemoryUsage of job (MB)
	259556  -  ResidentSetSize of job (KB)
...
006 (4430510.783.000) 09/08 16:56:35 Image size of job updated: 261908
	254  -  MemoryUsage of job (MB)
	259556  -  ResidentSetSize of job (KB)
...
006 (4430510.783.000) 09/08 17:01:35 Image size of job updated: 262604
	254  -  MemoryUsage of job (MB)
	259556  -  ResidentSetSize of job (KB)
...
006 (4430510.783.000) 09/08 17:51:40 Image size of job updated: 265192
	256  -  MemoryUsage of job (MB)
	261536  -  ResidentSetSize of job (KB)
...
006 (4430510.783.000) 09/08 18:06:42 Image size of job updated: 265432
	256  -  MemoryUsage of job (MB)
	261864  -  ResidentSetSize of job (KB)
...
006 (4430510.783.000) 09/08 18:11:42 Image size of job updated: 265580
	256  -  MemoryUsage of job (MB)
	261924  -  ResidentSetSize of job (KB)
...
006 (4430510.783.000) 09/08 18:21:43 Image size of job updated: 266168
	257  -  MemoryUsage of job (MB)
	262556  -  ResidentSetSize of job (KB)
...
006 (4430510.783.000) 09/08 18:26:43 Image size of job updated: 266236
	257  -  MemoryUsage of job (MB)
	262576  -  ResidentSetSize of job (KB)
...
006 (4430510.783.000) 09/08 18:56:46 Image size of job updated: 266428
	257  -  MemoryUsage of job (MB)
	262772  -  ResidentSetSize of job (KB)
...
006 (4430510.783.000) 09/08 19:01:48 Image size of job updated: 266776
	257  -  MemoryUsage of job (MB)
	263164  -  ResidentSetSize of job (KB)
...
006 (4430510.783.000) 09/08 19:06:48 Image size of job updated: 266840
	258  -  MemoryUsage of job (MB)
	263184  -  ResidentSetSize of job (KB)
...
006 (4430510.783.000) 09/08 19:31:49 Image size of job updated: 268120
	259  -  MemoryUsage of job (MB)
	264504  -  ResidentSetSize of job (KB)
...
006 (4430510.783.000) 09/08 19:36:51 Image size of job updated: 268180
	259  -  MemoryUsage of job (MB)
	264524  -  ResidentSetSize of job (KB)
...
006 (4430510.783.000) 09/08 19:46:51 Image size of job updated: 269556
	260  -  MemoryUsage of job (MB)
	265900  -  ResidentSetSize of job (KB)
...
006 (4430510.783.000) 09/08 19:56:52 Image size of job updated: 271192
	262  -  MemoryUsage of job (MB)
	267576  -  ResidentSetSize of job (KB)
...
006 (4430510.783.000) 09/08 20:01:52 Image size of job updated: 271260
	262  -  MemoryUsage of job (MB)
	267604  -  ResidentSetSize of job (KB)
...
006 (4430510.783.000) 09/08 20:06:52 Image size of job updated: 271932
	262  -  MemoryUsage of job (MB)
	268276  -  ResidentSetSize of job (KB)
...
006 (4430510.783.000) 09/08 21:32:02 Image size of job updated: 272612
	263  -  MemoryUsage of job (MB)
	268996  -  ResidentSetSize of job (KB)
...
006 (4430510.783.000) 09/08 21:37:02 Image size of job updated: 272672
	263  -  MemoryUsage of job (MB)
	269016  -  ResidentSetSize of job (KB)
...
006 (4430510.783.000) 09/08 22:12:07 Image size of job updated: 273232
	264  -  MemoryUsage of job (MB)
	269620  -  ResidentSetSize of job (KB)
...
006 (4430510.783.000) 09/08 22:17:07 Image size of job updated: 273296
	264  -  MemoryUsage of job (MB)
	269640  -  ResidentSetSize of job (KB)
...
006 (4430510.783.000) 09/08 23:07:13 Image size of job updated: 274016
	265  -  MemoryUsage of job (MB)
	270360  -  ResidentSetSize of job (KB)
...
006 (4430510.783.000) 09/08 23:52:19 Image size of job updated: 274460
	265  -  MemoryUsage of job (MB)
	270800  -  ResidentSetSize of job (KB)
...
006 (4430510.783.000) 09/09 01:02:26 Image size of job updated: 275880
	266  -  MemoryUsage of job (MB)
	272224  -  ResidentSetSize of job (KB)
...
006 (4430510.783.000) 09/09 02:07:33 Image size of job updated: 276752
	267  -  MemoryUsage of job (MB)
	273140  -  ResidentSetSize of job (KB)
...
006 (4430510.783.000) 09/09 02:12:33 Image size of job updated: 276756
	267  -  MemoryUsage of job (MB)
	273140  -  ResidentSetSize of job (KB)
...
006 (4430510.783.000) 09/09 02:22:34 Image size of job updated: 277544
	268  -  MemoryUsage of job (MB)
	273888  -  ResidentSetSize of job (KB)
...
006 (4430510.783.000) 09/09 02:47:36 Image size of job updated: 277764
	268  -  MemoryUsage of job (MB)
	274112  -  ResidentSetSize of job (KB)
...
006 (4430510.783.000) 09/09 02:52:37 Image size of job updated: 277772
	268  -  MemoryUsage of job (MB)
	274112  -  ResidentSetSize of job (KB)
...
006 (4430510.783.000) 09/09 03:12:38 Image size of job updated: 278196
	269  -  MemoryUsage of job (MB)
	274544  -  ResidentSetSize of job (KB)
...
006 (4430510.783.000) 09/09 03:17:39 Image size of job updated: 279020
	269  -  MemoryUsage of job (MB)
	275364  -  ResidentSetSize of job (KB)
...
006 (4430510.783.000) 09/09 04:02:45 Image size of job updated: 279380
	270  -  MemoryUsage of job (MB)
	275816  -  ResidentSetSize of job (KB)
...
006 (4430510.783.000) 09/09 04:07:45 Image size of job updated: 279532
	270  -  MemoryUsage of job (MB)
	275876  -  ResidentSetSize of job (KB)
...
006 (4430510.783.000) 09/09 04:32:48 Image size of job updated: 279548
	270  -  MemoryUsage of job (MB)
	275888  -  ResidentSetSize of job (KB)
...
006 (4430510.783.000) 09/09 04:57:50 Image size of job updated: 279548
	270  -  MemoryUsage of job (MB)
	275920  -  ResidentSetSize of job (KB)
...
006 (4430510.783.000) 09/09 05:02:50 Image size of job updated: 279596
	270  -  MemoryUsage of job (MB)
	275940  -  ResidentSetSize of job (KB)
...
006 (4430510.783.000) 09/09 05:07:50 Image size of job updated: 280432
	271  -  MemoryUsage of job (MB)
	276776  -  ResidentSetSize of job (KB)
...
006 (4430510.783.000) 09/09 05:12:50 Image size of job updated: 281212
	272  -  MemoryUsage of job (MB)
	277556  -  ResidentSetSize of job (KB)
...
006 (4430510.783.000) 09/09 05:37:54 Image size of job updated: 281324
	272  -  MemoryUsage of job (MB)
	277708  -  ResidentSetSize of job (KB)
...
006 (4430510.783.000) 09/09 05:42:55 Image size of job updated: 281384
	272  -  MemoryUsage of job (MB)
	277728  -  ResidentSetSize of job (KB)
...
006 (4430510.783.000) 09/09 05:52:55 Image size of job updated: 281732
	272  -  MemoryUsage of job (MB)
	278080  -  ResidentSetSize of job (KB)
...
006 (4430510.783.000) 09/09 05:57:57 Image size of job updated: 281736
	272  -  MemoryUsage of job (MB)
	278080  -  ResidentSetSize of job (KB)
...
005 (4430510.783.000) 09/09 06:16:03 Job terminated.
	(1) Normal termination (return value 0)
		Usr 0 16:17:28, Sys 0 00:06:06  -  Run Remote Usage
		Usr 0 00:00:00, Sys 0 00:00:00  -  Run Local Usage
		Usr 0 16:17:28, Sys 0 00:06:06  -  Total Remote Usage
		Usr 0 00:00:00, Sys 0 00:00:00  -  Total Local Usage
	3537741  -  Run Bytes Sent By Job
	17284  -  Run Bytes Received By Job
	3537741  -  Total Bytes Sent By Job
	17284  -  Total Bytes Received By Job
	Partitionable Resources :    Usage  Request Allocated
	   Cpus                 :                 1         1
	   Disk (KB)            : 18693737 26214400  31420755
	   Ioheavy              :                           1
	   Memory (MB)          :      272      300       300
...
