000 (4430510.828.000) 09/08 09:59:23 Job submitted from host: <128.105.244.190:9618?addrs=128.105.244.190-9618&noUDP&sock=2714685_05e2_3>
...
001 (4430510.828.000) 09/08 14:06:14 Job executing on host: <128.105.245.48:9618?addrs=128.105.245.48-9618+[--1]-9618&noUDP&sock=4004_2093_3>
...
006 (4430510.828.000) 09/08 14:06:22 Image size of job updated: 556
	1  -  MemoryUsage of job (MB)
	472  -  ResidentSetSize of job (KB)
...
006 (4430510.828.000) 09/08 14:11:23 Image size of job updated: 720
	1  -  MemoryUsage of job (MB)
	548  -  ResidentSetSize of job (KB)
...
006 (4430510.828.000) 09/08 14:16:24 Image size of job updated: 164544
	157  -  MemoryUsage of job (MB)
	160176  -  ResidentSetSize of job (KB)
...
006 (4430510.828.000) 09/08 14:21:24 Image size of job updated: 181944
	175  -  MemoryUsage of job (MB)
	178684  -  ResidentSetSize of job (KB)
...
006 (4430510.828.000) 09/08 14:26:24 Image size of job updated: 192560
	185  -  MemoryUsage of job (MB)
	188844  -  ResidentSetSize of job (KB)
...
006 (4430510.828.000) 09/08 14:31:25 Image size of job updated: 208904
	201  -  MemoryUsage of job (MB)
	205224  -  ResidentSetSize of job (KB)
...
006 (4430510.828.000) 09/08 14:36:25 Image size of job updated: 208964
	201  -  MemoryUsage of job (MB)
	205244  -  ResidentSetSize of job (KB)
...
006 (4430510.828.000) 09/08 14:41:27 Image size of job updated: 209756
	202  -  MemoryUsage of job (MB)
	206036  -  ResidentSetSize of job (KB)
...
006 (4430510.828.000) 09/08 14:46:27 Image size of job updated: 216868
	209  -  MemoryUsage of job (MB)
	213156  -  ResidentSetSize of job (KB)
...
006 (4430510.828.000) 09/08 14:56:29 Image size of job updated: 240376
	232  -  MemoryUsage of job (MB)
	236656  -  ResidentSetSize of job (KB)
...
006 (4430510.828.000) 09/08 15:01:29 Image size of job updated: 245448
	237  -  MemoryUsage of job (MB)
	241816  -  ResidentSetSize of job (KB)
...
006 (4430510.828.000) 09/08 15:06:30 Image size of job updated: 245596
	237  -  MemoryUsage of job (MB)
	241876  -  ResidentSetSize of job (KB)
...
006 (4430510.828.000) 09/08 15:26:31 Image size of job updated: 250344
	241  -  MemoryUsage of job (MB)
	246660  -  ResidentSetSize of job (KB)
...
006 (4430510.828.000) 09/08 15:31:31 Image size of job updated: 250404
	241  -  MemoryUsage of job (MB)
	246680  -  ResidentSetSize of job (KB)
...
006 (4430510.828.000) 09/08 15:41:33 Image size of job updated: 250912
	242  -  MemoryUsage of job (MB)
	247188  -  ResidentSetSize of job (KB)
...
006 (4430510.828.000) 09/08 15:51:35 Image size of job updated: 253788
	245  -  MemoryUsage of job (MB)
	250072  -  ResidentSetSize of job (KB)
...
006 (4430510.828.000) 09/08 15:56:35 Image size of job updated: 255844
	247  -  MemoryUsage of job (MB)
	252120  -  ResidentSetSize of job (KB)
...
006 (4430510.828.000) 09/08 16:01:36 Image size of job updated: 258084
	249  -  MemoryUsage of job (MB)
	254404  -  ResidentSetSize of job (KB)
...
006 (4430510.828.000) 09/08 16:06:36 Image size of job updated: 258148
	249  -  MemoryUsage of job (MB)
	254424  -  ResidentSetSize of job (KB)
...
006 (4430510.828.000) 09/08 17:06:42 Image size of job updated: 258440
	249  -  MemoryUsage of job (MB)
	254716  -  ResidentSetSize of job (KB)
...
006 (4430510.828.000) 09/08 17:16:43 Image size of job updated: 263012
	254  -  MemoryUsage of job (MB)
	259292  -  ResidentSetSize of job (KB)
...
006 (4430510.828.000) 09/08 17:21:44 Image size of job updated: 263016
	254  -  MemoryUsage of job (MB)
	259292  -  ResidentSetSize of job (KB)
...
006 (4430510.828.000) 09/08 17:26:44 Image size of job updated: 263892
	255  -  MemoryUsage of job (MB)
	260212  -  ResidentSetSize of job (KB)
...
006 (4430510.828.000) 09/08 17:31:44 Image size of job updated: 263956
	255  -  MemoryUsage of job (MB)
	260232  -  ResidentSetSize of job (KB)
...
006 (4430510.828.000) 09/08 17:36:46 Image size of job updated: 264756
	255  -  MemoryUsage of job (MB)
	261032  -  ResidentSetSize of job (KB)
...
006 (4430510.828.000) 09/08 19:16:58 Image size of job updated: 265656
	256  -  MemoryUsage of job (MB)
	261972  -  ResidentSetSize of job (KB)
...
006 (4430510.828.000) 09/08 19:21:58 Image size of job updated: 265660
	256  -  MemoryUsage of job (MB)
	261972  -  ResidentSetSize of job (KB)
...
006 (4430510.828.000) 09/08 19:27:00 Image size of job updated: 266300
	257  -  MemoryUsage of job (MB)
	262672  -  ResidentSetSize of job (KB)
...
006 (4430510.828.000) 09/08 19:32:00 Image size of job updated: 266368
	257  -  MemoryUsage of job (MB)
	262696  -  ResidentSetSize of job (KB)
...
006 (4430510.828.000) 09/08 19:52:02 Image size of job updated: 268608
	259  -  MemoryUsage of job (MB)
	264940  -  ResidentSetSize of job (KB)
...
006 (4430510.828.000) 09/08 19:57:02 Image size of job updated: 268612
	259  -  MemoryUsage of job (MB)
	264940  -  ResidentSetSize of job (KB)
...
006 (4430510.828.000) 09/08 20:27:05 Image size of job updated: 269668
	260  -  MemoryUsage of job (MB)
	266000  -  ResidentSetSize of job (KB)
...
006 (4430510.828.000) 09/08 20:32:05 Image size of job updated: 270076
	261  -  MemoryUsage of job (MB)
	266400  -  ResidentSetSize of job (KB)
...
006 (4430510.828.000) 09/08 21:32:11 Image size of job updated: 270316
	261  -  MemoryUsage of job (MB)
	266640  -  ResidentSetSize of job (KB)
...
006 (4430510.828.000) 09/08 21:37:13 Image size of job updated: 272232
	263  -  MemoryUsage of job (MB)
	268604  -  ResidentSetSize of job (KB)
...
006 (4430510.828.000) 09/08 21:42:12 Image size of job updated: 272300
	263  -  MemoryUsage of job (MB)
	268624  -  ResidentSetSize of job (KB)
...
006 (4430510.828.000) 09/08 23:32:22 Image size of job updated: 273568
	264  -  MemoryUsage of job (MB)
	269900  -  ResidentSetSize of job (KB)
...
006 (4430510.828.000) 09/08 23:37:22 Image size of job updated: 273572
	264  -  MemoryUsage of job (MB)
	269900  -  ResidentSetSize of job (KB)
...
006 (4430510.828.000) 09/09 00:22:28 Image size of job updated: 274212
	265  -  MemoryUsage of job (MB)
	270584  -  ResidentSetSize of job (KB)
...
006 (4430510.828.000) 09/09 00:27:28 Image size of job updated: 274276
	265  -  MemoryUsage of job (MB)
	270604  -  ResidentSetSize of job (KB)
...
006 (4430510.828.000) 09/09 00:37:30 Image size of job updated: 276972
	267  -  MemoryUsage of job (MB)
	273300  -  ResidentSetSize of job (KB)
...
006 (4430510.828.000) 09/09 02:57:43 Image size of job updated: 279980
	270  -  MemoryUsage of job (MB)
	276308  -  ResidentSetSize of job (KB)
...
006 (4430510.828.000) 09/09 04:42:54 Image size of job updated: 281360
	272  -  MemoryUsage of job (MB)
	277684  -  ResidentSetSize of job (KB)
...
006 (4430510.828.000) 09/09 04:47:54 Image size of job updated: 281596
	272  -  MemoryUsage of job (MB)
	277924  -  ResidentSetSize of job (KB)
...
005 (4430510.828.000) 09/09 05:39:48 Job terminated.
	(1) Normal termination (return value 0)
		Usr 0 15:10:29, Sys 0 00:05:49  -  Run Remote Usage
		Usr 0 00:00:00, Sys 0 00:00:00  -  Run Local Usage
		Usr 0 15:10:29, Sys 0 00:05:49  -  Total Remote Usage
		Usr 0 00:00:00, Sys 0 00:00:00  -  Total Local Usage
	3533198  -  Run Bytes Sent By Job
	17284  -  Run Bytes Received By Job
	3533198  -  Total Bytes Sent By Job
	17284  -  Total Bytes Received By Job
	Partitionable Resources :    Usage  Request Allocated
	   Cpus                 :                 1         1
	   Disk (KB)            : 18693373 26214400  30171310
	   Ioheavy              :                           1
	   Memory (MB)          :      272      300       300
...
