000 (4430510.067.000) 09/08 09:59:23 Job submitted from host: <128.105.244.190:9618?addrs=128.105.244.190-9618&noUDP&sock=2714685_05e2_3>
...
001 (4430510.067.000) 09/08 11:16:21 Job executing on host: <128.105.245.155:9618?addrs=128.105.245.155-9618+[--1]-9618&noUDP&sock=5506_0bca_3>
...
006 (4430510.067.000) 09/08 11:16:30 Image size of job updated: 476
	1  -  MemoryUsage of job (MB)
	476  -  ResidentSetSize of job (KB)
...
006 (4430510.067.000) 09/08 11:21:31 Image size of job updated: 556
	1  -  MemoryUsage of job (MB)
	556  -  ResidentSetSize of job (KB)
...
006 (4430510.067.000) 09/08 12:21:38 Image size of job updated: 165220
	158  -  MemoryUsage of job (MB)
	160864  -  ResidentSetSize of job (KB)
...
006 (4430510.067.000) 09/08 12:26:39 Image size of job updated: 203144
	195  -  MemoryUsage of job (MB)
	198832  -  ResidentSetSize of job (KB)
...
006 (4430510.067.000) 09/08 12:31:38 Image size of job updated: 203284
	195  -  MemoryUsage of job (MB)
	198884  -  ResidentSetSize of job (KB)
...
006 (4430510.067.000) 09/08 12:36:38 Image size of job updated: 210436
	202  -  MemoryUsage of job (MB)
	206032  -  ResidentSetSize of job (KB)
...
006 (4430510.067.000) 09/08 12:56:41 Image size of job updated: 214500
	206  -  MemoryUsage of job (MB)
	210096  -  ResidentSetSize of job (KB)
...
006 (4430510.067.000) 09/08 13:01:41 Image size of job updated: 214504
	206  -  MemoryUsage of job (MB)
	210096  -  ResidentSetSize of job (KB)
...
006 (4430510.067.000) 09/08 13:16:43 Image size of job updated: 239816
	230  -  MemoryUsage of job (MB)
	235452  -  ResidentSetSize of job (KB)
...
006 (4430510.067.000) 09/08 13:21:43 Image size of job updated: 239872
	230  -  MemoryUsage of job (MB)
	235464  -  ResidentSetSize of job (KB)
...
006 (4430510.067.000) 09/08 13:31:45 Image size of job updated: 249580
	240  -  MemoryUsage of job (MB)
	245212  -  ResidentSetSize of job (KB)
...
006 (4430510.067.000) 09/08 13:36:45 Image size of job updated: 249632
	240  -  MemoryUsage of job (MB)
	245224  -  ResidentSetSize of job (KB)
...
006 (4430510.067.000) 09/08 13:41:45 Image size of job updated: 250432
	241  -  MemoryUsage of job (MB)
	246024  -  ResidentSetSize of job (KB)
...
006 (4430510.067.000) 09/08 13:46:45 Image size of job updated: 252160
	242  -  MemoryUsage of job (MB)
	247756  -  ResidentSetSize of job (KB)
...
006 (4430510.067.000) 09/08 13:51:47 Image size of job updated: 252164
	242  -  MemoryUsage of job (MB)
	247756  -  ResidentSetSize of job (KB)
...
006 (4430510.067.000) 09/08 14:01:47 Image size of job updated: 254860
	245  -  MemoryUsage of job (MB)
	250492  -  ResidentSetSize of job (KB)
...
006 (4430510.067.000) 09/08 14:06:48 Image size of job updated: 254912
	245  -  MemoryUsage of job (MB)
	250504  -  ResidentSetSize of job (KB)
...
006 (4430510.067.000) 09/08 14:31:50 Image size of job updated: 257468
	248  -  MemoryUsage of job (MB)
	253100  -  ResidentSetSize of job (KB)
...
006 (4430510.067.000) 09/08 14:36:50 Image size of job updated: 257520
	248  -  MemoryUsage of job (MB)
	253112  -  ResidentSetSize of job (KB)
...
006 (4430510.067.000) 09/08 14:41:51 Image size of job updated: 257524
	248  -  MemoryUsage of job (MB)
	253112  -  ResidentSetSize of job (KB)
...
006 (4430510.067.000) 09/08 14:46:53 Image size of job updated: 259988
	250  -  MemoryUsage of job (MB)
	255620  -  ResidentSetSize of job (KB)
...
006 (4430510.067.000) 09/08 14:51:53 Image size of job updated: 260040
	250  -  MemoryUsage of job (MB)
	255632  -  ResidentSetSize of job (KB)
...
006 (4430510.067.000) 09/08 14:56:53 Image size of job updated: 260524
	251  -  MemoryUsage of job (MB)
	256116  -  ResidentSetSize of job (KB)
...
006 (4430510.067.000) 09/08 15:16:56 Image size of job updated: 260732
	251  -  MemoryUsage of job (MB)
	256324  -  ResidentSetSize of job (KB)
...
006 (4430510.067.000) 09/08 15:21:56 Image size of job updated: 261708
	252  -  MemoryUsage of job (MB)
	257308  -  ResidentSetSize of job (KB)
...
006 (4430510.067.000) 09/08 15:26:56 Image size of job updated: 261716
	252  -  MemoryUsage of job (MB)
	257308  -  ResidentSetSize of job (KB)
...
006 (4430510.067.000) 09/08 15:56:59 Image size of job updated: 261948
	252  -  MemoryUsage of job (MB)
	257544  -  ResidentSetSize of job (KB)
...
006 (4430510.067.000) 09/08 16:01:59 Image size of job updated: 261952
	252  -  MemoryUsage of job (MB)
	257544  -  ResidentSetSize of job (KB)
...
006 (4430510.067.000) 09/08 16:12:02 Image size of job updated: 261952
	252  -  MemoryUsage of job (MB)
	257584  -  ResidentSetSize of job (KB)
...
006 (4430510.067.000) 09/08 16:17:02 Image size of job updated: 262004
	252  -  MemoryUsage of job (MB)
	257596  -  ResidentSetSize of job (KB)
...
006 (4430510.067.000) 09/08 16:22:02 Image size of job updated: 262008
	252  -  MemoryUsage of job (MB)
	257596  -  ResidentSetSize of job (KB)
...
006 (4430510.067.000) 09/08 16:52:06 Image size of job updated: 262492
	253  -  MemoryUsage of job (MB)
	258088  -  ResidentSetSize of job (KB)
...
006 (4430510.067.000) 09/08 16:57:06 Image size of job updated: 262496
	253  -  MemoryUsage of job (MB)
	258088  -  ResidentSetSize of job (KB)
...
006 (4430510.067.000) 09/08 17:07:07 Image size of job updated: 263340
	253  -  MemoryUsage of job (MB)
	258972  -  ResidentSetSize of job (KB)
...
006 (4430510.067.000) 09/08 17:12:11 Image size of job updated: 263392
	253  -  MemoryUsage of job (MB)
	258984  -  ResidentSetSize of job (KB)
...
006 (4430510.067.000) 09/08 17:27:10 Image size of job updated: 266260
	256  -  MemoryUsage of job (MB)
	261856  -  ResidentSetSize of job (KB)
...
006 (4430510.067.000) 09/08 17:32:10 Image size of job updated: 266264
	256  -  MemoryUsage of job (MB)
	261856  -  ResidentSetSize of job (KB)
...
006 (4430510.067.000) 09/08 17:37:10 Image size of job updated: 266268
	256  -  MemoryUsage of job (MB)
	261856  -  ResidentSetSize of job (KB)
...
006 (4430510.067.000) 09/08 18:32:15 Image size of job updated: 269508
	259  -  MemoryUsage of job (MB)
	265144  -  ResidentSetSize of job (KB)
...
006 (4430510.067.000) 09/08 18:37:15 Image size of job updated: 269568
	259  -  MemoryUsage of job (MB)
	265156  -  ResidentSetSize of job (KB)
...
006 (4430510.067.000) 09/08 20:02:24 Image size of job updated: 269604
	259  -  MemoryUsage of job (MB)
	265200  -  ResidentSetSize of job (KB)
...
006 (4430510.067.000) 09/08 20:07:25 Image size of job updated: 269608
	259  -  MemoryUsage of job (MB)
	265200  -  ResidentSetSize of job (KB)
...
006 (4430510.067.000) 09/08 20:12:26 Image size of job updated: 269612
	259  -  MemoryUsage of job (MB)
	265200  -  ResidentSetSize of job (KB)
...
006 (4430510.067.000) 09/08 20:52:29 Image size of job updated: 272108
	262  -  MemoryUsage of job (MB)
	267700  -  ResidentSetSize of job (KB)
...
006 (4430510.067.000) 09/08 21:07:32 Image size of job updated: 272220
	262  -  MemoryUsage of job (MB)
	267852  -  ResidentSetSize of job (KB)
...
006 (4430510.067.000) 09/08 21:12:32 Image size of job updated: 272272
	262  -  MemoryUsage of job (MB)
	267864  -  ResidentSetSize of job (KB)
...
006 (4430510.067.000) 09/08 23:07:42 Image size of job updated: 272872
	263  -  MemoryUsage of job (MB)
	268504  -  ResidentSetSize of job (KB)
...
006 (4430510.067.000) 09/08 23:12:43 Image size of job updated: 272924
	263  -  MemoryUsage of job (MB)
	268516  -  ResidentSetSize of job (KB)
...
006 (4430510.067.000) 09/08 23:27:44 Image size of job updated: 274124
	264  -  MemoryUsage of job (MB)
	269756  -  ResidentSetSize of job (KB)
...
006 (4430510.067.000) 09/08 23:32:44 Image size of job updated: 274176
	264  -  MemoryUsage of job (MB)
	269768  -  ResidentSetSize of job (KB)
...
006 (4430510.067.000) 09/09 01:02:55 Image size of job updated: 275072
	265  -  MemoryUsage of job (MB)
	270708  -  ResidentSetSize of job (KB)
...
006 (4430510.067.000) 09/09 01:07:55 Image size of job updated: 275124
	265  -  MemoryUsage of job (MB)
	270720  -  ResidentSetSize of job (KB)
...
006 (4430510.067.000) 09/09 02:13:03 Image size of job updated: 275548
	265  -  MemoryUsage of job (MB)
	271144  -  ResidentSetSize of job (KB)
...
006 (4430510.067.000) 09/09 02:23:03 Image size of job updated: 275960
	266  -  MemoryUsage of job (MB)
	271556  -  ResidentSetSize of job (KB)
...
006 (4430510.067.000) 09/09 02:33:05 Image size of job updated: 276812
	267  -  MemoryUsage of job (MB)
	272408  -  ResidentSetSize of job (KB)
...
006 (4430510.067.000) 09/09 02:38:06 Image size of job updated: 277948
	268  -  MemoryUsage of job (MB)
	273584  -  ResidentSetSize of job (KB)
...
006 (4430510.067.000) 09/09 02:43:06 Image size of job updated: 278000
	268  -  MemoryUsage of job (MB)
	273596  -  ResidentSetSize of job (KB)
...
006 (4430510.067.000) 09/09 04:48:19 Image size of job updated: 278216
	268  -  MemoryUsage of job (MB)
	273852  -  ResidentSetSize of job (KB)
...
006 (4430510.067.000) 09/09 04:53:19 Image size of job updated: 278268
	268  -  MemoryUsage of job (MB)
	273864  -  ResidentSetSize of job (KB)
...
006 (4430510.067.000) 09/09 05:28:22 Image size of job updated: 278444
	268  -  MemoryUsage of job (MB)
	274080  -  ResidentSetSize of job (KB)
...
006 (4430510.067.000) 09/09 05:33:24 Image size of job updated: 278496
	268  -  MemoryUsage of job (MB)
	274092  -  ResidentSetSize of job (KB)
...
006 (4430510.067.000) 09/09 06:43:32 Image size of job updated: 280028
	269  -  MemoryUsage of job (MB)
	274728  -  ResidentSetSize of job (KB)
...
006 (4430510.067.000) 09/09 07:58:40 Image size of job updated: 281148
	270  -  MemoryUsage of job (MB)
	275892  -  ResidentSetSize of job (KB)
...
006 (4430510.067.000) 09/09 08:03:40 Image size of job updated: 281200
	270  -  MemoryUsage of job (MB)
	275904  -  ResidentSetSize of job (KB)
...
006 (4430510.067.000) 09/09 08:33:43 Image size of job updated: 283528
	272  -  MemoryUsage of job (MB)
	278272  -  ResidentSetSize of job (KB)
...
006 (4430510.067.000) 09/09 08:38:43 Image size of job updated: 283580
	272  -  MemoryUsage of job (MB)
	278284  -  ResidentSetSize of job (KB)
...
006 (4430510.067.000) 09/09 09:08:46 Image size of job updated: 283944
	273  -  MemoryUsage of job (MB)
	278652  -  ResidentSetSize of job (KB)
...
006 (4430510.067.000) 09/09 09:13:47 Image size of job updated: 283952
	273  -  MemoryUsage of job (MB)
	278652  -  ResidentSetSize of job (KB)
...
005 (4430510.067.000) 09/09 10:58:13 Job terminated.
	(1) Normal termination (return value 0)
		Usr 0 21:55:43, Sys 0 00:05:29  -  Run Remote Usage
		Usr 0 00:00:00, Sys 0 00:00:00  -  Run Local Usage
		Usr 0 21:55:43, Sys 0 00:05:29  -  Total Remote Usage
		Usr 0 00:00:00, Sys 0 00:00:00  -  Total Local Usage
	3538759  -  Run Bytes Sent By Job
	17284  -  Run Bytes Received By Job
	3538759  -  Total Bytes Sent By Job
	17284  -  Total Bytes Received By Job
	Partitionable Resources :    Usage  Request Allocated
	   Cpus                 :                 1         1
	   Disk (KB)            : 22159800 26214400  27595520
	   Ioheavy              :                           1
	   Memory (MB)          :      273      300       300
...
