000 (4430510.249.000) 09/08 09:59:23 Job submitted from host: <128.105.244.190:9618?addrs=128.105.244.190-9618&noUDP&sock=2714685_05e2_3>
...
001 (4430510.249.000) 09/08 11:24:31 Job executing on host: <128.105.245.160:9618?addrs=128.105.245.160-9618+[--1]-9618&noUDP&sock=5514_7d64_3>
...
006 (4430510.249.000) 09/08 11:24:40 Image size of job updated: 472
	1  -  MemoryUsage of job (MB)
	472  -  ResidentSetSize of job (KB)
...
006 (4430510.249.000) 09/08 11:34:41 Image size of job updated: 556
	1  -  MemoryUsage of job (MB)
	556  -  ResidentSetSize of job (KB)
...
006 (4430510.249.000) 09/08 13:40:00 Image size of job updated: 15416
	15  -  MemoryUsage of job (MB)
	14492  -  ResidentSetSize of job (KB)
...
006 (4430510.249.000) 09/08 13:44:55 Image size of job updated: 165592
	158  -  MemoryUsage of job (MB)
	161240  -  ResidentSetSize of job (KB)
...
006 (4430510.249.000) 09/08 13:49:56 Image size of job updated: 188980
	181  -  MemoryUsage of job (MB)
	184664  -  ResidentSetSize of job (KB)
...
006 (4430510.249.000) 09/08 13:54:57 Image size of job updated: 189032
	181  -  MemoryUsage of job (MB)
	184676  -  ResidentSetSize of job (KB)
...
006 (4430510.249.000) 09/08 13:59:57 Image size of job updated: 204800
	181  -  MemoryUsage of job (MB)
	184676  -  ResidentSetSize of job (KB)
...
006 (4430510.249.000) 09/08 14:04:57 Image size of job updated: 204860
	181  -  MemoryUsage of job (MB)
	184676  -  ResidentSetSize of job (KB)
...
006 (4430510.249.000) 09/08 14:09:57 Image size of job updated: 216108
	186  -  MemoryUsage of job (MB)
	190196  -  ResidentSetSize of job (KB)
...
006 (4430510.249.000) 09/08 14:14:58 Image size of job updated: 216120
	186  -  MemoryUsage of job (MB)
	190196  -  ResidentSetSize of job (KB)
...
006 (4430510.249.000) 09/08 14:19:58 Image size of job updated: 217476
	188  -  MemoryUsage of job (MB)
	191560  -  ResidentSetSize of job (KB)
...
006 (4430510.249.000) 09/08 14:25:00 Image size of job updated: 217484
	188  -  MemoryUsage of job (MB)
	191560  -  ResidentSetSize of job (KB)
...
006 (4430510.249.000) 09/08 14:30:01 Image size of job updated: 218432
	189  -  MemoryUsage of job (MB)
	192556  -  ResidentSetSize of job (KB)
...
006 (4430510.249.000) 09/08 14:35:01 Image size of job updated: 218488
	189  -  MemoryUsage of job (MB)
	192568  -  ResidentSetSize of job (KB)
...
006 (4430510.249.000) 09/08 14:40:01 Image size of job updated: 245992
	215  -  MemoryUsage of job (MB)
	220116  -  ResidentSetSize of job (KB)
...
006 (4430510.249.000) 09/08 14:45:02 Image size of job updated: 246048
	215  -  MemoryUsage of job (MB)
	220128  -  ResidentSetSize of job (KB)
...
006 (4430510.249.000) 09/08 14:55:03 Image size of job updated: 252424
	222  -  MemoryUsage of job (MB)
	226504  -  ResidentSetSize of job (KB)
...
006 (4430510.249.000) 09/08 15:05:05 Image size of job updated: 252564
	222  -  MemoryUsage of job (MB)
	226644  -  ResidentSetSize of job (KB)
...
006 (4430510.249.000) 09/08 15:10:05 Image size of job updated: 255024
	224  -  MemoryUsage of job (MB)
	229112  -  ResidentSetSize of job (KB)
...
006 (4430510.249.000) 09/08 15:15:05 Image size of job updated: 255036
	224  -  MemoryUsage of job (MB)
	229112  -  ResidentSetSize of job (KB)
...
006 (4430510.249.000) 09/08 15:20:07 Image size of job updated: 255864
	225  -  MemoryUsage of job (MB)
	229940  -  ResidentSetSize of job (KB)
...
006 (4430510.249.000) 09/08 15:35:09 Image size of job updated: 255936
	225  -  MemoryUsage of job (MB)
	230016  -  ResidentSetSize of job (KB)
...
006 (4430510.249.000) 09/08 15:40:09 Image size of job updated: 260340
	229  -  MemoryUsage of job (MB)
	234428  -  ResidentSetSize of job (KB)
...
006 (4430510.249.000) 09/08 15:45:09 Image size of job updated: 260344
	229  -  MemoryUsage of job (MB)
	234428  -  ResidentSetSize of job (KB)
...
006 (4430510.249.000) 09/08 15:50:11 Image size of job updated: 260348
	229  -  MemoryUsage of job (MB)
	234428  -  ResidentSetSize of job (KB)
...
006 (4430510.249.000) 09/08 16:10:13 Image size of job updated: 260436
	230  -  MemoryUsage of job (MB)
	234556  -  ResidentSetSize of job (KB)
...
006 (4430510.249.000) 09/08 16:15:14 Image size of job updated: 260488
	230  -  MemoryUsage of job (MB)
	234568  -  ResidentSetSize of job (KB)
...
006 (4430510.249.000) 09/08 16:45:16 Image size of job updated: 262156
	230  -  MemoryUsage of job (MB)
	234568  -  ResidentSetSize of job (KB)
...
006 (4430510.249.000) 09/08 16:50:16 Image size of job updated: 262160
	230  -  MemoryUsage of job (MB)
	234568  -  ResidentSetSize of job (KB)
...
006 (4430510.249.000) 09/08 16:55:16 Image size of job updated: 262164
	230  -  MemoryUsage of job (MB)
	234568  -  ResidentSetSize of job (KB)
...
006 (4430510.249.000) 09/08 17:20:21 Image size of job updated: 262896
	230  -  MemoryUsage of job (MB)
	234936  -  ResidentSetSize of job (KB)
...
006 (4430510.249.000) 09/08 17:50:23 Image size of job updated: 263936
	231  -  MemoryUsage of job (MB)
	235984  -  ResidentSetSize of job (KB)
...
006 (4430510.249.000) 09/08 17:55:23 Image size of job updated: 264080
	231  -  MemoryUsage of job (MB)
	236036  -  ResidentSetSize of job (KB)
...
006 (4430510.249.000) 09/08 18:20:26 Image size of job updated: 264572
	231  -  MemoryUsage of job (MB)
	236528  -  ResidentSetSize of job (KB)
...
006 (4430510.249.000) 09/08 18:45:28 Image size of job updated: 265424
	232  -  MemoryUsage of job (MB)
	237380  -  ResidentSetSize of job (KB)
...
006 (4430510.249.000) 09/08 18:55:28 Image size of job updated: 266176
	233  -  MemoryUsage of job (MB)
	238132  -  ResidentSetSize of job (KB)
...
006 (4430510.249.000) 09/08 19:00:28 Image size of job updated: 266632
	234  -  MemoryUsage of job (MB)
	238628  -  ResidentSetSize of job (KB)
...
006 (4430510.249.000) 09/08 19:05:28 Image size of job updated: 266684
	234  -  MemoryUsage of job (MB)
	238640  -  ResidentSetSize of job (KB)
...
006 (4430510.249.000) 09/08 19:15:31 Image size of job updated: 267360
	234  -  MemoryUsage of job (MB)
	239356  -  ResidentSetSize of job (KB)
...
006 (4430510.249.000) 09/08 19:20:31 Image size of job updated: 267412
	234  -  MemoryUsage of job (MB)
	239368  -  ResidentSetSize of job (KB)
...
006 (4430510.249.000) 09/08 19:30:31 Image size of job updated: 268704
	236  -  MemoryUsage of job (MB)
	240700  -  ResidentSetSize of job (KB)
...
006 (4430510.249.000) 09/08 19:35:33 Image size of job updated: 268756
	236  -  MemoryUsage of job (MB)
	240712  -  ResidentSetSize of job (KB)
...
006 (4430510.249.000) 09/08 20:35:39 Image size of job updated: 269108
	236  -  MemoryUsage of job (MB)
	241104  -  ResidentSetSize of job (KB)
...
006 (4430510.249.000) 09/08 20:40:39 Image size of job updated: 269160
	236  -  MemoryUsage of job (MB)
	241116  -  ResidentSetSize of job (KB)
...
006 (4430510.249.000) 09/08 21:40:47 Image size of job updated: 270504
	236  -  MemoryUsage of job (MB)
	241116  -  ResidentSetSize of job (KB)
...
006 (4430510.249.000) 09/08 21:45:47 Image size of job updated: 270556
	236  -  MemoryUsage of job (MB)
	241116  -  ResidentSetSize of job (KB)
...
006 (4430510.249.000) 09/08 22:00:49 Image size of job updated: 271180
	236  -  MemoryUsage of job (MB)
	241116  -  ResidentSetSize of job (KB)
...
006 (4430510.249.000) 09/08 22:15:51 Image size of job updated: 271724
	236  -  MemoryUsage of job (MB)
	241116  -  ResidentSetSize of job (KB)
...
006 (4430510.249.000) 09/08 22:20:51 Image size of job updated: 271776
	236  -  MemoryUsage of job (MB)
	241116  -  ResidentSetSize of job (KB)
...
006 (4430510.249.000) 09/08 22:35:52 Image size of job updated: 272052
	236  -  MemoryUsage of job (MB)
	241132  -  ResidentSetSize of job (KB)
...
006 (4430510.249.000) 09/08 22:40:52 Image size of job updated: 272056
	236  -  MemoryUsage of job (MB)
	241132  -  ResidentSetSize of job (KB)
...
006 (4430510.249.000) 09/08 22:45:52 Image size of job updated: 272060
	236  -  MemoryUsage of job (MB)
	241132  -  ResidentSetSize of job (KB)
...
006 (4430510.249.000) 09/08 23:30:57 Image size of job updated: 272880
	237  -  MemoryUsage of job (MB)
	241960  -  ResidentSetSize of job (KB)
...
006 (4430510.249.000) 09/08 23:35:57 Image size of job updated: 272884
	237  -  MemoryUsage of job (MB)
	241960  -  ResidentSetSize of job (KB)
...
006 (4430510.249.000) 09/08 23:45:58 Image size of job updated: 272884
	237  -  MemoryUsage of job (MB)
	241992  -  ResidentSetSize of job (KB)
...
006 (4430510.249.000) 09/08 23:50:58 Image size of job updated: 272928
	237  -  MemoryUsage of job (MB)
	242004  -  ResidentSetSize of job (KB)
...
006 (4430510.249.000) 09/09 00:21:01 Image size of job updated: 275796
	240  -  MemoryUsage of job (MB)
	244876  -  ResidentSetSize of job (KB)
...
006 (4430510.249.000) 09/09 00:26:02 Image size of job updated: 275800
	240  -  MemoryUsage of job (MB)
	244876  -  ResidentSetSize of job (KB)
...
006 (4430510.249.000) 09/09 00:51:04 Image size of job updated: 276184
	240  -  MemoryUsage of job (MB)
	245300  -  ResidentSetSize of job (KB)
...
006 (4430510.249.000) 09/09 00:56:04 Image size of job updated: 276240
	240  -  MemoryUsage of job (MB)
	245312  -  ResidentSetSize of job (KB)
...
006 (4430510.249.000) 09/09 02:21:15 Image size of job updated: 277248
	241  -  MemoryUsage of job (MB)
	246364  -  ResidentSetSize of job (KB)
...
006 (4430510.249.000) 09/09 02:26:15 Image size of job updated: 277304
	241  -  MemoryUsage of job (MB)
	246376  -  ResidentSetSize of job (KB)
...
006 (4430510.249.000) 09/09 04:46:29 Image size of job updated: 279424
	243  -  MemoryUsage of job (MB)
	248592  -  ResidentSetSize of job (KB)
...
006 (4430510.249.000) 09/09 04:51:29 Image size of job updated: 279572
	243  -  MemoryUsage of job (MB)
	248644  -  ResidentSetSize of job (KB)
...
006 (4430510.249.000) 09/09 05:01:31 Image size of job updated: 280384
	244  -  MemoryUsage of job (MB)
	249456  -  ResidentSetSize of job (KB)
...
006 (4430510.249.000) 09/09 07:41:49 Image size of job updated: 281156
	245  -  MemoryUsage of job (MB)
	250232  -  ResidentSetSize of job (KB)
...
006 (4430510.249.000) 09/09 08:16:53 Image size of job updated: 281496
	245  -  MemoryUsage of job (MB)
	250612  -  ResidentSetSize of job (KB)
...
006 (4430510.249.000) 09/09 08:21:53 Image size of job updated: 281548
	245  -  MemoryUsage of job (MB)
	250624  -  ResidentSetSize of job (KB)
...
006 (4430510.249.000) 09/09 10:32:09 Image size of job updated: 281928
	246  -  MemoryUsage of job (MB)
	251004  -  ResidentSetSize of job (KB)
...
006 (4430510.249.000) 09/09 10:42:10 Image size of job updated: 282800
	247  -  MemoryUsage of job (MB)
	251916  -  ResidentSetSize of job (KB)
...
006 (4430510.249.000) 09/09 10:47:11 Image size of job updated: 282852
	247  -  MemoryUsage of job (MB)
	251928  -  ResidentSetSize of job (KB)
...
006 (4430510.249.000) 09/09 11:02:12 Image size of job updated: 283104
	247  -  MemoryUsage of job (MB)
	252184  -  ResidentSetSize of job (KB)
...
006 (4430510.249.000) 09/09 11:07:12 Image size of job updated: 283912
	248  -  MemoryUsage of job (MB)
	252988  -  ResidentSetSize of job (KB)
...
005 (4430510.249.000) 09/09 11:30:46 Job terminated.
	(1) Normal termination (return value 0)
		Usr 0 21:07:17, Sys 0 00:04:39  -  Run Remote Usage
		Usr 0 00:00:00, Sys 0 00:00:00  -  Run Local Usage
		Usr 0 21:07:17, Sys 0 00:04:39  -  Total Remote Usage
		Usr 0 00:00:00, Sys 0 00:00:00  -  Total Local Usage
	3538248  -  Run Bytes Sent By Job
	17284  -  Run Bytes Received By Job
	3538248  -  Total Bytes Sent By Job
	17284  -  Total Bytes Received By Job
	Partitionable Resources :    Usage  Request Allocated
	   Cpus                 :                 1         1
	   Disk (KB)            : 21462105 26214400  26496630
	   Ioheavy              :                           1
	   Memory (MB)          :      248      300       300
...
