000 (4430510.004.000) 09/08 09:59:23 Job submitted from host: <128.105.244.190:9618?addrs=128.105.244.190-9618&noUDP&sock=2714685_05e2_3>
...
001 (4430510.004.000) 09/08 10:14:46 Job executing on host: <128.105.245.37:9618?addrs=128.105.245.37-9618+[--1]-9618&noUDP&sock=17140_dd54_3>
...
006 (4430510.004.000) 09/08 10:14:54 Image size of job updated: 580
	1  -  MemoryUsage of job (MB)
	492  -  ResidentSetSize of job (KB)
...
006 (4430510.004.000) 09/08 10:24:55 Image size of job updated: 165324
	158  -  MemoryUsage of job (MB)
	160892  -  ResidentSetSize of job (KB)
...
006 (4430510.004.000) 09/08 10:29:56 Image size of job updated: 197568
	189  -  MemoryUsage of job (MB)
	193172  -  ResidentSetSize of job (KB)
...
006 (4430510.004.000) 09/08 10:34:57 Image size of job updated: 197632
	189  -  MemoryUsage of job (MB)
	193172  -  ResidentSetSize of job (KB)
...
006 (4430510.004.000) 09/08 10:39:57 Image size of job updated: 203292
	189  -  MemoryUsage of job (MB)
	193172  -  ResidentSetSize of job (KB)
...
006 (4430510.004.000) 09/08 11:05:00 Image size of job updated: 217376
	189  -  MemoryUsage of job (MB)
	193172  -  ResidentSetSize of job (KB)
...
006 (4430510.004.000) 09/08 11:10:01 Image size of job updated: 217380
	189  -  MemoryUsage of job (MB)
	193172  -  ResidentSetSize of job (KB)
...
006 (4430510.004.000) 09/08 11:25:01 Image size of job updated: 245660
	215  -  MemoryUsage of job (MB)
	219664  -  ResidentSetSize of job (KB)
...
006 (4430510.004.000) 09/08 11:30:03 Image size of job updated: 245716
	215  -  MemoryUsage of job (MB)
	219684  -  ResidentSetSize of job (KB)
...
006 (4430510.004.000) 09/08 11:40:35 Image size of job updated: 248708
	219  -  MemoryUsage of job (MB)
	223356  -  ResidentSetSize of job (KB)
...
006 (4430510.004.000) 09/08 11:45:05 Image size of job updated: 248752
	219  -  MemoryUsage of job (MB)
	223376  -  ResidentSetSize of job (KB)
...
006 (4430510.004.000) 09/08 12:00:16 Image size of job updated: 250220
	220  -  MemoryUsage of job (MB)
	224836  -  ResidentSetSize of job (KB)
...
006 (4430510.004.000) 09/08 12:45:09 Image size of job updated: 253392
	225  -  MemoryUsage of job (MB)
	229412  -  ResidentSetSize of job (KB)
...
006 (4430510.004.000) 09/08 12:50:09 Image size of job updated: 257144
	227  -  MemoryUsage of job (MB)
	231796  -  ResidentSetSize of job (KB)
...
006 (4430510.004.000) 09/08 12:55:10 Image size of job updated: 257204
	227  -  MemoryUsage of job (MB)
	231816  -  ResidentSetSize of job (KB)
...
006 (4430510.004.000) 09/08 13:00:10 Image size of job updated: 258020
	228  -  MemoryUsage of job (MB)
	232632  -  ResidentSetSize of job (KB)
...
006 (4430510.004.000) 09/08 13:05:10 Image size of job updated: 258728
	228  -  MemoryUsage of job (MB)
	233384  -  ResidentSetSize of job (KB)
...
006 (4430510.004.000) 09/08 13:10:11 Image size of job updated: 258792
	228  -  MemoryUsage of job (MB)
	233404  -  ResidentSetSize of job (KB)
...
006 (4430510.004.000) 09/08 13:15:11 Image size of job updated: 259368
	229  -  MemoryUsage of job (MB)
	233980  -  ResidentSetSize of job (KB)
...
006 (4430510.004.000) 09/08 13:20:12 Image size of job updated: 260976
	231  -  MemoryUsage of job (MB)
	235632  -  ResidentSetSize of job (KB)
...
006 (4430510.004.000) 09/08 13:25:12 Image size of job updated: 261040
	231  -  MemoryUsage of job (MB)
	235652  -  ResidentSetSize of job (KB)
...
006 (4430510.004.000) 09/08 13:50:14 Image size of job updated: 261592
	231  -  MemoryUsage of job (MB)
	235652  -  ResidentSetSize of job (KB)
...
006 (4430510.004.000) 09/08 14:05:15 Image size of job updated: 261964
	231  -  MemoryUsage of job (MB)
	235652  -  ResidentSetSize of job (KB)
...
006 (4430510.004.000) 09/08 14:50:20 Image size of job updated: 263868
	232  -  MemoryUsage of job (MB)
	236844  -  ResidentSetSize of job (KB)
...
006 (4430510.004.000) 09/08 14:55:20 Image size of job updated: 263872
	232  -  MemoryUsage of job (MB)
	236844  -  ResidentSetSize of job (KB)
...
006 (4430510.004.000) 09/08 15:00:20 Image size of job updated: 264676
	233  -  MemoryUsage of job (MB)
	237648  -  ResidentSetSize of job (KB)
...
006 (4430510.004.000) 09/08 19:15:29 Image size of job updated: 267460
	233  -  MemoryUsage of job (MB)
	237648  -  ResidentSetSize of job (KB)
...
006 (4430510.004.000) 09/08 19:20:29 Image size of job updated: 267520
	233  -  MemoryUsage of job (MB)
	237648  -  ResidentSetSize of job (KB)
...
006 (4430510.004.000) 09/08 22:35:51 Image size of job updated: 269044
	233  -  MemoryUsage of job (MB)
	237648  -  ResidentSetSize of job (KB)
...
006 (4430510.004.000) 09/08 22:40:51 Image size of job updated: 269188
	233  -  MemoryUsage of job (MB)
	237648  -  ResidentSetSize of job (KB)
...
006 (4430510.004.000) 09/09 00:21:00 Image size of job updated: 271180
	233  -  MemoryUsage of job (MB)
	238584  -  ResidentSetSize of job (KB)
...
006 (4430510.004.000) 09/09 00:26:00 Image size of job updated: 271244
	233  -  MemoryUsage of job (MB)
	238584  -  ResidentSetSize of job (KB)
...
006 (4430510.004.000) 09/09 01:01:05 Image size of job updated: 274752
	233  -  MemoryUsage of job (MB)
	238584  -  ResidentSetSize of job (KB)
...
006 (4430510.004.000) 09/09 01:06:05 Image size of job updated: 274812
	233  -  MemoryUsage of job (MB)
	238584  -  ResidentSetSize of job (KB)
...
006 (4430510.004.000) 09/09 01:46:09 Image size of job updated: 275200
	233  -  MemoryUsage of job (MB)
	238584  -  ResidentSetSize of job (KB)
...
006 (4430510.004.000) 09/09 01:51:11 Image size of job updated: 275204
	233  -  MemoryUsage of job (MB)
	238584  -  ResidentSetSize of job (KB)
...
006 (4430510.004.000) 09/09 02:21:14 Image size of job updated: 277332
	239  -  MemoryUsage of job (MB)
	243748  -  ResidentSetSize of job (KB)
...
006 (4430510.004.000) 09/09 02:26:14 Image size of job updated: 277472
	239  -  MemoryUsage of job (MB)
	243748  -  ResidentSetSize of job (KB)
...
006 (4430510.004.000) 09/09 02:31:14 Image size of job updated: 277476
	239  -  MemoryUsage of job (MB)
	243748  -  ResidentSetSize of job (KB)
...
006 (4430510.004.000) 09/09 02:46:16 Image size of job updated: 277484
	239  -  MemoryUsage of job (MB)
	243748  -  ResidentSetSize of job (KB)
...
006 (4430510.004.000) 09/09 05:21:34 Image size of job updated: 277680
	239  -  MemoryUsage of job (MB)
	243748  -  ResidentSetSize of job (KB)
...
006 (4430510.004.000) 09/09 05:41:36 Image size of job updated: 278144
	239  -  MemoryUsage of job (MB)
	243748  -  ResidentSetSize of job (KB)
...
006 (4430510.004.000) 09/09 05:46:37 Image size of job updated: 278208
	239  -  MemoryUsage of job (MB)
	243748  -  ResidentSetSize of job (KB)
...
006 (4430510.004.000) 09/09 05:56:38 Image size of job updated: 278464
	239  -  MemoryUsage of job (MB)
	243748  -  ResidentSetSize of job (KB)
...
006 (4430510.004.000) 09/09 07:01:45 Image size of job updated: 279216
	239  -  MemoryUsage of job (MB)
	243748  -  ResidentSetSize of job (KB)
...
006 (4430510.004.000) 09/09 07:06:45 Image size of job updated: 279276
	239  -  MemoryUsage of job (MB)
	243748  -  ResidentSetSize of job (KB)
...
006 (4430510.004.000) 09/09 08:26:55 Image size of job updated: 279300
	239  -  MemoryUsage of job (MB)
	243748  -  ResidentSetSize of job (KB)
...
006 (4430510.004.000) 09/09 08:31:57 Image size of job updated: 279364
	239  -  MemoryUsage of job (MB)
	243748  -  ResidentSetSize of job (KB)
...
006 (4430510.004.000) 09/09 09:17:01 Image size of job updated: 280132
	239  -  MemoryUsage of job (MB)
	243748  -  ResidentSetSize of job (KB)
...
006 (4430510.004.000) 09/09 10:42:11 Image size of job updated: 281328
	239  -  MemoryUsage of job (MB)
	243748  -  ResidentSetSize of job (KB)
...
006 (4430510.004.000) 09/09 11:17:13 Image size of job updated: 282740
	239  -  MemoryUsage of job (MB)
	243748  -  ResidentSetSize of job (KB)
...
005 (4430510.004.000) 09/09 11:19:40 Job terminated.
	(1) Normal termination (return value 0)
		Usr 0 23:01:21, Sys 0 00:06:18  -  Run Remote Usage
		Usr 0 00:00:00, Sys 0 00:00:00  -  Run Local Usage
		Usr 0 23:01:21, Sys 0 00:06:18  -  Total Remote Usage
		Usr 0 00:00:00, Sys 0 00:00:00  -  Total Local Usage
	3537018  -  Run Bytes Sent By Job
	17284  -  Run Bytes Received By Job
	3537018  -  Total Bytes Sent By Job
	17284  -  Total Bytes Received By Job
	Partitionable Resources :    Usage  Request Allocated
	   Cpus                 :                 1         1
	   Disk (KB)            : 20226786 26214400  34506280
	   Ioheavy              :                           1
	   Memory (MB)          :      239      300       300
...
