000 (4430510.775.000) 09/08 09:59:23 Job submitted from host: <128.105.244.190:9618?addrs=128.105.244.190-9618&noUDP&sock=2714685_05e2_3>
...
001 (4430510.775.000) 09/08 13:20:17 Job executing on host: <128.105.245.2:9618?addrs=128.105.245.2-9618+[--1]-9618&noUDP&sock=3927_a030_3>
...
006 (4430510.775.000) 09/08 13:20:26 Image size of job updated: 476
	1  -  MemoryUsage of job (MB)
	472  -  ResidentSetSize of job (KB)
...
006 (4430510.775.000) 09/08 13:25:59 Image size of job updated: 724
	1  -  MemoryUsage of job (MB)
	552  -  ResidentSetSize of job (KB)
...
006 (4430510.775.000) 09/08 13:30:29 Image size of job updated: 162112
	155  -  MemoryUsage of job (MB)
	157788  -  ResidentSetSize of job (KB)
...
006 (4430510.775.000) 09/08 13:35:29 Image size of job updated: 179352
	171  -  MemoryUsage of job (MB)
	174984  -  ResidentSetSize of job (KB)
...
006 (4430510.775.000) 09/08 13:40:29 Image size of job updated: 198588
	190  -  MemoryUsage of job (MB)
	194212  -  ResidentSetSize of job (KB)
...
006 (4430510.775.000) 09/08 13:45:31 Image size of job updated: 208772
	200  -  MemoryUsage of job (MB)
	204440  -  ResidentSetSize of job (KB)
...
006 (4430510.775.000) 09/08 13:50:29 Image size of job updated: 209540
	201  -  MemoryUsage of job (MB)
	205204  -  ResidentSetSize of job (KB)
...
006 (4430510.775.000) 09/08 14:00:28 Image size of job updated: 216316
	207  -  MemoryUsage of job (MB)
	211944  -  ResidentSetSize of job (KB)
...
006 (4430510.775.000) 09/08 14:05:30 Image size of job updated: 240912
	231  -  MemoryUsage of job (MB)
	236544  -  ResidentSetSize of job (KB)
...
006 (4430510.775.000) 09/08 14:15:31 Image size of job updated: 248836
	239  -  MemoryUsage of job (MB)
	244468  -  ResidentSetSize of job (KB)
...
006 (4430510.775.000) 09/08 14:20:32 Image size of job updated: 248840
	239  -  MemoryUsage of job (MB)
	244468  -  ResidentSetSize of job (KB)
...
006 (4430510.775.000) 09/08 14:25:31 Image size of job updated: 251936
	242  -  MemoryUsage of job (MB)
	247568  -  ResidentSetSize of job (KB)
...
006 (4430510.775.000) 09/08 14:30:31 Image size of job updated: 252748
	243  -  MemoryUsage of job (MB)
	248380  -  ResidentSetSize of job (KB)
...
006 (4430510.775.000) 09/08 14:35:33 Image size of job updated: 253600
	244  -  MemoryUsage of job (MB)
	249228  -  ResidentSetSize of job (KB)
...
006 (4430510.775.000) 09/08 14:45:33 Image size of job updated: 255276
	246  -  MemoryUsage of job (MB)
	251444  -  ResidentSetSize of job (KB)
...
006 (4430510.775.000) 09/08 14:55:35 Image size of job updated: 255720
	246  -  MemoryUsage of job (MB)
	251888  -  ResidentSetSize of job (KB)
...
006 (4430510.775.000) 09/08 15:00:35 Image size of job updated: 255728
	246  -  MemoryUsage of job (MB)
	251888  -  ResidentSetSize of job (KB)
...
006 (4430510.775.000) 09/08 15:05:35 Image size of job updated: 257240
	248  -  MemoryUsage of job (MB)
	253448  -  ResidentSetSize of job (KB)
...
006 (4430510.775.000) 09/08 15:10:37 Image size of job updated: 257240
	248  -  MemoryUsage of job (MB)
	253468  -  ResidentSetSize of job (KB)
...
006 (4430510.775.000) 09/08 15:20:37 Image size of job updated: 257268
	248  -  MemoryUsage of job (MB)
	253476  -  ResidentSetSize of job (KB)
...
006 (4430510.775.000) 09/08 15:30:38 Image size of job updated: 257956
	249  -  MemoryUsage of job (MB)
	254172  -  ResidentSetSize of job (KB)
...
006 (4430510.775.000) 09/08 15:40:39 Image size of job updated: 260704
	251  -  MemoryUsage of job (MB)
	257020  -  ResidentSetSize of job (KB)
...
006 (4430510.775.000) 09/08 15:45:40 Image size of job updated: 260768
	252  -  MemoryUsage of job (MB)
	257040  -  ResidentSetSize of job (KB)
...
006 (4430510.775.000) 09/08 16:05:43 Image size of job updated: 260796
	252  -  MemoryUsage of job (MB)
	257144  -  ResidentSetSize of job (KB)
...
006 (4430510.775.000) 09/08 16:25:45 Image size of job updated: 261688
	253  -  MemoryUsage of job (MB)
	258068  -  ResidentSetSize of job (KB)
...
006 (4430510.775.000) 09/08 16:30:46 Image size of job updated: 261688
	253  -  MemoryUsage of job (MB)
	258088  -  ResidentSetSize of job (KB)
...
006 (4430510.775.000) 09/08 16:40:47 Image size of job updated: 264808
	256  -  MemoryUsage of job (MB)
	261152  -  ResidentSetSize of job (KB)
...
006 (4430510.775.000) 09/08 18:20:57 Image size of job updated: 265876
	257  -  MemoryUsage of job (MB)
	262220  -  ResidentSetSize of job (KB)
...
006 (4430510.775.000) 09/08 18:40:59 Image size of job updated: 265876
	257  -  MemoryUsage of job (MB)
	262248  -  ResidentSetSize of job (KB)
...
006 (4430510.775.000) 09/08 18:45:59 Image size of job updated: 266724
	257  -  MemoryUsage of job (MB)
	263072  -  ResidentSetSize of job (KB)
...
006 (4430510.775.000) 09/08 19:06:03 Image size of job updated: 267860
	259  -  MemoryUsage of job (MB)
	264204  -  ResidentSetSize of job (KB)
...
006 (4430510.775.000) 09/08 19:16:03 Image size of job updated: 268500
	259  -  MemoryUsage of job (MB)
	264852  -  ResidentSetSize of job (KB)
...
006 (4430510.775.000) 09/08 19:21:05 Image size of job updated: 268508
	259  -  MemoryUsage of job (MB)
	264852  -  ResidentSetSize of job (KB)
...
006 (4430510.775.000) 09/08 19:26:05 Image size of job updated: 269216
	260  -  MemoryUsage of job (MB)
	265564  -  ResidentSetSize of job (KB)
...
006 (4430510.775.000) 09/08 20:11:07 Image size of job updated: 269380
	260  -  MemoryUsage of job (MB)
	265728  -  ResidentSetSize of job (KB)
...
006 (4430510.775.000) 09/08 20:16:07 Image size of job updated: 269384
	260  -  MemoryUsage of job (MB)
	265728  -  ResidentSetSize of job (KB)
...
006 (4430510.775.000) 09/08 20:31:08 Image size of job updated: 273448
	264  -  MemoryUsage of job (MB)
	269836  -  ResidentSetSize of job (KB)
...
006 (4430510.775.000) 09/08 20:36:08 Image size of job updated: 273512
	264  -  MemoryUsage of job (MB)
	269856  -  ResidentSetSize of job (KB)
...
006 (4430510.775.000) 09/08 20:46:10 Image size of job updated: 275104
	266  -  MemoryUsage of job (MB)
	271448  -  ResidentSetSize of job (KB)
...
006 (4430510.775.000) 09/08 21:41:15 Image size of job updated: 275716
	266  -  MemoryUsage of job (MB)
	272104  -  ResidentSetSize of job (KB)
...
006 (4430510.775.000) 09/08 21:46:15 Image size of job updated: 275780
	266  -  MemoryUsage of job (MB)
	272124  -  ResidentSetSize of job (KB)
...
006 (4430510.775.000) 09/09 00:01:27 Image size of job updated: 276360
	267  -  MemoryUsage of job (MB)
	272724  -  ResidentSetSize of job (KB)
...
006 (4430510.775.000) 09/09 00:11:29 Image size of job updated: 277808
	268  -  MemoryUsage of job (MB)
	274196  -  ResidentSetSize of job (KB)
...
006 (4430510.775.000) 09/09 00:16:31 Image size of job updated: 277872
	268  -  MemoryUsage of job (MB)
	274216  -  ResidentSetSize of job (KB)
...
006 (4430510.775.000) 09/09 00:36:33 Image size of job updated: 278520
	269  -  MemoryUsage of job (MB)
	274864  -  ResidentSetSize of job (KB)
...
006 (4430510.775.000) 09/09 00:41:33 Image size of job updated: 279324
	270  -  MemoryUsage of job (MB)
	275668  -  ResidentSetSize of job (KB)
...
006 (4430510.775.000) 09/09 01:56:41 Image size of job updated: 279428
	270  -  MemoryUsage of job (MB)
	275776  -  ResidentSetSize of job (KB)
...
006 (4430510.775.000) 09/09 02:01:41 Image size of job updated: 279436
	270  -  MemoryUsage of job (MB)
	275776  -  ResidentSetSize of job (KB)
...
006 (4430510.775.000) 09/09 02:21:43 Image size of job updated: 279808
	270  -  MemoryUsage of job (MB)
	276152  -  ResidentSetSize of job (KB)
...
006 (4430510.775.000) 09/09 02:41:44 Image size of job updated: 280080
	270  -  MemoryUsage of job (MB)
	276464  -  ResidentSetSize of job (KB)
...
006 (4430510.775.000) 09/09 02:46:46 Image size of job updated: 280140
	271  -  MemoryUsage of job (MB)
	276484  -  ResidentSetSize of job (KB)
...
006 (4430510.775.000) 09/09 02:56:46 Image size of job updated: 280748
	271  -  MemoryUsage of job (MB)
	277288  -  ResidentSetSize of job (KB)
...
006 (4430510.775.000) 09/09 03:01:46 Image size of job updated: 280752
	271  -  MemoryUsage of job (MB)
	277288  -  ResidentSetSize of job (KB)
...
006 (4430510.775.000) 09/09 04:01:52 Image size of job updated: 281276
	272  -  MemoryUsage of job (MB)
	277800  -  ResidentSetSize of job (KB)
...
006 (4430510.775.000) 09/09 04:06:52 Image size of job updated: 284852
	275  -  MemoryUsage of job (MB)
	281196  -  ResidentSetSize of job (KB)
...
005 (4430510.775.000) 09/09 04:15:24 Job terminated.
	(1) Normal termination (return value 0)
		Usr 0 14:30:14, Sys 0 00:05:42  -  Run Remote Usage
		Usr 0 00:00:00, Sys 0 00:00:00  -  Run Local Usage
		Usr 0 14:30:14, Sys 0 00:05:42  -  Total Remote Usage
		Usr 0 00:00:00, Sys 0 00:00:00  -  Total Local Usage
	3531978  -  Run Bytes Sent By Job
	17284  -  Run Bytes Received By Job
	3531978  -  Total Bytes Sent By Job
	17284  -  Total Bytes Received By Job
	Partitionable Resources :    Usage  Request Allocated
	   Cpus                 :                 1         1
	   Disk (KB)            : 18693365 26214400  33069654
	   Ioheavy              :                           1
	   Memory (MB)          :      275      300       300
...
