000 (4430510.754.000) 09/08 09:59:23 Job submitted from host: <128.105.244.190:9618?addrs=128.105.244.190-9618&noUDP&sock=2714685_05e2_3>
...
001 (4430510.754.000) 09/08 12:51:13 Job executing on host: <128.105.245.54:9618?addrs=128.105.245.54-9618+[--1]-9618&noUDP&sock=3970_846f_3>
...
006 (4430510.754.000) 09/08 12:51:22 Image size of job updated: 480
	1  -  MemoryUsage of job (MB)
	480  -  ResidentSetSize of job (KB)
...
006 (4430510.754.000) 09/08 12:56:23 Image size of job updated: 564
	1  -  MemoryUsage of job (MB)
	480  -  ResidentSetSize of job (KB)
...
006 (4430510.754.000) 09/08 13:16:30 Image size of job updated: 163864
	152  -  MemoryUsage of job (MB)
	155376  -  ResidentSetSize of job (KB)
...
006 (4430510.754.000) 09/08 13:21:33 Image size of job updated: 202908
	176  -  MemoryUsage of job (MB)
	179760  -  ResidentSetSize of job (KB)
...
006 (4430510.754.000) 09/08 13:26:30 Image size of job updated: 208424
	179  -  MemoryUsage of job (MB)
	182708  -  ResidentSetSize of job (KB)
...
006 (4430510.754.000) 09/08 13:31:35 Image size of job updated: 208484
	179  -  MemoryUsage of job (MB)
	182708  -  ResidentSetSize of job (KB)
...
006 (4430510.754.000) 09/08 13:36:26 Image size of job updated: 213276
	183  -  MemoryUsage of job (MB)
	187352  -  ResidentSetSize of job (KB)
...
006 (4430510.754.000) 09/08 13:46:26 Image size of job updated: 214480
	183  -  MemoryUsage of job (MB)
	187352  -  ResidentSetSize of job (KB)
...
006 (4430510.754.000) 09/08 13:51:36 Image size of job updated: 218984
	190  -  MemoryUsage of job (MB)
	193780  -  ResidentSetSize of job (KB)
...
006 (4430510.754.000) 09/08 14:01:31 Image size of job updated: 242196
	212  -  MemoryUsage of job (MB)
	216984  -  ResidentSetSize of job (KB)
...
006 (4430510.754.000) 09/08 14:06:28 Image size of job updated: 248416
	219  -  MemoryUsage of job (MB)
	223244  -  ResidentSetSize of job (KB)
...
006 (4430510.754.000) 09/08 14:11:31 Image size of job updated: 248476
	219  -  MemoryUsage of job (MB)
	223264  -  ResidentSetSize of job (KB)
...
006 (4430510.754.000) 09/08 14:16:31 Image size of job updated: 251148
	221  -  MemoryUsage of job (MB)
	225980  -  ResidentSetSize of job (KB)
...
006 (4430510.754.000) 09/08 14:21:29 Image size of job updated: 251212
	221  -  MemoryUsage of job (MB)
	225980  -  ResidentSetSize of job (KB)
...
006 (4430510.754.000) 09/08 14:31:39 Image size of job updated: 252456
	221  -  MemoryUsage of job (MB)
	225980  -  ResidentSetSize of job (KB)
...
006 (4430510.754.000) 09/08 14:36:35 Image size of job updated: 254500
	221  -  MemoryUsage of job (MB)
	225980  -  ResidentSetSize of job (KB)
...
006 (4430510.754.000) 09/08 14:41:29 Image size of job updated: 254616
	225  -  MemoryUsage of job (MB)
	229388  -  ResidentSetSize of job (KB)
...
006 (4430510.754.000) 09/08 14:46:30 Image size of job updated: 254712
	225  -  MemoryUsage of job (MB)
	229388  -  ResidentSetSize of job (KB)
...
006 (4430510.754.000) 09/08 14:51:30 Image size of job updated: 260808
	230  -  MemoryUsage of job (MB)
	234788  -  ResidentSetSize of job (KB)
...
006 (4430510.754.000) 09/08 14:56:31 Image size of job updated: 261664
	231  -  MemoryUsage of job (MB)
	235576  -  ResidentSetSize of job (KB)
...
006 (4430510.754.000) 09/08 15:16:32 Image size of job updated: 263444
	231  -  MemoryUsage of job (MB)
	236512  -  ResidentSetSize of job (KB)
...
006 (4430510.754.000) 09/08 15:21:31 Image size of job updated: 263448
	231  -  MemoryUsage of job (MB)
	236512  -  ResidentSetSize of job (KB)
...
006 (4430510.754.000) 09/08 17:06:40 Image size of job updated: 266312
	233  -  MemoryUsage of job (MB)
	237872  -  ResidentSetSize of job (KB)
...
006 (4430510.754.000) 09/08 17:31:42 Image size of job updated: 266376
	233  -  MemoryUsage of job (MB)
	237872  -  ResidentSetSize of job (KB)
...
006 (4430510.754.000) 09/08 18:01:46 Image size of job updated: 266412
	233  -  MemoryUsage of job (MB)
	237872  -  ResidentSetSize of job (KB)
...
006 (4430510.754.000) 09/08 18:06:46 Image size of job updated: 267184
	233  -  MemoryUsage of job (MB)
	238372  -  ResidentSetSize of job (KB)
...
006 (4430510.754.000) 09/08 18:11:47 Image size of job updated: 267244
	233  -  MemoryUsage of job (MB)
	238372  -  ResidentSetSize of job (KB)
...
006 (4430510.754.000) 09/08 18:46:49 Image size of job updated: 268672
	234  -  MemoryUsage of job (MB)
	238856  -  ResidentSetSize of job (KB)
...
006 (4430510.754.000) 09/08 18:51:49 Image size of job updated: 268676
	234  -  MemoryUsage of job (MB)
	238856  -  ResidentSetSize of job (KB)
...
006 (4430510.754.000) 09/08 18:56:50 Image size of job updated: 269616
	235  -  MemoryUsage of job (MB)
	239824  -  ResidentSetSize of job (KB)
...
006 (4430510.754.000) 09/08 19:01:50 Image size of job updated: 269680
	235  -  MemoryUsage of job (MB)
	239844  -  ResidentSetSize of job (KB)
...
006 (4430510.754.000) 09/08 19:11:51 Image size of job updated: 270236
	235  -  MemoryUsage of job (MB)
	240380  -  ResidentSetSize of job (KB)
...
006 (4430510.754.000) 09/08 19:16:51 Image size of job updated: 270240
	235  -  MemoryUsage of job (MB)
	240380  -  ResidentSetSize of job (KB)
...
006 (4430510.754.000) 09/08 19:51:55 Image size of job updated: 271228
	236  -  MemoryUsage of job (MB)
	241112  -  ResidentSetSize of job (KB)
...
006 (4430510.754.000) 09/08 19:56:55 Image size of job updated: 272024
	237  -  MemoryUsage of job (MB)
	241908  -  ResidentSetSize of job (KB)
...
006 (4430510.754.000) 09/08 20:06:56 Image size of job updated: 272088
	237  -  MemoryUsage of job (MB)
	241972  -  ResidentSetSize of job (KB)
...
006 (4430510.754.000) 09/08 20:16:59 Image size of job updated: 273864
	238  -  MemoryUsage of job (MB)
	243312  -  ResidentSetSize of job (KB)
...
006 (4430510.754.000) 09/08 20:21:57 Image size of job updated: 274664
	239  -  MemoryUsage of job (MB)
	244112  -  ResidentSetSize of job (KB)
...
006 (4430510.754.000) 09/08 22:37:11 Image size of job updated: 274800
	239  -  MemoryUsage of job (MB)
	244112  -  ResidentSetSize of job (KB)
...
006 (4430510.754.000) 09/08 22:42:12 Image size of job updated: 274860
	239  -  MemoryUsage of job (MB)
	244112  -  ResidentSetSize of job (KB)
...
006 (4430510.754.000) 09/08 22:52:13 Image size of job updated: 275140
	239  -  MemoryUsage of job (MB)
	244112  -  ResidentSetSize of job (KB)
...
006 (4430510.754.000) 09/08 22:57:13 Image size of job updated: 275144
	239  -  MemoryUsage of job (MB)
	244112  -  ResidentSetSize of job (KB)
...
006 (4430510.754.000) 09/08 23:47:17 Image size of job updated: 275876
	239  -  MemoryUsage of job (MB)
	244112  -  ResidentSetSize of job (KB)
...
006 (4430510.754.000) 09/09 00:27:21 Image size of job updated: 276448
	239  -  MemoryUsage of job (MB)
	244112  -  ResidentSetSize of job (KB)
...
006 (4430510.754.000) 09/09 01:07:25 Image size of job updated: 277712
	239  -  MemoryUsage of job (MB)
	244112  -  ResidentSetSize of job (KB)
...
006 (4430510.754.000) 09/09 02:02:46 Image size of job updated: 279844
	239  -  MemoryUsage of job (MB)
	244336  -  ResidentSetSize of job (KB)
...
006 (4430510.754.000) 09/09 02:07:50 Image size of job updated: 279904
	239  -  MemoryUsage of job (MB)
	244352  -  ResidentSetSize of job (KB)
...
006 (4430510.754.000) 09/09 03:27:39 Image size of job updated: 280108
	239  -  MemoryUsage of job (MB)
	244352  -  ResidentSetSize of job (KB)
...
006 (4430510.754.000) 09/09 03:32:40 Image size of job updated: 280168
	239  -  MemoryUsage of job (MB)
	244352  -  ResidentSetSize of job (KB)
...
006 (4430510.754.000) 09/09 04:52:47 Image size of job updated: 281196
	239  -  MemoryUsage of job (MB)
	244352  -  ResidentSetSize of job (KB)
...
006 (4430510.754.000) 09/09 04:57:48 Image size of job updated: 281256
	239  -  MemoryUsage of job (MB)
	244352  -  ResidentSetSize of job (KB)
...
022 (4430510.754.000) 09/10 10:28:21 Job disconnected, attempting to reconnect
    Socket between submit and execute hosts closed unexpectedly
    Trying to reconnect to slot1_3@e254.chtc.wisc.edu <128.105.245.54:9618?addrs=128.105.245.54-9618+[--1]-9618&noUDP&sock=3970_846f_3>
...
024 (4430510.754.000) 09/10 10:28:21 Job reconnection failed
    Job disconnected too long: JobLeaseDuration (2400 seconds) expired
    Can not reconnect to slot1_3@e254.chtc.wisc.edu, rescheduling job
...
001 (4430510.754.000) 09/10 10:31:05 Job executing on host: <128.105.245.149:9618?addrs=128.105.245.149-9618+[--1]-9618&noUDP&sock=5554_de65_3>
...
006 (4430510.754.000) 09/10 12:26:29 Image size of job updated: 300000
	245  -  MemoryUsage of job (MB)
	250852  -  ResidentSetSize of job (KB)
...
006 (4430510.754.000) 09/10 12:41:31 Image size of job updated: 300000
	247  -  MemoryUsage of job (MB)
	252036  -  ResidentSetSize of job (KB)
...
006 (4430510.754.000) 09/10 12:46:31 Image size of job updated: 300000
	247  -  MemoryUsage of job (MB)
	252040  -  ResidentSetSize of job (KB)
...
006 (4430510.754.000) 09/10 12:56:33 Image size of job updated: 300000
	248  -  MemoryUsage of job (MB)
	253744  -  ResidentSetSize of job (KB)
...
006 (4430510.754.000) 09/10 13:01:34 Image size of job updated: 300000
	248  -  MemoryUsage of job (MB)
	253756  -  ResidentSetSize of job (KB)
...
006 (4430510.754.000) 09/10 13:11:33 Image size of job updated: 300000
	249  -  MemoryUsage of job (MB)
	254652  -  ResidentSetSize of job (KB)
...
006 (4430510.754.000) 09/10 13:16:34 Image size of job updated: 300000
	249  -  MemoryUsage of job (MB)
	254704  -  ResidentSetSize of job (KB)
...
006 (4430510.754.000) 09/10 13:31:35 Image size of job updated: 300000
	251  -  MemoryUsage of job (MB)
	256832  -  ResidentSetSize of job (KB)
...
006 (4430510.754.000) 09/10 13:36:36 Image size of job updated: 300000
	251  -  MemoryUsage of job (MB)
	256844  -  ResidentSetSize of job (KB)
...
006 (4430510.754.000) 09/10 14:11:40 Image size of job updated: 300000
	252  -  MemoryUsage of job (MB)
	257148  -  ResidentSetSize of job (KB)
...
006 (4430510.754.000) 09/10 14:16:40 Image size of job updated: 300000
	252  -  MemoryUsage of job (MB)
	257160  -  ResidentSetSize of job (KB)
...
006 (4430510.754.000) 09/10 16:16:52 Image size of job updated: 300000
	253  -  MemoryUsage of job (MB)
	258236  -  ResidentSetSize of job (KB)
...
006 (4430510.754.000) 09/10 17:57:01 Image size of job updated: 300000
	257  -  MemoryUsage of job (MB)
	262632  -  ResidentSetSize of job (KB)
...
006 (4430510.754.000) 09/10 18:02:02 Image size of job updated: 300000
	257  -  MemoryUsage of job (MB)
	262684  -  ResidentSetSize of job (KB)
...
006 (4430510.754.000) 09/10 18:37:05 Image size of job updated: 300000
	259  -  MemoryUsage of job (MB)
	264352  -  ResidentSetSize of job (KB)
...
006 (4430510.754.000) 09/10 18:42:06 Image size of job updated: 300000
	259  -  MemoryUsage of job (MB)
	264364  -  ResidentSetSize of job (KB)
...
006 (4430510.754.000) 09/10 21:07:23 Image size of job updated: 300000
	261  -  MemoryUsage of job (MB)
	266588  -  ResidentSetSize of job (KB)
...
006 (4430510.754.000) 09/10 21:12:24 Image size of job updated: 300000
	261  -  MemoryUsage of job (MB)
	266600  -  ResidentSetSize of job (KB)
...
006 (4430510.754.000) 09/10 21:47:28 Image size of job updated: 300000
	261  -  MemoryUsage of job (MB)
	267032  -  ResidentSetSize of job (KB)
...
006 (4430510.754.000) 09/10 21:52:28 Image size of job updated: 300000
	261  -  MemoryUsage of job (MB)
	267044  -  ResidentSetSize of job (KB)
...
006 (4430510.754.000) 09/10 22:07:30 Image size of job updated: 300000
	263  -  MemoryUsage of job (MB)
	268800  -  ResidentSetSize of job (KB)
...
006 (4430510.754.000) 09/10 22:12:30 Image size of job updated: 300000
	263  -  MemoryUsage of job (MB)
	268852  -  ResidentSetSize of job (KB)
...
006 (4430510.754.000) 09/11 00:12:45 Image size of job updated: 300000
	263  -  MemoryUsage of job (MB)
	269076  -  ResidentSetSize of job (KB)
...
006 (4430510.754.000) 09/11 00:17:45 Image size of job updated: 300000
	263  -  MemoryUsage of job (MB)
	269088  -  ResidentSetSize of job (KB)
...
006 (4430510.754.000) 09/11 01:12:49 Image size of job updated: 300000
	264  -  MemoryUsage of job (MB)
	269748  -  ResidentSetSize of job (KB)
...
006 (4430510.754.000) 09/11 01:17:51 Image size of job updated: 300000
	264  -  MemoryUsage of job (MB)
	269760  -  ResidentSetSize of job (KB)
...
006 (4430510.754.000) 09/11 01:37:53 Image size of job updated: 300000
	264  -  MemoryUsage of job (MB)
	270304  -  ResidentSetSize of job (KB)
...
006 (4430510.754.000) 09/11 02:52:59 Image size of job updated: 300000
	265  -  MemoryUsage of job (MB)
	270468  -  ResidentSetSize of job (KB)
...
006 (4430510.754.000) 09/11 02:58:00 Image size of job updated: 300000
	265  -  MemoryUsage of job (MB)
	270480  -  ResidentSetSize of job (KB)
...
006 (4430510.754.000) 09/11 03:23:02 Image size of job updated: 300000
	265  -  MemoryUsage of job (MB)
	270808  -  ResidentSetSize of job (KB)
...
006 (4430510.754.000) 09/11 03:28:02 Image size of job updated: 300000
	265  -  MemoryUsage of job (MB)
	270820  -  ResidentSetSize of job (KB)
...
006 (4430510.754.000) 09/11 03:48:02 Image size of job updated: 300000
	265  -  MemoryUsage of job (MB)
	270992  -  ResidentSetSize of job (KB)
...
006 (4430510.754.000) 09/11 03:53:04 Image size of job updated: 300000
	265  -  MemoryUsage of job (MB)
	271004  -  ResidentSetSize of job (KB)
...
006 (4430510.754.000) 09/11 05:18:11 Image size of job updated: 300000
	265  -  MemoryUsage of job (MB)
	271084  -  ResidentSetSize of job (KB)
...
006 (4430510.754.000) 09/11 05:23:11 Image size of job updated: 300000
	265  -  MemoryUsage of job (MB)
	271096  -  ResidentSetSize of job (KB)
...
006 (4430510.754.000) 09/11 05:58:16 Image size of job updated: 300000
	267  -  MemoryUsage of job (MB)
	272536  -  ResidentSetSize of job (KB)
...
006 (4430510.754.000) 09/11 06:03:16 Image size of job updated: 300000
	267  -  MemoryUsage of job (MB)
	272588  -  ResidentSetSize of job (KB)
...
006 (4430510.754.000) 09/11 06:23:19 Image size of job updated: 300000
	268  -  MemoryUsage of job (MB)
	274360  -  ResidentSetSize of job (KB)
...
006 (4430510.754.000) 09/11 06:28:19 Image size of job updated: 300000
	268  -  MemoryUsage of job (MB)
	274372  -  ResidentSetSize of job (KB)
...
006 (4430510.754.000) 09/11 07:28:27 Image size of job updated: 300000
	268  -  MemoryUsage of job (MB)
	274388  -  ResidentSetSize of job (KB)
...
006 (4430510.754.000) 09/11 08:48:34 Image size of job updated: 300000
	269  -  MemoryUsage of job (MB)
	275376  -  ResidentSetSize of job (KB)
...
006 (4430510.754.000) 09/11 08:53:35 Image size of job updated: 300000
	269  -  MemoryUsage of job (MB)
	275388  -  ResidentSetSize of job (KB)
...
004 (4430510.754.000) 09/11 09:52:28 Job was evicted.
	(0) Job was not checkpointed.
		Usr 0 21:51:56, Sys 0 00:06:45  -  Run Remote Usage
		Usr 0 00:00:00, Sys 0 00:00:00  -  Run Local Usage
	0  -  Run Bytes Sent By Job
	17284  -  Run Bytes Received By Job
	Partitionable Resources :    Usage  Request Allocated
	   Cpus                 :                 1         1
	   Disk (KB)            : 22500000 26214400  28559844
	   Ioheavy              :                           1
	   Memory (MB)          :      269      300       300
...
009 (4430510.754.000) 09/11 09:52:28 Job was aborted by the user.
	via condor_rm (by user mouginot)
...
