000 (4430510.609.000) 09/08 09:59:23 Job submitted from host: <128.105.244.190:9618?addrs=128.105.244.190-9618&noUDP&sock=2714685_05e2_3>
...
001 (4430510.609.000) 09/08 11:53:10 Job executing on host: <128.105.245.138:9618?addrs=128.105.245.138-9618+[--1]-9618&noUDP&sock=5563_24b0_3>
...
006 (4430510.609.000) 09/08 11:53:19 Image size of job updated: 480
	1  -  MemoryUsage of job (MB)
	480  -  ResidentSetSize of job (KB)
...
006 (4430510.609.000) 09/08 12:03:21 Image size of job updated: 552
	1  -  MemoryUsage of job (MB)
	552  -  ResidentSetSize of job (KB)
...
006 (4430510.609.000) 09/08 13:38:27 Image size of job updated: 29224
	28  -  MemoryUsage of job (MB)
	28248  -  ResidentSetSize of job (KB)
...
006 (4430510.609.000) 09/08 13:43:27 Image size of job updated: 149956
	143  -  MemoryUsage of job (MB)
	145560  -  ResidentSetSize of job (KB)
...
006 (4430510.609.000) 09/08 13:48:28 Image size of job updated: 195072
	187  -  MemoryUsage of job (MB)
	190884  -  ResidentSetSize of job (KB)
...
006 (4430510.609.000) 09/08 13:58:28 Image size of job updated: 198036
	190  -  MemoryUsage of job (MB)
	193824  -  ResidentSetSize of job (KB)
...
006 (4430510.609.000) 09/08 14:13:29 Image size of job updated: 199724
	192  -  MemoryUsage of job (MB)
	195808  -  ResidentSetSize of job (KB)
...
006 (4430510.609.000) 09/08 14:23:30 Image size of job updated: 203984
	196  -  MemoryUsage of job (MB)
	200044  -  ResidentSetSize of job (KB)
...
006 (4430510.609.000) 09/08 14:33:30 Image size of job updated: 242924
	234  -  MemoryUsage of job (MB)
	238976  -  ResidentSetSize of job (KB)
...
006 (4430510.609.000) 09/08 14:43:31 Image size of job updated: 247420
	238  -  MemoryUsage of job (MB)
	243480  -  ResidentSetSize of job (KB)
...
006 (4430510.609.000) 09/08 14:48:31 Image size of job updated: 247432
	238  -  MemoryUsage of job (MB)
	243480  -  ResidentSetSize of job (KB)
...
006 (4430510.609.000) 09/08 15:13:34 Image size of job updated: 253652
	244  -  MemoryUsage of job (MB)
	249704  -  ResidentSetSize of job (KB)
...
006 (4430510.609.000) 09/08 15:53:37 Image size of job updated: 255572
	246  -  MemoryUsage of job (MB)
	251852  -  ResidentSetSize of job (KB)
...
006 (4430510.609.000) 09/08 15:58:38 Image size of job updated: 255624
	246  -  MemoryUsage of job (MB)
	251864  -  ResidentSetSize of job (KB)
...
006 (4430510.609.000) 09/08 16:03:38 Image size of job updated: 261136
	252  -  MemoryUsage of job (MB)
	257488  -  ResidentSetSize of job (KB)
...
006 (4430510.609.000) 09/08 16:08:38 Image size of job updated: 261376
	252  -  MemoryUsage of job (MB)
	257616  -  ResidentSetSize of job (KB)
...
006 (4430510.609.000) 09/08 16:43:40 Image size of job updated: 261508
	252  -  MemoryUsage of job (MB)
	257788  -  ResidentSetSize of job (KB)
...
006 (4430510.609.000) 09/08 16:48:42 Image size of job updated: 261560
	252  -  MemoryUsage of job (MB)
	257788  -  ResidentSetSize of job (KB)
...
006 (4430510.609.000) 09/08 18:53:56 Image size of job updated: 263716
	253  -  MemoryUsage of job (MB)
	258956  -  ResidentSetSize of job (KB)
...
006 (4430510.609.000) 09/08 20:04:05 Image size of job updated: 264524
	254  -  MemoryUsage of job (MB)
	259788  -  ResidentSetSize of job (KB)
...
006 (4430510.609.000) 09/08 20:09:05 Image size of job updated: 264580
	254  -  MemoryUsage of job (MB)
	259800  -  ResidentSetSize of job (KB)
...
006 (4430510.609.000) 09/08 20:19:06 Image size of job updated: 268176
	257  -  MemoryUsage of job (MB)
	262592  -  ResidentSetSize of job (KB)
...
006 (4430510.609.000) 09/08 20:24:07 Image size of job updated: 268228
	257  -  MemoryUsage of job (MB)
	262604  -  ResidentSetSize of job (KB)
...
006 (4430510.609.000) 09/08 21:09:12 Image size of job updated: 271732
	260  -  MemoryUsage of job (MB)
	265756  -  ResidentSetSize of job (KB)
...
006 (4430510.609.000) 09/08 21:14:12 Image size of job updated: 271784
	260  -  MemoryUsage of job (MB)
	265768  -  ResidentSetSize of job (KB)
...
006 (4430510.609.000) 09/08 21:54:16 Image size of job updated: 272072
	260  -  MemoryUsage of job (MB)
	265768  -  ResidentSetSize of job (KB)
...
006 (4430510.609.000) 09/08 21:59:16 Image size of job updated: 272308
	260  -  MemoryUsage of job (MB)
	265768  -  ResidentSetSize of job (KB)
...
006 (4430510.609.000) 09/08 22:04:17 Image size of job updated: 272312
	260  -  MemoryUsage of job (MB)
	265768  -  ResidentSetSize of job (KB)
...
006 (4430510.609.000) 09/08 22:29:18 Image size of job updated: 272360
	260  -  MemoryUsage of job (MB)
	265768  -  ResidentSetSize of job (KB)
...
006 (4430510.609.000) 09/08 22:59:22 Image size of job updated: 273032
	260  -  MemoryUsage of job (MB)
	265768  -  ResidentSetSize of job (KB)
...
006 (4430510.609.000) 09/08 23:29:24 Image size of job updated: 273340
	260  -  MemoryUsage of job (MB)
	265768  -  ResidentSetSize of job (KB)
...
006 (4430510.609.000) 09/08 23:34:25 Image size of job updated: 273344
	260  -  MemoryUsage of job (MB)
	265768  -  ResidentSetSize of job (KB)
...
006 (4430510.609.000) 09/08 23:39:26 Image size of job updated: 273348
	260  -  MemoryUsage of job (MB)
	265768  -  ResidentSetSize of job (KB)
...
006 (4430510.609.000) 09/09 00:29:31 Image size of job updated: 274064
	260  -  MemoryUsage of job (MB)
	265768  -  ResidentSetSize of job (KB)
...
006 (4430510.609.000) 09/09 00:34:31 Image size of job updated: 274120
	260  -  MemoryUsage of job (MB)
	265768  -  ResidentSetSize of job (KB)
...
006 (4430510.609.000) 09/09 00:44:32 Image size of job updated: 274256
	260  -  MemoryUsage of job (MB)
	265768  -  ResidentSetSize of job (KB)
...
006 (4430510.609.000) 09/09 00:49:33 Image size of job updated: 274308
	260  -  MemoryUsage of job (MB)
	265768  -  ResidentSetSize of job (KB)
...
006 (4430510.609.000) 09/09 01:59:39 Image size of job updated: 275188
	260  -  MemoryUsage of job (MB)
	265768  -  ResidentSetSize of job (KB)
...
006 (4430510.609.000) 09/09 02:04:40 Image size of job updated: 275332
	260  -  MemoryUsage of job (MB)
	265768  -  ResidentSetSize of job (KB)
...
006 (4430510.609.000) 09/09 03:04:47 Image size of job updated: 276620
	261  -  MemoryUsage of job (MB)
	266844  -  ResidentSetSize of job (KB)
...
006 (4430510.609.000) 09/09 03:09:47 Image size of job updated: 276676
	261  -  MemoryUsage of job (MB)
	266856  -  ResidentSetSize of job (KB)
...
006 (4430510.609.000) 09/09 03:19:49 Image size of job updated: 277676
	262  -  MemoryUsage of job (MB)
	267860  -  ResidentSetSize of job (KB)
...
006 (4430510.609.000) 09/09 03:24:49 Image size of job updated: 277680
	262  -  MemoryUsage of job (MB)
	267860  -  ResidentSetSize of job (KB)
...
006 (4430510.609.000) 09/09 03:49:51 Image size of job updated: 277704
	262  -  MemoryUsage of job (MB)
	267924  -  ResidentSetSize of job (KB)
...
006 (4430510.609.000) 09/09 03:54:53 Image size of job updated: 277756
	262  -  MemoryUsage of job (MB)
	267936  -  ResidentSetSize of job (KB)
...
006 (4430510.609.000) 09/09 04:04:53 Image size of job updated: 277864
	262  -  MemoryUsage of job (MB)
	268052  -  ResidentSetSize of job (KB)
...
006 (4430510.609.000) 09/09 04:09:53 Image size of job updated: 277872
	262  -  MemoryUsage of job (MB)
	268052  -  ResidentSetSize of job (KB)
...
006 (4430510.609.000) 09/09 04:19:54 Image size of job updated: 278980
	263  -  MemoryUsage of job (MB)
	269160  -  ResidentSetSize of job (KB)
...
006 (4430510.609.000) 09/09 05:30:01 Image size of job updated: 279140
	264  -  MemoryUsage of job (MB)
	269360  -  ResidentSetSize of job (KB)
...
006 (4430510.609.000) 09/09 05:35:02 Image size of job updated: 279192
	264  -  MemoryUsage of job (MB)
	269372  -  ResidentSetSize of job (KB)
...
006 (4430510.609.000) 09/09 05:45:02 Image size of job updated: 280128
	264  -  MemoryUsage of job (MB)
	270308  -  ResidentSetSize of job (KB)
...
006 (4430510.609.000) 09/09 06:25:06 Image size of job updated: 282488
	267  -  MemoryUsage of job (MB)
	272672  -  ResidentSetSize of job (KB)
...
006 (4430510.609.000) 09/09 06:30:07 Image size of job updated: 282492
	267  -  MemoryUsage of job (MB)
	272672  -  ResidentSetSize of job (KB)
...
006 (4430510.609.000) 09/09 08:05:20 Image size of job updated: 282620
	267  -  MemoryUsage of job (MB)
	272804  -  ResidentSetSize of job (KB)
...
006 (4430510.609.000) 09/09 08:10:22 Image size of job updated: 282624
	267  -  MemoryUsage of job (MB)
	272804  -  ResidentSetSize of job (KB)
...
006 (4430510.609.000) 09/09 08:20:22 Image size of job updated: 284716
	269  -  MemoryUsage of job (MB)
	274896  -  ResidentSetSize of job (KB)
...
005 (4430510.609.000) 09/09 08:33:20 Job terminated.
	(1) Normal termination (return value 0)
		Usr 0 18:30:01, Sys 0 00:05:15  -  Run Remote Usage
		Usr 0 00:00:00, Sys 0 00:00:00  -  Run Local Usage
		Usr 0 18:30:01, Sys 0 00:05:15  -  Total Remote Usage
		Usr 0 00:00:00, Sys 0 00:00:00  -  Total Local Usage
	3533037  -  Run Bytes Sent By Job
	17284  -  Run Bytes Received By Job
	3533037  -  Total Bytes Sent By Job
	17284  -  Total Bytes Received By Job
	Partitionable Resources :    Usage  Request Allocated
	   Cpus                 :                 1         1
	   Disk (KB)            : 22197620 26214400  27075375
	   Ioheavy              :                           1
	   Memory (MB)          :      269      300       300
...
