000 (4430510.166.000) 09/08 09:59:23 Job submitted from host: <128.105.244.190:9618?addrs=128.105.244.190-9618&noUDP&sock=2714685_05e2_3>
...
001 (4430510.166.000) 09/08 11:22:15 Job executing on host: <128.105.245.207:9618?addrs=128.105.245.207-9618+[--1]-9618&noUDP&sock=5535_92a9_3>
...
006 (4430510.166.000) 09/08 11:22:23 Image size of job updated: 476
	1  -  MemoryUsage of job (MB)
	476  -  ResidentSetSize of job (KB)
...
006 (4430510.166.000) 09/08 11:27:24 Image size of job updated: 548
	1  -  MemoryUsage of job (MB)
	548  -  ResidentSetSize of job (KB)
...
006 (4430510.166.000) 09/08 11:37:26 Image size of job updated: 163956
	156  -  MemoryUsage of job (MB)
	159600  -  ResidentSetSize of job (KB)
...
006 (4430510.166.000) 09/08 11:42:26 Image size of job updated: 195040
	187  -  MemoryUsage of job (MB)
	190660  -  ResidentSetSize of job (KB)
...
006 (4430510.166.000) 09/08 11:47:26 Image size of job updated: 205472
	197  -  MemoryUsage of job (MB)
	201092  -  ResidentSetSize of job (KB)
...
006 (4430510.166.000) 09/08 11:52:26 Image size of job updated: 210140
	202  -  MemoryUsage of job (MB)
	205848  -  ResidentSetSize of job (KB)
...
006 (4430510.166.000) 09/08 11:57:28 Image size of job updated: 210284
	202  -  MemoryUsage of job (MB)
	205900  -  ResidentSetSize of job (KB)
...
006 (4430510.166.000) 09/08 12:02:29 Image size of job updated: 214752
	206  -  MemoryUsage of job (MB)
	210368  -  ResidentSetSize of job (KB)
...
006 (4430510.166.000) 09/08 12:07:29 Image size of job updated: 218628
	210  -  MemoryUsage of job (MB)
	214244  -  ResidentSetSize of job (KB)
...
006 (4430510.166.000) 09/08 12:12:29 Image size of job updated: 235300
	226  -  MemoryUsage of job (MB)
	231004  -  ResidentSetSize of job (KB)
...
006 (4430510.166.000) 09/08 12:17:29 Image size of job updated: 235444
	226  -  MemoryUsage of job (MB)
	231056  -  ResidentSetSize of job (KB)
...
006 (4430510.166.000) 09/08 12:22:29 Image size of job updated: 248632
	239  -  MemoryUsage of job (MB)
	244288  -  ResidentSetSize of job (KB)
...
006 (4430510.166.000) 09/08 12:27:29 Image size of job updated: 248688
	239  -  MemoryUsage of job (MB)
	244300  -  ResidentSetSize of job (KB)
...
006 (4430510.166.000) 09/08 12:32:30 Image size of job updated: 251392
	242  -  MemoryUsage of job (MB)
	247048  -  ResidentSetSize of job (KB)
...
006 (4430510.166.000) 09/08 12:37:32 Image size of job updated: 251448
	242  -  MemoryUsage of job (MB)
	247060  -  ResidentSetSize of job (KB)
...
006 (4430510.166.000) 09/08 12:57:32 Image size of job updated: 255312
	246  -  MemoryUsage of job (MB)
	250928  -  ResidentSetSize of job (KB)
...
006 (4430510.166.000) 09/08 13:02:32 Image size of job updated: 255316
	246  -  MemoryUsage of job (MB)
	250928  -  ResidentSetSize of job (KB)
...
006 (4430510.166.000) 09/08 13:17:34 Image size of job updated: 256464
	247  -  MemoryUsage of job (MB)
	252076  -  ResidentSetSize of job (KB)
...
006 (4430510.166.000) 09/08 13:27:36 Image size of job updated: 260492
	251  -  MemoryUsage of job (MB)
	256104  -  ResidentSetSize of job (KB)
...
006 (4430510.166.000) 09/08 13:37:36 Image size of job updated: 260776
	251  -  MemoryUsage of job (MB)
	256388  -  ResidentSetSize of job (KB)
...
006 (4430510.166.000) 09/08 13:42:36 Image size of job updated: 260964
	251  -  MemoryUsage of job (MB)
	256616  -  ResidentSetSize of job (KB)
...
006 (4430510.166.000) 09/08 13:47:36 Image size of job updated: 261016
	251  -  MemoryUsage of job (MB)
	256628  -  ResidentSetSize of job (KB)
...
006 (4430510.166.000) 09/08 13:57:38 Image size of job updated: 261112
	251  -  MemoryUsage of job (MB)
	256724  -  ResidentSetSize of job (KB)
...
006 (4430510.166.000) 09/08 14:02:38 Image size of job updated: 261944
	252  -  MemoryUsage of job (MB)
	257496  -  ResidentSetSize of job (KB)
...
006 (4430510.166.000) 09/08 14:17:40 Image size of job updated: 262168
	252  -  MemoryUsage of job (MB)
	257680  -  ResidentSetSize of job (KB)
...
006 (4430510.166.000) 09/08 14:22:40 Image size of job updated: 262220
	252  -  MemoryUsage of job (MB)
	257692  -  ResidentSetSize of job (KB)
...
006 (4430510.166.000) 09/08 14:42:45 Image size of job updated: 262512
	252  -  MemoryUsage of job (MB)
	257984  -  ResidentSetSize of job (KB)
...
006 (4430510.166.000) 09/08 14:47:45 Image size of job updated: 262556
	252  -  MemoryUsage of job (MB)
	258028  -  ResidentSetSize of job (KB)
...
006 (4430510.166.000) 09/08 14:57:45 Image size of job updated: 262704
	253  -  MemoryUsage of job (MB)
	258176  -  ResidentSetSize of job (KB)
...
006 (4430510.166.000) 09/08 15:07:47 Image size of job updated: 263452
	253  -  MemoryUsage of job (MB)
	258968  -  ResidentSetSize of job (KB)
...
006 (4430510.166.000) 09/08 15:12:48 Image size of job updated: 263508
	253  -  MemoryUsage of job (MB)
	258980  -  ResidentSetSize of job (KB)
...
006 (4430510.166.000) 09/08 15:22:48 Image size of job updated: 265216
	255  -  MemoryUsage of job (MB)
	260692  -  ResidentSetSize of job (KB)
...
006 (4430510.166.000) 09/08 15:27:50 Image size of job updated: 265220
	255  -  MemoryUsage of job (MB)
	260692  -  ResidentSetSize of job (KB)
...
006 (4430510.166.000) 09/08 15:32:50 Image size of job updated: 266024
	256  -  MemoryUsage of job (MB)
	261496  -  ResidentSetSize of job (KB)
...
006 (4430510.166.000) 09/08 15:47:52 Image size of job updated: 266332
	256  -  MemoryUsage of job (MB)
	261804  -  ResidentSetSize of job (KB)
...
006 (4430510.166.000) 09/08 15:52:52 Image size of job updated: 269448
	259  -  MemoryUsage of job (MB)
	264920  -  ResidentSetSize of job (KB)
...
006 (4430510.166.000) 09/08 16:27:55 Image size of job updated: 269880
	260  -  MemoryUsage of job (MB)
	265356  -  ResidentSetSize of job (KB)
...
006 (4430510.166.000) 09/08 16:32:55 Image size of job updated: 269888
	260  -  MemoryUsage of job (MB)
	265356  -  ResidentSetSize of job (KB)
...
006 (4430510.166.000) 09/08 16:37:57 Image size of job updated: 270696
	260  -  MemoryUsage of job (MB)
	266164  -  ResidentSetSize of job (KB)
...
006 (4430510.166.000) 09/08 17:58:05 Image size of job updated: 272140
	262  -  MemoryUsage of job (MB)
	267652  -  ResidentSetSize of job (KB)
...
006 (4430510.166.000) 09/08 18:03:06 Image size of job updated: 272192
	262  -  MemoryUsage of job (MB)
	267664  -  ResidentSetSize of job (KB)
...
006 (4430510.166.000) 09/08 18:08:08 Image size of job updated: 272200
	262  -  MemoryUsage of job (MB)
	267672  -  ResidentSetSize of job (KB)
...
006 (4430510.166.000) 09/08 18:23:09 Image size of job updated: 272592
	262  -  MemoryUsage of job (MB)
	268104  -  ResidentSetSize of job (KB)
...
006 (4430510.166.000) 09/08 18:28:09 Image size of job updated: 272644
	262  -  MemoryUsage of job (MB)
	268116  -  ResidentSetSize of job (KB)
...
006 (4430510.166.000) 09/08 18:33:10 Image size of job updated: 272648
	262  -  MemoryUsage of job (MB)
	268120  -  ResidentSetSize of job (KB)
...
006 (4430510.166.000) 09/08 19:18:17 Image size of job updated: 272852
	263  -  MemoryUsage of job (MB)
	268364  -  ResidentSetSize of job (KB)
...
006 (4430510.166.000) 09/08 19:23:17 Image size of job updated: 272904
	263  -  MemoryUsage of job (MB)
	268376  -  ResidentSetSize of job (KB)
...
006 (4430510.166.000) 09/08 19:28:17 Image size of job updated: 272908
	263  -  MemoryUsage of job (MB)
	268376  -  ResidentSetSize of job (KB)
...
006 (4430510.166.000) 09/08 19:53:21 Image size of job updated: 273696
	263  -  MemoryUsage of job (MB)
	269164  -  ResidentSetSize of job (KB)
...
006 (4430510.166.000) 09/08 20:18:24 Image size of job updated: 274340
	264  -  MemoryUsage of job (MB)
	269812  -  ResidentSetSize of job (KB)
...
006 (4430510.166.000) 09/08 20:43:24 Image size of job updated: 274764
	264  -  MemoryUsage of job (MB)
	270236  -  ResidentSetSize of job (KB)
...
006 (4430510.166.000) 09/08 20:48:24 Image size of job updated: 275052
	265  -  MemoryUsage of job (MB)
	270528  -  ResidentSetSize of job (KB)
...
006 (4430510.166.000) 09/08 20:53:26 Image size of job updated: 275060
	265  -  MemoryUsage of job (MB)
	270528  -  ResidentSetSize of job (KB)
...
006 (4430510.166.000) 09/08 21:48:31 Image size of job updated: 275216
	265  -  MemoryUsage of job (MB)
	270684  -  ResidentSetSize of job (KB)
...
006 (4430510.166.000) 09/08 21:53:33 Image size of job updated: 275592
	265  -  MemoryUsage of job (MB)
	271104  -  ResidentSetSize of job (KB)
...
006 (4430510.166.000) 09/08 21:58:33 Image size of job updated: 275644
	265  -  MemoryUsage of job (MB)
	271116  -  ResidentSetSize of job (KB)
...
006 (4430510.166.000) 09/08 22:23:34 Image size of job updated: 276644
	266  -  MemoryUsage of job (MB)
	272120  -  ResidentSetSize of job (KB)
...
006 (4430510.166.000) 09/08 22:28:36 Image size of job updated: 276648
	266  -  MemoryUsage of job (MB)
	272120  -  ResidentSetSize of job (KB)
...
006 (4430510.166.000) 09/08 22:33:37 Image size of job updated: 276816
	266  -  MemoryUsage of job (MB)
	272380  -  ResidentSetSize of job (KB)
...
006 (4430510.166.000) 09/08 22:38:37 Image size of job updated: 276960
	267  -  MemoryUsage of job (MB)
	272432  -  ResidentSetSize of job (KB)
...
006 (4430510.166.000) 09/08 23:38:42 Image size of job updated: 277252
	267  -  MemoryUsage of job (MB)
	272676  -  ResidentSetSize of job (KB)
...
006 (4430510.166.000) 09/08 23:53:42 Image size of job updated: 277664
	267  -  MemoryUsage of job (MB)
	273088  -  ResidentSetSize of job (KB)
...
006 (4430510.166.000) 09/09 00:03:44 Image size of job updated: 279668
	269  -  MemoryUsage of job (MB)
	275092  -  ResidentSetSize of job (KB)
...
006 (4430510.166.000) 09/09 00:08:45 Image size of job updated: 280308
	270  -  MemoryUsage of job (MB)
	275732  -  ResidentSetSize of job (KB)
...
006 (4430510.166.000) 09/09 04:19:13 Image size of job updated: 281876
	270  -  MemoryUsage of job (MB)
	276468  -  ResidentSetSize of job (KB)
...
006 (4430510.166.000) 09/09 04:24:14 Image size of job updated: 281928
	270  -  MemoryUsage of job (MB)
	276480  -  ResidentSetSize of job (KB)
...
006 (4430510.166.000) 09/09 04:29:14 Image size of job updated: 281932
	270  -  MemoryUsage of job (MB)
	276480  -  ResidentSetSize of job (KB)
...
006 (4430510.166.000) 09/09 04:54:17 Image size of job updated: 283372
	271  -  MemoryUsage of job (MB)
	277400  -  ResidentSetSize of job (KB)
...
005 (4430510.166.000) 09/09 05:06:41 Job terminated.
	(1) Normal termination (return value 0)
		Usr 0 17:21:58, Sys 0 00:04:22  -  Run Remote Usage
		Usr 0 00:00:00, Sys 0 00:00:00  -  Run Local Usage
		Usr 0 17:21:58, Sys 0 00:04:22  -  Total Remote Usage
		Usr 0 00:00:00, Sys 0 00:00:00  -  Total Local Usage
	3536811  -  Run Bytes Sent By Job
	17284  -  Run Bytes Received By Job
	3536811  -  Total Bytes Sent By Job
	17284  -  Total Bytes Received By Job
	Partitionable Resources :    Usage  Request Allocated
	   Cpus                 :                 1         1
	   Disk (KB)            : 20511124 26214400  28344238
	   Ioheavy              :                           1
	   Memory (MB)          :      271      300       300
...
