000 (4430510.581.000) 09/08 09:59:23 Job submitted from host: <128.105.244.190:9618?addrs=128.105.244.190-9618&noUDP&sock=2714685_05e2_3>
...
001 (4430510.581.000) 09/08 11:53:08 Job executing on host: <128.105.244.37:9618?addrs=128.105.244.37-9618+[--1]-9618&noUDP&sock=3830_eb26_3>
...
006 (4430510.581.000) 09/08 11:53:16 Image size of job updated: 564
	1  -  MemoryUsage of job (MB)
	476  -  ResidentSetSize of job (KB)
...
006 (4430510.581.000) 09/08 12:23:32 Image size of job updated: 164212
	157  -  MemoryUsage of job (MB)
	159808  -  ResidentSetSize of job (KB)
...
006 (4430510.581.000) 09/08 12:28:19 Image size of job updated: 196296
	188  -  MemoryUsage of job (MB)
	191880  -  ResidentSetSize of job (KB)
...
006 (4430510.581.000) 09/08 12:33:19 Image size of job updated: 207012
	198  -  MemoryUsage of job (MB)
	202636  -  ResidentSetSize of job (KB)
...
006 (4430510.581.000) 09/08 12:38:20 Image size of job updated: 207076
	198  -  MemoryUsage of job (MB)
	202656  -  ResidentSetSize of job (KB)
...
006 (4430510.581.000) 09/08 12:43:20 Image size of job updated: 211288
	203  -  MemoryUsage of job (MB)
	206868  -  ResidentSetSize of job (KB)
...
006 (4430510.581.000) 09/08 12:48:21 Image size of job updated: 215780
	207  -  MemoryUsage of job (MB)
	211404  -  ResidentSetSize of job (KB)
...
006 (4430510.581.000) 09/08 12:53:21 Image size of job updated: 215844
	207  -  MemoryUsage of job (MB)
	211424  -  ResidentSetSize of job (KB)
...
006 (4430510.581.000) 09/08 13:08:23 Image size of job updated: 241612
	207  -  MemoryUsage of job (MB)
	211424  -  ResidentSetSize of job (KB)
...
006 (4430510.581.000) 09/08 13:18:23 Image size of job updated: 248612
	222  -  MemoryUsage of job (MB)
	226976  -  ResidentSetSize of job (KB)
...
006 (4430510.581.000) 09/08 13:28:23 Image size of job updated: 250908
	224  -  MemoryUsage of job (MB)
	229316  -  ResidentSetSize of job (KB)
...
006 (4430510.581.000) 09/08 13:33:23 Image size of job updated: 250972
	224  -  MemoryUsage of job (MB)
	229336  -  ResidentSetSize of job (KB)
...
006 (4430510.581.000) 09/08 13:43:25 Image size of job updated: 251804
	225  -  MemoryUsage of job (MB)
	230168  -  ResidentSetSize of job (KB)
...
006 (4430510.581.000) 09/08 13:53:27 Image size of job updated: 257332
	231  -  MemoryUsage of job (MB)
	235740  -  ResidentSetSize of job (KB)
...
006 (4430510.581.000) 09/08 13:58:27 Image size of job updated: 257396
	231  -  MemoryUsage of job (MB)
	235740  -  ResidentSetSize of job (KB)
...
006 (4430510.581.000) 09/08 14:03:27 Image size of job updated: 257416
	231  -  MemoryUsage of job (MB)
	235740  -  ResidentSetSize of job (KB)
...
006 (4430510.581.000) 09/08 15:13:33 Image size of job updated: 259556
	232  -  MemoryUsage of job (MB)
	236552  -  ResidentSetSize of job (KB)
...
006 (4430510.581.000) 09/08 15:18:33 Image size of job updated: 262016
	234  -  MemoryUsage of job (MB)
	239004  -  ResidentSetSize of job (KB)
...
006 (4430510.581.000) 09/08 17:53:51 Image size of job updated: 262016
	234  -  MemoryUsage of job (MB)
	239132  -  ResidentSetSize of job (KB)
...
006 (4430510.581.000) 09/08 18:33:55 Image size of job updated: 262452
	235  -  MemoryUsage of job (MB)
	240020  -  ResidentSetSize of job (KB)
...
006 (4430510.581.000) 09/08 18:38:56 Image size of job updated: 262460
	235  -  MemoryUsage of job (MB)
	240020  -  ResidentSetSize of job (KB)
...
006 (4430510.581.000) 09/08 19:39:01 Image size of job updated: 264716
	237  -  MemoryUsage of job (MB)
	242372  -  ResidentSetSize of job (KB)
...
006 (4430510.581.000) 09/08 19:44:01 Image size of job updated: 264868
	237  -  MemoryUsage of job (MB)
	242432  -  ResidentSetSize of job (KB)
...
006 (4430510.581.000) 09/08 20:09:03 Image size of job updated: 265328
	238  -  MemoryUsage of job (MB)
	242936  -  ResidentSetSize of job (KB)
...
006 (4430510.581.000) 09/08 20:14:04 Image size of job updated: 265388
	238  -  MemoryUsage of job (MB)
	242956  -  ResidentSetSize of job (KB)
...
006 (4430510.581.000) 09/08 20:19:04 Image size of job updated: 265392
	238  -  MemoryUsage of job (MB)
	242956  -  ResidentSetSize of job (KB)
...
006 (4430510.581.000) 09/08 20:59:07 Image size of job updated: 265480
	238  -  MemoryUsage of job (MB)
	243084  -  ResidentSetSize of job (KB)
...
006 (4430510.581.000) 09/08 21:04:08 Image size of job updated: 267584
	240  -  MemoryUsage of job (MB)
	245148  -  ResidentSetSize of job (KB)
...
006 (4430510.581.000) 09/08 21:09:08 Image size of job updated: 268256
	241  -  MemoryUsage of job (MB)
	245820  -  ResidentSetSize of job (KB)
...
006 (4430510.581.000) 09/08 21:24:09 Image size of job updated: 270148
	242  -  MemoryUsage of job (MB)
	247712  -  ResidentSetSize of job (KB)
...
006 (4430510.581.000) 09/08 21:44:11 Image size of job updated: 270396
	243  -  MemoryUsage of job (MB)
	248004  -  ResidentSetSize of job (KB)
...
006 (4430510.581.000) 09/08 21:49:12 Image size of job updated: 270456
	243  -  MemoryUsage of job (MB)
	248024  -  ResidentSetSize of job (KB)
...
006 (4430510.581.000) 09/08 21:54:12 Image size of job updated: 270460
	243  -  MemoryUsage of job (MB)
	248024  -  ResidentSetSize of job (KB)
...
006 (4430510.581.000) 09/08 22:24:17 Image size of job updated: 270592
	243  -  MemoryUsage of job (MB)
	248156  -  ResidentSetSize of job (KB)
...
006 (4430510.581.000) 09/08 23:19:22 Image size of job updated: 271224
	243  -  MemoryUsage of job (MB)
	248828  -  ResidentSetSize of job (KB)
...
006 (4430510.581.000) 09/08 23:24:22 Image size of job updated: 271284
	244  -  MemoryUsage of job (MB)
	248848  -  ResidentSetSize of job (KB)
...
006 (4430510.581.000) 09/08 23:29:22 Image size of job updated: 271288
	244  -  MemoryUsage of job (MB)
	248848  -  ResidentSetSize of job (KB)
...
006 (4430510.581.000) 09/09 00:39:29 Image size of job updated: 271956
	244  -  MemoryUsage of job (MB)
	249520  -  ResidentSetSize of job (KB)
...
006 (4430510.581.000) 09/09 00:54:30 Image size of job updated: 272416
	245  -  MemoryUsage of job (MB)
	249984  -  ResidentSetSize of job (KB)
...
006 (4430510.581.000) 09/09 00:59:31 Image size of job updated: 272420
	245  -  MemoryUsage of job (MB)
	249984  -  ResidentSetSize of job (KB)
...
006 (4430510.581.000) 09/09 01:39:37 Image size of job updated: 273264
	245  -  MemoryUsage of job (MB)
	250828  -  ResidentSetSize of job (KB)
...
006 (4430510.581.000) 09/09 02:14:41 Image size of job updated: 273320
	246  -  MemoryUsage of job (MB)
	250884  -  ResidentSetSize of job (KB)
...
006 (4430510.581.000) 09/09 02:19:41 Image size of job updated: 274348
	247  -  MemoryUsage of job (MB)
	251952  -  ResidentSetSize of job (KB)
...
006 (4430510.581.000) 09/09 02:24:42 Image size of job updated: 274408
	247  -  MemoryUsage of job (MB)
	251972  -  ResidentSetSize of job (KB)
...
006 (4430510.581.000) 09/09 02:44:43 Image size of job updated: 274648
	247  -  MemoryUsage of job (MB)
	252208  -  ResidentSetSize of job (KB)
...
006 (4430510.581.000) 09/09 02:49:44 Image size of job updated: 276140
	248  -  MemoryUsage of job (MB)
	253748  -  ResidentSetSize of job (KB)
...
006 (4430510.581.000) 09/09 02:54:45 Image size of job updated: 276204
	248  -  MemoryUsage of job (MB)
	253768  -  ResidentSetSize of job (KB)
...
006 (4430510.581.000) 09/09 03:04:51 Image size of job updated: 277724
	250  -  MemoryUsage of job (MB)
	255332  -  ResidentSetSize of job (KB)
...
006 (4430510.581.000) 09/09 03:09:46 Image size of job updated: 277788
	250  -  MemoryUsage of job (MB)
	255352  -  ResidentSetSize of job (KB)
...
006 (4430510.581.000) 09/09 03:29:49 Image size of job updated: 278112
	250  -  MemoryUsage of job (MB)
	255676  -  ResidentSetSize of job (KB)
...
006 (4430510.581.000) 09/09 03:39:51 Image size of job updated: 278120
	250  -  MemoryUsage of job (MB)
	255684  -  ResidentSetSize of job (KB)
...
006 (4430510.581.000) 09/09 03:49:52 Image size of job updated: 278532
	251  -  MemoryUsage of job (MB)
	256100  -  ResidentSetSize of job (KB)
...
006 (4430510.581.000) 09/09 03:54:52 Image size of job updated: 278536
	251  -  MemoryUsage of job (MB)
	256100  -  ResidentSetSize of job (KB)
...
006 (4430510.581.000) 09/09 03:59:53 Image size of job updated: 280440
	252  -  MemoryUsage of job (MB)
	258044  -  ResidentSetSize of job (KB)
...
006 (4430510.581.000) 09/09 04:04:53 Image size of job updated: 280500
	253  -  MemoryUsage of job (MB)
	258064  -  ResidentSetSize of job (KB)
...
006 (4430510.581.000) 09/09 04:09:53 Image size of job updated: 280504
	253  -  MemoryUsage of job (MB)
	258064  -  ResidentSetSize of job (KB)
...
006 (4430510.581.000) 09/09 04:44:57 Image size of job updated: 281488
	254  -  MemoryUsage of job (MB)
	259096  -  ResidentSetSize of job (KB)
...
006 (4430510.581.000) 09/09 04:49:59 Image size of job updated: 281552
	254  -  MemoryUsage of job (MB)
	259116  -  ResidentSetSize of job (KB)
...
006 (4430510.581.000) 09/09 07:20:14 Image size of job updated: 282708
	255  -  MemoryUsage of job (MB)
	260312  -  ResidentSetSize of job (KB)
...
006 (4430510.581.000) 09/09 07:25:13 Image size of job updated: 282768
	255  -  MemoryUsage of job (MB)
	260332  -  ResidentSetSize of job (KB)
...
006 (4430510.581.000) 09/09 07:30:13 Image size of job updated: 283448
	255  -  MemoryUsage of job (MB)
	261012  -  ResidentSetSize of job (KB)
...
006 (4430510.581.000) 09/09 08:00:17 Image size of job updated: 283932
	256  -  MemoryUsage of job (MB)
	261496  -  ResidentSetSize of job (KB)
...
005 (4430510.581.000) 09/09 08:02:25 Job terminated.
	(1) Normal termination (return value 0)
		Usr 0 19:25:33, Sys 0 00:07:16  -  Run Remote Usage
		Usr 0 00:00:00, Sys 0 00:00:00  -  Run Local Usage
		Usr 0 19:25:33, Sys 0 00:07:16  -  Total Remote Usage
		Usr 0 00:00:00, Sys 0 00:00:00  -  Total Local Usage
	3531875  -  Run Bytes Sent By Job
	17284  -  Run Bytes Received By Job
	3531875  -  Total Bytes Sent By Job
	17284  -  Total Bytes Received By Job
	Partitionable Resources :    Usage  Request Allocated
	   Cpus                 :                 1         1
	   Disk (KB)            : 22032837 26214400  31829913
	   Ioheavy              :                           1
	   Memory (MB)          :      256      300       300
...
