000 (4430510.076.000) 09/08 09:59:23 Job submitted from host: <128.105.244.190:9618?addrs=128.105.244.190-9618&noUDP&sock=2714685_05e2_3>
...
001 (4430510.076.000) 09/08 11:16:21 Job executing on host: <128.105.245.217:9618?addrs=128.105.245.217-9618+[--1]-9618&noUDP&sock=5509_d8f3_3>
...
006 (4430510.076.000) 09/08 11:16:30 Image size of job updated: 472
	1  -  MemoryUsage of job (MB)
	472  -  ResidentSetSize of job (KB)
...
006 (4430510.076.000) 09/08 11:26:31 Image size of job updated: 552
	1  -  MemoryUsage of job (MB)
	552  -  ResidentSetSize of job (KB)
...
006 (4430510.076.000) 09/08 12:11:34 Image size of job updated: 17448
	12  -  MemoryUsage of job (MB)
	12068  -  ResidentSetSize of job (KB)
...
006 (4430510.076.000) 09/08 12:16:36 Image size of job updated: 164244
	156  -  MemoryUsage of job (MB)
	158784  -  ResidentSetSize of job (KB)
...
006 (4430510.076.000) 09/08 12:21:36 Image size of job updated: 186592
	177  -  MemoryUsage of job (MB)
	181128  -  ResidentSetSize of job (KB)
...
006 (4430510.076.000) 09/08 12:26:36 Image size of job updated: 193804
	184  -  MemoryUsage of job (MB)
	188380  -  ResidentSetSize of job (KB)
...
006 (4430510.076.000) 09/08 12:31:36 Image size of job updated: 193856
	184  -  MemoryUsage of job (MB)
	188392  -  ResidentSetSize of job (KB)
...
006 (4430510.076.000) 09/08 12:36:36 Image size of job updated: 201376
	192  -  MemoryUsage of job (MB)
	195908  -  ResidentSetSize of job (KB)
...
006 (4430510.076.000) 09/08 12:46:39 Image size of job updated: 205740
	196  -  MemoryUsage of job (MB)
	200272  -  ResidentSetSize of job (KB)
...
006 (4430510.076.000) 09/08 12:51:40 Image size of job updated: 209488
	200  -  MemoryUsage of job (MB)
	204028  -  ResidentSetSize of job (KB)
...
006 (4430510.076.000) 09/08 13:01:40 Image size of job updated: 244208
	234  -  MemoryUsage of job (MB)
	238736  -  ResidentSetSize of job (KB)
...
006 (4430510.076.000) 09/08 13:11:42 Image size of job updated: 249332
	239  -  MemoryUsage of job (MB)
	243864  -  ResidentSetSize of job (KB)
...
006 (4430510.076.000) 09/08 13:21:43 Image size of job updated: 251800
	239  -  MemoryUsage of job (MB)
	243864  -  ResidentSetSize of job (KB)
...
006 (4430510.076.000) 09/08 13:26:43 Image size of job updated: 251808
	239  -  MemoryUsage of job (MB)
	243864  -  ResidentSetSize of job (KB)
...
006 (4430510.076.000) 09/08 14:06:47 Image size of job updated: 256108
	245  -  MemoryUsage of job (MB)
	250228  -  ResidentSetSize of job (KB)
...
006 (4430510.076.000) 09/08 14:11:48 Image size of job updated: 256960
	246  -  MemoryUsage of job (MB)
	251080  -  ResidentSetSize of job (KB)
...
006 (4430510.076.000) 09/08 14:16:48 Image size of job updated: 257972
	247  -  MemoryUsage of job (MB)
	252096  -  ResidentSetSize of job (KB)
...
006 (4430510.076.000) 09/08 14:21:48 Image size of job updated: 257980
	247  -  MemoryUsage of job (MB)
	252096  -  ResidentSetSize of job (KB)
...
006 (4430510.076.000) 09/08 14:36:48 Image size of job updated: 258576
	247  -  MemoryUsage of job (MB)
	252696  -  ResidentSetSize of job (KB)
...
006 (4430510.076.000) 09/08 14:41:50 Image size of job updated: 260812
	249  -  MemoryUsage of job (MB)
	254976  -  ResidentSetSize of job (KB)
...
006 (4430510.076.000) 09/08 14:46:50 Image size of job updated: 260872
	250  -  MemoryUsage of job (MB)
	254988  -  ResidentSetSize of job (KB)
...
006 (4430510.076.000) 09/08 14:56:50 Image size of job updated: 261556
	250  -  MemoryUsage of job (MB)
	255680  -  ResidentSetSize of job (KB)
...
006 (4430510.076.000) 09/08 15:01:50 Image size of job updated: 261560
	250  -  MemoryUsage of job (MB)
	255680  -  ResidentSetSize of job (KB)
...
006 (4430510.076.000) 09/08 15:46:57 Image size of job updated: 265328
	250  -  MemoryUsage of job (MB)
	255680  -  ResidentSetSize of job (KB)
...
006 (4430510.076.000) 09/08 15:51:57 Image size of job updated: 265468
	250  -  MemoryUsage of job (MB)
	255680  -  ResidentSetSize of job (KB)
...
006 (4430510.076.000) 09/08 16:22:00 Image size of job updated: 267688
	250  -  MemoryUsage of job (MB)
	255680  -  ResidentSetSize of job (KB)
...
006 (4430510.076.000) 09/08 16:27:01 Image size of job updated: 267740
	250  -  MemoryUsage of job (MB)
	255680  -  ResidentSetSize of job (KB)
...
006 (4430510.076.000) 09/08 17:07:09 Image size of job updated: 267996
	250  -  MemoryUsage of job (MB)
	255680  -  ResidentSetSize of job (KB)
...
006 (4430510.076.000) 09/08 17:32:13 Image size of job updated: 268524
	250  -  MemoryUsage of job (MB)
	255680  -  ResidentSetSize of job (KB)
...
006 (4430510.076.000) 09/08 17:37:13 Image size of job updated: 269348
	250  -  MemoryUsage of job (MB)
	255680  -  ResidentSetSize of job (KB)
...
006 (4430510.076.000) 09/08 17:57:13 Image size of job updated: 269472
	250  -  MemoryUsage of job (MB)
	255680  -  ResidentSetSize of job (KB)
...
006 (4430510.076.000) 09/08 18:02:14 Image size of job updated: 269476
	250  -  MemoryUsage of job (MB)
	255680  -  ResidentSetSize of job (KB)
...
006 (4430510.076.000) 09/08 18:07:15 Image size of job updated: 271852
	250  -  MemoryUsage of job (MB)
	255680  -  ResidentSetSize of job (KB)
...
006 (4430510.076.000) 09/08 18:22:18 Image size of job updated: 272364
	250  -  MemoryUsage of job (MB)
	255680  -  ResidentSetSize of job (KB)
...
006 (4430510.076.000) 09/08 18:27:19 Image size of job updated: 272368
	250  -  MemoryUsage of job (MB)
	255680  -  ResidentSetSize of job (KB)
...
006 (4430510.076.000) 09/08 18:47:24 Image size of job updated: 274504
	250  -  MemoryUsage of job (MB)
	255680  -  ResidentSetSize of job (KB)
...
006 (4430510.076.000) 09/08 18:52:25 Image size of job updated: 274560
	250  -  MemoryUsage of job (MB)
	255680  -  ResidentSetSize of job (KB)
...
006 (4430510.076.000) 09/08 19:12:28 Image size of job updated: 275116
	250  -  MemoryUsage of job (MB)
	255848  -  ResidentSetSize of job (KB)
...
006 (4430510.076.000) 09/08 19:17:28 Image size of job updated: 275172
	250  -  MemoryUsage of job (MB)
	255860  -  ResidentSetSize of job (KB)
...
006 (4430510.076.000) 09/08 19:42:28 Image size of job updated: 275544
	251  -  MemoryUsage of job (MB)
	256232  -  ResidentSetSize of job (KB)
...
006 (4430510.076.000) 09/08 19:47:28 Image size of job updated: 275724
	251  -  MemoryUsage of job (MB)
	256452  -  ResidentSetSize of job (KB)
...
006 (4430510.076.000) 09/08 19:52:28 Image size of job updated: 275776
	251  -  MemoryUsage of job (MB)
	256464  -  ResidentSetSize of job (KB)
...
006 (4430510.076.000) 09/08 19:57:28 Image size of job updated: 276360
	252  -  MemoryUsage of job (MB)
	257052  -  ResidentSetSize of job (KB)
...
006 (4430510.076.000) 09/08 20:02:28 Image size of job updated: 276368
	252  -  MemoryUsage of job (MB)
	257052  -  ResidentSetSize of job (KB)
...
006 (4430510.076.000) 09/08 20:27:31 Image size of job updated: 276432
	252  -  MemoryUsage of job (MB)
	257124  -  ResidentSetSize of job (KB)
...
006 (4430510.076.000) 09/08 20:32:32 Image size of job updated: 276888
	252  -  MemoryUsage of job (MB)
	257620  -  ResidentSetSize of job (KB)
...
006 (4430510.076.000) 09/08 20:37:33 Image size of job updated: 276944
	252  -  MemoryUsage of job (MB)
	257632  -  ResidentSetSize of job (KB)
...
006 (4430510.076.000) 09/08 20:52:37 Image size of job updated: 277840
	253  -  MemoryUsage of job (MB)
	258528  -  ResidentSetSize of job (KB)
...
006 (4430510.076.000) 09/08 20:57:38 Image size of job updated: 278656
	254  -  MemoryUsage of job (MB)
	259344  -  ResidentSetSize of job (KB)
...
006 (4430510.076.000) 09/08 21:57:45 Image size of job updated: 279268
	254  -  MemoryUsage of job (MB)
	259960  -  ResidentSetSize of job (KB)
...
006 (4430510.076.000) 09/08 22:37:45 Image size of job updated: 280088
	255  -  MemoryUsage of job (MB)
	260820  -  ResidentSetSize of job (KB)
...
006 (4430510.076.000) 09/08 22:42:45 Image size of job updated: 280144
	255  -  MemoryUsage of job (MB)
	260832  -  ResidentSetSize of job (KB)
...
006 (4430510.076.000) 09/08 22:57:45 Image size of job updated: 281284
	256  -  MemoryUsage of job (MB)
	261976  -  ResidentSetSize of job (KB)
...
006 (4430510.076.000) 09/08 23:02:45 Image size of job updated: 281288
	256  -  MemoryUsage of job (MB)
	261976  -  ResidentSetSize of job (KB)
...
006 (4430510.076.000) 09/08 23:17:45 Image size of job updated: 282192
	257  -  MemoryUsage of job (MB)
	262876  -  ResidentSetSize of job (KB)
...
006 (4430510.076.000) 09/09 00:27:53 Image size of job updated: 283040
	258  -  MemoryUsage of job (MB)
	263728  -  ResidentSetSize of job (KB)
...
006 (4430510.076.000) 09/09 00:32:53 Image size of job updated: 283840
	259  -  MemoryUsage of job (MB)
	264528  -  ResidentSetSize of job (KB)
...
005 (4430510.076.000) 09/09 00:43:29 Job terminated.
	(1) Normal termination (return value 0)
		Usr 0 12:25:53, Sys 0 00:02:55  -  Run Remote Usage
		Usr 0 00:00:00, Sys 0 00:00:00  -  Run Local Usage
		Usr 0 12:25:53, Sys 0 00:02:55  -  Total Remote Usage
		Usr 0 00:00:00, Sys 0 00:00:00  -  Total Local Usage
	3532587  -  Run Bytes Sent By Job
	17284  -  Run Bytes Received By Job
	3532587  -  Total Bytes Sent By Job
	17284  -  Total Bytes Received By Job
	Partitionable Resources :    Usage  Request Allocated
	   Cpus                 :                 1         1
	   Disk (KB)            : 20930790 26214400  27646155
	   Ioheavy              :                           1
	   Memory (MB)          :      259      300       300
...
