000 (4430510.601.000) 09/08 09:59:23 Job submitted from host: <128.105.244.190:9618?addrs=128.105.244.190-9618&noUDP&sock=2714685_05e2_3>
...
001 (4430510.601.000) 09/08 11:53:08 Job executing on host: <128.105.245.37:9618?addrs=128.105.245.37-9618+[--1]-9618&noUDP&sock=17140_dd54_3>
...
006 (4430510.601.000) 09/08 11:53:17 Image size of job updated: 492
	1  -  MemoryUsage of job (MB)
	492  -  ResidentSetSize of job (KB)
...
006 (4430510.601.000) 09/08 11:58:17 Image size of job updated: 564
	1  -  MemoryUsage of job (MB)
	492  -  ResidentSetSize of job (KB)
...
006 (4430510.601.000) 09/08 12:18:20 Image size of job updated: 32140
	12  -  MemoryUsage of job (MB)
	11636  -  ResidentSetSize of job (KB)
...
006 (4430510.601.000) 09/08 12:23:20 Image size of job updated: 62536
	48  -  MemoryUsage of job (MB)
	48224  -  ResidentSetSize of job (KB)
...
006 (4430510.601.000) 09/08 12:28:23 Image size of job updated: 191972
	85  -  MemoryUsage of job (MB)
	86020  -  ResidentSetSize of job (KB)
...
006 (4430510.601.000) 09/08 12:33:37 Image size of job updated: 191972
	85  -  MemoryUsage of job (MB)
	86032  -  ResidentSetSize of job (KB)
...
006 (4430510.601.000) 09/08 12:43:22 Image size of job updated: 199824
	149  -  MemoryUsage of job (MB)
	152284  -  ResidentSetSize of job (KB)
...
006 (4430510.601.000) 09/08 12:53:23 Image size of job updated: 218280
	189  -  MemoryUsage of job (MB)
	192520  -  ResidentSetSize of job (KB)
...
006 (4430510.601.000) 09/08 13:03:24 Image size of job updated: 219484
	190  -  MemoryUsage of job (MB)
	193724  -  ResidentSetSize of job (KB)
...
006 (4430510.601.000) 09/08 13:13:25 Image size of job updated: 219640
	190  -  MemoryUsage of job (MB)
	193880  -  ResidentSetSize of job (KB)
...
006 (4430510.601.000) 09/08 13:18:26 Image size of job updated: 220432
	191  -  MemoryUsage of job (MB)
	194672  -  ResidentSetSize of job (KB)
...
006 (4430510.601.000) 09/08 13:23:26 Image size of job updated: 243564
	213  -  MemoryUsage of job (MB)
	217812  -  ResidentSetSize of job (KB)
...
006 (4430510.601.000) 09/08 13:38:28 Image size of job updated: 248976
	219  -  MemoryUsage of job (MB)
	223780  -  ResidentSetSize of job (KB)
...
006 (4430510.601.000) 09/08 13:58:28 Image size of job updated: 249708
	220  -  MemoryUsage of job (MB)
	224512  -  ResidentSetSize of job (KB)
...
006 (4430510.601.000) 09/08 14:03:28 Image size of job updated: 253628
	224  -  MemoryUsage of job (MB)
	228476  -  ResidentSetSize of job (KB)
...
006 (4430510.601.000) 09/08 14:08:29 Image size of job updated: 253692
	224  -  MemoryUsage of job (MB)
	228496  -  ResidentSetSize of job (KB)
...
006 (4430510.601.000) 09/08 14:13:30 Image size of job updated: 254488
	224  -  MemoryUsage of job (MB)
	229292  -  ResidentSetSize of job (KB)
...
006 (4430510.601.000) 09/08 14:38:32 Image size of job updated: 255768
	224  -  MemoryUsage of job (MB)
	229292  -  ResidentSetSize of job (KB)
...
006 (4430510.601.000) 09/08 14:43:33 Image size of job updated: 255832
	224  -  MemoryUsage of job (MB)
	229296  -  ResidentSetSize of job (KB)
...
006 (4430510.601.000) 09/08 14:48:33 Image size of job updated: 256684
	225  -  MemoryUsage of job (MB)
	230148  -  ResidentSetSize of job (KB)
...
006 (4430510.601.000) 09/08 14:53:34 Image size of job updated: 259812
	228  -  MemoryUsage of job (MB)
	233320  -  ResidentSetSize of job (KB)
...
006 (4430510.601.000) 09/08 14:58:35 Image size of job updated: 259876
	228  -  MemoryUsage of job (MB)
	233340  -  ResidentSetSize of job (KB)
...
006 (4430510.601.000) 09/08 17:33:02 Image size of job updated: 260216
	228  -  MemoryUsage of job (MB)
	233340  -  ResidentSetSize of job (KB)
...
006 (4430510.601.000) 09/08 17:38:39 Image size of job updated: 260456
	228  -  MemoryUsage of job (MB)
	233340  -  ResidentSetSize of job (KB)
...
006 (4430510.601.000) 09/08 19:43:16 Image size of job updated: 263028
	229  -  MemoryUsage of job (MB)
	233736  -  ResidentSetSize of job (KB)
...
006 (4430510.601.000) 09/08 19:48:16 Image size of job updated: 263092
	229  -  MemoryUsage of job (MB)
	233756  -  ResidentSetSize of job (KB)
...
006 (4430510.601.000) 09/08 20:18:19 Image size of job updated: 264544
	230  -  MemoryUsage of job (MB)
	235252  -  ResidentSetSize of job (KB)
...
006 (4430510.601.000) 09/08 20:23:19 Image size of job updated: 264608
	230  -  MemoryUsage of job (MB)
	235272  -  ResidentSetSize of job (KB)
...
006 (4430510.601.000) 09/09 00:08:37 Image size of job updated: 272844
	236  -  MemoryUsage of job (MB)
	241112  -  ResidentSetSize of job (KB)
...
006 (4430510.601.000) 09/09 00:13:37 Image size of job updated: 272904
	236  -  MemoryUsage of job (MB)
	241132  -  ResidentSetSize of job (KB)
...
006 (4430510.601.000) 09/09 02:43:51 Image size of job updated: 274500
	236  -  MemoryUsage of job (MB)
	241460  -  ResidentSetSize of job (KB)
...
006 (4430510.601.000) 09/09 02:48:51 Image size of job updated: 274644
	236  -  MemoryUsage of job (MB)
	241516  -  ResidentSetSize of job (KB)
...
006 (4430510.601.000) 09/09 02:53:53 Image size of job updated: 274648
	236  -  MemoryUsage of job (MB)
	241516  -  ResidentSetSize of job (KB)
...
006 (4430510.601.000) 09/09 03:24:17 Image size of job updated: 276508
	236  -  MemoryUsage of job (MB)
	241516  -  ResidentSetSize of job (KB)
...
006 (4430510.601.000) 09/09 05:39:11 Image size of job updated: 278504
	239  -  MemoryUsage of job (MB)
	243992  -  ResidentSetSize of job (KB)
...
006 (4430510.601.000) 09/09 05:44:12 Image size of job updated: 278508
	239  -  MemoryUsage of job (MB)
	243992  -  ResidentSetSize of job (KB)
...
006 (4430510.601.000) 09/09 08:29:28 Image size of job updated: 280060
	239  -  MemoryUsage of job (MB)
	244000  -  ResidentSetSize of job (KB)
...
005 (4430510.601.000) 09/09 11:52:19 Job terminated.
	(1) Normal termination (return value 0)
		Usr 0 21:49:06, Sys 0 00:06:20  -  Run Remote Usage
		Usr 0 00:00:00, Sys 0 00:00:00  -  Run Local Usage
		Usr 0 21:49:06, Sys 0 00:06:20  -  Total Remote Usage
		Usr 0 00:00:00, Sys 0 00:00:00  -  Total Local Usage
	3536378  -  Run Bytes Sent By Job
	17284  -  Run Bytes Received By Job
	3536378  -  Total Bytes Sent By Job
	17284  -  Total Bytes Received By Job
	Partitionable Resources :    Usage  Request Allocated
	   Cpus                 :                 1         1
	   Disk (KB)            : 19787629 26214400  32489984
	   Ioheavy              :                           1
	   Memory (MB)          :      239      300       300
...
