000 (4430510.677.000) 09/08 09:59:23 Job submitted from host: <128.105.244.190:9618?addrs=128.105.244.190-9618&noUDP&sock=2714685_05e2_3>
...
001 (4430510.677.000) 09/08 11:58:19 Job executing on host: <128.105.245.55:9618?addrs=128.105.245.55-9618+[--1]-9618&noUDP&sock=4053_8e8c_3>
...
006 (4430510.677.000) 09/08 11:58:28 Image size of job updated: 564
	1  -  MemoryUsage of job (MB)
	476  -  ResidentSetSize of job (KB)
...
006 (4430510.677.000) 09/08 12:03:29 Image size of job updated: 564
	1  -  MemoryUsage of job (MB)
	544  -  ResidentSetSize of job (KB)
...
006 (4430510.677.000) 09/08 12:08:29 Image size of job updated: 152176
	145  -  MemoryUsage of job (MB)
	147632  -  ResidentSetSize of job (KB)
...
006 (4430510.677.000) 09/08 12:13:31 Image size of job updated: 201612
	193  -  MemoryUsage of job (MB)
	197048  -  ResidentSetSize of job (KB)
...
006 (4430510.677.000) 09/08 12:18:39 Image size of job updated: 201612
	193  -  MemoryUsage of job (MB)
	197068  -  ResidentSetSize of job (KB)
...
006 (4430510.677.000) 09/08 12:23:32 Image size of job updated: 209944
	202  -  MemoryUsage of job (MB)
	206084  -  ResidentSetSize of job (KB)
...
006 (4430510.677.000) 09/08 12:28:33 Image size of job updated: 216284
	208  -  MemoryUsage of job (MB)
	212464  -  ResidentSetSize of job (KB)
...
006 (4430510.677.000) 09/08 12:33:33 Image size of job updated: 216348
	208  -  MemoryUsage of job (MB)
	212484  -  ResidentSetSize of job (KB)
...
006 (4430510.677.000) 09/08 12:38:33 Image size of job updated: 217964
	210  -  MemoryUsage of job (MB)
	214100  -  ResidentSetSize of job (KB)
...
006 (4430510.677.000) 09/08 12:48:35 Image size of job updated: 219736
	211  -  MemoryUsage of job (MB)
	215872  -  ResidentSetSize of job (KB)
...
006 (4430510.677.000) 09/08 12:53:35 Image size of job updated: 243092
	234  -  MemoryUsage of job (MB)
	239264  -  ResidentSetSize of job (KB)
...
006 (4430510.677.000) 09/08 12:58:44 Image size of job updated: 243092
	234  -  MemoryUsage of job (MB)
	239284  -  ResidentSetSize of job (KB)
...
006 (4430510.677.000) 09/08 13:08:37 Image size of job updated: 248440
	239  -  MemoryUsage of job (MB)
	244572  -  ResidentSetSize of job (KB)
...
006 (4430510.677.000) 09/08 13:18:37 Image size of job updated: 251928
	243  -  MemoryUsage of job (MB)
	248104  -  ResidentSetSize of job (KB)
...
006 (4430510.677.000) 09/08 13:23:37 Image size of job updated: 251992
	243  -  MemoryUsage of job (MB)
	248124  -  ResidentSetSize of job (KB)
...
006 (4430510.677.000) 09/08 13:33:39 Image size of job updated: 254788
	246  -  MemoryUsage of job (MB)
	250924  -  ResidentSetSize of job (KB)
...
006 (4430510.677.000) 09/08 13:43:40 Image size of job updated: 256968
	248  -  MemoryUsage of job (MB)
	253192  -  ResidentSetSize of job (KB)
...
006 (4430510.677.000) 09/08 13:48:40 Image size of job updated: 257120
	248  -  MemoryUsage of job (MB)
	253252  -  ResidentSetSize of job (KB)
...
006 (4430510.677.000) 09/08 13:58:41 Image size of job updated: 258096
	249  -  MemoryUsage of job (MB)
	254268  -  ResidentSetSize of job (KB)
...
006 (4430510.677.000) 09/08 14:03:41 Image size of job updated: 258156
	249  -  MemoryUsage of job (MB)
	254288  -  ResidentSetSize of job (KB)
...
006 (4430510.677.000) 09/08 14:13:42 Image size of job updated: 258552
	249  -  MemoryUsage of job (MB)
	254692  -  ResidentSetSize of job (KB)
...
006 (4430510.677.000) 09/08 14:28:44 Image size of job updated: 260668
	251  -  MemoryUsage of job (MB)
	256804  -  ResidentSetSize of job (KB)
...
006 (4430510.677.000) 09/08 14:33:44 Image size of job updated: 260672
	251  -  MemoryUsage of job (MB)
	256804  -  ResidentSetSize of job (KB)
...
006 (4430510.677.000) 09/08 15:08:47 Image size of job updated: 260672
	252  -  MemoryUsage of job (MB)
	257180  -  ResidentSetSize of job (KB)
...
006 (4430510.677.000) 09/08 15:13:49 Image size of job updated: 262008
	253  -  MemoryUsage of job (MB)
	258180  -  ResidentSetSize of job (KB)
...
006 (4430510.677.000) 09/08 15:18:49 Image size of job updated: 262068
	253  -  MemoryUsage of job (MB)
	258200  -  ResidentSetSize of job (KB)
...
006 (4430510.677.000) 09/08 15:58:53 Image size of job updated: 262496
	253  -  MemoryUsage of job (MB)
	258676  -  ResidentSetSize of job (KB)
...
006 (4430510.677.000) 09/08 16:03:53 Image size of job updated: 262560
	253  -  MemoryUsage of job (MB)
	258696  -  ResidentSetSize of job (KB)
...
006 (4430510.677.000) 09/08 16:13:55 Image size of job updated: 262600
	253  -  MemoryUsage of job (MB)
	258780  -  ResidentSetSize of job (KB)
...
006 (4430510.677.000) 09/08 16:19:03 Image size of job updated: 262600
	253  -  MemoryUsage of job (MB)
	258800  -  ResidentSetSize of job (KB)
...
006 (4430510.677.000) 09/08 16:28:55 Image size of job updated: 265212
	256  -  MemoryUsage of job (MB)
	261440  -  ResidentSetSize of job (KB)
...
006 (4430510.677.000) 09/08 16:33:57 Image size of job updated: 265364
	256  -  MemoryUsage of job (MB)
	261500  -  ResidentSetSize of job (KB)
...
006 (4430510.677.000) 09/08 17:19:00 Image size of job updated: 265364
	256  -  MemoryUsage of job (MB)
	261540  -  ResidentSetSize of job (KB)
...
006 (4430510.677.000) 09/08 17:34:01 Image size of job updated: 267216
	258  -  MemoryUsage of job (MB)
	263396  -  ResidentSetSize of job (KB)
...
006 (4430510.677.000) 09/08 17:39:02 Image size of job updated: 267276
	258  -  MemoryUsage of job (MB)
	263416  -  ResidentSetSize of job (KB)
...
006 (4430510.677.000) 09/08 18:19:05 Image size of job updated: 267792
	258  -  MemoryUsage of job (MB)
	263968  -  ResidentSetSize of job (KB)
...
006 (4430510.677.000) 09/08 18:24:07 Image size of job updated: 267852
	258  -  MemoryUsage of job (MB)
	263988  -  ResidentSetSize of job (KB)
...
006 (4430510.677.000) 09/08 18:54:10 Image size of job updated: 267864
	258  -  MemoryUsage of job (MB)
	264000  -  ResidentSetSize of job (KB)
...
006 (4430510.677.000) 09/08 19:04:10 Image size of job updated: 269200
	260  -  MemoryUsage of job (MB)
	265376  -  ResidentSetSize of job (KB)
...
006 (4430510.677.000) 09/08 19:09:12 Image size of job updated: 269260
	260  -  MemoryUsage of job (MB)
	265396  -  ResidentSetSize of job (KB)
...
006 (4430510.677.000) 09/08 19:19:12 Image size of job updated: 269872
	260  -  MemoryUsage of job (MB)
	266048  -  ResidentSetSize of job (KB)
...
006 (4430510.677.000) 09/08 19:24:12 Image size of job updated: 269932
	260  -  MemoryUsage of job (MB)
	266068  -  ResidentSetSize of job (KB)
...
006 (4430510.677.000) 09/08 20:19:17 Image size of job updated: 270280
	261  -  MemoryUsage of job (MB)
	266456  -  ResidentSetSize of job (KB)
...
006 (4430510.677.000) 09/08 20:24:19 Image size of job updated: 272384
	263  -  MemoryUsage of job (MB)
	268520  -  ResidentSetSize of job (KB)
...
006 (4430510.677.000) 09/08 21:19:25 Image size of job updated: 272424
	263  -  MemoryUsage of job (MB)
	268560  -  ResidentSetSize of job (KB)
...
006 (4430510.677.000) 09/08 21:29:25 Image size of job updated: 272912
	263  -  MemoryUsage of job (MB)
	269088  -  ResidentSetSize of job (KB)
...
006 (4430510.677.000) 09/08 21:34:25 Image size of job updated: 272972
	263  -  MemoryUsage of job (MB)
	269108  -  ResidentSetSize of job (KB)
...
006 (4430510.677.000) 09/08 21:44:29 Image size of job updated: 273164
	263  -  MemoryUsage of job (MB)
	269300  -  ResidentSetSize of job (KB)
...
006 (4430510.677.000) 09/08 22:44:33 Image size of job updated: 273264
	264  -  MemoryUsage of job (MB)
	269444  -  ResidentSetSize of job (KB)
...
006 (4430510.677.000) 09/08 22:49:34 Image size of job updated: 273676
	264  -  MemoryUsage of job (MB)
	269816  -  ResidentSetSize of job (KB)
...
006 (4430510.677.000) 09/08 22:59:34 Image size of job updated: 273976
	264  -  MemoryUsage of job (MB)
	270156  -  ResidentSetSize of job (KB)
...
006 (4430510.677.000) 09/08 23:04:35 Image size of job updated: 274012
	264  -  MemoryUsage of job (MB)
	270176  -  ResidentSetSize of job (KB)
...
006 (4430510.677.000) 09/08 23:14:36 Image size of job updated: 275212
	266  -  MemoryUsage of job (MB)
	271392  -  ResidentSetSize of job (KB)
...
006 (4430510.677.000) 09/08 23:19:37 Image size of job updated: 275272
	266  -  MemoryUsage of job (MB)
	271412  -  ResidentSetSize of job (KB)
...
006 (4430510.677.000) 09/08 23:29:38 Image size of job updated: 276792
	267  -  MemoryUsage of job (MB)
	272936  -  ResidentSetSize of job (KB)
...
006 (4430510.677.000) 09/08 23:34:38 Image size of job updated: 276796
	267  -  MemoryUsage of job (MB)
	272936  -  ResidentSetSize of job (KB)
...
006 (4430510.677.000) 09/09 01:09:47 Image size of job updated: 276796
	267  -  MemoryUsage of job (MB)
	273192  -  ResidentSetSize of job (KB)
...
006 (4430510.677.000) 09/09 01:14:48 Image size of job updated: 276796
	267  -  MemoryUsage of job (MB)
	273212  -  ResidentSetSize of job (KB)
...
006 (4430510.677.000) 09/09 01:49:53 Image size of job updated: 279296
	270  -  MemoryUsage of job (MB)
	275680  -  ResidentSetSize of job (KB)
...
006 (4430510.677.000) 09/09 01:54:53 Image size of job updated: 279356
	270  -  MemoryUsage of job (MB)
	275700  -  ResidentSetSize of job (KB)
...
006 (4430510.677.000) 09/09 03:40:07 Image size of job updated: 279516
	270  -  MemoryUsage of job (MB)
	275860  -  ResidentSetSize of job (KB)
...
006 (4430510.677.000) 09/09 04:20:12 Image size of job updated: 282576
	273  -  MemoryUsage of job (MB)
	278944  -  ResidentSetSize of job (KB)
...
006 (4430510.677.000) 09/09 04:25:12 Image size of job updated: 282636
	273  -  MemoryUsage of job (MB)
	278964  -  ResidentSetSize of job (KB)
...
005 (4430510.677.000) 09/09 06:44:07 Job terminated.
	(1) Normal termination (return value 0)
		Usr 0 18:05:15, Sys 0 00:07:26  -  Run Remote Usage
		Usr 0 00:00:00, Sys 0 00:00:00  -  Run Local Usage
		Usr 0 18:05:15, Sys 0 00:07:26  -  Total Remote Usage
		Usr 0 00:00:00, Sys 0 00:00:00  -  Total Local Usage
	3537362  -  Run Bytes Sent By Job
	17284  -  Run Bytes Received By Job
	3537362  -  Total Bytes Sent By Job
	17284  -  Total Bytes Received By Job
	Partitionable Resources :    Usage  Request Allocated
	   Cpus                 :                 1         1
	   Disk (KB)            : 18694621 26214400  36054138
	   Ioheavy              :                           1
	   Memory (MB)          :      273      300       300
...
