000 (4430510.209.000) 09/08 09:59:23 Job submitted from host: <128.105.244.190:9618?addrs=128.105.244.190-9618&noUDP&sock=2714685_05e2_3>
...
001 (4430510.209.000) 09/08 11:22:16 Job executing on host: <128.105.244.25:9618?addrs=128.105.244.25-9618+[--1]-9618&noUDP&sock=3823_4a56_3>
...
006 (4430510.209.000) 09/08 11:22:24 Image size of job updated: 480
	1  -  MemoryUsage of job (MB)
	480  -  ResidentSetSize of job (KB)
...
006 (4430510.209.000) 09/08 11:27:25 Image size of job updated: 548
	1  -  MemoryUsage of job (MB)
	500  -  ResidentSetSize of job (KB)
...
006 (4430510.209.000) 09/08 11:42:33 Image size of job updated: 155504
	148  -  MemoryUsage of job (MB)
	151160  -  ResidentSetSize of job (KB)
...
006 (4430510.209.000) 09/08 11:47:26 Image size of job updated: 190608
	148  -  MemoryUsage of job (MB)
	151160  -  ResidentSetSize of job (KB)
...
006 (4430510.209.000) 09/08 11:52:29 Image size of job updated: 190672
	148  -  MemoryUsage of job (MB)
	151160  -  ResidentSetSize of job (KB)
...
006 (4430510.209.000) 09/08 11:57:28 Image size of job updated: 210860
	181  -  MemoryUsage of job (MB)
	185144  -  ResidentSetSize of job (KB)
...
006 (4430510.209.000) 09/08 12:02:28 Image size of job updated: 214820
	185  -  MemoryUsage of job (MB)
	189148  -  ResidentSetSize of job (KB)
...
006 (4430510.209.000) 09/08 12:07:28 Image size of job updated: 214880
	185  -  MemoryUsage of job (MB)
	189168  -  ResidentSetSize of job (KB)
...
006 (4430510.209.000) 09/08 12:12:28 Image size of job updated: 216252
	187  -  MemoryUsage of job (MB)
	190536  -  ResidentSetSize of job (KB)
...
006 (4430510.209.000) 09/08 12:17:29 Image size of job updated: 218248
	187  -  MemoryUsage of job (MB)
	190536  -  ResidentSetSize of job (KB)
...
006 (4430510.209.000) 09/08 12:22:30 Image size of job updated: 218252
	187  -  MemoryUsage of job (MB)
	190536  -  ResidentSetSize of job (KB)
...
006 (4430510.209.000) 09/08 12:27:31 Image size of job updated: 244936
	214  -  MemoryUsage of job (MB)
	218680  -  ResidentSetSize of job (KB)
...
006 (4430510.209.000) 09/08 12:37:35 Image size of job updated: 250060
	214  -  MemoryUsage of job (MB)
	218680  -  ResidentSetSize of job (KB)
...
006 (4430510.209.000) 09/08 12:42:32 Image size of job updated: 250064
	214  -  MemoryUsage of job (MB)
	218680  -  ResidentSetSize of job (KB)
...
006 (4430510.209.000) 09/08 12:52:32 Image size of job updated: 250064
	216  -  MemoryUsage of job (MB)
	221100  -  ResidentSetSize of job (KB)
...
006 (4430510.209.000) 09/08 13:07:32 Image size of job updated: 252896
	221  -  MemoryUsage of job (MB)
	226144  -  ResidentSetSize of job (KB)
...
006 (4430510.209.000) 09/08 13:17:32 Image size of job updated: 256788
	225  -  MemoryUsage of job (MB)
	230040  -  ResidentSetSize of job (KB)
...
006 (4430510.209.000) 09/08 13:22:33 Image size of job updated: 256796
	225  -  MemoryUsage of job (MB)
	230040  -  ResidentSetSize of job (KB)
...
006 (4430510.209.000) 09/08 13:37:33 Image size of job updated: 256956
	225  -  MemoryUsage of job (MB)
	230248  -  ResidentSetSize of job (KB)
...
006 (4430510.209.000) 09/08 13:42:34 Image size of job updated: 257020
	225  -  MemoryUsage of job (MB)
	230268  -  ResidentSetSize of job (KB)
...
006 (4430510.209.000) 09/08 13:52:35 Image size of job updated: 258412
	227  -  MemoryUsage of job (MB)
	231660  -  ResidentSetSize of job (KB)
...
006 (4430510.209.000) 09/08 14:02:36 Image size of job updated: 259108
	227  -  MemoryUsage of job (MB)
	232396  -  ResidentSetSize of job (KB)
...
006 (4430510.209.000) 09/08 14:07:36 Image size of job updated: 259168
	227  -  MemoryUsage of job (MB)
	232416  -  ResidentSetSize of job (KB)
...
006 (4430510.209.000) 09/08 14:17:36 Image size of job updated: 259300
	228  -  MemoryUsage of job (MB)
	232556  -  ResidentSetSize of job (KB)
...
006 (4430510.209.000) 09/08 14:22:38 Image size of job updated: 259308
	228  -  MemoryUsage of job (MB)
	232556  -  ResidentSetSize of job (KB)
...
006 (4430510.209.000) 09/08 14:42:40 Image size of job updated: 261424
	230  -  MemoryUsage of job (MB)
	234680  -  ResidentSetSize of job (KB)
...
006 (4430510.209.000) 09/08 14:47:40 Image size of job updated: 261432
	230  -  MemoryUsage of job (MB)
	234680  -  ResidentSetSize of job (KB)
...
006 (4430510.209.000) 09/08 14:57:42 Image size of job updated: 261640
	230  -  MemoryUsage of job (MB)
	234928  -  ResidentSetSize of job (KB)
...
006 (4430510.209.000) 09/08 15:02:42 Image size of job updated: 261700
	230  -  MemoryUsage of job (MB)
	234948  -  ResidentSetSize of job (KB)
...
006 (4430510.209.000) 09/08 15:12:43 Image size of job updated: 263992
	232  -  MemoryUsage of job (MB)
	237240  -  ResidentSetSize of job (KB)
...
006 (4430510.209.000) 09/08 17:12:55 Image size of job updated: 265400
	232  -  MemoryUsage of job (MB)
	237240  -  ResidentSetSize of job (KB)
...
006 (4430510.209.000) 09/08 18:08:02 Image size of job updated: 266984
	233  -  MemoryUsage of job (MB)
	238540  -  ResidentSetSize of job (KB)
...
006 (4430510.209.000) 09/08 18:13:03 Image size of job updated: 266988
	233  -  MemoryUsage of job (MB)
	238540  -  ResidentSetSize of job (KB)
...
006 (4430510.209.000) 09/08 18:23:03 Image size of job updated: 267400
	234  -  MemoryUsage of job (MB)
	238960  -  ResidentSetSize of job (KB)
...
006 (4430510.209.000) 09/08 18:28:05 Image size of job updated: 267412
	234  -  MemoryUsage of job (MB)
	238960  -  ResidentSetSize of job (KB)
...
006 (4430510.209.000) 09/08 18:53:07 Image size of job updated: 269228
	236  -  MemoryUsage of job (MB)
	240824  -  ResidentSetSize of job (KB)
...
006 (4430510.209.000) 09/08 18:58:08 Image size of job updated: 269288
	236  -  MemoryUsage of job (MB)
	240844  -  ResidentSetSize of job (KB)
...
006 (4430510.209.000) 09/08 19:03:09 Image size of job updated: 269292
	236  -  MemoryUsage of job (MB)
	240844  -  ResidentSetSize of job (KB)
...
006 (4430510.209.000) 09/08 19:53:13 Image size of job updated: 271776
	238  -  MemoryUsage of job (MB)
	243332  -  ResidentSetSize of job (KB)
...
006 (4430510.209.000) 09/08 19:58:15 Image size of job updated: 271780
	238  -  MemoryUsage of job (MB)
	243332  -  ResidentSetSize of job (KB)
...
006 (4430510.209.000) 09/08 20:33:25 Image size of job updated: 272288
	239  -  MemoryUsage of job (MB)
	243844  -  ResidentSetSize of job (KB)
...
006 (4430510.209.000) 09/08 20:38:23 Image size of job updated: 272292
	239  -  MemoryUsage of job (MB)
	243844  -  ResidentSetSize of job (KB)
...
006 (4430510.209.000) 09/08 21:33:26 Image size of job updated: 272640
	239  -  MemoryUsage of job (MB)
	244192  -  ResidentSetSize of job (KB)
...
006 (4430510.209.000) 09/08 21:38:26 Image size of job updated: 272644
	239  -  MemoryUsage of job (MB)
	244192  -  ResidentSetSize of job (KB)
...
006 (4430510.209.000) 09/08 21:48:27 Image size of job updated: 272780
	239  -  MemoryUsage of job (MB)
	244332  -  ResidentSetSize of job (KB)
...
006 (4430510.209.000) 09/08 21:53:29 Image size of job updated: 272784
	239  -  MemoryUsage of job (MB)
	244332  -  ResidentSetSize of job (KB)
...
006 (4430510.209.000) 09/08 22:08:30 Image size of job updated: 275024
	241  -  MemoryUsage of job (MB)
	246568  -  ResidentSetSize of job (KB)
...
006 (4430510.209.000) 09/08 23:18:36 Image size of job updated: 275840
	242  -  MemoryUsage of job (MB)
	247388  -  ResidentSetSize of job (KB)
...
006 (4430510.209.000) 09/08 23:58:42 Image size of job updated: 277812
	244  -  MemoryUsage of job (MB)
	249360  -  ResidentSetSize of job (KB)
...
006 (4430510.209.000) 09/09 03:14:01 Image size of job updated: 278100
	244  -  MemoryUsage of job (MB)
	249688  -  ResidentSetSize of job (KB)
...
006 (4430510.209.000) 09/09 03:19:02 Image size of job updated: 278160
	244  -  MemoryUsage of job (MB)
	249708  -  ResidentSetSize of job (KB)
...
006 (4430510.209.000) 09/09 03:39:04 Image size of job updated: 278304
	244  -  MemoryUsage of job (MB)
	249848  -  ResidentSetSize of job (KB)
...
006 (4430510.209.000) 09/09 03:44:04 Image size of job updated: 278560
	245  -  MemoryUsage of job (MB)
	250112  -  ResidentSetSize of job (KB)
...
006 (4430510.209.000) 09/09 03:49:05 Image size of job updated: 278564
	245  -  MemoryUsage of job (MB)
	250112  -  ResidentSetSize of job (KB)
...
006 (4430510.209.000) 09/09 03:59:06 Image size of job updated: 279668
	246  -  MemoryUsage of job (MB)
	251216  -  ResidentSetSize of job (KB)
...
006 (4430510.209.000) 09/09 04:24:08 Image size of job updated: 279828
	246  -  MemoryUsage of job (MB)
	251380  -  ResidentSetSize of job (KB)
...
006 (4430510.209.000) 09/09 04:29:09 Image size of job updated: 279836
	246  -  MemoryUsage of job (MB)
	251380  -  ResidentSetSize of job (KB)
...
006 (4430510.209.000) 09/09 04:34:09 Image size of job updated: 280288
	246  -  MemoryUsage of job (MB)
	251832  -  ResidentSetSize of job (KB)
...
006 (4430510.209.000) 09/09 05:04:13 Image size of job updated: 280304
	246  -  MemoryUsage of job (MB)
	251852  -  ResidentSetSize of job (KB)
...
006 (4430510.209.000) 09/09 05:19:14 Image size of job updated: 281068
	247  -  MemoryUsage of job (MB)
	252616  -  ResidentSetSize of job (KB)
...
005 (4430510.209.000) 09/09 05:50:45 Job terminated.
	(1) Normal termination (return value 0)
		Usr 0 18:01:30, Sys 0 00:05:33  -  Run Remote Usage
		Usr 0 00:00:00, Sys 0 00:00:00  -  Run Local Usage
		Usr 0 18:01:30, Sys 0 00:05:33  -  Total Remote Usage
		Usr 0 00:00:00, Sys 0 00:00:00  -  Total Local Usage
	3534760  -  Run Bytes Sent By Job
	17284  -  Run Bytes Received By Job
	3534760  -  Total Bytes Sent By Job
	17284  -  Total Bytes Received By Job
	Partitionable Resources :    Usage  Request Allocated
	   Cpus                 :                 1         1
	   Disk (KB)            : 19021582 26214400  31873353
	   Ioheavy              :                           1
	   Memory (MB)          :      247      300       300
...
