000 (4430510.031.000) 09/08 09:59:23 Job submitted from host: <128.105.244.190:9618?addrs=128.105.244.190-9618&noUDP&sock=2714685_05e2_3>
...
001 (4430510.031.000) 09/08 11:16:21 Job executing on host: <128.105.245.219:9618?addrs=128.105.245.219-9618+[--1]-9618&noUDP&sock=5526_8210_3>
...
006 (4430510.031.000) 09/08 11:16:29 Image size of job updated: 476
	1  -  MemoryUsage of job (MB)
	476  -  ResidentSetSize of job (KB)
...
006 (4430510.031.000) 09/08 11:21:29 Image size of job updated: 556
	1  -  MemoryUsage of job (MB)
	556  -  ResidentSetSize of job (KB)
...
006 (4430510.031.000) 09/08 11:26:31 Image size of job updated: 23612
	23  -  MemoryUsage of job (MB)
	22680  -  ResidentSetSize of job (KB)
...
006 (4430510.031.000) 09/08 11:31:31 Image size of job updated: 62536
	60  -  MemoryUsage of job (MB)
	61288  -  ResidentSetSize of job (KB)
...
006 (4430510.031.000) 09/08 11:36:32 Image size of job updated: 192692
	184  -  MemoryUsage of job (MB)
	188328  -  ResidentSetSize of job (KB)
...
006 (4430510.031.000) 09/08 11:41:32 Image size of job updated: 209148
	200  -  MemoryUsage of job (MB)
	204780  -  ResidentSetSize of job (KB)
...
006 (4430510.031.000) 09/08 11:51:33 Image size of job updated: 212668
	204  -  MemoryUsage of job (MB)
	208304  -  ResidentSetSize of job (KB)
...
006 (4430510.031.000) 09/08 11:56:33 Image size of job updated: 217348
	204  -  MemoryUsage of job (MB)
	208304  -  ResidentSetSize of job (KB)
...
006 (4430510.031.000) 09/08 12:06:35 Image size of job updated: 218828
	204  -  MemoryUsage of job (MB)
	208304  -  ResidentSetSize of job (KB)
...
006 (4430510.031.000) 09/08 12:11:35 Image size of job updated: 218832
	204  -  MemoryUsage of job (MB)
	208304  -  ResidentSetSize of job (KB)
...
006 (4430510.031.000) 09/08 12:16:35 Image size of job updated: 243364
	213  -  MemoryUsage of job (MB)
	217112  -  ResidentSetSize of job (KB)
...
006 (4430510.031.000) 09/08 12:21:35 Image size of job updated: 243368
	213  -  MemoryUsage of job (MB)
	217112  -  ResidentSetSize of job (KB)
...
006 (4430510.031.000) 09/08 12:26:37 Image size of job updated: 249396
	218  -  MemoryUsage of job (MB)
	223180  -  ResidentSetSize of job (KB)
...
006 (4430510.031.000) 09/08 12:31:38 Image size of job updated: 249448
	218  -  MemoryUsage of job (MB)
	223192  -  ResidentSetSize of job (KB)
...
006 (4430510.031.000) 09/08 12:41:38 Image size of job updated: 251448
	220  -  MemoryUsage of job (MB)
	225148  -  ResidentSetSize of job (KB)
...
006 (4430510.031.000) 09/08 12:51:38 Image size of job updated: 255028
	224  -  MemoryUsage of job (MB)
	228772  -  ResidentSetSize of job (KB)
...
006 (4430510.031.000) 09/08 12:56:40 Image size of job updated: 255084
	224  -  MemoryUsage of job (MB)
	228784  -  ResidentSetSize of job (KB)
...
006 (4430510.031.000) 09/08 13:21:41 Image size of job updated: 256628
	225  -  MemoryUsage of job (MB)
	230332  -  ResidentSetSize of job (KB)
...
006 (4430510.031.000) 09/08 13:26:41 Image size of job updated: 256632
	225  -  MemoryUsage of job (MB)
	230332  -  ResidentSetSize of job (KB)
...
006 (4430510.031.000) 09/08 13:31:41 Image size of job updated: 257644
	226  -  MemoryUsage of job (MB)
	231388  -  ResidentSetSize of job (KB)
...
006 (4430510.031.000) 09/08 13:36:43 Image size of job updated: 257700
	226  -  MemoryUsage of job (MB)
	231400  -  ResidentSetSize of job (KB)
...
006 (4430510.031.000) 09/08 14:01:45 Image size of job updated: 259340
	228  -  MemoryUsage of job (MB)
	233084  -  ResidentSetSize of job (KB)
...
006 (4430510.031.000) 09/08 14:06:45 Image size of job updated: 259392
	228  -  MemoryUsage of job (MB)
	233096  -  ResidentSetSize of job (KB)
...
006 (4430510.031.000) 09/08 14:16:46 Image size of job updated: 261068
	230  -  MemoryUsage of job (MB)
	234812  -  ResidentSetSize of job (KB)
...
006 (4430510.031.000) 09/08 14:21:46 Image size of job updated: 261124
	230  -  MemoryUsage of job (MB)
	234824  -  ResidentSetSize of job (KB)
...
006 (4430510.031.000) 09/08 14:26:46 Image size of job updated: 261128
	230  -  MemoryUsage of job (MB)
	234824  -  ResidentSetSize of job (KB)
...
006 (4430510.031.000) 09/08 15:01:50 Image size of job updated: 262152
	231  -  MemoryUsage of job (MB)
	235896  -  ResidentSetSize of job (KB)
...
006 (4430510.031.000) 09/08 15:06:50 Image size of job updated: 262208
	231  -  MemoryUsage of job (MB)
	235908  -  ResidentSetSize of job (KB)
...
006 (4430510.031.000) 09/08 15:31:51 Image size of job updated: 262988
	232  -  MemoryUsage of job (MB)
	236728  -  ResidentSetSize of job (KB)
...
006 (4430510.031.000) 09/08 15:36:52 Image size of job updated: 263040
	232  -  MemoryUsage of job (MB)
	236740  -  ResidentSetSize of job (KB)
...
006 (4430510.031.000) 09/08 15:46:52 Image size of job updated: 263616
	232  -  MemoryUsage of job (MB)
	237320  -  ResidentSetSize of job (KB)
...
006 (4430510.031.000) 09/08 15:51:54 Image size of job updated: 263620
	232  -  MemoryUsage of job (MB)
	237320  -  ResidentSetSize of job (KB)
...
006 (4430510.031.000) 09/08 16:26:57 Image size of job updated: 263948
	233  -  MemoryUsage of job (MB)
	237692  -  ResidentSetSize of job (KB)
...
006 (4430510.031.000) 09/08 16:31:58 Image size of job updated: 264004
	233  -  MemoryUsage of job (MB)
	237704  -  ResidentSetSize of job (KB)
...
006 (4430510.031.000) 09/08 16:36:58 Image size of job updated: 264008
	233  -  MemoryUsage of job (MB)
	237704  -  ResidentSetSize of job (KB)
...
006 (4430510.031.000) 09/08 16:57:00 Image size of job updated: 265092
	234  -  MemoryUsage of job (MB)
	238836  -  ResidentSetSize of job (KB)
...
006 (4430510.031.000) 09/08 17:02:00 Image size of job updated: 265148
	234  -  MemoryUsage of job (MB)
	238848  -  ResidentSetSize of job (KB)
...
006 (4430510.031.000) 09/08 17:12:03 Image size of job updated: 265780
	234  -  MemoryUsage of job (MB)
	239488  -  ResidentSetSize of job (KB)
...
006 (4430510.031.000) 09/08 17:17:03 Image size of job updated: 265788
	234  -  MemoryUsage of job (MB)
	239488  -  ResidentSetSize of job (KB)
...
006 (4430510.031.000) 09/08 17:27:05 Image size of job updated: 267036
	236  -  MemoryUsage of job (MB)
	240740  -  ResidentSetSize of job (KB)
...
006 (4430510.031.000) 09/08 17:42:06 Image size of job updated: 267988
	237  -  MemoryUsage of job (MB)
	241692  -  ResidentSetSize of job (KB)
...
006 (4430510.031.000) 09/08 17:47:06 Image size of job updated: 267992
	237  -  MemoryUsage of job (MB)
	241692  -  ResidentSetSize of job (KB)
...
006 (4430510.031.000) 09/08 18:22:09 Image size of job updated: 268552
	237  -  MemoryUsage of job (MB)
	242296  -  ResidentSetSize of job (KB)
...
006 (4430510.031.000) 09/08 18:27:10 Image size of job updated: 268608
	237  -  MemoryUsage of job (MB)
	242308  -  ResidentSetSize of job (KB)
...
006 (4430510.031.000) 09/08 19:17:14 Image size of job updated: 268772
	237  -  MemoryUsage of job (MB)
	242472  -  ResidentSetSize of job (KB)
...
006 (4430510.031.000) 09/08 19:37:16 Image size of job updated: 269508
	238  -  MemoryUsage of job (MB)
	243208  -  ResidentSetSize of job (KB)
...
006 (4430510.031.000) 09/08 19:47:16 Image size of job updated: 270520
	239  -  MemoryUsage of job (MB)
	244220  -  ResidentSetSize of job (KB)
...
006 (4430510.031.000) 09/08 19:57:18 Image size of job updated: 270992
	239  -  MemoryUsage of job (MB)
	244732  -  ResidentSetSize of job (KB)
...
006 (4430510.031.000) 09/08 20:02:19 Image size of job updated: 271044
	240  -  MemoryUsage of job (MB)
	244744  -  ResidentSetSize of job (KB)
...
006 (4430510.031.000) 09/08 20:42:22 Image size of job updated: 273252
	242  -  MemoryUsage of job (MB)
	246996  -  ResidentSetSize of job (KB)
...
006 (4430510.031.000) 09/08 20:47:22 Image size of job updated: 273308
	242  -  MemoryUsage of job (MB)
	246996  -  ResidentSetSize of job (KB)
...
006 (4430510.031.000) 09/08 22:12:30 Image size of job updated: 275244
	242  -  MemoryUsage of job (MB)
	246996  -  ResidentSetSize of job (KB)
...
006 (4430510.031.000) 09/08 22:17:30 Image size of job updated: 275296
	242  -  MemoryUsage of job (MB)
	246996  -  ResidentSetSize of job (KB)
...
006 (4430510.031.000) 09/08 23:02:37 Image size of job updated: 276272
	242  -  MemoryUsage of job (MB)
	246996  -  ResidentSetSize of job (KB)
...
006 (4430510.031.000) 09/08 23:07:37 Image size of job updated: 276276
	242  -  MemoryUsage of job (MB)
	246996  -  ResidentSetSize of job (KB)
...
006 (4430510.031.000) 09/08 23:32:38 Image size of job updated: 277500
	242  -  MemoryUsage of job (MB)
	246996  -  ResidentSetSize of job (KB)
...
006 (4430510.031.000) 09/08 23:37:38 Image size of job updated: 277552
	242  -  MemoryUsage of job (MB)
	246996  -  ResidentSetSize of job (KB)
...
006 (4430510.031.000) 09/09 01:32:45 Image size of job updated: 277988
	242  -  MemoryUsage of job (MB)
	246996  -  ResidentSetSize of job (KB)
...
006 (4430510.031.000) 09/09 01:37:46 Image size of job updated: 278132
	242  -  MemoryUsage of job (MB)
	246996  -  ResidentSetSize of job (KB)
...
006 (4430510.031.000) 09/09 03:02:51 Image size of job updated: 278604
	242  -  MemoryUsage of job (MB)
	246996  -  ResidentSetSize of job (KB)
...
006 (4430510.031.000) 09/09 03:22:54 Image size of job updated: 280560
	242  -  MemoryUsage of job (MB)
	247684  -  ResidentSetSize of job (KB)
...
006 (4430510.031.000) 09/09 03:27:55 Image size of job updated: 280704
	242  -  MemoryUsage of job (MB)
	247736  -  ResidentSetSize of job (KB)
...
006 (4430510.031.000) 09/09 04:38:02 Image size of job updated: 281200
	243  -  MemoryUsage of job (MB)
	248272  -  ResidentSetSize of job (KB)
...
006 (4430510.031.000) 09/09 04:43:03 Image size of job updated: 281252
	243  -  MemoryUsage of job (MB)
	248284  -  ResidentSetSize of job (KB)
...
006 (4430510.031.000) 09/09 04:53:04 Image size of job updated: 281536
	243  -  MemoryUsage of job (MB)
	248608  -  ResidentSetSize of job (KB)
...
006 (4430510.031.000) 09/09 04:58:04 Image size of job updated: 281592
	243  -  MemoryUsage of job (MB)
	248620  -  ResidentSetSize of job (KB)
...
006 (4430510.031.000) 09/09 05:08:05 Image size of job updated: 283464
	245  -  MemoryUsage of job (MB)
	250500  -  ResidentSetSize of job (KB)
...
006 (4430510.031.000) 09/09 05:13:06 Image size of job updated: 283468
	245  -  MemoryUsage of job (MB)
	250500  -  ResidentSetSize of job (KB)
...
006 (4430510.031.000) 09/09 05:38:08 Image size of job updated: 283652
	245  -  MemoryUsage of job (MB)
	250776  -  ResidentSetSize of job (KB)
...
006 (4430510.031.000) 09/09 05:43:09 Image size of job updated: 283800
	245  -  MemoryUsage of job (MB)
	250828  -  ResidentSetSize of job (KB)
...
006 (4430510.031.000) 09/09 06:18:12 Image size of job updated: 284604
	245  -  MemoryUsage of job (MB)
	250828  -  ResidentSetSize of job (KB)
...
006 (4430510.031.000) 09/09 06:23:12 Image size of job updated: 284656
	245  -  MemoryUsage of job (MB)
	250828  -  ResidentSetSize of job (KB)
...
005 (4430510.031.000) 09/09 06:33:33 Job terminated.
	(1) Normal termination (return value 0)
		Usr 0 18:25:39, Sys 0 00:04:09  -  Run Remote Usage
		Usr 0 00:00:00, Sys 0 00:00:00  -  Run Local Usage
		Usr 0 18:25:39, Sys 0 00:04:09  -  Total Remote Usage
		Usr 0 00:00:00, Sys 0 00:00:00  -  Total Local Usage
	3535516  -  Run Bytes Sent By Job
	17284  -  Run Bytes Received By Job
	3535516  -  Total Bytes Sent By Job
	17284  -  Total Bytes Received By Job
	Partitionable Resources :    Usage  Request Allocated
	   Cpus                 :                 1         1
	   Disk (KB)            : 18695227 26214400  26380980
	   Ioheavy              :                           1
	   Memory (MB)          :      245      300       300
...
