000 (4430510.873.000) 09/08 09:59:23 Job submitted from host: <128.105.244.190:9618?addrs=128.105.244.190-9618&noUDP&sock=2714685_05e2_3>
...
001 (4430510.873.000) 09/08 20:08:48 Job executing on host: <128.105.245.27:9618?addrs=128.105.245.27-9618+[--1]-9618&noUDP&sock=5165_1ad7_3>
...
006 (4430510.873.000) 09/08 20:08:56 Image size of job updated: 572
	1  -  MemoryUsage of job (MB)
	472  -  ResidentSetSize of job (KB)
...
006 (4430510.873.000) 09/08 20:13:57 Image size of job updated: 716
	1  -  MemoryUsage of job (MB)
	544  -  ResidentSetSize of job (KB)
...
006 (4430510.873.000) 09/08 20:24:08 Image size of job updated: 23612
	23  -  MemoryUsage of job (MB)
	22680  -  ResidentSetSize of job (KB)
...
006 (4430510.873.000) 09/08 20:29:01 Image size of job updated: 149960
	143  -  MemoryUsage of job (MB)
	145600  -  ResidentSetSize of job (KB)
...
006 (4430510.873.000) 09/08 20:34:00 Image size of job updated: 181372
	173  -  MemoryUsage of job (MB)
	177044  -  ResidentSetSize of job (KB)
...
006 (4430510.873.000) 09/08 20:39:01 Image size of job updated: 181436
	173  -  MemoryUsage of job (MB)
	177064  -  ResidentSetSize of job (KB)
...
006 (4430510.873.000) 09/08 20:44:00 Image size of job updated: 206800
	198  -  MemoryUsage of job (MB)
	202436  -  ResidentSetSize of job (KB)
...
006 (4430510.873.000) 09/08 20:54:04 Image size of job updated: 208260
	200  -  MemoryUsage of job (MB)
	204580  -  ResidentSetSize of job (KB)
...
006 (4430510.873.000) 09/08 21:04:03 Image size of job updated: 215128
	207  -  MemoryUsage of job (MB)
	211468  -  ResidentSetSize of job (KB)
...
006 (4430510.873.000) 09/08 21:24:06 Image size of job updated: 228468
	220  -  MemoryUsage of job (MB)
	224844  -  ResidentSetSize of job (KB)
...
006 (4430510.873.000) 09/08 21:29:08 Image size of job updated: 228532
	220  -  MemoryUsage of job (MB)
	224864  -  ResidentSetSize of job (KB)
...
006 (4430510.873.000) 09/08 21:39:22 Image size of job updated: 245312
	237  -  MemoryUsage of job (MB)
	241668  -  ResidentSetSize of job (KB)
...
006 (4430510.873.000) 09/08 21:44:07 Image size of job updated: 245320
	237  -  MemoryUsage of job (MB)
	241668  -  ResidentSetSize of job (KB)
...
006 (4430510.873.000) 09/08 21:54:25 Image size of job updated: 246532
	238  -  MemoryUsage of job (MB)
	242920  -  ResidentSetSize of job (KB)
...
006 (4430510.873.000) 09/08 21:59:09 Image size of job updated: 246592
	238  -  MemoryUsage of job (MB)
	242940  -  ResidentSetSize of job (KB)
...
006 (4430510.873.000) 09/08 22:54:14 Image size of job updated: 255568
	247  -  MemoryUsage of job (MB)
	251956  -  ResidentSetSize of job (KB)
...
006 (4430510.873.000) 09/08 22:59:16 Image size of job updated: 255628
	247  -  MemoryUsage of job (MB)
	251976  -  ResidentSetSize of job (KB)
...
006 (4430510.873.000) 09/09 01:00:06 Image size of job updated: 261236
	252  -  MemoryUsage of job (MB)
	257592  -  ResidentSetSize of job (KB)
...
006 (4430510.873.000) 09/09 01:50:09 Image size of job updated: 261848
	253  -  MemoryUsage of job (MB)
	258204  -  ResidentSetSize of job (KB)
...
006 (4430510.873.000) 09/09 05:45:32 Image size of job updated: 267536
	259  -  MemoryUsage of job (MB)
	264452  -  ResidentSetSize of job (KB)
...
006 (4430510.873.000) 09/09 05:50:33 Image size of job updated: 267544
	259  -  MemoryUsage of job (MB)
	264452  -  ResidentSetSize of job (KB)
...
006 (4430510.873.000) 09/09 08:20:49 Image size of job updated: 271628
	262  -  MemoryUsage of job (MB)
	268048  -  ResidentSetSize of job (KB)
...
006 (4430510.873.000) 09/09 08:25:50 Image size of job updated: 271696
	262  -  MemoryUsage of job (MB)
	268068  -  ResidentSetSize of job (KB)
...
006 (4430510.873.000) 09/09 12:31:20 Image size of job updated: 275264
	266  -  MemoryUsage of job (MB)
	271688  -  ResidentSetSize of job (KB)
...
006 (4430510.873.000) 09/09 12:36:21 Image size of job updated: 275324
	266  -  MemoryUsage of job (MB)
	271708  -  ResidentSetSize of job (KB)
...
006 (4430510.873.000) 09/09 12:46:22 Image size of job updated: 276292
	267  -  MemoryUsage of job (MB)
	272684  -  ResidentSetSize of job (KB)
...
006 (4430510.873.000) 09/09 12:51:23 Image size of job updated: 276292
	267  -  MemoryUsage of job (MB)
	272704  -  ResidentSetSize of job (KB)
...
006 (4430510.873.000) 09/09 14:21:34 Image size of job updated: 278336
	269  -  MemoryUsage of job (MB)
	274688  -  ResidentSetSize of job (KB)
...
006 (4430510.873.000) 09/09 14:26:34 Image size of job updated: 278340
	269  -  MemoryUsage of job (MB)
	274688  -  ResidentSetSize of job (KB)
...
006 (4430510.873.000) 09/09 16:01:44 Image size of job updated: 280472
	271  -  MemoryUsage of job (MB)
	276860  -  ResidentSetSize of job (KB)
...
006 (4430510.873.000) 09/09 16:06:45 Image size of job updated: 280532
	271  -  MemoryUsage of job (MB)
	276880  -  ResidentSetSize of job (KB)
...
006 (4430510.873.000) 09/09 16:46:49 Image size of job updated: 282060
	272  -  MemoryUsage of job (MB)
	278500  -  ResidentSetSize of job (KB)
...
006 (4430510.873.000) 09/09 16:51:49 Image size of job updated: 282204
	273  -  MemoryUsage of job (MB)
	278556  -  ResidentSetSize of job (KB)
...
006 (4430510.873.000) 09/09 16:56:49 Image size of job updated: 282212
	273  -  MemoryUsage of job (MB)
	278556  -  ResidentSetSize of job (KB)
...
006 (4430510.873.000) 09/09 17:16:51 Image size of job updated: 282300
	273  -  MemoryUsage of job (MB)
	278688  -  ResidentSetSize of job (KB)
...
006 (4430510.873.000) 09/09 17:21:52 Image size of job updated: 282360
	273  -  MemoryUsage of job (MB)
	278708  -  ResidentSetSize of job (KB)
...
005 (4430510.873.000) 09/09 17:31:43 Job terminated.
	(1) Normal termination (return value 0)
		Usr 0 20:30:54, Sys 0 00:05:38  -  Run Remote Usage
		Usr 0 00:00:00, Sys 0 00:00:00  -  Run Local Usage
		Usr 0 20:30:54, Sys 0 00:05:38  -  Total Remote Usage
		Usr 0 00:00:00, Sys 0 00:00:00  -  Total Local Usage
	3531784  -  Run Bytes Sent By Job
	17284  -  Run Bytes Received By Job
	3531784  -  Total Bytes Sent By Job
	17284  -  Total Bytes Received By Job
	Partitionable Resources :    Usage  Request Allocated
	   Cpus                 :                 1         1
	   Disk (KB)            : 18765022 26214400  28019680
	   Ioheavy              :                           1
	   Memory (MB)          :      273      300       300
...
