000 (4430510.160.000) 09/08 09:59:23 Job submitted from host: <128.105.244.190:9618?addrs=128.105.244.190-9618&noUDP&sock=2714685_05e2_3>
...
001 (4430510.160.000) 09/08 11:20:17 Job executing on host: <128.105.245.250:9618?addrs=128.105.245.250-9618+[--1]-9618&noUDP&sock=5689_9fa1_3>
...
006 (4430510.160.000) 09/08 11:20:26 Image size of job updated: 476
	1  -  MemoryUsage of job (MB)
	476  -  ResidentSetSize of job (KB)
...
006 (4430510.160.000) 09/08 11:30:26 Image size of job updated: 548
	1  -  MemoryUsage of job (MB)
	548  -  ResidentSetSize of job (KB)
...
006 (4430510.160.000) 09/08 12:05:29 Image size of job updated: 23608
	23  -  MemoryUsage of job (MB)
	22632  -  ResidentSetSize of job (KB)
...
006 (4430510.160.000) 09/08 12:10:29 Image size of job updated: 62604
	60  -  MemoryUsage of job (MB)
	61312  -  ResidentSetSize of job (KB)
...
006 (4430510.160.000) 09/08 12:15:29 Image size of job updated: 191860
	184  -  MemoryUsage of job (MB)
	187456  -  ResidentSetSize of job (KB)
...
006 (4430510.160.000) 09/08 12:20:31 Image size of job updated: 208088
	199  -  MemoryUsage of job (MB)
	203720  -  ResidentSetSize of job (KB)
...
006 (4430510.160.000) 09/08 12:25:32 Image size of job updated: 208480
	200  -  MemoryUsage of job (MB)
	204072  -  ResidentSetSize of job (KB)
...
006 (4430510.160.000) 09/08 12:30:32 Image size of job updated: 208780
	200  -  MemoryUsage of job (MB)
	204408  -  ResidentSetSize of job (KB)
...
006 (4430510.160.000) 09/08 12:35:32 Image size of job updated: 208836
	200  -  MemoryUsage of job (MB)
	204420  -  ResidentSetSize of job (KB)
...
006 (4430510.160.000) 09/08 12:40:32 Image size of job updated: 215568
	207  -  MemoryUsage of job (MB)
	211160  -  ResidentSetSize of job (KB)
...
006 (4430510.160.000) 09/08 12:45:32 Image size of job updated: 215572
	207  -  MemoryUsage of job (MB)
	211160  -  ResidentSetSize of job (KB)
...
006 (4430510.160.000) 09/08 12:50:33 Image size of job updated: 217584
	209  -  MemoryUsage of job (MB)
	213176  -  ResidentSetSize of job (KB)
...
006 (4430510.160.000) 09/08 12:55:35 Image size of job updated: 217588
	209  -  MemoryUsage of job (MB)
	213176  -  ResidentSetSize of job (KB)
...
006 (4430510.160.000) 09/08 13:00:35 Image size of job updated: 242264
	233  -  MemoryUsage of job (MB)
	237896  -  ResidentSetSize of job (KB)
...
006 (4430510.160.000) 09/08 13:05:35 Image size of job updated: 242936
	233  -  MemoryUsage of job (MB)
	238524  -  ResidentSetSize of job (KB)
...
006 (4430510.160.000) 09/08 13:15:35 Image size of job updated: 250300
	241  -  MemoryUsage of job (MB)
	245892  -  ResidentSetSize of job (KB)
...
006 (4430510.160.000) 09/08 13:20:36 Image size of job updated: 250304
	241  -  MemoryUsage of job (MB)
	245892  -  ResidentSetSize of job (KB)
...
006 (4430510.160.000) 09/08 13:25:36 Image size of job updated: 251152
	241  -  MemoryUsage of job (MB)
	246740  -  ResidentSetSize of job (KB)
...
006 (4430510.160.000) 09/08 13:30:36 Image size of job updated: 253776
	244  -  MemoryUsage of job (MB)
	249404  -  ResidentSetSize of job (KB)
...
006 (4430510.160.000) 09/08 13:35:36 Image size of job updated: 253828
	244  -  MemoryUsage of job (MB)
	249416  -  ResidentSetSize of job (KB)
...
006 (4430510.160.000) 09/08 14:00:38 Image size of job updated: 258832
	249  -  MemoryUsage of job (MB)
	254464  -  ResidentSetSize of job (KB)
...
006 (4430510.160.000) 09/08 14:05:38 Image size of job updated: 258888
	249  -  MemoryUsage of job (MB)
	254476  -  ResidentSetSize of job (KB)
...
006 (4430510.160.000) 09/08 14:10:39 Image size of job updated: 259740
	250  -  MemoryUsage of job (MB)
	255324  -  ResidentSetSize of job (KB)
...
006 (4430510.160.000) 09/08 14:50:44 Image size of job updated: 260628
	251  -  MemoryUsage of job (MB)
	256216  -  ResidentSetSize of job (KB)
...
006 (4430510.160.000) 09/08 14:55:44 Image size of job updated: 261264
	251  -  MemoryUsage of job (MB)
	256852  -  ResidentSetSize of job (KB)
...
006 (4430510.160.000) 09/08 15:55:50 Image size of job updated: 261692
	252  -  MemoryUsage of job (MB)
	257372  -  ResidentSetSize of job (KB)
...
006 (4430510.160.000) 09/08 16:00:51 Image size of job updated: 261832
	252  -  MemoryUsage of job (MB)
	257424  -  ResidentSetSize of job (KB)
...
006 (4430510.160.000) 09/08 16:05:51 Image size of job updated: 261836
	252  -  MemoryUsage of job (MB)
	257424  -  ResidentSetSize of job (KB)
...
006 (4430510.160.000) 09/08 16:10:52 Image size of job updated: 262456
	252  -  MemoryUsage of job (MB)
	258044  -  ResidentSetSize of job (KB)
...
006 (4430510.160.000) 09/08 17:10:58 Image size of job updated: 265356
	255  -  MemoryUsage of job (MB)
	260944  -  ResidentSetSize of job (KB)
...
006 (4430510.160.000) 09/08 18:16:04 Image size of job updated: 265840
	256  -  MemoryUsage of job (MB)
	261428  -  ResidentSetSize of job (KB)
...
006 (4430510.160.000) 09/08 18:21:04 Image size of job updated: 267420
	257  -  MemoryUsage of job (MB)
	263096  -  ResidentSetSize of job (KB)
...
006 (4430510.160.000) 09/08 18:26:06 Image size of job updated: 267560
	257  -  MemoryUsage of job (MB)
	263148  -  ResidentSetSize of job (KB)
...
006 (4430510.160.000) 09/08 18:31:06 Image size of job updated: 268372
	258  -  MemoryUsage of job (MB)
	263960  -  ResidentSetSize of job (KB)
...
006 (4430510.160.000) 09/08 19:46:13 Image size of job updated: 269664
	260  -  MemoryUsage of job (MB)
	265252  -  ResidentSetSize of job (KB)
...
006 (4430510.160.000) 09/08 19:51:14 Image size of job updated: 269668
	260  -  MemoryUsage of job (MB)
	265252  -  ResidentSetSize of job (KB)
...
006 (4430510.160.000) 09/08 21:46:25 Image size of job updated: 271120
	261  -  MemoryUsage of job (MB)
	266748  -  ResidentSetSize of job (KB)
...
006 (4430510.160.000) 09/08 21:51:25 Image size of job updated: 271172
	261  -  MemoryUsage of job (MB)
	266760  -  ResidentSetSize of job (KB)
...
006 (4430510.160.000) 09/08 22:56:31 Image size of job updated: 271440
	261  -  MemoryUsage of job (MB)
	267072  -  ResidentSetSize of job (KB)
...
006 (4430510.160.000) 09/08 23:01:32 Image size of job updated: 271496
	261  -  MemoryUsage of job (MB)
	267084  -  ResidentSetSize of job (KB)
...
006 (4430510.160.000) 09/08 23:06:32 Image size of job updated: 271892
	262  -  MemoryUsage of job (MB)
	267480  -  ResidentSetSize of job (KB)
...
006 (4430510.160.000) 09/08 23:16:34 Image size of job updated: 272896
	263  -  MemoryUsage of job (MB)
	268488  -  ResidentSetSize of job (KB)
...
006 (4430510.160.000) 09/08 23:21:34 Image size of job updated: 272900
	263  -  MemoryUsage of job (MB)
	268488  -  ResidentSetSize of job (KB)
...
006 (4430510.160.000) 09/08 23:26:34 Image size of job updated: 273720
	263  -  MemoryUsage of job (MB)
	269308  -  ResidentSetSize of job (KB)
...
006 (4430510.160.000) 09/08 23:31:36 Image size of job updated: 273960
	264  -  MemoryUsage of job (MB)
	269640  -  ResidentSetSize of job (KB)
...
006 (4430510.160.000) 09/08 23:36:37 Image size of job updated: 274104
	264  -  MemoryUsage of job (MB)
	269692  -  ResidentSetSize of job (KB)
...
006 (4430510.160.000) 09/08 23:51:37 Image size of job updated: 275832
	266  -  MemoryUsage of job (MB)
	271428  -  ResidentSetSize of job (KB)
...
006 (4430510.160.000) 09/08 23:56:38 Image size of job updated: 275840
	266  -  MemoryUsage of job (MB)
	271428  -  ResidentSetSize of job (KB)
...
006 (4430510.160.000) 09/09 00:01:39 Image size of job updated: 275844
	266  -  MemoryUsage of job (MB)
	271428  -  ResidentSetSize of job (KB)
...
006 (4430510.160.000) 09/09 01:46:50 Image size of job updated: 275920
	266  -  MemoryUsage of job (MB)
	271428  -  ResidentSetSize of job (KB)
...
006 (4430510.160.000) 09/09 02:06:52 Image size of job updated: 276524
	266  -  MemoryUsage of job (MB)
	271428  -  ResidentSetSize of job (KB)
...
006 (4430510.160.000) 09/09 02:11:54 Image size of job updated: 276528
	266  -  MemoryUsage of job (MB)
	271428  -  ResidentSetSize of job (KB)
...
006 (4430510.160.000) 09/09 02:16:54 Image size of job updated: 277332
	266  -  MemoryUsage of job (MB)
	271428  -  ResidentSetSize of job (KB)
...
006 (4430510.160.000) 09/09 03:12:00 Image size of job updated: 277464
	266  -  MemoryUsage of job (MB)
	271428  -  ResidentSetSize of job (KB)
...
006 (4430510.160.000) 09/09 03:17:00 Image size of job updated: 277524
	266  -  MemoryUsage of job (MB)
	271428  -  ResidentSetSize of job (KB)
...
006 (4430510.160.000) 09/09 03:32:02 Image size of job updated: 279088
	266  -  MemoryUsage of job (MB)
	271428  -  ResidentSetSize of job (KB)
...
006 (4430510.160.000) 09/09 03:37:02 Image size of job updated: 279140
	266  -  MemoryUsage of job (MB)
	271428  -  ResidentSetSize of job (KB)
...
006 (4430510.160.000) 09/09 03:47:03 Image size of job updated: 281024
	266  -  MemoryUsage of job (MB)
	271428  -  ResidentSetSize of job (KB)
...
006 (4430510.160.000) 09/09 03:52:03 Image size of job updated: 281076
	266  -  MemoryUsage of job (MB)
	271428  -  ResidentSetSize of job (KB)
...
006 (4430510.160.000) 09/09 04:52:11 Image size of job updated: 281536
	266  -  MemoryUsage of job (MB)
	271428  -  ResidentSetSize of job (KB)
...
006 (4430510.160.000) 09/09 04:57:11 Image size of job updated: 281592
	266  -  MemoryUsage of job (MB)
	271428  -  ResidentSetSize of job (KB)
...
006 (4430510.160.000) 09/09 05:27:14 Image size of job updated: 282120
	266  -  MemoryUsage of job (MB)
	271428  -  ResidentSetSize of job (KB)
...
006 (4430510.160.000) 09/09 05:32:14 Image size of job updated: 282172
	266  -  MemoryUsage of job (MB)
	271428  -  ResidentSetSize of job (KB)
...
006 (4430510.160.000) 09/09 06:02:16 Image size of job updated: 282348
	266  -  MemoryUsage of job (MB)
	271428  -  ResidentSetSize of job (KB)
...
006 (4430510.160.000) 09/09 06:07:17 Image size of job updated: 282352
	266  -  MemoryUsage of job (MB)
	271428  -  ResidentSetSize of job (KB)
...
005 (4430510.160.000) 09/09 09:05:50 Job terminated.
	(1) Normal termination (return value 0)
		Usr 0 20:29:28, Sys 0 00:04:54  -  Run Remote Usage
		Usr 0 00:00:00, Sys 0 00:00:00  -  Run Local Usage
		Usr 0 20:29:28, Sys 0 00:04:54  -  Total Remote Usage
		Usr 0 00:00:00, Sys 0 00:00:00  -  Total Local Usage
	3535582  -  Run Bytes Sent By Job
	17284  -  Run Bytes Received By Job
	3535582  -  Total Bytes Sent By Job
	17284  -  Total Bytes Received By Job
	Partitionable Resources :    Usage  Request Allocated
	   Cpus                 :                 1         1
	   Disk (KB)            : 20481408 26214400  27709776
	   Ioheavy              :                           1
	   Memory (MB)          :      266      300       300
...
