000 (4430510.776.000) 09/08 09:59:23 Job submitted from host: <128.105.244.190:9618?addrs=128.105.244.190-9618&noUDP&sock=2714685_05e2_3>
...
001 (4430510.776.000) 09/08 13:20:18 Job executing on host: <128.105.245.33:9618?addrs=128.105.245.33-9618+[--1]-9618&noUDP&sock=5298_78fd_3>
...
006 (4430510.776.000) 09/08 13:20:28 Image size of job updated: 480
	1  -  MemoryUsage of job (MB)
	480  -  ResidentSetSize of job (KB)
...
006 (4430510.776.000) 09/08 13:30:30 Image size of job updated: 688
	1  -  MemoryUsage of job (MB)
	548  -  ResidentSetSize of job (KB)
...
006 (4430510.776.000) 09/08 14:08:31 Image size of job updated: 62656
	60  -  MemoryUsage of job (MB)
	61364  -  ResidentSetSize of job (KB)
...
006 (4430510.776.000) 09/08 14:23:31 Image size of job updated: 192108
	184  -  MemoryUsage of job (MB)
	188312  -  ResidentSetSize of job (KB)
...
006 (4430510.776.000) 09/08 14:36:18 Image size of job updated: 196552
	189  -  MemoryUsage of job (MB)
	193020  -  ResidentSetSize of job (KB)
...
006 (4430510.776.000) 09/08 14:44:32 Image size of job updated: 198660
	191  -  MemoryUsage of job (MB)
	195160  -  ResidentSetSize of job (KB)
...
006 (4430510.776.000) 09/08 14:54:53 Image size of job updated: 202028
	194  -  MemoryUsage of job (MB)
	198520  -  ResidentSetSize of job (KB)
...
006 (4430510.776.000) 09/08 15:01:03 Image size of job updated: 202028
	194  -  MemoryUsage of job (MB)
	198540  -  ResidentSetSize of job (KB)
...
006 (4430510.776.000) 09/08 15:07:22 Image size of job updated: 227528
	219  -  MemoryUsage of job (MB)
	223880  -  ResidentSetSize of job (KB)
...
006 (4430510.776.000) 09/08 15:17:22 Image size of job updated: 234276
	226  -  MemoryUsage of job (MB)
	230716  -  ResidentSetSize of job (KB)
...
006 (4430510.776.000) 09/08 15:22:24 Image size of job updated: 234424
	226  -  MemoryUsage of job (MB)
	230772  -  ResidentSetSize of job (KB)
...
006 (4430510.776.000) 09/08 15:37:25 Image size of job updated: 249228
	240  -  MemoryUsage of job (MB)
	245620  -  ResidentSetSize of job (KB)
...
006 (4430510.776.000) 09/08 15:42:26 Image size of job updated: 249292
	240  -  MemoryUsage of job (MB)
	245640  -  ResidentSetSize of job (KB)
...
006 (4430510.776.000) 09/08 15:52:26 Image size of job updated: 251804
	243  -  MemoryUsage of job (MB)
	248196  -  ResidentSetSize of job (KB)
...
006 (4430510.776.000) 09/08 15:57:26 Image size of job updated: 251864
	243  -  MemoryUsage of job (MB)
	248216  -  ResidentSetSize of job (KB)
...
006 (4430510.776.000) 09/08 16:22:30 Image size of job updated: 252484
	244  -  MemoryUsage of job (MB)
	248880  -  ResidentSetSize of job (KB)
...
006 (4430510.776.000) 09/08 16:27:30 Image size of job updated: 252544
	244  -  MemoryUsage of job (MB)
	248900  -  ResidentSetSize of job (KB)
...
006 (4430510.776.000) 09/08 16:37:31 Image size of job updated: 255748
	247  -  MemoryUsage of job (MB)
	252232  -  ResidentSetSize of job (KB)
...
006 (4430510.776.000) 09/08 16:42:31 Image size of job updated: 258224
	249  -  MemoryUsage of job (MB)
	254584  -  ResidentSetSize of job (KB)
...
006 (4430510.776.000) 09/08 16:47:34 Image size of job updated: 258232
	249  -  MemoryUsage of job (MB)
	254584  -  ResidentSetSize of job (KB)
...
006 (4430510.776.000) 09/08 18:42:44 Image size of job updated: 260196
	251  -  MemoryUsage of job (MB)
	256640  -  ResidentSetSize of job (KB)
...
006 (4430510.776.000) 09/08 18:47:57 Image size of job updated: 260344
	251  -  MemoryUsage of job (MB)
	256696  -  ResidentSetSize of job (KB)
...
006 (4430510.776.000) 09/08 19:37:50 Image size of job updated: 260344
	251  -  MemoryUsage of job (MB)
	256852  -  ResidentSetSize of job (KB)
...
006 (4430510.776.000) 09/08 21:41:11 Image size of job updated: 263768
	255  -  MemoryUsage of job (MB)
	260444  -  ResidentSetSize of job (KB)
...
006 (4430510.776.000) 09/08 21:46:17 Image size of job updated: 263808
	255  -  MemoryUsage of job (MB)
	260464  -  ResidentSetSize of job (KB)
...
006 (4430510.776.000) 09/08 22:01:11 Image size of job updated: 264024
	255  -  MemoryUsage of job (MB)
	260588  -  ResidentSetSize of job (KB)
...
006 (4430510.776.000) 09/08 22:51:18 Image size of job updated: 266240
	257  -  MemoryUsage of job (MB)
	262684  -  ResidentSetSize of job (KB)
...
006 (4430510.776.000) 09/08 22:56:22 Image size of job updated: 266300
	257  -  MemoryUsage of job (MB)
	262704  -  ResidentSetSize of job (KB)
...
006 (4430510.776.000) 09/09 00:06:49 Image size of job updated: 269272
	260  -  MemoryUsage of job (MB)
	265668  -  ResidentSetSize of job (KB)
...
006 (4430510.776.000) 09/09 00:11:26 Image size of job updated: 269292
	260  -  MemoryUsage of job (MB)
	265688  -  ResidentSetSize of job (KB)
...
006 (4430510.776.000) 09/09 01:41:37 Image size of job updated: 269756
	260  -  MemoryUsage of job (MB)
	266148  -  ResidentSetSize of job (KB)
...
006 (4430510.776.000) 09/09 01:46:37 Image size of job updated: 269812
	260  -  MemoryUsage of job (MB)
	266168  -  ResidentSetSize of job (KB)
...
006 (4430510.776.000) 09/09 01:56:39 Image size of job updated: 269968
	260  -  MemoryUsage of job (MB)
	266224  -  ResidentSetSize of job (KB)
...
006 (4430510.776.000) 09/09 02:01:39 Image size of job updated: 269988
	261  -  MemoryUsage of job (MB)
	266388  -  ResidentSetSize of job (KB)
...
006 (4430510.776.000) 09/09 02:06:41 Image size of job updated: 270052
	261  -  MemoryUsage of job (MB)
	266408  -  ResidentSetSize of job (KB)
...
006 (4430510.776.000) 09/09 02:36:44 Image size of job updated: 271984
	263  -  MemoryUsage of job (MB)
	268384  -  ResidentSetSize of job (KB)
...
006 (4430510.776.000) 09/09 02:41:45 Image size of job updated: 271984
	263  -  MemoryUsage of job (MB)
	268404  -  ResidentSetSize of job (KB)
...
006 (4430510.776.000) 09/09 06:30:28 Image size of job updated: 274112
	266  -  MemoryUsage of job (MB)
	272336  -  ResidentSetSize of job (KB)
...
006 (4430510.776.000) 09/09 09:10:51 Image size of job updated: 277992
	268  -  MemoryUsage of job (MB)
	274388  -  ResidentSetSize of job (KB)
...
006 (4430510.776.000) 09/09 09:15:42 Image size of job updated: 278040
	268  -  MemoryUsage of job (MB)
	274408  -  ResidentSetSize of job (KB)
...
006 (4430510.776.000) 09/09 09:25:45 Image size of job updated: 278040
	269  -  MemoryUsage of job (MB)
	274468  -  ResidentSetSize of job (KB)
...
006 (4430510.776.000) 09/09 09:50:45 Image size of job updated: 279184
	270  -  MemoryUsage of job (MB)
	275576  -  ResidentSetSize of job (KB)
...
006 (4430510.776.000) 09/09 09:55:48 Image size of job updated: 279184
	270  -  MemoryUsage of job (MB)
	275596  -  ResidentSetSize of job (KB)
...
006 (4430510.776.000) 09/09 11:00:55 Image size of job updated: 280144
	271  -  MemoryUsage of job (MB)
	276560  -  ResidentSetSize of job (KB)
...
006 (4430510.776.000) 09/09 11:05:56 Image size of job updated: 280208
	271  -  MemoryUsage of job (MB)
	276580  -  ResidentSetSize of job (KB)
...
006 (4430510.776.000) 09/09 12:46:03 Image size of job updated: 281348
	272  -  MemoryUsage of job (MB)
	277792  -  ResidentSetSize of job (KB)
...
006 (4430510.776.000) 09/09 12:51:03 Image size of job updated: 281496
	272  -  MemoryUsage of job (MB)
	277848  -  ResidentSetSize of job (KB)
...
005 (4430510.776.000) 09/09 13:15:23 Job terminated.
	(1) Normal termination (return value 0)
		Usr 0 21:58:07, Sys 0 00:06:27  -  Run Remote Usage
		Usr 0 00:00:00, Sys 0 00:00:00  -  Run Local Usage
		Usr 0 21:58:07, Sys 0 00:06:27  -  Total Remote Usage
		Usr 0 00:00:00, Sys 0 00:00:00  -  Total Local Usage
	3532866  -  Run Bytes Sent By Job
	17284  -  Run Bytes Received By Job
	3532866  -  Total Bytes Sent By Job
	17284  -  Total Bytes Received By Job
	Partitionable Resources :    Usage  Request Allocated
	   Cpus                 :                 1         1
	   Disk (KB)            : 22037056 26214400  31160730
	   Ioheavy              :                           1
	   Memory (MB)          :      272      300       300
...
