000 (4430510.575.000) 09/08 09:59:23 Job submitted from host: <128.105.244.190:9618?addrs=128.105.244.190-9618&noUDP&sock=2714685_05e2_3>
...
001 (4430510.575.000) 09/08 11:53:08 Job executing on host: <128.105.245.207:9618?addrs=128.105.245.207-9618+[--1]-9618&noUDP&sock=5535_92a9_3>
...
006 (4430510.575.000) 09/08 11:53:17 Image size of job updated: 472
	1  -  MemoryUsage of job (MB)
	472  -  ResidentSetSize of job (KB)
...
006 (4430510.575.000) 09/08 12:03:19 Image size of job updated: 540
	1  -  MemoryUsage of job (MB)
	540  -  ResidentSetSize of job (KB)
...
006 (4430510.575.000) 09/08 12:33:20 Image size of job updated: 161292
	154  -  MemoryUsage of job (MB)
	157056  -  ResidentSetSize of job (KB)
...
006 (4430510.575.000) 09/08 12:38:21 Image size of job updated: 204632
	175  -  MemoryUsage of job (MB)
	178980  -  ResidentSetSize of job (KB)
...
006 (4430510.575.000) 09/08 12:43:22 Image size of job updated: 204688
	175  -  MemoryUsage of job (MB)
	178980  -  ResidentSetSize of job (KB)
...
006 (4430510.575.000) 09/08 12:48:22 Image size of job updated: 212176
	183  -  MemoryUsage of job (MB)
	186436  -  ResidentSetSize of job (KB)
...
006 (4430510.575.000) 09/08 12:53:22 Image size of job updated: 220164
	190  -  MemoryUsage of job (MB)
	194464  -  ResidentSetSize of job (KB)
...
006 (4430510.575.000) 09/08 12:58:22 Image size of job updated: 220216
	190  -  MemoryUsage of job (MB)
	194476  -  ResidentSetSize of job (KB)
...
006 (4430510.575.000) 09/08 13:18:23 Image size of job updated: 241520
	211  -  MemoryUsage of job (MB)
	215780  -  ResidentSetSize of job (KB)
...
006 (4430510.575.000) 09/08 13:28:24 Image size of job updated: 249956
	219  -  MemoryUsage of job (MB)
	224216  -  ResidentSetSize of job (KB)
...
006 (4430510.575.000) 09/08 13:38:24 Image size of job updated: 252436
	222  -  MemoryUsage of job (MB)
	226696  -  ResidentSetSize of job (KB)
...
006 (4430510.575.000) 09/08 13:48:26 Image size of job updated: 252552
	222  -  MemoryUsage of job (MB)
	226852  -  ResidentSetSize of job (KB)
...
006 (4430510.575.000) 09/08 13:53:26 Image size of job updated: 252604
	222  -  MemoryUsage of job (MB)
	226864  -  ResidentSetSize of job (KB)
...
006 (4430510.575.000) 09/08 14:03:28 Image size of job updated: 255404
	225  -  MemoryUsage of job (MB)
	229664  -  ResidentSetSize of job (KB)
...
006 (4430510.575.000) 09/08 14:13:28 Image size of job updated: 258360
	228  -  MemoryUsage of job (MB)
	232620  -  ResidentSetSize of job (KB)
...
006 (4430510.575.000) 09/08 14:23:30 Image size of job updated: 260216
	230  -  MemoryUsage of job (MB)
	234516  -  ResidentSetSize of job (KB)
...
006 (4430510.575.000) 09/08 14:28:30 Image size of job updated: 260268
	230  -  MemoryUsage of job (MB)
	234528  -  ResidentSetSize of job (KB)
...
006 (4430510.575.000) 09/08 14:33:30 Image size of job updated: 260744
	230  -  MemoryUsage of job (MB)
	235004  -  ResidentSetSize of job (KB)
...
006 (4430510.575.000) 09/08 14:48:33 Image size of job updated: 262016
	231  -  MemoryUsage of job (MB)
	236320  -  ResidentSetSize of job (KB)
...
006 (4430510.575.000) 09/08 14:53:34 Image size of job updated: 262072
	231  -  MemoryUsage of job (MB)
	236332  -  ResidentSetSize of job (KB)
...
006 (4430510.575.000) 09/08 14:58:34 Image size of job updated: 262872
	232  -  MemoryUsage of job (MB)
	237132  -  ResidentSetSize of job (KB)
...
006 (4430510.575.000) 09/08 15:38:38 Image size of job updated: 263484
	233  -  MemoryUsage of job (MB)
	237744  -  ResidentSetSize of job (KB)
...
006 (4430510.575.000) 09/08 16:03:41 Image size of job updated: 263892
	233  -  MemoryUsage of job (MB)
	238152  -  ResidentSetSize of job (KB)
...
006 (4430510.575.000) 09/08 16:33:43 Image size of job updated: 266080
	235  -  MemoryUsage of job (MB)
	240340  -  ResidentSetSize of job (KB)
...
006 (4430510.575.000) 09/08 16:38:43 Image size of job updated: 266096
	235  -  MemoryUsage of job (MB)
	240352  -  ResidentSetSize of job (KB)
...
006 (4430510.575.000) 09/08 17:13:49 Image size of job updated: 266232
	235  -  MemoryUsage of job (MB)
	240532  -  ResidentSetSize of job (KB)
...
006 (4430510.575.000) 09/08 17:18:49 Image size of job updated: 266284
	235  -  MemoryUsage of job (MB)
	240544  -  ResidentSetSize of job (KB)
...
006 (4430510.575.000) 09/08 17:23:49 Image size of job updated: 267092
	236  -  MemoryUsage of job (MB)
	241352  -  ResidentSetSize of job (KB)
...
006 (4430510.575.000) 09/08 17:28:51 Image size of job updated: 267180
	236  -  MemoryUsage of job (MB)
	241444  -  ResidentSetSize of job (KB)
...
006 (4430510.575.000) 09/08 17:33:51 Image size of job updated: 267184
	236  -  MemoryUsage of job (MB)
	241444  -  ResidentSetSize of job (KB)
...
006 (4430510.575.000) 09/08 17:38:51 Image size of job updated: 267996
	237  -  MemoryUsage of job (MB)
	242256  -  ResidentSetSize of job (KB)
...
006 (4430510.575.000) 09/08 17:58:53 Image size of job updated: 269516
	239  -  MemoryUsage of job (MB)
	243776  -  ResidentSetSize of job (KB)
...
006 (4430510.575.000) 09/08 18:48:59 Image size of job updated: 269844
	239  -  MemoryUsage of job (MB)
	244108  -  ResidentSetSize of job (KB)
...
006 (4430510.575.000) 09/08 18:53:59 Image size of job updated: 269848
	239  -  MemoryUsage of job (MB)
	244108  -  ResidentSetSize of job (KB)
...
006 (4430510.575.000) 09/08 19:39:02 Image size of job updated: 271216
	240  -  MemoryUsage of job (MB)
	245476  -  ResidentSetSize of job (KB)
...
006 (4430510.575.000) 09/08 19:49:03 Image size of job updated: 272040
	241  -  MemoryUsage of job (MB)
	246340  -  ResidentSetSize of job (KB)
...
006 (4430510.575.000) 09/08 19:54:04 Image size of job updated: 272092
	241  -  MemoryUsage of job (MB)
	246352  -  ResidentSetSize of job (KB)
...
006 (4430510.575.000) 09/08 19:59:06 Image size of job updated: 272900
	242  -  MemoryUsage of job (MB)
	247160  -  ResidentSetSize of job (KB)
...
006 (4430510.575.000) 09/08 20:29:07 Image size of job updated: 272928
	242  -  MemoryUsage of job (MB)
	247192  -  ResidentSetSize of job (KB)
...
006 (4430510.575.000) 09/08 20:34:08 Image size of job updated: 272932
	242  -  MemoryUsage of job (MB)
	247192  -  ResidentSetSize of job (KB)
...
006 (4430510.575.000) 09/08 21:04:12 Image size of job updated: 273060
	242  -  MemoryUsage of job (MB)
	247316  -  ResidentSetSize of job (KB)
...
006 (4430510.575.000) 09/08 21:09:14 Image size of job updated: 273700
	243  -  MemoryUsage of job (MB)
	248004  -  ResidentSetSize of job (KB)
...
006 (4430510.575.000) 09/08 21:14:14 Image size of job updated: 273756
	243  -  MemoryUsage of job (MB)
	248016  -  ResidentSetSize of job (KB)
...
006 (4430510.575.000) 09/08 21:19:14 Image size of job updated: 274560
	243  -  MemoryUsage of job (MB)
	248820  -  ResidentSetSize of job (KB)
...
006 (4430510.575.000) 09/08 21:49:16 Image size of job updated: 275156
	244  -  MemoryUsage of job (MB)
	249416  -  ResidentSetSize of job (KB)
...
006 (4430510.575.000) 09/08 22:04:18 Image size of job updated: 275424
	244  -  MemoryUsage of job (MB)
	249684  -  ResidentSetSize of job (KB)
...
006 (4430510.575.000) 09/08 23:34:29 Image size of job updated: 276120
	245  -  MemoryUsage of job (MB)
	250420  -  ResidentSetSize of job (KB)
...
006 (4430510.575.000) 09/08 23:39:30 Image size of job updated: 276172
	245  -  MemoryUsage of job (MB)
	250432  -  ResidentSetSize of job (KB)
...
006 (4430510.575.000) 09/09 00:04:31 Image size of job updated: 277912
	247  -  MemoryUsage of job (MB)
	252212  -  ResidentSetSize of job (KB)
...
006 (4430510.575.000) 09/09 00:09:31 Image size of job updated: 277964
	247  -  MemoryUsage of job (MB)
	252224  -  ResidentSetSize of job (KB)
...
006 (4430510.575.000) 09/09 02:14:45 Image size of job updated: 278000
	247  -  MemoryUsage of job (MB)
	252224  -  ResidentSetSize of job (KB)
...
006 (4430510.575.000) 09/09 02:29:48 Image size of job updated: 279084
	247  -  MemoryUsage of job (MB)
	252224  -  ResidentSetSize of job (KB)
...
006 (4430510.575.000) 09/09 02:34:48 Image size of job updated: 279088
	247  -  MemoryUsage of job (MB)
	252224  -  ResidentSetSize of job (KB)
...
006 (4430510.575.000) 09/09 03:59:59 Image size of job updated: 280044
	247  -  MemoryUsage of job (MB)
	252224  -  ResidentSetSize of job (KB)
...
006 (4430510.575.000) 09/09 04:05:00 Image size of job updated: 280096
	247  -  MemoryUsage of job (MB)
	252224  -  ResidentSetSize of job (KB)
...
006 (4430510.575.000) 09/09 05:15:09 Image size of job updated: 280128
	247  -  MemoryUsage of job (MB)
	252224  -  ResidentSetSize of job (KB)
...
006 (4430510.575.000) 09/09 05:20:10 Image size of job updated: 280132
	247  -  MemoryUsage of job (MB)
	252224  -  ResidentSetSize of job (KB)
...
006 (4430510.575.000) 09/09 05:25:10 Image size of job updated: 280292
	247  -  MemoryUsage of job (MB)
	252224  -  ResidentSetSize of job (KB)
...
006 (4430510.575.000) 09/09 05:30:10 Image size of job updated: 280336
	247  -  MemoryUsage of job (MB)
	252224  -  ResidentSetSize of job (KB)
...
006 (4430510.575.000) 09/09 05:35:11 Image size of job updated: 280388
	247  -  MemoryUsage of job (MB)
	252224  -  ResidentSetSize of job (KB)
...
006 (4430510.575.000) 09/09 06:00:13 Image size of job updated: 281144
	247  -  MemoryUsage of job (MB)
	252224  -  ResidentSetSize of job (KB)
...
006 (4430510.575.000) 09/09 06:05:13 Image size of job updated: 281240
	247  -  MemoryUsage of job (MB)
	252224  -  ResidentSetSize of job (KB)
...
006 (4430510.575.000) 09/09 06:10:13 Image size of job updated: 281248
	247  -  MemoryUsage of job (MB)
	252224  -  ResidentSetSize of job (KB)
...
006 (4430510.575.000) 09/09 06:50:17 Image size of job updated: 282476
	247  -  MemoryUsage of job (MB)
	252224  -  ResidentSetSize of job (KB)
...
006 (4430510.575.000) 09/09 06:55:17 Image size of job updated: 282528
	247  -  MemoryUsage of job (MB)
	252224  -  ResidentSetSize of job (KB)
...
006 (4430510.575.000) 09/09 07:00:18 Image size of job updated: 283356
	247  -  MemoryUsage of job (MB)
	252224  -  ResidentSetSize of job (KB)
...
005 (4430510.575.000) 09/09 07:02:22 Job terminated.
	(1) Normal termination (return value 0)
		Usr 0 18:14:55, Sys 0 00:04:18  -  Run Remote Usage
		Usr 0 00:00:00, Sys 0 00:00:00  -  Run Local Usage
		Usr 0 18:14:55, Sys 0 00:04:18  -  Total Remote Usage
		Usr 0 00:00:00, Sys 0 00:00:00  -  Total Local Usage
	3537850  -  Run Bytes Sent By Job
	17284  -  Run Bytes Received By Job
	3537850  -  Total Bytes Sent By Job
	17284  -  Total Bytes Received By Job
	Partitionable Resources :    Usage  Request Allocated
	   Cpus                 :                 1         1
	   Disk (KB)            : 20020917 26214400  28013398
	   Ioheavy              :                           1
	   Memory (MB)          :      247      300       300
...
