000 (4430510.722.000) 09/08 09:59:23 Job submitted from host: <128.105.244.190:9618?addrs=128.105.244.190-9618&noUDP&sock=2714685_05e2_3>
...
001 (4430510.722.000) 09/08 12:36:00 Job executing on host: <128.105.245.191:9618?addrs=128.105.245.191-9618+[--1]-9618&noUDP&sock=5513_9dd0_78>
...
006 (4430510.722.000) 09/08 12:36:09 Image size of job updated: 472
	1  -  MemoryUsage of job (MB)
	472  -  ResidentSetSize of job (KB)
...
006 (4430510.722.000) 09/08 12:51:10 Image size of job updated: 544
	1  -  MemoryUsage of job (MB)
	544  -  ResidentSetSize of job (KB)
...
006 (4430510.722.000) 09/08 15:01:22 Image size of job updated: 20732
	17  -  MemoryUsage of job (MB)
	16480  -  ResidentSetSize of job (KB)
...
006 (4430510.722.000) 09/08 15:06:22 Image size of job updated: 164656
	157  -  MemoryUsage of job (MB)
	160252  -  ResidentSetSize of job (KB)
...
006 (4430510.722.000) 09/08 15:16:23 Image size of job updated: 201860
	193  -  MemoryUsage of job (MB)
	197404  -  ResidentSetSize of job (KB)
...
006 (4430510.722.000) 09/08 15:21:25 Image size of job updated: 207096
	198  -  MemoryUsage of job (MB)
	202648  -  ResidentSetSize of job (KB)
...
006 (4430510.722.000) 09/08 15:31:26 Image size of job updated: 213504
	205  -  MemoryUsage of job (MB)
	209048  -  ResidentSetSize of job (KB)
...
006 (4430510.722.000) 09/08 15:36:26 Image size of job updated: 215408
	207  -  MemoryUsage of job (MB)
	210952  -  ResidentSetSize of job (KB)
...
006 (4430510.722.000) 09/08 15:46:27 Image size of job updated: 218476
	210  -  MemoryUsage of job (MB)
	214020  -  ResidentSetSize of job (KB)
...
006 (4430510.722.000) 09/08 15:51:28 Image size of job updated: 240752
	231  -  MemoryUsage of job (MB)
	236340  -  ResidentSetSize of job (KB)
...
006 (4430510.722.000) 09/08 15:56:28 Image size of job updated: 240808
	231  -  MemoryUsage of job (MB)
	236352  -  ResidentSetSize of job (KB)
...
006 (4430510.722.000) 09/08 16:01:29 Image size of job updated: 249604
	240  -  MemoryUsage of job (MB)
	245192  -  ResidentSetSize of job (KB)
...
006 (4430510.722.000) 09/08 16:06:29 Image size of job updated: 249660
	240  -  MemoryUsage of job (MB)
	245204  -  ResidentSetSize of job (KB)
...
006 (4430510.722.000) 09/08 16:16:30 Image size of job updated: 251396
	242  -  MemoryUsage of job (MB)
	246944  -  ResidentSetSize of job (KB)
...
006 (4430510.722.000) 09/08 16:21:30 Image size of job updated: 251400
	242  -  MemoryUsage of job (MB)
	246944  -  ResidentSetSize of job (KB)
...
006 (4430510.722.000) 09/08 16:31:31 Image size of job updated: 252640
	243  -  MemoryUsage of job (MB)
	248184  -  ResidentSetSize of job (KB)
...
006 (4430510.722.000) 09/08 16:41:32 Image size of job updated: 254984
	245  -  MemoryUsage of job (MB)
	250572  -  ResidentSetSize of job (KB)
...
006 (4430510.722.000) 09/08 16:46:33 Image size of job updated: 255036
	245  -  MemoryUsage of job (MB)
	250584  -  ResidentSetSize of job (KB)
...
006 (4430510.722.000) 09/08 16:51:33 Image size of job updated: 255060
	245  -  MemoryUsage of job (MB)
	250584  -  ResidentSetSize of job (KB)
...
006 (4430510.722.000) 09/08 16:56:34 Image size of job updated: 257232
	247  -  MemoryUsage of job (MB)
	252796  -  ResidentSetSize of job (KB)
...
006 (4430510.722.000) 09/08 17:01:34 Image size of job updated: 257288
	247  -  MemoryUsage of job (MB)
	252808  -  ResidentSetSize of job (KB)
...
006 (4430510.722.000) 09/08 17:11:35 Image size of job updated: 258084
	248  -  MemoryUsage of job (MB)
	253608  -  ResidentSetSize of job (KB)
...
006 (4430510.722.000) 09/08 17:16:36 Image size of job updated: 258088
	248  -  MemoryUsage of job (MB)
	253608  -  ResidentSetSize of job (KB)
...
006 (4430510.722.000) 09/08 17:26:38 Image size of job updated: 258932
	249  -  MemoryUsage of job (MB)
	254452  -  ResidentSetSize of job (KB)
...
006 (4430510.722.000) 09/08 18:36:46 Image size of job updated: 259512
	250  -  MemoryUsage of job (MB)
	255124  -  ResidentSetSize of job (KB)
...
006 (4430510.722.000) 09/08 18:41:47 Image size of job updated: 259656
	250  -  MemoryUsage of job (MB)
	255176  -  ResidentSetSize of job (KB)
...
006 (4430510.722.000) 09/08 18:51:48 Image size of job updated: 264924
	255  -  MemoryUsage of job (MB)
	260536  -  ResidentSetSize of job (KB)
...
006 (4430510.722.000) 09/08 18:56:49 Image size of job updated: 265068
	255  -  MemoryUsage of job (MB)
	260588  -  ResidentSetSize of job (KB)
...
006 (4430510.722.000) 09/08 19:51:56 Image size of job updated: 265636
	256  -  MemoryUsage of job (MB)
	261248  -  ResidentSetSize of job (KB)
...
006 (4430510.722.000) 09/08 19:56:56 Image size of job updated: 265780
	256  -  MemoryUsage of job (MB)
	261300  -  ResidentSetSize of job (KB)
...
006 (4430510.722.000) 09/08 20:21:58 Image size of job updated: 267512
	257  -  MemoryUsage of job (MB)
	263124  -  ResidentSetSize of job (KB)
...
006 (4430510.722.000) 09/08 20:27:00 Image size of job updated: 267656
	258  -  MemoryUsage of job (MB)
	263176  -  ResidentSetSize of job (KB)
...
006 (4430510.722.000) 09/08 21:42:07 Image size of job updated: 268480
	258  -  MemoryUsage of job (MB)
	263176  -  ResidentSetSize of job (KB)
...
006 (4430510.722.000) 09/08 21:47:07 Image size of job updated: 268484
	258  -  MemoryUsage of job (MB)
	263176  -  ResidentSetSize of job (KB)
...
006 (4430510.722.000) 09/08 23:22:14 Image size of job updated: 270664
	258  -  MemoryUsage of job (MB)
	263176  -  ResidentSetSize of job (KB)
...
006 (4430510.722.000) 09/08 23:27:14 Image size of job updated: 270668
	258  -  MemoryUsage of job (MB)
	263176  -  ResidentSetSize of job (KB)
...
006 (4430510.722.000) 09/09 00:12:18 Image size of job updated: 272224
	258  -  MemoryUsage of job (MB)
	263176  -  ResidentSetSize of job (KB)
...
006 (4430510.722.000) 09/09 00:17:19 Image size of job updated: 272364
	258  -  MemoryUsage of job (MB)
	263176  -  ResidentSetSize of job (KB)
...
006 (4430510.722.000) 09/09 00:27:20 Image size of job updated: 276280
	258  -  MemoryUsage of job (MB)
	263176  -  ResidentSetSize of job (KB)
...
006 (4430510.722.000) 09/09 00:32:21 Image size of job updated: 276336
	258  -  MemoryUsage of job (MB)
	263176  -  ResidentSetSize of job (KB)
...
006 (4430510.722.000) 09/09 01:42:28 Image size of job updated: 277108
	258  -  MemoryUsage of job (MB)
	263176  -  ResidentSetSize of job (KB)
...
006 (4430510.722.000) 09/09 01:47:29 Image size of job updated: 277160
	258  -  MemoryUsage of job (MB)
	263176  -  ResidentSetSize of job (KB)
...
006 (4430510.722.000) 09/09 04:47:48 Image size of job updated: 277884
	258  -  MemoryUsage of job (MB)
	263176  -  ResidentSetSize of job (KB)
...
006 (4430510.722.000) 09/09 05:27:53 Image size of job updated: 278716
	258  -  MemoryUsage of job (MB)
	263176  -  ResidentSetSize of job (KB)
...
006 (4430510.722.000) 09/09 05:32:53 Image size of job updated: 278720
	258  -  MemoryUsage of job (MB)
	263176  -  ResidentSetSize of job (KB)
...
006 (4430510.722.000) 09/09 06:07:57 Image size of job updated: 279128
	258  -  MemoryUsage of job (MB)
	263176  -  ResidentSetSize of job (KB)
...
006 (4430510.722.000) 09/09 06:12:59 Image size of job updated: 279132
	258  -  MemoryUsage of job (MB)
	263176  -  ResidentSetSize of job (KB)
...
006 (4430510.722.000) 09/09 06:33:01 Image size of job updated: 281024
	258  -  MemoryUsage of job (MB)
	263176  -  ResidentSetSize of job (KB)
...
006 (4430510.722.000) 09/09 06:38:01 Image size of job updated: 281076
	258  -  MemoryUsage of job (MB)
	263176  -  ResidentSetSize of job (KB)
...
006 (4430510.722.000) 09/09 07:28:09 Image size of job updated: 281416
	258  -  MemoryUsage of job (MB)
	263176  -  ResidentSetSize of job (KB)
...
006 (4430510.722.000) 09/09 07:33:09 Image size of job updated: 281420
	258  -  MemoryUsage of job (MB)
	263176  -  ResidentSetSize of job (KB)
...
006 (4430510.722.000) 09/09 08:43:15 Image size of job updated: 281800
	258  -  MemoryUsage of job (MB)
	263176  -  ResidentSetSize of job (KB)
...
006 (4430510.722.000) 09/09 08:48:15 Image size of job updated: 281856
	258  -  MemoryUsage of job (MB)
	263176  -  ResidentSetSize of job (KB)
...
005 (4430510.722.000) 09/09 09:11:25 Job terminated.
	(1) Normal termination (return value 0)
		Usr 0 17:47:46, Sys 0 00:06:15  -  Run Remote Usage
		Usr 0 00:00:00, Sys 0 00:00:00  -  Run Local Usage
		Usr 0 17:47:46, Sys 0 00:06:15  -  Total Remote Usage
		Usr 0 00:00:00, Sys 0 00:00:00  -  Total Local Usage
	3535627  -  Run Bytes Sent By Job
	17284  -  Run Bytes Received By Job
	3535627  -  Total Bytes Sent By Job
	17284  -  Total Bytes Received By Job
	Partitionable Resources :    Usage  Request Allocated
	   Cpus                 :                 1         1
	   Disk (KB)            : 21758993 26214400  26624360
	   Ioheavy              :                           1
	   Memory (MB)          :      258      300       300
...
