000 (4430510.998.000) 09/08 09:59:23 Job submitted from host: <128.105.244.190:9618?addrs=128.105.244.190-9618&noUDP&sock=2714685_05e2_3>
...
001 (4430510.998.000) 09/09 00:58:19 Job executing on host: <128.105.245.33:9618?addrs=128.105.245.33-9618+[--1]-9618&noUDP&sock=5298_78fd_3>
...
006 (4430510.998.000) 09/09 00:58:28 Image size of job updated: 580
	1  -  MemoryUsage of job (MB)
	476  -  ResidentSetSize of job (KB)
...
006 (4430510.998.000) 09/09 01:03:28 Image size of job updated: 680
	1  -  MemoryUsage of job (MB)
	552  -  ResidentSetSize of job (KB)
...
006 (4430510.998.000) 09/09 01:13:34 Image size of job updated: 42704
	41  -  MemoryUsage of job (MB)
	41756  -  ResidentSetSize of job (KB)
...
006 (4430510.998.000) 09/09 01:18:29 Image size of job updated: 62468
	60  -  MemoryUsage of job (MB)
	61360  -  ResidentSetSize of job (KB)
...
006 (4430510.998.000) 09/09 01:23:31 Image size of job updated: 182224
	175  -  MemoryUsage of job (MB)
	179052  -  ResidentSetSize of job (KB)
...
006 (4430510.998.000) 09/09 01:28:30 Image size of job updated: 189452
	181  -  MemoryUsage of job (MB)
	185280  -  ResidentSetSize of job (KB)
...
006 (4430510.998.000) 09/09 01:33:30 Image size of job updated: 189452
	181  -  MemoryUsage of job (MB)
	185336  -  ResidentSetSize of job (KB)
...
006 (4430510.998.000) 09/09 01:38:31 Image size of job updated: 209756
	201  -  MemoryUsage of job (MB)
	205540  -  ResidentSetSize of job (KB)
...
006 (4430510.998.000) 09/09 01:43:33 Image size of job updated: 209756
	201  -  MemoryUsage of job (MB)
	205560  -  ResidentSetSize of job (KB)
...
006 (4430510.998.000) 09/09 01:48:32 Image size of job updated: 212220
	204  -  MemoryUsage of job (MB)
	208212  -  ResidentSetSize of job (KB)
...
006 (4430510.998.000) 09/09 01:53:32 Image size of job updated: 212220
	204  -  MemoryUsage of job (MB)
	208232  -  ResidentSetSize of job (KB)
...
006 (4430510.998.000) 09/09 02:08:35 Image size of job updated: 226392
	218  -  MemoryUsage of job (MB)
	222804  -  ResidentSetSize of job (KB)
...
006 (4430510.998.000) 09/09 02:13:35 Image size of job updated: 226456
	218  -  MemoryUsage of job (MB)
	222824  -  ResidentSetSize of job (KB)
...
006 (4430510.998.000) 09/09 02:23:37 Image size of job updated: 234136
	226  -  MemoryUsage of job (MB)
	230624  -  ResidentSetSize of job (KB)
...
006 (4430510.998.000) 09/09 02:28:38 Image size of job updated: 234144
	226  -  MemoryUsage of job (MB)
	230624  -  ResidentSetSize of job (KB)
...
006 (4430510.998.000) 09/09 02:33:39 Image size of job updated: 234148
	226  -  MemoryUsage of job (MB)
	230624  -  ResidentSetSize of job (KB)
...
006 (4430510.998.000) 09/09 02:38:40 Image size of job updated: 239500
	231  -  MemoryUsage of job (MB)
	236108  -  ResidentSetSize of job (KB)
...
006 (4430510.998.000) 09/09 02:43:40 Image size of job updated: 239592
	231  -  MemoryUsage of job (MB)
	236128  -  ResidentSetSize of job (KB)
...
006 (4430510.998.000) 09/09 02:53:40 Image size of job updated: 253724
	245  -  MemoryUsage of job (MB)
	250116  -  ResidentSetSize of job (KB)
...
006 (4430510.998.000) 09/09 02:58:40 Image size of job updated: 253724
	245  -  MemoryUsage of job (MB)
	250136  -  ResidentSetSize of job (KB)
...
006 (4430510.998.000) 09/09 03:43:49 Image size of job updated: 256356
	247  -  MemoryUsage of job (MB)
	252896  -  ResidentSetSize of job (KB)
...
006 (4430510.998.000) 09/09 03:49:07 Image size of job updated: 256368
	247  -  MemoryUsage of job (MB)
	252916  -  ResidentSetSize of job (KB)
...
006 (4430510.998.000) 09/09 04:18:49 Image size of job updated: 259940
	251  -  MemoryUsage of job (MB)
	256296  -  ResidentSetSize of job (KB)
...
006 (4430510.998.000) 09/09 04:23:50 Image size of job updated: 259944
	251  -  MemoryUsage of job (MB)
	256296  -  ResidentSetSize of job (KB)
...
006 (4430510.998.000) 09/09 06:07:34 Image size of job updated: 260684
	252  -  MemoryUsage of job (MB)
	257092  -  ResidentSetSize of job (KB)
...
006 (4430510.998.000) 09/09 06:13:41 Image size of job updated: 260684
	252  -  MemoryUsage of job (MB)
	257112  -  ResidentSetSize of job (KB)
...
006 (4430510.998.000) 09/09 06:43:01 Image size of job updated: 261564
	252  -  MemoryUsage of job (MB)
	257932  -  ResidentSetSize of job (KB)
...
006 (4430510.998.000) 09/09 07:53:08 Image size of job updated: 264868
	256  -  MemoryUsage of job (MB)
	261264  -  ResidentSetSize of job (KB)
...
006 (4430510.998.000) 09/09 07:58:10 Image size of job updated: 264928
	256  -  MemoryUsage of job (MB)
	261284  -  ResidentSetSize of job (KB)
...
006 (4430510.998.000) 09/09 10:38:27 Image size of job updated: 267912
	259  -  MemoryUsage of job (MB)
	264308  -  ResidentSetSize of job (KB)
...
006 (4430510.998.000) 09/09 10:43:24 Image size of job updated: 267972
	259  -  MemoryUsage of job (MB)
	264328  -  ResidentSetSize of job (KB)
...
006 (4430510.998.000) 09/09 10:48:43 Image size of job updated: 267976
	259  -  MemoryUsage of job (MB)
	264328  -  ResidentSetSize of job (KB)
...
006 (4430510.998.000) 09/09 12:08:33 Image size of job updated: 270596
	261  -  MemoryUsage of job (MB)
	266992  -  ResidentSetSize of job (KB)
...
006 (4430510.998.000) 09/09 12:13:34 Image size of job updated: 270664
	261  -  MemoryUsage of job (MB)
	267012  -  ResidentSetSize of job (KB)
...
006 (4430510.998.000) 09/09 13:18:37 Image size of job updated: 274472
	265  -  MemoryUsage of job (MB)
	270864  -  ResidentSetSize of job (KB)
...
006 (4430510.998.000) 09/09 13:23:37 Image size of job updated: 274472
	265  -  MemoryUsage of job (MB)
	270884  -  ResidentSetSize of job (KB)
...
006 (4430510.998.000) 09/09 13:33:38 Image size of job updated: 275320
	266  -  MemoryUsage of job (MB)
	271712  -  ResidentSetSize of job (KB)
...
006 (4430510.998.000) 09/09 13:38:38 Image size of job updated: 275380
	266  -  MemoryUsage of job (MB)
	271732  -  ResidentSetSize of job (KB)
...
006 (4430510.998.000) 09/09 13:58:40 Image size of job updated: 275964
	266  -  MemoryUsage of job (MB)
	272320  -  ResidentSetSize of job (KB)
...
006 (4430510.998.000) 09/09 14:03:41 Image size of job updated: 275968
	266  -  MemoryUsage of job (MB)
	272320  -  ResidentSetSize of job (KB)
...
006 (4430510.998.000) 09/09 14:08:41 Image size of job updated: 277768
	268  -  MemoryUsage of job (MB)
	274164  -  ResidentSetSize of job (KB)
...
006 (4430510.998.000) 09/09 14:13:41 Image size of job updated: 277836
	268  -  MemoryUsage of job (MB)
	274184  -  ResidentSetSize of job (KB)
...
006 (4430510.998.000) 09/09 16:38:57 Image size of job updated: 278268
	269  -  MemoryUsage of job (MB)
	274712  -  ResidentSetSize of job (KB)
...
006 (4430510.998.000) 09/09 16:43:57 Image size of job updated: 278416
	269  -  MemoryUsage of job (MB)
	274768  -  ResidentSetSize of job (KB)
...
006 (4430510.998.000) 09/09 16:53:58 Image size of job updated: 279136
	270  -  MemoryUsage of job (MB)
	275532  -  ResidentSetSize of job (KB)
...
006 (4430510.998.000) 09/09 16:58:59 Image size of job updated: 279200
	270  -  MemoryUsage of job (MB)
	275552  -  ResidentSetSize of job (KB)
...
006 (4430510.998.000) 09/09 17:08:59 Image size of job updated: 279388
	270  -  MemoryUsage of job (MB)
	275740  -  ResidentSetSize of job (KB)
...
006 (4430510.998.000) 09/09 17:44:00 Image size of job updated: 279920
	270  -  MemoryUsage of job (MB)
	276272  -  ResidentSetSize of job (KB)
...
006 (4430510.998.000) 09/09 17:54:00 Image size of job updated: 280244
	271  -  MemoryUsage of job (MB)
	276600  -  ResidentSetSize of job (KB)
...
006 (4430510.998.000) 09/09 17:59:01 Image size of job updated: 280248
	271  -  MemoryUsage of job (MB)
	276600  -  ResidentSetSize of job (KB)
...
006 (4430510.998.000) 09/09 18:14:35 Image size of job updated: 282192
	273  -  MemoryUsage of job (MB)
	278588  -  ResidentSetSize of job (KB)
...
006 (4430510.998.000) 09/09 18:19:07 Image size of job updated: 282192
	273  -  MemoryUsage of job (MB)
	278608  -  ResidentSetSize of job (KB)
...
006 (4430510.998.000) 09/09 19:49:18 Image size of job updated: 282508
	273  -  MemoryUsage of job (MB)
	278864  -  ResidentSetSize of job (KB)
...
006 (4430510.998.000) 09/09 19:54:19 Image size of job updated: 282512
	273  -  MemoryUsage of job (MB)
	278864  -  ResidentSetSize of job (KB)
...
006 (4430510.998.000) 09/09 19:59:20 Image size of job updated: 282664
	273  -  MemoryUsage of job (MB)
	279060  -  ResidentSetSize of job (KB)
...
006 (4430510.998.000) 09/09 20:04:23 Image size of job updated: 282728
	273  -  MemoryUsage of job (MB)
	279080  -  ResidentSetSize of job (KB)
...
005 (4430510.998.000) 09/09 20:10:16 Job terminated.
	(1) Normal termination (return value 0)
		Usr 0 18:24:08, Sys 0 00:04:53  -  Run Remote Usage
		Usr 0 00:00:00, Sys 0 00:00:00  -  Run Local Usage
		Usr 0 18:24:08, Sys 0 00:04:53  -  Total Remote Usage
		Usr 0 00:00:00, Sys 0 00:00:00  -  Total Local Usage
	3534412  -  Run Bytes Sent By Job
	17284  -  Run Bytes Received By Job
	3534412  -  Total Bytes Sent By Job
	17284  -  Total Bytes Received By Job
	Partitionable Resources :    Usage  Request Allocated
	   Cpus                 :                 1         1
	   Disk (KB)            : 20348725 26214400  27570165
	   Ioheavy              :                           1
	   Memory (MB)          :      273      300       300
...
