000 (4430510.604.000) 09/08 09:59:23 Job submitted from host: <128.105.244.190:9618?addrs=128.105.244.190-9618&noUDP&sock=2714685_05e2_3>
...
001 (4430510.604.000) 09/08 11:53:10 Job executing on host: <128.105.245.23:9618?addrs=128.105.245.23-9618+[--1]-9618&noUDP&sock=5249_dfb4_3>
...
006 (4430510.604.000) 09/08 11:53:19 Image size of job updated: 524
	1  -  MemoryUsage of job (MB)
	480  -  ResidentSetSize of job (KB)
...
006 (4430510.604.000) 09/08 12:13:20 Image size of job updated: 548
	1  -  MemoryUsage of job (MB)
	548  -  ResidentSetSize of job (KB)
...
006 (4430510.604.000) 09/08 13:02:41 Image size of job updated: 83404
	79  -  MemoryUsage of job (MB)
	80492  -  ResidentSetSize of job (KB)
...
006 (4430510.604.000) 09/08 13:24:14 Image size of job updated: 197632
	190  -  MemoryUsage of job (MB)
	193772  -  ResidentSetSize of job (KB)
...
006 (4430510.604.000) 09/08 13:40:07 Image size of job updated: 205652
	198  -  MemoryUsage of job (MB)
	201800  -  ResidentSetSize of job (KB)
...
006 (4430510.604.000) 09/08 13:55:38 Image size of job updated: 215096
	207  -  MemoryUsage of job (MB)
	211568  -  ResidentSetSize of job (KB)
...
006 (4430510.604.000) 09/08 14:00:38 Image size of job updated: 215100
	207  -  MemoryUsage of job (MB)
	211568  -  ResidentSetSize of job (KB)
...
006 (4430510.604.000) 09/08 14:05:38 Image size of job updated: 241900
	233  -  MemoryUsage of job (MB)
	238004  -  ResidentSetSize of job (KB)
...
006 (4430510.604.000) 09/08 14:20:41 Image size of job updated: 244728
	236  -  MemoryUsage of job (MB)
	240868  -  ResidentSetSize of job (KB)
...
006 (4430510.604.000) 09/08 14:25:42 Image size of job updated: 244788
	236  -  MemoryUsage of job (MB)
	240888  -  ResidentSetSize of job (KB)
...
006 (4430510.604.000) 09/08 15:10:49 Image size of job updated: 249460
	241  -  MemoryUsage of job (MB)
	245812  -  ResidentSetSize of job (KB)
...
006 (4430510.604.000) 09/08 15:15:51 Image size of job updated: 249464
	241  -  MemoryUsage of job (MB)
	245812  -  ResidentSetSize of job (KB)
...
006 (4430510.604.000) 09/08 16:30:58 Image size of job updated: 255968
	248  -  MemoryUsage of job (MB)
	253740  -  ResidentSetSize of job (KB)
...
006 (4430510.604.000) 09/08 16:37:08 Image size of job updated: 255968
	248  -  MemoryUsage of job (MB)
	253760  -  ResidentSetSize of job (KB)
...
006 (4430510.604.000) 09/08 17:24:47 Image size of job updated: 258692
	250  -  MemoryUsage of job (MB)
	255380  -  ResidentSetSize of job (KB)
...
006 (4430510.604.000) 09/08 17:29:30 Image size of job updated: 258692
	250  -  MemoryUsage of job (MB)
	255436  -  ResidentSetSize of job (KB)
...
006 (4430510.604.000) 09/08 18:12:36 Image size of job updated: 258692
	251  -  MemoryUsage of job (MB)
	256256  -  ResidentSetSize of job (KB)
...
006 (4430510.604.000) 09/08 22:34:15 Image size of job updated: 264892
	257  -  MemoryUsage of job (MB)
	262504  -  ResidentSetSize of job (KB)
...
006 (4430510.604.000) 09/08 22:39:15 Image size of job updated: 264936
	257  -  MemoryUsage of job (MB)
	262524  -  ResidentSetSize of job (KB)
...
006 (4430510.604.000) 09/09 01:44:34 Image size of job updated: 265908
	257  -  MemoryUsage of job (MB)
	262524  -  ResidentSetSize of job (KB)
...
006 (4430510.604.000) 09/09 04:54:55 Image size of job updated: 271044
	262  -  MemoryUsage of job (MB)
	267952  -  ResidentSetSize of job (KB)
...
006 (4430510.604.000) 09/09 04:59:55 Image size of job updated: 272300
	263  -  MemoryUsage of job (MB)
	268680  -  ResidentSetSize of job (KB)
...
006 (4430510.604.000) 09/09 06:15:03 Image size of job updated: 275980
	267  -  MemoryUsage of job (MB)
	272412  -  ResidentSetSize of job (KB)
...
006 (4430510.604.000) 09/09 06:20:03 Image size of job updated: 275980
	267  -  MemoryUsage of job (MB)
	272432  -  ResidentSetSize of job (KB)
...
006 (4430510.604.000) 09/09 07:15:36 Image size of job updated: 275980
	268  -  MemoryUsage of job (MB)
	274064  -  ResidentSetSize of job (KB)
...
006 (4430510.604.000) 09/09 08:45:18 Image size of job updated: 278812
	269  -  MemoryUsage of job (MB)
	275220  -  ResidentSetSize of job (KB)
...
006 (4430510.604.000) 09/09 08:50:19 Image size of job updated: 278816
	269  -  MemoryUsage of job (MB)
	275220  -  ResidentSetSize of job (KB)
...
006 (4430510.604.000) 09/09 11:30:36 Image size of job updated: 279120
	270  -  MemoryUsage of job (MB)
	275564  -  ResidentSetSize of job (KB)
...
006 (4430510.604.000) 09/09 11:35:36 Image size of job updated: 279264
	270  -  MemoryUsage of job (MB)
	275620  -  ResidentSetSize of job (KB)
...
006 (4430510.604.000) 09/09 12:50:46 Image size of job updated: 279812
	270  -  MemoryUsage of job (MB)
	276164  -  ResidentSetSize of job (KB)
...
005 (4430510.604.000) 09/09 13:02:42 Job terminated.
	(1) Normal termination (return value 0)
		Usr 0 22:37:45, Sys 0 00:06:27  -  Run Remote Usage
		Usr 0 00:00:00, Sys 0 00:00:00  -  Run Local Usage
		Usr 0 22:37:45, Sys 0 00:06:27  -  Total Remote Usage
		Usr 0 00:00:00, Sys 0 00:00:00  -  Total Local Usage
	3534722  -  Run Bytes Sent By Job
	17284  -  Run Bytes Received By Job
	3534722  -  Total Bytes Sent By Job
	17284  -  Total Bytes Received By Job
	Partitionable Resources :    Usage  Request Allocated
	   Cpus                 :                 1         1
	   Disk (KB)            : 20541285 26214400  27445552
	   Ioheavy              :                           1
	   Memory (MB)          :      270      300       300
...
