000 (4430510.286.000) 09/08 09:59:23 Job submitted from host: <128.105.244.190:9618?addrs=128.105.244.190-9618&noUDP&sock=2714685_05e2_3>
...
001 (4430510.286.000) 09/08 11:26:22 Job executing on host: <128.105.245.181:9618?addrs=128.105.245.181-9618+[--1]-9618&noUDP&sock=5576_31a8_3>
...
006 (4430510.286.000) 09/08 11:26:31 Image size of job updated: 476
	1  -  MemoryUsage of job (MB)
	476  -  ResidentSetSize of job (KB)
...
006 (4430510.286.000) 09/08 11:31:31 Image size of job updated: 548
	1  -  MemoryUsage of job (MB)
	548  -  ResidentSetSize of job (KB)
...
006 (4430510.286.000) 09/08 12:41:36 Image size of job updated: 164600
	157  -  MemoryUsage of job (MB)
	160200  -  ResidentSetSize of job (KB)
...
006 (4430510.286.000) 09/08 12:46:36 Image size of job updated: 199528
	191  -  MemoryUsage of job (MB)
	195164  -  ResidentSetSize of job (KB)
...
006 (4430510.286.000) 09/08 12:51:38 Image size of job updated: 199588
	191  -  MemoryUsage of job (MB)
	195176  -  ResidentSetSize of job (KB)
...
006 (4430510.286.000) 09/08 12:56:39 Image size of job updated: 208980
	200  -  MemoryUsage of job (MB)
	204616  -  ResidentSetSize of job (KB)
...
006 (4430510.286.000) 09/08 13:01:39 Image size of job updated: 209032
	200  -  MemoryUsage of job (MB)
	204628  -  ResidentSetSize of job (KB)
...
006 (4430510.286.000) 09/08 13:06:39 Image size of job updated: 216864
	208  -  MemoryUsage of job (MB)
	212452  -  ResidentSetSize of job (KB)
...
006 (4430510.286.000) 09/08 13:16:41 Image size of job updated: 218196
	209  -  MemoryUsage of job (MB)
	213788  -  ResidentSetSize of job (KB)
...
006 (4430510.286.000) 09/08 13:26:42 Image size of job updated: 219072
	210  -  MemoryUsage of job (MB)
	214660  -  ResidentSetSize of job (KB)
...
006 (4430510.286.000) 09/08 13:36:44 Image size of job updated: 245652
	236  -  MemoryUsage of job (MB)
	241244  -  ResidentSetSize of job (KB)
...
006 (4430510.286.000) 09/08 13:46:45 Image size of job updated: 249996
	240  -  MemoryUsage of job (MB)
	245676  -  ResidentSetSize of job (KB)
...
006 (4430510.286.000) 09/08 13:51:45 Image size of job updated: 250140
	240  -  MemoryUsage of job (MB)
	245728  -  ResidentSetSize of job (KB)
...
006 (4430510.286.000) 09/08 14:06:46 Image size of job updated: 250216
	241  -  MemoryUsage of job (MB)
	245808  -  ResidentSetSize of job (KB)
...
006 (4430510.286.000) 09/08 14:11:47 Image size of job updated: 250224
	241  -  MemoryUsage of job (MB)
	245808  -  ResidentSetSize of job (KB)
...
006 (4430510.286.000) 09/08 14:21:47 Image size of job updated: 254948
	245  -  MemoryUsage of job (MB)
	250540  -  ResidentSetSize of job (KB)
...
006 (4430510.286.000) 09/08 14:26:47 Image size of job updated: 254952
	245  -  MemoryUsage of job (MB)
	250540  -  ResidentSetSize of job (KB)
...
006 (4430510.286.000) 09/08 14:36:50 Image size of job updated: 255128
	245  -  MemoryUsage of job (MB)
	250756  -  ResidentSetSize of job (KB)
...
006 (4430510.286.000) 09/08 14:41:50 Image size of job updated: 255180
	245  -  MemoryUsage of job (MB)
	250768  -  ResidentSetSize of job (KB)
...
006 (4430510.286.000) 09/08 14:51:50 Image size of job updated: 257688
	248  -  MemoryUsage of job (MB)
	253284  -  ResidentSetSize of job (KB)
...
006 (4430510.286.000) 09/08 14:56:50 Image size of job updated: 257696
	248  -  MemoryUsage of job (MB)
	253284  -  ResidentSetSize of job (KB)
...
006 (4430510.286.000) 09/08 15:06:52 Image size of job updated: 258764
	249  -  MemoryUsage of job (MB)
	254396  -  ResidentSetSize of job (KB)
...
006 (4430510.286.000) 09/08 15:11:52 Image size of job updated: 258820
	249  -  MemoryUsage of job (MB)
	254408  -  ResidentSetSize of job (KB)
...
006 (4430510.286.000) 09/08 15:21:53 Image size of job updated: 260544
	251  -  MemoryUsage of job (MB)
	256172  -  ResidentSetSize of job (KB)
...
006 (4430510.286.000) 09/08 15:26:53 Image size of job updated: 260596
	251  -  MemoryUsage of job (MB)
	256184  -  ResidentSetSize of job (KB)
...
006 (4430510.286.000) 09/08 15:36:55 Image size of job updated: 263320
	253  -  MemoryUsage of job (MB)
	259000  -  ResidentSetSize of job (KB)
...
006 (4430510.286.000) 09/08 15:41:55 Image size of job updated: 263464
	253  -  MemoryUsage of job (MB)
	259052  -  ResidentSetSize of job (KB)
...
006 (4430510.286.000) 09/08 16:47:01 Image size of job updated: 264184
	254  -  MemoryUsage of job (MB)
	259812  -  ResidentSetSize of job (KB)
...
006 (4430510.286.000) 09/08 16:52:02 Image size of job updated: 264236
	254  -  MemoryUsage of job (MB)
	259824  -  ResidentSetSize of job (KB)
...
006 (4430510.286.000) 09/08 17:22:04 Image size of job updated: 264696
	255  -  MemoryUsage of job (MB)
	260324  -  ResidentSetSize of job (KB)
...
006 (4430510.286.000) 09/08 17:27:06 Image size of job updated: 264748
	255  -  MemoryUsage of job (MB)
	260336  -  ResidentSetSize of job (KB)
...
006 (4430510.286.000) 09/08 17:32:06 Image size of job updated: 264836
	255  -  MemoryUsage of job (MB)
	260424  -  ResidentSetSize of job (KB)
...
006 (4430510.286.000) 09/08 17:52:09 Image size of job updated: 265660
	256  -  MemoryUsage of job (MB)
	261336  -  ResidentSetSize of job (KB)
...
006 (4430510.286.000) 09/08 17:57:09 Image size of job updated: 265800
	256  -  MemoryUsage of job (MB)
	261388  -  ResidentSetSize of job (KB)
...
006 (4430510.286.000) 09/08 18:22:11 Image size of job updated: 266312
	256  -  MemoryUsage of job (MB)
	261724  -  ResidentSetSize of job (KB)
...
006 (4430510.286.000) 09/08 18:27:11 Image size of job updated: 267168
	257  -  MemoryUsage of job (MB)
	262760  -  ResidentSetSize of job (KB)
...
006 (4430510.286.000) 09/08 18:32:12 Image size of job updated: 267172
	257  -  MemoryUsage of job (MB)
	262760  -  ResidentSetSize of job (KB)
...
006 (4430510.286.000) 09/08 18:37:12 Image size of job updated: 267972
	258  -  MemoryUsage of job (MB)
	263560  -  ResidentSetSize of job (KB)
...
006 (4430510.286.000) 09/08 18:42:12 Image size of job updated: 268484
	258  -  MemoryUsage of job (MB)
	264160  -  ResidentSetSize of job (KB)
...
006 (4430510.286.000) 09/08 18:47:13 Image size of job updated: 268624
	259  -  MemoryUsage of job (MB)
	264212  -  ResidentSetSize of job (KB)
...
006 (4430510.286.000) 09/08 19:57:21 Image size of job updated: 268928
	259  -  MemoryUsage of job (MB)
	264212  -  ResidentSetSize of job (KB)
...
006 (4430510.286.000) 09/08 20:02:22 Image size of job updated: 268980
	259  -  MemoryUsage of job (MB)
	264212  -  ResidentSetSize of job (KB)
...
006 (4430510.286.000) 09/08 20:12:22 Image size of job updated: 269808
	259  -  MemoryUsage of job (MB)
	265072  -  ResidentSetSize of job (KB)
...
006 (4430510.286.000) 09/08 20:17:24 Image size of job updated: 269860
	259  -  MemoryUsage of job (MB)
	265084  -  ResidentSetSize of job (KB)
...
006 (4430510.286.000) 09/08 20:42:26 Image size of job updated: 270528
	260  -  MemoryUsage of job (MB)
	265756  -  ResidentSetSize of job (KB)
...
006 (4430510.286.000) 09/08 20:47:26 Image size of job updated: 270532
	260  -  MemoryUsage of job (MB)
	265756  -  ResidentSetSize of job (KB)
...
006 (4430510.286.000) 09/08 20:57:28 Image size of job updated: 270692
	260  -  MemoryUsage of job (MB)
	265916  -  ResidentSetSize of job (KB)
...
006 (4430510.286.000) 09/08 21:27:31 Image size of job updated: 271556
	261  -  MemoryUsage of job (MB)
	266820  -  ResidentSetSize of job (KB)
...
006 (4430510.286.000) 09/08 21:32:33 Image size of job updated: 271608
	261  -  MemoryUsage of job (MB)
	266832  -  ResidentSetSize of job (KB)
...
006 (4430510.286.000) 09/08 22:07:37 Image size of job updated: 272736
	261  -  MemoryUsage of job (MB)
	266832  -  ResidentSetSize of job (KB)
...
006 (4430510.286.000) 09/08 22:37:40 Image size of job updated: 272824
	261  -  MemoryUsage of job (MB)
	266832  -  ResidentSetSize of job (KB)
...
006 (4430510.286.000) 09/08 22:42:42 Image size of job updated: 272968
	261  -  MemoryUsage of job (MB)
	266832  -  ResidentSetSize of job (KB)
...
006 (4430510.286.000) 09/09 01:07:57 Image size of job updated: 275124
	261  -  MemoryUsage of job (MB)
	266832  -  ResidentSetSize of job (KB)
...
006 (4430510.286.000) 09/09 01:12:58 Image size of job updated: 275128
	261  -  MemoryUsage of job (MB)
	266832  -  ResidentSetSize of job (KB)
...
006 (4430510.286.000) 09/09 01:38:00 Image size of job updated: 275492
	261  -  MemoryUsage of job (MB)
	266832  -  ResidentSetSize of job (KB)
...
006 (4430510.286.000) 09/09 01:43:01 Image size of job updated: 275544
	261  -  MemoryUsage of job (MB)
	266832  -  ResidentSetSize of job (KB)
...
006 (4430510.286.000) 09/09 01:53:02 Image size of job updated: 275884
	261  -  MemoryUsage of job (MB)
	266832  -  ResidentSetSize of job (KB)
...
006 (4430510.286.000) 09/09 01:58:02 Image size of job updated: 275936
	261  -  MemoryUsage of job (MB)
	266832  -  ResidentSetSize of job (KB)
...
006 (4430510.286.000) 09/09 02:13:04 Image size of job updated: 276084
	261  -  MemoryUsage of job (MB)
	266832  -  ResidentSetSize of job (KB)
...
006 (4430510.286.000) 09/09 02:58:09 Image size of job updated: 276348
	261  -  MemoryUsage of job (MB)
	266832  -  ResidentSetSize of job (KB)
...
006 (4430510.286.000) 09/09 03:03:09 Image size of job updated: 276864
	261  -  MemoryUsage of job (MB)
	266832  -  ResidentSetSize of job (KB)
...
006 (4430510.286.000) 09/09 03:08:10 Image size of job updated: 276868
	261  -  MemoryUsage of job (MB)
	266832  -  ResidentSetSize of job (KB)
...
006 (4430510.286.000) 09/09 03:53:14 Image size of job updated: 277012
	261  -  MemoryUsage of job (MB)
	266832  -  ResidentSetSize of job (KB)
...
006 (4430510.286.000) 09/09 03:58:14 Image size of job updated: 277152
	261  -  MemoryUsage of job (MB)
	266832  -  ResidentSetSize of job (KB)
...
006 (4430510.286.000) 09/09 04:13:16 Image size of job updated: 277460
	261  -  MemoryUsage of job (MB)
	266832  -  ResidentSetSize of job (KB)
...
006 (4430510.286.000) 09/09 04:18:16 Image size of job updated: 277464
	261  -  MemoryUsage of job (MB)
	266832  -  ResidentSetSize of job (KB)
...
006 (4430510.286.000) 09/09 04:28:17 Image size of job updated: 277848
	261  -  MemoryUsage of job (MB)
	266832  -  ResidentSetSize of job (KB)
...
006 (4430510.286.000) 09/09 04:33:19 Image size of job updated: 277900
	261  -  MemoryUsage of job (MB)
	266832  -  ResidentSetSize of job (KB)
...
006 (4430510.286.000) 09/09 06:48:29 Image size of job updated: 278172
	261  -  MemoryUsage of job (MB)
	266832  -  ResidentSetSize of job (KB)
...
006 (4430510.286.000) 09/09 06:53:30 Image size of job updated: 278176
	261  -  MemoryUsage of job (MB)
	266832  -  ResidentSetSize of job (KB)
...
006 (4430510.286.000) 09/09 07:08:31 Image size of job updated: 278188
	261  -  MemoryUsage of job (MB)
	266832  -  ResidentSetSize of job (KB)
...
006 (4430510.286.000) 09/09 07:18:33 Image size of job updated: 281804
	261  -  MemoryUsage of job (MB)
	266832  -  ResidentSetSize of job (KB)
...
006 (4430510.286.000) 09/09 07:23:33 Image size of job updated: 281860
	261  -  MemoryUsage of job (MB)
	266832  -  ResidentSetSize of job (KB)
...
006 (4430510.286.000) 09/09 08:18:38 Image size of job updated: 281864
	261  -  MemoryUsage of job (MB)
	266832  -  ResidentSetSize of job (KB)
...
006 (4430510.286.000) 09/09 08:38:40 Image size of job updated: 283976
	261  -  MemoryUsage of job (MB)
	266832  -  ResidentSetSize of job (KB)
...
006 (4430510.286.000) 09/09 08:43:40 Image size of job updated: 283980
	261  -  MemoryUsage of job (MB)
	266832  -  ResidentSetSize of job (KB)
...
006 (4430510.286.000) 09/09 08:53:41 Image size of job updated: 284184
	261  -  MemoryUsage of job (MB)
	266832  -  ResidentSetSize of job (KB)
...
006 (4430510.286.000) 09/09 08:58:42 Image size of job updated: 284236
	261  -  MemoryUsage of job (MB)
	266832  -  ResidentSetSize of job (KB)
...
005 (4430510.286.000) 09/09 10:06:34 Job terminated.
	(1) Normal termination (return value 0)
		Usr 0 20:57:09, Sys 0 00:04:59  -  Run Remote Usage
		Usr 0 00:00:00, Sys 0 00:00:00  -  Run Local Usage
		Usr 0 20:57:09, Sys 0 00:04:59  -  Total Remote Usage
		Usr 0 00:00:00, Sys 0 00:00:00  -  Total Local Usage
	3537373  -  Run Bytes Sent By Job
	17284  -  Run Bytes Received By Job
	3537373  -  Total Bytes Sent By Job
	17284  -  Total Bytes Received By Job
	Partitionable Resources :    Usage  Request Allocated
	   Cpus                 :                 1         1
	   Disk (KB)            : 22188371 26214400  27389912
	   Ioheavy              :                           1
	   Memory (MB)          :      261      300       300
...
