000 (4430510.537.000) 09/08 09:59:23 Job submitted from host: <128.105.244.190:9618?addrs=128.105.244.190-9618&noUDP&sock=2714685_05e2_3>
...
001 (4430510.537.000) 09/08 11:50:43 Job executing on host: <128.105.245.186:9618?addrs=128.105.245.186-9618+[--1]-9618&noUDP&sock=5527_a172_7>
...
006 (4430510.537.000) 09/08 11:50:52 Image size of job updated: 476
	1  -  MemoryUsage of job (MB)
	476  -  ResidentSetSize of job (KB)
...
006 (4430510.537.000) 09/08 12:00:53 Image size of job updated: 544
	1  -  MemoryUsage of job (MB)
	544  -  ResidentSetSize of job (KB)
...
006 (4430510.537.000) 09/08 13:15:58 Image size of job updated: 32132
	31  -  MemoryUsage of job (MB)
	31152  -  ResidentSetSize of job (KB)
...
006 (4430510.537.000) 09/08 13:21:13 Image size of job updated: 104060
	98  -  MemoryUsage of job (MB)
	100292  -  ResidentSetSize of job (KB)
...
006 (4430510.537.000) 09/08 13:26:01 Image size of job updated: 204628
	196  -  MemoryUsage of job (MB)
	200220  -  ResidentSetSize of job (KB)
...
006 (4430510.537.000) 09/08 13:31:01 Image size of job updated: 209652
	201  -  MemoryUsage of job (MB)
	205248  -  ResidentSetSize of job (KB)
...
006 (4430510.537.000) 09/08 13:36:01 Image size of job updated: 216212
	207  -  MemoryUsage of job (MB)
	211808  -  ResidentSetSize of job (KB)
...
006 (4430510.537.000) 09/08 13:46:02 Image size of job updated: 219312
	210  -  MemoryUsage of job (MB)
	214904  -  ResidentSetSize of job (KB)
...
006 (4430510.537.000) 09/08 14:01:04 Image size of job updated: 242380
	233  -  MemoryUsage of job (MB)
	237972  -  ResidentSetSize of job (KB)
...
006 (4430510.537.000) 09/08 14:21:06 Image size of job updated: 250884
	241  -  MemoryUsage of job (MB)
	246476  -  ResidentSetSize of job (KB)
...
006 (4430510.537.000) 09/08 14:31:06 Image size of job updated: 253248
	244  -  MemoryUsage of job (MB)
	248840  -  ResidentSetSize of job (KB)
...
006 (4430510.537.000) 09/08 14:36:08 Image size of job updated: 253636
	244  -  MemoryUsage of job (MB)
	249320  -  ResidentSetSize of job (KB)
...
006 (4430510.537.000) 09/08 14:41:08 Image size of job updated: 253780
	244  -  MemoryUsage of job (MB)
	249372  -  ResidentSetSize of job (KB)
...
006 (4430510.537.000) 09/08 14:46:08 Image size of job updated: 255628
	246  -  MemoryUsage of job (MB)
	251260  -  ResidentSetSize of job (KB)
...
006 (4430510.537.000) 09/08 14:51:08 Image size of job updated: 255680
	246  -  MemoryUsage of job (MB)
	251272  -  ResidentSetSize of job (KB)
...
006 (4430510.537.000) 09/08 14:56:08 Image size of job updated: 257564
	248  -  MemoryUsage of job (MB)
	253160  -  ResidentSetSize of job (KB)
...
006 (4430510.537.000) 09/08 15:01:11 Image size of job updated: 257572
	248  -  MemoryUsage of job (MB)
	253160  -  ResidentSetSize of job (KB)
...
006 (4430510.537.000) 09/08 15:06:10 Image size of job updated: 259464
	250  -  MemoryUsage of job (MB)
	255060  -  ResidentSetSize of job (KB)
...
006 (4430510.537.000) 09/08 15:11:10 Image size of job updated: 259468
	250  -  MemoryUsage of job (MB)
	255060  -  ResidentSetSize of job (KB)
...
006 (4430510.537.000) 09/08 15:26:12 Image size of job updated: 260572
	251  -  MemoryUsage of job (MB)
	256172  -  ResidentSetSize of job (KB)
...
006 (4430510.537.000) 09/08 15:31:12 Image size of job updated: 260580
	251  -  MemoryUsage of job (MB)
	256172  -  ResidentSetSize of job (KB)
...
006 (4430510.537.000) 09/08 15:36:13 Image size of job updated: 261272
	251  -  MemoryUsage of job (MB)
	256864  -  ResidentSetSize of job (KB)
...
006 (4430510.537.000) 09/08 16:31:18 Image size of job updated: 262216
	251  -  MemoryUsage of job (MB)
	256864  -  ResidentSetSize of job (KB)
...
006 (4430510.537.000) 09/08 16:36:18 Image size of job updated: 262356
	251  -  MemoryUsage of job (MB)
	256864  -  ResidentSetSize of job (KB)
...
006 (4430510.537.000) 09/08 16:56:21 Image size of job updated: 263484
	251  -  MemoryUsage of job (MB)
	256864  -  ResidentSetSize of job (KB)
...
006 (4430510.537.000) 09/08 17:01:21 Image size of job updated: 263488
	251  -  MemoryUsage of job (MB)
	256864  -  ResidentSetSize of job (KB)
...
006 (4430510.537.000) 09/08 18:01:28 Image size of job updated: 266244
	251  -  MemoryUsage of job (MB)
	256864  -  ResidentSetSize of job (KB)
...
006 (4430510.537.000) 09/08 18:06:28 Image size of job updated: 266248
	251  -  MemoryUsage of job (MB)
	256864  -  ResidentSetSize of job (KB)
...
006 (4430510.537.000) 09/08 18:16:31 Image size of job updated: 266404
	251  -  MemoryUsage of job (MB)
	256864  -  ResidentSetSize of job (KB)
...
006 (4430510.537.000) 09/08 18:51:34 Image size of job updated: 266456
	251  -  MemoryUsage of job (MB)
	256864  -  ResidentSetSize of job (KB)
...
006 (4430510.537.000) 09/08 18:56:34 Image size of job updated: 266460
	251  -  MemoryUsage of job (MB)
	256864  -  ResidentSetSize of job (KB)
...
006 (4430510.537.000) 09/08 19:01:36 Image size of job updated: 267964
	251  -  MemoryUsage of job (MB)
	256864  -  ResidentSetSize of job (KB)
...
006 (4430510.537.000) 09/08 19:06:36 Image size of job updated: 268016
	251  -  MemoryUsage of job (MB)
	256864  -  ResidentSetSize of job (KB)
...
006 (4430510.537.000) 09/08 19:26:37 Image size of job updated: 268092
	251  -  MemoryUsage of job (MB)
	256864  -  ResidentSetSize of job (KB)
...
006 (4430510.537.000) 09/08 19:31:37 Image size of job updated: 268096
	251  -  MemoryUsage of job (MB)
	256864  -  ResidentSetSize of job (KB)
...
006 (4430510.537.000) 09/08 19:51:39 Image size of job updated: 268980
	251  -  MemoryUsage of job (MB)
	256864  -  ResidentSetSize of job (KB)
...
006 (4430510.537.000) 09/08 19:56:40 Image size of job updated: 269712
	251  -  MemoryUsage of job (MB)
	256864  -  ResidentSetSize of job (KB)
...
006 (4430510.537.000) 09/08 20:26:41 Image size of job updated: 272872
	251  -  MemoryUsage of job (MB)
	256864  -  ResidentSetSize of job (KB)
...
006 (4430510.537.000) 09/08 22:36:57 Image size of job updated: 274900
	251  -  MemoryUsage of job (MB)
	256864  -  ResidentSetSize of job (KB)
...
006 (4430510.537.000) 09/08 22:41:57 Image size of job updated: 274952
	251  -  MemoryUsage of job (MB)
	256864  -  ResidentSetSize of job (KB)
...
006 (4430510.537.000) 09/09 00:52:12 Image size of job updated: 275964
	251  -  MemoryUsage of job (MB)
	256864  -  ResidentSetSize of job (KB)
...
006 (4430510.537.000) 09/09 01:47:16 Image size of job updated: 276348
	251  -  MemoryUsage of job (MB)
	256864  -  ResidentSetSize of job (KB)
...
006 (4430510.537.000) 09/09 01:52:16 Image size of job updated: 276488
	251  -  MemoryUsage of job (MB)
	256864  -  ResidentSetSize of job (KB)
...
006 (4430510.537.000) 09/09 02:22:19 Image size of job updated: 277360
	251  -  MemoryUsage of job (MB)
	256864  -  ResidentSetSize of job (KB)
...
006 (4430510.537.000) 09/09 02:27:19 Image size of job updated: 277364
	251  -  MemoryUsage of job (MB)
	256864  -  ResidentSetSize of job (KB)
...
006 (4430510.537.000) 09/09 02:52:22 Image size of job updated: 277988
	251  -  MemoryUsage of job (MB)
	256864  -  ResidentSetSize of job (KB)
...
006 (4430510.537.000) 09/09 02:57:22 Image size of job updated: 278044
	251  -  MemoryUsage of job (MB)
	256864  -  ResidentSetSize of job (KB)
...
006 (4430510.537.000) 09/09 04:32:33 Image size of job updated: 278504
	251  -  MemoryUsage of job (MB)
	256864  -  ResidentSetSize of job (KB)
...
006 (4430510.537.000) 09/09 04:37:34 Image size of job updated: 278556
	251  -  MemoryUsage of job (MB)
	256864  -  ResidentSetSize of job (KB)
...
006 (4430510.537.000) 09/09 04:47:34 Image size of job updated: 279576
	251  -  MemoryUsage of job (MB)
	256864  -  ResidentSetSize of job (KB)
...
006 (4430510.537.000) 09/09 04:52:36 Image size of job updated: 279628
	251  -  MemoryUsage of job (MB)
	256864  -  ResidentSetSize of job (KB)
...
006 (4430510.537.000) 09/09 05:57:42 Image size of job updated: 279688
	251  -  MemoryUsage of job (MB)
	256864  -  ResidentSetSize of job (KB)
...
006 (4430510.537.000) 09/09 06:02:42 Image size of job updated: 279692
	251  -  MemoryUsage of job (MB)
	256864  -  ResidentSetSize of job (KB)
...
006 (4430510.537.000) 09/09 06:47:45 Image size of job updated: 280836
	251  -  MemoryUsage of job (MB)
	256864  -  ResidentSetSize of job (KB)
...
006 (4430510.537.000) 09/09 06:52:45 Image size of job updated: 280892
	251  -  MemoryUsage of job (MB)
	256864  -  ResidentSetSize of job (KB)
...
006 (4430510.537.000) 09/09 07:17:48 Image size of job updated: 282572
	251  -  MemoryUsage of job (MB)
	256864  -  ResidentSetSize of job (KB)
...
006 (4430510.537.000) 09/09 07:22:48 Image size of job updated: 282628
	251  -  MemoryUsage of job (MB)
	256864  -  ResidentSetSize of job (KB)
...
006 (4430510.537.000) 09/09 07:27:48 Image size of job updated: 282632
	251  -  MemoryUsage of job (MB)
	256864  -  ResidentSetSize of job (KB)
...
005 (4430510.537.000) 09/09 07:47:07 Job terminated.
	(1) Normal termination (return value 0)
		Usr 0 17:57:00, Sys 0 00:05:52  -  Run Remote Usage
		Usr 0 00:00:00, Sys 0 00:00:00  -  Run Local Usage
		Usr 0 17:57:00, Sys 0 00:05:52  -  Total Remote Usage
		Usr 0 00:00:00, Sys 0 00:00:00  -  Total Local Usage
	3535207  -  Run Bytes Sent By Job
	17284  -  Run Bytes Received By Job
	3535207  -  Total Bytes Sent By Job
	17284  -  Total Bytes Received By Job
	Partitionable Resources :    Usage  Request Allocated
	   Cpus                 :                 1         1
	   Disk (KB)            : 21732863 26214400  26868400
	   Ioheavy              :                           1
	   Memory (MB)          :      251      300       300
...
