000 (4430510.570.000) 09/08 09:59:23 Job submitted from host: <128.105.244.190:9618?addrs=128.105.244.190-9618&noUDP&sock=2714685_05e2_3>
...
001 (4430510.570.000) 09/08 11:53:07 Job executing on host: <128.105.245.47:9618?addrs=128.105.245.47-9618+[--1]-9618&noUDP&sock=10267_8977_3>
...
006 (4430510.570.000) 09/08 11:53:16 Image size of job updated: 556
	1  -  MemoryUsage of job (MB)
	472  -  ResidentSetSize of job (KB)
...
006 (4430510.570.000) 09/08 12:38:33 Image size of job updated: 15408
	14  -  MemoryUsage of job (MB)
	14320  -  ResidentSetSize of job (KB)
...
006 (4430510.570.000) 09/08 12:43:35 Image size of job updated: 62872
	52  -  MemoryUsage of job (MB)
	52896  -  ResidentSetSize of job (KB)
...
006 (4430510.570.000) 09/08 12:48:24 Image size of job updated: 185148
	139  -  MemoryUsage of job (MB)
	141724  -  ResidentSetSize of job (KB)
...
006 (4430510.570.000) 09/08 12:53:25 Image size of job updated: 207440
	178  -  MemoryUsage of job (MB)
	181420  -  ResidentSetSize of job (KB)
...
006 (4430510.570.000) 09/08 12:58:26 Image size of job updated: 211828
	182  -  MemoryUsage of job (MB)
	185808  -  ResidentSetSize of job (KB)
...
006 (4430510.570.000) 09/08 13:08:26 Image size of job updated: 218964
	189  -  MemoryUsage of job (MB)
	193032  -  ResidentSetSize of job (KB)
...
006 (4430510.570.000) 09/08 13:13:26 Image size of job updated: 219112
	189  -  MemoryUsage of job (MB)
	193092  -  ResidentSetSize of job (KB)
...
006 (4430510.570.000) 09/08 13:18:29 Image size of job updated: 244784
	214  -  MemoryUsage of job (MB)
	218760  -  ResidentSetSize of job (KB)
...
006 (4430510.570.000) 09/08 13:23:28 Image size of job updated: 248608
	218  -  MemoryUsage of job (MB)
	222632  -  ResidentSetSize of job (KB)
...
006 (4430510.570.000) 09/08 13:28:30 Image size of job updated: 248672
	218  -  MemoryUsage of job (MB)
	222632  -  ResidentSetSize of job (KB)
...
006 (4430510.570.000) 09/08 13:33:29 Image size of job updated: 251252
	220  -  MemoryUsage of job (MB)
	225272  -  ResidentSetSize of job (KB)
...
006 (4430510.570.000) 09/08 13:38:29 Image size of job updated: 251696
	221  -  MemoryUsage of job (MB)
	225676  -  ResidentSetSize of job (KB)
...
006 (4430510.570.000) 09/08 13:43:30 Image size of job updated: 252828
	222  -  MemoryUsage of job (MB)
	226848  -  ResidentSetSize of job (KB)
...
006 (4430510.570.000) 09/08 13:48:31 Image size of job updated: 252888
	222  -  MemoryUsage of job (MB)
	226868  -  ResidentSetSize of job (KB)
...
006 (4430510.570.000) 09/08 13:53:35 Image size of job updated: 255976
	223  -  MemoryUsage of job (MB)
	227624  -  ResidentSetSize of job (KB)
...
006 (4430510.570.000) 09/08 14:03:33 Image size of job updated: 258392
	227  -  MemoryUsage of job (MB)
	232412  -  ResidentSetSize of job (KB)
...
006 (4430510.570.000) 09/08 14:08:34 Image size of job updated: 258540
	227  -  MemoryUsage of job (MB)
	232432  -  ResidentSetSize of job (KB)
...
006 (4430510.570.000) 09/08 14:13:35 Image size of job updated: 260208
	229  -  MemoryUsage of job (MB)
	234228  -  ResidentSetSize of job (KB)
...
006 (4430510.570.000) 09/08 14:18:36 Image size of job updated: 260272
	229  -  MemoryUsage of job (MB)
	234248  -  ResidentSetSize of job (KB)
...
006 (4430510.570.000) 09/08 14:38:35 Image size of job updated: 260272
	230  -  MemoryUsage of job (MB)
	234888  -  ResidentSetSize of job (KB)
...
006 (4430510.570.000) 09/08 14:43:37 Image size of job updated: 260272
	230  -  MemoryUsage of job (MB)
	234948  -  ResidentSetSize of job (KB)
...
006 (4430510.570.000) 09/08 15:03:38 Image size of job updated: 260588
	230  -  MemoryUsage of job (MB)
	235356  -  ResidentSetSize of job (KB)
...
006 (4430510.570.000) 09/08 15:08:40 Image size of job updated: 260648
	230  -  MemoryUsage of job (MB)
	235376  -  ResidentSetSize of job (KB)
...
006 (4430510.570.000) 09/08 15:28:41 Image size of job updated: 260792
	231  -  MemoryUsage of job (MB)
	235524  -  ResidentSetSize of job (KB)
...
006 (4430510.570.000) 09/08 15:33:42 Image size of job updated: 260796
	231  -  MemoryUsage of job (MB)
	235524  -  ResidentSetSize of job (KB)
...
006 (4430510.570.000) 09/08 15:38:42 Image size of job updated: 261500
	231  -  MemoryUsage of job (MB)
	236268  -  ResidentSetSize of job (KB)
...
006 (4430510.570.000) 09/08 15:43:42 Image size of job updated: 261724
	231  -  MemoryUsage of job (MB)
	236452  -  ResidentSetSize of job (KB)
...
006 (4430510.570.000) 09/08 15:53:43 Image size of job updated: 262716
	231  -  MemoryUsage of job (MB)
	236452  -  ResidentSetSize of job (KB)
...
006 (4430510.570.000) 09/08 15:58:45 Image size of job updated: 262764
	231  -  MemoryUsage of job (MB)
	236452  -  ResidentSetSize of job (KB)
...
006 (4430510.570.000) 09/08 17:03:51 Image size of job updated: 263124
	231  -  MemoryUsage of job (MB)
	236452  -  ResidentSetSize of job (KB)
...
006 (4430510.570.000) 09/08 17:08:52 Image size of job updated: 263184
	231  -  MemoryUsage of job (MB)
	236452  -  ResidentSetSize of job (KB)
...
006 (4430510.570.000) 09/08 23:14:34 Image size of job updated: 271204
	233  -  MemoryUsage of job (MB)
	237660  -  ResidentSetSize of job (KB)
...
006 (4430510.570.000) 09/08 23:29:33 Image size of job updated: 271232
	233  -  MemoryUsage of job (MB)
	237688  -  ResidentSetSize of job (KB)
...
006 (4430510.570.000) 09/09 00:39:40 Image size of job updated: 273872
	233  -  MemoryUsage of job (MB)
	237688  -  ResidentSetSize of job (KB)
...
006 (4430510.570.000) 09/09 01:39:46 Image size of job updated: 277488
	237  -  MemoryUsage of job (MB)
	242432  -  ResidentSetSize of job (KB)
...
006 (4430510.570.000) 09/09 01:44:47 Image size of job updated: 277548
	237  -  MemoryUsage of job (MB)
	242452  -  ResidentSetSize of job (KB)
...
006 (4430510.570.000) 09/09 01:54:47 Image size of job updated: 279200
	239  -  MemoryUsage of job (MB)
	244108  -  ResidentSetSize of job (KB)
...
006 (4430510.570.000) 09/09 01:59:48 Image size of job updated: 279204
	239  -  MemoryUsage of job (MB)
	244108  -  ResidentSetSize of job (KB)
...
006 (4430510.570.000) 09/09 02:39:53 Image size of job updated: 279492
	239  -  MemoryUsage of job (MB)
	244400  -  ResidentSetSize of job (KB)
...
006 (4430510.570.000) 09/09 03:35:00 Image size of job updated: 279656
	239  -  MemoryUsage of job (MB)
	244564  -  ResidentSetSize of job (KB)
...
006 (4430510.570.000) 09/09 04:10:04 Image size of job updated: 280160
	240  -  MemoryUsage of job (MB)
	245072  -  ResidentSetSize of job (KB)
...
006 (4430510.570.000) 09/09 04:15:04 Image size of job updated: 280168
	240  -  MemoryUsage of job (MB)
	245072  -  ResidentSetSize of job (KB)
...
006 (4430510.570.000) 09/09 04:35:08 Image size of job updated: 280256
	240  -  MemoryUsage of job (MB)
	245164  -  ResidentSetSize of job (KB)
...
006 (4430510.570.000) 09/09 04:45:08 Image size of job updated: 281144
	241  -  MemoryUsage of job (MB)
	246092  -  ResidentSetSize of job (KB)
...
006 (4430510.570.000) 09/09 04:50:09 Image size of job updated: 281204
	241  -  MemoryUsage of job (MB)
	246112  -  ResidentSetSize of job (KB)
...
005 (4430510.570.000) 09/09 05:48:32 Job terminated.
	(1) Normal termination (return value 0)
		Usr 0 16:13:35, Sys 0 00:06:53  -  Run Remote Usage
		Usr 0 00:00:00, Sys 0 00:00:00  -  Run Local Usage
		Usr 0 16:13:35, Sys 0 00:06:53  -  Total Remote Usage
		Usr 0 00:00:00, Sys 0 00:00:00  -  Total Local Usage
	3536880  -  Run Bytes Sent By Job
	17284  -  Run Bytes Received By Job
	3536880  -  Total Bytes Sent By Job
	17284  -  Total Bytes Received By Job
	Partitionable Resources :    Usage  Request Allocated
	   Cpus                 :                 1         1
	   Disk (KB)            : 20044402 26214400  31290844
	   Ioheavy              :                           1
	   Memory (MB)          :      241      300       300
...
