000 (4430510.464.000) 09/08 09:59:23 Job submitted from host: <128.105.244.190:9618?addrs=128.105.244.190-9618&noUDP&sock=2714685_05e2_3>
...
001 (4430510.464.000) 09/08 11:48:30 Job executing on host: <128.105.245.32:9618?addrs=128.105.245.32-9618+[--1]-9618&noUDP&sock=5017_880a_3>
...
006 (4430510.464.000) 09/08 11:48:38 Image size of job updated: 480
	1  -  MemoryUsage of job (MB)
	480  -  ResidentSetSize of job (KB)
...
006 (4430510.464.000) 09/08 11:58:38 Image size of job updated: 556
	1  -  MemoryUsage of job (MB)
	552  -  ResidentSetSize of job (KB)
...
006 (4430510.464.000) 09/08 12:50:34 Image size of job updated: 17456
	17  -  MemoryUsage of job (MB)
	16528  -  ResidentSetSize of job (KB)
...
006 (4430510.464.000) 09/08 13:01:39 Image size of job updated: 62400
	60  -  MemoryUsage of job (MB)
	61364  -  ResidentSetSize of job (KB)
...
006 (4430510.464.000) 09/08 13:14:40 Image size of job updated: 92724
	88  -  MemoryUsage of job (MB)
	89196  -  ResidentSetSize of job (KB)
...
006 (4430510.464.000) 09/08 13:25:34 Image size of job updated: 192888
	185  -  MemoryUsage of job (MB)
	188860  -  ResidentSetSize of job (KB)
...
006 (4430510.464.000) 09/08 13:35:46 Image size of job updated: 198016
	190  -  MemoryUsage of job (MB)
	194112  -  ResidentSetSize of job (KB)
...
006 (4430510.464.000) 09/08 13:43:53 Image size of job updated: 217628
	209  -  MemoryUsage of job (MB)
	213724  -  ResidentSetSize of job (KB)
...
006 (4430510.464.000) 09/08 14:10:54 Image size of job updated: 233552
	225  -  MemoryUsage of job (MB)
	229940  -  ResidentSetSize of job (KB)
...
006 (4430510.464.000) 09/08 14:26:03 Image size of job updated: 245624
	238  -  MemoryUsage of job (MB)
	242732  -  ResidentSetSize of job (KB)
...
006 (4430510.464.000) 09/08 14:30:57 Image size of job updated: 245692
	238  -  MemoryUsage of job (MB)
	242752  -  ResidentSetSize of job (KB)
...
006 (4430510.464.000) 09/08 15:01:01 Image size of job updated: 250564
	242  -  MemoryUsage of job (MB)
	247004  -  ResidentSetSize of job (KB)
...
006 (4430510.464.000) 09/08 15:06:05 Image size of job updated: 250712
	242  -  MemoryUsage of job (MB)
	247060  -  ResidentSetSize of job (KB)
...
006 (4430510.464.000) 09/08 15:16:13 Image size of job updated: 251000
	242  -  MemoryUsage of job (MB)
	247116  -  ResidentSetSize of job (KB)
...
006 (4430510.464.000) 09/08 15:36:54 Image size of job updated: 251572
	243  -  MemoryUsage of job (MB)
	248040  -  ResidentSetSize of job (KB)
...
006 (4430510.464.000) 09/08 15:41:40 Image size of job updated: 251572
	243  -  MemoryUsage of job (MB)
	248096  -  ResidentSetSize of job (KB)
...
006 (4430510.464.000) 09/08 16:23:29 Image size of job updated: 254804
	246  -  MemoryUsage of job (MB)
	251708  -  ResidentSetSize of job (KB)
...
006 (4430510.464.000) 09/08 16:30:20 Image size of job updated: 254808
	246  -  MemoryUsage of job (MB)
	251708  -  ResidentSetSize of job (KB)
...
006 (4430510.464.000) 09/08 16:41:08 Image size of job updated: 257204
	248  -  MemoryUsage of job (MB)
	253592  -  ResidentSetSize of job (KB)
...
006 (4430510.464.000) 09/08 16:46:51 Image size of job updated: 257204
	248  -  MemoryUsage of job (MB)
	253612  -  ResidentSetSize of job (KB)
...
006 (4430510.464.000) 09/08 16:52:21 Image size of job updated: 258248
	250  -  MemoryUsage of job (MB)
	255256  -  ResidentSetSize of job (KB)
...
006 (4430510.464.000) 09/08 17:00:26 Image size of job updated: 258564
	250  -  MemoryUsage of job (MB)
	255256  -  ResidentSetSize of job (KB)
...
006 (4430510.464.000) 09/08 19:30:31 Image size of job updated: 263860
	255  -  MemoryUsage of job (MB)
	260252  -  ResidentSetSize of job (KB)
...
006 (4430510.464.000) 09/08 19:35:38 Image size of job updated: 263860
	255  -  MemoryUsage of job (MB)
	260272  -  ResidentSetSize of job (KB)
...
006 (4430510.464.000) 09/08 21:37:23 Image size of job updated: 266700
	257  -  MemoryUsage of job (MB)
	263096  -  ResidentSetSize of job (KB)
...
006 (4430510.464.000) 09/08 21:42:32 Image size of job updated: 266752
	257  -  MemoryUsage of job (MB)
	263116  -  ResidentSetSize of job (KB)
...
006 (4430510.464.000) 09/08 23:02:31 Image size of job updated: 269316
	260  -  MemoryUsage of job (MB)
	265672  -  ResidentSetSize of job (KB)
...
006 (4430510.464.000) 09/08 23:07:36 Image size of job updated: 269320
	260  -  MemoryUsage of job (MB)
	265672  -  ResidentSetSize of job (KB)
...
006 (4430510.464.000) 09/09 01:02:43 Image size of job updated: 271780
	263  -  MemoryUsage of job (MB)
	268296  -  ResidentSetSize of job (KB)
...
006 (4430510.464.000) 09/09 01:07:43 Image size of job updated: 271780
	263  -  MemoryUsage of job (MB)
	268316  -  ResidentSetSize of job (KB)
...
006 (4430510.464.000) 09/09 02:02:50 Image size of job updated: 272516
	263  -  MemoryUsage of job (MB)
	268892  -  ResidentSetSize of job (KB)
...
006 (4430510.464.000) 09/09 02:07:50 Image size of job updated: 272520
	263  -  MemoryUsage of job (MB)
	268892  -  ResidentSetSize of job (KB)
...
006 (4430510.464.000) 09/09 05:28:09 Image size of job updated: 273812
	266  -  MemoryUsage of job (MB)
	271716  -  ResidentSetSize of job (KB)
...
006 (4430510.464.000) 09/09 05:33:10 Image size of job updated: 273820
	266  -  MemoryUsage of job (MB)
	271716  -  ResidentSetSize of job (KB)
...
006 (4430510.464.000) 09/09 08:28:31 Image size of job updated: 274956
	266  -  MemoryUsage of job (MB)
	271788  -  ResidentSetSize of job (KB)
...
006 (4430510.464.000) 09/09 08:33:31 Image size of job updated: 275016
	266  -  MemoryUsage of job (MB)
	271808  -  ResidentSetSize of job (KB)
...
006 (4430510.464.000) 09/09 14:39:10 Image size of job updated: 278776
	269  -  MemoryUsage of job (MB)
	275216  -  ResidentSetSize of job (KB)
...
006 (4430510.464.000) 09/09 14:44:10 Image size of job updated: 278836
	269  -  MemoryUsage of job (MB)
	275236  -  ResidentSetSize of job (KB)
...
005 (4430510.464.000) 09/09 14:52:54 Job terminated.
	(1) Normal termination (return value 0)
		Usr 1 00:33:33, Sys 0 00:07:05  -  Run Remote Usage
		Usr 0 00:00:00, Sys 0 00:00:00  -  Run Local Usage
		Usr 1 00:33:33, Sys 0 00:07:05  -  Total Remote Usage
		Usr 0 00:00:00, Sys 0 00:00:00  -  Total Local Usage
	3540182  -  Run Bytes Sent By Job
	17284  -  Run Bytes Received By Job
	3540182  -  Total Bytes Sent By Job
	17284  -  Total Bytes Received By Job
	Partitionable Resources :    Usage  Request Allocated
	   Cpus                 :                 1         1
	   Disk (KB)            : 22281275 26214400  29725590
	   Ioheavy              :                           1
	   Memory (MB)          :      269      300       300
...
