000 (4430510.765.000) 09/08 09:59:23 Job submitted from host: <128.105.244.190:9618?addrs=128.105.244.190-9618&noUDP&sock=2714685_05e2_3>
...
001 (4430510.765.000) 09/08 13:07:17 Job executing on host: <128.105.245.32:9618?addrs=128.105.245.32-9618+[--1]-9618&noUDP&sock=5017_880a_3>
...
006 (4430510.765.000) 09/08 13:07:26 Image size of job updated: 472
	1  -  MemoryUsage of job (MB)
	472  -  ResidentSetSize of job (KB)
...
006 (4430510.765.000) 09/08 13:12:53 Image size of job updated: 548
	1  -  MemoryUsage of job (MB)
	548  -  ResidentSetSize of job (KB)
...
006 (4430510.765.000) 09/08 13:22:30 Image size of job updated: 151700
	144  -  MemoryUsage of job (MB)
	147384  -  ResidentSetSize of job (KB)
...
006 (4430510.765.000) 09/08 13:32:33 Image size of job updated: 184332
	177  -  MemoryUsage of job (MB)
	180508  -  ResidentSetSize of job (KB)
...
006 (4430510.765.000) 09/08 13:42:36 Image size of job updated: 202756
	194  -  MemoryUsage of job (MB)
	198396  -  ResidentSetSize of job (KB)
...
006 (4430510.765.000) 09/08 14:01:26 Image size of job updated: 202756
	195  -  MemoryUsage of job (MB)
	198696  -  ResidentSetSize of job (KB)
...
006 (4430510.765.000) 09/08 14:10:57 Image size of job updated: 207404
	199  -  MemoryUsage of job (MB)
	203212  -  ResidentSetSize of job (KB)
...
006 (4430510.765.000) 09/08 14:32:42 Image size of job updated: 244404
	235  -  MemoryUsage of job (MB)
	240256  -  ResidentSetSize of job (KB)
...
006 (4430510.765.000) 09/08 15:23:29 Image size of job updated: 249564
	241  -  MemoryUsage of job (MB)
	245960  -  ResidentSetSize of job (KB)
...
006 (4430510.765.000) 09/08 15:28:24 Image size of job updated: 249624
	241  -  MemoryUsage of job (MB)
	245980  -  ResidentSetSize of job (KB)
...
006 (4430510.765.000) 09/08 15:44:12 Image size of job updated: 253644
	245  -  MemoryUsage of job (MB)
	250004  -  ResidentSetSize of job (KB)
...
006 (4430510.765.000) 09/08 16:47:19 Image size of job updated: 257748
	249  -  MemoryUsage of job (MB)
	254508  -  ResidentSetSize of job (KB)
...
006 (4430510.765.000) 09/08 19:17:44 Image size of job updated: 261584
	252  -  MemoryUsage of job (MB)
	257996  -  ResidentSetSize of job (KB)
...
006 (4430510.765.000) 09/08 20:56:00 Image size of job updated: 261692
	253  -  MemoryUsage of job (MB)
	258100  -  ResidentSetSize of job (KB)
...
006 (4430510.765.000) 09/08 21:01:28 Image size of job updated: 261760
	253  -  MemoryUsage of job (MB)
	258120  -  ResidentSetSize of job (KB)
...
006 (4430510.765.000) 09/09 06:23:16 Image size of job updated: 271800
	263  -  MemoryUsage of job (MB)
	268312  -  ResidentSetSize of job (KB)
...
006 (4430510.765.000) 09/09 06:28:18 Image size of job updated: 271800
	263  -  MemoryUsage of job (MB)
	268368  -  ResidentSetSize of job (KB)
...
006 (4430510.765.000) 09/09 07:23:21 Image size of job updated: 275056
	266  -  MemoryUsage of job (MB)
	271448  -  ResidentSetSize of job (KB)
...
006 (4430510.765.000) 09/09 07:28:22 Image size of job updated: 275116
	266  -  MemoryUsage of job (MB)
	271468  -  ResidentSetSize of job (KB)
...
005 (4430510.765.000) 09/09 14:44:03 Job terminated.
	(1) Normal termination (return value 0)
		Usr 1 00:07:15, Sys 0 00:07:00  -  Run Remote Usage
		Usr 0 00:00:00, Sys 0 00:00:00  -  Run Local Usage
		Usr 1 00:07:15, Sys 0 00:07:00  -  Total Remote Usage
		Usr 0 00:00:00, Sys 0 00:00:00  -  Total Local Usage
	3537564  -  Run Bytes Sent By Job
	17284  -  Run Bytes Received By Job
	3537564  -  Total Bytes Sent By Job
	17284  -  Total Bytes Received By Job
	Partitionable Resources :    Usage  Request Allocated
	   Cpus                 :                 1         1
	   Disk (KB)            : 18693013 26214400  34479516
	   Ioheavy              :                           1
	   Memory (MB)          :      266      300       300
...
