000 (4430510.223.000) 09/08 09:59:23 Job submitted from host: <128.105.244.190:9618?addrs=128.105.244.190-9618&noUDP&sock=2714685_05e2_3>
...
001 (4430510.223.000) 09/08 11:22:17 Job executing on host: <128.105.245.25:9618?addrs=128.105.245.25-9618+[--1]-9618&noUDP&sock=5226_f89a_3>
...
006 (4430510.223.000) 09/08 11:22:26 Image size of job updated: 468
	1  -  MemoryUsage of job (MB)
	468  -  ResidentSetSize of job (KB)
...
006 (4430510.223.000) 09/08 11:32:28 Image size of job updated: 544
	1  -  MemoryUsage of job (MB)
	544  -  ResidentSetSize of job (KB)
...
006 (4430510.223.000) 09/08 12:07:36 Image size of job updated: 153748
	146  -  MemoryUsage of job (MB)
	149192  -  ResidentSetSize of job (KB)
...
006 (4430510.223.000) 09/08 12:17:35 Image size of job updated: 180140
	172  -  MemoryUsage of job (MB)
	175592  -  ResidentSetSize of job (KB)
...
006 (4430510.223.000) 09/08 12:22:35 Image size of job updated: 202748
	194  -  MemoryUsage of job (MB)
	198244  -  ResidentSetSize of job (KB)
...
006 (4430510.223.000) 09/08 12:28:28 Image size of job updated: 202748
	194  -  MemoryUsage of job (MB)
	198264  -  ResidentSetSize of job (KB)
...
006 (4430510.223.000) 09/08 12:32:36 Image size of job updated: 208324
	200  -  MemoryUsage of job (MB)
	204476  -  ResidentSetSize of job (KB)
...
006 (4430510.223.000) 09/08 12:37:37 Image size of job updated: 208388
	200  -  MemoryUsage of job (MB)
	204496  -  ResidentSetSize of job (KB)
...
006 (4430510.223.000) 09/08 12:58:18 Image size of job updated: 218188
	210  -  MemoryUsage of job (MB)
	214356  -  ResidentSetSize of job (KB)
...
006 (4430510.223.000) 09/08 13:07:49 Image size of job updated: 226780
	218  -  MemoryUsage of job (MB)
	223012  -  ResidentSetSize of job (KB)
...
006 (4430510.223.000) 09/08 13:12:40 Image size of job updated: 226840
	218  -  MemoryUsage of job (MB)
	223032  -  ResidentSetSize of job (KB)
...
006 (4430510.223.000) 09/08 13:27:41 Image size of job updated: 247816
	239  -  MemoryUsage of job (MB)
	244008  -  ResidentSetSize of job (KB)
...
006 (4430510.223.000) 09/08 13:42:43 Image size of job updated: 252216
	243  -  MemoryUsage of job (MB)
	248412  -  ResidentSetSize of job (KB)
...
006 (4430510.223.000) 09/08 13:47:45 Image size of job updated: 252224
	243  -  MemoryUsage of job (MB)
	248412  -  ResidentSetSize of job (KB)
...
006 (4430510.223.000) 09/08 14:32:49 Image size of job updated: 253692
	245  -  MemoryUsage of job (MB)
	249924  -  ResidentSetSize of job (KB)
...
006 (4430510.223.000) 09/08 14:37:49 Image size of job updated: 253756
	245  -  MemoryUsage of job (MB)
	249944  -  ResidentSetSize of job (KB)
...
006 (4430510.223.000) 09/08 15:17:55 Image size of job updated: 253756
	245  -  MemoryUsage of job (MB)
	250368  -  ResidentSetSize of job (KB)
...
006 (4430510.223.000) 09/08 15:22:57 Image size of job updated: 259084
	250  -  MemoryUsage of job (MB)
	255512  -  ResidentSetSize of job (KB)
...
006 (4430510.223.000) 09/08 15:27:57 Image size of job updated: 259228
	250  -  MemoryUsage of job (MB)
	255568  -  ResidentSetSize of job (KB)
...
006 (4430510.223.000) 09/08 15:37:58 Image size of job updated: 259232
	250  -  MemoryUsage of job (MB)
	255568  -  ResidentSetSize of job (KB)
...
006 (4430510.223.000) 09/08 16:13:36 Image size of job updated: 259712
	251  -  MemoryUsage of job (MB)
	256052  -  ResidentSetSize of job (KB)
...
006 (4430510.223.000) 09/08 16:18:35 Image size of job updated: 260144
	251  -  MemoryUsage of job (MB)
	256488  -  ResidentSetSize of job (KB)
...
006 (4430510.223.000) 09/08 16:23:35 Image size of job updated: 260148
	251  -  MemoryUsage of job (MB)
	256488  -  ResidentSetSize of job (KB)
...
006 (4430510.223.000) 09/08 18:36:08 Image size of job updated: 261604
	253  -  MemoryUsage of job (MB)
	258124  -  ResidentSetSize of job (KB)
...
006 (4430510.223.000) 09/08 18:50:16 Image size of job updated: 262440
	253  -  MemoryUsage of job (MB)
	258940  -  ResidentSetSize of job (KB)
...
006 (4430510.223.000) 09/08 18:55:21 Image size of job updated: 262444
	253  -  MemoryUsage of job (MB)
	258940  -  ResidentSetSize of job (KB)
...
006 (4430510.223.000) 09/08 19:35:50 Image size of job updated: 263656
	254  -  MemoryUsage of job (MB)
	260000  -  ResidentSetSize of job (KB)
...
006 (4430510.223.000) 09/08 19:40:52 Image size of job updated: 263840
	255  -  MemoryUsage of job (MB)
	260176  -  ResidentSetSize of job (KB)
...
006 (4430510.223.000) 09/08 19:46:05 Image size of job updated: 263840
	255  -  MemoryUsage of job (MB)
	260196  -  ResidentSetSize of job (KB)
...
006 (4430510.223.000) 09/08 20:56:08 Image size of job updated: 263852
	255  -  MemoryUsage of job (MB)
	260196  -  ResidentSetSize of job (KB)
...
006 (4430510.223.000) 09/08 21:01:01 Image size of job updated: 263860
	255  -  MemoryUsage of job (MB)
	260196  -  ResidentSetSize of job (KB)
...
006 (4430510.223.000) 09/08 23:11:14 Image size of job updated: 266904
	258  -  MemoryUsage of job (MB)
	263284  -  ResidentSetSize of job (KB)
...
006 (4430510.223.000) 09/08 23:16:14 Image size of job updated: 266964
	258  -  MemoryUsage of job (MB)
	263304  -  ResidentSetSize of job (KB)
...
006 (4430510.223.000) 09/09 03:36:40 Image size of job updated: 269112
	260  -  MemoryUsage of job (MB)
	265492  -  ResidentSetSize of job (KB)
...
006 (4430510.223.000) 09/09 03:41:41 Image size of job updated: 269164
	260  -  MemoryUsage of job (MB)
	265512  -  ResidentSetSize of job (KB)
...
006 (4430510.223.000) 09/09 03:58:09 Image size of job updated: 274188
	265  -  MemoryUsage of job (MB)
	270532  -  ResidentSetSize of job (KB)
...
006 (4430510.223.000) 09/09 06:28:27 Image size of job updated: 276184
	267  -  MemoryUsage of job (MB)
	272524  -  ResidentSetSize of job (KB)
...
006 (4430510.223.000) 09/09 07:03:31 Image size of job updated: 277508
	268  -  MemoryUsage of job (MB)
	273904  -  ResidentSetSize of job (KB)
...
006 (4430510.223.000) 09/09 10:08:55 Image size of job updated: 278108
	269  -  MemoryUsage of job (MB)
	274452  -  ResidentSetSize of job (KB)
...
006 (4430510.223.000) 09/09 10:13:55 Image size of job updated: 278112
	269  -  MemoryUsage of job (MB)
	274452  -  ResidentSetSize of job (KB)
...
006 (4430510.223.000) 09/09 10:18:58 Image size of job updated: 280044
	271  -  MemoryUsage of job (MB)
	276496  -  ResidentSetSize of job (KB)
...
006 (4430510.223.000) 09/09 10:28:57 Image size of job updated: 281304
	272  -  MemoryUsage of job (MB)
	277644  -  ResidentSetSize of job (KB)
...
006 (4430510.223.000) 09/09 11:44:05 Image size of job updated: 282192
	273  -  MemoryUsage of job (MB)
	278540  -  ResidentSetSize of job (KB)
...
005 (4430510.223.000) 09/09 11:58:21 Job terminated.
	(1) Normal termination (return value 0)
		Usr 0 22:57:53, Sys 0 00:06:44  -  Run Remote Usage
		Usr 0 00:00:00, Sys 0 00:00:00  -  Run Local Usage
		Usr 0 22:57:53, Sys 0 00:06:44  -  Total Remote Usage
		Usr 0 00:00:00, Sys 0 00:00:00  -  Total Local Usage
	3533306  -  Run Bytes Sent By Job
	17284  -  Run Bytes Received By Job
	3533306  -  Total Bytes Sent By Job
	17284  -  Total Bytes Received By Job
	Partitionable Resources :    Usage  Request Allocated
	   Cpus                 :                 1         1
	   Disk (KB)            : 22196167 26214400  31788736
	   Ioheavy              :                           1
	   Memory (MB)          :      273      300       300
...
