000 (4430510.193.000) 09/08 09:59:23 Job submitted from host: <128.105.244.190:9618?addrs=128.105.244.190-9618&noUDP&sock=2714685_05e2_3>
...
001 (4430510.193.000) 09/08 11:22:17 Job executing on host: <128.105.245.164:9618?addrs=128.105.245.164-9618+[--1]-9618&noUDP&sock=5540_888c_3>
...
006 (4430510.193.000) 09/08 11:22:26 Image size of job updated: 476
	1  -  MemoryUsage of job (MB)
	476  -  ResidentSetSize of job (KB)
...
006 (4430510.193.000) 09/08 11:32:28 Image size of job updated: 548
	1  -  MemoryUsage of job (MB)
	548  -  ResidentSetSize of job (KB)
...
006 (4430510.193.000) 09/08 12:22:36 Image size of job updated: 164560
	157  -  MemoryUsage of job (MB)
	160156  -  ResidentSetSize of job (KB)
...
006 (4430510.193.000) 09/08 12:27:34 Image size of job updated: 204600
	196  -  MemoryUsage of job (MB)
	200232  -  ResidentSetSize of job (KB)
...
006 (4430510.193.000) 09/08 12:32:34 Image size of job updated: 204808
	196  -  MemoryUsage of job (MB)
	200396  -  ResidentSetSize of job (KB)
...
006 (4430510.193.000) 09/08 12:37:35 Image size of job updated: 207480
	199  -  MemoryUsage of job (MB)
	203072  -  ResidentSetSize of job (KB)
...
006 (4430510.193.000) 09/08 12:47:37 Image size of job updated: 215508
	207  -  MemoryUsage of job (MB)
	211092  -  ResidentSetSize of job (KB)
...
006 (4430510.193.000) 09/08 12:57:37 Image size of job updated: 217960
	209  -  MemoryUsage of job (MB)
	213552  -  ResidentSetSize of job (KB)
...
006 (4430510.193.000) 09/08 13:02:37 Image size of job updated: 217968
	209  -  MemoryUsage of job (MB)
	213552  -  ResidentSetSize of job (KB)
...
006 (4430510.193.000) 09/08 13:22:40 Image size of job updated: 241452
	232  -  MemoryUsage of job (MB)
	237036  -  ResidentSetSize of job (KB)
...
006 (4430510.193.000) 09/08 13:27:40 Image size of job updated: 241456
	232  -  MemoryUsage of job (MB)
	237036  -  ResidentSetSize of job (KB)
...
006 (4430510.193.000) 09/08 13:47:42 Image size of job updated: 252228
	243  -  MemoryUsage of job (MB)
	247852  -  ResidentSetSize of job (KB)
...
006 (4430510.193.000) 09/08 13:52:42 Image size of job updated: 252280
	243  -  MemoryUsage of job (MB)
	247864  -  ResidentSetSize of job (KB)
...
006 (4430510.193.000) 09/08 14:02:43 Image size of job updated: 254616
	245  -  MemoryUsage of job (MB)
	250208  -  ResidentSetSize of job (KB)
...
006 (4430510.193.000) 09/08 14:07:44 Image size of job updated: 254628
	245  -  MemoryUsage of job (MB)
	250208  -  ResidentSetSize of job (KB)
...
006 (4430510.193.000) 09/08 14:12:44 Image size of job updated: 254876
	245  -  MemoryUsage of job (MB)
	250456  -  ResidentSetSize of job (KB)
...
006 (4430510.193.000) 09/08 14:32:45 Image size of job updated: 258716
	249  -  MemoryUsage of job (MB)
	254300  -  ResidentSetSize of job (KB)
...
006 (4430510.193.000) 09/08 14:47:47 Image size of job updated: 259904
	250  -  MemoryUsage of job (MB)
	255488  -  ResidentSetSize of job (KB)
...
006 (4430510.193.000) 09/08 15:12:49 Image size of job updated: 260516
	251  -  MemoryUsage of job (MB)
	256100  -  ResidentSetSize of job (KB)
...
006 (4430510.193.000) 09/08 15:17:49 Image size of job updated: 260624
	251  -  MemoryUsage of job (MB)
	256212  -  ResidentSetSize of job (KB)
...
006 (4430510.193.000) 09/08 15:22:49 Image size of job updated: 260628
	251  -  MemoryUsage of job (MB)
	256212  -  ResidentSetSize of job (KB)
...
006 (4430510.193.000) 09/08 15:47:52 Image size of job updated: 260660
	251  -  MemoryUsage of job (MB)
	256336  -  ResidentSetSize of job (KB)
...
006 (4430510.193.000) 09/08 15:52:52 Image size of job updated: 260804
	251  -  MemoryUsage of job (MB)
	256388  -  ResidentSetSize of job (KB)
...
006 (4430510.193.000) 09/08 16:02:53 Image size of job updated: 264308
	254  -  MemoryUsage of job (MB)
	259984  -  ResidentSetSize of job (KB)
...
006 (4430510.193.000) 09/08 16:07:54 Image size of job updated: 264452
	254  -  MemoryUsage of job (MB)
	260036  -  ResidentSetSize of job (KB)
...
006 (4430510.193.000) 09/08 17:48:06 Image size of job updated: 265428
	255  -  MemoryUsage of job (MB)
	260668  -  ResidentSetSize of job (KB)
...
006 (4430510.193.000) 09/08 17:53:06 Image size of job updated: 265480
	255  -  MemoryUsage of job (MB)
	260680  -  ResidentSetSize of job (KB)
...
006 (4430510.193.000) 09/08 18:08:07 Image size of job updated: 265480
	255  -  MemoryUsage of job (MB)
	260712  -  ResidentSetSize of job (KB)
...
006 (4430510.193.000) 09/08 18:13:08 Image size of job updated: 265524
	255  -  MemoryUsage of job (MB)
	260724  -  ResidentSetSize of job (KB)
...
006 (4430510.193.000) 09/08 18:28:10 Image size of job updated: 266228
	256  -  MemoryUsage of job (MB)
	261468  -  ResidentSetSize of job (KB)
...
006 (4430510.193.000) 09/08 18:33:10 Image size of job updated: 266280
	256  -  MemoryUsage of job (MB)
	261480  -  ResidentSetSize of job (KB)
...
006 (4430510.193.000) 09/08 18:43:11 Image size of job updated: 266284
	256  -  MemoryUsage of job (MB)
	261480  -  ResidentSetSize of job (KB)
...
006 (4430510.193.000) 09/08 18:48:11 Image size of job updated: 267280
	257  -  MemoryUsage of job (MB)
	262524  -  ResidentSetSize of job (KB)
...
006 (4430510.193.000) 09/08 18:53:12 Image size of job updated: 267336
	257  -  MemoryUsage of job (MB)
	262536  -  ResidentSetSize of job (KB)
...
006 (4430510.193.000) 09/08 18:58:12 Image size of job updated: 268144
	258  -  MemoryUsage of job (MB)
	263344  -  ResidentSetSize of job (KB)
...
006 (4430510.193.000) 09/08 19:33:16 Image size of job updated: 268460
	258  -  MemoryUsage of job (MB)
	263664  -  ResidentSetSize of job (KB)
...
006 (4430510.193.000) 09/08 19:38:16 Image size of job updated: 268464
	258  -  MemoryUsage of job (MB)
	263664  -  ResidentSetSize of job (KB)
...
006 (4430510.193.000) 09/08 19:48:16 Image size of job updated: 268748
	258  -  MemoryUsage of job (MB)
	263952  -  ResidentSetSize of job (KB)
...
006 (4430510.193.000) 09/08 19:53:17 Image size of job updated: 268752
	258  -  MemoryUsage of job (MB)
	263952  -  ResidentSetSize of job (KB)
...
006 (4430510.193.000) 09/08 20:18:20 Image size of job updated: 269116
	259  -  MemoryUsage of job (MB)
	264316  -  ResidentSetSize of job (KB)
...
006 (4430510.193.000) 09/08 20:33:23 Image size of job updated: 269868
	259  -  MemoryUsage of job (MB)
	265068  -  ResidentSetSize of job (KB)
...
006 (4430510.193.000) 09/08 21:13:26 Image size of job updated: 271100
	261  -  MemoryUsage of job (MB)
	266340  -  ResidentSetSize of job (KB)
...
006 (4430510.193.000) 09/08 21:18:27 Image size of job updated: 271152
	261  -  MemoryUsage of job (MB)
	266352  -  ResidentSetSize of job (KB)
...
006 (4430510.193.000) 09/08 21:28:30 Image size of job updated: 271476
	261  -  MemoryUsage of job (MB)
	266716  -  ResidentSetSize of job (KB)
...
006 (4430510.193.000) 09/08 21:33:30 Image size of job updated: 271528
	261  -  MemoryUsage of job (MB)
	266728  -  ResidentSetSize of job (KB)
...
006 (4430510.193.000) 09/08 21:48:32 Image size of job updated: 271616
	261  -  MemoryUsage of job (MB)
	266820  -  ResidentSetSize of job (KB)
...
006 (4430510.193.000) 09/08 21:53:32 Image size of job updated: 271620
	261  -  MemoryUsage of job (MB)
	266820  -  ResidentSetSize of job (KB)
...
006 (4430510.193.000) 09/08 22:08:35 Image size of job updated: 273020
	262  -  MemoryUsage of job (MB)
	268224  -  ResidentSetSize of job (KB)
...
006 (4430510.193.000) 09/08 22:13:34 Image size of job updated: 273024
	262  -  MemoryUsage of job (MB)
	268224  -  ResidentSetSize of job (KB)
...
006 (4430510.193.000) 09/08 22:18:34 Image size of job updated: 273028
	262  -  MemoryUsage of job (MB)
	268224  -  ResidentSetSize of job (KB)
...
006 (4430510.193.000) 09/09 00:58:49 Image size of job updated: 276860
	266  -  MemoryUsage of job (MB)
	272060  -  ResidentSetSize of job (KB)
...
006 (4430510.193.000) 09/09 02:49:00 Image size of job updated: 278512
	268  -  MemoryUsage of job (MB)
	273752  -  ResidentSetSize of job (KB)
...
006 (4430510.193.000) 09/09 02:54:00 Image size of job updated: 278564
	268  -  MemoryUsage of job (MB)
	273764  -  ResidentSetSize of job (KB)
...
006 (4430510.193.000) 09/09 03:44:07 Image size of job updated: 279016
	268  -  MemoryUsage of job (MB)
	273892  -  ResidentSetSize of job (KB)
...
006 (4430510.193.000) 09/09 03:49:08 Image size of job updated: 279068
	268  -  MemoryUsage of job (MB)
	273904  -  ResidentSetSize of job (KB)
...
006 (4430510.193.000) 09/09 05:29:17 Image size of job updated: 280880
	270  -  MemoryUsage of job (MB)
	275616  -  ResidentSetSize of job (KB)
...
006 (4430510.193.000) 09/09 08:09:34 Image size of job updated: 281468
	270  -  MemoryUsage of job (MB)
	276244  -  ResidentSetSize of job (KB)
...
006 (4430510.193.000) 09/09 08:14:34 Image size of job updated: 281520
	270  -  MemoryUsage of job (MB)
	276256  -  ResidentSetSize of job (KB)
...
006 (4430510.193.000) 09/09 08:19:35 Image size of job updated: 281524
	270  -  MemoryUsage of job (MB)
	276256  -  ResidentSetSize of job (KB)
...
006 (4430510.193.000) 09/09 08:39:38 Image size of job updated: 282116
	271  -  MemoryUsage of job (MB)
	276852  -  ResidentSetSize of job (KB)
...
006 (4430510.193.000) 09/09 08:49:39 Image size of job updated: 283780
	273  -  MemoryUsage of job (MB)
	278604  -  ResidentSetSize of job (KB)
...
006 (4430510.193.000) 09/09 08:54:39 Image size of job updated: 283924
	273  -  MemoryUsage of job (MB)
	278656  -  ResidentSetSize of job (KB)
...
005 (4430510.193.000) 09/09 09:33:31 Job terminated.
	(1) Normal termination (return value 0)
		Usr 0 20:20:23, Sys 0 00:04:40  -  Run Remote Usage
		Usr 0 00:00:00, Sys 0 00:00:00  -  Run Local Usage
		Usr 0 20:20:23, Sys 0 00:04:40  -  Total Remote Usage
		Usr 0 00:00:00, Sys 0 00:00:00  -  Total Local Usage
	3536565  -  Run Bytes Sent By Job
	17284  -  Run Bytes Received By Job
	3536565  -  Total Bytes Sent By Job
	17284  -  Total Bytes Received By Job
	Partitionable Resources :    Usage  Request Allocated
	   Cpus                 :                 1         1
	   Disk (KB)            : 22256003 26214400  27300180
	   Ioheavy              :                           1
	   Memory (MB)          :      273      300       300
...
