000 (4430510.495.000) 09/08 09:59:23 Job submitted from host: <128.105.244.190:9618?addrs=128.105.244.190-9618&noUDP&sock=2714685_05e2_3>
...
001 (4430510.495.000) 09/08 11:50:42 Job executing on host: <128.105.245.143:9618?addrs=128.105.245.143-9618+[--1]-9618&noUDP&sock=5503_e311_3>
...
006 (4430510.495.000) 09/08 11:50:51 Image size of job updated: 476
	1  -  MemoryUsage of job (MB)
	476  -  ResidentSetSize of job (KB)
...
006 (4430510.495.000) 09/08 12:05:53 Image size of job updated: 548
	1  -  MemoryUsage of job (MB)
	548  -  ResidentSetSize of job (KB)
...
006 (4430510.495.000) 09/08 12:46:00 Image size of job updated: 164544
	157  -  MemoryUsage of job (MB)
	160144  -  ResidentSetSize of job (KB)
...
006 (4430510.495.000) 09/08 12:51:00 Image size of job updated: 201972
	193  -  MemoryUsage of job (MB)
	197564  -  ResidentSetSize of job (KB)
...
006 (4430510.495.000) 09/08 12:56:00 Image size of job updated: 201976
	193  -  MemoryUsage of job (MB)
	197564  -  ResidentSetSize of job (KB)
...
006 (4430510.495.000) 09/08 13:01:01 Image size of job updated: 207416
	199  -  MemoryUsage of job (MB)
	203008  -  ResidentSetSize of job (KB)
...
006 (4430510.495.000) 09/08 13:11:02 Image size of job updated: 216164
	207  -  MemoryUsage of job (MB)
	211756  -  ResidentSetSize of job (KB)
...
006 (4430510.495.000) 09/08 13:16:02 Image size of job updated: 217724
	209  -  MemoryUsage of job (MB)
	213356  -  ResidentSetSize of job (KB)
...
006 (4430510.495.000) 09/08 13:21:03 Image size of job updated: 217780
	209  -  MemoryUsage of job (MB)
	213368  -  ResidentSetSize of job (KB)
...
006 (4430510.495.000) 09/08 13:26:03 Image size of job updated: 219372
	209  -  MemoryUsage of job (MB)
	213368  -  ResidentSetSize of job (KB)
...
006 (4430510.495.000) 09/08 13:31:04 Image size of job updated: 219424
	209  -  MemoryUsage of job (MB)
	213368  -  ResidentSetSize of job (KB)
...
006 (4430510.495.000) 09/08 13:36:05 Image size of job updated: 244900
	215  -  MemoryUsage of job (MB)
	219848  -  ResidentSetSize of job (KB)
...
006 (4430510.495.000) 09/08 13:41:06 Image size of job updated: 245040
	215  -  MemoryUsage of job (MB)
	219900  -  ResidentSetSize of job (KB)
...
006 (4430510.495.000) 09/08 13:51:07 Image size of job updated: 251252
	221  -  MemoryUsage of job (MB)
	226152  -  ResidentSetSize of job (KB)
...
006 (4430510.495.000) 09/08 13:56:07 Image size of job updated: 251304
	221  -  MemoryUsage of job (MB)
	226164  -  ResidentSetSize of job (KB)
...
006 (4430510.495.000) 09/08 14:06:08 Image size of job updated: 251416
	222  -  MemoryUsage of job (MB)
	226320  -  ResidentSetSize of job (KB)
...
006 (4430510.495.000) 09/08 14:11:10 Image size of job updated: 251472
	222  -  MemoryUsage of job (MB)
	226332  -  ResidentSetSize of job (KB)
...
006 (4430510.495.000) 09/08 14:21:10 Image size of job updated: 252368
	222  -  MemoryUsage of job (MB)
	227272  -  ResidentSetSize of job (KB)
...
006 (4430510.495.000) 09/08 14:26:11 Image size of job updated: 252424
	222  -  MemoryUsage of job (MB)
	227284  -  ResidentSetSize of job (KB)
...
006 (4430510.495.000) 09/08 14:36:12 Image size of job updated: 256540
	227  -  MemoryUsage of job (MB)
	231440  -  ResidentSetSize of job (KB)
...
006 (4430510.495.000) 09/08 14:41:13 Image size of job updated: 256592
	227  -  MemoryUsage of job (MB)
	231452  -  ResidentSetSize of job (KB)
...
006 (4430510.495.000) 09/08 15:06:15 Image size of job updated: 261292
	231  -  MemoryUsage of job (MB)
	236192  -  ResidentSetSize of job (KB)
...
006 (4430510.495.000) 09/08 15:11:15 Image size of job updated: 261344
	231  -  MemoryUsage of job (MB)
	236204  -  ResidentSetSize of job (KB)
...
006 (4430510.495.000) 09/08 15:16:23 Image size of job updated: 262144
	232  -  MemoryUsage of job (MB)
	237004  -  ResidentSetSize of job (KB)
...
006 (4430510.495.000) 09/08 16:26:21 Image size of job updated: 263560
	233  -  MemoryUsage of job (MB)
	238424  -  ResidentSetSize of job (KB)
...
006 (4430510.495.000) 09/08 16:31:22 Image size of job updated: 263564
	233  -  MemoryUsage of job (MB)
	238424  -  ResidentSetSize of job (KB)
...
006 (4430510.495.000) 09/08 18:01:32 Image size of job updated: 264056
	233  -  MemoryUsage of job (MB)
	238424  -  ResidentSetSize of job (KB)
...
006 (4430510.495.000) 09/08 18:06:34 Image size of job updated: 264060
	233  -  MemoryUsage of job (MB)
	238424  -  ResidentSetSize of job (KB)
...
006 (4430510.495.000) 09/08 18:16:34 Image size of job updated: 266488
	234  -  MemoryUsage of job (MB)
	238788  -  ResidentSetSize of job (KB)
...
006 (4430510.495.000) 09/08 18:21:34 Image size of job updated: 266632
	234  -  MemoryUsage of job (MB)
	238840  -  ResidentSetSize of job (KB)
...
006 (4430510.495.000) 09/08 18:36:36 Image size of job updated: 266784
	234  -  MemoryUsage of job (MB)
	239032  -  ResidentSetSize of job (KB)
...
006 (4430510.495.000) 09/08 18:41:36 Image size of job updated: 266836
	234  -  MemoryUsage of job (MB)
	239044  -  ResidentSetSize of job (KB)
...
006 (4430510.495.000) 09/08 19:16:40 Image size of job updated: 268196
	235  -  MemoryUsage of job (MB)
	240408  -  ResidentSetSize of job (KB)
...
006 (4430510.495.000) 09/08 19:21:40 Image size of job updated: 268204
	235  -  MemoryUsage of job (MB)
	240408  -  ResidentSetSize of job (KB)
...
006 (4430510.495.000) 09/08 19:26:42 Image size of job updated: 269024
	236  -  MemoryUsage of job (MB)
	241228  -  ResidentSetSize of job (KB)
...
006 (4430510.495.000) 09/08 21:01:51 Image size of job updated: 270216
	237  -  MemoryUsage of job (MB)
	242424  -  ResidentSetSize of job (KB)
...
006 (4430510.495.000) 09/08 21:31:53 Image size of job updated: 271300
	238  -  MemoryUsage of job (MB)
	243548  -  ResidentSetSize of job (KB)
...
006 (4430510.495.000) 09/08 21:36:55 Image size of job updated: 271340
	238  -  MemoryUsage of job (MB)
	243548  -  ResidentSetSize of job (KB)
...
006 (4430510.495.000) 09/08 23:22:08 Image size of job updated: 271820
	239  -  MemoryUsage of job (MB)
	244032  -  ResidentSetSize of job (KB)
...
006 (4430510.495.000) 09/08 23:27:08 Image size of job updated: 271824
	239  -  MemoryUsage of job (MB)
	244032  -  ResidentSetSize of job (KB)
...
006 (4430510.495.000) 09/08 23:37:09 Image size of job updated: 273788
	241  -  MemoryUsage of job (MB)
	246036  -  ResidentSetSize of job (KB)
...
006 (4430510.495.000) 09/08 23:42:10 Image size of job updated: 273840
	241  -  MemoryUsage of job (MB)
	246048  -  ResidentSetSize of job (KB)
...
006 (4430510.495.000) 09/09 00:27:14 Image size of job updated: 275756
	243  -  MemoryUsage of job (MB)
	247960  -  ResidentSetSize of job (KB)
...
006 (4430510.495.000) 09/09 02:57:33 Image size of job updated: 275764
	243  -  MemoryUsage of job (MB)
	247960  -  ResidentSetSize of job (KB)
...
006 (4430510.495.000) 09/09 03:27:35 Image size of job updated: 276040
	243  -  MemoryUsage of job (MB)
	247960  -  ResidentSetSize of job (KB)
...
006 (4430510.495.000) 09/09 03:42:38 Image size of job updated: 276612
	243  -  MemoryUsage of job (MB)
	247960  -  ResidentSetSize of job (KB)
...
006 (4430510.495.000) 09/09 04:12:40 Image size of job updated: 277116
	243  -  MemoryUsage of job (MB)
	247960  -  ResidentSetSize of job (KB)
...
006 (4430510.495.000) 09/09 04:17:41 Image size of job updated: 277256
	243  -  MemoryUsage of job (MB)
	247960  -  ResidentSetSize of job (KB)
...
006 (4430510.495.000) 09/09 05:02:44 Image size of job updated: 277304
	243  -  MemoryUsage of job (MB)
	247960  -  ResidentSetSize of job (KB)
...
006 (4430510.495.000) 09/09 05:07:45 Image size of job updated: 277308
	243  -  MemoryUsage of job (MB)
	247960  -  ResidentSetSize of job (KB)
...
006 (4430510.495.000) 09/09 05:32:50 Image size of job updated: 278940
	243  -  MemoryUsage of job (MB)
	247960  -  ResidentSetSize of job (KB)
...
006 (4430510.495.000) 09/09 05:37:50 Image size of job updated: 278992
	243  -  MemoryUsage of job (MB)
	247960  -  ResidentSetSize of job (KB)
...
006 (4430510.495.000) 09/09 06:22:55 Image size of job updated: 279296
	243  -  MemoryUsage of job (MB)
	247960  -  ResidentSetSize of job (KB)
...
006 (4430510.495.000) 09/09 06:27:55 Image size of job updated: 279300
	243  -  MemoryUsage of job (MB)
	247960  -  ResidentSetSize of job (KB)
...
006 (4430510.495.000) 09/09 06:37:58 Image size of job updated: 279592
	243  -  MemoryUsage of job (MB)
	247960  -  ResidentSetSize of job (KB)
...
006 (4430510.495.000) 09/09 06:42:58 Image size of job updated: 279596
	243  -  MemoryUsage of job (MB)
	247960  -  ResidentSetSize of job (KB)
...
006 (4430510.495.000) 09/09 06:47:58 Image size of job updated: 279600
	243  -  MemoryUsage of job (MB)
	247960  -  ResidentSetSize of job (KB)
...
006 (4430510.495.000) 09/09 07:08:00 Image size of job updated: 279916
	243  -  MemoryUsage of job (MB)
	248248  -  ResidentSetSize of job (KB)
...
006 (4430510.495.000) 09/09 07:13:00 Image size of job updated: 279920
	243  -  MemoryUsage of job (MB)
	248248  -  ResidentSetSize of job (KB)
...
006 (4430510.495.000) 09/09 07:53:06 Image size of job updated: 280508
	244  -  MemoryUsage of job (MB)
	248840  -  ResidentSetSize of job (KB)
...
006 (4430510.495.000) 09/09 07:58:06 Image size of job updated: 280516
	244  -  MemoryUsage of job (MB)
	248840  -  ResidentSetSize of job (KB)
...
006 (4430510.495.000) 09/09 08:23:08 Image size of job updated: 282464
	245  -  MemoryUsage of job (MB)
	250832  -  ResidentSetSize of job (KB)
...
006 (4430510.495.000) 09/09 08:28:09 Image size of job updated: 282516
	245  -  MemoryUsage of job (MB)
	250844  -  ResidentSetSize of job (KB)
...
006 (4430510.495.000) 09/09 08:33:10 Image size of job updated: 282520
	245  -  MemoryUsage of job (MB)
	250844  -  ResidentSetSize of job (KB)
...
005 (4430510.495.000) 09/09 10:08:58 Job terminated.
	(1) Normal termination (return value 0)
		Usr 0 20:38:52, Sys 0 00:04:44  -  Run Remote Usage
		Usr 0 00:00:00, Sys 0 00:00:00  -  Run Local Usage
		Usr 0 20:38:52, Sys 0 00:04:44  -  Total Remote Usage
		Usr 0 00:00:00, Sys 0 00:00:00  -  Total Local Usage
	3536155  -  Run Bytes Sent By Job
	17284  -  Run Bytes Received By Job
	3536155  -  Total Bytes Sent By Job
	17284  -  Total Bytes Received By Job
	Partitionable Resources :    Usage  Request Allocated
	   Cpus                 :                 1         1
	   Disk (KB)            : 22246143 26214400  26675232
	   Ioheavy              :                           1
	   Memory (MB)          :      245      300       300
...
