000 (4430510.825.000) 09/08 09:59:23 Job submitted from host: <128.105.244.190:9618?addrs=128.105.244.190-9618&noUDP&sock=2714685_05e2_3>
...
001 (4430510.825.000) 09/08 14:06:14 Job executing on host: <128.105.245.58:9618?addrs=128.105.245.58-9618+[--1]-9618&noUDP&sock=3977_2d8b_3>
...
006 (4430510.825.000) 09/08 14:06:22 Image size of job updated: 476
	1  -  MemoryUsage of job (MB)
	476  -  ResidentSetSize of job (KB)
...
006 (4430510.825.000) 09/08 14:11:22 Image size of job updated: 556
	1  -  MemoryUsage of job (MB)
	556  -  ResidentSetSize of job (KB)
...
006 (4430510.825.000) 09/08 14:26:23 Image size of job updated: 32204
	31  -  MemoryUsage of job (MB)
	31276  -  ResidentSetSize of job (KB)
...
006 (4430510.825.000) 09/08 14:31:25 Image size of job updated: 190900
	183  -  MemoryUsage of job (MB)
	187020  -  ResidentSetSize of job (KB)
...
006 (4430510.825.000) 09/08 14:36:25 Image size of job updated: 197980
	190  -  MemoryUsage of job (MB)
	194112  -  ResidentSetSize of job (KB)
...
006 (4430510.825.000) 09/08 14:41:25 Image size of job updated: 204804
	197  -  MemoryUsage of job (MB)
	201192  -  ResidentSetSize of job (KB)
...
006 (4430510.825.000) 09/08 14:46:25 Image size of job updated: 204928
	197  -  MemoryUsage of job (MB)
	201252  -  ResidentSetSize of job (KB)
...
006 (4430510.825.000) 09/08 14:51:25 Image size of job updated: 207032
	199  -  MemoryUsage of job (MB)
	203328  -  ResidentSetSize of job (KB)
...
006 (4430510.825.000) 09/08 15:01:27 Image size of job updated: 230704
	222  -  MemoryUsage of job (MB)
	226996  -  ResidentSetSize of job (KB)
...
006 (4430510.825.000) 09/08 15:11:27 Image size of job updated: 235356
	227  -  MemoryUsage of job (MB)
	231648  -  ResidentSetSize of job (KB)
...
006 (4430510.825.000) 09/08 15:16:28 Image size of job updated: 250256
	241  -  MemoryUsage of job (MB)
	246640  -  ResidentSetSize of job (KB)
...
006 (4430510.825.000) 09/08 15:21:30 Image size of job updated: 250408
	241  -  MemoryUsage of job (MB)
	246700  -  ResidentSetSize of job (KB)
...
006 (4430510.825.000) 09/08 15:26:30 Image size of job updated: 252000
	243  -  MemoryUsage of job (MB)
	248332  -  ResidentSetSize of job (KB)
...
006 (4430510.825.000) 09/08 15:31:30 Image size of job updated: 252060
	243  -  MemoryUsage of job (MB)
	248352  -  ResidentSetSize of job (KB)
...
006 (4430510.825.000) 09/08 15:36:30 Image size of job updated: 253932
	245  -  MemoryUsage of job (MB)
	250224  -  ResidentSetSize of job (KB)
...
006 (4430510.825.000) 09/08 15:46:33 Image size of job updated: 254608
	246  -  MemoryUsage of job (MB)
	250900  -  ResidentSetSize of job (KB)
...
006 (4430510.825.000) 09/08 15:56:33 Image size of job updated: 257264
	248  -  MemoryUsage of job (MB)
	253556  -  ResidentSetSize of job (KB)
...
006 (4430510.825.000) 09/08 16:01:33 Image size of job updated: 258772
	250  -  MemoryUsage of job (MB)
	255156  -  ResidentSetSize of job (KB)
...
006 (4430510.825.000) 09/08 16:06:33 Image size of job updated: 258924
	250  -  MemoryUsage of job (MB)
	255216  -  ResidentSetSize of job (KB)
...
006 (4430510.825.000) 09/08 16:16:35 Image size of job updated: 259516
	250  -  MemoryUsage of job (MB)
	255808  -  ResidentSetSize of job (KB)
...
006 (4430510.825.000) 09/08 17:26:41 Image size of job updated: 261836
	253  -  MemoryUsage of job (MB)
	258224  -  ResidentSetSize of job (KB)
...
006 (4430510.825.000) 09/08 17:31:42 Image size of job updated: 261900
	253  -  MemoryUsage of job (MB)
	258244  -  ResidentSetSize of job (KB)
...
006 (4430510.825.000) 09/08 18:01:45 Image size of job updated: 261920
	253  -  MemoryUsage of job (MB)
	258268  -  ResidentSetSize of job (KB)
...
006 (4430510.825.000) 09/08 18:06:47 Image size of job updated: 261924
	253  -  MemoryUsage of job (MB)
	258268  -  ResidentSetSize of job (KB)
...
006 (4430510.825.000) 09/08 18:46:51 Image size of job updated: 263244
	254  -  MemoryUsage of job (MB)
	259632  -  ResidentSetSize of job (KB)
...
006 (4430510.825.000) 09/08 18:51:51 Image size of job updated: 263312
	254  -  MemoryUsage of job (MB)
	259652  -  ResidentSetSize of job (KB)
...
006 (4430510.825.000) 09/08 19:46:56 Image size of job updated: 266048
	257  -  MemoryUsage of job (MB)
	262392  -  ResidentSetSize of job (KB)
...
006 (4430510.825.000) 09/08 19:56:58 Image size of job updated: 266196
	257  -  MemoryUsage of job (MB)
	262540  -  ResidentSetSize of job (KB)
...
006 (4430510.825.000) 09/08 21:02:04 Image size of job updated: 267864
	259  -  MemoryUsage of job (MB)
	264208  -  ResidentSetSize of job (KB)
...
006 (4430510.825.000) 09/08 21:07:04 Image size of job updated: 268656
	259  -  MemoryUsage of job (MB)
	265000  -  ResidentSetSize of job (KB)
...
006 (4430510.825.000) 09/08 21:12:04 Image size of job updated: 268656
	259  -  MemoryUsage of job (MB)
	265012  -  ResidentSetSize of job (KB)
...
006 (4430510.825.000) 09/08 21:17:04 Image size of job updated: 268688
	259  -  MemoryUsage of job (MB)
	265032  -  ResidentSetSize of job (KB)
...
006 (4430510.825.000) 09/08 21:27:06 Image size of job updated: 269644
	260  -  MemoryUsage of job (MB)
	265988  -  ResidentSetSize of job (KB)
...
006 (4430510.825.000) 09/08 21:32:06 Image size of job updated: 270436
	261  -  MemoryUsage of job (MB)
	266780  -  ResidentSetSize of job (KB)
...
006 (4430510.825.000) 09/08 21:37:06 Image size of job updated: 270608
	261  -  MemoryUsage of job (MB)
	266952  -  ResidentSetSize of job (KB)
...
006 (4430510.825.000) 09/08 22:02:08 Image size of job updated: 271260
	262  -  MemoryUsage of job (MB)
	267604  -  ResidentSetSize of job (KB)
...
006 (4430510.825.000) 09/08 22:12:10 Image size of job updated: 273056
	264  -  MemoryUsage of job (MB)
	269400  -  ResidentSetSize of job (KB)
...
006 (4430510.825.000) 09/08 22:17:10 Image size of job updated: 273864
	264  -  MemoryUsage of job (MB)
	270208  -  ResidentSetSize of job (KB)
...
006 (4430510.825.000) 09/08 22:47:13 Image size of job updated: 273892
	264  -  MemoryUsage of job (MB)
	270240  -  ResidentSetSize of job (KB)
...
006 (4430510.825.000) 09/08 22:52:14 Image size of job updated: 273896
	264  -  MemoryUsage of job (MB)
	270240  -  ResidentSetSize of job (KB)
...
006 (4430510.825.000) 09/08 22:57:14 Image size of job updated: 274240
	265  -  MemoryUsage of job (MB)
	270624  -  ResidentSetSize of job (KB)
...
006 (4430510.825.000) 09/08 23:02:14 Image size of job updated: 274300
	265  -  MemoryUsage of job (MB)
	270644  -  ResidentSetSize of job (KB)
...
006 (4430510.825.000) 09/08 23:07:15 Image size of job updated: 275100
	266  -  MemoryUsage of job (MB)
	271444  -  ResidentSetSize of job (KB)
...
006 (4430510.825.000) 09/08 23:52:20 Image size of job updated: 275240
	266  -  MemoryUsage of job (MB)
	271584  -  ResidentSetSize of job (KB)
...
006 (4430510.825.000) 09/09 00:17:23 Image size of job updated: 275688
	266  -  MemoryUsage of job (MB)
	272032  -  ResidentSetSize of job (KB)
...
006 (4430510.825.000) 09/09 00:22:23 Image size of job updated: 277124
	268  -  MemoryUsage of job (MB)
	273508  -  ResidentSetSize of job (KB)
...
006 (4430510.825.000) 09/09 00:27:24 Image size of job updated: 277184
	268  -  MemoryUsage of job (MB)
	273528  -  ResidentSetSize of job (KB)
...
006 (4430510.825.000) 09/09 00:32:26 Image size of job updated: 278032
	268  -  MemoryUsage of job (MB)
	274376  -  ResidentSetSize of job (KB)
...
006 (4430510.825.000) 09/09 02:07:36 Image size of job updated: 279188
	270  -  MemoryUsage of job (MB)
	275532  -  ResidentSetSize of job (KB)
...
006 (4430510.825.000) 09/09 02:42:40 Image size of job updated: 279860
	270  -  MemoryUsage of job (MB)
	276204  -  ResidentSetSize of job (KB)
...
006 (4430510.825.000) 09/09 04:22:50 Image size of job updated: 280052
	271  -  MemoryUsage of job (MB)
	276612  -  ResidentSetSize of job (KB)
...
006 (4430510.825.000) 09/09 04:32:52 Image size of job updated: 280228
	271  -  MemoryUsage of job (MB)
	276612  -  ResidentSetSize of job (KB)
...
006 (4430510.825.000) 09/09 05:12:56 Image size of job updated: 280812
	271  -  MemoryUsage of job (MB)
	277160  -  ResidentSetSize of job (KB)
...
005 (4430510.825.000) 09/09 05:22:45 Job terminated.
	(1) Normal termination (return value 0)
		Usr 0 14:27:10, Sys 0 00:05:35  -  Run Remote Usage
		Usr 0 00:00:00, Sys 0 00:00:00  -  Run Local Usage
		Usr 0 14:27:10, Sys 0 00:05:35  -  Total Remote Usage
		Usr 0 00:00:00, Sys 0 00:00:00  -  Total Local Usage
	3532796  -  Run Bytes Sent By Job
	17284  -  Run Bytes Received By Job
	3532796  -  Total Bytes Sent By Job
	17284  -  Total Bytes Received By Job
	Partitionable Resources :    Usage  Request Allocated
	   Cpus                 :                 1         1
	   Disk (KB)            : 18691662 26214400  31516976
	   Ioheavy              :                           1
	   Memory (MB)          :      271      300       300
...
