000 (4430510.304.000) 09/08 09:59:23 Job submitted from host: <128.105.244.190:9618?addrs=128.105.244.190-9618&noUDP&sock=2714685_05e2_3>
...
001 (4430510.304.000) 09/08 11:28:12 Job executing on host: <128.105.245.185:9618?addrs=128.105.245.185-9618+[--1]-9618&noUDP&sock=5543_4f39_3>
...
006 (4430510.304.000) 09/08 11:28:20 Image size of job updated: 472
	1  -  MemoryUsage of job (MB)
	472  -  ResidentSetSize of job (KB)
...
006 (4430510.304.000) 09/08 11:38:21 Image size of job updated: 548
	1  -  MemoryUsage of job (MB)
	548  -  ResidentSetSize of job (KB)
...
006 (4430510.304.000) 09/08 12:53:28 Image size of job updated: 42868
	41  -  MemoryUsage of job (MB)
	41792  -  ResidentSetSize of job (KB)
...
006 (4430510.304.000) 09/08 12:58:30 Image size of job updated: 62604
	60  -  MemoryUsage of job (MB)
	61316  -  ResidentSetSize of job (KB)
...
006 (4430510.304.000) 09/08 13:03:31 Image size of job updated: 194228
	186  -  MemoryUsage of job (MB)
	189832  -  ResidentSetSize of job (KB)
...
006 (4430510.304.000) 09/08 13:08:31 Image size of job updated: 210264
	202  -  MemoryUsage of job (MB)
	205952  -  ResidentSetSize of job (KB)
...
006 (4430510.304.000) 09/08 13:13:32 Image size of job updated: 210408
	202  -  MemoryUsage of job (MB)
	206004  -  ResidentSetSize of job (KB)
...
006 (4430510.304.000) 09/08 13:23:33 Image size of job updated: 213188
	204  -  MemoryUsage of job (MB)
	208784  -  ResidentSetSize of job (KB)
...
006 (4430510.304.000) 09/08 13:28:34 Image size of job updated: 216752
	208  -  MemoryUsage of job (MB)
	212440  -  ResidentSetSize of job (KB)
...
006 (4430510.304.000) 09/08 13:33:34 Image size of job updated: 216892
	208  -  MemoryUsage of job (MB)
	212492  -  ResidentSetSize of job (KB)
...
006 (4430510.304.000) 09/08 13:53:37 Image size of job updated: 244244
	235  -  MemoryUsage of job (MB)
	239884  -  ResidentSetSize of job (KB)
...
006 (4430510.304.000) 09/08 13:58:37 Image size of job updated: 244300
	235  -  MemoryUsage of job (MB)
	239896  -  ResidentSetSize of job (KB)
...
006 (4430510.304.000) 09/08 14:23:39 Image size of job updated: 251100
	241  -  MemoryUsage of job (MB)
	246704  -  ResidentSetSize of job (KB)
...
006 (4430510.304.000) 09/08 14:28:39 Image size of job updated: 251108
	241  -  MemoryUsage of job (MB)
	246704  -  ResidentSetSize of job (KB)
...
006 (4430510.304.000) 09/08 14:38:40 Image size of job updated: 254460
	245  -  MemoryUsage of job (MB)
	250096  -  ResidentSetSize of job (KB)
...
006 (4430510.304.000) 09/08 14:43:42 Image size of job updated: 254512
	245  -  MemoryUsage of job (MB)
	250108  -  ResidentSetSize of job (KB)
...
006 (4430510.304.000) 09/08 14:53:42 Image size of job updated: 254604
	245  -  MemoryUsage of job (MB)
	250244  -  ResidentSetSize of job (KB)
...
006 (4430510.304.000) 09/08 14:58:42 Image size of job updated: 254660
	245  -  MemoryUsage of job (MB)
	250256  -  ResidentSetSize of job (KB)
...
006 (4430510.304.000) 09/08 15:08:45 Image size of job updated: 257736
	248  -  MemoryUsage of job (MB)
	253336  -  ResidentSetSize of job (KB)
...
006 (4430510.304.000) 09/08 15:13:45 Image size of job updated: 257740
	248  -  MemoryUsage of job (MB)
	253336  -  ResidentSetSize of job (KB)
...
006 (4430510.304.000) 09/08 15:23:46 Image size of job updated: 258056
	248  -  MemoryUsage of job (MB)
	253692  -  ResidentSetSize of job (KB)
...
006 (4430510.304.000) 09/08 15:28:46 Image size of job updated: 258108
	248  -  MemoryUsage of job (MB)
	253704  -  ResidentSetSize of job (KB)
...
006 (4430510.304.000) 09/08 15:33:49 Image size of job updated: 258112
	248  -  MemoryUsage of job (MB)
	253704  -  ResidentSetSize of job (KB)
...
006 (4430510.304.000) 09/08 15:38:47 Image size of job updated: 259440
	250  -  MemoryUsage of job (MB)
	255080  -  ResidentSetSize of job (KB)
...
006 (4430510.304.000) 09/08 15:43:47 Image size of job updated: 259496
	250  -  MemoryUsage of job (MB)
	255092  -  ResidentSetSize of job (KB)
...
006 (4430510.304.000) 09/08 15:53:49 Image size of job updated: 262680
	253  -  MemoryUsage of job (MB)
	258316  -  ResidentSetSize of job (KB)
...
006 (4430510.304.000) 09/08 15:58:49 Image size of job updated: 262732
	253  -  MemoryUsage of job (MB)
	258328  -  ResidentSetSize of job (KB)
...
006 (4430510.304.000) 09/08 17:48:59 Image size of job updated: 263620
	254  -  MemoryUsage of job (MB)
	259212  -  ResidentSetSize of job (KB)
...
006 (4430510.304.000) 09/08 17:54:01 Image size of job updated: 263676
	254  -  MemoryUsage of job (MB)
	259224  -  ResidentSetSize of job (KB)
...
006 (4430510.304.000) 09/08 18:04:01 Image size of job updated: 263680
	254  -  MemoryUsage of job (MB)
	259224  -  ResidentSetSize of job (KB)
...
006 (4430510.304.000) 09/08 18:09:03 Image size of job updated: 264636
	255  -  MemoryUsage of job (MB)
	260188  -  ResidentSetSize of job (KB)
...
006 (4430510.304.000) 09/08 18:14:03 Image size of job updated: 264640
	255  -  MemoryUsage of job (MB)
	260188  -  ResidentSetSize of job (KB)
...
006 (4430510.304.000) 09/08 18:59:08 Image size of job updated: 266712
	257  -  MemoryUsage of job (MB)
	262304  -  ResidentSetSize of job (KB)
...
006 (4430510.304.000) 09/08 19:04:10 Image size of job updated: 266768
	257  -  MemoryUsage of job (MB)
	262316  -  ResidentSetSize of job (KB)
...
006 (4430510.304.000) 09/08 19:09:10 Image size of job updated: 266772
	257  -  MemoryUsage of job (MB)
	262316  -  ResidentSetSize of job (KB)
...
006 (4430510.304.000) 09/08 19:49:12 Image size of job updated: 267656
	258  -  MemoryUsage of job (MB)
	263208  -  ResidentSetSize of job (KB)
...
006 (4430510.304.000) 09/08 19:54:13 Image size of job updated: 267660
	258  -  MemoryUsage of job (MB)
	263208  -  ResidentSetSize of job (KB)
...
006 (4430510.304.000) 09/08 19:59:13 Image size of job updated: 268472
	258  -  MemoryUsage of job (MB)
	264020  -  ResidentSetSize of job (KB)
...
006 (4430510.304.000) 09/08 21:44:18 Image size of job updated: 270112
	260  -  MemoryUsage of job (MB)
	265748  -  ResidentSetSize of job (KB)
...
006 (4430510.304.000) 09/08 21:49:20 Image size of job updated: 270252
	260  -  MemoryUsage of job (MB)
	265800  -  ResidentSetSize of job (KB)
...
006 (4430510.304.000) 09/08 22:04:22 Image size of job updated: 271428
	261  -  MemoryUsage of job (MB)
	266972  -  ResidentSetSize of job (KB)
...
006 (4430510.304.000) 09/08 22:19:24 Image size of job updated: 271892
	262  -  MemoryUsage of job (MB)
	267444  -  ResidentSetSize of job (KB)
...
006 (4430510.304.000) 09/08 22:24:24 Image size of job updated: 271896
	262  -  MemoryUsage of job (MB)
	267444  -  ResidentSetSize of job (KB)
...
006 (4430510.304.000) 09/08 22:34:25 Image size of job updated: 272376
	262  -  MemoryUsage of job (MB)
	267968  -  ResidentSetSize of job (KB)
...
006 (4430510.304.000) 09/08 22:39:26 Image size of job updated: 272432
	262  -  MemoryUsage of job (MB)
	267980  -  ResidentSetSize of job (KB)
...
006 (4430510.304.000) 09/08 22:54:28 Image size of job updated: 273140
	263  -  MemoryUsage of job (MB)
	268692  -  ResidentSetSize of job (KB)
...
006 (4430510.304.000) 09/08 22:59:29 Image size of job updated: 273144
	263  -  MemoryUsage of job (MB)
	268692  -  ResidentSetSize of job (KB)
...
006 (4430510.304.000) 09/09 00:19:38 Image size of job updated: 273496
	263  -  MemoryUsage of job (MB)
	268728  -  ResidentSetSize of job (KB)
...
006 (4430510.304.000) 09/09 00:24:38 Image size of job updated: 273500
	263  -  MemoryUsage of job (MB)
	268728  -  ResidentSetSize of job (KB)
...
006 (4430510.304.000) 09/09 00:29:38 Image size of job updated: 274148
	264  -  MemoryUsage of job (MB)
	269376  -  ResidentSetSize of job (KB)
...
006 (4430510.304.000) 09/09 00:34:39 Image size of job updated: 274192
	264  -  MemoryUsage of job (MB)
	269464  -  ResidentSetSize of job (KB)
...
006 (4430510.304.000) 09/09 00:39:40 Image size of job updated: 274248
	264  -  MemoryUsage of job (MB)
	269476  -  ResidentSetSize of job (KB)
...
006 (4430510.304.000) 09/09 00:44:40 Image size of job updated: 274944
	264  -  MemoryUsage of job (MB)
	270168  -  ResidentSetSize of job (KB)
...
006 (4430510.304.000) 09/09 02:49:55 Image size of job updated: 275704
	265  -  MemoryUsage of job (MB)
	270976  -  ResidentSetSize of job (KB)
...
006 (4430510.304.000) 09/09 02:54:56 Image size of job updated: 275760
	265  -  MemoryUsage of job (MB)
	270988  -  ResidentSetSize of job (KB)
...
006 (4430510.304.000) 09/09 03:04:56 Image size of job updated: 276284
	266  -  MemoryUsage of job (MB)
	271556  -  ResidentSetSize of job (KB)
...
006 (4430510.304.000) 09/09 03:09:56 Image size of job updated: 276340
	266  -  MemoryUsage of job (MB)
	271568  -  ResidentSetSize of job (KB)
...
006 (4430510.304.000) 09/09 04:15:03 Image size of job updated: 277328
	267  -  MemoryUsage of job (MB)
	272596  -  ResidentSetSize of job (KB)
...
006 (4430510.304.000) 09/09 04:20:03 Image size of job updated: 277380
	267  -  MemoryUsage of job (MB)
	272608  -  ResidentSetSize of job (KB)
...
006 (4430510.304.000) 09/09 04:25:04 Image size of job updated: 278140
	267  -  MemoryUsage of job (MB)
	273368  -  ResidentSetSize of job (KB)
...
006 (4430510.304.000) 09/09 05:05:09 Image size of job updated: 279608
	269  -  MemoryUsage of job (MB)
	274840  -  ResidentSetSize of job (KB)
...
006 (4430510.304.000) 09/09 05:10:10 Image size of job updated: 279612
	269  -  MemoryUsage of job (MB)
	274840  -  ResidentSetSize of job (KB)
...
006 (4430510.304.000) 09/09 05:20:11 Image size of job updated: 279612
	269  -  MemoryUsage of job (MB)
	274916  -  ResidentSetSize of job (KB)
...
006 (4430510.304.000) 09/09 05:25:11 Image size of job updated: 279740
	269  -  MemoryUsage of job (MB)
	274968  -  ResidentSetSize of job (KB)
...
006 (4430510.304.000) 09/09 08:55:35 Image size of job updated: 280648
	270  -  MemoryUsage of job (MB)
	275876  -  ResidentSetSize of job (KB)
...
006 (4430510.304.000) 09/09 09:10:37 Image size of job updated: 280872
	270  -  MemoryUsage of job (MB)
	276100  -  ResidentSetSize of job (KB)
...
005 (4430510.304.000) 09/09 09:50:30 Job terminated.
	(1) Normal termination (return value 0)
		Usr 0 20:24:51, Sys 0 00:04:43  -  Run Remote Usage
		Usr 0 00:00:00, Sys 0 00:00:00  -  Run Local Usage
		Usr 0 20:24:51, Sys 0 00:04:43  -  Total Remote Usage
		Usr 0 00:00:00, Sys 0 00:00:00  -  Total Local Usage
	3537379  -  Run Bytes Sent By Job
	17284  -  Run Bytes Received By Job
	3537379  -  Total Bytes Sent By Job
	17284  -  Total Bytes Received By Job
	Partitionable Resources :    Usage  Request Allocated
	   Cpus                 :                 1         1
	   Disk (KB)            : 21259271 26214400  27712068
	   Ioheavy              :                           1
	   Memory (MB)          :      270      300       300
...
