000 (4430510.653.000) 09/08 09:59:23 Job submitted from host: <128.105.244.190:9618?addrs=128.105.244.190-9618&noUDP&sock=2714685_05e2_3>
...
001 (4430510.653.000) 09/08 11:55:58 Job executing on host: <128.105.245.41:9618?addrs=128.105.245.41-9618+[--1]-9618&noUDP&sock=5013_c9a9_3>
...
006 (4430510.653.000) 09/08 11:56:22 Image size of job updated: 500
	1  -  MemoryUsage of job (MB)
	476  -  ResidentSetSize of job (KB)
...
006 (4430510.653.000) 09/08 13:11:24 Image size of job updated: 604
	1  -  MemoryUsage of job (MB)
	476  -  ResidentSetSize of job (KB)
...
006 (4430510.653.000) 09/08 14:01:53 Image size of job updated: 15344
	14  -  MemoryUsage of job (MB)
	14324  -  ResidentSetSize of job (KB)
...
006 (4430510.653.000) 09/08 14:06:22 Image size of job updated: 42748
	41  -  MemoryUsage of job (MB)
	41712  -  ResidentSetSize of job (KB)
...
006 (4430510.653.000) 09/08 14:11:23 Image size of job updated: 62652
	60  -  MemoryUsage of job (MB)
	61316  -  ResidentSetSize of job (KB)
...
006 (4430510.653.000) 09/08 14:16:49 Image size of job updated: 190896
	183  -  MemoryUsage of job (MB)
	186540  -  ResidentSetSize of job (KB)
...
006 (4430510.653.000) 09/08 14:26:35 Image size of job updated: 192208
	184  -  MemoryUsage of job (MB)
	188084  -  ResidentSetSize of job (KB)
...
006 (4430510.653.000) 09/08 14:36:38 Image size of job updated: 192208
	184  -  MemoryUsage of job (MB)
	188144  -  ResidentSetSize of job (KB)
...
006 (4430510.653.000) 09/08 14:41:32 Image size of job updated: 210600
	202  -  MemoryUsage of job (MB)
	206508  -  ResidentSetSize of job (KB)
...
006 (4430510.653.000) 09/08 15:13:36 Image size of job updated: 243036
	234  -  MemoryUsage of job (MB)
	239384  -  ResidentSetSize of job (KB)
...
006 (4430510.653.000) 09/08 15:23:06 Image size of job updated: 243036
	234  -  MemoryUsage of job (MB)
	239404  -  ResidentSetSize of job (KB)
...
006 (4430510.653.000) 09/08 15:30:12 Image size of job updated: 248564
	234  -  MemoryUsage of job (MB)
	239404  -  ResidentSetSize of job (KB)
...
006 (4430510.653.000) 09/08 15:35:06 Image size of job updated: 248624
	234  -  MemoryUsage of job (MB)
	239404  -  ResidentSetSize of job (KB)
...
006 (4430510.653.000) 09/08 15:45:32 Image size of job updated: 248752
	234  -  MemoryUsage of job (MB)
	239404  -  ResidentSetSize of job (KB)
...
006 (4430510.653.000) 09/08 15:50:09 Image size of job updated: 248760
	234  -  MemoryUsage of job (MB)
	239404  -  ResidentSetSize of job (KB)
...
006 (4430510.653.000) 09/08 16:39:58 Image size of job updated: 252444
	234  -  MemoryUsage of job (MB)
	239404  -  ResidentSetSize of job (KB)
...
006 (4430510.653.000) 09/08 16:46:27 Image size of job updated: 252508
	234  -  MemoryUsage of job (MB)
	239404  -  ResidentSetSize of job (KB)
...
006 (4430510.653.000) 09/08 16:52:29 Image size of job updated: 254552
	234  -  MemoryUsage of job (MB)
	239404  -  ResidentSetSize of job (KB)
...
006 (4430510.653.000) 09/08 19:09:51 Image size of job updated: 258000
	234  -  MemoryUsage of job (MB)
	239404  -  ResidentSetSize of job (KB)
...
006 (4430510.653.000) 09/08 19:14:48 Image size of job updated: 258008
	234  -  MemoryUsage of job (MB)
	239404  -  ResidentSetSize of job (KB)
...
006 (4430510.653.000) 09/08 20:24:53 Image size of job updated: 263860
	234  -  MemoryUsage of job (MB)
	239404  -  ResidentSetSize of job (KB)
...
006 (4430510.653.000) 09/08 22:35:08 Image size of job updated: 265580
	234  -  MemoryUsage of job (MB)
	239404  -  ResidentSetSize of job (KB)
...
006 (4430510.653.000) 09/08 22:40:08 Image size of job updated: 265636
	234  -  MemoryUsage of job (MB)
	239404  -  ResidentSetSize of job (KB)
...
006 (4430510.653.000) 09/09 02:05:26 Image size of job updated: 270260
	234  -  MemoryUsage of job (MB)
	239404  -  ResidentSetSize of job (KB)
...
006 (4430510.653.000) 09/09 02:25:28 Image size of job updated: 272968
	236  -  MemoryUsage of job (MB)
	241160  -  ResidentSetSize of job (KB)
...
006 (4430510.653.000) 09/09 02:30:28 Image size of job updated: 273032
	236  -  MemoryUsage of job (MB)
	241180  -  ResidentSetSize of job (KB)
...
006 (4430510.653.000) 09/09 03:55:35 Image size of job updated: 275596
	236  -  MemoryUsage of job (MB)
	241180  -  ResidentSetSize of job (KB)
...
006 (4430510.653.000) 09/09 04:00:36 Image size of job updated: 275660
	236  -  MemoryUsage of job (MB)
	241180  -  ResidentSetSize of job (KB)
...
006 (4430510.653.000) 09/09 04:15:37 Image size of job updated: 275660
	236  -  MemoryUsage of job (MB)
	241344  -  ResidentSetSize of job (KB)
...
006 (4430510.653.000) 09/09 04:50:42 Image size of job updated: 275660
	236  -  MemoryUsage of job (MB)
	241356  -  ResidentSetSize of job (KB)
...
006 (4430510.653.000) 09/09 05:15:43 Image size of job updated: 276176
	236  -  MemoryUsage of job (MB)
	241356  -  ResidentSetSize of job (KB)
...
006 (4430510.653.000) 09/09 05:20:44 Image size of job updated: 276240
	236  -  MemoryUsage of job (MB)
	241356  -  ResidentSetSize of job (KB)
...
006 (4430510.653.000) 09/09 05:55:47 Image size of job updated: 276240
	237  -  MemoryUsage of job (MB)
	242432  -  ResidentSetSize of job (KB)
...
006 (4430510.653.000) 09/09 06:00:51 Image size of job updated: 276264
	237  -  MemoryUsage of job (MB)
	242432  -  ResidentSetSize of job (KB)
...
006 (4430510.653.000) 09/09 07:56:19 Image size of job updated: 276684
	237  -  MemoryUsage of job (MB)
	242432  -  ResidentSetSize of job (KB)
...
006 (4430510.653.000) 09/09 08:15:57 Image size of job updated: 279900
	237  -  MemoryUsage of job (MB)
	242432  -  ResidentSetSize of job (KB)
...
006 (4430510.653.000) 09/09 11:35:39 Image size of job updated: 280096
	238  -  MemoryUsage of job (MB)
	243436  -  ResidentSetSize of job (KB)
...
006 (4430510.653.000) 09/09 11:40:39 Image size of job updated: 280244
	238  -  MemoryUsage of job (MB)
	243436  -  ResidentSetSize of job (KB)
...
006 (4430510.653.000) 09/09 13:50:59 Image size of job updated: 282088
	239  -  MemoryUsage of job (MB)
	244000  -  ResidentSetSize of job (KB)
...
006 (4430510.653.000) 09/09 13:56:01 Image size of job updated: 282148
	239  -  MemoryUsage of job (MB)
	244000  -  ResidentSetSize of job (KB)
...
006 (4430510.653.000) 09/09 14:00:59 Image size of job updated: 282152
	239  -  MemoryUsage of job (MB)
	244000  -  ResidentSetSize of job (KB)
...
005 (4430510.653.000) 09/09 14:22:39 Job terminated.
	(1) Normal termination (return value 0)
		Usr 0 21:25:43, Sys 0 00:06:28  -  Run Remote Usage
		Usr 0 00:00:00, Sys 0 00:00:00  -  Run Local Usage
		Usr 0 21:25:43, Sys 0 00:06:28  -  Total Remote Usage
		Usr 0 00:00:00, Sys 0 00:00:00  -  Total Local Usage
	3532717  -  Run Bytes Sent By Job
	17284  -  Run Bytes Received By Job
	3532717  -  Total Bytes Sent By Job
	17284  -  Total Bytes Received By Job
	Partitionable Resources :    Usage  Request Allocated
	   Cpus                 :                 1         1
	   Disk (KB)            : 20943342 26214400  28685061
	   Ioheavy              :                           1
	   Memory (MB)          :      239      300       300
...
