000 (4430510.930.000) 09/08 09:59:23 Job submitted from host: <128.105.244.190:9618?addrs=128.105.244.190-9618&noUDP&sock=2714685_05e2_3>
...
001 (4430510.930.000) 09/08 23:03:06 Job executing on host: <128.105.244.72:9618?addrs=128.105.244.72-9618+[--1]-9618&noUDP&sock=10228_1331_3>
...
006 (4430510.930.000) 09/08 23:03:15 Image size of job updated: 476
	1  -  MemoryUsage of job (MB)
	476  -  ResidentSetSize of job (KB)
...
006 (4430510.930.000) 09/08 23:08:27 Image size of job updated: 552
	1  -  MemoryUsage of job (MB)
	476  -  ResidentSetSize of job (KB)
...
006 (4430510.930.000) 09/08 23:13:24 Image size of job updated: 29228
	28  -  MemoryUsage of job (MB)
	28256  -  ResidentSetSize of job (KB)
...
006 (4430510.930.000) 09/08 23:18:18 Image size of job updated: 62604
	60  -  MemoryUsage of job (MB)
	61316  -  ResidentSetSize of job (KB)
...
006 (4430510.930.000) 09/08 23:23:20 Image size of job updated: 194412
	186  -  MemoryUsage of job (MB)
	190056  -  ResidentSetSize of job (KB)
...
006 (4430510.930.000) 09/08 23:28:20 Image size of job updated: 203728
	186  -  MemoryUsage of job (MB)
	190056  -  ResidentSetSize of job (KB)
...
006 (4430510.930.000) 09/08 23:33:21 Image size of job updated: 206872
	186  -  MemoryUsage of job (MB)
	190056  -  ResidentSetSize of job (KB)
...
006 (4430510.930.000) 09/08 23:38:20 Image size of job updated: 206936
	186  -  MemoryUsage of job (MB)
	190056  -  ResidentSetSize of job (KB)
...
006 (4430510.930.000) 09/08 23:43:21 Image size of job updated: 211576
	186  -  MemoryUsage of job (MB)
	190056  -  ResidentSetSize of job (KB)
...
006 (4430510.930.000) 09/08 23:48:21 Image size of job updated: 211580
	186  -  MemoryUsage of job (MB)
	190056  -  ResidentSetSize of job (KB)
...
006 (4430510.930.000) 09/08 23:53:21 Image size of job updated: 215160
	186  -  MemoryUsage of job (MB)
	190056  -  ResidentSetSize of job (KB)
...
006 (4430510.930.000) 09/09 00:03:22 Image size of job updated: 229976
	200  -  MemoryUsage of job (MB)
	204276  -  ResidentSetSize of job (KB)
...
006 (4430510.930.000) 09/09 00:08:22 Image size of job updated: 235124
	205  -  MemoryUsage of job (MB)
	209516  -  ResidentSetSize of job (KB)
...
006 (4430510.930.000) 09/09 00:13:24 Image size of job updated: 235272
	205  -  MemoryUsage of job (MB)
	209576  -  ResidentSetSize of job (KB)
...
006 (4430510.930.000) 09/09 00:18:25 Image size of job updated: 246744
	216  -  MemoryUsage of job (MB)
	221044  -  ResidentSetSize of job (KB)
...
006 (4430510.930.000) 09/09 00:23:26 Image size of job updated: 254828
	224  -  MemoryUsage of job (MB)
	229136  -  ResidentSetSize of job (KB)
...
006 (4430510.930.000) 09/09 00:28:27 Image size of job updated: 254840
	224  -  MemoryUsage of job (MB)
	229136  -  ResidentSetSize of job (KB)
...
006 (4430510.930.000) 09/09 00:48:28 Image size of job updated: 257596
	227  -  MemoryUsage of job (MB)
	231988  -  ResidentSetSize of job (KB)
...
006 (4430510.930.000) 09/09 00:53:29 Image size of job updated: 257748
	227  -  MemoryUsage of job (MB)
	232048  -  ResidentSetSize of job (KB)
...
006 (4430510.930.000) 09/09 00:58:29 Image size of job updated: 258036
	227  -  MemoryUsage of job (MB)
	232336  -  ResidentSetSize of job (KB)
...
006 (4430510.930.000) 09/09 01:03:31 Image size of job updated: 258240
	228  -  MemoryUsage of job (MB)
	232548  -  ResidentSetSize of job (KB)
...
006 (4430510.930.000) 09/09 01:08:34 Image size of job updated: 258612
	228  -  MemoryUsage of job (MB)
	232548  -  ResidentSetSize of job (KB)
...
006 (4430510.930.000) 09/09 01:33:34 Image size of job updated: 258952
	228  -  MemoryUsage of job (MB)
	232548  -  ResidentSetSize of job (KB)
...
006 (4430510.930.000) 09/09 01:38:35 Image size of job updated: 258956
	228  -  MemoryUsage of job (MB)
	232548  -  ResidentSetSize of job (KB)
...
006 (4430510.930.000) 09/09 01:43:35 Image size of job updated: 260900
	229  -  MemoryUsage of job (MB)
	233528  -  ResidentSetSize of job (KB)
...
006 (4430510.930.000) 09/09 01:48:37 Image size of job updated: 261768
	229  -  MemoryUsage of job (MB)
	234352  -  ResidentSetSize of job (KB)
...
006 (4430510.930.000) 09/09 03:03:45 Image size of job updated: 263336
	231  -  MemoryUsage of job (MB)
	235924  -  ResidentSetSize of job (KB)
...
006 (4430510.930.000) 09/09 03:08:45 Image size of job updated: 263344
	231  -  MemoryUsage of job (MB)
	235924  -  ResidentSetSize of job (KB)
...
006 (4430510.930.000) 09/09 03:43:52 Image size of job updated: 265928
	233  -  MemoryUsage of job (MB)
	238556  -  ResidentSetSize of job (KB)
...
006 (4430510.930.000) 09/09 03:48:51 Image size of job updated: 265992
	233  -  MemoryUsage of job (MB)
	238576  -  ResidentSetSize of job (KB)
...
006 (4430510.930.000) 09/09 04:43:56 Image size of job updated: 266768
	234  -  MemoryUsage of job (MB)
	239152  -  ResidentSetSize of job (KB)
...
006 (4430510.930.000) 09/09 04:48:56 Image size of job updated: 266772
	234  -  MemoryUsage of job (MB)
	239152  -  ResidentSetSize of job (KB)
...
006 (4430510.930.000) 09/09 04:53:57 Image size of job updated: 268392
	236  -  MemoryUsage of job (MB)
	240816  -  ResidentSetSize of job (KB)
...
006 (4430510.930.000) 09/09 04:58:58 Image size of job updated: 268456
	236  -  MemoryUsage of job (MB)
	240836  -  ResidentSetSize of job (KB)
...
006 (4430510.930.000) 09/09 05:23:59 Image size of job updated: 269860
	237  -  MemoryUsage of job (MB)
	242240  -  ResidentSetSize of job (KB)
...
006 (4430510.930.000) 09/09 05:28:59 Image size of job updated: 269864
	237  -  MemoryUsage of job (MB)
	242240  -  ResidentSetSize of job (KB)
...
006 (4430510.930.000) 09/09 05:33:59 Image size of job updated: 269896
	237  -  MemoryUsage of job (MB)
	242320  -  ResidentSetSize of job (KB)
...
006 (4430510.930.000) 09/09 05:39:00 Image size of job updated: 269960
	237  -  MemoryUsage of job (MB)
	242340  -  ResidentSetSize of job (KB)
...
006 (4430510.930.000) 09/09 05:49:00 Image size of job updated: 270444
	238  -  MemoryUsage of job (MB)
	242824  -  ResidentSetSize of job (KB)
...
006 (4430510.930.000) 09/09 05:59:03 Image size of job updated: 270556
	238  -  MemoryUsage of job (MB)
	242980  -  ResidentSetSize of job (KB)
...
006 (4430510.930.000) 09/09 06:04:01 Image size of job updated: 270620
	238  -  MemoryUsage of job (MB)
	243000  -  ResidentSetSize of job (KB)
...
006 (4430510.930.000) 09/09 06:34:03 Image size of job updated: 271096
	238  -  MemoryUsage of job (MB)
	243476  -  ResidentSetSize of job (KB)
...
006 (4430510.930.000) 09/09 06:49:08 Image size of job updated: 271176
	238  -  MemoryUsage of job (MB)
	243556  -  ResidentSetSize of job (KB)
...
006 (4430510.930.000) 09/09 07:04:07 Image size of job updated: 271812
	239  -  MemoryUsage of job (MB)
	244192  -  ResidentSetSize of job (KB)
...
006 (4430510.930.000) 09/09 07:14:08 Image size of job updated: 271820
	239  -  MemoryUsage of job (MB)
	244240  -  ResidentSetSize of job (KB)
...
006 (4430510.930.000) 09/09 07:19:09 Image size of job updated: 271880
	239  -  MemoryUsage of job (MB)
	244260  -  ResidentSetSize of job (KB)
...
006 (4430510.930.000) 09/09 07:29:10 Image size of job updated: 272564
	240  -  MemoryUsage of job (MB)
	244948  -  ResidentSetSize of job (KB)
...
006 (4430510.930.000) 09/09 07:34:11 Image size of job updated: 272568
	240  -  MemoryUsage of job (MB)
	244948  -  ResidentSetSize of job (KB)
...
006 (4430510.930.000) 09/09 07:54:12 Image size of job updated: 275140
	242  -  MemoryUsage of job (MB)
	247560  -  ResidentSetSize of job (KB)
...
006 (4430510.930.000) 09/09 07:59:14 Image size of job updated: 275200
	242  -  MemoryUsage of job (MB)
	247580  -  ResidentSetSize of job (KB)
...
006 (4430510.930.000) 09/09 08:09:14 Image size of job updated: 275228
	242  -  MemoryUsage of job (MB)
	247608  -  ResidentSetSize of job (KB)
...
006 (4430510.930.000) 09/09 10:19:29 Image size of job updated: 277796
	245  -  MemoryUsage of job (MB)
	250216  -  ResidentSetSize of job (KB)
...
006 (4430510.930.000) 09/09 10:24:30 Image size of job updated: 277856
	245  -  MemoryUsage of job (MB)
	250236  -  ResidentSetSize of job (KB)
...
006 (4430510.930.000) 09/09 11:19:36 Image size of job updated: 278444
	246  -  MemoryUsage of job (MB)
	250912  -  ResidentSetSize of job (KB)
...
006 (4430510.930.000) 09/09 11:24:37 Image size of job updated: 278592
	246  -  MemoryUsage of job (MB)
	250972  -  ResidentSetSize of job (KB)
...
006 (4430510.930.000) 09/09 11:39:39 Image size of job updated: 278944
	246  -  MemoryUsage of job (MB)
	251324  -  ResidentSetSize of job (KB)
...
006 (4430510.930.000) 09/09 11:59:42 Image size of job updated: 279356
	246  -  MemoryUsage of job (MB)
	251776  -  ResidentSetSize of job (KB)
...
006 (4430510.930.000) 09/09 12:04:42 Image size of job updated: 279416
	246  -  MemoryUsage of job (MB)
	251796  -  ResidentSetSize of job (KB)
...
006 (4430510.930.000) 09/09 12:19:44 Image size of job updated: 279872
	247  -  MemoryUsage of job (MB)
	252248  -  ResidentSetSize of job (KB)
...
006 (4430510.930.000) 09/09 12:54:47 Image size of job updated: 280472
	247  -  MemoryUsage of job (MB)
	252856  -  ResidentSetSize of job (KB)
...
006 (4430510.930.000) 09/09 12:59:47 Image size of job updated: 280476
	247  -  MemoryUsage of job (MB)
	252856  -  ResidentSetSize of job (KB)
...
006 (4430510.930.000) 09/09 13:24:50 Image size of job updated: 280972
	248  -  MemoryUsage of job (MB)
	253356  -  ResidentSetSize of job (KB)
...
006 (4430510.930.000) 09/09 13:29:51 Image size of job updated: 280976
	248  -  MemoryUsage of job (MB)
	253356  -  ResidentSetSize of job (KB)
...
006 (4430510.930.000) 09/09 14:19:56 Image size of job updated: 280996
	248  -  MemoryUsage of job (MB)
	253376  -  ResidentSetSize of job (KB)
...
006 (4430510.930.000) 09/09 14:29:57 Image size of job updated: 280996
	248  -  MemoryUsage of job (MB)
	253416  -  ResidentSetSize of job (KB)
...
006 (4430510.930.000) 09/09 14:34:58 Image size of job updated: 281056
	248  -  MemoryUsage of job (MB)
	253436  -  ResidentSetSize of job (KB)
...
006 (4430510.930.000) 09/09 14:44:58 Image size of job updated: 281676
	249  -  MemoryUsage of job (MB)
	254060  -  ResidentSetSize of job (KB)
...
006 (4430510.930.000) 09/09 14:49:59 Image size of job updated: 281680
	249  -  MemoryUsage of job (MB)
	254060  -  ResidentSetSize of job (KB)
...
006 (4430510.930.000) 09/09 15:00:00 Image size of job updated: 284164
	251  -  MemoryUsage of job (MB)
	256544  -  ResidentSetSize of job (KB)
...
006 (4430510.930.000) 09/09 15:55:06 Image size of job updated: 285440
	252  -  MemoryUsage of job (MB)
	257824  -  ResidentSetSize of job (KB)
...
006 (4430510.930.000) 09/09 16:00:07 Image size of job updated: 285444
	252  -  MemoryUsage of job (MB)
	257824  -  ResidentSetSize of job (KB)
...
005 (4430510.930.000) 09/09 16:45:04 Job terminated.
	(1) Normal termination (return value 0)
		Usr 0 17:23:15, Sys 0 00:05:01  -  Run Remote Usage
		Usr 0 00:00:00, Sys 0 00:00:00  -  Run Local Usage
		Usr 0 17:23:15, Sys 0 00:05:01  -  Total Remote Usage
		Usr 0 00:00:00, Sys 0 00:00:00  -  Total Local Usage
	3535433  -  Run Bytes Sent By Job
	17284  -  Run Bytes Received By Job
	3535433  -  Total Bytes Sent By Job
	17284  -  Total Bytes Received By Job
	Partitionable Resources :    Usage  Request Allocated
	   Cpus                 :                 1         1
	   Disk (KB)            : 18694721 26214400  29584288
	   Ioheavy              :                           1
	   Memory (MB)          :      252      300       300
...
