000 (4430510.393.000) 09/08 09:59:23 Job submitted from host: <128.105.244.190:9618?addrs=128.105.244.190-9618&noUDP&sock=2714685_05e2_3>
...
001 (4430510.393.000) 09/08 11:37:19 Job executing on host: <128.105.245.234:9618?addrs=128.105.245.234-9618+[--1]-9618&noUDP&sock=5500_24b0_3>
...
006 (4430510.393.000) 09/08 11:37:28 Image size of job updated: 480
	1  -  MemoryUsage of job (MB)
	480  -  ResidentSetSize of job (KB)
...
006 (4430510.393.000) 09/08 11:42:29 Image size of job updated: 544
	1  -  MemoryUsage of job (MB)
	544  -  ResidentSetSize of job (KB)
...
006 (4430510.393.000) 09/08 11:47:29 Image size of job updated: 15652
	15  -  MemoryUsage of job (MB)
	14720  -  ResidentSetSize of job (KB)
...
006 (4430510.393.000) 09/08 11:52:30 Image size of job updated: 164528
	157  -  MemoryUsage of job (MB)
	160168  -  ResidentSetSize of job (KB)
...
006 (4430510.393.000) 09/08 11:57:32 Image size of job updated: 190444
	157  -  MemoryUsage of job (MB)
	160168  -  ResidentSetSize of job (KB)
...
006 (4430510.393.000) 09/08 12:17:32 Image size of job updated: 208664
	179  -  MemoryUsage of job (MB)
	182920  -  ResidentSetSize of job (KB)
...
006 (4430510.393.000) 09/08 12:22:32 Image size of job updated: 208672
	179  -  MemoryUsage of job (MB)
	182920  -  ResidentSetSize of job (KB)
...
006 (4430510.393.000) 09/08 12:27:33 Image size of job updated: 210856
	181  -  MemoryUsage of job (MB)
	185148  -  ResidentSetSize of job (KB)
...
006 (4430510.393.000) 09/08 12:32:33 Image size of job updated: 210912
	181  -  MemoryUsage of job (MB)
	185160  -  ResidentSetSize of job (KB)
...
006 (4430510.393.000) 09/08 12:52:35 Image size of job updated: 243076
	213  -  MemoryUsage of job (MB)
	217328  -  ResidentSetSize of job (KB)
...
006 (4430510.393.000) 09/08 12:57:35 Image size of job updated: 243080
	213  -  MemoryUsage of job (MB)
	217328  -  ResidentSetSize of job (KB)
...
006 (4430510.393.000) 09/08 13:07:37 Image size of job updated: 251132
	221  -  MemoryUsage of job (MB)
	225388  -  ResidentSetSize of job (KB)
...
006 (4430510.393.000) 09/08 13:12:38 Image size of job updated: 251140
	221  -  MemoryUsage of job (MB)
	225388  -  ResidentSetSize of job (KB)
...
006 (4430510.393.000) 09/08 13:22:38 Image size of job updated: 252336
	222  -  MemoryUsage of job (MB)
	226628  -  ResidentSetSize of job (KB)
...
006 (4430510.393.000) 09/08 13:27:38 Image size of job updated: 252388
	222  -  MemoryUsage of job (MB)
	226640  -  ResidentSetSize of job (KB)
...
006 (4430510.393.000) 09/08 13:32:38 Image size of job updated: 252392
	222  -  MemoryUsage of job (MB)
	226640  -  ResidentSetSize of job (KB)
...
006 (4430510.393.000) 09/08 13:42:41 Image size of job updated: 255592
	225  -  MemoryUsage of job (MB)
	229848  -  ResidentSetSize of job (KB)
...
006 (4430510.393.000) 09/08 13:47:41 Image size of job updated: 255596
	225  -  MemoryUsage of job (MB)
	229848  -  ResidentSetSize of job (KB)
...
006 (4430510.393.000) 09/08 13:52:41 Image size of job updated: 255600
	225  -  MemoryUsage of job (MB)
	229848  -  ResidentSetSize of job (KB)
...
006 (4430510.393.000) 09/08 13:57:41 Image size of job updated: 256624
	226  -  MemoryUsage of job (MB)
	230880  -  ResidentSetSize of job (KB)
...
006 (4430510.393.000) 09/08 14:02:41 Image size of job updated: 256632
	226  -  MemoryUsage of job (MB)
	230880  -  ResidentSetSize of job (KB)
...
006 (4430510.393.000) 09/08 14:32:44 Image size of job updated: 258196
	228  -  MemoryUsage of job (MB)
	232452  -  ResidentSetSize of job (KB)
...
006 (4430510.393.000) 09/08 14:37:44 Image size of job updated: 258204
	228  -  MemoryUsage of job (MB)
	232452  -  ResidentSetSize of job (KB)
...
006 (4430510.393.000) 09/08 14:47:45 Image size of job updated: 258580
	228  -  MemoryUsage of job (MB)
	232920  -  ResidentSetSize of job (KB)
...
006 (4430510.393.000) 09/08 14:52:45 Image size of job updated: 258724
	228  -  MemoryUsage of job (MB)
	232972  -  ResidentSetSize of job (KB)
...
006 (4430510.393.000) 09/08 14:57:45 Image size of job updated: 258728
	228  -  MemoryUsage of job (MB)
	232972  -  ResidentSetSize of job (KB)
...
006 (4430510.393.000) 09/08 15:02:46 Image size of job updated: 259528
	229  -  MemoryUsage of job (MB)
	233772  -  ResidentSetSize of job (KB)
...
006 (4430510.393.000) 09/08 15:07:48 Image size of job updated: 261304
	231  -  MemoryUsage of job (MB)
	235592  -  ResidentSetSize of job (KB)
...
006 (4430510.393.000) 09/08 15:12:48 Image size of job updated: 262164
	231  -  MemoryUsage of job (MB)
	236412  -  ResidentSetSize of job (KB)
...
006 (4430510.393.000) 09/08 16:17:55 Image size of job updated: 262304
	232  -  MemoryUsage of job (MB)
	236560  -  ResidentSetSize of job (KB)
...
006 (4430510.393.000) 09/08 16:22:55 Image size of job updated: 262312
	232  -  MemoryUsage of job (MB)
	236560  -  ResidentSetSize of job (KB)
...
006 (4430510.393.000) 09/08 16:32:55 Image size of job updated: 262488
	232  -  MemoryUsage of job (MB)
	236780  -  ResidentSetSize of job (KB)
...
006 (4430510.393.000) 09/08 16:37:57 Image size of job updated: 262540
	232  -  MemoryUsage of job (MB)
	236792  -  ResidentSetSize of job (KB)
...
006 (4430510.393.000) 09/08 16:42:57 Image size of job updated: 262544
	232  -  MemoryUsage of job (MB)
	236792  -  ResidentSetSize of job (KB)
...
006 (4430510.393.000) 09/08 17:07:59 Image size of job updated: 262856
	232  -  MemoryUsage of job (MB)
	237148  -  ResidentSetSize of job (KB)
...
006 (4430510.393.000) 09/08 17:12:59 Image size of job updated: 262908
	232  -  MemoryUsage of job (MB)
	237160  -  ResidentSetSize of job (KB)
...
006 (4430510.393.000) 09/08 17:17:59 Image size of job updated: 262912
	232  -  MemoryUsage of job (MB)
	237160  -  ResidentSetSize of job (KB)
...
006 (4430510.393.000) 09/08 17:22:59 Image size of job updated: 264460
	234  -  MemoryUsage of job (MB)
	238752  -  ResidentSetSize of job (KB)
...
006 (4430510.393.000) 09/08 17:27:59 Image size of job updated: 264512
	234  -  MemoryUsage of job (MB)
	238764  -  ResidentSetSize of job (KB)
...
006 (4430510.393.000) 09/08 17:33:01 Image size of job updated: 264516
	234  -  MemoryUsage of job (MB)
	238764  -  ResidentSetSize of job (KB)
...
006 (4430510.393.000) 09/08 17:58:03 Image size of job updated: 265412
	235  -  MemoryUsage of job (MB)
	239664  -  ResidentSetSize of job (KB)
...
006 (4430510.393.000) 09/08 18:03:05 Image size of job updated: 265416
	235  -  MemoryUsage of job (MB)
	239664  -  ResidentSetSize of job (KB)
...
006 (4430510.393.000) 09/08 18:43:09 Image size of job updated: 266776
	236  -  MemoryUsage of job (MB)
	241116  -  ResidentSetSize of job (KB)
...
006 (4430510.393.000) 09/08 18:48:10 Image size of job updated: 266920
	236  -  MemoryUsage of job (MB)
	241168  -  ResidentSetSize of job (KB)
...
006 (4430510.393.000) 09/08 19:18:13 Image size of job updated: 267324
	236  -  MemoryUsage of job (MB)
	241664  -  ResidentSetSize of job (KB)
...
006 (4430510.393.000) 09/08 19:23:13 Image size of job updated: 267468
	237  -  MemoryUsage of job (MB)
	241716  -  ResidentSetSize of job (KB)
...
006 (4430510.393.000) 09/08 19:38:16 Image size of job updated: 267984
	237  -  MemoryUsage of job (MB)
	242232  -  ResidentSetSize of job (KB)
...
006 (4430510.393.000) 09/08 19:43:16 Image size of job updated: 268796
	238  -  MemoryUsage of job (MB)
	243044  -  ResidentSetSize of job (KB)
...
006 (4430510.393.000) 09/08 19:48:16 Image size of job updated: 269280
	238  -  MemoryUsage of job (MB)
	243572  -  ResidentSetSize of job (KB)
...
006 (4430510.393.000) 09/08 19:53:16 Image size of job updated: 269336
	238  -  MemoryUsage of job (MB)
	243584  -  ResidentSetSize of job (KB)
...
006 (4430510.393.000) 09/08 19:58:17 Image size of job updated: 269340
	238  -  MemoryUsage of job (MB)
	243584  -  ResidentSetSize of job (KB)
...
006 (4430510.393.000) 09/08 20:03:19 Image size of job updated: 270168
	239  -  MemoryUsage of job (MB)
	244460  -  ResidentSetSize of job (KB)
...
006 (4430510.393.000) 09/08 20:08:19 Image size of job updated: 270220
	239  -  MemoryUsage of job (MB)
	244472  -  ResidentSetSize of job (KB)
...
006 (4430510.393.000) 09/08 20:13:19 Image size of job updated: 270224
	239  -  MemoryUsage of job (MB)
	244472  -  ResidentSetSize of job (KB)
...
006 (4430510.393.000) 09/08 20:18:19 Image size of job updated: 270640
	240  -  MemoryUsage of job (MB)
	244980  -  ResidentSetSize of job (KB)
...
006 (4430510.393.000) 09/08 20:23:20 Image size of job updated: 270784
	240  -  MemoryUsage of job (MB)
	245032  -  ResidentSetSize of job (KB)
...
006 (4430510.393.000) 09/08 20:53:22 Image size of job updated: 270784
	240  -  MemoryUsage of job (MB)
	245064  -  ResidentSetSize of job (KB)
...
006 (4430510.393.000) 09/08 20:58:24 Image size of job updated: 270824
	240  -  MemoryUsage of job (MB)
	245076  -  ResidentSetSize of job (KB)
...
006 (4430510.393.000) 09/08 21:03:24 Image size of job updated: 270828
	240  -  MemoryUsage of job (MB)
	245076  -  ResidentSetSize of job (KB)
...
006 (4430510.393.000) 09/08 21:08:25 Image size of job updated: 271340
	240  -  MemoryUsage of job (MB)
	245628  -  ResidentSetSize of job (KB)
...
006 (4430510.393.000) 09/08 21:13:26 Image size of job updated: 271392
	240  -  MemoryUsage of job (MB)
	245640  -  ResidentSetSize of job (KB)
...
006 (4430510.393.000) 09/08 21:43:28 Image size of job updated: 272808
	242  -  MemoryUsage of job (MB)
	247100  -  ResidentSetSize of job (KB)
...
006 (4430510.393.000) 09/08 21:48:29 Image size of job updated: 272864
	242  -  MemoryUsage of job (MB)
	247112  -  ResidentSetSize of job (KB)
...
006 (4430510.393.000) 09/08 22:38:32 Image size of job updated: 274864
	244  -  MemoryUsage of job (MB)
	249116  -  ResidentSetSize of job (KB)
...
006 (4430510.393.000) 09/08 22:43:33 Image size of job updated: 274868
	244  -  MemoryUsage of job (MB)
	249116  -  ResidentSetSize of job (KB)
...
006 (4430510.393.000) 09/08 23:28:38 Image size of job updated: 275756
	245  -  MemoryUsage of job (MB)
	250008  -  ResidentSetSize of job (KB)
...
006 (4430510.393.000) 09/08 23:33:38 Image size of job updated: 275760
	245  -  MemoryUsage of job (MB)
	250008  -  ResidentSetSize of job (KB)
...
006 (4430510.393.000) 09/09 00:18:43 Image size of job updated: 276436
	245  -  MemoryUsage of job (MB)
	250728  -  ResidentSetSize of job (KB)
...
006 (4430510.393.000) 09/09 00:23:44 Image size of job updated: 276492
	245  -  MemoryUsage of job (MB)
	250740  -  ResidentSetSize of job (KB)
...
006 (4430510.393.000) 09/09 00:38:44 Image size of job updated: 276744
	246  -  MemoryUsage of job (MB)
	250992  -  ResidentSetSize of job (KB)
...
006 (4430510.393.000) 09/09 01:58:54 Image size of job updated: 277272
	246  -  MemoryUsage of job (MB)
	251612  -  ResidentSetSize of job (KB)
...
006 (4430510.393.000) 09/09 02:03:54 Image size of job updated: 277416
	246  -  MemoryUsage of job (MB)
	251664  -  ResidentSetSize of job (KB)
...
006 (4430510.393.000) 09/09 02:08:54 Image size of job updated: 277420
	246  -  MemoryUsage of job (MB)
	251664  -  ResidentSetSize of job (KB)
...
006 (4430510.393.000) 09/09 02:38:57 Image size of job updated: 278048
	247  -  MemoryUsage of job (MB)
	252304  -  ResidentSetSize of job (KB)
...
006 (4430510.393.000) 09/09 02:43:57 Image size of job updated: 278052
	247  -  MemoryUsage of job (MB)
	252304  -  ResidentSetSize of job (KB)
...
006 (4430510.393.000) 09/09 02:48:59 Image size of job updated: 278056
	247  -  MemoryUsage of job (MB)
	252304  -  ResidentSetSize of job (KB)
...
006 (4430510.393.000) 09/09 03:24:02 Image size of job updated: 278552
	247  -  MemoryUsage of job (MB)
	252840  -  ResidentSetSize of job (KB)
...
006 (4430510.393.000) 09/09 03:29:02 Image size of job updated: 278604
	247  -  MemoryUsage of job (MB)
	252852  -  ResidentSetSize of job (KB)
...
006 (4430510.393.000) 09/09 03:54:05 Image size of job updated: 278664
	247  -  MemoryUsage of job (MB)
	252916  -  ResidentSetSize of job (KB)
...
006 (4430510.393.000) 09/09 03:59:08 Image size of job updated: 278668
	247  -  MemoryUsage of job (MB)
	252916  -  ResidentSetSize of job (KB)
...
006 (4430510.393.000) 09/09 04:09:07 Image size of job updated: 279420
	248  -  MemoryUsage of job (MB)
	253712  -  ResidentSetSize of job (KB)
...
006 (4430510.393.000) 09/09 04:14:08 Image size of job updated: 279476
	248  -  MemoryUsage of job (MB)
	253724  -  ResidentSetSize of job (KB)
...
006 (4430510.393.000) 09/09 04:29:10 Image size of job updated: 281476
	250  -  MemoryUsage of job (MB)
	255728  -  ResidentSetSize of job (KB)
...
006 (4430510.393.000) 09/09 04:34:10 Image size of job updated: 281480
	250  -  MemoryUsage of job (MB)
	255728  -  ResidentSetSize of job (KB)
...
006 (4430510.393.000) 09/09 06:49:23 Image size of job updated: 281760
	250  -  MemoryUsage of job (MB)
	255728  -  ResidentSetSize of job (KB)
...
006 (4430510.393.000) 09/09 06:54:23 Image size of job updated: 281764
	250  -  MemoryUsage of job (MB)
	255728  -  ResidentSetSize of job (KB)
...
006 (4430510.393.000) 09/09 07:29:28 Image size of job updated: 282796
	250  -  MemoryUsage of job (MB)
	255728  -  ResidentSetSize of job (KB)
...
006 (4430510.393.000) 09/09 07:34:28 Image size of job updated: 282800
	250  -  MemoryUsage of job (MB)
	255728  -  ResidentSetSize of job (KB)
...
006 (4430510.393.000) 09/09 07:39:28 Image size of job updated: 282804
	250  -  MemoryUsage of job (MB)
	255728  -  ResidentSetSize of job (KB)
...
006 (4430510.393.000) 09/09 07:44:28 Image size of job updated: 284552
	250  -  MemoryUsage of job (MB)
	255728  -  ResidentSetSize of job (KB)
...
006 (4430510.393.000) 09/09 07:49:29 Image size of job updated: 284608
	250  -  MemoryUsage of job (MB)
	255728  -  ResidentSetSize of job (KB)
...
006 (4430510.393.000) 09/09 08:29:35 Image size of job updated: 286052
	250  -  MemoryUsage of job (MB)
	255728  -  ResidentSetSize of job (KB)
...
006 (4430510.393.000) 09/09 08:34:36 Image size of job updated: 286104
	250  -  MemoryUsage of job (MB)
	255728  -  ResidentSetSize of job (KB)
...
005 (4430510.393.000) 09/09 08:57:24 Job terminated.
	(1) Normal termination (return value 0)
		Usr 0 20:28:58, Sys 0 00:04:53  -  Run Remote Usage
		Usr 0 00:00:00, Sys 0 00:00:00  -  Run Local Usage
		Usr 0 20:28:58, Sys 0 00:04:53  -  Total Remote Usage
		Usr 0 00:00:00, Sys 0 00:00:00  -  Total Local Usage
	3531062  -  Run Bytes Sent By Job
	17284  -  Run Bytes Received By Job
	3531062  -  Total Bytes Sent By Job
	17284  -  Total Bytes Received By Job
	Partitionable Resources :    Usage  Request Allocated
	   Cpus                 :                 1         1
	   Disk (KB)            : 18695143 26214400  26378532
	   Ioheavy              :                           1
	   Memory (MB)          :      250      300       300
...
