000 (4430510.202.000) 09/08 09:59:23 Job submitted from host: <128.105.244.190:9618?addrs=128.105.244.190-9618&noUDP&sock=2714685_05e2_3>
...
001 (4430510.202.000) 09/08 11:22:16 Job executing on host: <128.105.245.144:9618?addrs=128.105.245.144-9618+[--1]-9618&noUDP&sock=5580_3719_3>
...
006 (4430510.202.000) 09/08 11:22:25 Image size of job updated: 476
	1  -  MemoryUsage of job (MB)
	476  -  ResidentSetSize of job (KB)
...
006 (4430510.202.000) 09/08 11:27:26 Image size of job updated: 544
	1  -  MemoryUsage of job (MB)
	544  -  ResidentSetSize of job (KB)
...
006 (4430510.202.000) 09/08 11:57:30 Image size of job updated: 42700
	41  -  MemoryUsage of job (MB)
	41708  -  ResidentSetSize of job (KB)
...
006 (4430510.202.000) 09/08 12:02:31 Image size of job updated: 94224
	89  -  MemoryUsage of job (MB)
	90448  -  ResidentSetSize of job (KB)
...
006 (4430510.202.000) 09/08 12:07:30 Image size of job updated: 194396
	186  -  MemoryUsage of job (MB)
	189984  -  ResidentSetSize of job (KB)
...
006 (4430510.202.000) 09/08 12:17:31 Image size of job updated: 211796
	186  -  MemoryUsage of job (MB)
	190256  -  ResidentSetSize of job (KB)
...
006 (4430510.202.000) 09/08 12:22:31 Image size of job updated: 217476
	192  -  MemoryUsage of job (MB)
	195980  -  ResidentSetSize of job (KB)
...
006 (4430510.202.000) 09/08 12:27:32 Image size of job updated: 217532
	192  -  MemoryUsage of job (MB)
	195992  -  ResidentSetSize of job (KB)
...
006 (4430510.202.000) 09/08 12:32:32 Image size of job updated: 217728
	192  -  MemoryUsage of job (MB)
	196228  -  ResidentSetSize of job (KB)
...
006 (4430510.202.000) 09/08 12:37:33 Image size of job updated: 217780
	192  -  MemoryUsage of job (MB)
	196240  -  ResidentSetSize of job (KB)
...
006 (4430510.202.000) 09/08 12:52:35 Image size of job updated: 244116
	218  -  MemoryUsage of job (MB)
	222620  -  ResidentSetSize of job (KB)
...
006 (4430510.202.000) 09/08 12:57:35 Image size of job updated: 244172
	218  -  MemoryUsage of job (MB)
	222632  -  ResidentSetSize of job (KB)
...
006 (4430510.202.000) 09/08 13:07:36 Image size of job updated: 249460
	223  -  MemoryUsage of job (MB)
	227964  -  ResidentSetSize of job (KB)
...
006 (4430510.202.000) 09/08 13:12:36 Image size of job updated: 249516
	223  -  MemoryUsage of job (MB)
	227976  -  ResidentSetSize of job (KB)
...
006 (4430510.202.000) 09/08 13:22:37 Image size of job updated: 254880
	228  -  MemoryUsage of job (MB)
	233380  -  ResidentSetSize of job (KB)
...
006 (4430510.202.000) 09/08 13:27:37 Image size of job updated: 254932
	228  -  MemoryUsage of job (MB)
	233392  -  ResidentSetSize of job (KB)
...
006 (4430510.202.000) 09/08 14:07:41 Image size of job updated: 257976
	231  -  MemoryUsage of job (MB)
	236476  -  ResidentSetSize of job (KB)
...
006 (4430510.202.000) 09/08 14:12:42 Image size of job updated: 258028
	231  -  MemoryUsage of job (MB)
	236488  -  ResidentSetSize of job (KB)
...
006 (4430510.202.000) 09/08 14:22:42 Image size of job updated: 259872
	233  -  MemoryUsage of job (MB)
	238376  -  ResidentSetSize of job (KB)
...
006 (4430510.202.000) 09/08 14:27:43 Image size of job updated: 259928
	233  -  MemoryUsage of job (MB)
	238388  -  ResidentSetSize of job (KB)
...
006 (4430510.202.000) 09/08 14:37:44 Image size of job updated: 261424
	235  -  MemoryUsage of job (MB)
	239924  -  ResidentSetSize of job (KB)
...
006 (4430510.202.000) 09/08 14:42:44 Image size of job updated: 261476
	235  -  MemoryUsage of job (MB)
	239936  -  ResidentSetSize of job (KB)
...
006 (4430510.202.000) 09/08 14:47:44 Image size of job updated: 261480
	235  -  MemoryUsage of job (MB)
	239936  -  ResidentSetSize of job (KB)
...
006 (4430510.202.000) 09/08 15:07:47 Image size of job updated: 262432
	236  -  MemoryUsage of job (MB)
	240936  -  ResidentSetSize of job (KB)
...
006 (4430510.202.000) 09/08 15:12:47 Image size of job updated: 262488
	236  -  MemoryUsage of job (MB)
	240948  -  ResidentSetSize of job (KB)
...
006 (4430510.202.000) 09/08 15:22:48 Image size of job updated: 262772
	236  -  MemoryUsage of job (MB)
	241272  -  ResidentSetSize of job (KB)
...
006 (4430510.202.000) 09/08 15:27:48 Image size of job updated: 262824
	236  -  MemoryUsage of job (MB)
	241284  -  ResidentSetSize of job (KB)
...
006 (4430510.202.000) 09/08 15:32:49 Image size of job updated: 262828
	236  -  MemoryUsage of job (MB)
	241284  -  ResidentSetSize of job (KB)
...
006 (4430510.202.000) 09/08 15:37:49 Image size of job updated: 263788
	237  -  MemoryUsage of job (MB)
	242340  -  ResidentSetSize of job (KB)
...
006 (4430510.202.000) 09/08 15:42:50 Image size of job updated: 263932
	237  -  MemoryUsage of job (MB)
	242392  -  ResidentSetSize of job (KB)
...
006 (4430510.202.000) 09/08 15:57:50 Image size of job updated: 265136
	238  -  MemoryUsage of job (MB)
	243596  -  ResidentSetSize of job (KB)
...
006 (4430510.202.000) 09/08 16:12:53 Image size of job updated: 265884
	239  -  MemoryUsage of job (MB)
	244384  -  ResidentSetSize of job (KB)
...
006 (4430510.202.000) 09/08 16:17:53 Image size of job updated: 265936
	239  -  MemoryUsage of job (MB)
	244396  -  ResidentSetSize of job (KB)
...
006 (4430510.202.000) 09/08 17:23:00 Image size of job updated: 266512
	240  -  MemoryUsage of job (MB)
	245012  -  ResidentSetSize of job (KB)
...
006 (4430510.202.000) 09/08 17:28:00 Image size of job updated: 266564
	240  -  MemoryUsage of job (MB)
	245024  -  ResidentSetSize of job (KB)
...
006 (4430510.202.000) 09/08 17:38:01 Image size of job updated: 266564
	240  -  MemoryUsage of job (MB)
	245064  -  ResidentSetSize of job (KB)
...
006 (4430510.202.000) 09/08 17:43:01 Image size of job updated: 266616
	240  -  MemoryUsage of job (MB)
	245076  -  ResidentSetSize of job (KB)
...
006 (4430510.202.000) 09/08 17:58:04 Image size of job updated: 266932
	240  -  MemoryUsage of job (MB)
	245392  -  ResidentSetSize of job (KB)
...
006 (4430510.202.000) 09/08 18:13:05 Image size of job updated: 268172
	241  -  MemoryUsage of job (MB)
	246636  -  ResidentSetSize of job (KB)
...
006 (4430510.202.000) 09/08 18:18:05 Image size of job updated: 268176
	241  -  MemoryUsage of job (MB)
	246636  -  ResidentSetSize of job (KB)
...
006 (4430510.202.000) 09/08 18:48:07 Image size of job updated: 268292
	241  -  MemoryUsage of job (MB)
	246752  -  ResidentSetSize of job (KB)
...
006 (4430510.202.000) 09/08 19:03:08 Image size of job updated: 268456
	242  -  MemoryUsage of job (MB)
	246916  -  ResidentSetSize of job (KB)
...
006 (4430510.202.000) 09/08 19:08:08 Image size of job updated: 268460
	242  -  MemoryUsage of job (MB)
	246916  -  ResidentSetSize of job (KB)
...
006 (4430510.202.000) 09/08 19:18:11 Image size of job updated: 268624
	242  -  MemoryUsage of job (MB)
	247084  -  ResidentSetSize of job (KB)
...
006 (4430510.202.000) 09/08 19:23:11 Image size of job updated: 269436
	243  -  MemoryUsage of job (MB)
	247896  -  ResidentSetSize of job (KB)
...
006 (4430510.202.000) 09/08 19:38:12 Image size of job updated: 270032
	243  -  MemoryUsage of job (MB)
	248492  -  ResidentSetSize of job (KB)
...
006 (4430510.202.000) 09/08 20:08:17 Image size of job updated: 270608
	244  -  MemoryUsage of job (MB)
	249068  -  ResidentSetSize of job (KB)
...
006 (4430510.202.000) 09/08 21:03:23 Image size of job updated: 271312
	244  -  MemoryUsage of job (MB)
	249812  -  ResidentSetSize of job (KB)
...
006 (4430510.202.000) 09/08 21:08:23 Image size of job updated: 271368
	244  -  MemoryUsage of job (MB)
	249824  -  ResidentSetSize of job (KB)
...
006 (4430510.202.000) 09/08 21:13:24 Image size of job updated: 272172
	245  -  MemoryUsage of job (MB)
	250628  -  ResidentSetSize of job (KB)
...
006 (4430510.202.000) 09/08 21:38:27 Image size of job updated: 272300
	245  -  MemoryUsage of job (MB)
	250764  -  ResidentSetSize of job (KB)
...
006 (4430510.202.000) 09/08 21:43:29 Image size of job updated: 272304
	245  -  MemoryUsage of job (MB)
	250764  -  ResidentSetSize of job (KB)
...
006 (4430510.202.000) 09/08 21:48:29 Image size of job updated: 272308
	245  -  MemoryUsage of job (MB)
	250764  -  ResidentSetSize of job (KB)
...
006 (4430510.202.000) 09/08 22:33:33 Image size of job updated: 272808
	246  -  MemoryUsage of job (MB)
	251308  -  ResidentSetSize of job (KB)
...
006 (4430510.202.000) 09/08 22:38:33 Image size of job updated: 272860
	246  -  MemoryUsage of job (MB)
	251320  -  ResidentSetSize of job (KB)
...
006 (4430510.202.000) 09/08 22:53:35 Image size of job updated: 274656
	248  -  MemoryUsage of job (MB)
	253120  -  ResidentSetSize of job (KB)
...
006 (4430510.202.000) 09/08 22:58:35 Image size of job updated: 274660
	248  -  MemoryUsage of job (MB)
	253120  -  ResidentSetSize of job (KB)
...
006 (4430510.202.000) 09/08 23:03:35 Image size of job updated: 274664
	248  -  MemoryUsage of job (MB)
	253124  -  ResidentSetSize of job (KB)
...
006 (4430510.202.000) 09/08 23:23:38 Image size of job updated: 274804
	248  -  MemoryUsage of job (MB)
	253352  -  ResidentSetSize of job (KB)
...
006 (4430510.202.000) 09/08 23:28:38 Image size of job updated: 274944
	248  -  MemoryUsage of job (MB)
	253404  -  ResidentSetSize of job (KB)
...
006 (4430510.202.000) 09/08 23:43:41 Image size of job updated: 275428
	248  -  MemoryUsage of job (MB)
	253928  -  ResidentSetSize of job (KB)
...
006 (4430510.202.000) 09/08 23:48:41 Image size of job updated: 275480
	248  -  MemoryUsage of job (MB)
	253940  -  ResidentSetSize of job (KB)
...
006 (4430510.202.000) 09/09 00:53:49 Image size of job updated: 275932
	249  -  MemoryUsage of job (MB)
	254396  -  ResidentSetSize of job (KB)
...
006 (4430510.202.000) 09/09 00:58:49 Image size of job updated: 275936
	249  -  MemoryUsage of job (MB)
	254396  -  ResidentSetSize of job (KB)
...
006 (4430510.202.000) 09/09 01:43:54 Image size of job updated: 276704
	250  -  MemoryUsage of job (MB)
	255164  -  ResidentSetSize of job (KB)
...
006 (4430510.202.000) 09/09 01:48:54 Image size of job updated: 277076
	250  -  MemoryUsage of job (MB)
	255576  -  ResidentSetSize of job (KB)
...
006 (4430510.202.000) 09/09 01:53:55 Image size of job updated: 277128
	250  -  MemoryUsage of job (MB)
	255588  -  ResidentSetSize of job (KB)
...
006 (4430510.202.000) 09/09 02:44:00 Image size of job updated: 279200
	252  -  MemoryUsage of job (MB)
	257752  -  ResidentSetSize of job (KB)
...
006 (4430510.202.000) 09/09 02:49:00 Image size of job updated: 279344
	252  -  MemoryUsage of job (MB)
	257804  -  ResidentSetSize of job (KB)
...
006 (4430510.202.000) 09/09 03:49:05 Image size of job updated: 280096
	253  -  MemoryUsage of job (MB)
	258644  -  ResidentSetSize of job (KB)
...
006 (4430510.202.000) 09/09 03:54:06 Image size of job updated: 280236
	253  -  MemoryUsage of job (MB)
	258696  -  ResidentSetSize of job (KB)
...
006 (4430510.202.000) 09/09 04:39:09 Image size of job updated: 280648
	254  -  MemoryUsage of job (MB)
	259148  -  ResidentSetSize of job (KB)
...
006 (4430510.202.000) 09/09 04:44:09 Image size of job updated: 280700
	254  -  MemoryUsage of job (MB)
	259160  -  ResidentSetSize of job (KB)
...
006 (4430510.202.000) 09/09 08:04:30 Image size of job updated: 281100
	254  -  MemoryUsage of job (MB)
	259564  -  ResidentSetSize of job (KB)
...
006 (4430510.202.000) 09/09 08:09:31 Image size of job updated: 281104
	254  -  MemoryUsage of job (MB)
	259564  -  ResidentSetSize of job (KB)
...
006 (4430510.202.000) 09/09 08:19:32 Image size of job updated: 283612
	257  -  MemoryUsage of job (MB)
	262164  -  ResidentSetSize of job (KB)
...
006 (4430510.202.000) 09/09 08:24:32 Image size of job updated: 283756
	257  -  MemoryUsage of job (MB)
	262216  -  ResidentSetSize of job (KB)
...
006 (4430510.202.000) 09/09 08:29:32 Image size of job updated: 283760
	257  -  MemoryUsage of job (MB)
	262216  -  ResidentSetSize of job (KB)
...
005 (4430510.202.000) 09/09 09:24:49 Job terminated.
	(1) Normal termination (return value 0)
		Usr 0 20:50:38, Sys 0 00:04:52  -  Run Remote Usage
		Usr 0 00:00:00, Sys 0 00:00:00  -  Run Local Usage
		Usr 0 20:50:38, Sys 0 00:04:52  -  Total Remote Usage
		Usr 0 00:00:00, Sys 0 00:00:00  -  Total Local Usage
	3535990  -  Run Bytes Sent By Job
	17284  -  Run Bytes Received By Job
	3535990  -  Total Bytes Sent By Job
	17284  -  Total Bytes Received By Job
	Partitionable Resources :    Usage  Request Allocated
	   Cpus                 :                 1         1
	   Disk (KB)            : 20941869 26214400  27038500
	   Ioheavy              :                           1
	   Memory (MB)          :      257      300       300
...
