000 (4430510.546.000) 09/08 09:59:23 Job submitted from host: <128.105.244.190:9618?addrs=128.105.244.190-9618&noUDP&sock=2714685_05e2_3>
...
001 (4430510.546.000) 09/08 11:50:43 Job executing on host: <128.105.245.186:9618?addrs=128.105.245.186-9618+[--1]-9618&noUDP&sock=5527_a172_7>
...
006 (4430510.546.000) 09/08 11:50:52 Image size of job updated: 480
	1  -  MemoryUsage of job (MB)
	480  -  ResidentSetSize of job (KB)
...
006 (4430510.546.000) 09/08 12:00:53 Image size of job updated: 548
	1  -  MemoryUsage of job (MB)
	548  -  ResidentSetSize of job (KB)
...
006 (4430510.546.000) 09/08 13:16:02 Image size of job updated: 101540
	96  -  MemoryUsage of job (MB)
	97828  -  ResidentSetSize of job (KB)
...
006 (4430510.546.000) 09/08 13:21:13 Image size of job updated: 104024
	98  -  MemoryUsage of job (MB)
	100252  -  ResidentSetSize of job (KB)
...
006 (4430510.546.000) 09/08 13:26:05 Image size of job updated: 191856
	184  -  MemoryUsage of job (MB)
	187444  -  ResidentSetSize of job (KB)
...
006 (4430510.546.000) 09/08 13:31:05 Image size of job updated: 207856
	199  -  MemoryUsage of job (MB)
	203448  -  ResidentSetSize of job (KB)
...
006 (4430510.546.000) 09/08 13:36:05 Image size of job updated: 211944
	203  -  MemoryUsage of job (MB)
	207536  -  ResidentSetSize of job (KB)
...
006 (4430510.546.000) 09/08 13:41:05 Image size of job updated: 214968
	206  -  MemoryUsage of job (MB)
	210560  -  ResidentSetSize of job (KB)
...
006 (4430510.546.000) 09/08 13:46:06 Image size of job updated: 214972
	206  -  MemoryUsage of job (MB)
	210560  -  ResidentSetSize of job (KB)
...
006 (4430510.546.000) 09/08 13:51:08 Image size of job updated: 219720
	211  -  MemoryUsage of job (MB)
	215308  -  ResidentSetSize of job (KB)
...
006 (4430510.546.000) 09/08 13:56:08 Image size of job updated: 242344
	233  -  MemoryUsage of job (MB)
	237976  -  ResidentSetSize of job (KB)
...
006 (4430510.546.000) 09/08 14:01:08 Image size of job updated: 242400
	233  -  MemoryUsage of job (MB)
	237988  -  ResidentSetSize of job (KB)
...
006 (4430510.546.000) 09/08 14:06:10 Image size of job updated: 250136
	241  -  MemoryUsage of job (MB)
	245764  -  ResidentSetSize of job (KB)
...
006 (4430510.546.000) 09/08 14:11:10 Image size of job updated: 250188
	241  -  MemoryUsage of job (MB)
	245776  -  ResidentSetSize of job (KB)
...
006 (4430510.546.000) 09/08 14:21:11 Image size of job updated: 250400
	241  -  MemoryUsage of job (MB)
	245988  -  ResidentSetSize of job (KB)
...
006 (4430510.546.000) 09/08 14:26:11 Image size of job updated: 255844
	246  -  MemoryUsage of job (MB)
	251476  -  ResidentSetSize of job (KB)
...
006 (4430510.546.000) 09/08 14:31:11 Image size of job updated: 255896
	246  -  MemoryUsage of job (MB)
	251488  -  ResidentSetSize of job (KB)
...
006 (4430510.546.000) 09/08 14:46:14 Image size of job updated: 257692
	248  -  MemoryUsage of job (MB)
	253280  -  ResidentSetSize of job (KB)
...
006 (4430510.546.000) 09/08 15:06:16 Image size of job updated: 260124
	250  -  MemoryUsage of job (MB)
	255716  -  ResidentSetSize of job (KB)
...
006 (4430510.546.000) 09/08 15:11:16 Image size of job updated: 260128
	250  -  MemoryUsage of job (MB)
	255716  -  ResidentSetSize of job (KB)
...
006 (4430510.546.000) 09/08 15:26:19 Image size of job updated: 260648
	251  -  MemoryUsage of job (MB)
	256236  -  ResidentSetSize of job (KB)
...
006 (4430510.546.000) 09/08 15:36:19 Image size of job updated: 261836
	252  -  MemoryUsage of job (MB)
	257424  -  ResidentSetSize of job (KB)
...
006 (4430510.546.000) 09/08 15:56:21 Image size of job updated: 262568
	252  -  MemoryUsage of job (MB)
	257424  -  ResidentSetSize of job (KB)
...
006 (4430510.546.000) 09/08 16:26:24 Image size of job updated: 263132
	252  -  MemoryUsage of job (MB)
	257424  -  ResidentSetSize of job (KB)
...
006 (4430510.546.000) 09/08 16:31:25 Image size of job updated: 263184
	252  -  MemoryUsage of job (MB)
	257424  -  ResidentSetSize of job (KB)
...
006 (4430510.546.000) 09/08 16:51:26 Image size of job updated: 263316
	252  -  MemoryUsage of job (MB)
	257424  -  ResidentSetSize of job (KB)
...
006 (4430510.546.000) 09/08 17:01:29 Image size of job updated: 264348
	252  -  MemoryUsage of job (MB)
	257424  -  ResidentSetSize of job (KB)
...
006 (4430510.546.000) 09/08 17:06:29 Image size of job updated: 264352
	252  -  MemoryUsage of job (MB)
	257424  -  ResidentSetSize of job (KB)
...
006 (4430510.546.000) 09/08 17:41:33 Image size of job updated: 264952
	252  -  MemoryUsage of job (MB)
	257424  -  ResidentSetSize of job (KB)
...
006 (4430510.546.000) 09/08 17:56:33 Image size of job updated: 266944
	252  -  MemoryUsage of job (MB)
	257424  -  ResidentSetSize of job (KB)
...
006 (4430510.546.000) 09/08 18:01:35 Image size of job updated: 266948
	252  -  MemoryUsage of job (MB)
	257424  -  ResidentSetSize of job (KB)
...
006 (4430510.546.000) 09/08 18:21:37 Image size of job updated: 267756
	252  -  MemoryUsage of job (MB)
	257424  -  ResidentSetSize of job (KB)
...
006 (4430510.546.000) 09/08 18:26:37 Image size of job updated: 267808
	252  -  MemoryUsage of job (MB)
	257424  -  ResidentSetSize of job (KB)
...
006 (4430510.546.000) 09/08 19:21:43 Image size of job updated: 268688
	252  -  MemoryUsage of job (MB)
	257424  -  ResidentSetSize of job (KB)
...
006 (4430510.546.000) 09/08 19:26:44 Image size of job updated: 268692
	252  -  MemoryUsage of job (MB)
	257424  -  ResidentSetSize of job (KB)
...
006 (4430510.546.000) 09/08 19:31:44 Image size of job updated: 272672
	252  -  MemoryUsage of job (MB)
	257424  -  ResidentSetSize of job (KB)
...
006 (4430510.546.000) 09/08 19:36:44 Image size of job updated: 272724
	252  -  MemoryUsage of job (MB)
	257424  -  ResidentSetSize of job (KB)
...
006 (4430510.546.000) 09/08 23:27:07 Image size of job updated: 275432
	252  -  MemoryUsage of job (MB)
	257424  -  ResidentSetSize of job (KB)
...
006 (4430510.546.000) 09/08 23:32:09 Image size of job updated: 275436
	252  -  MemoryUsage of job (MB)
	257424  -  ResidentSetSize of job (KB)
...
006 (4430510.546.000) 09/09 01:07:16 Image size of job updated: 275812
	252  -  MemoryUsage of job (MB)
	257424  -  ResidentSetSize of job (KB)
...
006 (4430510.546.000) 09/09 01:12:16 Image size of job updated: 275864
	252  -  MemoryUsage of job (MB)
	257424  -  ResidentSetSize of job (KB)
...
006 (4430510.546.000) 09/09 01:42:18 Image size of job updated: 276772
	252  -  MemoryUsage of job (MB)
	257424  -  ResidentSetSize of job (KB)
...
006 (4430510.546.000) 09/09 01:47:19 Image size of job updated: 276828
	252  -  MemoryUsage of job (MB)
	257424  -  ResidentSetSize of job (KB)
...
006 (4430510.546.000) 09/09 01:57:19 Image size of job updated: 277544
	252  -  MemoryUsage of job (MB)
	257424  -  ResidentSetSize of job (KB)
...
006 (4430510.546.000) 09/09 02:02:20 Image size of job updated: 277600
	252  -  MemoryUsage of job (MB)
	257424  -  ResidentSetSize of job (KB)
...
006 (4430510.546.000) 09/09 02:07:21 Image size of job updated: 277604
	252  -  MemoryUsage of job (MB)
	257424  -  ResidentSetSize of job (KB)
...
006 (4430510.546.000) 09/09 02:12:21 Image size of job updated: 278412
	252  -  MemoryUsage of job (MB)
	257424  -  ResidentSetSize of job (KB)
...
006 (4430510.546.000) 09/09 04:32:34 Image size of job updated: 279252
	252  -  MemoryUsage of job (MB)
	257424  -  ResidentSetSize of job (KB)
...
006 (4430510.546.000) 09/09 04:37:34 Image size of job updated: 279304
	252  -  MemoryUsage of job (MB)
	257424  -  ResidentSetSize of job (KB)
...
006 (4430510.546.000) 09/09 05:57:43 Image size of job updated: 280044
	252  -  MemoryUsage of job (MB)
	257424  -  ResidentSetSize of job (KB)
...
006 (4430510.546.000) 09/09 06:02:43 Image size of job updated: 280048
	252  -  MemoryUsage of job (MB)
	257424  -  ResidentSetSize of job (KB)
...
006 (4430510.546.000) 09/09 06:47:48 Image size of job updated: 281788
	252  -  MemoryUsage of job (MB)
	257424  -  ResidentSetSize of job (KB)
...
006 (4430510.546.000) 09/09 06:52:48 Image size of job updated: 281932
	252  -  MemoryUsage of job (MB)
	257424  -  ResidentSetSize of job (KB)
...
006 (4430510.546.000) 09/09 07:02:50 Image size of job updated: 282140
	252  -  MemoryUsage of job (MB)
	257424  -  ResidentSetSize of job (KB)
...
006 (4430510.546.000) 09/09 07:07:51 Image size of job updated: 282280
	252  -  MemoryUsage of job (MB)
	257424  -  ResidentSetSize of job (KB)
...
006 (4430510.546.000) 09/09 07:22:52 Image size of job updated: 282524
	252  -  MemoryUsage of job (MB)
	257424  -  ResidentSetSize of job (KB)
...
006 (4430510.546.000) 09/09 07:37:53 Image size of job updated: 282612
	252  -  MemoryUsage of job (MB)
	257424  -  ResidentSetSize of job (KB)
...
006 (4430510.546.000) 09/09 07:42:54 Image size of job updated: 282616
	252  -  MemoryUsage of job (MB)
	257424  -  ResidentSetSize of job (KB)
...
005 (4430510.546.000) 09/09 07:48:33 Job terminated.
	(1) Normal termination (return value 0)
		Usr 0 17:57:43, Sys 0 00:05:11  -  Run Remote Usage
		Usr 0 00:00:00, Sys 0 00:00:00  -  Run Local Usage
		Usr 0 17:57:43, Sys 0 00:05:11  -  Total Remote Usage
		Usr 0 00:00:00, Sys 0 00:00:00  -  Total Local Usage
	3533877  -  Run Bytes Sent By Job
	17284  -  Run Bytes Received By Job
	3533877  -  Total Bytes Sent By Job
	17284  -  Total Bytes Received By Job
	Partitionable Resources :    Usage  Request Allocated
	   Cpus                 :                 1         1
	   Disk (KB)            : 21836797 26214400  26868400
	   Ioheavy              :                           1
	   Memory (MB)          :      252      300       300
...
