000 (4430510.309.000) 09/08 09:59:23 Job submitted from host: <128.105.244.190:9618?addrs=128.105.244.190-9618&noUDP&sock=2714685_05e2_3>
...
001 (4430510.309.000) 09/08 11:28:13 Job executing on host: <128.105.245.200:9618?addrs=128.105.245.200-9618+[--1]-9618&noUDP&sock=5518_15e7_3>
...
006 (4430510.309.000) 09/08 11:28:21 Image size of job updated: 472
	1  -  MemoryUsage of job (MB)
	472  -  ResidentSetSize of job (KB)
...
006 (4430510.309.000) 09/08 11:38:23 Image size of job updated: 548
	1  -  MemoryUsage of job (MB)
	548  -  ResidentSetSize of job (KB)
...
006 (4430510.309.000) 09/08 13:18:34 Image size of job updated: 15292
	15  -  MemoryUsage of job (MB)
	14368  -  ResidentSetSize of job (KB)
...
006 (4430510.309.000) 09/08 13:23:34 Image size of job updated: 164232
	157  -  MemoryUsage of job (MB)
	159880  -  ResidentSetSize of job (KB)
...
006 (4430510.309.000) 09/08 13:28:34 Image size of job updated: 207340
	199  -  MemoryUsage of job (MB)
	203016  -  ResidentSetSize of job (KB)
...
006 (4430510.309.000) 09/08 13:33:36 Image size of job updated: 207392
	199  -  MemoryUsage of job (MB)
	203028  -  ResidentSetSize of job (KB)
...
006 (4430510.309.000) 09/08 13:38:36 Image size of job updated: 212528
	204  -  MemoryUsage of job (MB)
	208164  -  ResidentSetSize of job (KB)
...
006 (4430510.309.000) 09/08 13:58:37 Image size of job updated: 219368
	210  -  MemoryUsage of job (MB)
	215012  -  ResidentSetSize of job (KB)
...
006 (4430510.309.000) 09/08 14:03:37 Image size of job updated: 219376
	210  -  MemoryUsage of job (MB)
	215012  -  ResidentSetSize of job (KB)
...
006 (4430510.309.000) 09/08 14:08:39 Image size of job updated: 219544
	211  -  MemoryUsage of job (MB)
	215188  -  ResidentSetSize of job (KB)
...
006 (4430510.309.000) 09/08 14:13:39 Image size of job updated: 219552
	211  -  MemoryUsage of job (MB)
	215188  -  ResidentSetSize of job (KB)
...
006 (4430510.309.000) 09/08 14:18:40 Image size of job updated: 244020
	235  -  MemoryUsage of job (MB)
	239748  -  ResidentSetSize of job (KB)
...
006 (4430510.309.000) 09/08 14:23:40 Image size of job updated: 244164
	235  -  MemoryUsage of job (MB)
	239800  -  ResidentSetSize of job (KB)
...
006 (4430510.309.000) 09/08 14:28:41 Image size of job updated: 244168
	235  -  MemoryUsage of job (MB)
	239800  -  ResidentSetSize of job (KB)
...
006 (4430510.309.000) 09/08 14:33:41 Image size of job updated: 248864
	239  -  MemoryUsage of job (MB)
	244540  -  ResidentSetSize of job (KB)
...
006 (4430510.309.000) 09/08 14:38:42 Image size of job updated: 248916
	239  -  MemoryUsage of job (MB)
	244552  -  ResidentSetSize of job (KB)
...
006 (4430510.309.000) 09/08 14:48:42 Image size of job updated: 251084
	241  -  MemoryUsage of job (MB)
	246760  -  ResidentSetSize of job (KB)
...
006 (4430510.309.000) 09/08 14:53:42 Image size of job updated: 251136
	241  -  MemoryUsage of job (MB)
	246772  -  ResidentSetSize of job (KB)
...
006 (4430510.309.000) 09/08 15:03:44 Image size of job updated: 251816
	242  -  MemoryUsage of job (MB)
	247456  -  ResidentSetSize of job (KB)
...
006 (4430510.309.000) 09/08 15:08:44 Image size of job updated: 251820
	242  -  MemoryUsage of job (MB)
	247456  -  ResidentSetSize of job (KB)
...
006 (4430510.309.000) 09/08 15:18:44 Image size of job updated: 254092
	244  -  MemoryUsage of job (MB)
	249768  -  ResidentSetSize of job (KB)
...
006 (4430510.309.000) 09/08 15:23:45 Image size of job updated: 254144
	244  -  MemoryUsage of job (MB)
	249780  -  ResidentSetSize of job (KB)
...
006 (4430510.309.000) 09/08 15:33:46 Image size of job updated: 256300
	247  -  MemoryUsage of job (MB)
	251940  -  ResidentSetSize of job (KB)
...
006 (4430510.309.000) 09/08 15:38:46 Image size of job updated: 256304
	247  -  MemoryUsage of job (MB)
	251940  -  ResidentSetSize of job (KB)
...
006 (4430510.309.000) 09/08 15:48:48 Image size of job updated: 258108
	248  -  MemoryUsage of job (MB)
	253744  -  ResidentSetSize of job (KB)
...
006 (4430510.309.000) 09/08 16:03:50 Image size of job updated: 259536
	250  -  MemoryUsage of job (MB)
	255172  -  ResidentSetSize of job (KB)
...
006 (4430510.309.000) 09/08 16:18:51 Image size of job updated: 261940
	252  -  MemoryUsage of job (MB)
	257580  -  ResidentSetSize of job (KB)
...
006 (4430510.309.000) 09/08 16:23:52 Image size of job updated: 261944
	252  -  MemoryUsage of job (MB)
	257580  -  ResidentSetSize of job (KB)
...
006 (4430510.309.000) 09/08 16:33:52 Image size of job updated: 262884
	253  -  MemoryUsage of job (MB)
	258524  -  ResidentSetSize of job (KB)
...
006 (4430510.309.000) 09/08 16:38:53 Image size of job updated: 262888
	253  -  MemoryUsage of job (MB)
	258524  -  ResidentSetSize of job (KB)
...
006 (4430510.309.000) 09/08 18:54:07 Image size of job updated: 264644
	255  -  MemoryUsage of job (MB)
	260168  -  ResidentSetSize of job (KB)
...
006 (4430510.309.000) 09/08 18:59:08 Image size of job updated: 264648
	255  -  MemoryUsage of job (MB)
	260168  -  ResidentSetSize of job (KB)
...
006 (4430510.309.000) 09/08 19:44:12 Image size of job updated: 269008
	259  -  MemoryUsage of job (MB)
	264568  -  ResidentSetSize of job (KB)
...
006 (4430510.309.000) 09/08 19:49:14 Image size of job updated: 269060
	259  -  MemoryUsage of job (MB)
	264580  -  ResidentSetSize of job (KB)
...
006 (4430510.309.000) 09/08 20:19:17 Image size of job updated: 269104
	259  -  MemoryUsage of job (MB)
	264716  -  ResidentSetSize of job (KB)
...
006 (4430510.309.000) 09/08 20:24:17 Image size of job updated: 269248
	259  -  MemoryUsage of job (MB)
	264768  -  ResidentSetSize of job (KB)
...
006 (4430510.309.000) 09/08 22:19:28 Image size of job updated: 272668
	262  -  MemoryUsage of job (MB)
	268232  -  ResidentSetSize of job (KB)
...
006 (4430510.309.000) 09/08 22:24:29 Image size of job updated: 272724
	262  -  MemoryUsage of job (MB)
	268244  -  ResidentSetSize of job (KB)
...
006 (4430510.309.000) 09/08 22:29:31 Image size of job updated: 272728
	262  -  MemoryUsage of job (MB)
	268244  -  ResidentSetSize of job (KB)
...
006 (4430510.309.000) 09/09 03:35:02 Image size of job updated: 272956
	263  -  MemoryUsage of job (MB)
	268516  -  ResidentSetSize of job (KB)
...
006 (4430510.309.000) 09/09 03:40:03 Image size of job updated: 273012
	263  -  MemoryUsage of job (MB)
	268528  -  ResidentSetSize of job (KB)
...
006 (4430510.309.000) 09/09 04:35:08 Image size of job updated: 274536
	264  -  MemoryUsage of job (MB)
	270096  -  ResidentSetSize of job (KB)
...
006 (4430510.309.000) 09/09 04:40:08 Image size of job updated: 274588
	264  -  MemoryUsage of job (MB)
	270108  -  ResidentSetSize of job (KB)
...
006 (4430510.309.000) 09/09 05:15:11 Image size of job updated: 276572
	266  -  MemoryUsage of job (MB)
	272132  -  ResidentSetSize of job (KB)
...
006 (4430510.309.000) 09/09 05:20:13 Image size of job updated: 276624
	266  -  MemoryUsage of job (MB)
	272144  -  ResidentSetSize of job (KB)
...
006 (4430510.309.000) 09/09 05:50:15 Image size of job updated: 277520
	267  -  MemoryUsage of job (MB)
	273128  -  ResidentSetSize of job (KB)
...
006 (4430510.309.000) 09/09 05:55:17 Image size of job updated: 277660
	267  -  MemoryUsage of job (MB)
	273180  -  ResidentSetSize of job (KB)
...
006 (4430510.309.000) 09/09 06:10:17 Image size of job updated: 278608
	268  -  MemoryUsage of job (MB)
	274168  -  ResidentSetSize of job (KB)
...
006 (4430510.309.000) 09/09 06:15:17 Image size of job updated: 278660
	268  -  MemoryUsage of job (MB)
	274180  -  ResidentSetSize of job (KB)
...
006 (4430510.309.000) 09/09 06:25:18 Image size of job updated: 279508
	269  -  MemoryUsage of job (MB)
	275028  -  ResidentSetSize of job (KB)
...
006 (4430510.309.000) 09/09 06:45:21 Image size of job updated: 280472
	270  -  MemoryUsage of job (MB)
	276032  -  ResidentSetSize of job (KB)
...
006 (4430510.309.000) 09/09 06:50:22 Image size of job updated: 280524
	270  -  MemoryUsage of job (MB)
	276044  -  ResidentSetSize of job (KB)
...
006 (4430510.309.000) 09/09 07:00:22 Image size of job updated: 280580
	270  -  MemoryUsage of job (MB)
	276140  -  ResidentSetSize of job (KB)
...
006 (4430510.309.000) 09/09 07:05:22 Image size of job updated: 280632
	270  -  MemoryUsage of job (MB)
	276152  -  ResidentSetSize of job (KB)
...
006 (4430510.309.000) 09/09 07:50:27 Image size of job updated: 281188
	271  -  MemoryUsage of job (MB)
	276748  -  ResidentSetSize of job (KB)
...
006 (4430510.309.000) 09/09 07:55:29 Image size of job updated: 281240
	271  -  MemoryUsage of job (MB)
	276760  -  ResidentSetSize of job (KB)
...
006 (4430510.309.000) 09/09 09:30:37 Image size of job updated: 282436
	272  -  MemoryUsage of job (MB)
	277944  -  ResidentSetSize of job (KB)
...
006 (4430510.309.000) 09/09 09:35:38 Image size of job updated: 282488
	272  -  MemoryUsage of job (MB)
	277956  -  ResidentSetSize of job (KB)
...
006 (4430510.309.000) 09/09 11:10:47 Image size of job updated: 283228
	272  -  MemoryUsage of job (MB)
	277956  -  ResidentSetSize of job (KB)
...
006 (4430510.309.000) 09/09 11:15:48 Image size of job updated: 283372
	272  -  MemoryUsage of job (MB)
	277956  -  ResidentSetSize of job (KB)
...
005 (4430510.309.000) 09/09 11:44:27 Job terminated.
	(1) Normal termination (return value 0)
		Usr 0 21:51:46, Sys 0 00:06:46  -  Run Remote Usage
		Usr 0 00:00:00, Sys 0 00:00:00  -  Run Local Usage
		Usr 0 21:51:46, Sys 0 00:06:46  -  Total Remote Usage
		Usr 0 00:00:00, Sys 0 00:00:00  -  Total Local Usage
	3534430  -  Run Bytes Sent By Job
	17284  -  Run Bytes Received By Job
	3534430  -  Total Bytes Sent By Job
	17284  -  Total Bytes Received By Job
	Partitionable Resources :    Usage  Request Allocated
	   Cpus                 :                 1         1
	   Disk (KB)            : 20596696 26214400  28487088
	   Ioheavy              :                           1
	   Memory (MB)          :      272      300       300
...
