000 (4430510.379.000) 09/08 09:59:23 Job submitted from host: <128.105.244.190:9618?addrs=128.105.244.190-9618&noUDP&sock=2714685_05e2_3>
...
001 (4430510.379.000) 09/08 11:34:57 Job executing on host: <128.105.245.24:9618?addrs=128.105.245.24-9618+[--1]-9618&noUDP&sock=5353_f78f_3>
...
006 (4430510.379.000) 09/08 11:35:07 Image size of job updated: 472
	1  -  MemoryUsage of job (MB)
	472  -  ResidentSetSize of job (KB)
...
006 (4430510.379.000) 09/08 11:40:08 Image size of job updated: 720
	1  -  MemoryUsage of job (MB)
	544  -  ResidentSetSize of job (KB)
...
006 (4430510.379.000) 09/08 12:17:50 Image size of job updated: 29468
	28  -  MemoryUsage of job (MB)
	28300  -  ResidentSetSize of job (KB)
...
006 (4430510.379.000) 09/08 12:30:27 Image size of job updated: 172916
	165  -  MemoryUsage of job (MB)
	168628  -  ResidentSetSize of job (KB)
...
006 (4430510.379.000) 09/08 12:40:21 Image size of job updated: 191136
	183  -  MemoryUsage of job (MB)
	186880  -  ResidentSetSize of job (KB)
...
006 (4430510.379.000) 09/08 13:07:49 Image size of job updated: 200108
	192  -  MemoryUsage of job (MB)
	195800  -  ResidentSetSize of job (KB)
...
006 (4430510.379.000) 09/08 13:17:49 Image size of job updated: 208744
	200  -  MemoryUsage of job (MB)
	204472  -  ResidentSetSize of job (KB)
...
006 (4430510.379.000) 09/08 13:28:51 Image size of job updated: 232448
	223  -  MemoryUsage of job (MB)
	228208  -  ResidentSetSize of job (KB)
...
006 (4430510.379.000) 09/08 13:33:57 Image size of job updated: 234452
	225  -  MemoryUsage of job (MB)
	230212  -  ResidentSetSize of job (KB)
...
006 (4430510.379.000) 09/08 13:39:42 Image size of job updated: 239612
	230  -  MemoryUsage of job (MB)
	235460  -  ResidentSetSize of job (KB)
...
006 (4430510.379.000) 09/08 13:45:19 Image size of job updated: 239756
	230  -  MemoryUsage of job (MB)
	235516  -  ResidentSetSize of job (KB)
...
006 (4430510.379.000) 09/08 13:51:03 Image size of job updated: 239760
	230  -  MemoryUsage of job (MB)
	235516  -  ResidentSetSize of job (KB)
...
006 (4430510.379.000) 09/08 14:02:27 Image size of job updated: 253992
	244  -  MemoryUsage of job (MB)
	249748  -  ResidentSetSize of job (KB)
...
006 (4430510.379.000) 09/08 14:53:24 Image size of job updated: 257120
	248  -  MemoryUsage of job (MB)
	253384  -  ResidentSetSize of job (KB)
...
006 (4430510.379.000) 09/08 14:58:32 Image size of job updated: 257124
	248  -  MemoryUsage of job (MB)
	253384  -  ResidentSetSize of job (KB)
...
006 (4430510.379.000) 09/08 15:03:47 Image size of job updated: 257128
	248  -  MemoryUsage of job (MB)
	253384  -  ResidentSetSize of job (KB)
...
006 (4430510.379.000) 09/08 15:38:16 Image size of job updated: 259312
	250  -  MemoryUsage of job (MB)
	255580  -  ResidentSetSize of job (KB)
...
006 (4430510.379.000) 09/08 16:05:54 Image size of job updated: 260204
	251  -  MemoryUsage of job (MB)
	256880  -  ResidentSetSize of job (KB)
...
006 (4430510.379.000) 09/08 16:17:14 Image size of job updated: 261440
	253  -  MemoryUsage of job (MB)
	258944  -  ResidentSetSize of job (KB)
...
006 (4430510.379.000) 09/08 18:46:40 Image size of job updated: 261668
	253  -  MemoryUsage of job (MB)
	258944  -  ResidentSetSize of job (KB)
...
006 (4430510.379.000) 09/08 18:55:55 Image size of job updated: 261732
	253  -  MemoryUsage of job (MB)
	258944  -  ResidentSetSize of job (KB)
...
006 (4430510.379.000) 09/08 19:48:59 Image size of job updated: 265432
	256  -  MemoryUsage of job (MB)
	261704  -  ResidentSetSize of job (KB)
...
006 (4430510.379.000) 09/08 19:54:30 Image size of job updated: 265436
	256  -  MemoryUsage of job (MB)
	261704  -  ResidentSetSize of job (KB)
...
006 (4430510.379.000) 09/08 21:39:38 Image size of job updated: 265736
	256  -  MemoryUsage of job (MB)
	262004  -  ResidentSetSize of job (KB)
...
006 (4430510.379.000) 09/08 22:16:54 Image size of job updated: 269600
	260  -  MemoryUsage of job (MB)
	265876  -  ResidentSetSize of job (KB)
...
006 (4430510.379.000) 09/08 22:25:43 Image size of job updated: 269608
	260  -  MemoryUsage of job (MB)
	265876  -  ResidentSetSize of job (KB)
...
006 (4430510.379.000) 09/09 00:59:48 Image size of job updated: 274700
	265  -  MemoryUsage of job (MB)
	270976  -  ResidentSetSize of job (KB)
...
006 (4430510.379.000) 09/09 04:31:40 Image size of job updated: 275376
	266  -  MemoryUsage of job (MB)
	271632  -  ResidentSetSize of job (KB)
...
006 (4430510.379.000) 09/09 04:36:41 Image size of job updated: 275380
	266  -  MemoryUsage of job (MB)
	271632  -  ResidentSetSize of job (KB)
...
006 (4430510.379.000) 09/09 04:41:41 Image size of job updated: 275384
	266  -  MemoryUsage of job (MB)
	271632  -  ResidentSetSize of job (KB)
...
006 (4430510.379.000) 09/09 05:01:42 Image size of job updated: 276600
	267  -  MemoryUsage of job (MB)
	272840  -  ResidentSetSize of job (KB)
...
006 (4430510.379.000) 09/09 05:41:46 Image size of job updated: 277116
	267  -  MemoryUsage of job (MB)
	273400  -  ResidentSetSize of job (KB)
...
006 (4430510.379.000) 09/09 05:46:46 Image size of job updated: 277180
	268  -  MemoryUsage of job (MB)
	273420  -  ResidentSetSize of job (KB)
...
006 (4430510.379.000) 09/09 06:04:32 Image size of job updated: 278096
	268  -  MemoryUsage of job (MB)
	274340  -  ResidentSetSize of job (KB)
...
006 (4430510.379.000) 09/09 06:12:15 Image size of job updated: 278100
	268  -  MemoryUsage of job (MB)
	274340  -  ResidentSetSize of job (KB)
...
006 (4430510.379.000) 09/09 07:01:45 Image size of job updated: 278256
	269  -  MemoryUsage of job (MB)
	274496  -  ResidentSetSize of job (KB)
...
006 (4430510.379.000) 09/09 07:12:21 Image size of job updated: 278400
	269  -  MemoryUsage of job (MB)
	274680  -  ResidentSetSize of job (KB)
...
006 (4430510.379.000) 09/09 07:17:21 Image size of job updated: 278400
	269  -  MemoryUsage of job (MB)
	274700  -  ResidentSetSize of job (KB)
...
006 (4430510.379.000) 09/09 09:20:35 Image size of job updated: 279716
	270  -  MemoryUsage of job (MB)
	276000  -  ResidentSetSize of job (KB)
...
006 (4430510.379.000) 09/09 09:25:36 Image size of job updated: 279780
	270  -  MemoryUsage of job (MB)
	276020  -  ResidentSetSize of job (KB)
...
006 (4430510.379.000) 09/09 10:55:46 Image size of job updated: 280864
	271  -  MemoryUsage of job (MB)
	277144  -  ResidentSetSize of job (KB)
...
006 (4430510.379.000) 09/09 11:00:46 Image size of job updated: 280924
	271  -  MemoryUsage of job (MB)
	277164  -  ResidentSetSize of job (KB)
...
006 (4430510.379.000) 09/09 11:15:48 Image size of job updated: 281732
	272  -  MemoryUsage of job (MB)
	277980  -  ResidentSetSize of job (KB)
...
005 (4430510.379.000) 09/09 13:03:54 Job terminated.
	(1) Normal termination (return value 0)
		Usr 0 23:33:19, Sys 0 00:07:19  -  Run Remote Usage
		Usr 0 00:00:00, Sys 0 00:00:00  -  Run Local Usage
		Usr 0 23:33:19, Sys 0 00:07:19  -  Total Remote Usage
		Usr 0 00:00:00, Sys 0 00:00:00  -  Total Local Usage
	3533253  -  Run Bytes Sent By Job
	17284  -  Run Bytes Received By Job
	3533253  -  Total Bytes Sent By Job
	17284  -  Total Bytes Received By Job
	Partitionable Resources :    Usage  Request Allocated
	   Cpus                 :                 1         1
	   Disk (KB)            : 18728349 26214400  31704756
	   Ioheavy              :                           1
	   Memory (MB)          :      272      300       300
...
