000 (4430510.605.000) 09/08 09:59:23 Job submitted from host: <128.105.244.190:9618?addrs=128.105.244.190-9618&noUDP&sock=2714685_05e2_3>
...
001 (4430510.605.000) 09/08 11:53:09 Job executing on host: <128.105.244.37:9618?addrs=128.105.244.37-9618+[--1]-9618&noUDP&sock=3830_eb26_3>
...
006 (4430510.605.000) 09/08 11:53:17 Image size of job updated: 480
	1  -  MemoryUsage of job (MB)
	480  -  ResidentSetSize of job (KB)
...
006 (4430510.605.000) 09/08 12:03:19 Image size of job updated: 552
	1  -  MemoryUsage of job (MB)
	480  -  ResidentSetSize of job (KB)
...
006 (4430510.605.000) 09/08 12:23:40 Image size of job updated: 164124
	157  -  MemoryUsage of job (MB)
	159768  -  ResidentSetSize of job (KB)
...
006 (4430510.605.000) 09/08 12:28:22 Image size of job updated: 191188
	183  -  MemoryUsage of job (MB)
	186828  -  ResidentSetSize of job (KB)
...
006 (4430510.605.000) 09/08 12:33:23 Image size of job updated: 205052
	197  -  MemoryUsage of job (MB)
	200780  -  ResidentSetSize of job (KB)
...
006 (4430510.605.000) 09/08 12:38:23 Image size of job updated: 205204
	197  -  MemoryUsage of job (MB)
	200840  -  ResidentSetSize of job (KB)
...
006 (4430510.605.000) 09/08 12:43:23 Image size of job updated: 208512
	200  -  MemoryUsage of job (MB)
	204144  -  ResidentSetSize of job (KB)
...
006 (4430510.605.000) 09/08 12:48:24 Image size of job updated: 212644
	204  -  MemoryUsage of job (MB)
	208284  -  ResidentSetSize of job (KB)
...
006 (4430510.605.000) 09/08 12:53:24 Image size of job updated: 212652
	204  -  MemoryUsage of job (MB)
	208284  -  ResidentSetSize of job (KB)
...
006 (4430510.605.000) 09/08 12:58:25 Image size of job updated: 214992
	206  -  MemoryUsage of job (MB)
	210628  -  ResidentSetSize of job (KB)
...
006 (4430510.605.000) 09/08 13:03:26 Image size of job updated: 242668
	233  -  MemoryUsage of job (MB)
	238344  -  ResidentSetSize of job (KB)
...
006 (4430510.605.000) 09/08 13:08:27 Image size of job updated: 242724
	233  -  MemoryUsage of job (MB)
	238344  -  ResidentSetSize of job (KB)
...
006 (4430510.605.000) 09/08 13:13:27 Image size of job updated: 242728
	233  -  MemoryUsage of job (MB)
	238344  -  ResidentSetSize of job (KB)
...
006 (4430510.605.000) 09/08 13:18:28 Image size of job updated: 249932
	233  -  MemoryUsage of job (MB)
	238344  -  ResidentSetSize of job (KB)
...
006 (4430510.605.000) 09/08 13:23:27 Image size of job updated: 249992
	233  -  MemoryUsage of job (MB)
	238344  -  ResidentSetSize of job (KB)
...
006 (4430510.605.000) 09/08 13:28:28 Image size of job updated: 249996
	233  -  MemoryUsage of job (MB)
	238344  -  ResidentSetSize of job (KB)
...
006 (4430510.605.000) 09/08 13:33:28 Image size of job updated: 253348
	233  -  MemoryUsage of job (MB)
	238344  -  ResidentSetSize of job (KB)
...
006 (4430510.605.000) 09/08 13:38:29 Image size of job updated: 253408
	233  -  MemoryUsage of job (MB)
	238344  -  ResidentSetSize of job (KB)
...
006 (4430510.605.000) 09/08 13:43:29 Image size of job updated: 253412
	233  -  MemoryUsage of job (MB)
	238344  -  ResidentSetSize of job (KB)
...
006 (4430510.605.000) 09/08 13:48:29 Image size of job updated: 254328
	233  -  MemoryUsage of job (MB)
	238344  -  ResidentSetSize of job (KB)
...
006 (4430510.605.000) 09/08 13:53:30 Image size of job updated: 254388
	233  -  MemoryUsage of job (MB)
	238344  -  ResidentSetSize of job (KB)
...
006 (4430510.605.000) 09/08 14:03:31 Image size of job updated: 255080
	233  -  MemoryUsage of job (MB)
	238344  -  ResidentSetSize of job (KB)
...
006 (4430510.605.000) 09/08 14:08:32 Image size of job updated: 255140
	233  -  MemoryUsage of job (MB)
	238344  -  ResidentSetSize of job (KB)
...
006 (4430510.605.000) 09/08 14:13:31 Image size of job updated: 255844
	233  -  MemoryUsage of job (MB)
	238344  -  ResidentSetSize of job (KB)
...
006 (4430510.605.000) 09/08 14:58:37 Image size of job updated: 258540
	233  -  MemoryUsage of job (MB)
	238344  -  ResidentSetSize of job (KB)
...
006 (4430510.605.000) 09/08 15:03:36 Image size of job updated: 260584
	234  -  MemoryUsage of job (MB)
	239024  -  ResidentSetSize of job (KB)
...
006 (4430510.605.000) 09/08 15:13:37 Image size of job updated: 260584
	234  -  MemoryUsage of job (MB)
	239280  -  ResidentSetSize of job (KB)
...
006 (4430510.605.000) 09/08 16:38:47 Image size of job updated: 263068
	236  -  MemoryUsage of job (MB)
	241520  -  ResidentSetSize of job (KB)
...
006 (4430510.605.000) 09/08 16:48:47 Image size of job updated: 263072
	236  -  MemoryUsage of job (MB)
	241520  -  ResidentSetSize of job (KB)
...
006 (4430510.605.000) 09/08 17:23:53 Image size of job updated: 263460
	236  -  MemoryUsage of job (MB)
	241520  -  ResidentSetSize of job (KB)
...
006 (4430510.605.000) 09/08 17:28:56 Image size of job updated: 263524
	236  -  MemoryUsage of job (MB)
	241520  -  ResidentSetSize of job (KB)
...
006 (4430510.605.000) 09/08 18:18:58 Image size of job updated: 265088
	236  -  MemoryUsage of job (MB)
	241520  -  ResidentSetSize of job (KB)
...
006 (4430510.605.000) 09/08 18:23:59 Image size of job updated: 265092
	236  -  MemoryUsage of job (MB)
	241520  -  ResidentSetSize of job (KB)
...
006 (4430510.605.000) 09/08 18:28:59 Image size of job updated: 265096
	236  -  MemoryUsage of job (MB)
	241520  -  ResidentSetSize of job (KB)
...
006 (4430510.605.000) 09/08 19:29:05 Image size of job updated: 266600
	238  -  MemoryUsage of job (MB)
	243020  -  ResidentSetSize of job (KB)
...
006 (4430510.605.000) 09/08 19:34:05 Image size of job updated: 266752
	238  -  MemoryUsage of job (MB)
	243080  -  ResidentSetSize of job (KB)
...
006 (4430510.605.000) 09/08 20:09:09 Image size of job updated: 266772
	238  -  MemoryUsage of job (MB)
	243100  -  ResidentSetSize of job (KB)
...
006 (4430510.605.000) 09/08 20:14:09 Image size of job updated: 266776
	238  -  MemoryUsage of job (MB)
	243100  -  ResidentSetSize of job (KB)
...
006 (4430510.605.000) 09/08 20:19:10 Image size of job updated: 266992
	238  -  MemoryUsage of job (MB)
	243360  -  ResidentSetSize of job (KB)
...
006 (4430510.605.000) 09/08 20:24:10 Image size of job updated: 267052
	238  -  MemoryUsage of job (MB)
	243380  -  ResidentSetSize of job (KB)
...
006 (4430510.605.000) 09/08 20:54:15 Image size of job updated: 271404
	242  -  MemoryUsage of job (MB)
	247736  -  ResidentSetSize of job (KB)
...
006 (4430510.605.000) 09/08 20:59:15 Image size of job updated: 271408
	242  -  MemoryUsage of job (MB)
	247736  -  ResidentSetSize of job (KB)
...
006 (4430510.605.000) 09/08 21:04:16 Image size of job updated: 272028
	243  -  MemoryUsage of job (MB)
	248352  -  ResidentSetSize of job (KB)
...
006 (4430510.605.000) 09/08 22:09:25 Image size of job updated: 274056
	245  -  MemoryUsage of job (MB)
	250428  -  ResidentSetSize of job (KB)
...
006 (4430510.605.000) 09/08 22:14:24 Image size of job updated: 274120
	245  -  MemoryUsage of job (MB)
	250448  -  ResidentSetSize of job (KB)
...
006 (4430510.605.000) 09/08 22:19:25 Image size of job updated: 274924
	246  -  MemoryUsage of job (MB)
	251252  -  ResidentSetSize of job (KB)
...
006 (4430510.605.000) 09/08 23:49:35 Image size of job updated: 275180
	246  -  MemoryUsage of job (MB)
	251512  -  ResidentSetSize of job (KB)
...
006 (4430510.605.000) 09/08 23:54:35 Image size of job updated: 275184
	246  -  MemoryUsage of job (MB)
	251512  -  ResidentSetSize of job (KB)
...
006 (4430510.605.000) 09/09 00:34:39 Image size of job updated: 275756
	247  -  MemoryUsage of job (MB)
	252128  -  ResidentSetSize of job (KB)
...
006 (4430510.605.000) 09/09 00:39:40 Image size of job updated: 275820
	247  -  MemoryUsage of job (MB)
	252148  -  ResidentSetSize of job (KB)
...
006 (4430510.605.000) 09/09 01:04:44 Image size of job updated: 277884
	249  -  MemoryUsage of job (MB)
	254216  -  ResidentSetSize of job (KB)
...
006 (4430510.605.000) 09/09 01:49:48 Image size of job updated: 278788
	250  -  MemoryUsage of job (MB)
	255160  -  ResidentSetSize of job (KB)
...
006 (4430510.605.000) 09/09 01:54:48 Image size of job updated: 278852
	250  -  MemoryUsage of job (MB)
	255180  -  ResidentSetSize of job (KB)
...
006 (4430510.605.000) 09/09 01:59:50 Image size of job updated: 279280
	250  -  MemoryUsage of job (MB)
	255608  -  ResidentSetSize of job (KB)
...
006 (4430510.605.000) 09/09 02:44:55 Image size of job updated: 280248
	251  -  MemoryUsage of job (MB)
	256576  -  ResidentSetSize of job (KB)
...
006 (4430510.605.000) 09/09 03:14:57 Image size of job updated: 280600
	251  -  MemoryUsage of job (MB)
	256928  -  ResidentSetSize of job (KB)
...
006 (4430510.605.000) 09/09 05:20:14 Image size of job updated: 280796
	252  -  MemoryUsage of job (MB)
	257168  -  ResidentSetSize of job (KB)
...
006 (4430510.605.000) 09/09 05:25:14 Image size of job updated: 280860
	252  -  MemoryUsage of job (MB)
	257188  -  ResidentSetSize of job (KB)
...
006 (4430510.605.000) 09/09 06:15:19 Image size of job updated: 281520
	252  -  MemoryUsage of job (MB)
	257888  -  ResidentSetSize of job (KB)
...
006 (4430510.605.000) 09/09 06:20:19 Image size of job updated: 281580
	252  -  MemoryUsage of job (MB)
	257908  -  ResidentSetSize of job (KB)
...
006 (4430510.605.000) 09/09 06:25:20 Image size of job updated: 281724
	252  -  MemoryUsage of job (MB)
	258048  -  ResidentSetSize of job (KB)
...
006 (4430510.605.000) 09/09 07:15:25 Image size of job updated: 282240
	253  -  MemoryUsage of job (MB)
	258608  -  ResidentSetSize of job (KB)
...
006 (4430510.605.000) 09/09 07:20:25 Image size of job updated: 283108
	254  -  MemoryUsage of job (MB)
	259436  -  ResidentSetSize of job (KB)
...
006 (4430510.605.000) 09/09 08:00:29 Image size of job updated: 284048
	255  -  MemoryUsage of job (MB)
	260380  -  ResidentSetSize of job (KB)
...
006 (4430510.605.000) 09/09 08:05:30 Image size of job updated: 284864
	256  -  MemoryUsage of job (MB)
	261192  -  ResidentSetSize of job (KB)
...
005 (4430510.605.000) 09/09 08:24:16 Job terminated.
	(1) Normal termination (return value 0)
		Usr 0 19:47:58, Sys 0 00:07:08  -  Run Remote Usage
		Usr 0 00:00:00, Sys 0 00:00:00  -  Run Local Usage
		Usr 0 19:47:58, Sys 0 00:07:08  -  Total Remote Usage
		Usr 0 00:00:00, Sys 0 00:00:00  -  Total Local Usage
	3533411  -  Run Bytes Sent By Job
	17284  -  Run Bytes Received By Job
	3533411  -  Total Bytes Sent By Job
	17284  -  Total Bytes Received By Job
	Partitionable Resources :    Usage  Request Allocated
	   Cpus                 :                 1         1
	   Disk (KB)            : 22128991 26214400  31830942
	   Ioheavy              :                           1
	   Memory (MB)          :      256      300       300
...
