000 (4430510.821.000) 09/08 09:59:23 Job submitted from host: <128.105.244.190:9618?addrs=128.105.244.190-9618&noUDP&sock=2714685_05e2_3>
...
001 (4430510.821.000) 09/08 14:03:42 Job executing on host: <128.105.245.56:9618?addrs=128.105.245.56-9618+[--1]-9618&noUDP&sock=10394_ff79_3>
...
006 (4430510.821.000) 09/08 14:03:52 Image size of job updated: 476
	1  -  MemoryUsage of job (MB)
	476  -  ResidentSetSize of job (KB)
...
006 (4430510.821.000) 09/08 14:08:52 Image size of job updated: 564
	1  -  MemoryUsage of job (MB)
	476  -  ResidentSetSize of job (KB)
...
006 (4430510.821.000) 09/08 14:23:52 Image size of job updated: 17452
	17  -  MemoryUsage of job (MB)
	16480  -  ResidentSetSize of job (KB)
...
006 (4430510.821.000) 09/08 14:29:07 Image size of job updated: 62628
	17  -  MemoryUsage of job (MB)
	16480  -  ResidentSetSize of job (KB)
...
006 (4430510.821.000) 09/08 14:33:53 Image size of job updated: 205416
	127  -  MemoryUsage of job (MB)
	129660  -  ResidentSetSize of job (KB)
...
006 (4430510.821.000) 09/08 14:38:54 Image size of job updated: 205416
	172  -  MemoryUsage of job (MB)
	175180  -  ResidentSetSize of job (KB)
...
006 (4430510.821.000) 09/08 14:43:55 Image size of job updated: 209648
	179  -  MemoryUsage of job (MB)
	182372  -  ResidentSetSize of job (KB)
...
006 (4430510.821.000) 09/08 14:48:55 Image size of job updated: 209648
	180  -  MemoryUsage of job (MB)
	183524  -  ResidentSetSize of job (KB)
...
006 (4430510.821.000) 09/08 14:53:55 Image size of job updated: 209692
	180  -  MemoryUsage of job (MB)
	183940  -  ResidentSetSize of job (KB)
...
006 (4430510.821.000) 09/08 14:59:04 Image size of job updated: 241540
	180  -  MemoryUsage of job (MB)
	183940  -  ResidentSetSize of job (KB)
...
006 (4430510.821.000) 09/08 15:03:56 Image size of job updated: 241600
	180  -  MemoryUsage of job (MB)
	183940  -  ResidentSetSize of job (KB)
...
006 (4430510.821.000) 09/08 15:18:57 Image size of job updated: 243360
	189  -  MemoryUsage of job (MB)
	192976  -  ResidentSetSize of job (KB)
...
006 (4430510.821.000) 09/08 15:23:59 Image size of job updated: 243364
	189  -  MemoryUsage of job (MB)
	192976  -  ResidentSetSize of job (KB)
...
006 (4430510.821.000) 09/08 15:28:58 Image size of job updated: 243364
	206  -  MemoryUsage of job (MB)
	209972  -  ResidentSetSize of job (KB)
...
006 (4430510.821.000) 09/08 15:33:59 Image size of job updated: 243364
	206  -  MemoryUsage of job (MB)
	209992  -  ResidentSetSize of job (KB)
...
006 (4430510.821.000) 09/08 15:38:59 Image size of job updated: 246068
	210  -  MemoryUsage of job (MB)
	214964  -  ResidentSetSize of job (KB)
...
006 (4430510.821.000) 09/08 15:44:00 Image size of job updated: 254860
	217  -  MemoryUsage of job (MB)
	221424  -  ResidentSetSize of job (KB)
...
006 (4430510.821.000) 09/08 15:49:00 Image size of job updated: 254860
	219  -  MemoryUsage of job (MB)
	224188  -  ResidentSetSize of job (KB)
...
006 (4430510.821.000) 09/08 17:29:21 Image size of job updated: 258068
	226  -  MemoryUsage of job (MB)
	230968  -  ResidentSetSize of job (KB)
...
006 (4430510.821.000) 09/08 18:14:12 Image size of job updated: 261144
	229  -  MemoryUsage of job (MB)
	234040  -  ResidentSetSize of job (KB)
...
006 (4430510.821.000) 09/08 18:24:13 Image size of job updated: 264716
	233  -  MemoryUsage of job (MB)
	237656  -  ResidentSetSize of job (KB)
...
006 (4430510.821.000) 09/08 18:29:13 Image size of job updated: 264776
	233  -  MemoryUsage of job (MB)
	237676  -  ResidentSetSize of job (KB)
...
006 (4430510.821.000) 09/08 18:34:13 Image size of job updated: 266804
	235  -  MemoryUsage of job (MB)
	239744  -  ResidentSetSize of job (KB)
...
006 (4430510.821.000) 09/08 18:39:13 Image size of job updated: 266864
	235  -  MemoryUsage of job (MB)
	239764  -  ResidentSetSize of job (KB)
...
006 (4430510.821.000) 09/08 18:49:19 Image size of job updated: 267588
	235  -  MemoryUsage of job (MB)
	240488  -  ResidentSetSize of job (KB)
...
006 (4430510.821.000) 09/08 19:34:17 Image size of job updated: 268612
	236  -  MemoryUsage of job (MB)
	241512  -  ResidentSetSize of job (KB)
...
006 (4430510.821.000) 09/08 19:59:20 Image size of job updated: 269116
	237  -  MemoryUsage of job (MB)
	242012  -  ResidentSetSize of job (KB)
...
006 (4430510.821.000) 09/08 20:19:21 Image size of job updated: 269184
	237  -  MemoryUsage of job (MB)
	242088  -  ResidentSetSize of job (KB)
...
006 (4430510.821.000) 09/08 20:24:22 Image size of job updated: 269188
	237  -  MemoryUsage of job (MB)
	242088  -  ResidentSetSize of job (KB)
...
006 (4430510.821.000) 09/08 20:34:23 Image size of job updated: 269596
	237  -  MemoryUsage of job (MB)
	242496  -  ResidentSetSize of job (KB)
...
006 (4430510.821.000) 09/08 21:24:28 Image size of job updated: 272616
	240  -  MemoryUsage of job (MB)
	245516  -  ResidentSetSize of job (KB)
...
006 (4430510.821.000) 09/09 01:29:55 Image size of job updated: 276044
	240  -  MemoryUsage of job (MB)
	245516  -  ResidentSetSize of job (KB)
...
006 (4430510.821.000) 09/09 01:34:54 Image size of job updated: 276104
	240  -  MemoryUsage of job (MB)
	245516  -  ResidentSetSize of job (KB)
...
006 (4430510.821.000) 09/09 01:44:56 Image size of job updated: 277104
	240  -  MemoryUsage of job (MB)
	245516  -  ResidentSetSize of job (KB)
...
006 (4430510.821.000) 09/09 01:54:56 Image size of job updated: 277388
	240  -  MemoryUsage of job (MB)
	245516  -  ResidentSetSize of job (KB)
...
006 (4430510.821.000) 09/09 01:59:58 Image size of job updated: 277396
	240  -  MemoryUsage of job (MB)
	245516  -  ResidentSetSize of job (KB)
...
006 (4430510.821.000) 09/09 02:04:58 Image size of job updated: 277780
	240  -  MemoryUsage of job (MB)
	245516  -  ResidentSetSize of job (KB)
...
006 (4430510.821.000) 09/09 02:09:58 Image size of job updated: 277840
	240  -  MemoryUsage of job (MB)
	245516  -  ResidentSetSize of job (KB)
...
006 (4430510.821.000) 09/09 04:15:11 Image size of job updated: 280124
	240  -  MemoryUsage of job (MB)
	245516  -  ResidentSetSize of job (KB)
...
006 (4430510.821.000) 09/09 04:20:13 Image size of job updated: 280172
	240  -  MemoryUsage of job (MB)
	245516  -  ResidentSetSize of job (KB)
...
006 (4430510.821.000) 09/09 04:50:16 Image size of job updated: 280852
	240  -  MemoryUsage of job (MB)
	245516  -  ResidentSetSize of job (KB)
...
006 (4430510.821.000) 09/09 04:55:17 Image size of job updated: 280908
	240  -  MemoryUsage of job (MB)
	245516  -  ResidentSetSize of job (KB)
...
005 (4430510.821.000) 09/09 05:26:19 Job terminated.
	(1) Normal termination (return value 0)
		Usr 0 14:17:31, Sys 0 00:06:15  -  Run Remote Usage
		Usr 0 00:00:00, Sys 0 00:00:00  -  Run Local Usage
		Usr 0 14:17:31, Sys 0 00:06:15  -  Total Remote Usage
		Usr 0 00:00:00, Sys 0 00:00:00  -  Total Local Usage
	3535918  -  Run Bytes Sent By Job
	17284  -  Run Bytes Received By Job
	3535918  -  Total Bytes Sent By Job
	17284  -  Total Bytes Received By Job
	Partitionable Resources :    Usage  Request Allocated
	   Cpus                 :                 1         1
	   Disk (KB)            : 18692481 26214400  33834434
	   Ioheavy              :                           1
	   Memory (MB)          :      240      300       300
...
