000 (4430510.920.000) 09/08 09:59:23 Job submitted from host: <128.105.244.190:9618?addrs=128.105.244.190-9618&noUDP&sock=2714685_05e2_3>
...
001 (4430510.920.000) 09/08 21:54:51 Job executing on host: <128.105.244.24:9618?addrs=128.105.244.24-9618&noUDP&sock=3823_d6a7_3>
...
006 (4430510.920.000) 09/08 21:54:59 Image size of job updated: 560
	1  -  MemoryUsage of job (MB)
	472  -  ResidentSetSize of job (KB)
...
006 (4430510.920.000) 09/08 22:05:03 Image size of job updated: 153272
	146  -  MemoryUsage of job (MB)
	148896  -  ResidentSetSize of job (KB)
...
006 (4430510.920.000) 09/08 22:10:00 Image size of job updated: 195024
	187  -  MemoryUsage of job (MB)
	190640  -  ResidentSetSize of job (KB)
...
006 (4430510.920.000) 09/08 22:15:00 Image size of job updated: 208064
	199  -  MemoryUsage of job (MB)
	203720  -  ResidentSetSize of job (KB)
...
006 (4430510.920.000) 09/08 22:25:00 Image size of job updated: 210628
	202  -  MemoryUsage of job (MB)
	206008  -  ResidentSetSize of job (KB)
...
006 (4430510.920.000) 09/08 22:30:02 Image size of job updated: 215052
	206  -  MemoryUsage of job (MB)
	210428  -  ResidentSetSize of job (KB)
...
006 (4430510.920.000) 09/08 22:45:01 Image size of job updated: 235604
	226  -  MemoryUsage of job (MB)
	230828  -  ResidentSetSize of job (KB)
...
006 (4430510.920.000) 09/08 22:50:02 Image size of job updated: 248260
	238  -  MemoryUsage of job (MB)
	243612  -  ResidentSetSize of job (KB)
...
006 (4430510.920.000) 09/08 22:55:03 Image size of job updated: 248512
	239  -  MemoryUsage of job (MB)
	243740  -  ResidentSetSize of job (KB)
...
006 (4430510.920.000) 09/08 23:00:03 Image size of job updated: 251176
	241  -  MemoryUsage of job (MB)
	246400  -  ResidentSetSize of job (KB)
...
006 (4430510.920.000) 09/08 23:20:06 Image size of job updated: 253924
	244  -  MemoryUsage of job (MB)
	249148  -  ResidentSetSize of job (KB)
...
006 (4430510.920.000) 09/08 23:30:06 Image size of job updated: 256596
	246  -  MemoryUsage of job (MB)
	251828  -  ResidentSetSize of job (KB)
...
006 (4430510.920.000) 09/08 23:35:07 Image size of job updated: 256604
	246  -  MemoryUsage of job (MB)
	251828  -  ResidentSetSize of job (KB)
...
006 (4430510.920.000) 09/08 23:40:08 Image size of job updated: 256720
	247  -  MemoryUsage of job (MB)
	251984  -  ResidentSetSize of job (KB)
...
006 (4430510.920.000) 09/08 23:45:08 Image size of job updated: 256780
	247  -  MemoryUsage of job (MB)
	252004  -  ResidentSetSize of job (KB)
...
006 (4430510.920.000) 09/09 00:10:14 Image size of job updated: 259936
	247  -  MemoryUsage of job (MB)
	252004  -  ResidentSetSize of job (KB)
...
006 (4430510.920.000) 09/09 00:15:11 Image size of job updated: 259944
	247  -  MemoryUsage of job (MB)
	252004  -  ResidentSetSize of job (KB)
...
006 (4430510.920.000) 09/09 00:35:12 Image size of job updated: 260604
	247  -  MemoryUsage of job (MB)
	252004  -  ResidentSetSize of job (KB)
...
006 (4430510.920.000) 09/09 00:40:13 Image size of job updated: 261216
	247  -  MemoryUsage of job (MB)
	252004  -  ResidentSetSize of job (KB)
...
006 (4430510.920.000) 09/09 00:45:13 Image size of job updated: 261220
	247  -  MemoryUsage of job (MB)
	252004  -  ResidentSetSize of job (KB)
...
006 (4430510.920.000) 09/09 01:35:18 Image size of job updated: 262948
	247  -  MemoryUsage of job (MB)
	252004  -  ResidentSetSize of job (KB)
...
006 (4430510.920.000) 09/09 01:40:18 Image size of job updated: 263008
	247  -  MemoryUsage of job (MB)
	252004  -  ResidentSetSize of job (KB)
...
006 (4430510.920.000) 09/09 01:45:18 Image size of job updated: 263820
	247  -  MemoryUsage of job (MB)
	252004  -  ResidentSetSize of job (KB)
...
006 (4430510.920.000) 09/09 01:50:18 Image size of job updated: 265244
	247  -  MemoryUsage of job (MB)
	252004  -  ResidentSetSize of job (KB)
...
006 (4430510.920.000) 09/09 02:00:19 Image size of job updated: 266892
	247  -  MemoryUsage of job (MB)
	252004  -  ResidentSetSize of job (KB)
...
006 (4430510.920.000) 09/09 02:05:19 Image size of job updated: 266952
	247  -  MemoryUsage of job (MB)
	252004  -  ResidentSetSize of job (KB)
...
006 (4430510.920.000) 09/09 02:10:20 Image size of job updated: 266968
	247  -  MemoryUsage of job (MB)
	252004  -  ResidentSetSize of job (KB)
...
006 (4430510.920.000) 09/09 02:40:23 Image size of job updated: 270024
	247  -  MemoryUsage of job (MB)
	252004  -  ResidentSetSize of job (KB)
...
006 (4430510.920.000) 09/09 02:45:24 Image size of job updated: 270088
	247  -  MemoryUsage of job (MB)
	252004  -  ResidentSetSize of job (KB)
...
006 (4430510.920.000) 09/09 04:10:34 Image size of job updated: 270132
	247  -  MemoryUsage of job (MB)
	252004  -  ResidentSetSize of job (KB)
...
006 (4430510.920.000) 09/09 04:15:34 Image size of job updated: 270196
	247  -  MemoryUsage of job (MB)
	252004  -  ResidentSetSize of job (KB)
...
006 (4430510.920.000) 09/09 04:20:34 Image size of job updated: 270888
	247  -  MemoryUsage of job (MB)
	252004  -  ResidentSetSize of job (KB)
...
006 (4430510.920.000) 09/09 04:25:36 Image size of job updated: 273312
	247  -  MemoryUsage of job (MB)
	252004  -  ResidentSetSize of job (KB)
...
006 (4430510.920.000) 09/09 04:30:36 Image size of job updated: 273376
	247  -  MemoryUsage of job (MB)
	252004  -  ResidentSetSize of job (KB)
...
006 (4430510.920.000) 09/09 05:25:41 Image size of job updated: 274180
	247  -  MemoryUsage of job (MB)
	252004  -  ResidentSetSize of job (KB)
...
006 (4430510.920.000) 09/09 05:30:41 Image size of job updated: 274184
	247  -  MemoryUsage of job (MB)
	252004  -  ResidentSetSize of job (KB)
...
006 (4430510.920.000) 09/09 05:35:42 Image size of job updated: 274600
	247  -  MemoryUsage of job (MB)
	252004  -  ResidentSetSize of job (KB)
...
006 (4430510.920.000) 09/09 08:36:02 Image size of job updated: 274996
	247  -  MemoryUsage of job (MB)
	252004  -  ResidentSetSize of job (KB)
...
006 (4430510.920.000) 09/09 09:11:05 Image size of job updated: 275084
	247  -  MemoryUsage of job (MB)
	252004  -  ResidentSetSize of job (KB)
...
006 (4430510.920.000) 09/09 09:21:07 Image size of job updated: 275236
	247  -  MemoryUsage of job (MB)
	252004  -  ResidentSetSize of job (KB)
...
006 (4430510.920.000) 09/09 09:26:07 Image size of job updated: 275384
	247  -  MemoryUsage of job (MB)
	252004  -  ResidentSetSize of job (KB)
...
006 (4430510.920.000) 09/09 09:36:08 Image size of job updated: 276276
	247  -  MemoryUsage of job (MB)
	252004  -  ResidentSetSize of job (KB)
...
006 (4430510.920.000) 09/09 09:41:08 Image size of job updated: 276780
	247  -  MemoryUsage of job (MB)
	252004  -  ResidentSetSize of job (KB)
...
006 (4430510.920.000) 09/09 10:36:13 Image size of job updated: 276800
	247  -  MemoryUsage of job (MB)
	252004  -  ResidentSetSize of job (KB)
...
006 (4430510.920.000) 09/09 10:41:14 Image size of job updated: 276952
	247  -  MemoryUsage of job (MB)
	252004  -  ResidentSetSize of job (KB)
...
006 (4430510.920.000) 09/09 11:06:18 Image size of job updated: 277564
	247  -  MemoryUsage of job (MB)
	252004  -  ResidentSetSize of job (KB)
...
006 (4430510.920.000) 09/09 11:11:18 Image size of job updated: 279604
	247  -  MemoryUsage of job (MB)
	252004  -  ResidentSetSize of job (KB)
...
006 (4430510.920.000) 09/09 11:16:18 Image size of job updated: 280468
	247  -  MemoryUsage of job (MB)
	252004  -  ResidentSetSize of job (KB)
...
006 (4430510.920.000) 09/09 12:26:24 Image size of job updated: 281024
	247  -  MemoryUsage of job (MB)
	252004  -  ResidentSetSize of job (KB)
...
006 (4430510.920.000) 09/09 12:56:28 Image size of job updated: 281128
	247  -  MemoryUsage of job (MB)
	252004  -  ResidentSetSize of job (KB)
...
006 (4430510.920.000) 09/09 13:01:29 Image size of job updated: 283208
	247  -  MemoryUsage of job (MB)
	252004  -  ResidentSetSize of job (KB)
...
006 (4430510.920.000) 09/09 13:06:29 Image size of job updated: 283212
	247  -  MemoryUsage of job (MB)
	252004  -  ResidentSetSize of job (KB)
...
006 (4430510.920.000) 09/09 13:51:34 Image size of job updated: 283588
	247  -  MemoryUsage of job (MB)
	252092  -  ResidentSetSize of job (KB)
...
006 (4430510.920.000) 09/09 13:56:34 Image size of job updated: 283648
	247  -  MemoryUsage of job (MB)
	252112  -  ResidentSetSize of job (KB)
...
006 (4430510.920.000) 09/09 14:46:39 Image size of job updated: 283948
	247  -  MemoryUsage of job (MB)
	252412  -  ResidentSetSize of job (KB)
...
005 (4430510.920.000) 09/09 14:54:26 Job terminated.
	(1) Normal termination (return value 0)
		Usr 0 16:42:23, Sys 0 00:04:46  -  Run Remote Usage
		Usr 0 00:00:00, Sys 0 00:00:00  -  Run Local Usage
		Usr 0 16:42:23, Sys 0 00:04:46  -  Total Remote Usage
		Usr 0 00:00:00, Sys 0 00:00:00  -  Total Local Usage
	3535889  -  Run Bytes Sent By Job
	17284  -  Run Bytes Received By Job
	3535889  -  Total Bytes Sent By Job
	17284  -  Total Bytes Received By Job
	Partitionable Resources :    Usage  Request Allocated
	   Cpus                 :                 1         1
	   Disk (KB)            : 18695535 26214400  45293772
	   Ioheavy              :                           1
	   Memory (MB)          :      247      300       300
...
