000 (4430510.143.000) 09/08 09:59:23 Job submitted from host: <128.105.244.190:9618?addrs=128.105.244.190-9618&noUDP&sock=2714685_05e2_3>
...
001 (4430510.143.000) 09/08 11:20:17 Job executing on host: <128.105.245.46:9618?addrs=128.105.245.46-9618+[--1]-9618&noUDP&sock=5168_1ad7_21>
...
006 (4430510.143.000) 09/08 11:20:26 Image size of job updated: 480
	1  -  MemoryUsage of job (MB)
	480  -  ResidentSetSize of job (KB)
...
006 (4430510.143.000) 09/08 11:35:27 Image size of job updated: 548
	1  -  MemoryUsage of job (MB)
	548  -  ResidentSetSize of job (KB)
...
006 (4430510.143.000) 09/08 12:50:50 Image size of job updated: 20312
	19  -  MemoryUsage of job (MB)
	19388  -  ResidentSetSize of job (KB)
...
006 (4430510.143.000) 09/08 12:55:36 Image size of job updated: 91792
	87  -  MemoryUsage of job (MB)
	88156  -  ResidentSetSize of job (KB)
...
006 (4430510.143.000) 09/08 13:06:40 Image size of job updated: 184960
	177  -  MemoryUsage of job (MB)
	180920  -  ResidentSetSize of job (KB)
...
006 (4430510.143.000) 09/08 13:16:47 Image size of job updated: 190468
	183  -  MemoryUsage of job (MB)
	186512  -  ResidentSetSize of job (KB)
...
006 (4430510.143.000) 09/08 13:26:39 Image size of job updated: 207532
	199  -  MemoryUsage of job (MB)
	203768  -  ResidentSetSize of job (KB)
...
006 (4430510.143.000) 09/08 13:31:38 Image size of job updated: 207592
	200  -  MemoryUsage of job (MB)
	203788  -  ResidentSetSize of job (KB)
...
006 (4430510.143.000) 09/08 13:42:31 Image size of job updated: 211660
	204  -  MemoryUsage of job (MB)
	208672  -  ResidentSetSize of job (KB)
...
006 (4430510.143.000) 09/08 14:08:24 Image size of job updated: 233488
	225  -  MemoryUsage of job (MB)
	230148  -  ResidentSetSize of job (KB)
...
006 (4430510.143.000) 09/08 14:19:09 Image size of job updated: 235144
	227  -  MemoryUsage of job (MB)
	231684  -  ResidentSetSize of job (KB)
...
006 (4430510.143.000) 09/08 14:24:09 Image size of job updated: 235144
	227  -  MemoryUsage of job (MB)
	231704  -  ResidentSetSize of job (KB)
...
006 (4430510.143.000) 09/08 14:39:12 Image size of job updated: 237480
	229  -  MemoryUsage of job (MB)
	233860  -  ResidentSetSize of job (KB)
...
006 (4430510.143.000) 09/08 14:54:26 Image size of job updated: 241860
	233  -  MemoryUsage of job (MB)
	238208  -  ResidentSetSize of job (KB)
...
006 (4430510.143.000) 09/08 15:26:11 Image size of job updated: 242232
	235  -  MemoryUsage of job (MB)
	240016  -  ResidentSetSize of job (KB)
...
006 (4430510.143.000) 09/08 15:48:32 Image size of job updated: 242504
	235  -  MemoryUsage of job (MB)
	240016  -  ResidentSetSize of job (KB)
...
006 (4430510.143.000) 09/08 16:13:00 Image size of job updated: 244396
	236  -  MemoryUsage of job (MB)
	240928  -  ResidentSetSize of job (KB)
...
006 (4430510.143.000) 09/08 16:18:01 Image size of job updated: 244460
	236  -  MemoryUsage of job (MB)
	240948  -  ResidentSetSize of job (KB)
...
006 (4430510.143.000) 09/08 16:38:04 Image size of job updated: 245016
	236  -  MemoryUsage of job (MB)
	241452  -  ResidentSetSize of job (KB)
...
006 (4430510.143.000) 09/08 16:43:07 Image size of job updated: 245064
	236  -  MemoryUsage of job (MB)
	241472  -  ResidentSetSize of job (KB)
...
006 (4430510.143.000) 09/08 16:53:21 Image size of job updated: 245064
	236  -  MemoryUsage of job (MB)
	241532  -  ResidentSetSize of job (KB)
...
006 (4430510.143.000) 09/08 17:08:09 Image size of job updated: 246284
	239  -  MemoryUsage of job (MB)
	243788  -  ResidentSetSize of job (KB)
...
006 (4430510.143.000) 09/08 17:13:13 Image size of job updated: 246288
	239  -  MemoryUsage of job (MB)
	243788  -  ResidentSetSize of job (KB)
...
006 (4430510.143.000) 09/08 17:37:57 Image size of job updated: 255684
	247  -  MemoryUsage of job (MB)
	252336  -  ResidentSetSize of job (KB)
...
006 (4430510.143.000) 09/08 19:12:06 Image size of job updated: 258168
	249  -  MemoryUsage of job (MB)
	254656  -  ResidentSetSize of job (KB)
...
006 (4430510.143.000) 09/08 19:17:06 Image size of job updated: 258204
	249  -  MemoryUsage of job (MB)
	254676  -  ResidentSetSize of job (KB)
...
006 (4430510.143.000) 09/08 20:57:09 Image size of job updated: 259548
	251  -  MemoryUsage of job (MB)
	256004  -  ResidentSetSize of job (KB)
...
006 (4430510.143.000) 09/08 21:05:44 Image size of job updated: 259548
	251  -  MemoryUsage of job (MB)
	256024  -  ResidentSetSize of job (KB)
...
006 (4430510.143.000) 09/08 23:42:29 Image size of job updated: 264040
	256  -  MemoryUsage of job (MB)
	261972  -  ResidentSetSize of job (KB)
...
006 (4430510.143.000) 09/09 00:35:53 Image size of job updated: 265624
	257  -  MemoryUsage of job (MB)
	262892  -  ResidentSetSize of job (KB)
...
006 (4430510.143.000) 09/09 05:32:47 Image size of job updated: 271644
	262  -  MemoryUsage of job (MB)
	268016  -  ResidentSetSize of job (KB)
...
006 (4430510.143.000) 09/09 09:56:58 Image size of job updated: 272344
	263  -  MemoryUsage of job (MB)
	268964  -  ResidentSetSize of job (KB)
...
006 (4430510.143.000) 09/09 14:37:15 Image size of job updated: 275152
	266  -  MemoryUsage of job (MB)
	271568  -  ResidentSetSize of job (KB)
...
006 (4430510.143.000) 09/09 14:42:16 Image size of job updated: 275212
	266  -  MemoryUsage of job (MB)
	271588  -  ResidentSetSize of job (KB)
...
006 (4430510.143.000) 09/09 20:27:44 Image size of job updated: 275544
	268  -  MemoryUsage of job (MB)
	274008  -  ResidentSetSize of job (KB)
...
005 (4430510.143.000) 09/10 00:08:17 Job terminated.
	(1) Normal termination (return value 0)
		Usr 0 20:59:30, Sys 0 00:06:01  -  Run Remote Usage
		Usr 0 00:00:00, Sys 0 00:00:00  -  Run Local Usage
		Usr 0 20:59:30, Sys 0 00:06:01  -  Total Remote Usage
		Usr 0 00:00:00, Sys 0 00:00:00  -  Total Local Usage
	3538248  -  Run Bytes Sent By Job
	17284  -  Run Bytes Received By Job
	3538248  -  Total Bytes Sent By Job
	17284  -  Total Bytes Received By Job
	Partitionable Resources :    Usage  Request Allocated
	   Cpus                 :                 1         1
	   Disk (KB)            : 21867485 26214400  28398895
	   Ioheavy              :                           1
	   Memory (MB)          :      268      300       300
...
