000 (4430510.940.000) 09/08 09:59:23 Job submitted from host: <128.105.244.190:9618?addrs=128.105.244.190-9618&noUDP&sock=2714685_05e2_3>
...
001 (4430510.940.000) 09/08 23:13:56 Job executing on host: <128.105.244.66:9618?addrs=128.105.244.66-9618+[--1]-9618&noUDP&sock=10143_6674_3>
...
006 (4430510.940.000) 09/08 23:14:06 Image size of job updated: 552
	1  -  MemoryUsage of job (MB)
	468  -  ResidentSetSize of job (KB)
...
006 (4430510.940.000) 09/08 23:29:08 Image size of job updated: 157940
	150  -  MemoryUsage of job (MB)
	153560  -  ResidentSetSize of job (KB)
...
006 (4430510.940.000) 09/08 23:34:08 Image size of job updated: 182680
	175  -  MemoryUsage of job (MB)
	178292  -  ResidentSetSize of job (KB)
...
006 (4430510.940.000) 09/08 23:39:09 Image size of job updated: 192828
	185  -  MemoryUsage of job (MB)
	188484  -  ResidentSetSize of job (KB)
...
006 (4430510.940.000) 09/08 23:44:12 Image size of job updated: 192892
	185  -  MemoryUsage of job (MB)
	188504  -  ResidentSetSize of job (KB)
...
006 (4430510.940.000) 09/08 23:49:11 Image size of job updated: 206108
	185  -  MemoryUsage of job (MB)
	188504  -  ResidentSetSize of job (KB)
...
006 (4430510.940.000) 09/08 23:54:12 Image size of job updated: 206172
	185  -  MemoryUsage of job (MB)
	188504  -  ResidentSetSize of job (KB)
...
006 (4430510.940.000) 09/08 23:59:11 Image size of job updated: 212556
	185  -  MemoryUsage of job (MB)
	188504  -  ResidentSetSize of job (KB)
...
006 (4430510.940.000) 09/09 00:04:11 Image size of job updated: 215544
	186  -  MemoryUsage of job (MB)
	189704  -  ResidentSetSize of job (KB)
...
006 (4430510.940.000) 09/09 00:09:12 Image size of job updated: 215848
	186  -  MemoryUsage of job (MB)
	189920  -  ResidentSetSize of job (KB)
...
006 (4430510.940.000) 09/09 00:14:13 Image size of job updated: 228948
	199  -  MemoryUsage of job (MB)
	203020  -  ResidentSetSize of job (KB)
...
006 (4430510.940.000) 09/09 00:19:13 Image size of job updated: 228952
	199  -  MemoryUsage of job (MB)
	203020  -  ResidentSetSize of job (KB)
...
006 (4430510.940.000) 09/09 00:29:15 Image size of job updated: 240040
	199  -  MemoryUsage of job (MB)
	203020  -  ResidentSetSize of job (KB)
...
006 (4430510.940.000) 09/09 00:39:15 Image size of job updated: 254304
	224  -  MemoryUsage of job (MB)
	228416  -  ResidentSetSize of job (KB)
...
006 (4430510.940.000) 09/09 00:44:16 Image size of job updated: 254368
	224  -  MemoryUsage of job (MB)
	228436  -  ResidentSetSize of job (KB)
...
006 (4430510.940.000) 09/09 00:49:17 Image size of job updated: 254912
	224  -  MemoryUsage of job (MB)
	228980  -  ResidentSetSize of job (KB)
...
006 (4430510.940.000) 09/09 00:54:17 Image size of job updated: 255412
	225  -  MemoryUsage of job (MB)
	229520  -  ResidentSetSize of job (KB)
...
006 (4430510.940.000) 09/09 00:59:19 Image size of job updated: 256240
	225  -  MemoryUsage of job (MB)
	230340  -  ResidentSetSize of job (KB)
...
006 (4430510.940.000) 09/09 01:04:19 Image size of job updated: 256952
	226  -  MemoryUsage of job (MB)
	231144  -  ResidentSetSize of job (KB)
...
006 (4430510.940.000) 09/09 01:09:19 Image size of job updated: 257104
	226  -  MemoryUsage of job (MB)
	231204  -  ResidentSetSize of job (KB)
...
006 (4430510.940.000) 09/09 01:14:19 Image size of job updated: 259296
	228  -  MemoryUsage of job (MB)
	233392  -  ResidentSetSize of job (KB)
...
006 (4430510.940.000) 09/09 01:34:23 Image size of job updated: 262256
	231  -  MemoryUsage of job (MB)
	236356  -  ResidentSetSize of job (KB)
...
006 (4430510.940.000) 09/09 01:39:22 Image size of job updated: 263052
	232  -  MemoryUsage of job (MB)
	237152  -  ResidentSetSize of job (KB)
...
006 (4430510.940.000) 09/09 03:34:34 Image size of job updated: 263492
	233  -  MemoryUsage of job (MB)
	237660  -  ResidentSetSize of job (KB)
...
006 (4430510.940.000) 09/09 03:39:35 Image size of job updated: 264268
	233  -  MemoryUsage of job (MB)
	238476  -  ResidentSetSize of job (KB)
...
006 (4430510.940.000) 09/09 03:44:36 Image size of job updated: 264328
	233  -  MemoryUsage of job (MB)
	238496  -  ResidentSetSize of job (KB)
...
006 (4430510.940.000) 09/09 03:54:36 Image size of job updated: 266348
	235  -  MemoryUsage of job (MB)
	240556  -  ResidentSetSize of job (KB)
...
006 (4430510.940.000) 09/09 03:59:36 Image size of job updated: 266408
	235  -  MemoryUsage of job (MB)
	240576  -  ResidentSetSize of job (KB)
...
006 (4430510.940.000) 09/09 04:39:40 Image size of job updated: 269380
	238  -  MemoryUsage of job (MB)
	243560  -  ResidentSetSize of job (KB)
...
006 (4430510.940.000) 09/09 04:44:41 Image size of job updated: 269384
	238  -  MemoryUsage of job (MB)
	243560  -  ResidentSetSize of job (KB)
...
006 (4430510.940.000) 09/09 05:54:48 Image size of job updated: 270484
	240  -  MemoryUsage of job (MB)
	245340  -  ResidentSetSize of job (KB)
...
006 (4430510.940.000) 09/09 05:59:49 Image size of job updated: 270544
	240  -  MemoryUsage of job (MB)
	245360  -  ResidentSetSize of job (KB)
...
006 (4430510.940.000) 09/09 06:09:50 Image size of job updated: 272636
	242  -  MemoryUsage of job (MB)
	247544  -  ResidentSetSize of job (KB)
...
006 (4430510.940.000) 09/09 06:14:50 Image size of job updated: 272788
	242  -  MemoryUsage of job (MB)
	247604  -  ResidentSetSize of job (KB)
...
006 (4430510.940.000) 09/09 08:10:01 Image size of job updated: 273956
	243  -  MemoryUsage of job (MB)
	248780  -  ResidentSetSize of job (KB)
...
006 (4430510.940.000) 09/09 08:15:02 Image size of job updated: 274764
	244  -  MemoryUsage of job (MB)
	249580  -  ResidentSetSize of job (KB)
...
006 (4430510.940.000) 09/09 11:15:23 Image size of job updated: 275036
	245  -  MemoryUsage of job (MB)
	249892  -  ResidentSetSize of job (KB)
...
006 (4430510.940.000) 09/09 11:20:23 Image size of job updated: 275096
	245  -  MemoryUsage of job (MB)
	249912  -  ResidentSetSize of job (KB)
...
006 (4430510.940.000) 09/09 11:40:26 Image size of job updated: 275444
	245  -  MemoryUsage of job (MB)
	250300  -  ResidentSetSize of job (KB)
...
006 (4430510.940.000) 09/09 11:45:26 Image size of job updated: 275504
	245  -  MemoryUsage of job (MB)
	250320  -  ResidentSetSize of job (KB)
...
006 (4430510.940.000) 09/09 12:25:30 Image size of job updated: 276000
	245  -  MemoryUsage of job (MB)
	250816  -  ResidentSetSize of job (KB)
...
006 (4430510.940.000) 09/09 12:50:33 Image size of job updated: 277320
	247  -  MemoryUsage of job (MB)
	252140  -  ResidentSetSize of job (KB)
...
006 (4430510.940.000) 09/09 12:55:34 Image size of job updated: 278132
	248  -  MemoryUsage of job (MB)
	252948  -  ResidentSetSize of job (KB)
...
006 (4430510.940.000) 09/09 14:10:41 Image size of job updated: 278600
	248  -  MemoryUsage of job (MB)
	253420  -  ResidentSetSize of job (KB)
...
006 (4430510.940.000) 09/09 14:15:41 Image size of job updated: 278604
	248  -  MemoryUsage of job (MB)
	253420  -  ResidentSetSize of job (KB)
...
006 (4430510.940.000) 09/09 14:25:43 Image size of job updated: 280592
	250  -  MemoryUsage of job (MB)
	255408  -  ResidentSetSize of job (KB)
...
006 (4430510.940.000) 09/09 15:35:49 Image size of job updated: 280748
	250  -  MemoryUsage of job (MB)
	255652  -  ResidentSetSize of job (KB)
...
006 (4430510.940.000) 09/09 15:40:50 Image size of job updated: 280896
	250  -  MemoryUsage of job (MB)
	255712  -  ResidentSetSize of job (KB)
...
006 (4430510.940.000) 09/09 16:25:55 Image size of job updated: 283124
	252  -  MemoryUsage of job (MB)
	257944  -  ResidentSetSize of job (KB)
...
006 (4430510.940.000) 09/09 16:30:56 Image size of job updated: 283128
	252  -  MemoryUsage of job (MB)
	257944  -  ResidentSetSize of job (KB)
...
005 (4430510.940.000) 09/09 18:19:43 Job terminated.
	(1) Normal termination (return value 0)
		Usr 0 18:48:14, Sys 0 00:04:57  -  Run Remote Usage
		Usr 0 00:00:00, Sys 0 00:00:00  -  Run Local Usage
		Usr 0 18:48:14, Sys 0 00:04:57  -  Total Remote Usage
		Usr 0 00:00:00, Sys 0 00:00:00  -  Total Local Usage
	3537486  -  Run Bytes Sent By Job
	17284  -  Run Bytes Received By Job
	3537486  -  Total Bytes Sent By Job
	17284  -  Total Bytes Received By Job
	Partitionable Resources :    Usage  Request Allocated
	   Cpus                 :                 1         1
	   Disk (KB)            : 21964036 26214400  35348400
	   Ioheavy              :                           1
	   Memory (MB)          :      252      300       300
...
