000 (4430510.589.000) 09/08 09:59:23 Job submitted from host: <128.105.244.190:9618?addrs=128.105.244.190-9618&noUDP&sock=2714685_05e2_3>
...
001 (4430510.589.000) 09/08 11:53:09 Job executing on host: <128.105.245.230:9618?addrs=128.105.245.230-9618+[--1]-9618&noUDP&sock=5518_e311_3>
...
006 (4430510.589.000) 09/08 11:53:17 Image size of job updated: 472
	1  -  MemoryUsage of job (MB)
	472  -  ResidentSetSize of job (KB)
...
006 (4430510.589.000) 09/08 12:03:18 Image size of job updated: 548
	1  -  MemoryUsage of job (MB)
	548  -  ResidentSetSize of job (KB)
...
006 (4430510.589.000) 09/08 12:23:20 Image size of job updated: 164496
	157  -  MemoryUsage of job (MB)
	160100  -  ResidentSetSize of job (KB)
...
006 (4430510.589.000) 09/08 12:28:20 Image size of job updated: 190236
	182  -  MemoryUsage of job (MB)
	185836  -  ResidentSetSize of job (KB)
...
006 (4430510.589.000) 09/08 12:33:20 Image size of job updated: 190240
	182  -  MemoryUsage of job (MB)
	185836  -  ResidentSetSize of job (KB)
...
006 (4430510.589.000) 09/08 12:38:21 Image size of job updated: 208980
	182  -  MemoryUsage of job (MB)
	185836  -  ResidentSetSize of job (KB)
...
006 (4430510.589.000) 09/08 12:48:21 Image size of job updated: 216580
	187  -  MemoryUsage of job (MB)
	190684  -  ResidentSetSize of job (KB)
...
006 (4430510.589.000) 09/08 12:58:21 Image size of job updated: 217196
	187  -  MemoryUsage of job (MB)
	191296  -  ResidentSetSize of job (KB)
...
006 (4430510.589.000) 09/08 13:08:21 Image size of job updated: 218088
	188  -  MemoryUsage of job (MB)
	192196  -  ResidentSetSize of job (KB)
...
006 (4430510.589.000) 09/08 13:13:23 Image size of job updated: 218100
	188  -  MemoryUsage of job (MB)
	192196  -  ResidentSetSize of job (KB)
...
006 (4430510.589.000) 09/08 13:18:23 Image size of job updated: 241944
	212  -  MemoryUsage of job (MB)
	216084  -  ResidentSetSize of job (KB)
...
006 (4430510.589.000) 09/08 13:23:23 Image size of job updated: 241996
	212  -  MemoryUsage of job (MB)
	216096  -  ResidentSetSize of job (KB)
...
006 (4430510.589.000) 09/08 13:33:25 Image size of job updated: 250204
	220  -  MemoryUsage of job (MB)
	224308  -  ResidentSetSize of job (KB)
...
006 (4430510.589.000) 09/08 13:38:25 Image size of job updated: 250208
	220  -  MemoryUsage of job (MB)
	224308  -  ResidentSetSize of job (KB)
...
006 (4430510.589.000) 09/08 13:48:28 Image size of job updated: 253144
	222  -  MemoryUsage of job (MB)
	227248  -  ResidentSetSize of job (KB)
...
006 (4430510.589.000) 09/08 13:53:28 Image size of job updated: 253148
	222  -  MemoryUsage of job (MB)
	227248  -  ResidentSetSize of job (KB)
...
006 (4430510.589.000) 09/08 14:03:29 Image size of job updated: 255548
	225  -  MemoryUsage of job (MB)
	229692  -  ResidentSetSize of job (KB)
...
006 (4430510.589.000) 09/08 14:08:31 Image size of job updated: 255604
	225  -  MemoryUsage of job (MB)
	229704  -  ResidentSetSize of job (KB)
...
006 (4430510.589.000) 09/08 14:33:33 Image size of job updated: 261564
	231  -  MemoryUsage of job (MB)
	235756  -  ResidentSetSize of job (KB)
...
006 (4430510.589.000) 09/08 14:38:33 Image size of job updated: 261708
	231  -  MemoryUsage of job (MB)
	235808  -  ResidentSetSize of job (KB)
...
006 (4430510.589.000) 09/08 15:18:39 Image size of job updated: 263400
	233  -  MemoryUsage of job (MB)
	237592  -  ResidentSetSize of job (KB)
...
006 (4430510.589.000) 09/08 15:23:39 Image size of job updated: 263544
	233  -  MemoryUsage of job (MB)
	237644  -  ResidentSetSize of job (KB)
...
006 (4430510.589.000) 09/08 17:18:46 Image size of job updated: 265304
	233  -  MemoryUsage of job (MB)
	237644  -  ResidentSetSize of job (KB)
...
006 (4430510.589.000) 09/08 17:23:46 Image size of job updated: 265360
	233  -  MemoryUsage of job (MB)
	237644  -  ResidentSetSize of job (KB)
...
006 (4430510.589.000) 09/08 18:58:54 Image size of job updated: 267280
	234  -  MemoryUsage of job (MB)
	239272  -  ResidentSetSize of job (KB)
...
006 (4430510.589.000) 09/08 19:03:54 Image size of job updated: 267336
	234  -  MemoryUsage of job (MB)
	239284  -  ResidentSetSize of job (KB)
...
006 (4430510.589.000) 09/08 19:13:55 Image size of job updated: 268484
	235  -  MemoryUsage of job (MB)
	240472  -  ResidentSetSize of job (KB)
...
006 (4430510.589.000) 09/08 19:18:55 Image size of job updated: 268536
	235  -  MemoryUsage of job (MB)
	240484  -  ResidentSetSize of job (KB)
...
006 (4430510.589.000) 09/08 19:23:55 Image size of job updated: 268540
	235  -  MemoryUsage of job (MB)
	240484  -  ResidentSetSize of job (KB)
...
006 (4430510.589.000) 09/08 19:28:56 Image size of job updated: 268724
	236  -  MemoryUsage of job (MB)
	240712  -  ResidentSetSize of job (KB)
...
006 (4430510.589.000) 09/08 19:33:58 Image size of job updated: 268776
	236  -  MemoryUsage of job (MB)
	240724  -  ResidentSetSize of job (KB)
...
006 (4430510.589.000) 09/08 19:38:58 Image size of job updated: 268780
	236  -  MemoryUsage of job (MB)
	240724  -  ResidentSetSize of job (KB)
...
006 (4430510.589.000) 09/08 19:59:02 Image size of job updated: 268780
	236  -  MemoryUsage of job (MB)
	240804  -  ResidentSetSize of job (KB)
...
006 (4430510.589.000) 09/08 20:04:00 Image size of job updated: 268908
	236  -  MemoryUsage of job (MB)
	240856  -  ResidentSetSize of job (KB)
...
006 (4430510.589.000) 09/08 22:09:12 Image size of job updated: 270500
	236  -  MemoryUsage of job (MB)
	241076  -  ResidentSetSize of job (KB)
...
006 (4430510.589.000) 09/08 22:14:13 Image size of job updated: 270508
	236  -  MemoryUsage of job (MB)
	241076  -  ResidentSetSize of job (KB)
...
006 (4430510.589.000) 09/08 22:29:14 Image size of job updated: 273312
	239  -  MemoryUsage of job (MB)
	243880  -  ResidentSetSize of job (KB)
...
006 (4430510.589.000) 09/08 22:59:17 Image size of job updated: 275264
	241  -  MemoryUsage of job (MB)
	245920  -  ResidentSetSize of job (KB)
...
006 (4430510.589.000) 09/08 23:04:17 Image size of job updated: 275404
	241  -  MemoryUsage of job (MB)
	245972  -  ResidentSetSize of job (KB)
...
006 (4430510.589.000) 09/08 23:14:19 Image size of job updated: 275408
	241  -  MemoryUsage of job (MB)
	245972  -  ResidentSetSize of job (KB)
...
006 (4430510.589.000) 09/09 02:24:40 Image size of job updated: 275720
	241  -  MemoryUsage of job (MB)
	246328  -  ResidentSetSize of job (KB)
...
006 (4430510.589.000) 09/09 02:29:41 Image size of job updated: 275772
	241  -  MemoryUsage of job (MB)
	246340  -  ResidentSetSize of job (KB)
...
006 (4430510.589.000) 09/09 02:44:42 Image size of job updated: 276748
	242  -  MemoryUsage of job (MB)
	247356  -  ResidentSetSize of job (KB)
...
006 (4430510.589.000) 09/09 02:49:42 Image size of job updated: 276800
	242  -  MemoryUsage of job (MB)
	247368  -  ResidentSetSize of job (KB)
...
006 (4430510.589.000) 09/09 03:04:45 Image size of job updated: 279056
	244  -  MemoryUsage of job (MB)
	249628  -  ResidentSetSize of job (KB)
...
006 (4430510.589.000) 09/09 03:09:45 Image size of job updated: 279064
	244  -  MemoryUsage of job (MB)
	249628  -  ResidentSetSize of job (KB)
...
006 (4430510.589.000) 09/09 04:14:54 Image size of job updated: 279908
	245  -  MemoryUsage of job (MB)
	250480  -  ResidentSetSize of job (KB)
...
006 (4430510.589.000) 09/09 04:19:54 Image size of job updated: 279912
	245  -  MemoryUsage of job (MB)
	250480  -  ResidentSetSize of job (KB)
...
006 (4430510.589.000) 09/09 08:00:13 Image size of job updated: 282148
	245  -  MemoryUsage of job (MB)
	250480  -  ResidentSetSize of job (KB)
...
006 (4430510.589.000) 09/09 08:45:17 Image size of job updated: 283756
	245  -  MemoryUsage of job (MB)
	250480  -  ResidentSetSize of job (KB)
...
006 (4430510.589.000) 09/09 08:50:18 Image size of job updated: 283808
	245  -  MemoryUsage of job (MB)
	250480  -  ResidentSetSize of job (KB)
...
006 (4430510.589.000) 09/09 09:00:20 Image size of job updated: 284636
	245  -  MemoryUsage of job (MB)
	250480  -  ResidentSetSize of job (KB)
...
005 (4430510.589.000) 09/09 10:48:47 Job terminated.
	(1) Normal termination (return value 0)
		Usr 0 21:54:31, Sys 0 00:05:30  -  Run Remote Usage
		Usr 0 00:00:00, Sys 0 00:00:00  -  Run Local Usage
		Usr 0 21:54:31, Sys 0 00:05:30  -  Total Remote Usage
		Usr 0 00:00:00, Sys 0 00:00:00  -  Total Local Usage
	3537933  -  Run Bytes Sent By Job
	17284  -  Run Bytes Received By Job
	3537933  -  Total Bytes Sent By Job
	17284  -  Total Bytes Received By Job
	Partitionable Resources :    Usage  Request Allocated
	   Cpus                 :                 1         1
	   Disk (KB)            : 19161692 26214400  27263348
	   Ioheavy              :                           1
	   Memory (MB)          :      245      300       300
...
