000 (4430510.770.000) 09/08 09:59:23 Job submitted from host: <128.105.244.190:9618?addrs=128.105.244.190-9618&noUDP&sock=2714685_05e2_3>
...
001 (4430510.770.000) 09/08 13:15:21 Job executing on host: <128.105.245.41:9618?addrs=128.105.245.41-9618+[--1]-9618&noUDP&sock=5013_c9a9_3>
...
006 (4430510.770.000) 09/08 13:15:29 Image size of job updated: 372
	1  -  MemoryUsage of job (MB)
	336  -  ResidentSetSize of job (KB)
...
006 (4430510.770.000) 09/08 13:20:29 Image size of job updated: 484
	1  -  MemoryUsage of job (MB)
	376  -  ResidentSetSize of job (KB)
...
006 (4430510.770.000) 09/08 13:30:31 Image size of job updated: 544
	1  -  MemoryUsage of job (MB)
	496  -  ResidentSetSize of job (KB)
...
006 (4430510.770.000) 09/08 14:22:02 Image size of job updated: 17448
	17  -  MemoryUsage of job (MB)
	16480  -  ResidentSetSize of job (KB)
...
006 (4430510.770.000) 09/08 14:26:57 Image size of job updated: 97940
	93  -  MemoryUsage of job (MB)
	94228  -  ResidentSetSize of job (KB)
...
006 (4430510.770.000) 09/08 14:37:17 Image size of job updated: 189320
	181  -  MemoryUsage of job (MB)
	185080  -  ResidentSetSize of job (KB)
...
006 (4430510.770.000) 09/08 14:42:05 Image size of job updated: 189320
	181  -  MemoryUsage of job (MB)
	185100  -  ResidentSetSize of job (KB)
...
006 (4430510.770.000) 09/08 14:51:54 Image size of job updated: 204980
	196  -  MemoryUsage of job (MB)
	200696  -  ResidentSetSize of job (KB)
...
006 (4430510.770.000) 09/08 15:11:55 Image size of job updated: 214168
	197  -  MemoryUsage of job (MB)
	201284  -  ResidentSetSize of job (KB)
...
006 (4430510.770.000) 09/08 15:17:02 Image size of job updated: 214228
	197  -  MemoryUsage of job (MB)
	201304  -  ResidentSetSize of job (KB)
...
006 (4430510.770.000) 09/08 15:37:01 Image size of job updated: 227584
	198  -  MemoryUsage of job (MB)
	202376  -  ResidentSetSize of job (KB)
...
006 (4430510.770.000) 09/08 15:42:25 Image size of job updated: 227584
	198  -  MemoryUsage of job (MB)
	202696  -  ResidentSetSize of job (KB)
...
006 (4430510.770.000) 09/08 15:46:57 Image size of job updated: 227584
	199  -  MemoryUsage of job (MB)
	202864  -  ResidentSetSize of job (KB)
...
006 (4430510.770.000) 09/08 15:53:09 Image size of job updated: 245548
	199  -  MemoryUsage of job (MB)
	202864  -  ResidentSetSize of job (KB)
...
006 (4430510.770.000) 09/08 16:01:04 Image size of job updated: 245796
	199  -  MemoryUsage of job (MB)
	202864  -  ResidentSetSize of job (KB)
...
006 (4430510.770.000) 09/08 16:12:50 Image size of job updated: 248208
	218  -  MemoryUsage of job (MB)
	222944  -  ResidentSetSize of job (KB)
...
006 (4430510.770.000) 09/08 18:00:24 Image size of job updated: 251252
	220  -  MemoryUsage of job (MB)
	225252  -  ResidentSetSize of job (KB)
...
006 (4430510.770.000) 09/08 18:05:23 Image size of job updated: 251316
	220  -  MemoryUsage of job (MB)
	225252  -  ResidentSetSize of job (KB)
...
006 (4430510.770.000) 09/08 18:40:31 Image size of job updated: 259832
	220  -  MemoryUsage of job (MB)
	225252  -  ResidentSetSize of job (KB)
...
006 (4430510.770.000) 09/08 19:10:31 Image size of job updated: 259832
	223  -  MemoryUsage of job (MB)
	228300  -  ResidentSetSize of job (KB)
...
006 (4430510.770.000) 09/08 19:50:35 Image size of job updated: 261624
	223  -  MemoryUsage of job (MB)
	228300  -  ResidentSetSize of job (KB)
...
006 (4430510.770.000) 09/08 19:55:35 Image size of job updated: 261684
	223  -  MemoryUsage of job (MB)
	228300  -  ResidentSetSize of job (KB)
...
006 (4430510.770.000) 09/08 22:20:49 Image size of job updated: 263812
	223  -  MemoryUsage of job (MB)
	228300  -  ResidentSetSize of job (KB)
...
006 (4430510.770.000) 09/08 22:25:54 Image size of job updated: 263872
	223  -  MemoryUsage of job (MB)
	228300  -  ResidentSetSize of job (KB)
...
006 (4430510.770.000) 09/08 23:20:57 Image size of job updated: 263872
	227  -  MemoryUsage of job (MB)
	231796  -  ResidentSetSize of job (KB)
...
006 (4430510.770.000) 09/08 23:25:59 Image size of job updated: 263872
	227  -  MemoryUsage of job (MB)
	231852  -  ResidentSetSize of job (KB)
...
006 (4430510.770.000) 09/08 23:40:59 Image size of job updated: 267684
	233  -  MemoryUsage of job (MB)
	238020  -  ResidentSetSize of job (KB)
...
006 (4430510.770.000) 09/08 23:45:59 Image size of job updated: 267732
	233  -  MemoryUsage of job (MB)
	238020  -  ResidentSetSize of job (KB)
...
006 (4430510.770.000) 09/09 03:51:28 Image size of job updated: 269648
	233  -  MemoryUsage of job (MB)
	238020  -  ResidentSetSize of job (KB)
...
006 (4430510.770.000) 09/09 03:56:28 Image size of job updated: 269708
	233  -  MemoryUsage of job (MB)
	238020  -  ResidentSetSize of job (KB)
...
006 (4430510.770.000) 09/09 05:11:37 Image size of job updated: 271060
	233  -  MemoryUsage of job (MB)
	238020  -  ResidentSetSize of job (KB)
...
006 (4430510.770.000) 09/09 08:38:37 Image size of job updated: 276728
	237  -  MemoryUsage of job (MB)
	242220  -  ResidentSetSize of job (KB)
...
006 (4430510.770.000) 09/09 08:43:39 Image size of job updated: 276792
	237  -  MemoryUsage of job (MB)
	242240  -  ResidentSetSize of job (KB)
...
006 (4430510.770.000) 09/09 12:59:02 Image size of job updated: 281656
	239  -  MemoryUsage of job (MB)
	244596  -  ResidentSetSize of job (KB)
...
006 (4430510.770.000) 09/09 13:04:03 Image size of job updated: 281716
	239  -  MemoryUsage of job (MB)
	244596  -  ResidentSetSize of job (KB)
...
005 (4430510.770.000) 09/09 15:10:53 Job terminated.
	(1) Normal termination (return value 0)
		Usr 0 21:56:08, Sys 0 00:06:32  -  Run Remote Usage
		Usr 0 00:00:00, Sys 0 00:00:00  -  Run Local Usage
		Usr 0 21:56:08, Sys 0 00:06:32  -  Total Remote Usage
		Usr 0 00:00:00, Sys 0 00:00:00  -  Total Local Usage
	3535301  -  Run Bytes Sent By Job
	17284  -  Run Bytes Received By Job
	3535301  -  Total Bytes Sent By Job
	17284  -  Total Bytes Received By Job
	Partitionable Resources :    Usage  Request Allocated
	   Cpus                 :                 1         1
	   Disk (KB)            : 21069833 26214400  27849999
	   Ioheavy              :                           1
	   Memory (MB)          :      239      300       300
...
