000 (4430510.128.000) 09/08 09:59:23 Job submitted from host: <128.105.244.190:9618?addrs=128.105.244.190-9618&noUDP&sock=2714685_05e2_3>
...
001 (4430510.128.000) 09/08 11:20:17 Job executing on host: <128.105.245.235:9618?addrs=128.105.245.235-9618+[--1]-9618&noUDP&sock=5538_b4e6_3>
...
006 (4430510.128.000) 09/08 11:20:26 Image size of job updated: 468
	1  -  MemoryUsage of job (MB)
	468  -  ResidentSetSize of job (KB)
...
006 (4430510.128.000) 09/08 11:30:27 Image size of job updated: 544
	1  -  MemoryUsage of job (MB)
	544  -  ResidentSetSize of job (KB)
...
006 (4430510.128.000) 09/08 11:35:27 Image size of job updated: 32144
	31  -  MemoryUsage of job (MB)
	31204  -  ResidentSetSize of job (KB)
...
006 (4430510.128.000) 09/08 11:40:27 Image size of job updated: 62560
	60  -  MemoryUsage of job (MB)
	61288  -  ResidentSetSize of job (KB)
...
006 (4430510.128.000) 09/08 11:45:29 Image size of job updated: 205156
	197  -  MemoryUsage of job (MB)
	200760  -  ResidentSetSize of job (KB)
...
006 (4430510.128.000) 09/08 11:55:28 Image size of job updated: 212212
	197  -  MemoryUsage of job (MB)
	200760  -  ResidentSetSize of job (KB)
...
006 (4430510.128.000) 09/08 12:05:30 Image size of job updated: 214012
	197  -  MemoryUsage of job (MB)
	200760  -  ResidentSetSize of job (KB)
...
006 (4430510.128.000) 09/08 12:25:33 Image size of job updated: 219716
	197  -  MemoryUsage of job (MB)
	201612  -  ResidentSetSize of job (KB)
...
006 (4430510.128.000) 09/08 12:35:34 Image size of job updated: 245452
	223  -  MemoryUsage of job (MB)
	227392  -  ResidentSetSize of job (KB)
...
006 (4430510.128.000) 09/08 12:40:34 Image size of job updated: 245508
	223  -  MemoryUsage of job (MB)
	227404  -  ResidentSetSize of job (KB)
...
006 (4430510.128.000) 09/08 12:50:36 Image size of job updated: 249856
	227  -  MemoryUsage of job (MB)
	231840  -  ResidentSetSize of job (KB)
...
006 (4430510.128.000) 09/08 12:55:36 Image size of job updated: 249944
	227  -  MemoryUsage of job (MB)
	231840  -  ResidentSetSize of job (KB)
...
006 (4430510.128.000) 09/08 13:10:39 Image size of job updated: 252000
	229  -  MemoryUsage of job (MB)
	233896  -  ResidentSetSize of job (KB)
...
006 (4430510.128.000) 09/08 13:25:40 Image size of job updated: 254988
	232  -  MemoryUsage of job (MB)
	236924  -  ResidentSetSize of job (KB)
...
006 (4430510.128.000) 09/08 13:30:40 Image size of job updated: 255040
	232  -  MemoryUsage of job (MB)
	236936  -  ResidentSetSize of job (KB)
...
006 (4430510.128.000) 09/08 13:40:40 Image size of job updated: 257252
	234  -  MemoryUsage of job (MB)
	239240  -  ResidentSetSize of job (KB)
...
006 (4430510.128.000) 09/08 13:45:42 Image size of job updated: 257396
	234  -  MemoryUsage of job (MB)
	239292  -  ResidentSetSize of job (KB)
...
006 (4430510.128.000) 09/08 14:00:43 Image size of job updated: 260208
	237  -  MemoryUsage of job (MB)
	242144  -  ResidentSetSize of job (KB)
...
006 (4430510.128.000) 09/08 14:05:43 Image size of job updated: 260260
	237  -  MemoryUsage of job (MB)
	242156  -  ResidentSetSize of job (KB)
...
006 (4430510.128.000) 09/08 14:15:46 Image size of job updated: 260280
	237  -  MemoryUsage of job (MB)
	242220  -  ResidentSetSize of job (KB)
...
006 (4430510.128.000) 09/08 14:20:46 Image size of job updated: 260336
	237  -  MemoryUsage of job (MB)
	242232  -  ResidentSetSize of job (KB)
...
006 (4430510.128.000) 09/08 14:35:48 Image size of job updated: 261228
	238  -  MemoryUsage of job (MB)
	243128  -  ResidentSetSize of job (KB)
...
006 (4430510.128.000) 09/08 14:40:48 Image size of job updated: 261232
	238  -  MemoryUsage of job (MB)
	243128  -  ResidentSetSize of job (KB)
...
006 (4430510.128.000) 09/08 15:40:51 Image size of job updated: 262040
	239  -  MemoryUsage of job (MB)
	243980  -  ResidentSetSize of job (KB)
...
006 (4430510.128.000) 09/08 15:45:52 Image size of job updated: 262096
	239  -  MemoryUsage of job (MB)
	243992  -  ResidentSetSize of job (KB)
...
006 (4430510.128.000) 09/08 16:15:55 Image size of job updated: 264160
	241  -  MemoryUsage of job (MB)
	246100  -  ResidentSetSize of job (KB)
...
006 (4430510.128.000) 09/08 17:31:06 Image size of job updated: 264944
	242  -  MemoryUsage of job (MB)
	246884  -  ResidentSetSize of job (KB)
...
006 (4430510.128.000) 09/08 17:36:06 Image size of job updated: 264996
	242  -  MemoryUsage of job (MB)
	246896  -  ResidentSetSize of job (KB)
...
006 (4430510.128.000) 09/08 17:41:08 Image size of job updated: 265000
	242  -  MemoryUsage of job (MB)
	246896  -  ResidentSetSize of job (KB)
...
006 (4430510.128.000) 09/08 18:11:11 Image size of job updated: 266568
	243  -  MemoryUsage of job (MB)
	248468  -  ResidentSetSize of job (KB)
...
006 (4430510.128.000) 09/08 18:16:11 Image size of job updated: 266572
	243  -  MemoryUsage of job (MB)
	248468  -  ResidentSetSize of job (KB)
...
006 (4430510.128.000) 09/08 18:26:12 Image size of job updated: 266892
	243  -  MemoryUsage of job (MB)
	248828  -  ResidentSetSize of job (KB)
...
006 (4430510.128.000) 09/08 18:31:12 Image size of job updated: 266944
	244  -  MemoryUsage of job (MB)
	248840  -  ResidentSetSize of job (KB)
...
006 (4430510.128.000) 09/08 19:26:16 Image size of job updated: 267788
	244  -  MemoryUsage of job (MB)
	249684  -  ResidentSetSize of job (KB)
...
006 (4430510.128.000) 09/08 19:36:17 Image size of job updated: 268592
	245  -  MemoryUsage of job (MB)
	250488  -  ResidentSetSize of job (KB)
...
006 (4430510.128.000) 09/08 19:41:18 Image size of job updated: 269408
	246  -  MemoryUsage of job (MB)
	251308  -  ResidentSetSize of job (KB)
...
006 (4430510.128.000) 09/08 19:46:20 Image size of job updated: 269412
	246  -  MemoryUsage of job (MB)
	251308  -  ResidentSetSize of job (KB)
...
006 (4430510.128.000) 09/08 20:01:20 Image size of job updated: 271708
	248  -  MemoryUsage of job (MB)
	253600  -  ResidentSetSize of job (KB)
...
006 (4430510.128.000) 09/08 20:06:22 Image size of job updated: 271708
	248  -  MemoryUsage of job (MB)
	253668  -  ResidentSetSize of job (KB)
...
006 (4430510.128.000) 09/08 20:11:22 Image size of job updated: 271824
	248  -  MemoryUsage of job (MB)
	253720  -  ResidentSetSize of job (KB)
...
006 (4430510.128.000) 09/08 20:21:24 Image size of job updated: 273820
	250  -  MemoryUsage of job (MB)
	255756  -  ResidentSetSize of job (KB)
...
006 (4430510.128.000) 09/08 20:26:24 Image size of job updated: 273872
	250  -  MemoryUsage of job (MB)
	255768  -  ResidentSetSize of job (KB)
...
006 (4430510.128.000) 09/08 21:41:33 Image size of job updated: 275256
	252  -  MemoryUsage of job (MB)
	257152  -  ResidentSetSize of job (KB)
...
006 (4430510.128.000) 09/09 01:36:57 Image size of job updated: 275296
	252  -  MemoryUsage of job (MB)
	257152  -  ResidentSetSize of job (KB)
...
006 (4430510.128.000) 09/09 01:41:57 Image size of job updated: 275348
	252  -  MemoryUsage of job (MB)
	257152  -  ResidentSetSize of job (KB)
...
006 (4430510.128.000) 09/09 02:07:01 Image size of job updated: 276072
	252  -  MemoryUsage of job (MB)
	257704  -  ResidentSetSize of job (KB)
...
006 (4430510.128.000) 09/09 02:12:03 Image size of job updated: 278212
	254  -  MemoryUsage of job (MB)
	259884  -  ResidentSetSize of job (KB)
...
006 (4430510.128.000) 09/09 02:17:03 Image size of job updated: 278264
	254  -  MemoryUsage of job (MB)
	259896  -  ResidentSetSize of job (KB)
...
006 (4430510.128.000) 09/09 05:17:22 Image size of job updated: 278372
	254  -  MemoryUsage of job (MB)
	260044  -  ResidentSetSize of job (KB)
...
006 (4430510.128.000) 09/09 05:22:22 Image size of job updated: 278424
	254  -  MemoryUsage of job (MB)
	260056  -  ResidentSetSize of job (KB)
...
006 (4430510.128.000) 09/09 05:32:24 Image size of job updated: 279008
	255  -  MemoryUsage of job (MB)
	260684  -  ResidentSetSize of job (KB)
...
006 (4430510.128.000) 09/09 05:37:24 Image size of job updated: 279064
	255  -  MemoryUsage of job (MB)
	260696  -  ResidentSetSize of job (KB)
...
006 (4430510.128.000) 09/09 05:52:25 Image size of job updated: 280640
	257  -  MemoryUsage of job (MB)
	262312  -  ResidentSetSize of job (KB)
...
006 (4430510.128.000) 09/09 05:57:26 Image size of job updated: 280692
	257  -  MemoryUsage of job (MB)
	262324  -  ResidentSetSize of job (KB)
...
006 (4430510.128.000) 09/09 06:02:28 Image size of job updated: 281504
	257  -  MemoryUsage of job (MB)
	263136  -  ResidentSetSize of job (KB)
...
006 (4430510.128.000) 09/09 06:22:30 Image size of job updated: 281644
	258  -  MemoryUsage of job (MB)
	263276  -  ResidentSetSize of job (KB)
...
006 (4430510.128.000) 09/09 08:12:44 Image size of job updated: 282276
	258  -  MemoryUsage of job (MB)
	263948  -  ResidentSetSize of job (KB)
...
006 (4430510.128.000) 09/09 08:17:44 Image size of job updated: 282328
	258  -  MemoryUsage of job (MB)
	263960  -  ResidentSetSize of job (KB)
...
006 (4430510.128.000) 09/09 09:27:52 Image size of job updated: 283056
	259  -  MemoryUsage of job (MB)
	264692  -  ResidentSetSize of job (KB)
...
006 (4430510.128.000) 09/09 09:32:53 Image size of job updated: 283064
	259  -  MemoryUsage of job (MB)
	264692  -  ResidentSetSize of job (KB)
...
006 (4430510.128.000) 09/09 09:57:56 Image size of job updated: 283376
	259  -  MemoryUsage of job (MB)
	265048  -  ResidentSetSize of job (KB)
...
006 (4430510.128.000) 09/09 10:02:57 Image size of job updated: 283432
	259  -  MemoryUsage of job (MB)
	265060  -  ResidentSetSize of job (KB)
...
005 (4430510.128.000) 09/09 10:13:52 Job terminated.
	(1) Normal termination (return value 0)
		Usr 0 21:50:07, Sys 0 00:05:03  -  Run Remote Usage
		Usr 0 00:00:00, Sys 0 00:00:00  -  Run Local Usage
		Usr 0 21:50:07, Sys 0 00:05:03  -  Total Remote Usage
		Usr 0 00:00:00, Sys 0 00:00:00  -  Total Local Usage
	3538938  -  Run Bytes Sent By Job
	17284  -  Run Bytes Received By Job
	3538938  -  Total Bytes Sent By Job
	17284  -  Total Bytes Received By Job
	Partitionable Resources :    Usage  Request Allocated
	   Cpus                 :                 1         1
	   Disk (KB)            : 18694454 26214400  26696700
	   Ioheavy              :                           1
	   Memory (MB)          :      259      300       300
...
