000 (4430510.233.000) 09/08 09:59:23 Job submitted from host: <128.105.244.190:9618?addrs=128.105.244.190-9618&noUDP&sock=2714685_05e2_3>
...
001 (4430510.233.000) 09/08 11:24:32 Job executing on host: <128.105.245.232:9618?addrs=128.105.245.232-9618+[--1]-9618&noUDP&sock=5525_fa26_3>
...
006 (4430510.233.000) 09/08 11:24:40 Image size of job updated: 476
	1  -  MemoryUsage of job (MB)
	476  -  ResidentSetSize of job (KB)
...
006 (4430510.233.000) 09/08 11:34:41 Image size of job updated: 556
	1  -  MemoryUsage of job (MB)
	556  -  ResidentSetSize of job (KB)
...
006 (4430510.233.000) 09/08 12:09:46 Image size of job updated: 165048
	157  -  MemoryUsage of job (MB)
	160648  -  ResidentSetSize of job (KB)
...
006 (4430510.233.000) 09/08 12:14:47 Image size of job updated: 198988
	191  -  MemoryUsage of job (MB)
	194624  -  ResidentSetSize of job (KB)
...
006 (4430510.233.000) 09/08 12:19:48 Image size of job updated: 199040
	191  -  MemoryUsage of job (MB)
	194636  -  ResidentSetSize of job (KB)
...
006 (4430510.233.000) 09/08 12:24:48 Image size of job updated: 208432
	200  -  MemoryUsage of job (MB)
	204024  -  ResidentSetSize of job (KB)
...
006 (4430510.233.000) 09/08 12:44:50 Image size of job updated: 215956
	207  -  MemoryUsage of job (MB)
	211544  -  ResidentSetSize of job (KB)
...
006 (4430510.233.000) 09/08 12:54:50 Image size of job updated: 218356
	209  -  MemoryUsage of job (MB)
	213944  -  ResidentSetSize of job (KB)
...
006 (4430510.233.000) 09/08 13:04:52 Image size of job updated: 244772
	235  -  MemoryUsage of job (MB)
	240364  -  ResidentSetSize of job (KB)
...
006 (4430510.233.000) 09/08 13:09:53 Image size of job updated: 244776
	235  -  MemoryUsage of job (MB)
	240364  -  ResidentSetSize of job (KB)
...
006 (4430510.233.000) 09/08 13:14:54 Image size of job updated: 245872
	237  -  MemoryUsage of job (MB)
	242016  -  ResidentSetSize of job (KB)
...
006 (4430510.233.000) 09/08 13:19:53 Image size of job updated: 249188
	240  -  MemoryUsage of job (MB)
	244780  -  ResidentSetSize of job (KB)
...
006 (4430510.233.000) 09/08 13:24:55 Image size of job updated: 249192
	240  -  MemoryUsage of job (MB)
	244780  -  ResidentSetSize of job (KB)
...
006 (4430510.233.000) 09/08 13:29:55 Image size of job updated: 253552
	244  -  MemoryUsage of job (MB)
	249184  -  ResidentSetSize of job (KB)
...
006 (4430510.233.000) 09/08 13:34:55 Image size of job updated: 253604
	244  -  MemoryUsage of job (MB)
	249196  -  ResidentSetSize of job (KB)
...
006 (4430510.233.000) 09/08 13:39:57 Image size of job updated: 253608
	244  -  MemoryUsage of job (MB)
	249196  -  ResidentSetSize of job (KB)
...
006 (4430510.233.000) 09/08 13:44:57 Image size of job updated: 255592
	246  -  MemoryUsage of job (MB)
	251272  -  ResidentSetSize of job (KB)
...
006 (4430510.233.000) 09/08 13:49:57 Image size of job updated: 255732
	246  -  MemoryUsage of job (MB)
	251324  -  ResidentSetSize of job (KB)
...
006 (4430510.233.000) 09/08 13:54:57 Image size of job updated: 255736
	246  -  MemoryUsage of job (MB)
	251324  -  ResidentSetSize of job (KB)
...
006 (4430510.233.000) 09/08 13:59:59 Image size of job updated: 256172
	246  -  MemoryUsage of job (MB)
	251752  -  ResidentSetSize of job (KB)
...
006 (4430510.233.000) 09/08 14:04:59 Image size of job updated: 256316
	246  -  MemoryUsage of job (MB)
	251804  -  ResidentSetSize of job (KB)
...
006 (4430510.233.000) 09/08 14:15:01 Image size of job updated: 259824
	250  -  MemoryUsage of job (MB)
	255400  -  ResidentSetSize of job (KB)
...
006 (4430510.233.000) 09/08 14:20:01 Image size of job updated: 259964
	250  -  MemoryUsage of job (MB)
	255452  -  ResidentSetSize of job (KB)
...
006 (4430510.233.000) 09/08 14:50:04 Image size of job updated: 262448
	252  -  MemoryUsage of job (MB)
	257980  -  ResidentSetSize of job (KB)
...
006 (4430510.233.000) 09/08 14:55:04 Image size of job updated: 262504
	252  -  MemoryUsage of job (MB)
	257992  -  ResidentSetSize of job (KB)
...
006 (4430510.233.000) 09/08 17:25:22 Image size of job updated: 262856
	252  -  MemoryUsage of job (MB)
	257992  -  ResidentSetSize of job (KB)
...
006 (4430510.233.000) 09/08 17:30:22 Image size of job updated: 262864
	252  -  MemoryUsage of job (MB)
	257992  -  ResidentSetSize of job (KB)
...
006 (4430510.233.000) 09/08 17:55:25 Image size of job updated: 265008
	252  -  MemoryUsage of job (MB)
	257992  -  ResidentSetSize of job (KB)
...
006 (4430510.233.000) 09/08 18:00:26 Image size of job updated: 265064
	252  -  MemoryUsage of job (MB)
	257992  -  ResidentSetSize of job (KB)
...
006 (4430510.233.000) 09/08 18:10:27 Image size of job updated: 265716
	252  -  MemoryUsage of job (MB)
	257992  -  ResidentSetSize of job (KB)
...
006 (4430510.233.000) 09/08 18:15:28 Image size of job updated: 265768
	252  -  MemoryUsage of job (MB)
	257992  -  ResidentSetSize of job (KB)
...
006 (4430510.233.000) 09/08 18:25:29 Image size of job updated: 266800
	252  -  MemoryUsage of job (MB)
	257992  -  ResidentSetSize of job (KB)
...
006 (4430510.233.000) 09/08 18:30:29 Image size of job updated: 266856
	252  -  MemoryUsage of job (MB)
	257992  -  ResidentSetSize of job (KB)
...
006 (4430510.233.000) 09/08 18:40:32 Image size of job updated: 268188
	252  -  MemoryUsage of job (MB)
	257992  -  ResidentSetSize of job (KB)
...
006 (4430510.233.000) 09/08 18:45:32 Image size of job updated: 268336
	252  -  MemoryUsage of job (MB)
	257992  -  ResidentSetSize of job (KB)
...
006 (4430510.233.000) 09/08 18:50:32 Image size of job updated: 268924
	252  -  MemoryUsage of job (MB)
	257992  -  ResidentSetSize of job (KB)
...
006 (4430510.233.000) 09/08 19:05:32 Image size of job updated: 269508
	252  -  MemoryUsage of job (MB)
	257992  -  ResidentSetSize of job (KB)
...
006 (4430510.233.000) 09/08 19:45:37 Image size of job updated: 271072
	252  -  MemoryUsage of job (MB)
	257992  -  ResidentSetSize of job (KB)
...
006 (4430510.233.000) 09/08 19:50:37 Image size of job updated: 271076
	252  -  MemoryUsage of job (MB)
	257992  -  ResidentSetSize of job (KB)
...
006 (4430510.233.000) 09/08 20:15:39 Image size of job updated: 272056
	252  -  MemoryUsage of job (MB)
	257992  -  ResidentSetSize of job (KB)
...
006 (4430510.233.000) 09/08 20:20:40 Image size of job updated: 272060
	252  -  MemoryUsage of job (MB)
	257992  -  ResidentSetSize of job (KB)
...
006 (4430510.233.000) 09/08 21:05:46 Image size of job updated: 272952
	252  -  MemoryUsage of job (MB)
	257992  -  ResidentSetSize of job (KB)
...
006 (4430510.233.000) 09/08 21:10:48 Image size of job updated: 272956
	252  -  MemoryUsage of job (MB)
	257992  -  ResidentSetSize of job (KB)
...
006 (4430510.233.000) 09/08 21:20:48 Image size of job updated: 272976
	252  -  MemoryUsage of job (MB)
	257992  -  ResidentSetSize of job (KB)
...
006 (4430510.233.000) 09/08 21:25:48 Image size of job updated: 273028
	252  -  MemoryUsage of job (MB)
	257992  -  ResidentSetSize of job (KB)
...
006 (4430510.233.000) 09/08 21:55:52 Image size of job updated: 273156
	252  -  MemoryUsage of job (MB)
	257992  -  ResidentSetSize of job (KB)
...
006 (4430510.233.000) 09/08 22:00:54 Image size of job updated: 273208
	252  -  MemoryUsage of job (MB)
	257992  -  ResidentSetSize of job (KB)
...
006 (4430510.233.000) 09/08 23:11:01 Image size of job updated: 273708
	252  -  MemoryUsage of job (MB)
	257992  -  ResidentSetSize of job (KB)
...
006 (4430510.233.000) 09/08 23:16:01 Image size of job updated: 273712
	252  -  MemoryUsage of job (MB)
	257992  -  ResidentSetSize of job (KB)
...
006 (4430510.233.000) 09/08 23:46:05 Image size of job updated: 275776
	252  -  MemoryUsage of job (MB)
	257992  -  ResidentSetSize of job (KB)
...
006 (4430510.233.000) 09/08 23:51:05 Image size of job updated: 275828
	252  -  MemoryUsage of job (MB)
	257992  -  ResidentSetSize of job (KB)
...
006 (4430510.233.000) 09/09 01:11:12 Image size of job updated: 277592
	252  -  MemoryUsage of job (MB)
	257992  -  ResidentSetSize of job (KB)
...
006 (4430510.233.000) 09/09 01:16:12 Image size of job updated: 277600
	252  -  MemoryUsage of job (MB)
	257992  -  ResidentSetSize of job (KB)
...
006 (4430510.233.000) 09/09 03:41:26 Image size of job updated: 277672
	252  -  MemoryUsage of job (MB)
	257992  -  ResidentSetSize of job (KB)
...
006 (4430510.233.000) 09/09 04:46:33 Image size of job updated: 280036
	252  -  MemoryUsage of job (MB)
	257992  -  ResidentSetSize of job (KB)
...
006 (4430510.233.000) 09/09 06:56:46 Image size of job updated: 282708
	252  -  MemoryUsage of job (MB)
	257992  -  ResidentSetSize of job (KB)
...
006 (4430510.233.000) 09/09 08:31:57 Image size of job updated: 282908
	252  -  MemoryUsage of job (MB)
	257992  -  ResidentSetSize of job (KB)
...
006 (4430510.233.000) 09/09 08:36:57 Image size of job updated: 282964
	252  -  MemoryUsage of job (MB)
	257992  -  ResidentSetSize of job (KB)
...
005 (4430510.233.000) 09/09 09:03:47 Job terminated.
	(1) Normal termination (return value 0)
		Usr 0 20:27:16, Sys 0 00:04:56  -  Run Remote Usage
		Usr 0 00:00:00, Sys 0 00:00:00  -  Run Local Usage
		Usr 0 20:27:16, Sys 0 00:04:56  -  Total Remote Usage
		Usr 0 00:00:00, Sys 0 00:00:00  -  Total Local Usage
	3537545  -  Run Bytes Sent By Job
	17284  -  Run Bytes Received By Job
	3537545  -  Total Bytes Sent By Job
	17284  -  Total Bytes Received By Job
	Partitionable Resources :    Usage  Request Allocated
	   Cpus                 :                 1         1
	   Disk (KB)            : 22167556 26214400  26572623
	   Ioheavy              :                           1
	   Memory (MB)          :      252      300       300
...
