000 (4430510.292.000) 09/08 09:59:23 Job submitted from host: <128.105.244.190:9618?addrs=128.105.244.190-9618&noUDP&sock=2714685_05e2_3>
...
001 (4430510.292.000) 09/08 11:26:23 Job executing on host: <128.105.245.174:9618?addrs=128.105.245.174-9618+[--1]-9618&noUDP&sock=5536_888c_3>
...
006 (4430510.292.000) 09/08 11:26:32 Image size of job updated: 476
	1  -  MemoryUsage of job (MB)
	476  -  ResidentSetSize of job (KB)
...
006 (4430510.292.000) 09/08 11:31:34 Image size of job updated: 548
	1  -  MemoryUsage of job (MB)
	548  -  ResidentSetSize of job (KB)
...
006 (4430510.292.000) 09/08 13:11:49 Image size of job updated: 163812
	156  -  MemoryUsage of job (MB)
	159500  -  ResidentSetSize of job (KB)
...
006 (4430510.292.000) 09/08 13:21:47 Image size of job updated: 198656
	190  -  MemoryUsage of job (MB)
	194300  -  ResidentSetSize of job (KB)
...
006 (4430510.292.000) 09/08 13:26:47 Image size of job updated: 212732
	204  -  MemoryUsage of job (MB)
	208460  -  ResidentSetSize of job (KB)
...
006 (4430510.292.000) 09/08 13:31:47 Image size of job updated: 212876
	204  -  MemoryUsage of job (MB)
	208512  -  ResidentSetSize of job (KB)
...
006 (4430510.292.000) 09/08 13:41:49 Image size of job updated: 220192
	211  -  MemoryUsage of job (MB)
	215828  -  ResidentSetSize of job (KB)
...
006 (4430510.292.000) 09/08 14:11:51 Image size of job updated: 243496
	234  -  MemoryUsage of job (MB)
	239172  -  ResidentSetSize of job (KB)
...
006 (4430510.292.000) 09/08 14:16:52 Image size of job updated: 243548
	234  -  MemoryUsage of job (MB)
	239184  -  ResidentSetSize of job (KB)
...
006 (4430510.292.000) 09/08 14:26:52 Image size of job updated: 247808
	238  -  MemoryUsage of job (MB)
	243448  -  ResidentSetSize of job (KB)
...
006 (4430510.292.000) 09/08 14:31:52 Image size of job updated: 247816
	238  -  MemoryUsage of job (MB)
	243448  -  ResidentSetSize of job (KB)
...
006 (4430510.292.000) 09/08 14:41:52 Image size of job updated: 251572
	242  -  MemoryUsage of job (MB)
	247252  -  ResidentSetSize of job (KB)
...
006 (4430510.292.000) 09/08 14:46:53 Image size of job updated: 251628
	242  -  MemoryUsage of job (MB)
	247264  -  ResidentSetSize of job (KB)
...
006 (4430510.292.000) 09/08 14:56:56 Image size of job updated: 252244
	243  -  MemoryUsage of job (MB)
	247924  -  ResidentSetSize of job (KB)
...
006 (4430510.292.000) 09/08 15:01:56 Image size of job updated: 252304
	243  -  MemoryUsage of job (MB)
	247936  -  ResidentSetSize of job (KB)
...
006 (4430510.292.000) 09/08 15:11:56 Image size of job updated: 255408
	246  -  MemoryUsage of job (MB)
	251084  -  ResidentSetSize of job (KB)
...
006 (4430510.292.000) 09/08 15:16:58 Image size of job updated: 255460
	246  -  MemoryUsage of job (MB)
	251096  -  ResidentSetSize of job (KB)
...
006 (4430510.292.000) 09/08 16:02:02 Image size of job updated: 259984
	250  -  MemoryUsage of job (MB)
	255620  -  ResidentSetSize of job (KB)
...
006 (4430510.292.000) 09/08 16:17:03 Image size of job updated: 260884
	251  -  MemoryUsage of job (MB)
	256520  -  ResidentSetSize of job (KB)
...
006 (4430510.292.000) 09/08 16:32:06 Image size of job updated: 261684
	252  -  MemoryUsage of job (MB)
	257320  -  ResidentSetSize of job (KB)
...
006 (4430510.292.000) 09/08 17:47:14 Image size of job updated: 263504
	254  -  MemoryUsage of job (MB)
	259140  -  ResidentSetSize of job (KB)
...
006 (4430510.292.000) 09/08 18:52:19 Image size of job updated: 263948
	254  -  MemoryUsage of job (MB)
	259624  -  ResidentSetSize of job (KB)
...
006 (4430510.292.000) 09/08 18:57:21 Image size of job updated: 264000
	254  -  MemoryUsage of job (MB)
	259636  -  ResidentSetSize of job (KB)
...
006 (4430510.292.000) 09/08 19:12:23 Image size of job updated: 265952
	256  -  MemoryUsage of job (MB)
	261592  -  ResidentSetSize of job (KB)
...
006 (4430510.292.000) 09/08 19:17:23 Image size of job updated: 265956
	256  -  MemoryUsage of job (MB)
	261592  -  ResidentSetSize of job (KB)
...
006 (4430510.292.000) 09/08 19:22:23 Image size of job updated: 266072
	256  -  MemoryUsage of job (MB)
	261708  -  ResidentSetSize of job (KB)
...
006 (4430510.292.000) 09/08 19:42:25 Image size of job updated: 266072
	256  -  MemoryUsage of job (MB)
	261756  -  ResidentSetSize of job (KB)
...
006 (4430510.292.000) 09/08 19:47:26 Image size of job updated: 266176
	256  -  MemoryUsage of job (MB)
	261808  -  ResidentSetSize of job (KB)
...
006 (4430510.292.000) 09/08 20:27:32 Image size of job updated: 266480
	257  -  MemoryUsage of job (MB)
	262156  -  ResidentSetSize of job (KB)
...
006 (4430510.292.000) 09/08 20:32:32 Image size of job updated: 266532
	257  -  MemoryUsage of job (MB)
	262168  -  ResidentSetSize of job (KB)
...
006 (4430510.292.000) 09/08 20:47:32 Image size of job updated: 267284
	257  -  MemoryUsage of job (MB)
	262960  -  ResidentSetSize of job (KB)
...
006 (4430510.292.000) 09/08 20:52:33 Image size of job updated: 267336
	257  -  MemoryUsage of job (MB)
	262960  -  ResidentSetSize of job (KB)
...
006 (4430510.292.000) 09/08 21:22:35 Image size of job updated: 268256
	258  -  MemoryUsage of job (MB)
	263256  -  ResidentSetSize of job (KB)
...
006 (4430510.292.000) 09/08 21:27:35 Image size of job updated: 268260
	258  -  MemoryUsage of job (MB)
	263256  -  ResidentSetSize of job (KB)
...
006 (4430510.292.000) 09/08 22:47:43 Image size of job updated: 270220
	259  -  MemoryUsage of job (MB)
	265216  -  ResidentSetSize of job (KB)
...
006 (4430510.292.000) 09/08 22:52:43 Image size of job updated: 270224
	259  -  MemoryUsage of job (MB)
	265216  -  ResidentSetSize of job (KB)
...
006 (4430510.292.000) 09/08 23:17:45 Image size of job updated: 272848
	262  -  MemoryUsage of job (MB)
	267848  -  ResidentSetSize of job (KB)
...
006 (4430510.292.000) 09/08 23:22:46 Image size of job updated: 272852
	262  -  MemoryUsage of job (MB)
	267848  -  ResidentSetSize of job (KB)
...
006 (4430510.292.000) 09/08 23:27:48 Image size of job updated: 273656
	263  -  MemoryUsage of job (MB)
	268652  -  ResidentSetSize of job (KB)
...
006 (4430510.292.000) 09/09 00:37:55 Image size of job updated: 274236
	263  -  MemoryUsage of job (MB)
	269004  -  ResidentSetSize of job (KB)
...
006 (4430510.292.000) 09/09 00:43:01 Image size of job updated: 274240
	263  -  MemoryUsage of job (MB)
	269004  -  ResidentSetSize of job (KB)
...
006 (4430510.292.000) 09/09 00:52:56 Image size of job updated: 274240
	263  -  MemoryUsage of job (MB)
	269032  -  ResidentSetSize of job (KB)
...
006 (4430510.292.000) 09/09 00:57:56 Image size of job updated: 274280
	263  -  MemoryUsage of job (MB)
	269044  -  ResidentSetSize of job (KB)
...
006 (4430510.292.000) 09/09 01:02:57 Image size of job updated: 274284
	263  -  MemoryUsage of job (MB)
	269044  -  ResidentSetSize of job (KB)
...
006 (4430510.292.000) 09/09 01:22:59 Image size of job updated: 274868
	264  -  MemoryUsage of job (MB)
	269636  -  ResidentSetSize of job (KB)
...
006 (4430510.292.000) 09/09 01:27:59 Image size of job updated: 274876
	264  -  MemoryUsage of job (MB)
	269636  -  ResidentSetSize of job (KB)
...
006 (4430510.292.000) 09/09 02:08:04 Image size of job updated: 275600
	265  -  MemoryUsage of job (MB)
	270404  -  ResidentSetSize of job (KB)
...
006 (4430510.292.000) 09/09 02:13:05 Image size of job updated: 275652
	265  -  MemoryUsage of job (MB)
	270416  -  ResidentSetSize of job (KB)
...
006 (4430510.292.000) 09/09 02:43:09 Image size of job updated: 275868
	265  -  MemoryUsage of job (MB)
	270672  -  ResidentSetSize of job (KB)
...
006 (4430510.292.000) 09/09 02:48:09 Image size of job updated: 275920
	265  -  MemoryUsage of job (MB)
	270684  -  ResidentSetSize of job (KB)
...
006 (4430510.292.000) 09/09 03:13:11 Image size of job updated: 276116
	265  -  MemoryUsage of job (MB)
	270924  -  ResidentSetSize of job (KB)
...
006 (4430510.292.000) 09/09 03:18:11 Image size of job updated: 276176
	265  -  MemoryUsage of job (MB)
	270936  -  ResidentSetSize of job (KB)
...
006 (4430510.292.000) 09/09 03:58:15 Image size of job updated: 276460
	265  -  MemoryUsage of job (MB)
	271264  -  ResidentSetSize of job (KB)
...
006 (4430510.292.000) 09/09 04:03:15 Image size of job updated: 276512
	265  -  MemoryUsage of job (MB)
	271276  -  ResidentSetSize of job (KB)
...
006 (4430510.292.000) 09/09 04:08:17 Image size of job updated: 276516
	265  -  MemoryUsage of job (MB)
	271276  -  ResidentSetSize of job (KB)
...
006 (4430510.292.000) 09/09 04:13:17 Image size of job updated: 276756
	266  -  MemoryUsage of job (MB)
	271560  -  ResidentSetSize of job (KB)
...
006 (4430510.292.000) 09/09 04:18:21 Image size of job updated: 276808
	266  -  MemoryUsage of job (MB)
	271572  -  ResidentSetSize of job (KB)
...
006 (4430510.292.000) 09/09 04:28:18 Image size of job updated: 277476
	266  -  MemoryUsage of job (MB)
	272332  -  ResidentSetSize of job (KB)
...
006 (4430510.292.000) 09/09 04:33:18 Image size of job updated: 277620
	266  -  MemoryUsage of job (MB)
	272384  -  ResidentSetSize of job (KB)
...
006 (4430510.292.000) 09/09 05:18:23 Image size of job updated: 277872
	267  -  MemoryUsage of job (MB)
	272636  -  ResidentSetSize of job (KB)
...
006 (4430510.292.000) 09/09 05:33:26 Image size of job updated: 277872
	267  -  MemoryUsage of job (MB)
	272640  -  ResidentSetSize of job (KB)
...
006 (4430510.292.000) 09/09 05:38:26 Image size of job updated: 277888
	267  -  MemoryUsage of job (MB)
	272652  -  ResidentSetSize of job (KB)
...
006 (4430510.292.000) 09/09 06:03:28 Image size of job updated: 278676
	268  -  MemoryUsage of job (MB)
	273480  -  ResidentSetSize of job (KB)
...
006 (4430510.292.000) 09/09 06:08:28 Image size of job updated: 278728
	268  -  MemoryUsage of job (MB)
	273492  -  ResidentSetSize of job (KB)
...
006 (4430510.292.000) 09/09 06:38:33 Image size of job updated: 280584
	269  -  MemoryUsage of job (MB)
	275352  -  ResidentSetSize of job (KB)
...
006 (4430510.292.000) 09/09 06:43:35 Image size of job updated: 280588
	269  -  MemoryUsage of job (MB)
	275352  -  ResidentSetSize of job (KB)
...
006 (4430510.292.000) 09/09 09:43:56 Image size of job updated: 282556
	269  -  MemoryUsage of job (MB)
	275352  -  ResidentSetSize of job (KB)
...
006 (4430510.292.000) 09/09 09:48:57 Image size of job updated: 282608
	269  -  MemoryUsage of job (MB)
	275352  -  ResidentSetSize of job (KB)
...
006 (4430510.292.000) 09/09 09:53:57 Image size of job updated: 282612
	269  -  MemoryUsage of job (MB)
	275352  -  ResidentSetSize of job (KB)
...
005 (4430510.292.000) 09/09 10:13:40 Job terminated.
	(1) Normal termination (return value 0)
		Usr 0 20:25:48, Sys 0 00:04:48  -  Run Remote Usage
		Usr 0 00:00:00, Sys 0 00:00:00  -  Run Local Usage
		Usr 0 20:25:48, Sys 0 00:04:48  -  Total Remote Usage
		Usr 0 00:00:00, Sys 0 00:00:00  -  Total Local Usage
	3536948  -  Run Bytes Sent By Job
	17284  -  Run Bytes Received By Job
	3536948  -  Total Bytes Sent By Job
	17284  -  Total Bytes Received By Job
	Partitionable Resources :    Usage  Request Allocated
	   Cpus                 :                 1         1
	   Disk (KB)            : 21998523 26214400  26705217
	   Ioheavy              :                           1
	   Memory (MB)          :      269      300       300
...
