000 (4430510.691.000) 09/08 09:59:23 Job submitted from host: <128.105.244.190:9618?addrs=128.105.244.190-9618&noUDP&sock=2714685_05e2_3>
...
001 (4430510.691.000) 09/08 12:18:22 Job executing on host: <128.105.245.46:9618?addrs=128.105.245.46-9618+[--1]-9618&noUDP&sock=5168_1ad7_21>
...
006 (4430510.691.000) 09/08 12:18:31 Image size of job updated: 564
	1  -  MemoryUsage of job (MB)
	480  -  ResidentSetSize of job (KB)
...
006 (4430510.691.000) 09/08 12:53:36 Image size of job updated: 600
	1  -  MemoryUsage of job (MB)
	548  -  ResidentSetSize of job (KB)
...
006 (4430510.691.000) 09/08 15:49:26 Image size of job updated: 23596
	23  -  MemoryUsage of job (MB)
	22684  -  ResidentSetSize of job (KB)
...
006 (4430510.691.000) 09/08 15:54:12 Image size of job updated: 42692
	41  -  MemoryUsage of job (MB)
	41760  -  ResidentSetSize of job (KB)
...
006 (4430510.691.000) 09/08 16:02:33 Image size of job updated: 62472
	60  -  MemoryUsage of job (MB)
	61368  -  ResidentSetSize of job (KB)
...
006 (4430510.691.000) 09/08 16:15:11 Image size of job updated: 179360
	172  -  MemoryUsage of job (MB)
	175180  -  ResidentSetSize of job (KB)
...
006 (4430510.691.000) 09/08 16:43:26 Image size of job updated: 194280
	186  -  MemoryUsage of job (MB)
	190164  -  ResidentSetSize of job (KB)
...
006 (4430510.691.000) 09/08 16:53:34 Image size of job updated: 200336
	192  -  MemoryUsage of job (MB)
	196264  -  ResidentSetSize of job (KB)
...
006 (4430510.691.000) 09/08 17:08:33 Image size of job updated: 200336
	192  -  MemoryUsage of job (MB)
	196600  -  ResidentSetSize of job (KB)
...
006 (4430510.691.000) 09/08 17:29:32 Image size of job updated: 240304
	232  -  MemoryUsage of job (MB)
	236656  -  ResidentSetSize of job (KB)
...
006 (4430510.691.000) 09/08 18:37:53 Image size of job updated: 250120
	241  -  MemoryUsage of job (MB)
	246560  -  ResidentSetSize of job (KB)
...
006 (4430510.691.000) 09/08 18:42:47 Image size of job updated: 250212
	241  -  MemoryUsage of job (MB)
	246616  -  ResidentSetSize of job (KB)
...
006 (4430510.691.000) 09/09 00:19:17 Image size of job updated: 252220
	243  -  MemoryUsage of job (MB)
	248624  -  ResidentSetSize of job (KB)
...
006 (4430510.691.000) 09/09 00:29:20 Image size of job updated: 256020
	247  -  MemoryUsage of job (MB)
	252672  -  ResidentSetSize of job (KB)
...
006 (4430510.691.000) 09/09 01:30:12 Image size of job updated: 259932
	251  -  MemoryUsage of job (MB)
	256396  -  ResidentSetSize of job (KB)
...
006 (4430510.691.000) 09/09 01:35:12 Image size of job updated: 260076
	251  -  MemoryUsage of job (MB)
	256452  -  ResidentSetSize of job (KB)
...
006 (4430510.691.000) 09/09 02:23:54 Image size of job updated: 264884
	256  -  MemoryUsage of job (MB)
	261276  -  ResidentSetSize of job (KB)
...
006 (4430510.691.000) 09/09 02:29:35 Image size of job updated: 264944
	256  -  MemoryUsage of job (MB)
	261296  -  ResidentSetSize of job (KB)
...
006 (4430510.691.000) 09/09 05:35:37 Image size of job updated: 269284
	260  -  MemoryUsage of job (MB)
	265636  -  ResidentSetSize of job (KB)
...
006 (4430510.691.000) 09/09 10:25:18 Image size of job updated: 269284
	260  -  MemoryUsage of job (MB)
	265772  -  ResidentSetSize of job (KB)
...
006 (4430510.691.000) 09/09 10:30:22 Image size of job updated: 269292
	260  -  MemoryUsage of job (MB)
	265792  -  ResidentSetSize of job (KB)
...
006 (4430510.691.000) 09/09 11:15:26 Image size of job updated: 270332
	261  -  MemoryUsage of job (MB)
	267084  -  ResidentSetSize of job (KB)
...
006 (4430510.691.000) 09/09 11:20:27 Image size of job updated: 270340
	261  -  MemoryUsage of job (MB)
	267084  -  ResidentSetSize of job (KB)
...
006 (4430510.691.000) 09/09 12:05:33 Image size of job updated: 276060
	267  -  MemoryUsage of job (MB)
	272420  -  ResidentSetSize of job (KB)
...
006 (4430510.691.000) 09/09 12:10:32 Image size of job updated: 276068
	267  -  MemoryUsage of job (MB)
	272420  -  ResidentSetSize of job (KB)
...
006 (4430510.691.000) 09/09 15:25:45 Image size of job updated: 276720
	267  -  MemoryUsage of job (MB)
	273184  -  ResidentSetSize of job (KB)
...
006 (4430510.691.000) 09/09 15:30:51 Image size of job updated: 276720
	267  -  MemoryUsage of job (MB)
	273204  -  ResidentSetSize of job (KB)
...
006 (4430510.691.000) 09/09 15:42:07 Image size of job updated: 276720
	267  -  MemoryUsage of job (MB)
	273264  -  ResidentSetSize of job (KB)
...
006 (4430510.691.000) 09/09 22:47:09 Image size of job updated: 280752
	271  -  MemoryUsage of job (MB)
	277144  -  ResidentSetSize of job (KB)
...
006 (4430510.691.000) 09/09 23:37:14 Image size of job updated: 280908
	271  -  MemoryUsage of job (MB)
	277412  -  ResidentSetSize of job (KB)
...
005 (4430510.691.000) 09/10 00:24:57 Job terminated.
	(1) Normal termination (return value 0)
		Usr 0 19:38:49, Sys 0 00:06:02  -  Run Remote Usage
		Usr 0 00:00:00, Sys 0 00:00:00  -  Run Local Usage
		Usr 0 19:38:49, Sys 0 00:06:02  -  Total Remote Usage
		Usr 0 00:00:00, Sys 0 00:00:00  -  Total Local Usage
	3534213  -  Run Bytes Sent By Job
	17284  -  Run Bytes Received By Job
	3534213  -  Total Bytes Sent By Job
	17284  -  Total Bytes Received By Job
	Partitionable Resources :    Usage  Request Allocated
	   Cpus                 :                 1         1
	   Disk (KB)            : 21935861 26214400  28973334
	   Ioheavy              :                           1
	   Memory (MB)          :      271      300       300
...
