000 (4430510.543.000) 09/08 09:59:23 Job submitted from host: <128.105.244.190:9618?addrs=128.105.244.190-9618&noUDP&sock=2714685_05e2_3>
...
001 (4430510.543.000) 09/08 11:50:44 Job executing on host: <128.105.245.233:9618?addrs=128.105.245.233-9618+[--1]-9618&noUDP&sock=1127_5e5f_3>
...
006 (4430510.543.000) 09/08 11:50:52 Image size of job updated: 476
	1  -  MemoryUsage of job (MB)
	476  -  ResidentSetSize of job (KB)
...
006 (4430510.543.000) 09/08 11:55:54 Image size of job updated: 552
	1  -  MemoryUsage of job (MB)
	552  -  ResidentSetSize of job (KB)
...
006 (4430510.543.000) 09/08 12:50:57 Image size of job updated: 7988
	7  -  MemoryUsage of job (MB)
	7060  -  ResidentSetSize of job (KB)
...
006 (4430510.543.000) 09/08 12:55:57 Image size of job updated: 164128
	156  -  MemoryUsage of job (MB)
	159736  -  ResidentSetSize of job (KB)
...
006 (4430510.543.000) 09/08 13:00:57 Image size of job updated: 192176
	184  -  MemoryUsage of job (MB)
	187780  -  ResidentSetSize of job (KB)
...
006 (4430510.543.000) 09/08 13:10:59 Image size of job updated: 204196
	196  -  MemoryUsage of job (MB)
	199796  -  ResidentSetSize of job (KB)
...
006 (4430510.543.000) 09/08 13:16:00 Image size of job updated: 207616
	199  -  MemoryUsage of job (MB)
	203260  -  ResidentSetSize of job (KB)
...
006 (4430510.543.000) 09/08 13:21:01 Image size of job updated: 207672
	199  -  MemoryUsage of job (MB)
	203272  -  ResidentSetSize of job (KB)
...
006 (4430510.543.000) 09/08 13:26:01 Image size of job updated: 210884
	202  -  MemoryUsage of job (MB)
	206492  -  ResidentSetSize of job (KB)
...
006 (4430510.543.000) 09/08 13:31:01 Image size of job updated: 210888
	202  -  MemoryUsage of job (MB)
	206492  -  ResidentSetSize of job (KB)
...
006 (4430510.543.000) 09/08 13:36:01 Image size of job updated: 218064
	209  -  MemoryUsage of job (MB)
	213668  -  ResidentSetSize of job (KB)
...
006 (4430510.543.000) 09/08 13:41:03 Image size of job updated: 218068
	209  -  MemoryUsage of job (MB)
	213668  -  ResidentSetSize of job (KB)
...
006 (4430510.543.000) 09/08 13:46:04 Image size of job updated: 229244
	220  -  MemoryUsage of job (MB)
	224884  -  ResidentSetSize of job (KB)
...
006 (4430510.543.000) 09/08 13:51:05 Image size of job updated: 229300
	220  -  MemoryUsage of job (MB)
	224896  -  ResidentSetSize of job (KB)
...
006 (4430510.543.000) 09/08 14:01:05 Image size of job updated: 252176
	243  -  MemoryUsage of job (MB)
	247816  -  ResidentSetSize of job (KB)
...
006 (4430510.543.000) 09/08 14:06:06 Image size of job updated: 252232
	243  -  MemoryUsage of job (MB)
	247828  -  ResidentSetSize of job (KB)
...
006 (4430510.543.000) 09/08 14:31:07 Image size of job updated: 253328
	244  -  MemoryUsage of job (MB)
	249016  -  ResidentSetSize of job (KB)
...
006 (4430510.543.000) 09/08 14:36:07 Image size of job updated: 253472
	244  -  MemoryUsage of job (MB)
	249068  -  ResidentSetSize of job (KB)
...
006 (4430510.543.000) 09/08 14:51:09 Image size of job updated: 254464
	245  -  MemoryUsage of job (MB)
	250064  -  ResidentSetSize of job (KB)
...
006 (4430510.543.000) 09/08 14:56:09 Image size of job updated: 255272
	245  -  MemoryUsage of job (MB)
	250872  -  ResidentSetSize of job (KB)
...
006 (4430510.543.000) 09/08 15:06:11 Image size of job updated: 255592
	246  -  MemoryUsage of job (MB)
	251192  -  ResidentSetSize of job (KB)
...
006 (4430510.543.000) 09/08 15:11:11 Image size of job updated: 255856
	246  -  MemoryUsage of job (MB)
	251456  -  ResidentSetSize of job (KB)
...
006 (4430510.543.000) 09/08 15:16:11 Image size of job updated: 256344
	247  -  MemoryUsage of job (MB)
	252032  -  ResidentSetSize of job (KB)
...
006 (4430510.543.000) 09/08 15:21:13 Image size of job updated: 256484
	247  -  MemoryUsage of job (MB)
	252084  -  ResidentSetSize of job (KB)
...
006 (4430510.543.000) 09/08 15:26:13 Image size of job updated: 256488
	247  -  MemoryUsage of job (MB)
	252084  -  ResidentSetSize of job (KB)
...
006 (4430510.543.000) 09/08 15:36:14 Image size of job updated: 258864
	249  -  MemoryUsage of job (MB)
	254464  -  ResidentSetSize of job (KB)
...
006 (4430510.543.000) 09/08 15:41:15 Image size of job updated: 258868
	249  -  MemoryUsage of job (MB)
	254464  -  ResidentSetSize of job (KB)
...
006 (4430510.543.000) 09/08 15:51:15 Image size of job updated: 259596
	250  -  MemoryUsage of job (MB)
	255192  -  ResidentSetSize of job (KB)
...
006 (4430510.543.000) 09/08 15:56:16 Image size of job updated: 260408
	251  -  MemoryUsage of job (MB)
	256004  -  ResidentSetSize of job (KB)
...
006 (4430510.543.000) 09/08 16:16:19 Image size of job updated: 261080
	251  -  MemoryUsage of job (MB)
	256768  -  ResidentSetSize of job (KB)
...
006 (4430510.543.000) 09/08 16:21:19 Image size of job updated: 261220
	251  -  MemoryUsage of job (MB)
	256820  -  ResidentSetSize of job (KB)
...
006 (4430510.543.000) 09/08 16:26:20 Image size of job updated: 261224
	251  -  MemoryUsage of job (MB)
	256820  -  ResidentSetSize of job (KB)
...
006 (4430510.543.000) 09/08 16:36:21 Image size of job updated: 261592
	252  -  MemoryUsage of job (MB)
	257232  -  ResidentSetSize of job (KB)
...
006 (4430510.543.000) 09/08 16:41:22 Image size of job updated: 261644
	252  -  MemoryUsage of job (MB)
	257244  -  ResidentSetSize of job (KB)
...
006 (4430510.543.000) 09/08 17:06:23 Image size of job updated: 264260
	254  -  MemoryUsage of job (MB)
	259668  -  ResidentSetSize of job (KB)
...
006 (4430510.543.000) 09/08 17:11:24 Image size of job updated: 264316
	254  -  MemoryUsage of job (MB)
	259680  -  ResidentSetSize of job (KB)
...
006 (4430510.543.000) 09/08 18:46:35 Image size of job updated: 264564
	254  -  MemoryUsage of job (MB)
	259680  -  ResidentSetSize of job (KB)
...
006 (4430510.543.000) 09/08 18:51:35 Image size of job updated: 264568
	254  -  MemoryUsage of job (MB)
	259680  -  ResidentSetSize of job (KB)
...
006 (4430510.543.000) 09/08 19:36:41 Image size of job updated: 265196
	255  -  MemoryUsage of job (MB)
	260284  -  ResidentSetSize of job (KB)
...
006 (4430510.543.000) 09/08 19:41:41 Image size of job updated: 265200
	255  -  MemoryUsage of job (MB)
	260284  -  ResidentSetSize of job (KB)
...
006 (4430510.543.000) 09/08 20:06:43 Image size of job updated: 265572
	255  -  MemoryUsage of job (MB)
	260700  -  ResidentSetSize of job (KB)
...
006 (4430510.543.000) 09/08 20:11:43 Image size of job updated: 266176
	256  -  MemoryUsage of job (MB)
	261260  -  ResidentSetSize of job (KB)
...
006 (4430510.543.000) 09/08 20:16:45 Image size of job updated: 266180
	256  -  MemoryUsage of job (MB)
	261260  -  ResidentSetSize of job (KB)
...
006 (4430510.543.000) 09/08 20:21:45 Image size of job updated: 266652
	256  -  MemoryUsage of job (MB)
	261740  -  ResidentSetSize of job (KB)
...
006 (4430510.543.000) 09/08 20:26:45 Image size of job updated: 266656
	256  -  MemoryUsage of job (MB)
	261740  -  ResidentSetSize of job (KB)
...
006 (4430510.543.000) 09/08 21:11:51 Image size of job updated: 268200
	258  -  MemoryUsage of job (MB)
	263328  -  ResidentSetSize of job (KB)
...
006 (4430510.543.000) 09/08 21:16:51 Image size of job updated: 268252
	258  -  MemoryUsage of job (MB)
	263340  -  ResidentSetSize of job (KB)
...
006 (4430510.543.000) 09/08 21:21:53 Image size of job updated: 268256
	258  -  MemoryUsage of job (MB)
	263340  -  ResidentSetSize of job (KB)
...
006 (4430510.543.000) 09/08 21:46:56 Image size of job updated: 269484
	259  -  MemoryUsage of job (MB)
	264576  -  ResidentSetSize of job (KB)
...
006 (4430510.543.000) 09/08 21:51:56 Image size of job updated: 269496
	259  -  MemoryUsage of job (MB)
	264576  -  ResidentSetSize of job (KB)
...
006 (4430510.543.000) 09/08 22:17:00 Image size of job updated: 269732
	259  -  MemoryUsage of job (MB)
	264860  -  ResidentSetSize of job (KB)
...
006 (4430510.543.000) 09/08 22:22:00 Image size of job updated: 269788
	259  -  MemoryUsage of job (MB)
	264872  -  ResidentSetSize of job (KB)
...
006 (4430510.543.000) 09/08 22:32:02 Image size of job updated: 271376
	261  -  MemoryUsage of job (MB)
	266552  -  ResidentSetSize of job (KB)
...
006 (4430510.543.000) 09/08 22:37:02 Image size of job updated: 271516
	261  -  MemoryUsage of job (MB)
	266604  -  ResidentSetSize of job (KB)
...
006 (4430510.543.000) 09/08 22:42:03 Image size of job updated: 271520
	261  -  MemoryUsage of job (MB)
	266604  -  ResidentSetSize of job (KB)
...
006 (4430510.543.000) 09/08 22:52:05 Image size of job updated: 271672
	261  -  MemoryUsage of job (MB)
	266800  -  ResidentSetSize of job (KB)
...
006 (4430510.543.000) 09/08 22:57:05 Image size of job updated: 271728
	261  -  MemoryUsage of job (MB)
	266812  -  ResidentSetSize of job (KB)
...
006 (4430510.543.000) 09/08 23:27:08 Image size of job updated: 273856
	263  -  MemoryUsage of job (MB)
	268948  -  ResidentSetSize of job (KB)
...
006 (4430510.543.000) 09/08 23:32:09 Image size of job updated: 273860
	263  -  MemoryUsage of job (MB)
	268948  -  ResidentSetSize of job (KB)
...
006 (4430510.543.000) 09/08 23:37:09 Image size of job updated: 274572
	264  -  MemoryUsage of job (MB)
	269656  -  ResidentSetSize of job (KB)
...
006 (4430510.543.000) 09/09 01:12:20 Image size of job updated: 274700
	264  -  MemoryUsage of job (MB)
	269704  -  ResidentSetSize of job (KB)
...
006 (4430510.543.000) 09/09 01:17:20 Image size of job updated: 276800
	266  -  MemoryUsage of job (MB)
	271848  -  ResidentSetSize of job (KB)
...
006 (4430510.543.000) 09/09 01:22:21 Image size of job updated: 276856
	266  -  MemoryUsage of job (MB)
	271860  -  ResidentSetSize of job (KB)
...
006 (4430510.543.000) 09/09 02:12:26 Image size of job updated: 277080
	266  -  MemoryUsage of job (MB)
	272048  -  ResidentSetSize of job (KB)
...
006 (4430510.543.000) 09/09 02:17:26 Image size of job updated: 277088
	266  -  MemoryUsage of job (MB)
	272048  -  ResidentSetSize of job (KB)
...
006 (4430510.543.000) 09/09 02:42:29 Image size of job updated: 279316
	268  -  MemoryUsage of job (MB)
	274320  -  ResidentSetSize of job (KB)
...
006 (4430510.543.000) 09/09 02:47:29 Image size of job updated: 279372
	268  -  MemoryUsage of job (MB)
	274332  -  ResidentSetSize of job (KB)
...
006 (4430510.543.000) 09/09 05:57:51 Image size of job updated: 279588
	268  -  MemoryUsage of job (MB)
	274396  -  ResidentSetSize of job (KB)
...
006 (4430510.543.000) 09/09 06:02:52 Image size of job updated: 280452
	269  -  MemoryUsage of job (MB)
	275256  -  ResidentSetSize of job (KB)
...
006 (4430510.543.000) 09/09 06:17:54 Image size of job updated: 281880
	271  -  MemoryUsage of job (MB)
	276688  -  ResidentSetSize of job (KB)
...
006 (4430510.543.000) 09/09 09:13:11 Image size of job updated: 282008
	271  -  MemoryUsage of job (MB)
	276688  -  ResidentSetSize of job (KB)
...
006 (4430510.543.000) 09/09 09:18:13 Image size of job updated: 282012
	271  -  MemoryUsage of job (MB)
	276688  -  ResidentSetSize of job (KB)
...
006 (4430510.543.000) 09/09 09:43:15 Image size of job updated: 282608
	271  -  MemoryUsage of job (MB)
	276688  -  ResidentSetSize of job (KB)
...
006 (4430510.543.000) 09/09 09:58:16 Image size of job updated: 282876
	271  -  MemoryUsage of job (MB)
	276688  -  ResidentSetSize of job (KB)
...
006 (4430510.543.000) 09/09 10:03:17 Image size of job updated: 282880
	271  -  MemoryUsage of job (MB)
	276688  -  ResidentSetSize of job (KB)
...
005 (4430510.543.000) 09/09 10:11:26 Job terminated.
	(1) Normal termination (return value 0)
		Usr 0 20:51:03, Sys 0 00:04:44  -  Run Remote Usage
		Usr 0 00:00:00, Sys 0 00:00:00  -  Run Local Usage
		Usr 0 20:51:03, Sys 0 00:04:44  -  Total Remote Usage
		Usr 0 00:00:00, Sys 0 00:00:00  -  Total Local Usage
	3532180  -  Run Bytes Sent By Job
	17284  -  Run Bytes Received By Job
	3532180  -  Total Bytes Sent By Job
	17284  -  Total Bytes Received By Job
	Partitionable Resources :    Usage  Request Allocated
	   Cpus                 :                 1         1
	   Disk (KB)            : 20690318 26214400  28371148
	   Ioheavy              :                           1
	   Memory (MB)          :      271      300       300
...
