000 (4430510.904.000) 09/08 09:59:23 Job submitted from host: <128.105.244.190:9618?addrs=128.105.244.190-9618&noUDP&sock=2714685_05e2_3>
...
001 (4430510.904.000) 09/08 21:44:21 Job executing on host: <128.105.245.4:9618?addrs=128.105.245.4-9618+[--1]-9618&noUDP&sock=3865_39bd_3>
...
006 (4430510.904.000) 09/08 21:44:30 Image size of job updated: 556
	1  -  MemoryUsage of job (MB)
	472  -  ResidentSetSize of job (KB)
...
006 (4430510.904.000) 09/08 22:04:32 Image size of job updated: 62636
	26  -  MemoryUsage of job (MB)
	26160  -  ResidentSetSize of job (KB)
...
006 (4430510.904.000) 09/08 22:09:31 Image size of job updated: 189512
	137  -  MemoryUsage of job (MB)
	139296  -  ResidentSetSize of job (KB)
...
006 (4430510.904.000) 09/08 22:14:32 Image size of job updated: 213344
	146  -  MemoryUsage of job (MB)
	148564  -  ResidentSetSize of job (KB)
...
006 (4430510.904.000) 09/08 22:29:33 Image size of job updated: 217496
	188  -  MemoryUsage of job (MB)
	192040  -  ResidentSetSize of job (KB)
...
006 (4430510.904.000) 09/08 22:34:32 Image size of job updated: 219000
	190  -  MemoryUsage of job (MB)
	193548  -  ResidentSetSize of job (KB)
...
006 (4430510.904.000) 09/08 22:39:32 Image size of job updated: 241040
	211  -  MemoryUsage of job (MB)
	215624  -  ResidentSetSize of job (KB)
...
006 (4430510.904.000) 09/08 22:44:33 Image size of job updated: 241108
	211  -  MemoryUsage of job (MB)
	215644  -  ResidentSetSize of job (KB)
...
006 (4430510.904.000) 09/08 22:49:33 Image size of job updated: 247624
	217  -  MemoryUsage of job (MB)
	222164  -  ResidentSetSize of job (KB)
...
006 (4430510.904.000) 09/08 22:59:34 Image size of job updated: 250764
	220  -  MemoryUsage of job (MB)
	224620  -  ResidentSetSize of job (KB)
...
006 (4430510.904.000) 09/08 23:09:36 Image size of job updated: 252180
	221  -  MemoryUsage of job (MB)
	226036  -  ResidentSetSize of job (KB)
...
006 (4430510.904.000) 09/08 23:19:37 Image size of job updated: 253412
	222  -  MemoryUsage of job (MB)
	227272  -  ResidentSetSize of job (KB)
...
006 (4430510.904.000) 09/08 23:24:39 Image size of job updated: 253416
	222  -  MemoryUsage of job (MB)
	227272  -  ResidentSetSize of job (KB)
...
006 (4430510.904.000) 09/08 23:29:39 Image size of job updated: 254588
	224  -  MemoryUsage of job (MB)
	228444  -  ResidentSetSize of job (KB)
...
006 (4430510.904.000) 09/08 23:39:40 Image size of job updated: 259096
	228  -  MemoryUsage of job (MB)
	232972  -  ResidentSetSize of job (KB)
...
006 (4430510.904.000) 09/08 23:44:42 Image size of job updated: 259100
	228  -  MemoryUsage of job (MB)
	232972  -  ResidentSetSize of job (KB)
...
006 (4430510.904.000) 09/08 23:49:42 Image size of job updated: 260144
	229  -  MemoryUsage of job (MB)
	234028  -  ResidentSetSize of job (KB)
...
006 (4430510.904.000) 09/08 23:54:42 Image size of job updated: 260152
	229  -  MemoryUsage of job (MB)
	234028  -  ResidentSetSize of job (KB)
...
006 (4430510.904.000) 09/09 00:29:46 Image size of job updated: 260484
	229  -  MemoryUsage of job (MB)
	234028  -  ResidentSetSize of job (KB)
...
006 (4430510.904.000) 09/09 00:34:46 Image size of job updated: 260756
	229  -  MemoryUsage of job (MB)
	234032  -  ResidentSetSize of job (KB)
...
006 (4430510.904.000) 09/09 00:44:49 Image size of job updated: 263336
	229  -  MemoryUsage of job (MB)
	234032  -  ResidentSetSize of job (KB)
...
006 (4430510.904.000) 09/09 00:49:48 Image size of job updated: 263344
	229  -  MemoryUsage of job (MB)
	234032  -  ResidentSetSize of job (KB)
...
006 (4430510.904.000) 09/09 00:54:49 Image size of job updated: 264248
	232  -  MemoryUsage of job (MB)
	237568  -  ResidentSetSize of job (KB)
...
006 (4430510.904.000) 09/09 00:59:49 Image size of job updated: 264312
	233  -  MemoryUsage of job (MB)
	237588  -  ResidentSetSize of job (KB)
...
006 (4430510.904.000) 09/09 02:24:57 Image size of job updated: 265400
	234  -  MemoryUsage of job (MB)
	238720  -  ResidentSetSize of job (KB)
...
006 (4430510.904.000) 09/09 02:29:57 Image size of job updated: 265464
	234  -  MemoryUsage of job (MB)
	238740  -  ResidentSetSize of job (KB)
...
006 (4430510.904.000) 09/09 03:05:02 Image size of job updated: 267228
	234  -  MemoryUsage of job (MB)
	239364  -  ResidentSetSize of job (KB)
...
006 (4430510.904.000) 09/09 03:50:09 Image size of job updated: 267388
	234  -  MemoryUsage of job (MB)
	239460  -  ResidentSetSize of job (KB)
...
006 (4430510.904.000) 09/09 03:55:08 Image size of job updated: 267448
	234  -  MemoryUsage of job (MB)
	239480  -  ResidentSetSize of job (KB)
...
006 (4430510.904.000) 09/09 04:25:10 Image size of job updated: 268312
	235  -  MemoryUsage of job (MB)
	240388  -  ResidentSetSize of job (KB)
...
006 (4430510.904.000) 09/09 04:30:10 Image size of job updated: 268372
	235  -  MemoryUsage of job (MB)
	240388  -  ResidentSetSize of job (KB)
...
006 (4430510.904.000) 09/09 04:35:12 Image size of job updated: 269072
	235  -  MemoryUsage of job (MB)
	240388  -  ResidentSetSize of job (KB)
...
006 (4430510.904.000) 09/09 04:50:13 Image size of job updated: 271776
	239  -  MemoryUsage of job (MB)
	243816  -  ResidentSetSize of job (KB)
...
006 (4430510.904.000) 09/09 04:55:13 Image size of job updated: 271784
	239  -  MemoryUsage of job (MB)
	243816  -  ResidentSetSize of job (KB)
...
006 (4430510.904.000) 09/09 05:40:36 Image size of job updated: 273176
	239  -  MemoryUsage of job (MB)
	243816  -  ResidentSetSize of job (KB)
...
006 (4430510.904.000) 09/09 05:45:19 Image size of job updated: 273328
	239  -  MemoryUsage of job (MB)
	243816  -  ResidentSetSize of job (KB)
...
006 (4430510.904.000) 09/09 05:55:19 Image size of job updated: 273640
	239  -  MemoryUsage of job (MB)
	243816  -  ResidentSetSize of job (KB)
...
006 (4430510.904.000) 09/09 06:00:20 Image size of job updated: 273644
	239  -  MemoryUsage of job (MB)
	243816  -  ResidentSetSize of job (KB)
...
006 (4430510.904.000) 09/09 06:55:25 Image size of job updated: 274496
	239  -  MemoryUsage of job (MB)
	243816  -  ResidentSetSize of job (KB)
...
006 (4430510.904.000) 09/09 07:00:25 Image size of job updated: 275380
	239  -  MemoryUsage of job (MB)
	243816  -  ResidentSetSize of job (KB)
...
006 (4430510.904.000) 09/09 08:15:34 Image size of job updated: 275652
	239  -  MemoryUsage of job (MB)
	243816  -  ResidentSetSize of job (KB)
...
006 (4430510.904.000) 09/09 08:20:35 Image size of job updated: 275712
	239  -  MemoryUsage of job (MB)
	243816  -  ResidentSetSize of job (KB)
...
006 (4430510.904.000) 09/09 08:25:35 Image size of job updated: 276436
	239  -  MemoryUsage of job (MB)
	243900  -  ResidentSetSize of job (KB)
...
006 (4430510.904.000) 09/09 08:30:36 Image size of job updated: 276584
	239  -  MemoryUsage of job (MB)
	243960  -  ResidentSetSize of job (KB)
...
006 (4430510.904.000) 09/09 09:20:39 Image size of job updated: 279180
	241  -  MemoryUsage of job (MB)
	246552  -  ResidentSetSize of job (KB)
...
006 (4430510.904.000) 09/09 10:40:47 Image size of job updated: 280676
	243  -  MemoryUsage of job (MB)
	248052  -  ResidentSetSize of job (KB)
...
006 (4430510.904.000) 09/09 10:45:48 Image size of job updated: 280680
	243  -  MemoryUsage of job (MB)
	248052  -  ResidentSetSize of job (KB)
...
005 (4430510.904.000) 09/09 12:13:28 Job terminated.
	(1) Normal termination (return value 0)
		Usr 0 13:43:04, Sys 0 00:05:14  -  Run Remote Usage
		Usr 0 00:00:00, Sys 0 00:00:00  -  Run Local Usage
		Usr 0 13:43:04, Sys 0 00:05:14  -  Total Remote Usage
		Usr 0 00:00:00, Sys 0 00:00:00  -  Total Local Usage
	3533944  -  Run Bytes Sent By Job
	17284  -  Run Bytes Received By Job
	3533944  -  Total Bytes Sent By Job
	17284  -  Total Bytes Received By Job
	Partitionable Resources :    Usage  Request Allocated
	   Cpus                 :                 1         1
	   Disk (KB)            : 22037048 26214400  34543848
	   Ioheavy              :                           1
	   Memory (MB)          :      243      300       300
...
