000 (4430510.755.000) 09/08 09:59:23 Job submitted from host: <128.105.244.190:9618?addrs=128.105.244.190-9618&noUDP&sock=2714685_05e2_3>
...
001 (4430510.755.000) 09/08 12:51:13 Job executing on host: <128.105.245.54:9618?addrs=128.105.245.54-9618+[--1]-9618&noUDP&sock=3970_846f_3>
...
006 (4430510.755.000) 09/08 12:51:22 Image size of job updated: 480
	1  -  MemoryUsage of job (MB)
	480  -  ResidentSetSize of job (KB)
...
006 (4430510.755.000) 09/08 12:56:23 Image size of job updated: 548
	1  -  MemoryUsage of job (MB)
	480  -  ResidentSetSize of job (KB)
...
006 (4430510.755.000) 09/08 13:16:31 Image size of job updated: 164648
	153  -  MemoryUsage of job (MB)
	155764  -  ResidentSetSize of job (KB)
...
006 (4430510.755.000) 09/08 13:21:33 Image size of job updated: 202216
	181  -  MemoryUsage of job (MB)
	184552  -  ResidentSetSize of job (KB)
...
006 (4430510.755.000) 09/08 13:26:31 Image size of job updated: 208996
	181  -  MemoryUsage of job (MB)
	184552  -  ResidentSetSize of job (KB)
...
006 (4430510.755.000) 09/08 13:36:26 Image size of job updated: 215388
	186  -  MemoryUsage of job (MB)
	189876  -  ResidentSetSize of job (KB)
...
006 (4430510.755.000) 09/08 13:46:27 Image size of job updated: 217368
	186  -  MemoryUsage of job (MB)
	189876  -  ResidentSetSize of job (KB)
...
006 (4430510.755.000) 09/08 13:51:37 Image size of job updated: 217656
	188  -  MemoryUsage of job (MB)
	192440  -  ResidentSetSize of job (KB)
...
006 (4430510.755.000) 09/08 13:56:37 Image size of job updated: 244644
	215  -  MemoryUsage of job (MB)
	219464  -  ResidentSetSize of job (KB)
...
006 (4430510.755.000) 09/08 14:01:30 Image size of job updated: 244704
	215  -  MemoryUsage of job (MB)
	219464  -  ResidentSetSize of job (KB)
...
006 (4430510.755.000) 09/08 14:06:26 Image size of job updated: 250076
	220  -  MemoryUsage of job (MB)
	224864  -  ResidentSetSize of job (KB)
...
006 (4430510.755.000) 09/08 14:16:31 Image size of job updated: 252560
	223  -  MemoryUsage of job (MB)
	227352  -  ResidentSetSize of job (KB)
...
006 (4430510.755.000) 09/08 14:21:27 Image size of job updated: 252788
	223  -  MemoryUsage of job (MB)
	227424  -  ResidentSetSize of job (KB)
...
006 (4430510.755.000) 09/08 14:26:28 Image size of job updated: 254864
	225  -  MemoryUsage of job (MB)
	229540  -  ResidentSetSize of job (KB)
...
006 (4430510.755.000) 09/08 14:31:40 Image size of job updated: 255552
	225  -  MemoryUsage of job (MB)
	230356  -  ResidentSetSize of job (KB)
...
006 (4430510.755.000) 09/08 14:46:29 Image size of job updated: 258544
	228  -  MemoryUsage of job (MB)
	233268  -  ResidentSetSize of job (KB)
...
006 (4430510.755.000) 09/08 14:51:29 Image size of job updated: 259524
	229  -  MemoryUsage of job (MB)
	234096  -  ResidentSetSize of job (KB)
...
006 (4430510.755.000) 09/08 15:01:30 Image size of job updated: 259940
	229  -  MemoryUsage of job (MB)
	234096  -  ResidentSetSize of job (KB)
...
006 (4430510.755.000) 09/08 15:16:31 Image size of job updated: 260292
	229  -  MemoryUsage of job (MB)
	234096  -  ResidentSetSize of job (KB)
...
006 (4430510.755.000) 09/08 15:31:32 Image size of job updated: 262876
	231  -  MemoryUsage of job (MB)
	236528  -  ResidentSetSize of job (KB)
...
006 (4430510.755.000) 09/08 15:36:33 Image size of job updated: 263028
	232  -  MemoryUsage of job (MB)
	236588  -  ResidentSetSize of job (KB)
...
006 (4430510.755.000) 09/08 15:56:36 Image size of job updated: 263236
	232  -  MemoryUsage of job (MB)
	236588  -  ResidentSetSize of job (KB)
...
006 (4430510.755.000) 09/08 16:01:36 Image size of job updated: 263300
	232  -  MemoryUsage of job (MB)
	236588  -  ResidentSetSize of job (KB)
...
006 (4430510.755.000) 09/08 16:16:38 Image size of job updated: 263420
	232  -  MemoryUsage of job (MB)
	236588  -  ResidentSetSize of job (KB)
...
006 (4430510.755.000) 09/08 16:41:41 Image size of job updated: 263592
	232  -  MemoryUsage of job (MB)
	236588  -  ResidentSetSize of job (KB)
...
006 (4430510.755.000) 09/08 16:46:41 Image size of job updated: 263744
	232  -  MemoryUsage of job (MB)
	236588  -  ResidentSetSize of job (KB)
...
006 (4430510.755.000) 09/08 16:51:43 Image size of job updated: 264564
	232  -  MemoryUsage of job (MB)
	236820  -  ResidentSetSize of job (KB)
...
006 (4430510.755.000) 09/08 16:56:43 Image size of job updated: 265128
	232  -  MemoryUsage of job (MB)
	237384  -  ResidentSetSize of job (KB)
...
006 (4430510.755.000) 09/08 17:21:46 Image size of job updated: 267400
	234  -  MemoryUsage of job (MB)
	238792  -  ResidentSetSize of job (KB)
...
006 (4430510.755.000) 09/08 17:31:48 Image size of job updated: 267576
	234  -  MemoryUsage of job (MB)
	238792  -  ResidentSetSize of job (KB)
...
006 (4430510.755.000) 09/08 18:16:53 Image size of job updated: 269924
	234  -  MemoryUsage of job (MB)
	238792  -  ResidentSetSize of job (KB)
...
006 (4430510.755.000) 09/08 18:21:54 Image size of job updated: 269924
	235  -  MemoryUsage of job (MB)
	239696  -  ResidentSetSize of job (KB)
...
006 (4430510.755.000) 09/08 19:32:00 Image size of job updated: 270800
	236  -  MemoryUsage of job (MB)
	240816  -  ResidentSetSize of job (KB)
...
006 (4430510.755.000) 09/08 19:37:01 Image size of job updated: 270860
	236  -  MemoryUsage of job (MB)
	240836  -  ResidentSetSize of job (KB)
...
006 (4430510.755.000) 09/08 19:42:01 Image size of job updated: 271680
	236  -  MemoryUsage of job (MB)
	241656  -  ResidentSetSize of job (KB)
...
006 (4430510.755.000) 09/08 20:12:47 Image size of job updated: 272892
	237  -  MemoryUsage of job (MB)
	242372  -  ResidentSetSize of job (KB)
...
006 (4430510.755.000) 09/08 21:12:12 Image size of job updated: 273092
	237  -  MemoryUsage of job (MB)
	242372  -  ResidentSetSize of job (KB)
...
006 (4430510.755.000) 09/08 21:17:12 Image size of job updated: 273100
	237  -  MemoryUsage of job (MB)
	242372  -  ResidentSetSize of job (KB)
...
006 (4430510.755.000) 09/08 21:37:15 Image size of job updated: 273672
	237  -  MemoryUsage of job (MB)
	242372  -  ResidentSetSize of job (KB)
...
006 (4430510.755.000) 09/08 21:42:15 Image size of job updated: 274468
	237  -  MemoryUsage of job (MB)
	242372  -  ResidentSetSize of job (KB)
...
006 (4430510.755.000) 09/08 23:22:27 Image size of job updated: 275208
	237  -  MemoryUsage of job (MB)
	242372  -  ResidentSetSize of job (KB)
...
006 (4430510.755.000) 09/08 23:42:31 Image size of job updated: 275440
	237  -  MemoryUsage of job (MB)
	242372  -  ResidentSetSize of job (KB)
...
006 (4430510.755.000) 09/08 23:47:31 Image size of job updated: 275448
	237  -  MemoryUsage of job (MB)
	242372  -  ResidentSetSize of job (KB)
...
006 (4430510.755.000) 09/09 00:07:33 Image size of job updated: 275928
	237  -  MemoryUsage of job (MB)
	242372  -  ResidentSetSize of job (KB)
...
006 (4430510.755.000) 09/09 00:12:33 Image size of job updated: 275932
	237  -  MemoryUsage of job (MB)
	242372  -  ResidentSetSize of job (KB)
...
006 (4430510.755.000) 09/09 00:17:33 Image size of job updated: 276128
	237  -  MemoryUsage of job (MB)
	242372  -  ResidentSetSize of job (KB)
...
006 (4430510.755.000) 09/09 00:22:34 Image size of job updated: 276280
	237  -  MemoryUsage of job (MB)
	242372  -  ResidentSetSize of job (KB)
...
006 (4430510.755.000) 09/09 00:32:36 Image size of job updated: 277136
	237  -  MemoryUsage of job (MB)
	242608  -  ResidentSetSize of job (KB)
...
006 (4430510.755.000) 09/09 00:37:36 Image size of job updated: 277952
	238  -  MemoryUsage of job (MB)
	243420  -  ResidentSetSize of job (KB)
...
006 (4430510.755.000) 09/09 00:57:39 Image size of job updated: 279668
	239  -  MemoryUsage of job (MB)
	244648  -  ResidentSetSize of job (KB)
...
006 (4430510.755.000) 09/09 01:02:39 Image size of job updated: 280472
	240  -  MemoryUsage of job (MB)
	245448  -  ResidentSetSize of job (KB)
...
006 (4430510.755.000) 09/09 03:27:52 Image size of job updated: 281804
	240  -  MemoryUsage of job (MB)
	245448  -  ResidentSetSize of job (KB)
...
005 (4430510.755.000) 09/09 05:10:43 Job terminated.
	(1) Normal termination (return value 0)
		Usr 0 15:26:45, Sys 0 00:06:02  -  Run Remote Usage
		Usr 0 00:00:00, Sys 0 00:00:00  -  Run Local Usage
		Usr 0 15:26:45, Sys 0 00:06:02  -  Total Remote Usage
		Usr 0 00:00:00, Sys 0 00:00:00  -  Total Local Usage
	3535784  -  Run Bytes Sent By Job
	17284  -  Run Bytes Received By Job
	3535784  -  Total Bytes Sent By Job
	17284  -  Total Bytes Received By Job
	Partitionable Resources :    Usage  Request Allocated
	   Cpus                 :                 1         1
	   Disk (KB)            : 20261163 26214400  26354862
	   Ioheavy              :                           1
	   Memory (MB)          :      240      300       300
...
