000 (4430510.926.000) 09/08 09:59:23 Job submitted from host: <128.105.244.190:9618?addrs=128.105.244.190-9618&noUDP&sock=2714685_05e2_3>
...
001 (4430510.926.000) 09/08 22:56:46 Job executing on host: <128.105.244.74:9618?addrs=128.105.244.74-9618+[--1]-9618&noUDP&sock=3825_eb26_3>
...
006 (4430510.926.000) 09/08 22:56:55 Image size of job updated: 560
	1  -  MemoryUsage of job (MB)
	472  -  ResidentSetSize of job (KB)
...
006 (4430510.926.000) 09/08 23:01:59 Image size of job updated: 820
	1  -  MemoryUsage of job (MB)
	472  -  ResidentSetSize of job (KB)
...
006 (4430510.926.000) 09/08 23:06:57 Image size of job updated: 164336
	157  -  MemoryUsage of job (MB)
	159960  -  ResidentSetSize of job (KB)
...
006 (4430510.926.000) 09/08 23:11:57 Image size of job updated: 202576
	194  -  MemoryUsage of job (MB)
	198192  -  ResidentSetSize of job (KB)
...
006 (4430510.926.000) 09/08 23:16:57 Image size of job updated: 207300
	199  -  MemoryUsage of job (MB)
	202956  -  ResidentSetSize of job (KB)
...
006 (4430510.926.000) 09/08 23:21:58 Image size of job updated: 207364
	199  -  MemoryUsage of job (MB)
	202976  -  ResidentSetSize of job (KB)
...
006 (4430510.926.000) 09/08 23:37:00 Image size of job updated: 219536
	199  -  MemoryUsage of job (MB)
	202976  -  ResidentSetSize of job (KB)
...
006 (4430510.926.000) 09/08 23:57:02 Image size of job updated: 236520
	206  -  MemoryUsage of job (MB)
	210288  -  ResidentSetSize of job (KB)
...
006 (4430510.926.000) 09/09 00:07:03 Image size of job updated: 248936
	218  -  MemoryUsage of job (MB)
	222704  -  ResidentSetSize of job (KB)
...
006 (4430510.926.000) 09/09 00:12:04 Image size of job updated: 248952
	218  -  MemoryUsage of job (MB)
	222704  -  ResidentSetSize of job (KB)
...
006 (4430510.926.000) 09/09 00:17:04 Image size of job updated: 250628
	219  -  MemoryUsage of job (MB)
	223948  -  ResidentSetSize of job (KB)
...
006 (4430510.926.000) 09/09 00:22:05 Image size of job updated: 250776
	219  -  MemoryUsage of job (MB)
	224008  -  ResidentSetSize of job (KB)
...
006 (4430510.926.000) 09/09 00:32:06 Image size of job updated: 256772
	225  -  MemoryUsage of job (MB)
	230004  -  ResidentSetSize of job (KB)
...
006 (4430510.926.000) 09/09 00:57:10 Image size of job updated: 258208
	227  -  MemoryUsage of job (MB)
	231448  -  ResidentSetSize of job (KB)
...
006 (4430510.926.000) 09/09 01:02:10 Image size of job updated: 258216
	227  -  MemoryUsage of job (MB)
	231448  -  ResidentSetSize of job (KB)
...
006 (4430510.926.000) 09/09 01:22:12 Image size of job updated: 259800
	228  -  MemoryUsage of job (MB)
	233072  -  ResidentSetSize of job (KB)
...
006 (4430510.926.000) 09/09 01:27:13 Image size of job updated: 259860
	228  -  MemoryUsage of job (MB)
	233092  -  ResidentSetSize of job (KB)
...
006 (4430510.926.000) 09/09 01:52:14 Image size of job updated: 260720
	229  -  MemoryUsage of job (MB)
	233956  -  ResidentSetSize of job (KB)
...
006 (4430510.926.000) 09/09 02:02:15 Image size of job updated: 261508
	230  -  MemoryUsage of job (MB)
	234788  -  ResidentSetSize of job (KB)
...
006 (4430510.926.000) 09/09 02:07:15 Image size of job updated: 261572
	230  -  MemoryUsage of job (MB)
	234808  -  ResidentSetSize of job (KB)
...
006 (4430510.926.000) 09/09 02:47:20 Image size of job updated: 261940
	230  -  MemoryUsage of job (MB)
	235220  -  ResidentSetSize of job (KB)
...
006 (4430510.926.000) 09/09 02:52:20 Image size of job updated: 262004
	230  -  MemoryUsage of job (MB)
	235240  -  ResidentSetSize of job (KB)
...
006 (4430510.926.000) 09/09 02:57:20 Image size of job updated: 262008
	230  -  MemoryUsage of job (MB)
	235240  -  ResidentSetSize of job (KB)
...
006 (4430510.926.000) 09/09 03:17:23 Image size of job updated: 263272
	231  -  MemoryUsage of job (MB)
	236508  -  ResidentSetSize of job (KB)
...
006 (4430510.926.000) 09/09 03:27:24 Image size of job updated: 264120
	232  -  MemoryUsage of job (MB)
	237400  -  ResidentSetSize of job (KB)
...
006 (4430510.926.000) 09/09 03:32:24 Image size of job updated: 264184
	232  -  MemoryUsage of job (MB)
	237420  -  ResidentSetSize of job (KB)
...
006 (4430510.926.000) 09/09 03:42:26 Image size of job updated: 264256
	232  -  MemoryUsage of job (MB)
	237536  -  ResidentSetSize of job (KB)
...
006 (4430510.926.000) 09/09 03:47:26 Image size of job updated: 264320
	232  -  MemoryUsage of job (MB)
	237556  -  ResidentSetSize of job (KB)
...
006 (4430510.926.000) 09/09 04:27:29 Image size of job updated: 266480
	235  -  MemoryUsage of job (MB)
	239760  -  ResidentSetSize of job (KB)
...
006 (4430510.926.000) 09/09 04:32:29 Image size of job updated: 266544
	235  -  MemoryUsage of job (MB)
	239780  -  ResidentSetSize of job (KB)
...
006 (4430510.926.000) 09/09 05:22:34 Image size of job updated: 266604
	235  -  MemoryUsage of job (MB)
	239880  -  ResidentSetSize of job (KB)
...
006 (4430510.926.000) 09/09 05:27:35 Image size of job updated: 266664
	235  -  MemoryUsage of job (MB)
	239900  -  ResidentSetSize of job (KB)
...
006 (4430510.926.000) 09/09 05:32:35 Image size of job updated: 266668
	235  -  MemoryUsage of job (MB)
	239900  -  ResidentSetSize of job (KB)
...
006 (4430510.926.000) 09/09 05:37:36 Image size of job updated: 267252
	235  -  MemoryUsage of job (MB)
	240492  -  ResidentSetSize of job (KB)
...
006 (4430510.926.000) 09/09 05:42:37 Image size of job updated: 267256
	235  -  MemoryUsage of job (MB)
	240492  -  ResidentSetSize of job (KB)
...
006 (4430510.926.000) 09/09 06:17:41 Image size of job updated: 269432
	238  -  MemoryUsage of job (MB)
	242780  -  ResidentSetSize of job (KB)
...
006 (4430510.926.000) 09/09 06:22:41 Image size of job updated: 269676
	238  -  MemoryUsage of job (MB)
	242908  -  ResidentSetSize of job (KB)
...
006 (4430510.926.000) 09/09 06:32:42 Image size of job updated: 272036
	240  -  MemoryUsage of job (MB)
	245312  -  ResidentSetSize of job (KB)
...
006 (4430510.926.000) 09/09 06:37:42 Image size of job updated: 272096
	240  -  MemoryUsage of job (MB)
	245332  -  ResidentSetSize of job (KB)
...
006 (4430510.926.000) 09/09 07:27:48 Image size of job updated: 272288
	240  -  MemoryUsage of job (MB)
	245524  -  ResidentSetSize of job (KB)
...
006 (4430510.926.000) 09/09 07:42:50 Image size of job updated: 275016
	243  -  MemoryUsage of job (MB)
	248252  -  ResidentSetSize of job (KB)
...
006 (4430510.926.000) 09/09 10:08:04 Image size of job updated: 275792
	244  -  MemoryUsage of job (MB)
	249028  -  ResidentSetSize of job (KB)
...
006 (4430510.926.000) 09/09 10:38:07 Image size of job updated: 275796
	244  -  MemoryUsage of job (MB)
	249028  -  ResidentSetSize of job (KB)
...
006 (4430510.926.000) 09/09 10:48:08 Image size of job updated: 276692
	245  -  MemoryUsage of job (MB)
	249932  -  ResidentSetSize of job (KB)
...
006 (4430510.926.000) 09/09 10:53:09 Image size of job updated: 276696
	245  -  MemoryUsage of job (MB)
	249932  -  ResidentSetSize of job (KB)
...
006 (4430510.926.000) 09/09 11:23:13 Image size of job updated: 277032
	245  -  MemoryUsage of job (MB)
	250312  -  ResidentSetSize of job (KB)
...
006 (4430510.926.000) 09/09 11:28:13 Image size of job updated: 277096
	245  -  MemoryUsage of job (MB)
	250332  -  ResidentSetSize of job (KB)
...
006 (4430510.926.000) 09/09 11:38:14 Image size of job updated: 277168
	245  -  MemoryUsage of job (MB)
	250408  -  ResidentSetSize of job (KB)
...
006 (4430510.926.000) 09/09 11:43:15 Image size of job updated: 277976
	246  -  MemoryUsage of job (MB)
	251208  -  ResidentSetSize of job (KB)
...
006 (4430510.926.000) 09/09 12:18:19 Image size of job updated: 278024
	246  -  MemoryUsage of job (MB)
	251260  -  ResidentSetSize of job (KB)
...
006 (4430510.926.000) 09/09 12:28:19 Image size of job updated: 278080
	246  -  MemoryUsage of job (MB)
	251356  -  ResidentSetSize of job (KB)
...
006 (4430510.926.000) 09/09 12:33:20 Image size of job updated: 278140
	246  -  MemoryUsage of job (MB)
	251376  -  ResidentSetSize of job (KB)
...
006 (4430510.926.000) 09/09 12:43:21 Image size of job updated: 278436
	246  -  MemoryUsage of job (MB)
	251676  -  ResidentSetSize of job (KB)
...
006 (4430510.926.000) 09/09 12:48:21 Image size of job updated: 278440
	246  -  MemoryUsage of job (MB)
	251676  -  ResidentSetSize of job (KB)
...
006 (4430510.926.000) 09/09 12:58:22 Image size of job updated: 278532
	246  -  MemoryUsage of job (MB)
	251768  -  ResidentSetSize of job (KB)
...
006 (4430510.926.000) 09/09 13:33:25 Image size of job updated: 279060
	247  -  MemoryUsage of job (MB)
	252296  -  ResidentSetSize of job (KB)
...
006 (4430510.926.000) 09/09 13:43:26 Image size of job updated: 280640
	248  -  MemoryUsage of job (MB)
	253920  -  ResidentSetSize of job (KB)
...
006 (4430510.926.000) 09/09 13:48:27 Image size of job updated: 280704
	248  -  MemoryUsage of job (MB)
	253940  -  ResidentSetSize of job (KB)
...
006 (4430510.926.000) 09/09 14:58:33 Image size of job updated: 281864
	250  -  MemoryUsage of job (MB)
	255140  -  ResidentSetSize of job (KB)
...
006 (4430510.926.000) 09/09 15:03:34 Image size of job updated: 281928
	250  -  MemoryUsage of job (MB)
	255160  -  ResidentSetSize of job (KB)
...
006 (4430510.926.000) 09/09 15:28:37 Image size of job updated: 282176
	250  -  MemoryUsage of job (MB)
	255412  -  ResidentSetSize of job (KB)
...
006 (4430510.926.000) 09/09 15:43:38 Image size of job updated: 282448
	250  -  MemoryUsage of job (MB)
	255684  -  ResidentSetSize of job (KB)
...
006 (4430510.926.000) 09/09 16:08:41 Image size of job updated: 282772
	251  -  MemoryUsage of job (MB)
	256048  -  ResidentSetSize of job (KB)
...
006 (4430510.926.000) 09/09 16:13:42 Image size of job updated: 282832
	251  -  MemoryUsage of job (MB)
	256068  -  ResidentSetSize of job (KB)
...
005 (4430510.926.000) 09/09 16:19:50 Job terminated.
	(1) Normal termination (return value 0)
		Usr 0 17:10:32, Sys 0 00:04:43  -  Run Remote Usage
		Usr 0 00:00:00, Sys 0 00:00:00  -  Run Local Usage
		Usr 0 17:10:32, Sys 0 00:04:43  -  Total Remote Usage
		Usr 0 00:00:00, Sys 0 00:00:00  -  Total Local Usage
	3537587  -  Run Bytes Sent By Job
	17284  -  Run Bytes Received By Job
	3537587  -  Total Bytes Sent By Job
	17284  -  Total Bytes Received By Job
	Partitionable Resources :    Usage  Request Allocated
	   Cpus                 :                 1         1
	   Disk (KB)            : 19607864 26214400  31410016
	   Ioheavy              :                           1
	   Memory (MB)          :      251      300       300
...
