000 (4430510.919.000) 09/08 09:59:23 Job submitted from host: <128.105.244.190:9618?addrs=128.105.244.190-9618&noUDP&sock=2714685_05e2_3>
...
001 (4430510.919.000) 09/08 21:54:51 Job executing on host: <128.105.244.181:9618?addrs=128.105.244.181-9618&noUDP&sock=3549_e5b4_3>
...
006 (4430510.919.000) 09/08 21:54:59 Image size of job updated: 560
	1  -  MemoryUsage of job (MB)
	476  -  ResidentSetSize of job (KB)
...
006 (4430510.919.000) 09/08 22:00:00 Image size of job updated: 828
	1  -  MemoryUsage of job (MB)
	476  -  ResidentSetSize of job (KB)
...
006 (4430510.919.000) 09/08 22:15:01 Image size of job updated: 152348
	145  -  MemoryUsage of job (MB)
	147564  -  ResidentSetSize of job (KB)
...
006 (4430510.919.000) 09/08 22:20:02 Image size of job updated: 199960
	159  -  MemoryUsage of job (MB)
	162024  -  ResidentSetSize of job (KB)
...
006 (4430510.919.000) 09/08 22:25:02 Image size of job updated: 205512
	175  -  MemoryUsage of job (MB)
	178396  -  ResidentSetSize of job (KB)
...
006 (4430510.919.000) 09/08 22:30:02 Image size of job updated: 213016
	183  -  MemoryUsage of job (MB)
	186732  -  ResidentSetSize of job (KB)
...
006 (4430510.919.000) 09/08 22:40:03 Image size of job updated: 218172
	183  -  MemoryUsage of job (MB)
	186732  -  ResidentSetSize of job (KB)
...
006 (4430510.919.000) 09/08 22:45:04 Image size of job updated: 218172
	187  -  MemoryUsage of job (MB)
	191028  -  ResidentSetSize of job (KB)
...
006 (4430510.919.000) 09/08 22:50:04 Image size of job updated: 243972
	209  -  MemoryUsage of job (MB)
	213636  -  ResidentSetSize of job (KB)
...
006 (4430510.919.000) 09/08 22:55:04 Image size of job updated: 244032
	209  -  MemoryUsage of job (MB)
	213648  -  ResidentSetSize of job (KB)
...
006 (4430510.919.000) 09/08 23:00:05 Image size of job updated: 248836
	217  -  MemoryUsage of job (MB)
	222168  -  ResidentSetSize of job (KB)
...
006 (4430510.919.000) 09/08 23:05:05 Image size of job updated: 248844
	217  -  MemoryUsage of job (MB)
	222168  -  ResidentSetSize of job (KB)
...
006 (4430510.919.000) 09/08 23:10:07 Image size of job updated: 250304
	219  -  MemoryUsage of job (MB)
	223628  -  ResidentSetSize of job (KB)
...
006 (4430510.919.000) 09/08 23:20:07 Image size of job updated: 255556
	224  -  MemoryUsage of job (MB)
	228680  -  ResidentSetSize of job (KB)
...
006 (4430510.919.000) 09/08 23:30:08 Image size of job updated: 255756
	224  -  MemoryUsage of job (MB)
	228888  -  ResidentSetSize of job (KB)
...
006 (4430510.919.000) 09/08 23:40:09 Image size of job updated: 257564
	226  -  MemoryUsage of job (MB)
	230688  -  ResidentSetSize of job (KB)
...
006 (4430510.919.000) 09/08 23:50:10 Image size of job updated: 257724
	226  -  MemoryUsage of job (MB)
	230688  -  ResidentSetSize of job (KB)
...
006 (4430510.919.000) 09/08 23:55:10 Image size of job updated: 258792
	227  -  MemoryUsage of job (MB)
	231500  -  ResidentSetSize of job (KB)
...
006 (4430510.919.000) 09/09 00:00:10 Image size of job updated: 258932
	227  -  MemoryUsage of job (MB)
	231552  -  ResidentSetSize of job (KB)
...
006 (4430510.919.000) 09/09 00:05:11 Image size of job updated: 260564
	228  -  MemoryUsage of job (MB)
	233216  -  ResidentSetSize of job (KB)
...
006 (4430510.919.000) 09/09 00:10:11 Image size of job updated: 260608
	228  -  MemoryUsage of job (MB)
	233216  -  ResidentSetSize of job (KB)
...
006 (4430510.919.000) 09/09 00:15:11 Image size of job updated: 260616
	228  -  MemoryUsage of job (MB)
	233216  -  ResidentSetSize of job (KB)
...
006 (4430510.919.000) 09/09 01:35:20 Image size of job updated: 262272
	228  -  MemoryUsage of job (MB)
	233216  -  ResidentSetSize of job (KB)
...
006 (4430510.919.000) 09/09 01:40:20 Image size of job updated: 264308
	230  -  MemoryUsage of job (MB)
	234916  -  ResidentSetSize of job (KB)
...
006 (4430510.919.000) 09/09 01:45:20 Image size of job updated: 264320
	230  -  MemoryUsage of job (MB)
	234916  -  ResidentSetSize of job (KB)
...
006 (4430510.919.000) 09/09 01:50:21 Image size of job updated: 265044
	230  -  MemoryUsage of job (MB)
	234916  -  ResidentSetSize of job (KB)
...
006 (4430510.919.000) 09/09 01:55:21 Image size of job updated: 265104
	230  -  MemoryUsage of job (MB)
	234916  -  ResidentSetSize of job (KB)
...
006 (4430510.919.000) 09/09 02:25:24 Image size of job updated: 265104
	231  -  MemoryUsage of job (MB)
	235660  -  ResidentSetSize of job (KB)
...
006 (4430510.919.000) 09/09 02:30:25 Image size of job updated: 265852
	232  -  MemoryUsage of job (MB)
	236548  -  ResidentSetSize of job (KB)
...
006 (4430510.919.000) 09/09 03:00:27 Image size of job updated: 266148
	232  -  MemoryUsage of job (MB)
	236548  -  ResidentSetSize of job (KB)
...
006 (4430510.919.000) 09/09 03:10:28 Image size of job updated: 267064
	232  -  MemoryUsage of job (MB)
	237152  -  ResidentSetSize of job (KB)
...
006 (4430510.919.000) 09/09 03:15:28 Image size of job updated: 268028
	233  -  MemoryUsage of job (MB)
	238028  -  ResidentSetSize of job (KB)
...
006 (4430510.919.000) 09/09 03:25:30 Image size of job updated: 268096
	233  -  MemoryUsage of job (MB)
	238096  -  ResidentSetSize of job (KB)
...
006 (4430510.919.000) 09/09 03:45:32 Image size of job updated: 268836
	233  -  MemoryUsage of job (MB)
	238096  -  ResidentSetSize of job (KB)
...
006 (4430510.919.000) 09/09 04:10:34 Image size of job updated: 271152
	235  -  MemoryUsage of job (MB)
	240552  -  ResidentSetSize of job (KB)
...
006 (4430510.919.000) 09/09 04:15:35 Image size of job updated: 271300
	235  -  MemoryUsage of job (MB)
	240604  -  ResidentSetSize of job (KB)
...
006 (4430510.919.000) 09/09 04:40:38 Image size of job updated: 271748
	235  -  MemoryUsage of job (MB)
	240604  -  ResidentSetSize of job (KB)
...
006 (4430510.919.000) 09/09 05:15:43 Image size of job updated: 274644
	237  -  MemoryUsage of job (MB)
	242440  -  ResidentSetSize of job (KB)
...
006 (4430510.919.000) 09/09 05:35:44 Image size of job updated: 274728
	238  -  MemoryUsage of job (MB)
	242876  -  ResidentSetSize of job (KB)
...
006 (4430510.919.000) 09/09 05:40:44 Image size of job updated: 274788
	238  -  MemoryUsage of job (MB)
	242888  -  ResidentSetSize of job (KB)
...
006 (4430510.919.000) 09/09 06:00:46 Image size of job updated: 275252
	238  -  MemoryUsage of job (MB)
	243352  -  ResidentSetSize of job (KB)
...
006 (4430510.919.000) 09/09 08:21:03 Image size of job updated: 275724
	238  -  MemoryUsage of job (MB)
	243352  -  ResidentSetSize of job (KB)
...
006 (4430510.919.000) 09/09 08:46:05 Image size of job updated: 276408
	238  -  MemoryUsage of job (MB)
	243352  -  ResidentSetSize of job (KB)
...
006 (4430510.919.000) 09/09 08:51:06 Image size of job updated: 276412
	238  -  MemoryUsage of job (MB)
	243352  -  ResidentSetSize of job (KB)
...
006 (4430510.919.000) 09/09 09:46:12 Image size of job updated: 277572
	238  -  MemoryUsage of job (MB)
	243352  -  ResidentSetSize of job (KB)
...
006 (4430510.919.000) 09/09 09:56:13 Image size of job updated: 279088
	239  -  MemoryUsage of job (MB)
	243776  -  ResidentSetSize of job (KB)
...
006 (4430510.919.000) 09/09 10:01:14 Image size of job updated: 279140
	239  -  MemoryUsage of job (MB)
	243788  -  ResidentSetSize of job (KB)
...
006 (4430510.919.000) 09/09 11:11:22 Image size of job updated: 280236
	239  -  MemoryUsage of job (MB)
	243788  -  ResidentSetSize of job (KB)
...
006 (4430510.919.000) 09/09 12:01:26 Image size of job updated: 280364
	239  -  MemoryUsage of job (MB)
	243788  -  ResidentSetSize of job (KB)
...
006 (4430510.919.000) 09/09 12:06:27 Image size of job updated: 280368
	239  -  MemoryUsage of job (MB)
	243788  -  ResidentSetSize of job (KB)
...
006 (4430510.919.000) 09/09 12:16:30 Image size of job updated: 280404
	239  -  MemoryUsage of job (MB)
	243788  -  ResidentSetSize of job (KB)
...
006 (4430510.919.000) 09/09 12:46:32 Image size of job updated: 280916
	239  -  MemoryUsage of job (MB)
	243788  -  ResidentSetSize of job (KB)
...
006 (4430510.919.000) 09/09 12:56:33 Image size of job updated: 280944
	239  -  MemoryUsage of job (MB)
	243788  -  ResidentSetSize of job (KB)
...
006 (4430510.919.000) 09/09 13:16:35 Image size of job updated: 281816
	239  -  MemoryUsage of job (MB)
	243976  -  ResidentSetSize of job (KB)
...
006 (4430510.919.000) 09/09 13:26:37 Image size of job updated: 281920
	239  -  MemoryUsage of job (MB)
	243976  -  ResidentSetSize of job (KB)
...
005 (4430510.919.000) 09/09 13:28:14 Job terminated.
	(1) Normal termination (return value 0)
		Usr 0 14:22:13, Sys 0 00:05:19  -  Run Remote Usage
		Usr 0 00:00:00, Sys 0 00:00:00  -  Run Local Usage
		Usr 0 14:22:13, Sys 0 00:05:19  -  Total Remote Usage
		Usr 0 00:00:00, Sys 0 00:00:00  -  Total Local Usage
	3533724  -  Run Bytes Sent By Job
	17284  -  Run Bytes Received By Job
	3533724  -  Total Bytes Sent By Job
	17284  -  Total Bytes Received By Job
	Partitionable Resources :    Usage  Request Allocated
	   Cpus                 :                 1         1
	   Disk (KB)            : 19054538 26214400  33827076
	   Memory (MB)          :      239      300       300
...
