000 (4430510.060.000) 09/08 09:59:23 Job submitted from host: <128.105.244.190:9618?addrs=128.105.244.190-9618&noUDP&sock=2714685_05e2_3>
...
001 (4430510.060.000) 09/08 11:16:21 Job executing on host: <128.105.245.134:9618?addrs=128.105.245.134-9618+[--1]-9618&noUDP&sock=5505_92a9_3>
...
006 (4430510.060.000) 09/08 11:16:30 Image size of job updated: 476
	1  -  MemoryUsage of job (MB)
	476  -  ResidentSetSize of job (KB)
...
006 (4430510.060.000) 09/08 11:26:32 Image size of job updated: 544
	1  -  MemoryUsage of job (MB)
	544  -  ResidentSetSize of job (KB)
...
006 (4430510.060.000) 09/08 11:41:34 Image size of job updated: 163856
	156  -  MemoryUsage of job (MB)
	159496  -  ResidentSetSize of job (KB)
...
006 (4430510.060.000) 09/08 11:46:34 Image size of job updated: 196812
	188  -  MemoryUsage of job (MB)
	192444  -  ResidentSetSize of job (KB)
...
006 (4430510.060.000) 09/08 11:51:34 Image size of job updated: 196864
	188  -  MemoryUsage of job (MB)
	192456  -  ResidentSetSize of job (KB)
...
006 (4430510.060.000) 09/08 11:56:36 Image size of job updated: 208360
	200  -  MemoryUsage of job (MB)
	203956  -  ResidentSetSize of job (KB)
...
006 (4430510.060.000) 09/08 12:01:37 Image size of job updated: 208368
	200  -  MemoryUsage of job (MB)
	203956  -  ResidentSetSize of job (KB)
...
006 (4430510.060.000) 09/08 12:06:37 Image size of job updated: 211216
	200  -  MemoryUsage of job (MB)
	203956  -  ResidentSetSize of job (KB)
...
006 (4430510.060.000) 09/08 12:26:39 Image size of job updated: 221344
	204  -  MemoryUsage of job (MB)
	207944  -  ResidentSetSize of job (KB)
...
006 (4430510.060.000) 09/08 12:31:41 Image size of job updated: 221396
	204  -  MemoryUsage of job (MB)
	207956  -  ResidentSetSize of job (KB)
...
006 (4430510.060.000) 09/08 12:41:42 Image size of job updated: 240976
	223  -  MemoryUsage of job (MB)
	227540  -  ResidentSetSize of job (KB)
...
006 (4430510.060.000) 09/08 12:46:43 Image size of job updated: 240980
	223  -  MemoryUsage of job (MB)
	227540  -  ResidentSetSize of job (KB)
...
006 (4430510.060.000) 09/08 12:56:44 Image size of job updated: 248940
	231  -  MemoryUsage of job (MB)
	235544  -  ResidentSetSize of job (KB)
...
006 (4430510.060.000) 09/08 13:01:45 Image size of job updated: 248992
	231  -  MemoryUsage of job (MB)
	235556  -  ResidentSetSize of job (KB)
...
006 (4430510.060.000) 09/08 13:06:46 Image size of job updated: 248996
	231  -  MemoryUsage of job (MB)
	235556  -  ResidentSetSize of job (KB)
...
006 (4430510.060.000) 09/08 13:16:46 Image size of job updated: 250964
	232  -  MemoryUsage of job (MB)
	237532  -  ResidentSetSize of job (KB)
...
006 (4430510.060.000) 09/08 13:21:47 Image size of job updated: 250972
	232  -  MemoryUsage of job (MB)
	237532  -  ResidentSetSize of job (KB)
...
006 (4430510.060.000) 09/08 13:31:48 Image size of job updated: 256600
	238  -  MemoryUsage of job (MB)
	243204  -  ResidentSetSize of job (KB)
...
006 (4430510.060.000) 09/08 13:36:48 Image size of job updated: 256652
	238  -  MemoryUsage of job (MB)
	243216  -  ResidentSetSize of job (KB)
...
006 (4430510.060.000) 09/08 13:41:49 Image size of job updated: 256656
	238  -  MemoryUsage of job (MB)
	243216  -  ResidentSetSize of job (KB)
...
006 (4430510.060.000) 09/08 14:36:56 Image size of job updated: 258864
	240  -  MemoryUsage of job (MB)
	245468  -  ResidentSetSize of job (KB)
...
006 (4430510.060.000) 09/08 14:41:56 Image size of job updated: 258920
	240  -  MemoryUsage of job (MB)
	245480  -  ResidentSetSize of job (KB)
...
006 (4430510.060.000) 09/08 14:51:57 Image size of job updated: 259824
	241  -  MemoryUsage of job (MB)
	246428  -  ResidentSetSize of job (KB)
...
006 (4430510.060.000) 09/08 14:56:57 Image size of job updated: 259876
	241  -  MemoryUsage of job (MB)
	246440  -  ResidentSetSize of job (KB)
...
006 (4430510.060.000) 09/08 15:06:57 Image size of job updated: 260072
	241  -  MemoryUsage of job (MB)
	246724  -  ResidentSetSize of job (KB)
...
006 (4430510.060.000) 09/08 15:11:59 Image size of job updated: 260216
	241  -  MemoryUsage of job (MB)
	246776  -  ResidentSetSize of job (KB)
...
006 (4430510.060.000) 09/08 15:27:00 Image size of job updated: 261088
	242  -  MemoryUsage of job (MB)
	247652  -  ResidentSetSize of job (KB)
...
006 (4430510.060.000) 09/08 15:32:00 Image size of job updated: 261092
	242  -  MemoryUsage of job (MB)
	247652  -  ResidentSetSize of job (KB)
...
006 (4430510.060.000) 09/08 15:42:01 Image size of job updated: 262420
	244  -  MemoryUsage of job (MB)
	248988  -  ResidentSetSize of job (KB)
...
006 (4430510.060.000) 09/08 15:47:01 Image size of job updated: 262432
	244  -  MemoryUsage of job (MB)
	248988  -  ResidentSetSize of job (KB)
...
006 (4430510.060.000) 09/08 17:02:09 Image size of job updated: 263680
	245  -  MemoryUsage of job (MB)
	250280  -  ResidentSetSize of job (KB)
...
006 (4430510.060.000) 09/08 17:07:09 Image size of job updated: 263732
	245  -  MemoryUsage of job (MB)
	250292  -  ResidentSetSize of job (KB)
...
006 (4430510.060.000) 09/08 17:17:11 Image size of job updated: 265932
	247  -  MemoryUsage of job (MB)
	252536  -  ResidentSetSize of job (KB)
...
006 (4430510.060.000) 09/08 17:22:11 Image size of job updated: 265988
	247  -  MemoryUsage of job (MB)
	252548  -  ResidentSetSize of job (KB)
...
006 (4430510.060.000) 09/08 17:32:14 Image size of job updated: 266800
	248  -  MemoryUsage of job (MB)
	253360  -  ResidentSetSize of job (KB)
...
006 (4430510.060.000) 09/08 17:37:11 Image size of job updated: 268436
	250  -  MemoryUsage of job (MB)
	255004  -  ResidentSetSize of job (KB)
...
006 (4430510.060.000) 09/08 17:42:11 Image size of job updated: 268440
	250  -  MemoryUsage of job (MB)
	255004  -  ResidentSetSize of job (KB)
...
006 (4430510.060.000) 09/08 18:42:18 Image size of job updated: 270260
	251  -  MemoryUsage of job (MB)
	256864  -  ResidentSetSize of job (KB)
...
006 (4430510.060.000) 09/08 18:47:18 Image size of job updated: 270316
	251  -  MemoryUsage of job (MB)
	256876  -  ResidentSetSize of job (KB)
...
006 (4430510.060.000) 09/08 18:52:19 Image size of job updated: 271128
	252  -  MemoryUsage of job (MB)
	257688  -  ResidentSetSize of job (KB)
...
006 (4430510.060.000) 09/08 20:47:31 Image size of job updated: 272156
	253  -  MemoryUsage of job (MB)
	258720  -  ResidentSetSize of job (KB)
...
006 (4430510.060.000) 09/08 20:52:33 Image size of job updated: 272160
	253  -  MemoryUsage of job (MB)
	258720  -  ResidentSetSize of job (KB)
...
006 (4430510.060.000) 09/08 20:57:33 Image size of job updated: 272316
	253  -  MemoryUsage of job (MB)
	258916  -  ResidentSetSize of job (KB)
...
006 (4430510.060.000) 09/08 21:02:33 Image size of job updated: 272368
	253  -  MemoryUsage of job (MB)
	258928  -  ResidentSetSize of job (KB)
...
006 (4430510.060.000) 09/08 21:57:39 Image size of job updated: 273492
	254  -  MemoryUsage of job (MB)
	259968  -  ResidentSetSize of job (KB)
...
006 (4430510.060.000) 09/08 22:02:39 Image size of job updated: 273548
	254  -  MemoryUsage of job (MB)
	259980  -  ResidentSetSize of job (KB)
...
006 (4430510.060.000) 09/08 23:32:50 Image size of job updated: 274456
	255  -  MemoryUsage of job (MB)
	260932  -  ResidentSetSize of job (KB)
...
006 (4430510.060.000) 09/08 23:37:50 Image size of job updated: 274512
	255  -  MemoryUsage of job (MB)
	260944  -  ResidentSetSize of job (KB)
...
006 (4430510.060.000) 09/09 01:23:00 Image size of job updated: 275580
	256  -  MemoryUsage of job (MB)
	261952  -  ResidentSetSize of job (KB)
...
006 (4430510.060.000) 09/09 01:28:00 Image size of job updated: 275588
	256  -  MemoryUsage of job (MB)
	261952  -  ResidentSetSize of job (KB)
...
006 (4430510.060.000) 09/09 02:33:07 Image size of job updated: 276404
	257  -  MemoryUsage of job (MB)
	262812  -  ResidentSetSize of job (KB)
...
006 (4430510.060.000) 09/09 02:38:09 Image size of job updated: 276460
	257  -  MemoryUsage of job (MB)
	262824  -  ResidentSetSize of job (KB)
...
006 (4430510.060.000) 09/09 02:43:09 Image size of job updated: 276464
	257  -  MemoryUsage of job (MB)
	262824  -  ResidentSetSize of job (KB)
...
006 (4430510.060.000) 09/09 03:28:14 Image size of job updated: 278876
	260  -  MemoryUsage of job (MB)
	265240  -  ResidentSetSize of job (KB)
...
006 (4430510.060.000) 09/09 03:43:16 Image size of job updated: 279008
	260  -  MemoryUsage of job (MB)
	265376  -  ResidentSetSize of job (KB)
...
006 (4430510.060.000) 09/09 03:48:16 Image size of job updated: 279012
	260  -  MemoryUsage of job (MB)
	265376  -  ResidentSetSize of job (KB)
...
006 (4430510.060.000) 09/09 05:58:30 Image size of job updated: 280312
	261  -  MemoryUsage of job (MB)
	266716  -  ResidentSetSize of job (KB)
...
006 (4430510.060.000) 09/09 06:03:30 Image size of job updated: 280364
	261  -  MemoryUsage of job (MB)
	266728  -  ResidentSetSize of job (KB)
...
006 (4430510.060.000) 09/09 06:13:30 Image size of job updated: 281368
	262  -  MemoryUsage of job (MB)
	267556  -  ResidentSetSize of job (KB)
...
006 (4430510.060.000) 09/09 06:53:33 Image size of job updated: 282484
	263  -  MemoryUsage of job (MB)
	268848  -  ResidentSetSize of job (KB)
...
006 (4430510.060.000) 09/09 07:08:35 Image size of job updated: 284184
	265  -  MemoryUsage of job (MB)
	270552  -  ResidentSetSize of job (KB)
...
006 (4430510.060.000) 09/09 07:13:35 Image size of job updated: 284188
	265  -  MemoryUsage of job (MB)
	270552  -  ResidentSetSize of job (KB)
...
006 (4430510.060.000) 09/09 08:53:46 Image size of job updated: 285568
	266  -  MemoryUsage of job (MB)
	271936  -  ResidentSetSize of job (KB)
...
006 (4430510.060.000) 09/09 08:58:47 Image size of job updated: 285572
	266  -  MemoryUsage of job (MB)
	271936  -  ResidentSetSize of job (KB)
...
005 (4430510.060.000) 09/09 09:06:31 Job terminated.
	(1) Normal termination (return value 0)
		Usr 0 21:01:57, Sys 0 00:05:13  -  Run Remote Usage
		Usr 0 00:00:00, Sys 0 00:00:00  -  Run Local Usage
		Usr 0 21:01:57, Sys 0 00:05:13  -  Total Remote Usage
		Usr 0 00:00:00, Sys 0 00:00:00  -  Total Local Usage
	3533247  -  Run Bytes Sent By Job
	17284  -  Run Bytes Received By Job
	3533247  -  Total Bytes Sent By Job
	17284  -  Total Bytes Received By Job
	Partitionable Resources :    Usage  Request Allocated
	   Cpus                 :                 1         1
	   Disk (KB)            : 21034017 26214400  28522813
	   Ioheavy              :                           1
	   Memory (MB)          :      266      300       300
...
