000 (4430510.078.000) 09/08 09:59:23 Job submitted from host: <128.105.244.190:9618?addrs=128.105.244.190-9618&noUDP&sock=2714685_05e2_3>
...
001 (4430510.078.000) 09/08 11:16:21 Job executing on host: <128.105.245.217:9618?addrs=128.105.245.217-9618+[--1]-9618&noUDP&sock=5509_d8f3_3>
...
006 (4430510.078.000) 09/08 11:16:29 Image size of job updated: 468
	1  -  MemoryUsage of job (MB)
	468  -  ResidentSetSize of job (KB)
...
006 (4430510.078.000) 09/08 11:26:30 Image size of job updated: 540
	1  -  MemoryUsage of job (MB)
	540  -  ResidentSetSize of job (KB)
...
006 (4430510.078.000) 09/08 12:11:33 Image size of job updated: 17440
	17  -  MemoryUsage of job (MB)
	16472  -  ResidentSetSize of job (KB)
...
006 (4430510.078.000) 09/08 12:16:33 Image size of job updated: 152368
	145  -  MemoryUsage of job (MB)
	147972  -  ResidentSetSize of job (KB)
...
006 (4430510.078.000) 09/08 12:21:33 Image size of job updated: 201140
	193  -  MemoryUsage of job (MB)
	196740  -  ResidentSetSize of job (KB)
...
006 (4430510.078.000) 09/08 12:31:36 Image size of job updated: 208044
	199  -  MemoryUsage of job (MB)
	203640  -  ResidentSetSize of job (KB)
...
006 (4430510.078.000) 09/08 12:36:36 Image size of job updated: 217612
	209  -  MemoryUsage of job (MB)
	213252  -  ResidentSetSize of job (KB)
...
006 (4430510.078.000) 09/08 12:41:36 Image size of job updated: 217664
	209  -  MemoryUsage of job (MB)
	213264  -  ResidentSetSize of job (KB)
...
006 (4430510.078.000) 09/08 13:01:39 Image size of job updated: 243880
	234  -  MemoryUsage of job (MB)
	239564  -  ResidentSetSize of job (KB)
...
006 (4430510.078.000) 09/08 13:06:39 Image size of job updated: 244024
	234  -  MemoryUsage of job (MB)
	239616  -  ResidentSetSize of job (KB)
...
006 (4430510.078.000) 09/08 13:11:39 Image size of job updated: 244828
	235  -  MemoryUsage of job (MB)
	240420  -  ResidentSetSize of job (KB)
...
006 (4430510.078.000) 09/08 13:16:41 Image size of job updated: 248204
	239  -  MemoryUsage of job (MB)
	243796  -  ResidentSetSize of job (KB)
...
006 (4430510.078.000) 09/08 13:56:44 Image size of job updated: 255972
	239  -  MemoryUsage of job (MB)
	243796  -  ResidentSetSize of job (KB)
...
006 (4430510.078.000) 09/08 14:01:44 Image size of job updated: 255980
	239  -  MemoryUsage of job (MB)
	243796  -  ResidentSetSize of job (KB)
...
006 (4430510.078.000) 09/08 14:06:45 Image size of job updated: 256264
	239  -  MemoryUsage of job (MB)
	243796  -  ResidentSetSize of job (KB)
...
006 (4430510.078.000) 09/08 14:11:46 Image size of job updated: 256320
	239  -  MemoryUsage of job (MB)
	243796  -  ResidentSetSize of job (KB)
...
006 (4430510.078.000) 09/08 14:21:46 Image size of job updated: 259944
	239  -  MemoryUsage of job (MB)
	243796  -  ResidentSetSize of job (KB)
...
006 (4430510.078.000) 09/08 14:31:46 Image size of job updated: 259980
	239  -  MemoryUsage of job (MB)
	243796  -  ResidentSetSize of job (KB)
...
006 (4430510.078.000) 09/08 14:36:48 Image size of job updated: 260036
	239  -  MemoryUsage of job (MB)
	243796  -  ResidentSetSize of job (KB)
...
006 (4430510.078.000) 09/08 14:41:48 Image size of job updated: 260848
	239  -  MemoryUsage of job (MB)
	243796  -  ResidentSetSize of job (KB)
...
006 (4430510.078.000) 09/08 15:01:50 Image size of job updated: 261352
	239  -  MemoryUsage of job (MB)
	243796  -  ResidentSetSize of job (KB)
...
006 (4430510.078.000) 09/08 15:16:51 Image size of job updated: 261972
	239  -  MemoryUsage of job (MB)
	243796  -  ResidentSetSize of job (KB)
...
006 (4430510.078.000) 09/08 15:21:52 Image size of job updated: 261976
	239  -  MemoryUsage of job (MB)
	243796  -  ResidentSetSize of job (KB)
...
006 (4430510.078.000) 09/08 15:36:54 Image size of job updated: 262676
	239  -  MemoryUsage of job (MB)
	243796  -  ResidentSetSize of job (KB)
...
006 (4430510.078.000) 09/08 16:01:58 Image size of job updated: 263172
	239  -  MemoryUsage of job (MB)
	243796  -  ResidentSetSize of job (KB)
...
006 (4430510.078.000) 09/08 16:06:59 Image size of job updated: 263224
	239  -  MemoryUsage of job (MB)
	243796  -  ResidentSetSize of job (KB)
...
006 (4430510.078.000) 09/08 16:11:59 Image size of job updated: 263944
	239  -  MemoryUsage of job (MB)
	243796  -  ResidentSetSize of job (KB)
...
006 (4430510.078.000) 09/08 16:16:59 Image size of job updated: 264756
	239  -  MemoryUsage of job (MB)
	243796  -  ResidentSetSize of job (KB)
...
006 (4430510.078.000) 09/08 16:21:59 Image size of job updated: 264916
	239  -  MemoryUsage of job (MB)
	243796  -  ResidentSetSize of job (KB)
...
006 (4430510.078.000) 09/08 16:26:59 Image size of job updated: 265612
	239  -  MemoryUsage of job (MB)
	243796  -  ResidentSetSize of job (KB)
...
006 (4430510.078.000) 09/08 16:31:59 Image size of job updated: 265664
	239  -  MemoryUsage of job (MB)
	243796  -  ResidentSetSize of job (KB)
...
006 (4430510.078.000) 09/08 16:41:59 Image size of job updated: 266160
	239  -  MemoryUsage of job (MB)
	243796  -  ResidentSetSize of job (KB)
...
006 (4430510.078.000) 09/08 16:46:59 Image size of job updated: 266304
	239  -  MemoryUsage of job (MB)
	243796  -  ResidentSetSize of job (KB)
...
006 (4430510.078.000) 09/08 17:02:02 Image size of job updated: 266316
	239  -  MemoryUsage of job (MB)
	243796  -  ResidentSetSize of job (KB)
...
006 (4430510.078.000) 09/08 17:07:03 Image size of job updated: 266768
	239  -  MemoryUsage of job (MB)
	243796  -  ResidentSetSize of job (KB)
...
006 (4430510.078.000) 09/08 17:12:04 Image size of job updated: 266820
	239  -  MemoryUsage of job (MB)
	243796  -  ResidentSetSize of job (KB)
...
006 (4430510.078.000) 09/08 17:17:06 Image size of job updated: 268032
	239  -  MemoryUsage of job (MB)
	243796  -  ResidentSetSize of job (KB)
...
006 (4430510.078.000) 09/08 17:22:06 Image size of job updated: 268036
	239  -  MemoryUsage of job (MB)
	243796  -  ResidentSetSize of job (KB)
...
006 (4430510.078.000) 09/08 17:32:06 Image size of job updated: 268620
	239  -  MemoryUsage of job (MB)
	243796  -  ResidentSetSize of job (KB)
...
006 (4430510.078.000) 09/08 17:37:06 Image size of job updated: 268860
	239  -  MemoryUsage of job (MB)
	243796  -  ResidentSetSize of job (KB)
...
006 (4430510.078.000) 09/08 17:52:09 Image size of job updated: 269132
	239  -  MemoryUsage of job (MB)
	243796  -  ResidentSetSize of job (KB)
...
006 (4430510.078.000) 09/08 18:02:09 Image size of job updated: 269548
	239  -  MemoryUsage of job (MB)
	243796  -  ResidentSetSize of job (KB)
...
006 (4430510.078.000) 09/08 18:07:10 Image size of job updated: 270908
	239  -  MemoryUsage of job (MB)
	243796  -  ResidentSetSize of job (KB)
...
006 (4430510.078.000) 09/08 18:12:11 Image size of job updated: 271056
	239  -  MemoryUsage of job (MB)
	243796  -  ResidentSetSize of job (KB)
...
006 (4430510.078.000) 09/08 18:17:11 Image size of job updated: 272824
	239  -  MemoryUsage of job (MB)
	244364  -  ResidentSetSize of job (KB)
...
006 (4430510.078.000) 09/08 18:22:11 Image size of job updated: 272876
	239  -  MemoryUsage of job (MB)
	244376  -  ResidentSetSize of job (KB)
...
006 (4430510.078.000) 09/08 19:22:15 Image size of job updated: 273812
	240  -  MemoryUsage of job (MB)
	245312  -  ResidentSetSize of job (KB)
...
006 (4430510.078.000) 09/08 19:57:19 Image size of job updated: 274064
	240  -  MemoryUsage of job (MB)
	245564  -  ResidentSetSize of job (KB)
...
006 (4430510.078.000) 09/08 20:32:24 Image size of job updated: 274244
	240  -  MemoryUsage of job (MB)
	245744  -  ResidentSetSize of job (KB)
...
006 (4430510.078.000) 09/08 20:37:24 Image size of job updated: 274920
	241  -  MemoryUsage of job (MB)
	246420  -  ResidentSetSize of job (KB)
...
006 (4430510.078.000) 09/08 20:42:24 Image size of job updated: 275668
	242  -  MemoryUsage of job (MB)
	247168  -  ResidentSetSize of job (KB)
...
006 (4430510.078.000) 09/08 20:47:25 Image size of job updated: 276004
	242  -  MemoryUsage of job (MB)
	247548  -  ResidentSetSize of job (KB)
...
006 (4430510.078.000) 09/08 20:52:27 Image size of job updated: 276064
	242  -  MemoryUsage of job (MB)
	247560  -  ResidentSetSize of job (KB)
...
006 (4430510.078.000) 09/08 21:27:31 Image size of job updated: 276752
	243  -  MemoryUsage of job (MB)
	248252  -  ResidentSetSize of job (KB)
...
006 (4430510.078.000) 09/08 21:32:31 Image size of job updated: 278396
	245  -  MemoryUsage of job (MB)
	249936  -  ResidentSetSize of job (KB)
...
006 (4430510.078.000) 09/08 21:37:31 Image size of job updated: 278448
	245  -  MemoryUsage of job (MB)
	249948  -  ResidentSetSize of job (KB)
...
006 (4430510.078.000) 09/08 23:12:37 Image size of job updated: 279432
	246  -  MemoryUsage of job (MB)
	250932  -  ResidentSetSize of job (KB)
...
006 (4430510.078.000) 09/08 23:17:37 Image size of job updated: 280220
	246  -  MemoryUsage of job (MB)
	251720  -  ResidentSetSize of job (KB)
...
006 (4430510.078.000) 09/09 00:07:44 Image size of job updated: 280672
	247  -  MemoryUsage of job (MB)
	252172  -  ResidentSetSize of job (KB)
...
006 (4430510.078.000) 09/09 00:22:47 Image size of job updated: 281004
	247  -  MemoryUsage of job (MB)
	252508  -  ResidentSetSize of job (KB)
...
006 (4430510.078.000) 09/09 00:27:48 Image size of job updated: 281412
	247  -  MemoryUsage of job (MB)
	252912  -  ResidentSetSize of job (KB)
...
006 (4430510.078.000) 09/09 00:37:50 Image size of job updated: 282184
	248  -  MemoryUsage of job (MB)
	253724  -  ResidentSetSize of job (KB)
...
006 (4430510.078.000) 09/09 00:42:51 Image size of job updated: 282236
	248  -  MemoryUsage of job (MB)
	253736  -  ResidentSetSize of job (KB)
...
005 (4430510.078.000) 09/09 00:46:21 Job terminated.
	(1) Normal termination (return value 0)
		Usr 0 12:28:28, Sys 0 00:02:59  -  Run Remote Usage
		Usr 0 00:00:00, Sys 0 00:00:00  -  Run Local Usage
		Usr 0 12:28:28, Sys 0 00:02:59  -  Total Remote Usage
		Usr 0 00:00:00, Sys 0 00:00:00  -  Total Local Usage
	3532669  -  Run Bytes Sent By Job
	17284  -  Run Bytes Received By Job
	3532669  -  Total Bytes Sent By Job
	17284  -  Total Bytes Received By Job
	Partitionable Resources :    Usage  Request Allocated
	   Cpus                 :                 1         1
	   Disk (KB)            : 20863971 26214400  27646164
	   Ioheavy              :                           1
	   Memory (MB)          :      248      300       300
...
