ERROR in MURE::BuildXSDIR()
	 Some nuclei have troubles, see transcript U5_1.2_8_94_P6_0.06_8_0.16_9_1.7_0_1.1_1_0.24_2_0.86_A1_0.41_P_16/inp000.err for more details.
ERROR in MURE::BuildMCNPFile
	 Some nuclei have troubles, see transcript U5_1.2_8_94_P6_0.06_8_0.16_9_1.7_0_1.1_1_0.24_2_0.86_A1_0.41_P_16/inp000.err for more details.
ERROR in MURE::WriteMaterial(ostream &Out)
	 Some nuclei have troubles, see transcript U5_1.2_8_94_P6_0.06_8_0.16_9_1.7_0_1.1_1_0.24_2_0.86_A1_0.41_P_16/inp000.err for more details.
ERROR in MURE::BuildMCNPFile
	 Some nuclei have troubles, see transcript U5_1.2_8_94_P6_0.06_8_0.16_9_1.7_0_1.1_1_0.24_2_0.86_A1_0.41_P_16/inp001.err for more details.
ERROR in MURE::WriteMaterial(ostream &Out)
	 Some nuclei have troubles, see transcript U5_1.2_8_94_P6_0.06_8_0.16_9_1.7_0_1.1_1_0.24_2_0.86_A1_0.41_P_16/inp001.err for more details.
ERROR in MURE::BuildMCNPFile
	 Some nuclei have troubles, see transcript U5_1.2_8_94_P6_0.06_8_0.16_9_1.7_0_1.1_1_0.24_2_0.86_A1_0.41_P_16/inp002.err for more details.
ERROR in MURE::WriteMaterial(ostream &Out)
	 Some nuclei have troubles, see transcript U5_1.2_8_94_P6_0.06_8_0.16_9_1.7_0_1.1_1_0.24_2_0.86_A1_0.41_P_16/inp002.err for more details.
ERROR in MURE::BuildMCNPFile
	 Some nuclei have troubles, see transcript U5_1.2_8_94_P6_0.06_8_0.16_9_1.7_0_1.1_1_0.24_2_0.86_A1_0.41_P_16/inp003.err for more details.
ERROR in MURE::WriteMaterial(ostream &Out)
	 Some nuclei have troubles, see transcript U5_1.2_8_94_P6_0.06_8_0.16_9_1.7_0_1.1_1_0.24_2_0.86_A1_0.41_P_16/inp003.err for more details.
ERROR in MURE::BuildMCNPFile
	 Some nuclei have troubles, see transcript U5_1.2_8_94_P6_0.06_8_0.16_9_1.7_0_1.1_1_0.24_2_0.86_A1_0.41_P_16/inp004.err for more details.
ERROR in MURE::WriteMaterial(ostream &Out)
	 Some nuclei have troubles, see transcript U5_1.2_8_94_P6_0.06_8_0.16_9_1.7_0_1.1_1_0.24_2_0.86_A1_0.41_P_16/inp004.err for more details.
ERROR in MURE::BuildMCNPFile
	 Some nuclei have troubles, see transcript U5_1.2_8_94_P6_0.06_8_0.16_9_1.7_0_1.1_1_0.24_2_0.86_A1_0.41_P_16/inp005.err for more details.
ERROR in MURE::WriteMaterial(ostream &Out)
	 Some nuclei have troubles, see transcript U5_1.2_8_94_P6_0.06_8_0.16_9_1.7_0_1.1_1_0.24_2_0.86_A1_0.41_P_16/inp005.err for more details.
ERROR in MURE::BuildMCNPFile
	 Some nuclei have troubles, see transcript U5_1.2_8_94_P6_0.06_8_0.16_9_1.7_0_1.1_1_0.24_2_0.86_A1_0.41_P_16/inp006.err for more details.
ERROR in MURE::WriteMaterial(ostream &Out)
	 Some nuclei have troubles, see transcript U5_1.2_8_94_P6_0.06_8_0.16_9_1.7_0_1.1_1_0.24_2_0.86_A1_0.41_P_16/inp006.err for more details.
ERROR in MURE::BuildMCNPFile
	 Some nuclei have troubles, see transcript U5_1.2_8_94_P6_0.06_8_0.16_9_1.7_0_1.1_1_0.24_2_0.86_A1_0.41_P_16/inp007.err for more details.
ERROR in MURE::WriteMaterial(ostream &Out)
	 Some nuclei have troubles, see transcript U5_1.2_8_94_P6_0.06_8_0.16_9_1.7_0_1.1_1_0.24_2_0.86_A1_0.41_P_16/inp007.err for more details.
ERROR in MURE::BuildMCNPFile
	 Some nuclei have troubles, see transcript U5_1.2_8_94_P6_0.06_8_0.16_9_1.7_0_1.1_1_0.24_2_0.86_A1_0.41_P_16/inp008.err for more details.
ERROR in MURE::WriteMaterial(ostream &Out)
	 Some nuclei have troubles, see transcript U5_1.2_8_94_P6_0.06_8_0.16_9_1.7_0_1.1_1_0.24_2_0.86_A1_0.41_P_16/inp008.err for more details.
ERROR in MURE::BuildMCNPFile
	 Some nuclei have troubles, see transcript U5_1.2_8_94_P6_0.06_8_0.16_9_1.7_0_1.1_1_0.24_2_0.86_A1_0.41_P_16/inp009.err for more details.
ERROR in MURE::WriteMaterial(ostream &Out)
	 Some nuclei have troubles, see transcript U5_1.2_8_94_P6_0.06_8_0.16_9_1.7_0_1.1_1_0.24_2_0.86_A1_0.41_P_16/inp009.err for more details.
ERROR in MURE::BuildMCNPFile
	 Some nuclei have troubles, see transcript U5_1.2_8_94_P6_0.06_8_0.16_9_1.7_0_1.1_1_0.24_2_0.86_A1_0.41_P_16/inp010.err for more details.
ERROR in MURE::WriteMaterial(ostream &Out)
	 Some nuclei have troubles, see transcript U5_1.2_8_94_P6_0.06_8_0.16_9_1.7_0_1.1_1_0.24_2_0.86_A1_0.41_P_16/inp010.err for more details.
ERROR in MURE::BuildMCNPFile
	 Some nuclei have troubles, see transcript U5_1.2_8_94_P6_0.06_8_0.16_9_1.7_0_1.1_1_0.24_2_0.86_A1_0.41_P_16/inp011.err for more details.
ERROR in MURE::WriteMaterial(ostream &Out)
	 Some nuclei have troubles, see transcript U5_1.2_8_94_P6_0.06_8_0.16_9_1.7_0_1.1_1_0.24_2_0.86_A1_0.41_P_16/inp011.err for more details.
ERROR in MURE::BuildMCNPFile
	 Some nuclei have troubles, see transcript U5_1.2_8_94_P6_0.06_8_0.16_9_1.7_0_1.1_1_0.24_2_0.86_A1_0.41_P_16/inp012.err for more details.
ERROR in MURE::WriteMaterial(ostream &Out)
	 Some nuclei have troubles, see transcript U5_1.2_8_94_P6_0.06_8_0.16_9_1.7_0_1.1_1_0.24_2_0.86_A1_0.41_P_16/inp012.err for more details.
ERROR in MURE::BuildMCNPFile
	 Some nuclei have troubles, see transcript U5_1.2_8_94_P6_0.06_8_0.16_9_1.7_0_1.1_1_0.24_2_0.86_A1_0.41_P_16/inp013.err for more details.
ERROR in MURE::WriteMaterial(ostream &Out)
	 Some nuclei have troubles, see transcript U5_1.2_8_94_P6_0.06_8_0.16_9_1.7_0_1.1_1_0.24_2_0.86_A1_0.41_P_16/inp013.err for more details.
ERROR in MURE::BuildMCNPFile
	 Some nuclei have troubles, see transcript U5_1.2_8_94_P6_0.06_8_0.16_9_1.7_0_1.1_1_0.24_2_0.86_A1_0.41_P_16/inp014.err for more details.
ERROR in MURE::WriteMaterial(ostream &Out)
	 Some nuclei have troubles, see transcript U5_1.2_8_94_P6_0.06_8_0.16_9_1.7_0_1.1_1_0.24_2_0.86_A1_0.41_P_16/inp014.err for more details.
ERROR in MURE::BuildMCNPFile
	 Some nuclei have troubles, see transcript U5_1.2_8_94_P6_0.06_8_0.16_9_1.7_0_1.1_1_0.24_2_0.86_A1_0.41_P_16/inp015.err for more details.
ERROR in MURE::WriteMaterial(ostream &Out)
	 Some nuclei have troubles, see transcript U5_1.2_8_94_P6_0.06_8_0.16_9_1.7_0_1.1_1_0.24_2_0.86_A1_0.41_P_16/inp015.err for more details.
ERROR in MURE::BuildMCNPFile
	 Some nuclei have troubles, see transcript U5_1.2_8_94_P6_0.06_8_0.16_9_1.7_0_1.1_1_0.24_2_0.86_A1_0.41_P_16/inp016.err for more details.
ERROR in MURE::WriteMaterial(ostream &Out)
	 Some nuclei have troubles, see transcript U5_1.2_8_94_P6_0.06_8_0.16_9_1.7_0_1.1_1_0.24_2_0.86_A1_0.41_P_16/inp016.err for more details.
ERROR in MURE::BuildMCNPFile
	 Some nuclei have troubles, see transcript U5_1.2_8_94_P6_0.06_8_0.16_9_1.7_0_1.1_1_0.24_2_0.86_A1_0.41_P_16/inp017.err for more details.
ERROR in MURE::WriteMaterial(ostream &Out)
	 Some nuclei have troubles, see transcript U5_1.2_8_94_P6_0.06_8_0.16_9_1.7_0_1.1_1_0.24_2_0.86_A1_0.41_P_16/inp017.err for more details.
ERROR in MURE::BuildMCNPFile
	 Some nuclei have troubles, see transcript U5_1.2_8_94_P6_0.06_8_0.16_9_1.7_0_1.1_1_0.24_2_0.86_A1_0.41_P_16/inp018.err for more details.
ERROR in MURE::WriteMaterial(ostream &Out)
	 Some nuclei have troubles, see transcript U5_1.2_8_94_P6_0.06_8_0.16_9_1.7_0_1.1_1_0.24_2_0.86_A1_0.41_P_16/inp018.err for more details.
ERROR in MURE::BuildMCNPFile
	 Some nuclei have troubles, see transcript U5_1.2_8_94_P6_0.06_8_0.16_9_1.7_0_1.1_1_0.24_2_0.86_A1_0.41_P_16/inp019.err for more details.
ERROR in MURE::WriteMaterial(ostream &Out)
	 Some nuclei have troubles, see transcript U5_1.2_8_94_P6_0.06_8_0.16_9_1.7_0_1.1_1_0.24_2_0.86_A1_0.41_P_16/inp019.err for more details.
ERROR in MURE::BuildMCNPFile
	 Some nuclei have troubles, see transcript U5_1.2_8_94_P6_0.06_8_0.16_9_1.7_0_1.1_1_0.24_2_0.86_A1_0.41_P_16/inp020.err for more details.
ERROR in MURE::WriteMaterial(ostream &Out)
	 Some nuclei have troubles, see transcript U5_1.2_8_94_P6_0.06_8_0.16_9_1.7_0_1.1_1_0.24_2_0.86_A1_0.41_P_16/inp020.err for more details.
ERROR in MURE::BuildMCNPFile
	 Some nuclei have troubles, see transcript U5_1.2_8_94_P6_0.06_8_0.16_9_1.7_0_1.1_1_0.24_2_0.86_A1_0.41_P_16/inp021.err for more details.
ERROR in MURE::WriteMaterial(ostream &Out)
	 Some nuclei have troubles, see transcript U5_1.2_8_94_P6_0.06_8_0.16_9_1.7_0_1.1_1_0.24_2_0.86_A1_0.41_P_16/inp021.err for more details.
ERROR in MURE::BuildMCNPFile
	 Some nuclei have troubles, see transcript U5_1.2_8_94_P6_0.06_8_0.16_9_1.7_0_1.1_1_0.24_2_0.86_A1_0.41_P_16/inp022.err for more details.
ERROR in MURE::WriteMaterial(ostream &Out)
	 Some nuclei have troubles, see transcript U5_1.2_8_94_P6_0.06_8_0.16_9_1.7_0_1.1_1_0.24_2_0.86_A1_0.41_P_16/inp022.err for more details.
ERROR in MURE::BuildMCNPFile
	 Some nuclei have troubles, see transcript U5_1.2_8_94_P6_0.06_8_0.16_9_1.7_0_1.1_1_0.24_2_0.86_A1_0.41_P_16/inp023.err for more details.
ERROR in MURE::WriteMaterial(ostream &Out)
	 Some nuclei have troubles, see transcript U5_1.2_8_94_P6_0.06_8_0.16_9_1.7_0_1.1_1_0.24_2_0.86_A1_0.41_P_16/inp023.err for more details.
ERROR in MURE::BuildMCNPFile
	 Some nuclei have troubles, see transcript U5_1.2_8_94_P6_0.06_8_0.16_9_1.7_0_1.1_1_0.24_2_0.86_A1_0.41_P_16/inp024.err for more details.
ERROR in MURE::WriteMaterial(ostream &Out)
	 Some nuclei have troubles, see transcript U5_1.2_8_94_P6_0.06_8_0.16_9_1.7_0_1.1_1_0.24_2_0.86_A1_0.41_P_16/inp024.err for more details.
ERROR in MURE::BuildMCNPFile
	 Some nuclei have troubles, see transcript U5_1.2_8_94_P6_0.06_8_0.16_9_1.7_0_1.1_1_0.24_2_0.86_A1_0.41_P_16/inp025.err for more details.
ERROR in MURE::WriteMaterial(ostream &Out)
	 Some nuclei have troubles, see transcript U5_1.2_8_94_P6_0.06_8_0.16_9_1.7_0_1.1_1_0.24_2_0.86_A1_0.41_P_16/inp025.err for more details.
ERROR in MURE::BuildMCNPFile
	 Some nuclei have troubles, see transcript U5_1.2_8_94_P6_0.06_8_0.16_9_1.7_0_1.1_1_0.24_2_0.86_A1_0.41_P_16/inp026.err for more details.
ERROR in MURE::WriteMaterial(ostream &Out)
	 Some nuclei have troubles, see transcript U5_1.2_8_94_P6_0.06_8_0.16_9_1.7_0_1.1_1_0.24_2_0.86_A1_0.41_P_16/inp026.err for more details.
ERROR in MURE::BuildMCNPFile
	 Some nuclei have troubles, see transcript U5_1.2_8_94_P6_0.06_8_0.16_9_1.7_0_1.1_1_0.24_2_0.86_A1_0.41_P_16/inp027.err for more details.
ERROR in MURE::WriteMaterial(ostream &Out)
	 Some nuclei have troubles, see transcript U5_1.2_8_94_P6_0.06_8_0.16_9_1.7_0_1.1_1_0.24_2_0.86_A1_0.41_P_16/inp027.err for more details.
ERROR in MURE::BuildMCNPFile
	 Some nuclei have troubles, see transcript U5_1.2_8_94_P6_0.06_8_0.16_9_1.7_0_1.1_1_0.24_2_0.86_A1_0.41_P_16/inp028.err for more details.
ERROR in MURE::WriteMaterial(ostream &Out)
	 Some nuclei have troubles, see transcript U5_1.2_8_94_P6_0.06_8_0.16_9_1.7_0_1.1_1_0.24_2_0.86_A1_0.41_P_16/inp028.err for more details.
ERROR in MURE::BuildMCNPFile
	 Some nuclei have troubles, see transcript U5_1.2_8_94_P6_0.06_8_0.16_9_1.7_0_1.1_1_0.24_2_0.86_A1_0.41_P_16/inp029.err for more details.
ERROR in MURE::WriteMaterial(ostream &Out)
	 Some nuclei have troubles, see transcript U5_1.2_8_94_P6_0.06_8_0.16_9_1.7_0_1.1_1_0.24_2_0.86_A1_0.41_P_16/inp029.err for more details.
ERROR in MURE::BuildMCNPFile
	 Some nuclei have troubles, see transcript U5_1.2_8_94_P6_0.06_8_0.16_9_1.7_0_1.1_1_0.24_2_0.86_A1_0.41_P_16/inp030.err for more details.
ERROR in MURE::WriteMaterial(ostream &Out)
	 Some nuclei have troubles, see transcript U5_1.2_8_94_P6_0.06_8_0.16_9_1.7_0_1.1_1_0.24_2_0.86_A1_0.41_P_16/inp030.err for more details.
ERROR in MURE::BuildMCNPFile
	 Some nuclei have troubles, see transcript U5_1.2_8_94_P6_0.06_8_0.16_9_1.7_0_1.1_1_0.24_2_0.86_A1_0.41_P_16/inp031.err for more details.
ERROR in MURE::WriteMaterial(ostream &Out)
	 Some nuclei have troubles, see transcript U5_1.2_8_94_P6_0.06_8_0.16_9_1.7_0_1.1_1_0.24_2_0.86_A1_0.41_P_16/inp031.err for more details.
ERROR in MURE::BuildMCNPFile
	 Some nuclei have troubles, see transcript U5_1.2_8_94_P6_0.06_8_0.16_9_1.7_0_1.1_1_0.24_2_0.86_A1_0.41_P_16/inp032.err for more details.
ERROR in MURE::WriteMaterial(ostream &Out)
	 Some nuclei have troubles, see transcript U5_1.2_8_94_P6_0.06_8_0.16_9_1.7_0_1.1_1_0.24_2_0.86_A1_0.41_P_16/inp032.err for more details.
ERROR in MURE::BuildMCNPFile
	 Some nuclei have troubles, see transcript U5_1.2_8_94_P6_0.06_8_0.16_9_1.7_0_1.1_1_0.24_2_0.86_A1_0.41_P_16/inp033.err for more details.
ERROR in MURE::WriteMaterial(ostream &Out)
	 Some nuclei have troubles, see transcript U5_1.2_8_94_P6_0.06_8_0.16_9_1.7_0_1.1_1_0.24_2_0.86_A1_0.41_P_16/inp033.err for more details.
ERROR in MURE::BuildMCNPFile
	 Some nuclei have troubles, see transcript U5_1.2_8_94_P6_0.06_8_0.16_9_1.7_0_1.1_1_0.24_2_0.86_A1_0.41_P_16/inp034.err for more details.
ERROR in MURE::WriteMaterial(ostream &Out)
	 Some nuclei have troubles, see transcript U5_1.2_8_94_P6_0.06_8_0.16_9_1.7_0_1.1_1_0.24_2_0.86_A1_0.41_P_16/inp034.err for more details.
ERROR in MURE::BuildMCNPFile
	 Some nuclei have troubles, see transcript U5_1.2_8_94_P6_0.06_8_0.16_9_1.7_0_1.1_1_0.24_2_0.86_A1_0.41_P_16/inp035.err for more details.
ERROR in MURE::WriteMaterial(ostream &Out)
	 Some nuclei have troubles, see transcript U5_1.2_8_94_P6_0.06_8_0.16_9_1.7_0_1.1_1_0.24_2_0.86_A1_0.41_P_16/inp035.err for more details.
ERROR in MURE::BuildMCNPFile
	 Some nuclei have troubles, see transcript U5_1.2_8_94_P6_0.06_8_0.16_9_1.7_0_1.1_1_0.24_2_0.86_A1_0.41_P_16/inp036.err for more details.
ERROR in MURE::WriteMaterial(ostream &Out)
	 Some nuclei have troubles, see transcript U5_1.2_8_94_P6_0.06_8_0.16_9_1.7_0_1.1_1_0.24_2_0.86_A1_0.41_P_16/inp036.err for more details.
ERROR in MURE::BuildMCNPFile
	 Some nuclei have troubles, see transcript U5_1.2_8_94_P6_0.06_8_0.16_9_1.7_0_1.1_1_0.24_2_0.86_A1_0.41_P_16/inp037.err for more details.
ERROR in MURE::WriteMaterial(ostream &Out)
	 Some nuclei have troubles, see transcript U5_1.2_8_94_P6_0.06_8_0.16_9_1.7_0_1.1_1_0.24_2_0.86_A1_0.41_P_16/inp037.err for more details.
ERROR in MURE::BuildMCNPFile
	 Some nuclei have troubles, see transcript U5_1.2_8_94_P6_0.06_8_0.16_9_1.7_0_1.1_1_0.24_2_0.86_A1_0.41_P_16/inp038.err for more details.
ERROR in MURE::WriteMaterial(ostream &Out)
	 Some nuclei have troubles, see transcript U5_1.2_8_94_P6_0.06_8_0.16_9_1.7_0_1.1_1_0.24_2_0.86_A1_0.41_P_16/inp038.err for more details.
ERROR in MURE::BuildMCNPFile
	 Some nuclei have troubles, see transcript U5_1.2_8_94_P6_0.06_8_0.16_9_1.7_0_1.1_1_0.24_2_0.86_A1_0.41_P_16/inp039.err for more details.
ERROR in MURE::WriteMaterial(ostream &Out)
	 Some nuclei have troubles, see transcript U5_1.2_8_94_P6_0.06_8_0.16_9_1.7_0_1.1_1_0.24_2_0.86_A1_0.41_P_16/inp039.err for more details.
ERROR in MURE::BuildMCNPFile
	 Some nuclei have troubles, see transcript U5_1.2_8_94_P6_0.06_8_0.16_9_1.7_0_1.1_1_0.24_2_0.86_A1_0.41_P_16/inp040.err for more details.
ERROR in MURE::WriteMaterial(ostream &Out)
	 Some nuclei have troubles, see transcript U5_1.2_8_94_P6_0.06_8_0.16_9_1.7_0_1.1_1_0.24_2_0.86_A1_0.41_P_16/inp040.err for more details.
ERROR in MURE::BuildMCNPFile
	 Some nuclei have troubles, see transcript U5_1.2_8_94_P6_0.06_8_0.16_9_1.7_0_1.1_1_0.24_2_0.86_A1_0.41_P_16/inp041.err for more details.
ERROR in MURE::WriteMaterial(ostream &Out)
	 Some nuclei have troubles, see transcript U5_1.2_8_94_P6_0.06_8_0.16_9_1.7_0_1.1_1_0.24_2_0.86_A1_0.41_P_16/inp041.err for more details.
ERROR in MURE::BuildMCNPFile
	 Some nuclei have troubles, see transcript U5_1.2_8_94_P6_0.06_8_0.16_9_1.7_0_1.1_1_0.24_2_0.86_A1_0.41_P_16/inp042.err for more details.
ERROR in MURE::WriteMaterial(ostream &Out)
	 Some nuclei have troubles, see transcript U5_1.2_8_94_P6_0.06_8_0.16_9_1.7_0_1.1_1_0.24_2_0.86_A1_0.41_P_16/inp042.err for more details.
ERROR in MURE::BuildMCNPFile
	 Some nuclei have troubles, see transcript U5_1.2_8_94_P6_0.06_8_0.16_9_1.7_0_1.1_1_0.24_2_0.86_A1_0.41_P_16/inp043.err for more details.
ERROR in MURE::WriteMaterial(ostream &Out)
	 Some nuclei have troubles, see transcript U5_1.2_8_94_P6_0.06_8_0.16_9_1.7_0_1.1_1_0.24_2_0.86_A1_0.41_P_16/inp043.err for more details.
ERROR in MURE::BuildMCNPFile
	 Some nuclei have troubles, see transcript U5_1.2_8_94_P6_0.06_8_0.16_9_1.7_0_1.1_1_0.24_2_0.86_A1_0.41_P_16/inp044.err for more details.
ERROR in MURE::WriteMaterial(ostream &Out)
	 Some nuclei have troubles, see transcript U5_1.2_8_94_P6_0.06_8_0.16_9_1.7_0_1.1_1_0.24_2_0.86_A1_0.41_P_16/inp044.err for more details.
ERROR in MURE::BuildMCNPFile
	 Some nuclei have troubles, see transcript U5_1.2_8_94_P6_0.06_8_0.16_9_1.7_0_1.1_1_0.24_2_0.86_A1_0.41_P_16/inp045.err for more details.
ERROR in MURE::WriteMaterial(ostream &Out)
	 Some nuclei have troubles, see transcript U5_1.2_8_94_P6_0.06_8_0.16_9_1.7_0_1.1_1_0.24_2_0.86_A1_0.41_P_16/inp045.err for more details.
ERROR in MURE::BuildMCNPFile
	 Some nuclei have troubles, see transcript U5_1.2_8_94_P6_0.06_8_0.16_9_1.7_0_1.1_1_0.24_2_0.86_A1_0.41_P_16/inp046.err for more details.
ERROR in MURE::WriteMaterial(ostream &Out)
	 Some nuclei have troubles, see transcript U5_1.2_8_94_P6_0.06_8_0.16_9_1.7_0_1.1_1_0.24_2_0.86_A1_0.41_P_16/inp046.err for more details.
ERROR in MURE::BuildMCNPFile
	 Some nuclei have troubles, see transcript U5_1.2_8_94_P6_0.06_8_0.16_9_1.7_0_1.1_1_0.24_2_0.86_A1_0.41_P_16/inp047.err for more details.
ERROR in MURE::WriteMaterial(ostream &Out)
	 Some nuclei have troubles, see transcript U5_1.2_8_94_P6_0.06_8_0.16_9_1.7_0_1.1_1_0.24_2_0.86_A1_0.41_P_16/inp047.err for more details.
ERROR in MURE::BuildMCNPFile
	 Some nuclei have troubles, see transcript U5_1.2_8_94_P6_0.06_8_0.16_9_1.7_0_1.1_1_0.24_2_0.86_A1_0.41_P_16/inp048.err for more details.
ERROR in MURE::WriteMaterial(ostream &Out)
	 Some nuclei have troubles, see transcript U5_1.2_8_94_P6_0.06_8_0.16_9_1.7_0_1.1_1_0.24_2_0.86_A1_0.41_P_16/inp048.err for more details.
ERROR in MURE::BuildMCNPFile
	 Some nuclei have troubles, see transcript U5_1.2_8_94_P6_0.06_8_0.16_9_1.7_0_1.1_1_0.24_2_0.86_A1_0.41_P_16/inp049.err for more details.
ERROR in MURE::WriteMaterial(ostream &Out)
	 Some nuclei have troubles, see transcript U5_1.2_8_94_P6_0.06_8_0.16_9_1.7_0_1.1_1_0.24_2_0.86_A1_0.41_P_16/inp049.err for more details.
ERROR in MURE::BuildMCNPFile
	 Some nuclei have troubles, see transcript U5_1.2_8_94_P6_0.06_8_0.16_9_1.7_0_1.1_1_0.24_2_0.86_A1_0.41_P_16/inp050.err for more details.
ERROR in MURE::WriteMaterial(ostream &Out)
	 Some nuclei have troubles, see transcript U5_1.2_8_94_P6_0.06_8_0.16_9_1.7_0_1.1_1_0.24_2_0.86_A1_0.41_P_16/inp050.err for more details.
ERROR in MURE::BuildMCNPFile
	 Some nuclei have troubles, see transcript U5_1.2_8_94_P6_0.06_8_0.16_9_1.7_0_1.1_1_0.24_2_0.86_A1_0.41_P_16/inp051.err for more details.
ERROR in MURE::WriteMaterial(ostream &Out)
	 Some nuclei have troubles, see transcript U5_1.2_8_94_P6_0.06_8_0.16_9_1.7_0_1.1_1_0.24_2_0.86_A1_0.41_P_16/inp051.err for more details.
ERROR in MURE::BuildMCNPFile
	 Some nuclei have troubles, see transcript U5_1.2_8_94_P6_0.06_8_0.16_9_1.7_0_1.1_1_0.24_2_0.86_A1_0.41_P_16/inp052.err for more details.
ERROR in MURE::WriteMaterial(ostream &Out)
	 Some nuclei have troubles, see transcript U5_1.2_8_94_P6_0.06_8_0.16_9_1.7_0_1.1_1_0.24_2_0.86_A1_0.41_P_16/inp052.err for more details.
ERROR in MURE::BuildMCNPFile
	 Some nuclei have troubles, see transcript U5_1.2_8_94_P6_0.06_8_0.16_9_1.7_0_1.1_1_0.24_2_0.86_A1_0.41_P_16/inp053.err for more details.
ERROR in MURE::WriteMaterial(ostream &Out)
	 Some nuclei have troubles, see transcript U5_1.2_8_94_P6_0.06_8_0.16_9_1.7_0_1.1_1_0.24_2_0.86_A1_0.41_P_16/inp053.err for more details.
ERROR in MURE::BuildMCNPFile
	 Some nuclei have troubles, see transcript U5_1.2_8_94_P6_0.06_8_0.16_9_1.7_0_1.1_1_0.24_2_0.86_A1_0.41_P_16/inp054.err for more details.
ERROR in MURE::WriteMaterial(ostream &Out)
	 Some nuclei have troubles, see transcript U5_1.2_8_94_P6_0.06_8_0.16_9_1.7_0_1.1_1_0.24_2_0.86_A1_0.41_P_16/inp054.err for more details.
ERROR in MURE::BuildMCNPFile
	 Some nuclei have troubles, see transcript U5_1.2_8_94_P6_0.06_8_0.16_9_1.7_0_1.1_1_0.24_2_0.86_A1_0.41_P_16/inp055.err for more details.
ERROR in MURE::WriteMaterial(ostream &Out)
	 Some nuclei have troubles, see transcript U5_1.2_8_94_P6_0.06_8_0.16_9_1.7_0_1.1_1_0.24_2_0.86_A1_0.41_P_16/inp055.err for more details.
ERROR in MURE::BuildMCNPFile
	 Some nuclei have troubles, see transcript U5_1.2_8_94_P6_0.06_8_0.16_9_1.7_0_1.1_1_0.24_2_0.86_A1_0.41_P_16/inp056.err for more details.
ERROR in MURE::WriteMaterial(ostream &Out)
	 Some nuclei have troubles, see transcript U5_1.2_8_94_P6_0.06_8_0.16_9_1.7_0_1.1_1_0.24_2_0.86_A1_0.41_P_16/inp056.err for more details.
ERROR in MURE::BuildMCNPFile
	 Some nuclei have troubles, see transcript U5_1.2_8_94_P6_0.06_8_0.16_9_1.7_0_1.1_1_0.24_2_0.86_A1_0.41_P_16/inp057.err for more details.
ERROR in MURE::WriteMaterial(ostream &Out)
	 Some nuclei have troubles, see transcript U5_1.2_8_94_P6_0.06_8_0.16_9_1.7_0_1.1_1_0.24_2_0.86_A1_0.41_P_16/inp057.err for more details.
ERROR in MURE::BuildMCNPFile
	 Some nuclei have troubles, see transcript U5_1.2_8_94_P6_0.06_8_0.16_9_1.7_0_1.1_1_0.24_2_0.86_A1_0.41_P_16/inp058.err for more details.
ERROR in MURE::WriteMaterial(ostream &Out)
	 Some nuclei have troubles, see transcript U5_1.2_8_94_P6_0.06_8_0.16_9_1.7_0_1.1_1_0.24_2_0.86_A1_0.41_P_16/inp058.err for more details.
ERROR in MURE::BuildMCNPFile
	 Some nuclei have troubles, see transcript U5_1.2_8_94_P6_0.06_8_0.16_9_1.7_0_1.1_1_0.24_2_0.86_A1_0.41_P_16/inp059.err for more details.
ERROR in MURE::WriteMaterial(ostream &Out)
	 Some nuclei have troubles, see transcript U5_1.2_8_94_P6_0.06_8_0.16_9_1.7_0_1.1_1_0.24_2_0.86_A1_0.41_P_16/inp059.err for more details.
ERROR in MURE::BuildMCNPFile
	 Some nuclei have troubles, see transcript U5_1.2_8_94_P6_0.06_8_0.16_9_1.7_0_1.1_1_0.24_2_0.86_A1_0.41_P_16/inp060.err for more details.
ERROR in MURE::WriteMaterial(ostream &Out)
	 Some nuclei have troubles, see transcript U5_1.2_8_94_P6_0.06_8_0.16_9_1.7_0_1.1_1_0.24_2_0.86_A1_0.41_P_16/inp060.err for more details.
ERROR in MURE::BuildMCNPFile
	 Some nuclei have troubles, see transcript U5_1.2_8_94_P6_0.06_8_0.16_9_1.7_0_1.1_1_0.24_2_0.86_A1_0.41_P_16/inp061.err for more details.
ERROR in MURE::WriteMaterial(ostream &Out)
	 Some nuclei have troubles, see transcript U5_1.2_8_94_P6_0.06_8_0.16_9_1.7_0_1.1_1_0.24_2_0.86_A1_0.41_P_16/inp061.err for more details.
ERROR in MURE::BuildMCNPFile
	 Some nuclei have troubles, see transcript U5_1.2_8_94_P6_0.06_8_0.16_9_1.7_0_1.1_1_0.24_2_0.86_A1_0.41_P_16/inp062.err for more details.
ERROR in MURE::WriteMaterial(ostream &Out)
	 Some nuclei have troubles, see transcript U5_1.2_8_94_P6_0.06_8_0.16_9_1.7_0_1.1_1_0.24_2_0.86_A1_0.41_P_16/inp062.err for more details.
ERROR in MURE::BuildMCNPFile
	 Some nuclei have troubles, see transcript U5_1.2_8_94_P6_0.06_8_0.16_9_1.7_0_1.1_1_0.24_2_0.86_A1_0.41_P_16/inp063.err for more details.
ERROR in MURE::WriteMaterial(ostream &Out)
	 Some nuclei have troubles, see transcript U5_1.2_8_94_P6_0.06_8_0.16_9_1.7_0_1.1_1_0.24_2_0.86_A1_0.41_P_16/inp063.err for more details.
ERROR in MURE::BuildMCNPFile
	 Some nuclei have troubles, see transcript U5_1.2_8_94_P6_0.06_8_0.16_9_1.7_0_1.1_1_0.24_2_0.86_A1_0.41_P_16/inp064.err for more details.
ERROR in MURE::WriteMaterial(ostream &Out)
	 Some nuclei have troubles, see transcript U5_1.2_8_94_P6_0.06_8_0.16_9_1.7_0_1.1_1_0.24_2_0.86_A1_0.41_P_16/inp064.err for more details.
ERROR in MURE::BuildMCNPFile
	 Some nuclei have troubles, see transcript U5_1.2_8_94_P6_0.06_8_0.16_9_1.7_0_1.1_1_0.24_2_0.86_A1_0.41_P_16/inp065.err for more details.
ERROR in MURE::WriteMaterial(ostream &Out)
	 Some nuclei have troubles, see transcript U5_1.2_8_94_P6_0.06_8_0.16_9_1.7_0_1.1_1_0.24_2_0.86_A1_0.41_P_16/inp065.err for more details.
ERROR in MURE::BuildMCNPFile
	 Some nuclei have troubles, see transcript U5_1.2_8_94_P6_0.06_8_0.16_9_1.7_0_1.1_1_0.24_2_0.86_A1_0.41_P_16/inp066.err for more details.
ERROR in MURE::WriteMaterial(ostream &Out)
	 Some nuclei have troubles, see transcript U5_1.2_8_94_P6_0.06_8_0.16_9_1.7_0_1.1_1_0.24_2_0.86_A1_0.41_P_16/inp066.err for more details.
ERROR in MURE::BuildMCNPFile
	 Some nuclei have troubles, see transcript U5_1.2_8_94_P6_0.06_8_0.16_9_1.7_0_1.1_1_0.24_2_0.86_A1_0.41_P_16/inp067.err for more details.
ERROR in MURE::WriteMaterial(ostream &Out)
	 Some nuclei have troubles, see transcript U5_1.2_8_94_P6_0.06_8_0.16_9_1.7_0_1.1_1_0.24_2_0.86_A1_0.41_P_16/inp067.err for more details.
ERROR in MURE::BuildMCNPFile
	 Some nuclei have troubles, see transcript U5_1.2_8_94_P6_0.06_8_0.16_9_1.7_0_1.1_1_0.24_2_0.86_A1_0.41_P_16/inp068.err for more details.
ERROR in MURE::WriteMaterial(ostream &Out)
	 Some nuclei have troubles, see transcript U5_1.2_8_94_P6_0.06_8_0.16_9_1.7_0_1.1_1_0.24_2_0.86_A1_0.41_P_16/inp068.err for more details.
ERROR in MURE::BuildMCNPFile
	 Some nuclei have troubles, see transcript U5_1.2_8_94_P6_0.06_8_0.16_9_1.7_0_1.1_1_0.24_2_0.86_A1_0.41_P_16/inp069.err for more details.
ERROR in MURE::WriteMaterial(ostream &Out)
	 Some nuclei have troubles, see transcript U5_1.2_8_94_P6_0.06_8_0.16_9_1.7_0_1.1_1_0.24_2_0.86_A1_0.41_P_16/inp069.err for more details.
ERROR in MURE::BuildMCNPFile
	 Some nuclei have troubles, see transcript U5_1.2_8_94_P6_0.06_8_0.16_9_1.7_0_1.1_1_0.24_2_0.86_A1_0.41_P_16/inp070.err for more details.
ERROR in MURE::WriteMaterial(ostream &Out)
	 Some nuclei have troubles, see transcript U5_1.2_8_94_P6_0.06_8_0.16_9_1.7_0_1.1_1_0.24_2_0.86_A1_0.41_P_16/inp070.err for more details.
ERROR in MURE::BuildMCNPFile
	 Some nuclei have troubles, see transcript U5_1.2_8_94_P6_0.06_8_0.16_9_1.7_0_1.1_1_0.24_2_0.86_A1_0.41_P_16/inp071.err for more details.
ERROR in MURE::WriteMaterial(ostream &Out)
	 Some nuclei have troubles, see transcript U5_1.2_8_94_P6_0.06_8_0.16_9_1.7_0_1.1_1_0.24_2_0.86_A1_0.41_P_16/inp071.err for more details.
ERROR in MURE::BuildMCNPFile
	 Some nuclei have troubles, see transcript U5_1.2_8_94_P6_0.06_8_0.16_9_1.7_0_1.1_1_0.24_2_0.86_A1_0.41_P_16/inp072.err for more details.
ERROR in MURE::WriteMaterial(ostream &Out)
	 Some nuclei have troubles, see transcript U5_1.2_8_94_P6_0.06_8_0.16_9_1.7_0_1.1_1_0.24_2_0.86_A1_0.41_P_16/inp072.err for more details.
ERROR in MURE::BuildMCNPFile
	 Some nuclei have troubles, see transcript U5_1.2_8_94_P6_0.06_8_0.16_9_1.7_0_1.1_1_0.24_2_0.86_A1_0.41_P_16/inp073.err for more details.
ERROR in MURE::WriteMaterial(ostream &Out)
	 Some nuclei have troubles, see transcript U5_1.2_8_94_P6_0.06_8_0.16_9_1.7_0_1.1_1_0.24_2_0.86_A1_0.41_P_16/inp073.err for more details.
ERROR in MURE::BuildMCNPFile
	 Some nuclei have troubles, see transcript U5_1.2_8_94_P6_0.06_8_0.16_9_1.7_0_1.1_1_0.24_2_0.86_A1_0.41_P_16/inp074.err for more details.
ERROR in MURE::WriteMaterial(ostream &Out)
	 Some nuclei have troubles, see transcript U5_1.2_8_94_P6_0.06_8_0.16_9_1.7_0_1.1_1_0.24_2_0.86_A1_0.41_P_16/inp074.err for more details.
ERROR in MURE::BuildMCNPFile
	 Some nuclei have troubles, see transcript U5_1.2_8_94_P6_0.06_8_0.16_9_1.7_0_1.1_1_0.24_2_0.86_A1_0.41_P_16/inp075.err for more details.
ERROR in MURE::WriteMaterial(ostream &Out)
	 Some nuclei have troubles, see transcript U5_1.2_8_94_P6_0.06_8_0.16_9_1.7_0_1.1_1_0.24_2_0.86_A1_0.41_P_16/inp075.err for more details.
ERROR in MURE::BuildMCNPFile
	 Some nuclei have troubles, see transcript U5_1.2_8_94_P6_0.06_8_0.16_9_1.7_0_1.1_1_0.24_2_0.86_A1_0.41_P_16/inp076.err for more details.
ERROR in MURE::WriteMaterial(ostream &Out)
	 Some nuclei have troubles, see transcript U5_1.2_8_94_P6_0.06_8_0.16_9_1.7_0_1.1_1_0.24_2_0.86_A1_0.41_P_16/inp076.err for more details.
ERROR in MURE::BuildMCNPFile
	 Some nuclei have troubles, see transcript U5_1.2_8_94_P6_0.06_8_0.16_9_1.7_0_1.1_1_0.24_2_0.86_A1_0.41_P_16/inp077.err for more details.
ERROR in MURE::WriteMaterial(ostream &Out)
	 Some nuclei have troubles, see transcript U5_1.2_8_94_P6_0.06_8_0.16_9_1.7_0_1.1_1_0.24_2_0.86_A1_0.41_P_16/inp077.err for more details.
ERROR in MURE::BuildMCNPFile
	 Some nuclei have troubles, see transcript U5_1.2_8_94_P6_0.06_8_0.16_9_1.7_0_1.1_1_0.24_2_0.86_A1_0.41_P_16/inp078.err for more details.
ERROR in MURE::WriteMaterial(ostream &Out)
	 Some nuclei have troubles, see transcript U5_1.2_8_94_P6_0.06_8_0.16_9_1.7_0_1.1_1_0.24_2_0.86_A1_0.41_P_16/inp078.err for more details.
ERROR in MURE::BuildMCNPFile
	 Some nuclei have troubles, see transcript U5_1.2_8_94_P6_0.06_8_0.16_9_1.7_0_1.1_1_0.24_2_0.86_A1_0.41_P_16/inp079.err for more details.
ERROR in MURE::WriteMaterial(ostream &Out)
	 Some nuclei have troubles, see transcript U5_1.2_8_94_P6_0.06_8_0.16_9_1.7_0_1.1_1_0.24_2_0.86_A1_0.41_P_16/inp079.err for more details.
* About to connect() to proxy squid01.chtc.wisc.edu port 3128 (#0)
*   Trying 128.105.244.82... connected
* Connected to squid01.chtc.wisc.edu (128.105.244.82) port 3128 (#0)
* Server auth using Basic with user 'mouginot@wisc.edu'
> PUT ftp://mouginot@wisc.edu:line150782@ftp.box.com/MODEL_DATA/PWR_TRU_MOX_PSPEC/100/55_raw.tar.gz HTTP/1.1
> Authorization: Basic bW91Z2lub3RAd2lzYy5lZHU6bGluZTE1MDc4Mg==
> User-Agent: curl/7.19.7 (x86_64-redhat-linux-gnu) libcurl/7.19.7 NSS/3.27.1 zlib/1.2.3 libidn/1.18 libssh2/1.4.2
> Host: ftp.box.com:21
> Accept: */*
> Referer: trc
> Proxy-Connection: Keep-Alive
> Content-Length: 45722734
> Expect: 100-continue
> 
  % Total    % Received % Xferd  Average Speed   Time    Time     Time  Current
                                 Dload  Upload   Total   Spent    Left  Speed
  0 43.6M    0     0    0     0      0      0 --:--:-- --:--:-- --:--:--     0* Done waiting for 100-continue
  0 43.6M    0     0    0     0      0      0 --:--:--  0:00:01 --:--:--     0} [data not shown]
  2 43.6M    0     0    2 1200k      0   592k  0:01:15  0:00:02  0:01:13  592k< HTTP/1.1 403 Forbidden
< Server: squid/3.5.20
< Mime-Version: 1.0
< Date: Fri, 08 Sep 2017 03:41:26 GMT
< Content-Type: text/html;charset=utf-8
< Content-Length: 4746
< X-Squid-Error: ERR_FTP_FORBIDDEN 530
< WWW-Authenticate: Basic realm="FTP mouginot@wisc.edu ftp.box.com"
< X-Cache: MISS from squid01.chtc.wisc.edu
< X-Cache-Lookup: MISS from squid01.chtc.wisc.edu:3128
< Via: 1.1 squid01.chtc.wisc.edu (squid/3.5.20)
< Connection: keep-alive
< 
{ [data not shown]
* Send failure: Connection reset by peer
  3 43.6M  100  4746    3 1616k   2270   773k  0:00:57  0:00:02  0:00:55  773k* Closing connection #0

curl: (55) Send failure: Connection reset by peer
