ERROR in MURE::BuildXSDIR()
	 Some nuclei have troubles, see transcript U5_1.3_8_92_P6_0.28_8_0.24_9_4.3_0_1.1_1_0.2_2_0.54_A1_0.26_P_30/inp000.err for more details.
ERROR in MURE::BuildMCNPFile
	 Some nuclei have troubles, see transcript U5_1.3_8_92_P6_0.28_8_0.24_9_4.3_0_1.1_1_0.2_2_0.54_A1_0.26_P_30/inp000.err for more details.
ERROR in MURE::WriteMaterial(ostream &Out)
	 Some nuclei have troubles, see transcript U5_1.3_8_92_P6_0.28_8_0.24_9_4.3_0_1.1_1_0.2_2_0.54_A1_0.26_P_30/inp000.err for more details.
ERROR in MURE::BuildMCNPFile
	 Some nuclei have troubles, see transcript U5_1.3_8_92_P6_0.28_8_0.24_9_4.3_0_1.1_1_0.2_2_0.54_A1_0.26_P_30/inp001.err for more details.
ERROR in MURE::WriteMaterial(ostream &Out)
	 Some nuclei have troubles, see transcript U5_1.3_8_92_P6_0.28_8_0.24_9_4.3_0_1.1_1_0.2_2_0.54_A1_0.26_P_30/inp001.err for more details.
ERROR in MURE::BuildMCNPFile
	 Some nuclei have troubles, see transcript U5_1.3_8_92_P6_0.28_8_0.24_9_4.3_0_1.1_1_0.2_2_0.54_A1_0.26_P_30/inp002.err for more details.
ERROR in MURE::WriteMaterial(ostream &Out)
	 Some nuclei have troubles, see transcript U5_1.3_8_92_P6_0.28_8_0.24_9_4.3_0_1.1_1_0.2_2_0.54_A1_0.26_P_30/inp002.err for more details.
ERROR in MURE::BuildMCNPFile
	 Some nuclei have troubles, see transcript U5_1.3_8_92_P6_0.28_8_0.24_9_4.3_0_1.1_1_0.2_2_0.54_A1_0.26_P_30/inp003.err for more details.
ERROR in MURE::WriteMaterial(ostream &Out)
	 Some nuclei have troubles, see transcript U5_1.3_8_92_P6_0.28_8_0.24_9_4.3_0_1.1_1_0.2_2_0.54_A1_0.26_P_30/inp003.err for more details.
ERROR in MURE::BuildMCNPFile
	 Some nuclei have troubles, see transcript U5_1.3_8_92_P6_0.28_8_0.24_9_4.3_0_1.1_1_0.2_2_0.54_A1_0.26_P_30/inp004.err for more details.
ERROR in MURE::WriteMaterial(ostream &Out)
	 Some nuclei have troubles, see transcript U5_1.3_8_92_P6_0.28_8_0.24_9_4.3_0_1.1_1_0.2_2_0.54_A1_0.26_P_30/inp004.err for more details.
ERROR in MURE::BuildMCNPFile
	 Some nuclei have troubles, see transcript U5_1.3_8_92_P6_0.28_8_0.24_9_4.3_0_1.1_1_0.2_2_0.54_A1_0.26_P_30/inp005.err for more details.
ERROR in MURE::WriteMaterial(ostream &Out)
	 Some nuclei have troubles, see transcript U5_1.3_8_92_P6_0.28_8_0.24_9_4.3_0_1.1_1_0.2_2_0.54_A1_0.26_P_30/inp005.err for more details.
ERROR in MURE::BuildMCNPFile
	 Some nuclei have troubles, see transcript U5_1.3_8_92_P6_0.28_8_0.24_9_4.3_0_1.1_1_0.2_2_0.54_A1_0.26_P_30/inp006.err for more details.
ERROR in MURE::WriteMaterial(ostream &Out)
	 Some nuclei have troubles, see transcript U5_1.3_8_92_P6_0.28_8_0.24_9_4.3_0_1.1_1_0.2_2_0.54_A1_0.26_P_30/inp006.err for more details.
ERROR in MURE::BuildMCNPFile
	 Some nuclei have troubles, see transcript U5_1.3_8_92_P6_0.28_8_0.24_9_4.3_0_1.1_1_0.2_2_0.54_A1_0.26_P_30/inp007.err for more details.
ERROR in MURE::WriteMaterial(ostream &Out)
	 Some nuclei have troubles, see transcript U5_1.3_8_92_P6_0.28_8_0.24_9_4.3_0_1.1_1_0.2_2_0.54_A1_0.26_P_30/inp007.err for more details.
ERROR in MURE::BuildMCNPFile
	 Some nuclei have troubles, see transcript U5_1.3_8_92_P6_0.28_8_0.24_9_4.3_0_1.1_1_0.2_2_0.54_A1_0.26_P_30/inp008.err for more details.
ERROR in MURE::WriteMaterial(ostream &Out)
	 Some nuclei have troubles, see transcript U5_1.3_8_92_P6_0.28_8_0.24_9_4.3_0_1.1_1_0.2_2_0.54_A1_0.26_P_30/inp008.err for more details.
ERROR in MURE::BuildMCNPFile
	 Some nuclei have troubles, see transcript U5_1.3_8_92_P6_0.28_8_0.24_9_4.3_0_1.1_1_0.2_2_0.54_A1_0.26_P_30/inp009.err for more details.
ERROR in MURE::WriteMaterial(ostream &Out)
	 Some nuclei have troubles, see transcript U5_1.3_8_92_P6_0.28_8_0.24_9_4.3_0_1.1_1_0.2_2_0.54_A1_0.26_P_30/inp009.err for more details.
ERROR in MURE::BuildMCNPFile
	 Some nuclei have troubles, see transcript U5_1.3_8_92_P6_0.28_8_0.24_9_4.3_0_1.1_1_0.2_2_0.54_A1_0.26_P_30/inp010.err for more details.
ERROR in MURE::WriteMaterial(ostream &Out)
	 Some nuclei have troubles, see transcript U5_1.3_8_92_P6_0.28_8_0.24_9_4.3_0_1.1_1_0.2_2_0.54_A1_0.26_P_30/inp010.err for more details.
ERROR in MURE::BuildMCNPFile
	 Some nuclei have troubles, see transcript U5_1.3_8_92_P6_0.28_8_0.24_9_4.3_0_1.1_1_0.2_2_0.54_A1_0.26_P_30/inp011.err for more details.
ERROR in MURE::WriteMaterial(ostream &Out)
	 Some nuclei have troubles, see transcript U5_1.3_8_92_P6_0.28_8_0.24_9_4.3_0_1.1_1_0.2_2_0.54_A1_0.26_P_30/inp011.err for more details.
ERROR in MURE::BuildMCNPFile
	 Some nuclei have troubles, see transcript U5_1.3_8_92_P6_0.28_8_0.24_9_4.3_0_1.1_1_0.2_2_0.54_A1_0.26_P_30/inp012.err for more details.
ERROR in MURE::WriteMaterial(ostream &Out)
	 Some nuclei have troubles, see transcript U5_1.3_8_92_P6_0.28_8_0.24_9_4.3_0_1.1_1_0.2_2_0.54_A1_0.26_P_30/inp012.err for more details.
ERROR in MURE::BuildMCNPFile
	 Some nuclei have troubles, see transcript U5_1.3_8_92_P6_0.28_8_0.24_9_4.3_0_1.1_1_0.2_2_0.54_A1_0.26_P_30/inp013.err for more details.
ERROR in MURE::WriteMaterial(ostream &Out)
	 Some nuclei have troubles, see transcript U5_1.3_8_92_P6_0.28_8_0.24_9_4.3_0_1.1_1_0.2_2_0.54_A1_0.26_P_30/inp013.err for more details.
ERROR in MURE::BuildMCNPFile
	 Some nuclei have troubles, see transcript U5_1.3_8_92_P6_0.28_8_0.24_9_4.3_0_1.1_1_0.2_2_0.54_A1_0.26_P_30/inp014.err for more details.
ERROR in MURE::WriteMaterial(ostream &Out)
	 Some nuclei have troubles, see transcript U5_1.3_8_92_P6_0.28_8_0.24_9_4.3_0_1.1_1_0.2_2_0.54_A1_0.26_P_30/inp014.err for more details.
ERROR in MURE::BuildMCNPFile
	 Some nuclei have troubles, see transcript U5_1.3_8_92_P6_0.28_8_0.24_9_4.3_0_1.1_1_0.2_2_0.54_A1_0.26_P_30/inp015.err for more details.
ERROR in MURE::WriteMaterial(ostream &Out)
	 Some nuclei have troubles, see transcript U5_1.3_8_92_P6_0.28_8_0.24_9_4.3_0_1.1_1_0.2_2_0.54_A1_0.26_P_30/inp015.err for more details.
ERROR in MURE::BuildMCNPFile
	 Some nuclei have troubles, see transcript U5_1.3_8_92_P6_0.28_8_0.24_9_4.3_0_1.1_1_0.2_2_0.54_A1_0.26_P_30/inp016.err for more details.
ERROR in MURE::WriteMaterial(ostream &Out)
	 Some nuclei have troubles, see transcript U5_1.3_8_92_P6_0.28_8_0.24_9_4.3_0_1.1_1_0.2_2_0.54_A1_0.26_P_30/inp016.err for more details.
ERROR in MURE::BuildMCNPFile
	 Some nuclei have troubles, see transcript U5_1.3_8_92_P6_0.28_8_0.24_9_4.3_0_1.1_1_0.2_2_0.54_A1_0.26_P_30/inp017.err for more details.
ERROR in MURE::WriteMaterial(ostream &Out)
	 Some nuclei have troubles, see transcript U5_1.3_8_92_P6_0.28_8_0.24_9_4.3_0_1.1_1_0.2_2_0.54_A1_0.26_P_30/inp017.err for more details.
ERROR in MURE::BuildMCNPFile
	 Some nuclei have troubles, see transcript U5_1.3_8_92_P6_0.28_8_0.24_9_4.3_0_1.1_1_0.2_2_0.54_A1_0.26_P_30/inp018.err for more details.
ERROR in MURE::WriteMaterial(ostream &Out)
	 Some nuclei have troubles, see transcript U5_1.3_8_92_P6_0.28_8_0.24_9_4.3_0_1.1_1_0.2_2_0.54_A1_0.26_P_30/inp018.err for more details.
ERROR in MURE::BuildMCNPFile
	 Some nuclei have troubles, see transcript U5_1.3_8_92_P6_0.28_8_0.24_9_4.3_0_1.1_1_0.2_2_0.54_A1_0.26_P_30/inp019.err for more details.
ERROR in MURE::WriteMaterial(ostream &Out)
	 Some nuclei have troubles, see transcript U5_1.3_8_92_P6_0.28_8_0.24_9_4.3_0_1.1_1_0.2_2_0.54_A1_0.26_P_30/inp019.err for more details.
ERROR in MURE::BuildMCNPFile
	 Some nuclei have troubles, see transcript U5_1.3_8_92_P6_0.28_8_0.24_9_4.3_0_1.1_1_0.2_2_0.54_A1_0.26_P_30/inp020.err for more details.
ERROR in MURE::WriteMaterial(ostream &Out)
	 Some nuclei have troubles, see transcript U5_1.3_8_92_P6_0.28_8_0.24_9_4.3_0_1.1_1_0.2_2_0.54_A1_0.26_P_30/inp020.err for more details.
ERROR in MURE::BuildMCNPFile
	 Some nuclei have troubles, see transcript U5_1.3_8_92_P6_0.28_8_0.24_9_4.3_0_1.1_1_0.2_2_0.54_A1_0.26_P_30/inp021.err for more details.
ERROR in MURE::WriteMaterial(ostream &Out)
	 Some nuclei have troubles, see transcript U5_1.3_8_92_P6_0.28_8_0.24_9_4.3_0_1.1_1_0.2_2_0.54_A1_0.26_P_30/inp021.err for more details.
ERROR in MURE::BuildMCNPFile
	 Some nuclei have troubles, see transcript U5_1.3_8_92_P6_0.28_8_0.24_9_4.3_0_1.1_1_0.2_2_0.54_A1_0.26_P_30/inp022.err for more details.
ERROR in MURE::WriteMaterial(ostream &Out)
	 Some nuclei have troubles, see transcript U5_1.3_8_92_P6_0.28_8_0.24_9_4.3_0_1.1_1_0.2_2_0.54_A1_0.26_P_30/inp022.err for more details.
ERROR in MURE::BuildMCNPFile
	 Some nuclei have troubles, see transcript U5_1.3_8_92_P6_0.28_8_0.24_9_4.3_0_1.1_1_0.2_2_0.54_A1_0.26_P_30/inp023.err for more details.
ERROR in MURE::WriteMaterial(ostream &Out)
	 Some nuclei have troubles, see transcript U5_1.3_8_92_P6_0.28_8_0.24_9_4.3_0_1.1_1_0.2_2_0.54_A1_0.26_P_30/inp023.err for more details.
ERROR in MURE::BuildMCNPFile
	 Some nuclei have troubles, see transcript U5_1.3_8_92_P6_0.28_8_0.24_9_4.3_0_1.1_1_0.2_2_0.54_A1_0.26_P_30/inp024.err for more details.
ERROR in MURE::WriteMaterial(ostream &Out)
	 Some nuclei have troubles, see transcript U5_1.3_8_92_P6_0.28_8_0.24_9_4.3_0_1.1_1_0.2_2_0.54_A1_0.26_P_30/inp024.err for more details.
ERROR in MURE::BuildMCNPFile
	 Some nuclei have troubles, see transcript U5_1.3_8_92_P6_0.28_8_0.24_9_4.3_0_1.1_1_0.2_2_0.54_A1_0.26_P_30/inp025.err for more details.
ERROR in MURE::WriteMaterial(ostream &Out)
	 Some nuclei have troubles, see transcript U5_1.3_8_92_P6_0.28_8_0.24_9_4.3_0_1.1_1_0.2_2_0.54_A1_0.26_P_30/inp025.err for more details.
ERROR in MURE::BuildMCNPFile
	 Some nuclei have troubles, see transcript U5_1.3_8_92_P6_0.28_8_0.24_9_4.3_0_1.1_1_0.2_2_0.54_A1_0.26_P_30/inp026.err for more details.
ERROR in MURE::WriteMaterial(ostream &Out)
	 Some nuclei have troubles, see transcript U5_1.3_8_92_P6_0.28_8_0.24_9_4.3_0_1.1_1_0.2_2_0.54_A1_0.26_P_30/inp026.err for more details.
ERROR in MURE::BuildMCNPFile
	 Some nuclei have troubles, see transcript U5_1.3_8_92_P6_0.28_8_0.24_9_4.3_0_1.1_1_0.2_2_0.54_A1_0.26_P_30/inp027.err for more details.
ERROR in MURE::WriteMaterial(ostream &Out)
	 Some nuclei have troubles, see transcript U5_1.3_8_92_P6_0.28_8_0.24_9_4.3_0_1.1_1_0.2_2_0.54_A1_0.26_P_30/inp027.err for more details.
ERROR in MURE::BuildMCNPFile
	 Some nuclei have troubles, see transcript U5_1.3_8_92_P6_0.28_8_0.24_9_4.3_0_1.1_1_0.2_2_0.54_A1_0.26_P_30/inp028.err for more details.
ERROR in MURE::WriteMaterial(ostream &Out)
	 Some nuclei have troubles, see transcript U5_1.3_8_92_P6_0.28_8_0.24_9_4.3_0_1.1_1_0.2_2_0.54_A1_0.26_P_30/inp028.err for more details.
ERROR in MURE::BuildMCNPFile
	 Some nuclei have troubles, see transcript U5_1.3_8_92_P6_0.28_8_0.24_9_4.3_0_1.1_1_0.2_2_0.54_A1_0.26_P_30/inp029.err for more details.
ERROR in MURE::WriteMaterial(ostream &Out)
	 Some nuclei have troubles, see transcript U5_1.3_8_92_P6_0.28_8_0.24_9_4.3_0_1.1_1_0.2_2_0.54_A1_0.26_P_30/inp029.err for more details.
ERROR in MURE::BuildMCNPFile
	 Some nuclei have troubles, see transcript U5_1.3_8_92_P6_0.28_8_0.24_9_4.3_0_1.1_1_0.2_2_0.54_A1_0.26_P_30/inp030.err for more details.
ERROR in MURE::WriteMaterial(ostream &Out)
	 Some nuclei have troubles, see transcript U5_1.3_8_92_P6_0.28_8_0.24_9_4.3_0_1.1_1_0.2_2_0.54_A1_0.26_P_30/inp030.err for more details.
ERROR in MURE::BuildMCNPFile
	 Some nuclei have troubles, see transcript U5_1.3_8_92_P6_0.28_8_0.24_9_4.3_0_1.1_1_0.2_2_0.54_A1_0.26_P_30/inp031.err for more details.
ERROR in MURE::WriteMaterial(ostream &Out)
	 Some nuclei have troubles, see transcript U5_1.3_8_92_P6_0.28_8_0.24_9_4.3_0_1.1_1_0.2_2_0.54_A1_0.26_P_30/inp031.err for more details.
ERROR in MURE::BuildMCNPFile
	 Some nuclei have troubles, see transcript U5_1.3_8_92_P6_0.28_8_0.24_9_4.3_0_1.1_1_0.2_2_0.54_A1_0.26_P_30/inp032.err for more details.
ERROR in MURE::WriteMaterial(ostream &Out)
	 Some nuclei have troubles, see transcript U5_1.3_8_92_P6_0.28_8_0.24_9_4.3_0_1.1_1_0.2_2_0.54_A1_0.26_P_30/inp032.err for more details.
ERROR in MURE::BuildMCNPFile
	 Some nuclei have troubles, see transcript U5_1.3_8_92_P6_0.28_8_0.24_9_4.3_0_1.1_1_0.2_2_0.54_A1_0.26_P_30/inp033.err for more details.
ERROR in MURE::WriteMaterial(ostream &Out)
	 Some nuclei have troubles, see transcript U5_1.3_8_92_P6_0.28_8_0.24_9_4.3_0_1.1_1_0.2_2_0.54_A1_0.26_P_30/inp033.err for more details.
ERROR in MURE::BuildMCNPFile
	 Some nuclei have troubles, see transcript U5_1.3_8_92_P6_0.28_8_0.24_9_4.3_0_1.1_1_0.2_2_0.54_A1_0.26_P_30/inp034.err for more details.
ERROR in MURE::WriteMaterial(ostream &Out)
	 Some nuclei have troubles, see transcript U5_1.3_8_92_P6_0.28_8_0.24_9_4.3_0_1.1_1_0.2_2_0.54_A1_0.26_P_30/inp034.err for more details.
ERROR in MURE::BuildMCNPFile
	 Some nuclei have troubles, see transcript U5_1.3_8_92_P6_0.28_8_0.24_9_4.3_0_1.1_1_0.2_2_0.54_A1_0.26_P_30/inp035.err for more details.
ERROR in MURE::WriteMaterial(ostream &Out)
	 Some nuclei have troubles, see transcript U5_1.3_8_92_P6_0.28_8_0.24_9_4.3_0_1.1_1_0.2_2_0.54_A1_0.26_P_30/inp035.err for more details.
ERROR in MURE::BuildMCNPFile
	 Some nuclei have troubles, see transcript U5_1.3_8_92_P6_0.28_8_0.24_9_4.3_0_1.1_1_0.2_2_0.54_A1_0.26_P_30/inp036.err for more details.
ERROR in MURE::WriteMaterial(ostream &Out)
	 Some nuclei have troubles, see transcript U5_1.3_8_92_P6_0.28_8_0.24_9_4.3_0_1.1_1_0.2_2_0.54_A1_0.26_P_30/inp036.err for more details.
ERROR in MURE::BuildMCNPFile
	 Some nuclei have troubles, see transcript U5_1.3_8_92_P6_0.28_8_0.24_9_4.3_0_1.1_1_0.2_2_0.54_A1_0.26_P_30/inp037.err for more details.
ERROR in MURE::WriteMaterial(ostream &Out)
	 Some nuclei have troubles, see transcript U5_1.3_8_92_P6_0.28_8_0.24_9_4.3_0_1.1_1_0.2_2_0.54_A1_0.26_P_30/inp037.err for more details.
ERROR in MURE::BuildMCNPFile
	 Some nuclei have troubles, see transcript U5_1.3_8_92_P6_0.28_8_0.24_9_4.3_0_1.1_1_0.2_2_0.54_A1_0.26_P_30/inp038.err for more details.
ERROR in MURE::WriteMaterial(ostream &Out)
	 Some nuclei have troubles, see transcript U5_1.3_8_92_P6_0.28_8_0.24_9_4.3_0_1.1_1_0.2_2_0.54_A1_0.26_P_30/inp038.err for more details.
ERROR in MURE::BuildMCNPFile
	 Some nuclei have troubles, see transcript U5_1.3_8_92_P6_0.28_8_0.24_9_4.3_0_1.1_1_0.2_2_0.54_A1_0.26_P_30/inp039.err for more details.
ERROR in MURE::WriteMaterial(ostream &Out)
	 Some nuclei have troubles, see transcript U5_1.3_8_92_P6_0.28_8_0.24_9_4.3_0_1.1_1_0.2_2_0.54_A1_0.26_P_30/inp039.err for more details.
ERROR in MURE::BuildMCNPFile
	 Some nuclei have troubles, see transcript U5_1.3_8_92_P6_0.28_8_0.24_9_4.3_0_1.1_1_0.2_2_0.54_A1_0.26_P_30/inp040.err for more details.
ERROR in MURE::WriteMaterial(ostream &Out)
	 Some nuclei have troubles, see transcript U5_1.3_8_92_P6_0.28_8_0.24_9_4.3_0_1.1_1_0.2_2_0.54_A1_0.26_P_30/inp040.err for more details.
ERROR in MURE::BuildMCNPFile
	 Some nuclei have troubles, see transcript U5_1.3_8_92_P6_0.28_8_0.24_9_4.3_0_1.1_1_0.2_2_0.54_A1_0.26_P_30/inp041.err for more details.
ERROR in MURE::WriteMaterial(ostream &Out)
	 Some nuclei have troubles, see transcript U5_1.3_8_92_P6_0.28_8_0.24_9_4.3_0_1.1_1_0.2_2_0.54_A1_0.26_P_30/inp041.err for more details.
ERROR in MURE::BuildMCNPFile
	 Some nuclei have troubles, see transcript U5_1.3_8_92_P6_0.28_8_0.24_9_4.3_0_1.1_1_0.2_2_0.54_A1_0.26_P_30/inp042.err for more details.
ERROR in MURE::WriteMaterial(ostream &Out)
	 Some nuclei have troubles, see transcript U5_1.3_8_92_P6_0.28_8_0.24_9_4.3_0_1.1_1_0.2_2_0.54_A1_0.26_P_30/inp042.err for more details.
ERROR in MURE::BuildMCNPFile
	 Some nuclei have troubles, see transcript U5_1.3_8_92_P6_0.28_8_0.24_9_4.3_0_1.1_1_0.2_2_0.54_A1_0.26_P_30/inp043.err for more details.
ERROR in MURE::WriteMaterial(ostream &Out)
	 Some nuclei have troubles, see transcript U5_1.3_8_92_P6_0.28_8_0.24_9_4.3_0_1.1_1_0.2_2_0.54_A1_0.26_P_30/inp043.err for more details.
ERROR in MURE::BuildMCNPFile
	 Some nuclei have troubles, see transcript U5_1.3_8_92_P6_0.28_8_0.24_9_4.3_0_1.1_1_0.2_2_0.54_A1_0.26_P_30/inp044.err for more details.
ERROR in MURE::WriteMaterial(ostream &Out)
	 Some nuclei have troubles, see transcript U5_1.3_8_92_P6_0.28_8_0.24_9_4.3_0_1.1_1_0.2_2_0.54_A1_0.26_P_30/inp044.err for more details.
ERROR in MURE::BuildMCNPFile
	 Some nuclei have troubles, see transcript U5_1.3_8_92_P6_0.28_8_0.24_9_4.3_0_1.1_1_0.2_2_0.54_A1_0.26_P_30/inp045.err for more details.
ERROR in MURE::WriteMaterial(ostream &Out)
	 Some nuclei have troubles, see transcript U5_1.3_8_92_P6_0.28_8_0.24_9_4.3_0_1.1_1_0.2_2_0.54_A1_0.26_P_30/inp045.err for more details.
ERROR in MURE::BuildMCNPFile
	 Some nuclei have troubles, see transcript U5_1.3_8_92_P6_0.28_8_0.24_9_4.3_0_1.1_1_0.2_2_0.54_A1_0.26_P_30/inp046.err for more details.
ERROR in MURE::WriteMaterial(ostream &Out)
	 Some nuclei have troubles, see transcript U5_1.3_8_92_P6_0.28_8_0.24_9_4.3_0_1.1_1_0.2_2_0.54_A1_0.26_P_30/inp046.err for more details.
ERROR in MURE::BuildMCNPFile
	 Some nuclei have troubles, see transcript U5_1.3_8_92_P6_0.28_8_0.24_9_4.3_0_1.1_1_0.2_2_0.54_A1_0.26_P_30/inp047.err for more details.
ERROR in MURE::WriteMaterial(ostream &Out)
	 Some nuclei have troubles, see transcript U5_1.3_8_92_P6_0.28_8_0.24_9_4.3_0_1.1_1_0.2_2_0.54_A1_0.26_P_30/inp047.err for more details.
ERROR in MURE::BuildMCNPFile
	 Some nuclei have troubles, see transcript U5_1.3_8_92_P6_0.28_8_0.24_9_4.3_0_1.1_1_0.2_2_0.54_A1_0.26_P_30/inp048.err for more details.
ERROR in MURE::WriteMaterial(ostream &Out)
	 Some nuclei have troubles, see transcript U5_1.3_8_92_P6_0.28_8_0.24_9_4.3_0_1.1_1_0.2_2_0.54_A1_0.26_P_30/inp048.err for more details.
ERROR in MURE::BuildMCNPFile
	 Some nuclei have troubles, see transcript U5_1.3_8_92_P6_0.28_8_0.24_9_4.3_0_1.1_1_0.2_2_0.54_A1_0.26_P_30/inp049.err for more details.
ERROR in MURE::WriteMaterial(ostream &Out)
	 Some nuclei have troubles, see transcript U5_1.3_8_92_P6_0.28_8_0.24_9_4.3_0_1.1_1_0.2_2_0.54_A1_0.26_P_30/inp049.err for more details.
ERROR in MURE::BuildMCNPFile
	 Some nuclei have troubles, see transcript U5_1.3_8_92_P6_0.28_8_0.24_9_4.3_0_1.1_1_0.2_2_0.54_A1_0.26_P_30/inp050.err for more details.
ERROR in MURE::WriteMaterial(ostream &Out)
	 Some nuclei have troubles, see transcript U5_1.3_8_92_P6_0.28_8_0.24_9_4.3_0_1.1_1_0.2_2_0.54_A1_0.26_P_30/inp050.err for more details.
ERROR in MURE::BuildMCNPFile
	 Some nuclei have troubles, see transcript U5_1.3_8_92_P6_0.28_8_0.24_9_4.3_0_1.1_1_0.2_2_0.54_A1_0.26_P_30/inp051.err for more details.
ERROR in MURE::WriteMaterial(ostream &Out)
	 Some nuclei have troubles, see transcript U5_1.3_8_92_P6_0.28_8_0.24_9_4.3_0_1.1_1_0.2_2_0.54_A1_0.26_P_30/inp051.err for more details.
ERROR in MURE::BuildMCNPFile
	 Some nuclei have troubles, see transcript U5_1.3_8_92_P6_0.28_8_0.24_9_4.3_0_1.1_1_0.2_2_0.54_A1_0.26_P_30/inp052.err for more details.
ERROR in MURE::WriteMaterial(ostream &Out)
	 Some nuclei have troubles, see transcript U5_1.3_8_92_P6_0.28_8_0.24_9_4.3_0_1.1_1_0.2_2_0.54_A1_0.26_P_30/inp052.err for more details.
ERROR in MURE::BuildMCNPFile
	 Some nuclei have troubles, see transcript U5_1.3_8_92_P6_0.28_8_0.24_9_4.3_0_1.1_1_0.2_2_0.54_A1_0.26_P_30/inp053.err for more details.
ERROR in MURE::WriteMaterial(ostream &Out)
	 Some nuclei have troubles, see transcript U5_1.3_8_92_P6_0.28_8_0.24_9_4.3_0_1.1_1_0.2_2_0.54_A1_0.26_P_30/inp053.err for more details.
ERROR in MURE::BuildMCNPFile
	 Some nuclei have troubles, see transcript U5_1.3_8_92_P6_0.28_8_0.24_9_4.3_0_1.1_1_0.2_2_0.54_A1_0.26_P_30/inp054.err for more details.
ERROR in MURE::WriteMaterial(ostream &Out)
	 Some nuclei have troubles, see transcript U5_1.3_8_92_P6_0.28_8_0.24_9_4.3_0_1.1_1_0.2_2_0.54_A1_0.26_P_30/inp054.err for more details.
ERROR in MURE::BuildMCNPFile
	 Some nuclei have troubles, see transcript U5_1.3_8_92_P6_0.28_8_0.24_9_4.3_0_1.1_1_0.2_2_0.54_A1_0.26_P_30/inp055.err for more details.
ERROR in MURE::WriteMaterial(ostream &Out)
	 Some nuclei have troubles, see transcript U5_1.3_8_92_P6_0.28_8_0.24_9_4.3_0_1.1_1_0.2_2_0.54_A1_0.26_P_30/inp055.err for more details.
ERROR in MURE::BuildMCNPFile
	 Some nuclei have troubles, see transcript U5_1.3_8_92_P6_0.28_8_0.24_9_4.3_0_1.1_1_0.2_2_0.54_A1_0.26_P_30/inp056.err for more details.
ERROR in MURE::WriteMaterial(ostream &Out)
	 Some nuclei have troubles, see transcript U5_1.3_8_92_P6_0.28_8_0.24_9_4.3_0_1.1_1_0.2_2_0.54_A1_0.26_P_30/inp056.err for more details.
ERROR in MURE::BuildMCNPFile
	 Some nuclei have troubles, see transcript U5_1.3_8_92_P6_0.28_8_0.24_9_4.3_0_1.1_1_0.2_2_0.54_A1_0.26_P_30/inp057.err for more details.
ERROR in MURE::WriteMaterial(ostream &Out)
	 Some nuclei have troubles, see transcript U5_1.3_8_92_P6_0.28_8_0.24_9_4.3_0_1.1_1_0.2_2_0.54_A1_0.26_P_30/inp057.err for more details.
ERROR in MURE::BuildMCNPFile
	 Some nuclei have troubles, see transcript U5_1.3_8_92_P6_0.28_8_0.24_9_4.3_0_1.1_1_0.2_2_0.54_A1_0.26_P_30/inp058.err for more details.
ERROR in MURE::WriteMaterial(ostream &Out)
	 Some nuclei have troubles, see transcript U5_1.3_8_92_P6_0.28_8_0.24_9_4.3_0_1.1_1_0.2_2_0.54_A1_0.26_P_30/inp058.err for more details.
ERROR in MURE::BuildMCNPFile
	 Some nuclei have troubles, see transcript U5_1.3_8_92_P6_0.28_8_0.24_9_4.3_0_1.1_1_0.2_2_0.54_A1_0.26_P_30/inp059.err for more details.
ERROR in MURE::WriteMaterial(ostream &Out)
	 Some nuclei have troubles, see transcript U5_1.3_8_92_P6_0.28_8_0.24_9_4.3_0_1.1_1_0.2_2_0.54_A1_0.26_P_30/inp059.err for more details.
ERROR in MURE::BuildMCNPFile
	 Some nuclei have troubles, see transcript U5_1.3_8_92_P6_0.28_8_0.24_9_4.3_0_1.1_1_0.2_2_0.54_A1_0.26_P_30/inp060.err for more details.
ERROR in MURE::WriteMaterial(ostream &Out)
	 Some nuclei have troubles, see transcript U5_1.3_8_92_P6_0.28_8_0.24_9_4.3_0_1.1_1_0.2_2_0.54_A1_0.26_P_30/inp060.err for more details.
ERROR in MURE::BuildMCNPFile
	 Some nuclei have troubles, see transcript U5_1.3_8_92_P6_0.28_8_0.24_9_4.3_0_1.1_1_0.2_2_0.54_A1_0.26_P_30/inp061.err for more details.
ERROR in MURE::WriteMaterial(ostream &Out)
	 Some nuclei have troubles, see transcript U5_1.3_8_92_P6_0.28_8_0.24_9_4.3_0_1.1_1_0.2_2_0.54_A1_0.26_P_30/inp061.err for more details.
ERROR in MURE::BuildMCNPFile
	 Some nuclei have troubles, see transcript U5_1.3_8_92_P6_0.28_8_0.24_9_4.3_0_1.1_1_0.2_2_0.54_A1_0.26_P_30/inp062.err for more details.
ERROR in MURE::WriteMaterial(ostream &Out)
	 Some nuclei have troubles, see transcript U5_1.3_8_92_P6_0.28_8_0.24_9_4.3_0_1.1_1_0.2_2_0.54_A1_0.26_P_30/inp062.err for more details.
ERROR in MURE::BuildMCNPFile
	 Some nuclei have troubles, see transcript U5_1.3_8_92_P6_0.28_8_0.24_9_4.3_0_1.1_1_0.2_2_0.54_A1_0.26_P_30/inp063.err for more details.
ERROR in MURE::WriteMaterial(ostream &Out)
	 Some nuclei have troubles, see transcript U5_1.3_8_92_P6_0.28_8_0.24_9_4.3_0_1.1_1_0.2_2_0.54_A1_0.26_P_30/inp063.err for more details.
ERROR in MURE::BuildMCNPFile
	 Some nuclei have troubles, see transcript U5_1.3_8_92_P6_0.28_8_0.24_9_4.3_0_1.1_1_0.2_2_0.54_A1_0.26_P_30/inp064.err for more details.
ERROR in MURE::WriteMaterial(ostream &Out)
	 Some nuclei have troubles, see transcript U5_1.3_8_92_P6_0.28_8_0.24_9_4.3_0_1.1_1_0.2_2_0.54_A1_0.26_P_30/inp064.err for more details.
ERROR in MURE::BuildMCNPFile
	 Some nuclei have troubles, see transcript U5_1.3_8_92_P6_0.28_8_0.24_9_4.3_0_1.1_1_0.2_2_0.54_A1_0.26_P_30/inp065.err for more details.
ERROR in MURE::WriteMaterial(ostream &Out)
	 Some nuclei have troubles, see transcript U5_1.3_8_92_P6_0.28_8_0.24_9_4.3_0_1.1_1_0.2_2_0.54_A1_0.26_P_30/inp065.err for more details.
ERROR in MURE::BuildMCNPFile
	 Some nuclei have troubles, see transcript U5_1.3_8_92_P6_0.28_8_0.24_9_4.3_0_1.1_1_0.2_2_0.54_A1_0.26_P_30/inp066.err for more details.
ERROR in MURE::WriteMaterial(ostream &Out)
	 Some nuclei have troubles, see transcript U5_1.3_8_92_P6_0.28_8_0.24_9_4.3_0_1.1_1_0.2_2_0.54_A1_0.26_P_30/inp066.err for more details.
ERROR in MURE::BuildMCNPFile
	 Some nuclei have troubles, see transcript U5_1.3_8_92_P6_0.28_8_0.24_9_4.3_0_1.1_1_0.2_2_0.54_A1_0.26_P_30/inp067.err for more details.
ERROR in MURE::WriteMaterial(ostream &Out)
	 Some nuclei have troubles, see transcript U5_1.3_8_92_P6_0.28_8_0.24_9_4.3_0_1.1_1_0.2_2_0.54_A1_0.26_P_30/inp067.err for more details.
ERROR in MURE::BuildMCNPFile
	 Some nuclei have troubles, see transcript U5_1.3_8_92_P6_0.28_8_0.24_9_4.3_0_1.1_1_0.2_2_0.54_A1_0.26_P_30/inp068.err for more details.
ERROR in MURE::WriteMaterial(ostream &Out)
	 Some nuclei have troubles, see transcript U5_1.3_8_92_P6_0.28_8_0.24_9_4.3_0_1.1_1_0.2_2_0.54_A1_0.26_P_30/inp068.err for more details.
ERROR in MURE::BuildMCNPFile
	 Some nuclei have troubles, see transcript U5_1.3_8_92_P6_0.28_8_0.24_9_4.3_0_1.1_1_0.2_2_0.54_A1_0.26_P_30/inp069.err for more details.
ERROR in MURE::WriteMaterial(ostream &Out)
	 Some nuclei have troubles, see transcript U5_1.3_8_92_P6_0.28_8_0.24_9_4.3_0_1.1_1_0.2_2_0.54_A1_0.26_P_30/inp069.err for more details.
ERROR in MURE::BuildMCNPFile
	 Some nuclei have troubles, see transcript U5_1.3_8_92_P6_0.28_8_0.24_9_4.3_0_1.1_1_0.2_2_0.54_A1_0.26_P_30/inp070.err for more details.
ERROR in MURE::WriteMaterial(ostream &Out)
	 Some nuclei have troubles, see transcript U5_1.3_8_92_P6_0.28_8_0.24_9_4.3_0_1.1_1_0.2_2_0.54_A1_0.26_P_30/inp070.err for more details.
ERROR in MURE::BuildMCNPFile
	 Some nuclei have troubles, see transcript U5_1.3_8_92_P6_0.28_8_0.24_9_4.3_0_1.1_1_0.2_2_0.54_A1_0.26_P_30/inp071.err for more details.
ERROR in MURE::WriteMaterial(ostream &Out)
	 Some nuclei have troubles, see transcript U5_1.3_8_92_P6_0.28_8_0.24_9_4.3_0_1.1_1_0.2_2_0.54_A1_0.26_P_30/inp071.err for more details.
ERROR in MURE::BuildMCNPFile
	 Some nuclei have troubles, see transcript U5_1.3_8_92_P6_0.28_8_0.24_9_4.3_0_1.1_1_0.2_2_0.54_A1_0.26_P_30/inp072.err for more details.
ERROR in MURE::WriteMaterial(ostream &Out)
	 Some nuclei have troubles, see transcript U5_1.3_8_92_P6_0.28_8_0.24_9_4.3_0_1.1_1_0.2_2_0.54_A1_0.26_P_30/inp072.err for more details.
ERROR in MURE::BuildMCNPFile
	 Some nuclei have troubles, see transcript U5_1.3_8_92_P6_0.28_8_0.24_9_4.3_0_1.1_1_0.2_2_0.54_A1_0.26_P_30/inp073.err for more details.
ERROR in MURE::WriteMaterial(ostream &Out)
	 Some nuclei have troubles, see transcript U5_1.3_8_92_P6_0.28_8_0.24_9_4.3_0_1.1_1_0.2_2_0.54_A1_0.26_P_30/inp073.err for more details.
ERROR in MURE::BuildMCNPFile
	 Some nuclei have troubles, see transcript U5_1.3_8_92_P6_0.28_8_0.24_9_4.3_0_1.1_1_0.2_2_0.54_A1_0.26_P_30/inp074.err for more details.
ERROR in MURE::WriteMaterial(ostream &Out)
	 Some nuclei have troubles, see transcript U5_1.3_8_92_P6_0.28_8_0.24_9_4.3_0_1.1_1_0.2_2_0.54_A1_0.26_P_30/inp074.err for more details.
ERROR in MURE::BuildMCNPFile
	 Some nuclei have troubles, see transcript U5_1.3_8_92_P6_0.28_8_0.24_9_4.3_0_1.1_1_0.2_2_0.54_A1_0.26_P_30/inp075.err for more details.
ERROR in MURE::WriteMaterial(ostream &Out)
	 Some nuclei have troubles, see transcript U5_1.3_8_92_P6_0.28_8_0.24_9_4.3_0_1.1_1_0.2_2_0.54_A1_0.26_P_30/inp075.err for more details.
ERROR in MURE::BuildMCNPFile
	 Some nuclei have troubles, see transcript U5_1.3_8_92_P6_0.28_8_0.24_9_4.3_0_1.1_1_0.2_2_0.54_A1_0.26_P_30/inp076.err for more details.
ERROR in MURE::WriteMaterial(ostream &Out)
	 Some nuclei have troubles, see transcript U5_1.3_8_92_P6_0.28_8_0.24_9_4.3_0_1.1_1_0.2_2_0.54_A1_0.26_P_30/inp076.err for more details.
ERROR in MURE::BuildMCNPFile
	 Some nuclei have troubles, see transcript U5_1.3_8_92_P6_0.28_8_0.24_9_4.3_0_1.1_1_0.2_2_0.54_A1_0.26_P_30/inp077.err for more details.
ERROR in MURE::WriteMaterial(ostream &Out)
	 Some nuclei have troubles, see transcript U5_1.3_8_92_P6_0.28_8_0.24_9_4.3_0_1.1_1_0.2_2_0.54_A1_0.26_P_30/inp077.err for more details.
ERROR in MURE::BuildMCNPFile
	 Some nuclei have troubles, see transcript U5_1.3_8_92_P6_0.28_8_0.24_9_4.3_0_1.1_1_0.2_2_0.54_A1_0.26_P_30/inp078.err for more details.
ERROR in MURE::WriteMaterial(ostream &Out)
	 Some nuclei have troubles, see transcript U5_1.3_8_92_P6_0.28_8_0.24_9_4.3_0_1.1_1_0.2_2_0.54_A1_0.26_P_30/inp078.err for more details.
ERROR in MURE::BuildMCNPFile
	 Some nuclei have troubles, see transcript U5_1.3_8_92_P6_0.28_8_0.24_9_4.3_0_1.1_1_0.2_2_0.54_A1_0.26_P_30/inp079.err for more details.
ERROR in MURE::WriteMaterial(ostream &Out)
	 Some nuclei have troubles, see transcript U5_1.3_8_92_P6_0.28_8_0.24_9_4.3_0_1.1_1_0.2_2_0.54_A1_0.26_P_30/inp079.err for more details.
* About to connect() to ftp.box.com port 21 (#0)
*   Trying 74.112.186.81... connected
* Connected to ftp.box.com (74.112.186.81) port 21 (#0)
< 220 Service ready for new user.
> AUTH SSL
< 234 Command AUTH okay; starting SSL connection.
* Initializing NSS with certpath: sql:/etc/pki/nssdb
*   CAfile: /etc/pki/tls/certs/ca-bundle.crt
  CApath: none
* SSL connection using TLS_RSA_WITH_AES_128_CBC_SHA
* Server certificate:
* 	subject: CN=*.box.com,O="Box, Inc.",L=Los Altos,ST=California,C=US
* 	start date: Nov 13 19:22:20 2014 GMT
* 	expire date: Oct 23 02:42:03 2017 GMT
* 	common name: *.box.com
* 	issuer: CN=GeoTrust SSL CA - G4,O=GeoTrust Inc.,C=US
> USER mouginot@wisc.edu
< 331 User name okay, need password for mouginot@wisc.edu.
> PASS line150782
< 230 User logged in, proceed.
> PBSZ 0
< 200 Command PBSZ okay.
> PROT P
< 200 Command PROT okay.
> PWD
< 257 "/" is current directory.
* Entry path is '/'
> CWD MODEL_DATA
< 250 Directory changed to /MODEL_DATA
> CWD PWR_TRU_MOX_PSPEC
< 250 Directory changed to /MODEL_DATA/PWR_TRU_MOX_PSPEC
> CWD 100
< 250 Directory changed to /MODEL_DATA/PWR_TRU_MOX_PSPEC/100
> PASV
* Connect data stream passively
< 227 Entering Passive Mode (74,112,186,81,48,141)
* Skips 74.112.186.81 for data connection, uses 74.112.186.81 instead
*   Trying 74.112.186.81... connected
* Connecting to 74.112.186.81 (74.112.186.81) port 12429
> TYPE I
< 200 Command TYPE okay.
> STOR 50_raw.tar.gz
< 150 File status okay; about to open data connection.
* Doing the SSL/TLS handshake on the data stream
*   CAfile: /etc/pki/tls/certs/ca-bundle.crt
  CApath: none
* SSL connection using TLS_RSA_WITH_AES_128_CBC_SHA
* Server certificate:
* 	subject: CN=*.box.com,O="Box, Inc.",L=Los Altos,ST=California,C=US
* 	start date: Nov 13 19:22:20 2014 GMT
* 	expire date: Oct 23 02:42:03 2017 GMT
* 	common name: *.box.com
* 	issuer: CN=GeoTrust SSL CA - G4,O=GeoTrust Inc.,C=US
} [data not shown]
  % Total    % Received % Xferd  Average Speed   Time    Time     Time  Current
                                 Dload  Upload   Total   Spent    Left  Speed
  0 43.5M    0     0    0 16384      0   3708  3:25:22  0:00:04  3:25:18  3708  0 43.5M    0     0    0  288k      0  60781  0:12:31  0:00:04  0:12:27  625k  8 43.5M    0     0    8 3632k      0   623k  0:01:11  0:00:05  0:01:06 2571k 41 43.5M    0     0   41 17.9M      0  2690k  0:00:16  0:00:06  0:00:10 7627k 82 43.5M    0     0   82 35.7M      0  4675k  0:00:09  0:00:07  0:00:02 10.4M* Remembering we are in dir "MODEL_DATA/PWR_TRU_MOX_PSPEC/100/"
100 43.5M    0     0  100 43.5M      0  4856k  0:00:09  0:00:09 --:--:-- 9349k100 43.5M    0     0  100 43.5M      0  4379k  0:00:10  0:00:10 --:--:-- 8306k100 43.5M    0     0  100 43.5M      0  3987k  0:00:11  0:00:11 --:--:-- 7638k100 43.5M    0     0  100 43.5M      0  3660k  0:00:12  0:00:12 --:--:-- 4892k< 226 Transfer complete.
100 43.5M    0     0  100 43.5M      0  3538k  0:00:12  0:00:12 --:--:-- 1676k* Connection #0 to host ftp.box.com left intact

> QUIT
< 221 Goodbye.
* Closing connection #0
