ERROR in MURE::BuildXSDIR()
	 Some nuclei have troubles, see transcript U5_1.7_8_85_P6_0.6_8_0.52_9_6.8_0_2.4_1_1.5_2_1.5_A1_0.29_P_17/inp000.err for more details.
ERROR in MURE::BuildMCNPFile
	 Some nuclei have troubles, see transcript U5_1.7_8_85_P6_0.6_8_0.52_9_6.8_0_2.4_1_1.5_2_1.5_A1_0.29_P_17/inp000.err for more details.
ERROR in MURE::WriteMaterial(ostream &Out)
	 Some nuclei have troubles, see transcript U5_1.7_8_85_P6_0.6_8_0.52_9_6.8_0_2.4_1_1.5_2_1.5_A1_0.29_P_17/inp000.err for more details.
ERROR in MURE::BuildMCNPFile
	 Some nuclei have troubles, see transcript U5_1.7_8_85_P6_0.6_8_0.52_9_6.8_0_2.4_1_1.5_2_1.5_A1_0.29_P_17/inp001.err for more details.
ERROR in MURE::WriteMaterial(ostream &Out)
	 Some nuclei have troubles, see transcript U5_1.7_8_85_P6_0.6_8_0.52_9_6.8_0_2.4_1_1.5_2_1.5_A1_0.29_P_17/inp001.err for more details.
ERROR in MURE::BuildMCNPFile
	 Some nuclei have troubles, see transcript U5_1.7_8_85_P6_0.6_8_0.52_9_6.8_0_2.4_1_1.5_2_1.5_A1_0.29_P_17/inp002.err for more details.
ERROR in MURE::WriteMaterial(ostream &Out)
	 Some nuclei have troubles, see transcript U5_1.7_8_85_P6_0.6_8_0.52_9_6.8_0_2.4_1_1.5_2_1.5_A1_0.29_P_17/inp002.err for more details.
ERROR in MURE::BuildMCNPFile
	 Some nuclei have troubles, see transcript U5_1.7_8_85_P6_0.6_8_0.52_9_6.8_0_2.4_1_1.5_2_1.5_A1_0.29_P_17/inp003.err for more details.
ERROR in MURE::WriteMaterial(ostream &Out)
	 Some nuclei have troubles, see transcript U5_1.7_8_85_P6_0.6_8_0.52_9_6.8_0_2.4_1_1.5_2_1.5_A1_0.29_P_17/inp003.err for more details.
ERROR in MURE::BuildMCNPFile
	 Some nuclei have troubles, see transcript U5_1.7_8_85_P6_0.6_8_0.52_9_6.8_0_2.4_1_1.5_2_1.5_A1_0.29_P_17/inp004.err for more details.
ERROR in MURE::WriteMaterial(ostream &Out)
	 Some nuclei have troubles, see transcript U5_1.7_8_85_P6_0.6_8_0.52_9_6.8_0_2.4_1_1.5_2_1.5_A1_0.29_P_17/inp004.err for more details.
ERROR in MURE::BuildMCNPFile
	 Some nuclei have troubles, see transcript U5_1.7_8_85_P6_0.6_8_0.52_9_6.8_0_2.4_1_1.5_2_1.5_A1_0.29_P_17/inp005.err for more details.
ERROR in MURE::WriteMaterial(ostream &Out)
	 Some nuclei have troubles, see transcript U5_1.7_8_85_P6_0.6_8_0.52_9_6.8_0_2.4_1_1.5_2_1.5_A1_0.29_P_17/inp005.err for more details.
ERROR in MURE::BuildMCNPFile
	 Some nuclei have troubles, see transcript U5_1.7_8_85_P6_0.6_8_0.52_9_6.8_0_2.4_1_1.5_2_1.5_A1_0.29_P_17/inp006.err for more details.
ERROR in MURE::WriteMaterial(ostream &Out)
	 Some nuclei have troubles, see transcript U5_1.7_8_85_P6_0.6_8_0.52_9_6.8_0_2.4_1_1.5_2_1.5_A1_0.29_P_17/inp006.err for more details.
ERROR in MURE::BuildMCNPFile
	 Some nuclei have troubles, see transcript U5_1.7_8_85_P6_0.6_8_0.52_9_6.8_0_2.4_1_1.5_2_1.5_A1_0.29_P_17/inp007.err for more details.
ERROR in MURE::WriteMaterial(ostream &Out)
	 Some nuclei have troubles, see transcript U5_1.7_8_85_P6_0.6_8_0.52_9_6.8_0_2.4_1_1.5_2_1.5_A1_0.29_P_17/inp007.err for more details.
ERROR in MURE::BuildMCNPFile
	 Some nuclei have troubles, see transcript U5_1.7_8_85_P6_0.6_8_0.52_9_6.8_0_2.4_1_1.5_2_1.5_A1_0.29_P_17/inp008.err for more details.
ERROR in MURE::WriteMaterial(ostream &Out)
	 Some nuclei have troubles, see transcript U5_1.7_8_85_P6_0.6_8_0.52_9_6.8_0_2.4_1_1.5_2_1.5_A1_0.29_P_17/inp008.err for more details.
ERROR in MURE::BuildMCNPFile
	 Some nuclei have troubles, see transcript U5_1.7_8_85_P6_0.6_8_0.52_9_6.8_0_2.4_1_1.5_2_1.5_A1_0.29_P_17/inp009.err for more details.
ERROR in MURE::WriteMaterial(ostream &Out)
	 Some nuclei have troubles, see transcript U5_1.7_8_85_P6_0.6_8_0.52_9_6.8_0_2.4_1_1.5_2_1.5_A1_0.29_P_17/inp009.err for more details.
ERROR in MURE::BuildMCNPFile
	 Some nuclei have troubles, see transcript U5_1.7_8_85_P6_0.6_8_0.52_9_6.8_0_2.4_1_1.5_2_1.5_A1_0.29_P_17/inp010.err for more details.
ERROR in MURE::WriteMaterial(ostream &Out)
	 Some nuclei have troubles, see transcript U5_1.7_8_85_P6_0.6_8_0.52_9_6.8_0_2.4_1_1.5_2_1.5_A1_0.29_P_17/inp010.err for more details.
ERROR in MURE::BuildMCNPFile
	 Some nuclei have troubles, see transcript U5_1.7_8_85_P6_0.6_8_0.52_9_6.8_0_2.4_1_1.5_2_1.5_A1_0.29_P_17/inp011.err for more details.
ERROR in MURE::WriteMaterial(ostream &Out)
	 Some nuclei have troubles, see transcript U5_1.7_8_85_P6_0.6_8_0.52_9_6.8_0_2.4_1_1.5_2_1.5_A1_0.29_P_17/inp011.err for more details.
ERROR in MURE::BuildMCNPFile
	 Some nuclei have troubles, see transcript U5_1.7_8_85_P6_0.6_8_0.52_9_6.8_0_2.4_1_1.5_2_1.5_A1_0.29_P_17/inp012.err for more details.
ERROR in MURE::WriteMaterial(ostream &Out)
	 Some nuclei have troubles, see transcript U5_1.7_8_85_P6_0.6_8_0.52_9_6.8_0_2.4_1_1.5_2_1.5_A1_0.29_P_17/inp012.err for more details.
ERROR in MURE::BuildMCNPFile
	 Some nuclei have troubles, see transcript U5_1.7_8_85_P6_0.6_8_0.52_9_6.8_0_2.4_1_1.5_2_1.5_A1_0.29_P_17/inp013.err for more details.
ERROR in MURE::WriteMaterial(ostream &Out)
	 Some nuclei have troubles, see transcript U5_1.7_8_85_P6_0.6_8_0.52_9_6.8_0_2.4_1_1.5_2_1.5_A1_0.29_P_17/inp013.err for more details.
ERROR in MURE::BuildMCNPFile
	 Some nuclei have troubles, see transcript U5_1.7_8_85_P6_0.6_8_0.52_9_6.8_0_2.4_1_1.5_2_1.5_A1_0.29_P_17/inp014.err for more details.
ERROR in MURE::WriteMaterial(ostream &Out)
	 Some nuclei have troubles, see transcript U5_1.7_8_85_P6_0.6_8_0.52_9_6.8_0_2.4_1_1.5_2_1.5_A1_0.29_P_17/inp014.err for more details.
ERROR in MURE::BuildMCNPFile
	 Some nuclei have troubles, see transcript U5_1.7_8_85_P6_0.6_8_0.52_9_6.8_0_2.4_1_1.5_2_1.5_A1_0.29_P_17/inp015.err for more details.
ERROR in MURE::WriteMaterial(ostream &Out)
	 Some nuclei have troubles, see transcript U5_1.7_8_85_P6_0.6_8_0.52_9_6.8_0_2.4_1_1.5_2_1.5_A1_0.29_P_17/inp015.err for more details.
ERROR in MURE::BuildMCNPFile
	 Some nuclei have troubles, see transcript U5_1.7_8_85_P6_0.6_8_0.52_9_6.8_0_2.4_1_1.5_2_1.5_A1_0.29_P_17/inp016.err for more details.
ERROR in MURE::WriteMaterial(ostream &Out)
	 Some nuclei have troubles, see transcript U5_1.7_8_85_P6_0.6_8_0.52_9_6.8_0_2.4_1_1.5_2_1.5_A1_0.29_P_17/inp016.err for more details.
ERROR in MURE::BuildMCNPFile
	 Some nuclei have troubles, see transcript U5_1.7_8_85_P6_0.6_8_0.52_9_6.8_0_2.4_1_1.5_2_1.5_A1_0.29_P_17/inp017.err for more details.
ERROR in MURE::WriteMaterial(ostream &Out)
	 Some nuclei have troubles, see transcript U5_1.7_8_85_P6_0.6_8_0.52_9_6.8_0_2.4_1_1.5_2_1.5_A1_0.29_P_17/inp017.err for more details.
ERROR in MURE::BuildMCNPFile
	 Some nuclei have troubles, see transcript U5_1.7_8_85_P6_0.6_8_0.52_9_6.8_0_2.4_1_1.5_2_1.5_A1_0.29_P_17/inp018.err for more details.
ERROR in MURE::WriteMaterial(ostream &Out)
	 Some nuclei have troubles, see transcript U5_1.7_8_85_P6_0.6_8_0.52_9_6.8_0_2.4_1_1.5_2_1.5_A1_0.29_P_17/inp018.err for more details.
ERROR in MURE::BuildMCNPFile
	 Some nuclei have troubles, see transcript U5_1.7_8_85_P6_0.6_8_0.52_9_6.8_0_2.4_1_1.5_2_1.5_A1_0.29_P_17/inp019.err for more details.
ERROR in MURE::WriteMaterial(ostream &Out)
	 Some nuclei have troubles, see transcript U5_1.7_8_85_P6_0.6_8_0.52_9_6.8_0_2.4_1_1.5_2_1.5_A1_0.29_P_17/inp019.err for more details.
ERROR in MURE::BuildMCNPFile
	 Some nuclei have troubles, see transcript U5_1.7_8_85_P6_0.6_8_0.52_9_6.8_0_2.4_1_1.5_2_1.5_A1_0.29_P_17/inp020.err for more details.
ERROR in MURE::WriteMaterial(ostream &Out)
	 Some nuclei have troubles, see transcript U5_1.7_8_85_P6_0.6_8_0.52_9_6.8_0_2.4_1_1.5_2_1.5_A1_0.29_P_17/inp020.err for more details.
ERROR in MURE::BuildMCNPFile
	 Some nuclei have troubles, see transcript U5_1.7_8_85_P6_0.6_8_0.52_9_6.8_0_2.4_1_1.5_2_1.5_A1_0.29_P_17/inp021.err for more details.
ERROR in MURE::WriteMaterial(ostream &Out)
	 Some nuclei have troubles, see transcript U5_1.7_8_85_P6_0.6_8_0.52_9_6.8_0_2.4_1_1.5_2_1.5_A1_0.29_P_17/inp021.err for more details.
ERROR in MURE::BuildMCNPFile
	 Some nuclei have troubles, see transcript U5_1.7_8_85_P6_0.6_8_0.52_9_6.8_0_2.4_1_1.5_2_1.5_A1_0.29_P_17/inp022.err for more details.
ERROR in MURE::WriteMaterial(ostream &Out)
	 Some nuclei have troubles, see transcript U5_1.7_8_85_P6_0.6_8_0.52_9_6.8_0_2.4_1_1.5_2_1.5_A1_0.29_P_17/inp022.err for more details.
ERROR in MURE::BuildMCNPFile
	 Some nuclei have troubles, see transcript U5_1.7_8_85_P6_0.6_8_0.52_9_6.8_0_2.4_1_1.5_2_1.5_A1_0.29_P_17/inp023.err for more details.
ERROR in MURE::WriteMaterial(ostream &Out)
	 Some nuclei have troubles, see transcript U5_1.7_8_85_P6_0.6_8_0.52_9_6.8_0_2.4_1_1.5_2_1.5_A1_0.29_P_17/inp023.err for more details.
ERROR in MURE::BuildMCNPFile
	 Some nuclei have troubles, see transcript U5_1.7_8_85_P6_0.6_8_0.52_9_6.8_0_2.4_1_1.5_2_1.5_A1_0.29_P_17/inp024.err for more details.
ERROR in MURE::WriteMaterial(ostream &Out)
	 Some nuclei have troubles, see transcript U5_1.7_8_85_P6_0.6_8_0.52_9_6.8_0_2.4_1_1.5_2_1.5_A1_0.29_P_17/inp024.err for more details.
ERROR in MURE::BuildMCNPFile
	 Some nuclei have troubles, see transcript U5_1.7_8_85_P6_0.6_8_0.52_9_6.8_0_2.4_1_1.5_2_1.5_A1_0.29_P_17/inp025.err for more details.
ERROR in MURE::WriteMaterial(ostream &Out)
	 Some nuclei have troubles, see transcript U5_1.7_8_85_P6_0.6_8_0.52_9_6.8_0_2.4_1_1.5_2_1.5_A1_0.29_P_17/inp025.err for more details.
ERROR in MURE::BuildMCNPFile
	 Some nuclei have troubles, see transcript U5_1.7_8_85_P6_0.6_8_0.52_9_6.8_0_2.4_1_1.5_2_1.5_A1_0.29_P_17/inp026.err for more details.
ERROR in MURE::WriteMaterial(ostream &Out)
	 Some nuclei have troubles, see transcript U5_1.7_8_85_P6_0.6_8_0.52_9_6.8_0_2.4_1_1.5_2_1.5_A1_0.29_P_17/inp026.err for more details.
ERROR in MURE::BuildMCNPFile
	 Some nuclei have troubles, see transcript U5_1.7_8_85_P6_0.6_8_0.52_9_6.8_0_2.4_1_1.5_2_1.5_A1_0.29_P_17/inp027.err for more details.
ERROR in MURE::WriteMaterial(ostream &Out)
	 Some nuclei have troubles, see transcript U5_1.7_8_85_P6_0.6_8_0.52_9_6.8_0_2.4_1_1.5_2_1.5_A1_0.29_P_17/inp027.err for more details.
ERROR in MURE::BuildMCNPFile
	 Some nuclei have troubles, see transcript U5_1.7_8_85_P6_0.6_8_0.52_9_6.8_0_2.4_1_1.5_2_1.5_A1_0.29_P_17/inp028.err for more details.
ERROR in MURE::WriteMaterial(ostream &Out)
	 Some nuclei have troubles, see transcript U5_1.7_8_85_P6_0.6_8_0.52_9_6.8_0_2.4_1_1.5_2_1.5_A1_0.29_P_17/inp028.err for more details.
ERROR in MURE::BuildMCNPFile
	 Some nuclei have troubles, see transcript U5_1.7_8_85_P6_0.6_8_0.52_9_6.8_0_2.4_1_1.5_2_1.5_A1_0.29_P_17/inp029.err for more details.
ERROR in MURE::WriteMaterial(ostream &Out)
	 Some nuclei have troubles, see transcript U5_1.7_8_85_P6_0.6_8_0.52_9_6.8_0_2.4_1_1.5_2_1.5_A1_0.29_P_17/inp029.err for more details.
ERROR in MURE::BuildMCNPFile
	 Some nuclei have troubles, see transcript U5_1.7_8_85_P6_0.6_8_0.52_9_6.8_0_2.4_1_1.5_2_1.5_A1_0.29_P_17/inp030.err for more details.
ERROR in MURE::WriteMaterial(ostream &Out)
	 Some nuclei have troubles, see transcript U5_1.7_8_85_P6_0.6_8_0.52_9_6.8_0_2.4_1_1.5_2_1.5_A1_0.29_P_17/inp030.err for more details.
ERROR in MURE::BuildMCNPFile
	 Some nuclei have troubles, see transcript U5_1.7_8_85_P6_0.6_8_0.52_9_6.8_0_2.4_1_1.5_2_1.5_A1_0.29_P_17/inp031.err for more details.
ERROR in MURE::WriteMaterial(ostream &Out)
	 Some nuclei have troubles, see transcript U5_1.7_8_85_P6_0.6_8_0.52_9_6.8_0_2.4_1_1.5_2_1.5_A1_0.29_P_17/inp031.err for more details.
ERROR in MURE::BuildMCNPFile
	 Some nuclei have troubles, see transcript U5_1.7_8_85_P6_0.6_8_0.52_9_6.8_0_2.4_1_1.5_2_1.5_A1_0.29_P_17/inp032.err for more details.
ERROR in MURE::WriteMaterial(ostream &Out)
	 Some nuclei have troubles, see transcript U5_1.7_8_85_P6_0.6_8_0.52_9_6.8_0_2.4_1_1.5_2_1.5_A1_0.29_P_17/inp032.err for more details.
ERROR in MURE::BuildMCNPFile
	 Some nuclei have troubles, see transcript U5_1.7_8_85_P6_0.6_8_0.52_9_6.8_0_2.4_1_1.5_2_1.5_A1_0.29_P_17/inp033.err for more details.
ERROR in MURE::WriteMaterial(ostream &Out)
	 Some nuclei have troubles, see transcript U5_1.7_8_85_P6_0.6_8_0.52_9_6.8_0_2.4_1_1.5_2_1.5_A1_0.29_P_17/inp033.err for more details.
ERROR in MURE::BuildMCNPFile
	 Some nuclei have troubles, see transcript U5_1.7_8_85_P6_0.6_8_0.52_9_6.8_0_2.4_1_1.5_2_1.5_A1_0.29_P_17/inp034.err for more details.
ERROR in MURE::WriteMaterial(ostream &Out)
	 Some nuclei have troubles, see transcript U5_1.7_8_85_P6_0.6_8_0.52_9_6.8_0_2.4_1_1.5_2_1.5_A1_0.29_P_17/inp034.err for more details.
ERROR in MURE::BuildMCNPFile
	 Some nuclei have troubles, see transcript U5_1.7_8_85_P6_0.6_8_0.52_9_6.8_0_2.4_1_1.5_2_1.5_A1_0.29_P_17/inp035.err for more details.
ERROR in MURE::WriteMaterial(ostream &Out)
	 Some nuclei have troubles, see transcript U5_1.7_8_85_P6_0.6_8_0.52_9_6.8_0_2.4_1_1.5_2_1.5_A1_0.29_P_17/inp035.err for more details.
ERROR in MURE::BuildMCNPFile
	 Some nuclei have troubles, see transcript U5_1.7_8_85_P6_0.6_8_0.52_9_6.8_0_2.4_1_1.5_2_1.5_A1_0.29_P_17/inp036.err for more details.
ERROR in MURE::WriteMaterial(ostream &Out)
	 Some nuclei have troubles, see transcript U5_1.7_8_85_P6_0.6_8_0.52_9_6.8_0_2.4_1_1.5_2_1.5_A1_0.29_P_17/inp036.err for more details.
ERROR in MURE::BuildMCNPFile
	 Some nuclei have troubles, see transcript U5_1.7_8_85_P6_0.6_8_0.52_9_6.8_0_2.4_1_1.5_2_1.5_A1_0.29_P_17/inp037.err for more details.
ERROR in MURE::WriteMaterial(ostream &Out)
	 Some nuclei have troubles, see transcript U5_1.7_8_85_P6_0.6_8_0.52_9_6.8_0_2.4_1_1.5_2_1.5_A1_0.29_P_17/inp037.err for more details.
ERROR in MURE::BuildMCNPFile
	 Some nuclei have troubles, see transcript U5_1.7_8_85_P6_0.6_8_0.52_9_6.8_0_2.4_1_1.5_2_1.5_A1_0.29_P_17/inp038.err for more details.
ERROR in MURE::WriteMaterial(ostream &Out)
	 Some nuclei have troubles, see transcript U5_1.7_8_85_P6_0.6_8_0.52_9_6.8_0_2.4_1_1.5_2_1.5_A1_0.29_P_17/inp038.err for more details.
ERROR in MURE::BuildMCNPFile
	 Some nuclei have troubles, see transcript U5_1.7_8_85_P6_0.6_8_0.52_9_6.8_0_2.4_1_1.5_2_1.5_A1_0.29_P_17/inp039.err for more details.
ERROR in MURE::WriteMaterial(ostream &Out)
	 Some nuclei have troubles, see transcript U5_1.7_8_85_P6_0.6_8_0.52_9_6.8_0_2.4_1_1.5_2_1.5_A1_0.29_P_17/inp039.err for more details.
ERROR in MURE::BuildMCNPFile
	 Some nuclei have troubles, see transcript U5_1.7_8_85_P6_0.6_8_0.52_9_6.8_0_2.4_1_1.5_2_1.5_A1_0.29_P_17/inp040.err for more details.
ERROR in MURE::WriteMaterial(ostream &Out)
	 Some nuclei have troubles, see transcript U5_1.7_8_85_P6_0.6_8_0.52_9_6.8_0_2.4_1_1.5_2_1.5_A1_0.29_P_17/inp040.err for more details.
ERROR in MURE::BuildMCNPFile
	 Some nuclei have troubles, see transcript U5_1.7_8_85_P6_0.6_8_0.52_9_6.8_0_2.4_1_1.5_2_1.5_A1_0.29_P_17/inp041.err for more details.
ERROR in MURE::WriteMaterial(ostream &Out)
	 Some nuclei have troubles, see transcript U5_1.7_8_85_P6_0.6_8_0.52_9_6.8_0_2.4_1_1.5_2_1.5_A1_0.29_P_17/inp041.err for more details.
ERROR in MURE::BuildMCNPFile
	 Some nuclei have troubles, see transcript U5_1.7_8_85_P6_0.6_8_0.52_9_6.8_0_2.4_1_1.5_2_1.5_A1_0.29_P_17/inp042.err for more details.
ERROR in MURE::WriteMaterial(ostream &Out)
	 Some nuclei have troubles, see transcript U5_1.7_8_85_P6_0.6_8_0.52_9_6.8_0_2.4_1_1.5_2_1.5_A1_0.29_P_17/inp042.err for more details.
ERROR in MURE::BuildMCNPFile
	 Some nuclei have troubles, see transcript U5_1.7_8_85_P6_0.6_8_0.52_9_6.8_0_2.4_1_1.5_2_1.5_A1_0.29_P_17/inp043.err for more details.
ERROR in MURE::WriteMaterial(ostream &Out)
	 Some nuclei have troubles, see transcript U5_1.7_8_85_P6_0.6_8_0.52_9_6.8_0_2.4_1_1.5_2_1.5_A1_0.29_P_17/inp043.err for more details.
ERROR in MURE::BuildMCNPFile
	 Some nuclei have troubles, see transcript U5_1.7_8_85_P6_0.6_8_0.52_9_6.8_0_2.4_1_1.5_2_1.5_A1_0.29_P_17/inp044.err for more details.
ERROR in MURE::WriteMaterial(ostream &Out)
	 Some nuclei have troubles, see transcript U5_1.7_8_85_P6_0.6_8_0.52_9_6.8_0_2.4_1_1.5_2_1.5_A1_0.29_P_17/inp044.err for more details.
ERROR in MURE::BuildMCNPFile
	 Some nuclei have troubles, see transcript U5_1.7_8_85_P6_0.6_8_0.52_9_6.8_0_2.4_1_1.5_2_1.5_A1_0.29_P_17/inp045.err for more details.
ERROR in MURE::WriteMaterial(ostream &Out)
	 Some nuclei have troubles, see transcript U5_1.7_8_85_P6_0.6_8_0.52_9_6.8_0_2.4_1_1.5_2_1.5_A1_0.29_P_17/inp045.err for more details.
ERROR in MURE::BuildMCNPFile
	 Some nuclei have troubles, see transcript U5_1.7_8_85_P6_0.6_8_0.52_9_6.8_0_2.4_1_1.5_2_1.5_A1_0.29_P_17/inp046.err for more details.
ERROR in MURE::WriteMaterial(ostream &Out)
	 Some nuclei have troubles, see transcript U5_1.7_8_85_P6_0.6_8_0.52_9_6.8_0_2.4_1_1.5_2_1.5_A1_0.29_P_17/inp046.err for more details.
ERROR in MURE::BuildMCNPFile
	 Some nuclei have troubles, see transcript U5_1.7_8_85_P6_0.6_8_0.52_9_6.8_0_2.4_1_1.5_2_1.5_A1_0.29_P_17/inp047.err for more details.
ERROR in MURE::WriteMaterial(ostream &Out)
	 Some nuclei have troubles, see transcript U5_1.7_8_85_P6_0.6_8_0.52_9_6.8_0_2.4_1_1.5_2_1.5_A1_0.29_P_17/inp047.err for more details.
ERROR in MURE::BuildMCNPFile
	 Some nuclei have troubles, see transcript U5_1.7_8_85_P6_0.6_8_0.52_9_6.8_0_2.4_1_1.5_2_1.5_A1_0.29_P_17/inp048.err for more details.
ERROR in MURE::WriteMaterial(ostream &Out)
	 Some nuclei have troubles, see transcript U5_1.7_8_85_P6_0.6_8_0.52_9_6.8_0_2.4_1_1.5_2_1.5_A1_0.29_P_17/inp048.err for more details.
ERROR in MURE::BuildMCNPFile
	 Some nuclei have troubles, see transcript U5_1.7_8_85_P6_0.6_8_0.52_9_6.8_0_2.4_1_1.5_2_1.5_A1_0.29_P_17/inp049.err for more details.
ERROR in MURE::WriteMaterial(ostream &Out)
	 Some nuclei have troubles, see transcript U5_1.7_8_85_P6_0.6_8_0.52_9_6.8_0_2.4_1_1.5_2_1.5_A1_0.29_P_17/inp049.err for more details.
ERROR in MURE::BuildMCNPFile
	 Some nuclei have troubles, see transcript U5_1.7_8_85_P6_0.6_8_0.52_9_6.8_0_2.4_1_1.5_2_1.5_A1_0.29_P_17/inp050.err for more details.
ERROR in MURE::WriteMaterial(ostream &Out)
	 Some nuclei have troubles, see transcript U5_1.7_8_85_P6_0.6_8_0.52_9_6.8_0_2.4_1_1.5_2_1.5_A1_0.29_P_17/inp050.err for more details.
ERROR in MURE::BuildMCNPFile
	 Some nuclei have troubles, see transcript U5_1.7_8_85_P6_0.6_8_0.52_9_6.8_0_2.4_1_1.5_2_1.5_A1_0.29_P_17/inp051.err for more details.
ERROR in MURE::WriteMaterial(ostream &Out)
	 Some nuclei have troubles, see transcript U5_1.7_8_85_P6_0.6_8_0.52_9_6.8_0_2.4_1_1.5_2_1.5_A1_0.29_P_17/inp051.err for more details.
ERROR in MURE::BuildMCNPFile
	 Some nuclei have troubles, see transcript U5_1.7_8_85_P6_0.6_8_0.52_9_6.8_0_2.4_1_1.5_2_1.5_A1_0.29_P_17/inp052.err for more details.
ERROR in MURE::WriteMaterial(ostream &Out)
	 Some nuclei have troubles, see transcript U5_1.7_8_85_P6_0.6_8_0.52_9_6.8_0_2.4_1_1.5_2_1.5_A1_0.29_P_17/inp052.err for more details.
ERROR in MURE::BuildMCNPFile
	 Some nuclei have troubles, see transcript U5_1.7_8_85_P6_0.6_8_0.52_9_6.8_0_2.4_1_1.5_2_1.5_A1_0.29_P_17/inp053.err for more details.
ERROR in MURE::WriteMaterial(ostream &Out)
	 Some nuclei have troubles, see transcript U5_1.7_8_85_P6_0.6_8_0.52_9_6.8_0_2.4_1_1.5_2_1.5_A1_0.29_P_17/inp053.err for more details.
ERROR in MURE::BuildMCNPFile
	 Some nuclei have troubles, see transcript U5_1.7_8_85_P6_0.6_8_0.52_9_6.8_0_2.4_1_1.5_2_1.5_A1_0.29_P_17/inp054.err for more details.
ERROR in MURE::WriteMaterial(ostream &Out)
	 Some nuclei have troubles, see transcript U5_1.7_8_85_P6_0.6_8_0.52_9_6.8_0_2.4_1_1.5_2_1.5_A1_0.29_P_17/inp054.err for more details.
ERROR in MURE::BuildMCNPFile
	 Some nuclei have troubles, see transcript U5_1.7_8_85_P6_0.6_8_0.52_9_6.8_0_2.4_1_1.5_2_1.5_A1_0.29_P_17/inp055.err for more details.
ERROR in MURE::WriteMaterial(ostream &Out)
	 Some nuclei have troubles, see transcript U5_1.7_8_85_P6_0.6_8_0.52_9_6.8_0_2.4_1_1.5_2_1.5_A1_0.29_P_17/inp055.err for more details.
ERROR in MURE::BuildMCNPFile
	 Some nuclei have troubles, see transcript U5_1.7_8_85_P6_0.6_8_0.52_9_6.8_0_2.4_1_1.5_2_1.5_A1_0.29_P_17/inp056.err for more details.
ERROR in MURE::WriteMaterial(ostream &Out)
	 Some nuclei have troubles, see transcript U5_1.7_8_85_P6_0.6_8_0.52_9_6.8_0_2.4_1_1.5_2_1.5_A1_0.29_P_17/inp056.err for more details.
ERROR in MURE::BuildMCNPFile
	 Some nuclei have troubles, see transcript U5_1.7_8_85_P6_0.6_8_0.52_9_6.8_0_2.4_1_1.5_2_1.5_A1_0.29_P_17/inp057.err for more details.
ERROR in MURE::WriteMaterial(ostream &Out)
	 Some nuclei have troubles, see transcript U5_1.7_8_85_P6_0.6_8_0.52_9_6.8_0_2.4_1_1.5_2_1.5_A1_0.29_P_17/inp057.err for more details.
ERROR in MURE::BuildMCNPFile
	 Some nuclei have troubles, see transcript U5_1.7_8_85_P6_0.6_8_0.52_9_6.8_0_2.4_1_1.5_2_1.5_A1_0.29_P_17/inp058.err for more details.
ERROR in MURE::WriteMaterial(ostream &Out)
	 Some nuclei have troubles, see transcript U5_1.7_8_85_P6_0.6_8_0.52_9_6.8_0_2.4_1_1.5_2_1.5_A1_0.29_P_17/inp058.err for more details.
ERROR in MURE::BuildMCNPFile
	 Some nuclei have troubles, see transcript U5_1.7_8_85_P6_0.6_8_0.52_9_6.8_0_2.4_1_1.5_2_1.5_A1_0.29_P_17/inp059.err for more details.
ERROR in MURE::WriteMaterial(ostream &Out)
	 Some nuclei have troubles, see transcript U5_1.7_8_85_P6_0.6_8_0.52_9_6.8_0_2.4_1_1.5_2_1.5_A1_0.29_P_17/inp059.err for more details.
ERROR in MURE::BuildMCNPFile
	 Some nuclei have troubles, see transcript U5_1.7_8_85_P6_0.6_8_0.52_9_6.8_0_2.4_1_1.5_2_1.5_A1_0.29_P_17/inp060.err for more details.
ERROR in MURE::WriteMaterial(ostream &Out)
	 Some nuclei have troubles, see transcript U5_1.7_8_85_P6_0.6_8_0.52_9_6.8_0_2.4_1_1.5_2_1.5_A1_0.29_P_17/inp060.err for more details.
ERROR in MURE::BuildMCNPFile
	 Some nuclei have troubles, see transcript U5_1.7_8_85_P6_0.6_8_0.52_9_6.8_0_2.4_1_1.5_2_1.5_A1_0.29_P_17/inp061.err for more details.
ERROR in MURE::WriteMaterial(ostream &Out)
	 Some nuclei have troubles, see transcript U5_1.7_8_85_P6_0.6_8_0.52_9_6.8_0_2.4_1_1.5_2_1.5_A1_0.29_P_17/inp061.err for more details.
ERROR in MURE::BuildMCNPFile
	 Some nuclei have troubles, see transcript U5_1.7_8_85_P6_0.6_8_0.52_9_6.8_0_2.4_1_1.5_2_1.5_A1_0.29_P_17/inp062.err for more details.
ERROR in MURE::WriteMaterial(ostream &Out)
	 Some nuclei have troubles, see transcript U5_1.7_8_85_P6_0.6_8_0.52_9_6.8_0_2.4_1_1.5_2_1.5_A1_0.29_P_17/inp062.err for more details.
ERROR in MURE::BuildMCNPFile
	 Some nuclei have troubles, see transcript U5_1.7_8_85_P6_0.6_8_0.52_9_6.8_0_2.4_1_1.5_2_1.5_A1_0.29_P_17/inp063.err for more details.
ERROR in MURE::WriteMaterial(ostream &Out)
	 Some nuclei have troubles, see transcript U5_1.7_8_85_P6_0.6_8_0.52_9_6.8_0_2.4_1_1.5_2_1.5_A1_0.29_P_17/inp063.err for more details.
ERROR in MURE::BuildMCNPFile
	 Some nuclei have troubles, see transcript U5_1.7_8_85_P6_0.6_8_0.52_9_6.8_0_2.4_1_1.5_2_1.5_A1_0.29_P_17/inp064.err for more details.
ERROR in MURE::WriteMaterial(ostream &Out)
	 Some nuclei have troubles, see transcript U5_1.7_8_85_P6_0.6_8_0.52_9_6.8_0_2.4_1_1.5_2_1.5_A1_0.29_P_17/inp064.err for more details.
ERROR in MURE::BuildMCNPFile
	 Some nuclei have troubles, see transcript U5_1.7_8_85_P6_0.6_8_0.52_9_6.8_0_2.4_1_1.5_2_1.5_A1_0.29_P_17/inp065.err for more details.
ERROR in MURE::WriteMaterial(ostream &Out)
	 Some nuclei have troubles, see transcript U5_1.7_8_85_P6_0.6_8_0.52_9_6.8_0_2.4_1_1.5_2_1.5_A1_0.29_P_17/inp065.err for more details.
ERROR in MURE::BuildMCNPFile
	 Some nuclei have troubles, see transcript U5_1.7_8_85_P6_0.6_8_0.52_9_6.8_0_2.4_1_1.5_2_1.5_A1_0.29_P_17/inp066.err for more details.
ERROR in MURE::WriteMaterial(ostream &Out)
	 Some nuclei have troubles, see transcript U5_1.7_8_85_P6_0.6_8_0.52_9_6.8_0_2.4_1_1.5_2_1.5_A1_0.29_P_17/inp066.err for more details.
ERROR in MURE::BuildMCNPFile
	 Some nuclei have troubles, see transcript U5_1.7_8_85_P6_0.6_8_0.52_9_6.8_0_2.4_1_1.5_2_1.5_A1_0.29_P_17/inp067.err for more details.
ERROR in MURE::WriteMaterial(ostream &Out)
	 Some nuclei have troubles, see transcript U5_1.7_8_85_P6_0.6_8_0.52_9_6.8_0_2.4_1_1.5_2_1.5_A1_0.29_P_17/inp067.err for more details.
ERROR in MURE::BuildMCNPFile
	 Some nuclei have troubles, see transcript U5_1.7_8_85_P6_0.6_8_0.52_9_6.8_0_2.4_1_1.5_2_1.5_A1_0.29_P_17/inp068.err for more details.
ERROR in MURE::WriteMaterial(ostream &Out)
	 Some nuclei have troubles, see transcript U5_1.7_8_85_P6_0.6_8_0.52_9_6.8_0_2.4_1_1.5_2_1.5_A1_0.29_P_17/inp068.err for more details.
ERROR in MURE::BuildMCNPFile
	 Some nuclei have troubles, see transcript U5_1.7_8_85_P6_0.6_8_0.52_9_6.8_0_2.4_1_1.5_2_1.5_A1_0.29_P_17/inp069.err for more details.
ERROR in MURE::WriteMaterial(ostream &Out)
	 Some nuclei have troubles, see transcript U5_1.7_8_85_P6_0.6_8_0.52_9_6.8_0_2.4_1_1.5_2_1.5_A1_0.29_P_17/inp069.err for more details.
ERROR in MURE::BuildMCNPFile
	 Some nuclei have troubles, see transcript U5_1.7_8_85_P6_0.6_8_0.52_9_6.8_0_2.4_1_1.5_2_1.5_A1_0.29_P_17/inp070.err for more details.
ERROR in MURE::WriteMaterial(ostream &Out)
	 Some nuclei have troubles, see transcript U5_1.7_8_85_P6_0.6_8_0.52_9_6.8_0_2.4_1_1.5_2_1.5_A1_0.29_P_17/inp070.err for more details.
ERROR in MURE::BuildMCNPFile
	 Some nuclei have troubles, see transcript U5_1.7_8_85_P6_0.6_8_0.52_9_6.8_0_2.4_1_1.5_2_1.5_A1_0.29_P_17/inp071.err for more details.
ERROR in MURE::WriteMaterial(ostream &Out)
	 Some nuclei have troubles, see transcript U5_1.7_8_85_P6_0.6_8_0.52_9_6.8_0_2.4_1_1.5_2_1.5_A1_0.29_P_17/inp071.err for more details.
ERROR in MURE::BuildMCNPFile
	 Some nuclei have troubles, see transcript U5_1.7_8_85_P6_0.6_8_0.52_9_6.8_0_2.4_1_1.5_2_1.5_A1_0.29_P_17/inp072.err for more details.
ERROR in MURE::WriteMaterial(ostream &Out)
	 Some nuclei have troubles, see transcript U5_1.7_8_85_P6_0.6_8_0.52_9_6.8_0_2.4_1_1.5_2_1.5_A1_0.29_P_17/inp072.err for more details.
ERROR in MURE::BuildMCNPFile
	 Some nuclei have troubles, see transcript U5_1.7_8_85_P6_0.6_8_0.52_9_6.8_0_2.4_1_1.5_2_1.5_A1_0.29_P_17/inp073.err for more details.
ERROR in MURE::WriteMaterial(ostream &Out)
	 Some nuclei have troubles, see transcript U5_1.7_8_85_P6_0.6_8_0.52_9_6.8_0_2.4_1_1.5_2_1.5_A1_0.29_P_17/inp073.err for more details.
ERROR in MURE::BuildMCNPFile
	 Some nuclei have troubles, see transcript U5_1.7_8_85_P6_0.6_8_0.52_9_6.8_0_2.4_1_1.5_2_1.5_A1_0.29_P_17/inp074.err for more details.
ERROR in MURE::WriteMaterial(ostream &Out)
	 Some nuclei have troubles, see transcript U5_1.7_8_85_P6_0.6_8_0.52_9_6.8_0_2.4_1_1.5_2_1.5_A1_0.29_P_17/inp074.err for more details.
ERROR in MURE::BuildMCNPFile
	 Some nuclei have troubles, see transcript U5_1.7_8_85_P6_0.6_8_0.52_9_6.8_0_2.4_1_1.5_2_1.5_A1_0.29_P_17/inp075.err for more details.
ERROR in MURE::WriteMaterial(ostream &Out)
	 Some nuclei have troubles, see transcript U5_1.7_8_85_P6_0.6_8_0.52_9_6.8_0_2.4_1_1.5_2_1.5_A1_0.29_P_17/inp075.err for more details.
ERROR in MURE::BuildMCNPFile
	 Some nuclei have troubles, see transcript U5_1.7_8_85_P6_0.6_8_0.52_9_6.8_0_2.4_1_1.5_2_1.5_A1_0.29_P_17/inp076.err for more details.
ERROR in MURE::WriteMaterial(ostream &Out)
	 Some nuclei have troubles, see transcript U5_1.7_8_85_P6_0.6_8_0.52_9_6.8_0_2.4_1_1.5_2_1.5_A1_0.29_P_17/inp076.err for more details.
ERROR in MURE::BuildMCNPFile
	 Some nuclei have troubles, see transcript U5_1.7_8_85_P6_0.6_8_0.52_9_6.8_0_2.4_1_1.5_2_1.5_A1_0.29_P_17/inp077.err for more details.
ERROR in MURE::WriteMaterial(ostream &Out)
	 Some nuclei have troubles, see transcript U5_1.7_8_85_P6_0.6_8_0.52_9_6.8_0_2.4_1_1.5_2_1.5_A1_0.29_P_17/inp077.err for more details.
ERROR in MURE::BuildMCNPFile
	 Some nuclei have troubles, see transcript U5_1.7_8_85_P6_0.6_8_0.52_9_6.8_0_2.4_1_1.5_2_1.5_A1_0.29_P_17/inp078.err for more details.
ERROR in MURE::WriteMaterial(ostream &Out)
	 Some nuclei have troubles, see transcript U5_1.7_8_85_P6_0.6_8_0.52_9_6.8_0_2.4_1_1.5_2_1.5_A1_0.29_P_17/inp078.err for more details.
ERROR in MURE::BuildMCNPFile
	 Some nuclei have troubles, see transcript U5_1.7_8_85_P6_0.6_8_0.52_9_6.8_0_2.4_1_1.5_2_1.5_A1_0.29_P_17/inp079.err for more details.
ERROR in MURE::WriteMaterial(ostream &Out)
	 Some nuclei have troubles, see transcript U5_1.7_8_85_P6_0.6_8_0.52_9_6.8_0_2.4_1_1.5_2_1.5_A1_0.29_P_17/inp079.err for more details.
* About to connect() to ftp.box.com port 21 (#0)
*   Trying 74.112.186.81... connected
* Connected to ftp.box.com (74.112.186.81) port 21 (#0)
< 220 Service ready for new user.
> AUTH SSL
< 234 Command AUTH okay; starting SSL connection.
* Initializing NSS with certpath: sql:/etc/pki/nssdb
*   CAfile: /etc/pki/tls/certs/ca-bundle.crt
  CApath: none
* SSL connection using TLS_RSA_WITH_AES_128_CBC_SHA
* Server certificate:
* 	subject: CN=*.box.com,O="Box, Inc.",L=Los Altos,ST=California,C=US
* 	start date: Nov 13 19:22:20 2014 GMT
* 	expire date: Oct 23 02:42:03 2017 GMT
* 	common name: *.box.com
* 	issuer: CN=GeoTrust SSL CA - G4,O=GeoTrust Inc.,C=US
> USER mouginot@wisc.edu
< 331 User name okay, need password for mouginot@wisc.edu.
> PASS line150782
< 230 User logged in, proceed.
> PBSZ 0
< 200 Command PBSZ okay.
> PROT P
< 200 Command PROT okay.
> PWD
< 257 "/" is current directory.
* Entry path is '/'
> CWD MODEL_DATA
< 250 Directory changed to /MODEL_DATA
> CWD PWR_TRU_MOX_PSPEC
< 250 Directory changed to /MODEL_DATA/PWR_TRU_MOX_PSPEC
> CWD 100
< 250 Directory changed to /MODEL_DATA/PWR_TRU_MOX_PSPEC/100
> PASV
* Connect data stream passively
< 227 Entering Passive Mode (74,112,186,81,95,119)
* Skips 74.112.186.81 for data connection, uses 74.112.186.81 instead
*   Trying 74.112.186.81... connected
* Connecting to 74.112.186.81 (74.112.186.81) port 24439
> TYPE I
< 200 Command TYPE okay.
> STOR 49_raw.tar.gz
< 150 File status okay; about to open data connection.
* Doing the SSL/TLS handshake on the data stream
*   CAfile: /etc/pki/tls/certs/ca-bundle.crt
  CApath: none
* SSL connection using TLS_RSA_WITH_AES_128_CBC_SHA
* Server certificate:
* 	subject: CN=*.box.com,O="Box, Inc.",L=Los Altos,ST=California,C=US
* 	start date: Nov 13 19:22:20 2014 GMT
* 	expire date: Oct 23 02:42:03 2017 GMT
* 	common name: *.box.com
* 	issuer: CN=GeoTrust SSL CA - G4,O=GeoTrust Inc.,C=US
} [data not shown]
  % Total    % Received % Xferd  Average Speed   Time    Time     Time  Current
                                 Dload  Upload   Total   Spent    Left  Speed
  0 43.5M    0     0    0 16384      0   3435  3:41:39  0:00:04  3:41:35  3435  0 43.5M    0     0    0  144k      0  29198  0:26:04  0:00:05  0:25:59  453k  5 43.5M    0     0    5 2608k      0   430k  0:01:43  0:00:06  0:01:37 2001k 19 43.5M    0     0   19 8752k      0  1243k  0:00:35  0:00:07  0:00:28 3845k 33 43.5M    0     0   33 14.4M      0  1843k  0:00:24  0:00:08  0:00:16 4528k 47 43.5M    0     0   47 20.7M      0  2351k  0:00:18  0:00:09  0:00:09 4971k 64 43.5M    0     0   64 28.1M      0  2868k  0:00:15  0:00:10  0:00:05 5744k 77 43.5M    0     0   77 33.7M      0  3135k  0:00:14  0:00:11  0:00:03 6432k 92 43.5M    0     0   92 40.1M      0  3413k  0:00:13  0:00:12  0:00:01 6470k* Remembering we are in dir "MODEL_DATA/PWR_TRU_MOX_PSPEC/100/"
100 43.5M    0     0  100 43.5M      0  3293k  0:00:13  0:00:13 --:--:-- 5408k100 43.5M    0     0  100 43.5M      0  3066k  0:00:14  0:00:14 --:--:-- 4242k< 226 Transfer complete.
100 43.5M    0     0  100 43.5M      0  2922k  0:00:15  0:00:15 --:--:-- 3025k* Connection #0 to host ftp.box.com left intact

> QUIT
< 221 Goodbye.
* Closing connection #0
