ERROR in MURE::BuildXSDIR()
	 Some nuclei have troubles, see transcript U5_0.81_8_95_P6_0.18_8_0.2_9_2.1_0_0.44_1_0.22_2_0.38_A1_0.33_P_20/inp000.err for more details.
ERROR in MURE::BuildMCNPFile
	 Some nuclei have troubles, see transcript U5_0.81_8_95_P6_0.18_8_0.2_9_2.1_0_0.44_1_0.22_2_0.38_A1_0.33_P_20/inp000.err for more details.
ERROR in MURE::WriteMaterial(ostream &Out)
	 Some nuclei have troubles, see transcript U5_0.81_8_95_P6_0.18_8_0.2_9_2.1_0_0.44_1_0.22_2_0.38_A1_0.33_P_20/inp000.err for more details.
ERROR in MURE::BuildMCNPFile
	 Some nuclei have troubles, see transcript U5_0.81_8_95_P6_0.18_8_0.2_9_2.1_0_0.44_1_0.22_2_0.38_A1_0.33_P_20/inp001.err for more details.
ERROR in MURE::WriteMaterial(ostream &Out)
	 Some nuclei have troubles, see transcript U5_0.81_8_95_P6_0.18_8_0.2_9_2.1_0_0.44_1_0.22_2_0.38_A1_0.33_P_20/inp001.err for more details.
ERROR in MURE::BuildMCNPFile
	 Some nuclei have troubles, see transcript U5_0.81_8_95_P6_0.18_8_0.2_9_2.1_0_0.44_1_0.22_2_0.38_A1_0.33_P_20/inp002.err for more details.
ERROR in MURE::WriteMaterial(ostream &Out)
	 Some nuclei have troubles, see transcript U5_0.81_8_95_P6_0.18_8_0.2_9_2.1_0_0.44_1_0.22_2_0.38_A1_0.33_P_20/inp002.err for more details.
ERROR in MURE::BuildMCNPFile
	 Some nuclei have troubles, see transcript U5_0.81_8_95_P6_0.18_8_0.2_9_2.1_0_0.44_1_0.22_2_0.38_A1_0.33_P_20/inp003.err for more details.
ERROR in MURE::WriteMaterial(ostream &Out)
	 Some nuclei have troubles, see transcript U5_0.81_8_95_P6_0.18_8_0.2_9_2.1_0_0.44_1_0.22_2_0.38_A1_0.33_P_20/inp003.err for more details.
ERROR in MURE::BuildMCNPFile
	 Some nuclei have troubles, see transcript U5_0.81_8_95_P6_0.18_8_0.2_9_2.1_0_0.44_1_0.22_2_0.38_A1_0.33_P_20/inp004.err for more details.
ERROR in MURE::WriteMaterial(ostream &Out)
	 Some nuclei have troubles, see transcript U5_0.81_8_95_P6_0.18_8_0.2_9_2.1_0_0.44_1_0.22_2_0.38_A1_0.33_P_20/inp004.err for more details.
ERROR in MURE::BuildMCNPFile
	 Some nuclei have troubles, see transcript U5_0.81_8_95_P6_0.18_8_0.2_9_2.1_0_0.44_1_0.22_2_0.38_A1_0.33_P_20/inp005.err for more details.
ERROR in MURE::WriteMaterial(ostream &Out)
	 Some nuclei have troubles, see transcript U5_0.81_8_95_P6_0.18_8_0.2_9_2.1_0_0.44_1_0.22_2_0.38_A1_0.33_P_20/inp005.err for more details.
ERROR in MURE::BuildMCNPFile
	 Some nuclei have troubles, see transcript U5_0.81_8_95_P6_0.18_8_0.2_9_2.1_0_0.44_1_0.22_2_0.38_A1_0.33_P_20/inp006.err for more details.
ERROR in MURE::WriteMaterial(ostream &Out)
	 Some nuclei have troubles, see transcript U5_0.81_8_95_P6_0.18_8_0.2_9_2.1_0_0.44_1_0.22_2_0.38_A1_0.33_P_20/inp006.err for more details.
ERROR in MURE::BuildMCNPFile
	 Some nuclei have troubles, see transcript U5_0.81_8_95_P6_0.18_8_0.2_9_2.1_0_0.44_1_0.22_2_0.38_A1_0.33_P_20/inp007.err for more details.
ERROR in MURE::WriteMaterial(ostream &Out)
	 Some nuclei have troubles, see transcript U5_0.81_8_95_P6_0.18_8_0.2_9_2.1_0_0.44_1_0.22_2_0.38_A1_0.33_P_20/inp007.err for more details.
ERROR in MURE::BuildMCNPFile
	 Some nuclei have troubles, see transcript U5_0.81_8_95_P6_0.18_8_0.2_9_2.1_0_0.44_1_0.22_2_0.38_A1_0.33_P_20/inp008.err for more details.
ERROR in MURE::WriteMaterial(ostream &Out)
	 Some nuclei have troubles, see transcript U5_0.81_8_95_P6_0.18_8_0.2_9_2.1_0_0.44_1_0.22_2_0.38_A1_0.33_P_20/inp008.err for more details.
ERROR in MURE::BuildMCNPFile
	 Some nuclei have troubles, see transcript U5_0.81_8_95_P6_0.18_8_0.2_9_2.1_0_0.44_1_0.22_2_0.38_A1_0.33_P_20/inp009.err for more details.
ERROR in MURE::WriteMaterial(ostream &Out)
	 Some nuclei have troubles, see transcript U5_0.81_8_95_P6_0.18_8_0.2_9_2.1_0_0.44_1_0.22_2_0.38_A1_0.33_P_20/inp009.err for more details.
ERROR in MURE::BuildMCNPFile
	 Some nuclei have troubles, see transcript U5_0.81_8_95_P6_0.18_8_0.2_9_2.1_0_0.44_1_0.22_2_0.38_A1_0.33_P_20/inp010.err for more details.
ERROR in MURE::WriteMaterial(ostream &Out)
	 Some nuclei have troubles, see transcript U5_0.81_8_95_P6_0.18_8_0.2_9_2.1_0_0.44_1_0.22_2_0.38_A1_0.33_P_20/inp010.err for more details.
ERROR in MURE::BuildMCNPFile
	 Some nuclei have troubles, see transcript U5_0.81_8_95_P6_0.18_8_0.2_9_2.1_0_0.44_1_0.22_2_0.38_A1_0.33_P_20/inp011.err for more details.
ERROR in MURE::WriteMaterial(ostream &Out)
	 Some nuclei have troubles, see transcript U5_0.81_8_95_P6_0.18_8_0.2_9_2.1_0_0.44_1_0.22_2_0.38_A1_0.33_P_20/inp011.err for more details.
ERROR in MURE::BuildMCNPFile
	 Some nuclei have troubles, see transcript U5_0.81_8_95_P6_0.18_8_0.2_9_2.1_0_0.44_1_0.22_2_0.38_A1_0.33_P_20/inp012.err for more details.
ERROR in MURE::WriteMaterial(ostream &Out)
	 Some nuclei have troubles, see transcript U5_0.81_8_95_P6_0.18_8_0.2_9_2.1_0_0.44_1_0.22_2_0.38_A1_0.33_P_20/inp012.err for more details.
ERROR in MURE::BuildMCNPFile
	 Some nuclei have troubles, see transcript U5_0.81_8_95_P6_0.18_8_0.2_9_2.1_0_0.44_1_0.22_2_0.38_A1_0.33_P_20/inp013.err for more details.
ERROR in MURE::WriteMaterial(ostream &Out)
	 Some nuclei have troubles, see transcript U5_0.81_8_95_P6_0.18_8_0.2_9_2.1_0_0.44_1_0.22_2_0.38_A1_0.33_P_20/inp013.err for more details.
ERROR in MURE::BuildMCNPFile
	 Some nuclei have troubles, see transcript U5_0.81_8_95_P6_0.18_8_0.2_9_2.1_0_0.44_1_0.22_2_0.38_A1_0.33_P_20/inp014.err for more details.
ERROR in MURE::WriteMaterial(ostream &Out)
	 Some nuclei have troubles, see transcript U5_0.81_8_95_P6_0.18_8_0.2_9_2.1_0_0.44_1_0.22_2_0.38_A1_0.33_P_20/inp014.err for more details.
ERROR in MURE::BuildMCNPFile
	 Some nuclei have troubles, see transcript U5_0.81_8_95_P6_0.18_8_0.2_9_2.1_0_0.44_1_0.22_2_0.38_A1_0.33_P_20/inp015.err for more details.
ERROR in MURE::WriteMaterial(ostream &Out)
	 Some nuclei have troubles, see transcript U5_0.81_8_95_P6_0.18_8_0.2_9_2.1_0_0.44_1_0.22_2_0.38_A1_0.33_P_20/inp015.err for more details.
ERROR in MURE::BuildMCNPFile
	 Some nuclei have troubles, see transcript U5_0.81_8_95_P6_0.18_8_0.2_9_2.1_0_0.44_1_0.22_2_0.38_A1_0.33_P_20/inp016.err for more details.
ERROR in MURE::WriteMaterial(ostream &Out)
	 Some nuclei have troubles, see transcript U5_0.81_8_95_P6_0.18_8_0.2_9_2.1_0_0.44_1_0.22_2_0.38_A1_0.33_P_20/inp016.err for more details.
ERROR in MURE::BuildMCNPFile
	 Some nuclei have troubles, see transcript U5_0.81_8_95_P6_0.18_8_0.2_9_2.1_0_0.44_1_0.22_2_0.38_A1_0.33_P_20/inp017.err for more details.
ERROR in MURE::WriteMaterial(ostream &Out)
	 Some nuclei have troubles, see transcript U5_0.81_8_95_P6_0.18_8_0.2_9_2.1_0_0.44_1_0.22_2_0.38_A1_0.33_P_20/inp017.err for more details.
ERROR in MURE::BuildMCNPFile
	 Some nuclei have troubles, see transcript U5_0.81_8_95_P6_0.18_8_0.2_9_2.1_0_0.44_1_0.22_2_0.38_A1_0.33_P_20/inp018.err for more details.
ERROR in MURE::WriteMaterial(ostream &Out)
	 Some nuclei have troubles, see transcript U5_0.81_8_95_P6_0.18_8_0.2_9_2.1_0_0.44_1_0.22_2_0.38_A1_0.33_P_20/inp018.err for more details.
ERROR in MURE::BuildMCNPFile
	 Some nuclei have troubles, see transcript U5_0.81_8_95_P6_0.18_8_0.2_9_2.1_0_0.44_1_0.22_2_0.38_A1_0.33_P_20/inp019.err for more details.
ERROR in MURE::WriteMaterial(ostream &Out)
	 Some nuclei have troubles, see transcript U5_0.81_8_95_P6_0.18_8_0.2_9_2.1_0_0.44_1_0.22_2_0.38_A1_0.33_P_20/inp019.err for more details.
ERROR in MURE::BuildMCNPFile
	 Some nuclei have troubles, see transcript U5_0.81_8_95_P6_0.18_8_0.2_9_2.1_0_0.44_1_0.22_2_0.38_A1_0.33_P_20/inp020.err for more details.
ERROR in MURE::WriteMaterial(ostream &Out)
	 Some nuclei have troubles, see transcript U5_0.81_8_95_P6_0.18_8_0.2_9_2.1_0_0.44_1_0.22_2_0.38_A1_0.33_P_20/inp020.err for more details.
ERROR in MURE::BuildMCNPFile
	 Some nuclei have troubles, see transcript U5_0.81_8_95_P6_0.18_8_0.2_9_2.1_0_0.44_1_0.22_2_0.38_A1_0.33_P_20/inp021.err for more details.
ERROR in MURE::WriteMaterial(ostream &Out)
	 Some nuclei have troubles, see transcript U5_0.81_8_95_P6_0.18_8_0.2_9_2.1_0_0.44_1_0.22_2_0.38_A1_0.33_P_20/inp021.err for more details.
ERROR in MURE::BuildMCNPFile
	 Some nuclei have troubles, see transcript U5_0.81_8_95_P6_0.18_8_0.2_9_2.1_0_0.44_1_0.22_2_0.38_A1_0.33_P_20/inp022.err for more details.
ERROR in MURE::WriteMaterial(ostream &Out)
	 Some nuclei have troubles, see transcript U5_0.81_8_95_P6_0.18_8_0.2_9_2.1_0_0.44_1_0.22_2_0.38_A1_0.33_P_20/inp022.err for more details.
ERROR in MURE::BuildMCNPFile
	 Some nuclei have troubles, see transcript U5_0.81_8_95_P6_0.18_8_0.2_9_2.1_0_0.44_1_0.22_2_0.38_A1_0.33_P_20/inp023.err for more details.
ERROR in MURE::WriteMaterial(ostream &Out)
	 Some nuclei have troubles, see transcript U5_0.81_8_95_P6_0.18_8_0.2_9_2.1_0_0.44_1_0.22_2_0.38_A1_0.33_P_20/inp023.err for more details.
ERROR in MURE::BuildMCNPFile
	 Some nuclei have troubles, see transcript U5_0.81_8_95_P6_0.18_8_0.2_9_2.1_0_0.44_1_0.22_2_0.38_A1_0.33_P_20/inp024.err for more details.
ERROR in MURE::WriteMaterial(ostream &Out)
	 Some nuclei have troubles, see transcript U5_0.81_8_95_P6_0.18_8_0.2_9_2.1_0_0.44_1_0.22_2_0.38_A1_0.33_P_20/inp024.err for more details.
ERROR in MURE::BuildMCNPFile
	 Some nuclei have troubles, see transcript U5_0.81_8_95_P6_0.18_8_0.2_9_2.1_0_0.44_1_0.22_2_0.38_A1_0.33_P_20/inp025.err for more details.
ERROR in MURE::WriteMaterial(ostream &Out)
	 Some nuclei have troubles, see transcript U5_0.81_8_95_P6_0.18_8_0.2_9_2.1_0_0.44_1_0.22_2_0.38_A1_0.33_P_20/inp025.err for more details.
ERROR in MURE::BuildMCNPFile
	 Some nuclei have troubles, see transcript U5_0.81_8_95_P6_0.18_8_0.2_9_2.1_0_0.44_1_0.22_2_0.38_A1_0.33_P_20/inp026.err for more details.
ERROR in MURE::WriteMaterial(ostream &Out)
	 Some nuclei have troubles, see transcript U5_0.81_8_95_P6_0.18_8_0.2_9_2.1_0_0.44_1_0.22_2_0.38_A1_0.33_P_20/inp026.err for more details.
ERROR in MURE::BuildMCNPFile
	 Some nuclei have troubles, see transcript U5_0.81_8_95_P6_0.18_8_0.2_9_2.1_0_0.44_1_0.22_2_0.38_A1_0.33_P_20/inp027.err for more details.
ERROR in MURE::WriteMaterial(ostream &Out)
	 Some nuclei have troubles, see transcript U5_0.81_8_95_P6_0.18_8_0.2_9_2.1_0_0.44_1_0.22_2_0.38_A1_0.33_P_20/inp027.err for more details.
ERROR in MURE::BuildMCNPFile
	 Some nuclei have troubles, see transcript U5_0.81_8_95_P6_0.18_8_0.2_9_2.1_0_0.44_1_0.22_2_0.38_A1_0.33_P_20/inp028.err for more details.
ERROR in MURE::WriteMaterial(ostream &Out)
	 Some nuclei have troubles, see transcript U5_0.81_8_95_P6_0.18_8_0.2_9_2.1_0_0.44_1_0.22_2_0.38_A1_0.33_P_20/inp028.err for more details.
ERROR in MURE::BuildMCNPFile
	 Some nuclei have troubles, see transcript U5_0.81_8_95_P6_0.18_8_0.2_9_2.1_0_0.44_1_0.22_2_0.38_A1_0.33_P_20/inp029.err for more details.
ERROR in MURE::WriteMaterial(ostream &Out)
	 Some nuclei have troubles, see transcript U5_0.81_8_95_P6_0.18_8_0.2_9_2.1_0_0.44_1_0.22_2_0.38_A1_0.33_P_20/inp029.err for more details.
ERROR in MURE::BuildMCNPFile
	 Some nuclei have troubles, see transcript U5_0.81_8_95_P6_0.18_8_0.2_9_2.1_0_0.44_1_0.22_2_0.38_A1_0.33_P_20/inp030.err for more details.
ERROR in MURE::WriteMaterial(ostream &Out)
	 Some nuclei have troubles, see transcript U5_0.81_8_95_P6_0.18_8_0.2_9_2.1_0_0.44_1_0.22_2_0.38_A1_0.33_P_20/inp030.err for more details.
ERROR in MURE::BuildMCNPFile
	 Some nuclei have troubles, see transcript U5_0.81_8_95_P6_0.18_8_0.2_9_2.1_0_0.44_1_0.22_2_0.38_A1_0.33_P_20/inp031.err for more details.
ERROR in MURE::WriteMaterial(ostream &Out)
	 Some nuclei have troubles, see transcript U5_0.81_8_95_P6_0.18_8_0.2_9_2.1_0_0.44_1_0.22_2_0.38_A1_0.33_P_20/inp031.err for more details.
ERROR in MURE::BuildMCNPFile
	 Some nuclei have troubles, see transcript U5_0.81_8_95_P6_0.18_8_0.2_9_2.1_0_0.44_1_0.22_2_0.38_A1_0.33_P_20/inp032.err for more details.
ERROR in MURE::WriteMaterial(ostream &Out)
	 Some nuclei have troubles, see transcript U5_0.81_8_95_P6_0.18_8_0.2_9_2.1_0_0.44_1_0.22_2_0.38_A1_0.33_P_20/inp032.err for more details.
ERROR in MURE::BuildMCNPFile
	 Some nuclei have troubles, see transcript U5_0.81_8_95_P6_0.18_8_0.2_9_2.1_0_0.44_1_0.22_2_0.38_A1_0.33_P_20/inp033.err for more details.
ERROR in MURE::WriteMaterial(ostream &Out)
	 Some nuclei have troubles, see transcript U5_0.81_8_95_P6_0.18_8_0.2_9_2.1_0_0.44_1_0.22_2_0.38_A1_0.33_P_20/inp033.err for more details.
ERROR in MURE::BuildMCNPFile
	 Some nuclei have troubles, see transcript U5_0.81_8_95_P6_0.18_8_0.2_9_2.1_0_0.44_1_0.22_2_0.38_A1_0.33_P_20/inp034.err for more details.
ERROR in MURE::WriteMaterial(ostream &Out)
	 Some nuclei have troubles, see transcript U5_0.81_8_95_P6_0.18_8_0.2_9_2.1_0_0.44_1_0.22_2_0.38_A1_0.33_P_20/inp034.err for more details.
ERROR in MURE::BuildMCNPFile
	 Some nuclei have troubles, see transcript U5_0.81_8_95_P6_0.18_8_0.2_9_2.1_0_0.44_1_0.22_2_0.38_A1_0.33_P_20/inp035.err for more details.
ERROR in MURE::WriteMaterial(ostream &Out)
	 Some nuclei have troubles, see transcript U5_0.81_8_95_P6_0.18_8_0.2_9_2.1_0_0.44_1_0.22_2_0.38_A1_0.33_P_20/inp035.err for more details.
ERROR in MURE::BuildMCNPFile
	 Some nuclei have troubles, see transcript U5_0.81_8_95_P6_0.18_8_0.2_9_2.1_0_0.44_1_0.22_2_0.38_A1_0.33_P_20/inp036.err for more details.
ERROR in MURE::WriteMaterial(ostream &Out)
	 Some nuclei have troubles, see transcript U5_0.81_8_95_P6_0.18_8_0.2_9_2.1_0_0.44_1_0.22_2_0.38_A1_0.33_P_20/inp036.err for more details.
ERROR in MURE::BuildMCNPFile
	 Some nuclei have troubles, see transcript U5_0.81_8_95_P6_0.18_8_0.2_9_2.1_0_0.44_1_0.22_2_0.38_A1_0.33_P_20/inp037.err for more details.
ERROR in MURE::WriteMaterial(ostream &Out)
	 Some nuclei have troubles, see transcript U5_0.81_8_95_P6_0.18_8_0.2_9_2.1_0_0.44_1_0.22_2_0.38_A1_0.33_P_20/inp037.err for more details.
ERROR in MURE::BuildMCNPFile
	 Some nuclei have troubles, see transcript U5_0.81_8_95_P6_0.18_8_0.2_9_2.1_0_0.44_1_0.22_2_0.38_A1_0.33_P_20/inp038.err for more details.
ERROR in MURE::WriteMaterial(ostream &Out)
	 Some nuclei have troubles, see transcript U5_0.81_8_95_P6_0.18_8_0.2_9_2.1_0_0.44_1_0.22_2_0.38_A1_0.33_P_20/inp038.err for more details.
ERROR in MURE::BuildMCNPFile
	 Some nuclei have troubles, see transcript U5_0.81_8_95_P6_0.18_8_0.2_9_2.1_0_0.44_1_0.22_2_0.38_A1_0.33_P_20/inp039.err for more details.
ERROR in MURE::WriteMaterial(ostream &Out)
	 Some nuclei have troubles, see transcript U5_0.81_8_95_P6_0.18_8_0.2_9_2.1_0_0.44_1_0.22_2_0.38_A1_0.33_P_20/inp039.err for more details.
ERROR in MURE::BuildMCNPFile
	 Some nuclei have troubles, see transcript U5_0.81_8_95_P6_0.18_8_0.2_9_2.1_0_0.44_1_0.22_2_0.38_A1_0.33_P_20/inp040.err for more details.
ERROR in MURE::WriteMaterial(ostream &Out)
	 Some nuclei have troubles, see transcript U5_0.81_8_95_P6_0.18_8_0.2_9_2.1_0_0.44_1_0.22_2_0.38_A1_0.33_P_20/inp040.err for more details.
ERROR in MURE::BuildMCNPFile
	 Some nuclei have troubles, see transcript U5_0.81_8_95_P6_0.18_8_0.2_9_2.1_0_0.44_1_0.22_2_0.38_A1_0.33_P_20/inp041.err for more details.
ERROR in MURE::WriteMaterial(ostream &Out)
	 Some nuclei have troubles, see transcript U5_0.81_8_95_P6_0.18_8_0.2_9_2.1_0_0.44_1_0.22_2_0.38_A1_0.33_P_20/inp041.err for more details.
ERROR in MURE::BuildMCNPFile
	 Some nuclei have troubles, see transcript U5_0.81_8_95_P6_0.18_8_0.2_9_2.1_0_0.44_1_0.22_2_0.38_A1_0.33_P_20/inp042.err for more details.
ERROR in MURE::WriteMaterial(ostream &Out)
	 Some nuclei have troubles, see transcript U5_0.81_8_95_P6_0.18_8_0.2_9_2.1_0_0.44_1_0.22_2_0.38_A1_0.33_P_20/inp042.err for more details.
ERROR in MURE::BuildMCNPFile
	 Some nuclei have troubles, see transcript U5_0.81_8_95_P6_0.18_8_0.2_9_2.1_0_0.44_1_0.22_2_0.38_A1_0.33_P_20/inp043.err for more details.
ERROR in MURE::WriteMaterial(ostream &Out)
	 Some nuclei have troubles, see transcript U5_0.81_8_95_P6_0.18_8_0.2_9_2.1_0_0.44_1_0.22_2_0.38_A1_0.33_P_20/inp043.err for more details.
ERROR in MURE::BuildMCNPFile
	 Some nuclei have troubles, see transcript U5_0.81_8_95_P6_0.18_8_0.2_9_2.1_0_0.44_1_0.22_2_0.38_A1_0.33_P_20/inp044.err for more details.
ERROR in MURE::WriteMaterial(ostream &Out)
	 Some nuclei have troubles, see transcript U5_0.81_8_95_P6_0.18_8_0.2_9_2.1_0_0.44_1_0.22_2_0.38_A1_0.33_P_20/inp044.err for more details.
ERROR in MURE::BuildMCNPFile
	 Some nuclei have troubles, see transcript U5_0.81_8_95_P6_0.18_8_0.2_9_2.1_0_0.44_1_0.22_2_0.38_A1_0.33_P_20/inp045.err for more details.
ERROR in MURE::WriteMaterial(ostream &Out)
	 Some nuclei have troubles, see transcript U5_0.81_8_95_P6_0.18_8_0.2_9_2.1_0_0.44_1_0.22_2_0.38_A1_0.33_P_20/inp045.err for more details.
ERROR in MURE::BuildMCNPFile
	 Some nuclei have troubles, see transcript U5_0.81_8_95_P6_0.18_8_0.2_9_2.1_0_0.44_1_0.22_2_0.38_A1_0.33_P_20/inp046.err for more details.
ERROR in MURE::WriteMaterial(ostream &Out)
	 Some nuclei have troubles, see transcript U5_0.81_8_95_P6_0.18_8_0.2_9_2.1_0_0.44_1_0.22_2_0.38_A1_0.33_P_20/inp046.err for more details.
ERROR in MURE::BuildMCNPFile
	 Some nuclei have troubles, see transcript U5_0.81_8_95_P6_0.18_8_0.2_9_2.1_0_0.44_1_0.22_2_0.38_A1_0.33_P_20/inp047.err for more details.
ERROR in MURE::WriteMaterial(ostream &Out)
	 Some nuclei have troubles, see transcript U5_0.81_8_95_P6_0.18_8_0.2_9_2.1_0_0.44_1_0.22_2_0.38_A1_0.33_P_20/inp047.err for more details.
ERROR in MURE::BuildMCNPFile
	 Some nuclei have troubles, see transcript U5_0.81_8_95_P6_0.18_8_0.2_9_2.1_0_0.44_1_0.22_2_0.38_A1_0.33_P_20/inp048.err for more details.
ERROR in MURE::WriteMaterial(ostream &Out)
	 Some nuclei have troubles, see transcript U5_0.81_8_95_P6_0.18_8_0.2_9_2.1_0_0.44_1_0.22_2_0.38_A1_0.33_P_20/inp048.err for more details.
ERROR in MURE::BuildMCNPFile
	 Some nuclei have troubles, see transcript U5_0.81_8_95_P6_0.18_8_0.2_9_2.1_0_0.44_1_0.22_2_0.38_A1_0.33_P_20/inp049.err for more details.
ERROR in MURE::WriteMaterial(ostream &Out)
	 Some nuclei have troubles, see transcript U5_0.81_8_95_P6_0.18_8_0.2_9_2.1_0_0.44_1_0.22_2_0.38_A1_0.33_P_20/inp049.err for more details.
ERROR in MURE::BuildMCNPFile
	 Some nuclei have troubles, see transcript U5_0.81_8_95_P6_0.18_8_0.2_9_2.1_0_0.44_1_0.22_2_0.38_A1_0.33_P_20/inp050.err for more details.
ERROR in MURE::WriteMaterial(ostream &Out)
	 Some nuclei have troubles, see transcript U5_0.81_8_95_P6_0.18_8_0.2_9_2.1_0_0.44_1_0.22_2_0.38_A1_0.33_P_20/inp050.err for more details.
ERROR in MURE::BuildMCNPFile
	 Some nuclei have troubles, see transcript U5_0.81_8_95_P6_0.18_8_0.2_9_2.1_0_0.44_1_0.22_2_0.38_A1_0.33_P_20/inp051.err for more details.
ERROR in MURE::WriteMaterial(ostream &Out)
	 Some nuclei have troubles, see transcript U5_0.81_8_95_P6_0.18_8_0.2_9_2.1_0_0.44_1_0.22_2_0.38_A1_0.33_P_20/inp051.err for more details.
ERROR in MURE::BuildMCNPFile
	 Some nuclei have troubles, see transcript U5_0.81_8_95_P6_0.18_8_0.2_9_2.1_0_0.44_1_0.22_2_0.38_A1_0.33_P_20/inp052.err for more details.
ERROR in MURE::WriteMaterial(ostream &Out)
	 Some nuclei have troubles, see transcript U5_0.81_8_95_P6_0.18_8_0.2_9_2.1_0_0.44_1_0.22_2_0.38_A1_0.33_P_20/inp052.err for more details.
ERROR in MURE::BuildMCNPFile
	 Some nuclei have troubles, see transcript U5_0.81_8_95_P6_0.18_8_0.2_9_2.1_0_0.44_1_0.22_2_0.38_A1_0.33_P_20/inp053.err for more details.
ERROR in MURE::WriteMaterial(ostream &Out)
	 Some nuclei have troubles, see transcript U5_0.81_8_95_P6_0.18_8_0.2_9_2.1_0_0.44_1_0.22_2_0.38_A1_0.33_P_20/inp053.err for more details.
ERROR in MURE::BuildMCNPFile
	 Some nuclei have troubles, see transcript U5_0.81_8_95_P6_0.18_8_0.2_9_2.1_0_0.44_1_0.22_2_0.38_A1_0.33_P_20/inp054.err for more details.
ERROR in MURE::WriteMaterial(ostream &Out)
	 Some nuclei have troubles, see transcript U5_0.81_8_95_P6_0.18_8_0.2_9_2.1_0_0.44_1_0.22_2_0.38_A1_0.33_P_20/inp054.err for more details.
ERROR in MURE::BuildMCNPFile
	 Some nuclei have troubles, see transcript U5_0.81_8_95_P6_0.18_8_0.2_9_2.1_0_0.44_1_0.22_2_0.38_A1_0.33_P_20/inp055.err for more details.
ERROR in MURE::WriteMaterial(ostream &Out)
	 Some nuclei have troubles, see transcript U5_0.81_8_95_P6_0.18_8_0.2_9_2.1_0_0.44_1_0.22_2_0.38_A1_0.33_P_20/inp055.err for more details.
ERROR in MURE::BuildMCNPFile
	 Some nuclei have troubles, see transcript U5_0.81_8_95_P6_0.18_8_0.2_9_2.1_0_0.44_1_0.22_2_0.38_A1_0.33_P_20/inp056.err for more details.
ERROR in MURE::WriteMaterial(ostream &Out)
	 Some nuclei have troubles, see transcript U5_0.81_8_95_P6_0.18_8_0.2_9_2.1_0_0.44_1_0.22_2_0.38_A1_0.33_P_20/inp056.err for more details.
ERROR in MURE::BuildMCNPFile
	 Some nuclei have troubles, see transcript U5_0.81_8_95_P6_0.18_8_0.2_9_2.1_0_0.44_1_0.22_2_0.38_A1_0.33_P_20/inp057.err for more details.
ERROR in MURE::WriteMaterial(ostream &Out)
	 Some nuclei have troubles, see transcript U5_0.81_8_95_P6_0.18_8_0.2_9_2.1_0_0.44_1_0.22_2_0.38_A1_0.33_P_20/inp057.err for more details.
ERROR in MURE::BuildMCNPFile
	 Some nuclei have troubles, see transcript U5_0.81_8_95_P6_0.18_8_0.2_9_2.1_0_0.44_1_0.22_2_0.38_A1_0.33_P_20/inp058.err for more details.
ERROR in MURE::WriteMaterial(ostream &Out)
	 Some nuclei have troubles, see transcript U5_0.81_8_95_P6_0.18_8_0.2_9_2.1_0_0.44_1_0.22_2_0.38_A1_0.33_P_20/inp058.err for more details.
ERROR in MURE::BuildMCNPFile
	 Some nuclei have troubles, see transcript U5_0.81_8_95_P6_0.18_8_0.2_9_2.1_0_0.44_1_0.22_2_0.38_A1_0.33_P_20/inp059.err for more details.
ERROR in MURE::WriteMaterial(ostream &Out)
	 Some nuclei have troubles, see transcript U5_0.81_8_95_P6_0.18_8_0.2_9_2.1_0_0.44_1_0.22_2_0.38_A1_0.33_P_20/inp059.err for more details.
ERROR in MURE::BuildMCNPFile
	 Some nuclei have troubles, see transcript U5_0.81_8_95_P6_0.18_8_0.2_9_2.1_0_0.44_1_0.22_2_0.38_A1_0.33_P_20/inp060.err for more details.
ERROR in MURE::WriteMaterial(ostream &Out)
	 Some nuclei have troubles, see transcript U5_0.81_8_95_P6_0.18_8_0.2_9_2.1_0_0.44_1_0.22_2_0.38_A1_0.33_P_20/inp060.err for more details.
ERROR in MURE::BuildMCNPFile
	 Some nuclei have troubles, see transcript U5_0.81_8_95_P6_0.18_8_0.2_9_2.1_0_0.44_1_0.22_2_0.38_A1_0.33_P_20/inp061.err for more details.
ERROR in MURE::WriteMaterial(ostream &Out)
	 Some nuclei have troubles, see transcript U5_0.81_8_95_P6_0.18_8_0.2_9_2.1_0_0.44_1_0.22_2_0.38_A1_0.33_P_20/inp061.err for more details.
ERROR in MURE::BuildMCNPFile
	 Some nuclei have troubles, see transcript U5_0.81_8_95_P6_0.18_8_0.2_9_2.1_0_0.44_1_0.22_2_0.38_A1_0.33_P_20/inp062.err for more details.
ERROR in MURE::WriteMaterial(ostream &Out)
	 Some nuclei have troubles, see transcript U5_0.81_8_95_P6_0.18_8_0.2_9_2.1_0_0.44_1_0.22_2_0.38_A1_0.33_P_20/inp062.err for more details.
ERROR in MURE::BuildMCNPFile
	 Some nuclei have troubles, see transcript U5_0.81_8_95_P6_0.18_8_0.2_9_2.1_0_0.44_1_0.22_2_0.38_A1_0.33_P_20/inp063.err for more details.
ERROR in MURE::WriteMaterial(ostream &Out)
	 Some nuclei have troubles, see transcript U5_0.81_8_95_P6_0.18_8_0.2_9_2.1_0_0.44_1_0.22_2_0.38_A1_0.33_P_20/inp063.err for more details.
ERROR in MURE::BuildMCNPFile
	 Some nuclei have troubles, see transcript U5_0.81_8_95_P6_0.18_8_0.2_9_2.1_0_0.44_1_0.22_2_0.38_A1_0.33_P_20/inp064.err for more details.
ERROR in MURE::WriteMaterial(ostream &Out)
	 Some nuclei have troubles, see transcript U5_0.81_8_95_P6_0.18_8_0.2_9_2.1_0_0.44_1_0.22_2_0.38_A1_0.33_P_20/inp064.err for more details.
ERROR in MURE::BuildMCNPFile
	 Some nuclei have troubles, see transcript U5_0.81_8_95_P6_0.18_8_0.2_9_2.1_0_0.44_1_0.22_2_0.38_A1_0.33_P_20/inp065.err for more details.
ERROR in MURE::WriteMaterial(ostream &Out)
	 Some nuclei have troubles, see transcript U5_0.81_8_95_P6_0.18_8_0.2_9_2.1_0_0.44_1_0.22_2_0.38_A1_0.33_P_20/inp065.err for more details.
ERROR in MURE::BuildMCNPFile
	 Some nuclei have troubles, see transcript U5_0.81_8_95_P6_0.18_8_0.2_9_2.1_0_0.44_1_0.22_2_0.38_A1_0.33_P_20/inp066.err for more details.
ERROR in MURE::WriteMaterial(ostream &Out)
	 Some nuclei have troubles, see transcript U5_0.81_8_95_P6_0.18_8_0.2_9_2.1_0_0.44_1_0.22_2_0.38_A1_0.33_P_20/inp066.err for more details.
ERROR in MURE::BuildMCNPFile
	 Some nuclei have troubles, see transcript U5_0.81_8_95_P6_0.18_8_0.2_9_2.1_0_0.44_1_0.22_2_0.38_A1_0.33_P_20/inp067.err for more details.
ERROR in MURE::WriteMaterial(ostream &Out)
	 Some nuclei have troubles, see transcript U5_0.81_8_95_P6_0.18_8_0.2_9_2.1_0_0.44_1_0.22_2_0.38_A1_0.33_P_20/inp067.err for more details.
ERROR in MURE::BuildMCNPFile
	 Some nuclei have troubles, see transcript U5_0.81_8_95_P6_0.18_8_0.2_9_2.1_0_0.44_1_0.22_2_0.38_A1_0.33_P_20/inp068.err for more details.
ERROR in MURE::WriteMaterial(ostream &Out)
	 Some nuclei have troubles, see transcript U5_0.81_8_95_P6_0.18_8_0.2_9_2.1_0_0.44_1_0.22_2_0.38_A1_0.33_P_20/inp068.err for more details.
ERROR in MURE::BuildMCNPFile
	 Some nuclei have troubles, see transcript U5_0.81_8_95_P6_0.18_8_0.2_9_2.1_0_0.44_1_0.22_2_0.38_A1_0.33_P_20/inp069.err for more details.
ERROR in MURE::WriteMaterial(ostream &Out)
	 Some nuclei have troubles, see transcript U5_0.81_8_95_P6_0.18_8_0.2_9_2.1_0_0.44_1_0.22_2_0.38_A1_0.33_P_20/inp069.err for more details.
ERROR in MURE::BuildMCNPFile
	 Some nuclei have troubles, see transcript U5_0.81_8_95_P6_0.18_8_0.2_9_2.1_0_0.44_1_0.22_2_0.38_A1_0.33_P_20/inp070.err for more details.
ERROR in MURE::WriteMaterial(ostream &Out)
	 Some nuclei have troubles, see transcript U5_0.81_8_95_P6_0.18_8_0.2_9_2.1_0_0.44_1_0.22_2_0.38_A1_0.33_P_20/inp070.err for more details.
ERROR in MURE::BuildMCNPFile
	 Some nuclei have troubles, see transcript U5_0.81_8_95_P6_0.18_8_0.2_9_2.1_0_0.44_1_0.22_2_0.38_A1_0.33_P_20/inp071.err for more details.
ERROR in MURE::WriteMaterial(ostream &Out)
	 Some nuclei have troubles, see transcript U5_0.81_8_95_P6_0.18_8_0.2_9_2.1_0_0.44_1_0.22_2_0.38_A1_0.33_P_20/inp071.err for more details.
ERROR in MURE::BuildMCNPFile
	 Some nuclei have troubles, see transcript U5_0.81_8_95_P6_0.18_8_0.2_9_2.1_0_0.44_1_0.22_2_0.38_A1_0.33_P_20/inp072.err for more details.
ERROR in MURE::WriteMaterial(ostream &Out)
	 Some nuclei have troubles, see transcript U5_0.81_8_95_P6_0.18_8_0.2_9_2.1_0_0.44_1_0.22_2_0.38_A1_0.33_P_20/inp072.err for more details.
ERROR in MURE::BuildMCNPFile
	 Some nuclei have troubles, see transcript U5_0.81_8_95_P6_0.18_8_0.2_9_2.1_0_0.44_1_0.22_2_0.38_A1_0.33_P_20/inp073.err for more details.
ERROR in MURE::WriteMaterial(ostream &Out)
	 Some nuclei have troubles, see transcript U5_0.81_8_95_P6_0.18_8_0.2_9_2.1_0_0.44_1_0.22_2_0.38_A1_0.33_P_20/inp073.err for more details.
ERROR in MURE::BuildMCNPFile
	 Some nuclei have troubles, see transcript U5_0.81_8_95_P6_0.18_8_0.2_9_2.1_0_0.44_1_0.22_2_0.38_A1_0.33_P_20/inp074.err for more details.
ERROR in MURE::WriteMaterial(ostream &Out)
	 Some nuclei have troubles, see transcript U5_0.81_8_95_P6_0.18_8_0.2_9_2.1_0_0.44_1_0.22_2_0.38_A1_0.33_P_20/inp074.err for more details.
ERROR in MURE::BuildMCNPFile
	 Some nuclei have troubles, see transcript U5_0.81_8_95_P6_0.18_8_0.2_9_2.1_0_0.44_1_0.22_2_0.38_A1_0.33_P_20/inp075.err for more details.
ERROR in MURE::WriteMaterial(ostream &Out)
	 Some nuclei have troubles, see transcript U5_0.81_8_95_P6_0.18_8_0.2_9_2.1_0_0.44_1_0.22_2_0.38_A1_0.33_P_20/inp075.err for more details.
ERROR in MURE::BuildMCNPFile
	 Some nuclei have troubles, see transcript U5_0.81_8_95_P6_0.18_8_0.2_9_2.1_0_0.44_1_0.22_2_0.38_A1_0.33_P_20/inp076.err for more details.
ERROR in MURE::WriteMaterial(ostream &Out)
	 Some nuclei have troubles, see transcript U5_0.81_8_95_P6_0.18_8_0.2_9_2.1_0_0.44_1_0.22_2_0.38_A1_0.33_P_20/inp076.err for more details.
ERROR in MURE::BuildMCNPFile
	 Some nuclei have troubles, see transcript U5_0.81_8_95_P6_0.18_8_0.2_9_2.1_0_0.44_1_0.22_2_0.38_A1_0.33_P_20/inp077.err for more details.
ERROR in MURE::WriteMaterial(ostream &Out)
	 Some nuclei have troubles, see transcript U5_0.81_8_95_P6_0.18_8_0.2_9_2.1_0_0.44_1_0.22_2_0.38_A1_0.33_P_20/inp077.err for more details.
ERROR in MURE::BuildMCNPFile
	 Some nuclei have troubles, see transcript U5_0.81_8_95_P6_0.18_8_0.2_9_2.1_0_0.44_1_0.22_2_0.38_A1_0.33_P_20/inp078.err for more details.
ERROR in MURE::WriteMaterial(ostream &Out)
	 Some nuclei have troubles, see transcript U5_0.81_8_95_P6_0.18_8_0.2_9_2.1_0_0.44_1_0.22_2_0.38_A1_0.33_P_20/inp078.err for more details.
ERROR in MURE::BuildMCNPFile
	 Some nuclei have troubles, see transcript U5_0.81_8_95_P6_0.18_8_0.2_9_2.1_0_0.44_1_0.22_2_0.38_A1_0.33_P_20/inp079.err for more details.
ERROR in MURE::WriteMaterial(ostream &Out)
	 Some nuclei have troubles, see transcript U5_0.81_8_95_P6_0.18_8_0.2_9_2.1_0_0.44_1_0.22_2_0.38_A1_0.33_P_20/inp079.err for more details.
* About to connect() to ftp.box.com port 21 (#0)
*   Trying 107.152.25.220... connected
* Connected to ftp.box.com (107.152.25.220) port 21 (#0)
< 220 Service ready for new user.
> AUTH SSL
< 234 Command AUTH okay; starting SSL connection.
* Initializing NSS with certpath: sql:/etc/pki/nssdb
*   CAfile: /etc/pki/tls/certs/ca-bundle.crt
  CApath: none
* SSL connection using TLS_RSA_WITH_AES_128_CBC_SHA
* Server certificate:
* 	subject: CN=*.box.com,O="Box, Inc.",L=Los Altos,ST=California,C=US
* 	start date: Nov 13 19:22:20 2014 GMT
* 	expire date: Oct 23 02:42:03 2017 GMT
* 	common name: *.box.com
* 	issuer: CN=GeoTrust SSL CA - G4,O=GeoTrust Inc.,C=US
> USER mouginot@wisc.edu
< 331 User name okay, need password for mouginot@wisc.edu.
> PASS line150782
< 230 User logged in, proceed.
> PBSZ 0
< 200 Command PBSZ okay.
> PROT P
< 200 Command PROT okay.
> PWD
< 257 "/" is current directory.
* Entry path is '/'
> CWD MODEL_DATA
< 250 Directory changed to /MODEL_DATA
> CWD PWR_TRU_MOX_PSPEC
< 250 Directory changed to /MODEL_DATA/PWR_TRU_MOX_PSPEC
> CWD 100
< 250 Directory changed to /MODEL_DATA/PWR_TRU_MOX_PSPEC/100
> PASV
* Connect data stream passively
< 227 Entering Passive Mode (107,152,25,220,101,22)
* Skips 107.152.25.220 for data connection, uses 107.152.25.220 instead
*   Trying 107.152.25.220... connected
* Connecting to 107.152.25.220 (107.152.25.220) port 25878
> TYPE I
< 200 Command TYPE okay.
> STOR 33_raw.tar.gz
< 150 File status okay; about to open data connection.
* Doing the SSL/TLS handshake on the data stream
*   CAfile: /etc/pki/tls/certs/ca-bundle.crt
  CApath: none
* SSL connection using TLS_RSA_WITH_AES_128_CBC_SHA
* Server certificate:
* 	subject: CN=*.box.com,O="Box, Inc.",L=Los Altos,ST=California,C=US
* 	start date: Nov 13 19:22:20 2014 GMT
* 	expire date: Oct 23 02:42:03 2017 GMT
* 	common name: *.box.com
* 	issuer: CN=GeoTrust SSL CA - G4,O=GeoTrust Inc.,C=US
} [data not shown]
  % Total    % Received % Xferd  Average Speed   Time    Time     Time  Current
                                 Dload  Upload   Total   Spent    Left  Speed
  0 43.5M    0     0    0 16384      0   4774  2:39:35  0:00:03  2:39:32  4774  2 43.5M    0     0    2  912k      0   224k  0:03:18  0:00:04  0:03:14 1419k 34 43.5M    0     0   34 15.1M      0  3071k  0:00:14  0:00:05  0:00:09 9598k 70 43.5M    0     0   70 30.7M      0  5228k  0:00:08  0:00:06  0:00:02 11.8M* Remembering we are in dir "MODEL_DATA/PWR_TRU_MOX_PSPEC/100/"
100 43.5M    0     0  100 43.5M      0  5628k  0:00:07  0:00:07 --:--:-- 9916k100 43.5M    0     0  100 43.5M      0  4997k  0:00:08  0:00:08 --:--:-- 8112k< 226 Transfer complete.
100 43.5M    0     0  100 43.5M      0  4980k  0:00:08  0:00:08 --:--:-- 8924k* Connection #0 to host ftp.box.com left intact

> QUIT
< 221 Goodbye.
* Closing connection #0
