ERROR in MURE::BuildXSDIR()
	 Some nuclei have troubles, see transcript U5_1.3_8_91_P6_0.37_8_0.58_9_5.4_0_0.99_1_0.013_2_0.58_A1_0.05_P_19/inp000.err for more details.
ERROR in MURE::BuildMCNPFile
	 Some nuclei have troubles, see transcript U5_1.3_8_91_P6_0.37_8_0.58_9_5.4_0_0.99_1_0.013_2_0.58_A1_0.05_P_19/inp000.err for more details.
ERROR in MURE::WriteMaterial(ostream &Out)
	 Some nuclei have troubles, see transcript U5_1.3_8_91_P6_0.37_8_0.58_9_5.4_0_0.99_1_0.013_2_0.58_A1_0.05_P_19/inp000.err for more details.
ERROR in MURE::BuildMCNPFile
	 Some nuclei have troubles, see transcript U5_1.3_8_91_P6_0.37_8_0.58_9_5.4_0_0.99_1_0.013_2_0.58_A1_0.05_P_19/inp001.err for more details.
ERROR in MURE::WriteMaterial(ostream &Out)
	 Some nuclei have troubles, see transcript U5_1.3_8_91_P6_0.37_8_0.58_9_5.4_0_0.99_1_0.013_2_0.58_A1_0.05_P_19/inp001.err for more details.
ERROR in MURE::BuildMCNPFile
	 Some nuclei have troubles, see transcript U5_1.3_8_91_P6_0.37_8_0.58_9_5.4_0_0.99_1_0.013_2_0.58_A1_0.05_P_19/inp002.err for more details.
ERROR in MURE::WriteMaterial(ostream &Out)
	 Some nuclei have troubles, see transcript U5_1.3_8_91_P6_0.37_8_0.58_9_5.4_0_0.99_1_0.013_2_0.58_A1_0.05_P_19/inp002.err for more details.
ERROR in MURE::BuildMCNPFile
	 Some nuclei have troubles, see transcript U5_1.3_8_91_P6_0.37_8_0.58_9_5.4_0_0.99_1_0.013_2_0.58_A1_0.05_P_19/inp003.err for more details.
ERROR in MURE::WriteMaterial(ostream &Out)
	 Some nuclei have troubles, see transcript U5_1.3_8_91_P6_0.37_8_0.58_9_5.4_0_0.99_1_0.013_2_0.58_A1_0.05_P_19/inp003.err for more details.
ERROR in MURE::BuildMCNPFile
	 Some nuclei have troubles, see transcript U5_1.3_8_91_P6_0.37_8_0.58_9_5.4_0_0.99_1_0.013_2_0.58_A1_0.05_P_19/inp004.err for more details.
ERROR in MURE::WriteMaterial(ostream &Out)
	 Some nuclei have troubles, see transcript U5_1.3_8_91_P6_0.37_8_0.58_9_5.4_0_0.99_1_0.013_2_0.58_A1_0.05_P_19/inp004.err for more details.
ERROR in MURE::BuildMCNPFile
	 Some nuclei have troubles, see transcript U5_1.3_8_91_P6_0.37_8_0.58_9_5.4_0_0.99_1_0.013_2_0.58_A1_0.05_P_19/inp005.err for more details.
ERROR in MURE::WriteMaterial(ostream &Out)
	 Some nuclei have troubles, see transcript U5_1.3_8_91_P6_0.37_8_0.58_9_5.4_0_0.99_1_0.013_2_0.58_A1_0.05_P_19/inp005.err for more details.
ERROR in MURE::BuildMCNPFile
	 Some nuclei have troubles, see transcript U5_1.3_8_91_P6_0.37_8_0.58_9_5.4_0_0.99_1_0.013_2_0.58_A1_0.05_P_19/inp006.err for more details.
ERROR in MURE::WriteMaterial(ostream &Out)
	 Some nuclei have troubles, see transcript U5_1.3_8_91_P6_0.37_8_0.58_9_5.4_0_0.99_1_0.013_2_0.58_A1_0.05_P_19/inp006.err for more details.
ERROR in MURE::BuildMCNPFile
	 Some nuclei have troubles, see transcript U5_1.3_8_91_P6_0.37_8_0.58_9_5.4_0_0.99_1_0.013_2_0.58_A1_0.05_P_19/inp007.err for more details.
ERROR in MURE::WriteMaterial(ostream &Out)
	 Some nuclei have troubles, see transcript U5_1.3_8_91_P6_0.37_8_0.58_9_5.4_0_0.99_1_0.013_2_0.58_A1_0.05_P_19/inp007.err for more details.
ERROR in MURE::BuildMCNPFile
	 Some nuclei have troubles, see transcript U5_1.3_8_91_P6_0.37_8_0.58_9_5.4_0_0.99_1_0.013_2_0.58_A1_0.05_P_19/inp008.err for more details.
ERROR in MURE::WriteMaterial(ostream &Out)
	 Some nuclei have troubles, see transcript U5_1.3_8_91_P6_0.37_8_0.58_9_5.4_0_0.99_1_0.013_2_0.58_A1_0.05_P_19/inp008.err for more details.
ERROR in MURE::BuildMCNPFile
	 Some nuclei have troubles, see transcript U5_1.3_8_91_P6_0.37_8_0.58_9_5.4_0_0.99_1_0.013_2_0.58_A1_0.05_P_19/inp009.err for more details.
ERROR in MURE::WriteMaterial(ostream &Out)
	 Some nuclei have troubles, see transcript U5_1.3_8_91_P6_0.37_8_0.58_9_5.4_0_0.99_1_0.013_2_0.58_A1_0.05_P_19/inp009.err for more details.
ERROR in MURE::BuildMCNPFile
	 Some nuclei have troubles, see transcript U5_1.3_8_91_P6_0.37_8_0.58_9_5.4_0_0.99_1_0.013_2_0.58_A1_0.05_P_19/inp010.err for more details.
ERROR in MURE::WriteMaterial(ostream &Out)
	 Some nuclei have troubles, see transcript U5_1.3_8_91_P6_0.37_8_0.58_9_5.4_0_0.99_1_0.013_2_0.58_A1_0.05_P_19/inp010.err for more details.
ERROR in MURE::BuildMCNPFile
	 Some nuclei have troubles, see transcript U5_1.3_8_91_P6_0.37_8_0.58_9_5.4_0_0.99_1_0.013_2_0.58_A1_0.05_P_19/inp011.err for more details.
ERROR in MURE::WriteMaterial(ostream &Out)
	 Some nuclei have troubles, see transcript U5_1.3_8_91_P6_0.37_8_0.58_9_5.4_0_0.99_1_0.013_2_0.58_A1_0.05_P_19/inp011.err for more details.
ERROR in MURE::BuildMCNPFile
	 Some nuclei have troubles, see transcript U5_1.3_8_91_P6_0.37_8_0.58_9_5.4_0_0.99_1_0.013_2_0.58_A1_0.05_P_19/inp012.err for more details.
ERROR in MURE::WriteMaterial(ostream &Out)
	 Some nuclei have troubles, see transcript U5_1.3_8_91_P6_0.37_8_0.58_9_5.4_0_0.99_1_0.013_2_0.58_A1_0.05_P_19/inp012.err for more details.
ERROR in MURE::BuildMCNPFile
	 Some nuclei have troubles, see transcript U5_1.3_8_91_P6_0.37_8_0.58_9_5.4_0_0.99_1_0.013_2_0.58_A1_0.05_P_19/inp013.err for more details.
ERROR in MURE::WriteMaterial(ostream &Out)
	 Some nuclei have troubles, see transcript U5_1.3_8_91_P6_0.37_8_0.58_9_5.4_0_0.99_1_0.013_2_0.58_A1_0.05_P_19/inp013.err for more details.
ERROR in MURE::BuildMCNPFile
	 Some nuclei have troubles, see transcript U5_1.3_8_91_P6_0.37_8_0.58_9_5.4_0_0.99_1_0.013_2_0.58_A1_0.05_P_19/inp014.err for more details.
ERROR in MURE::WriteMaterial(ostream &Out)
	 Some nuclei have troubles, see transcript U5_1.3_8_91_P6_0.37_8_0.58_9_5.4_0_0.99_1_0.013_2_0.58_A1_0.05_P_19/inp014.err for more details.
ERROR in MURE::BuildMCNPFile
	 Some nuclei have troubles, see transcript U5_1.3_8_91_P6_0.37_8_0.58_9_5.4_0_0.99_1_0.013_2_0.58_A1_0.05_P_19/inp015.err for more details.
ERROR in MURE::WriteMaterial(ostream &Out)
	 Some nuclei have troubles, see transcript U5_1.3_8_91_P6_0.37_8_0.58_9_5.4_0_0.99_1_0.013_2_0.58_A1_0.05_P_19/inp015.err for more details.
ERROR in MURE::BuildMCNPFile
	 Some nuclei have troubles, see transcript U5_1.3_8_91_P6_0.37_8_0.58_9_5.4_0_0.99_1_0.013_2_0.58_A1_0.05_P_19/inp016.err for more details.
ERROR in MURE::WriteMaterial(ostream &Out)
	 Some nuclei have troubles, see transcript U5_1.3_8_91_P6_0.37_8_0.58_9_5.4_0_0.99_1_0.013_2_0.58_A1_0.05_P_19/inp016.err for more details.
ERROR in MURE::BuildMCNPFile
	 Some nuclei have troubles, see transcript U5_1.3_8_91_P6_0.37_8_0.58_9_5.4_0_0.99_1_0.013_2_0.58_A1_0.05_P_19/inp017.err for more details.
ERROR in MURE::WriteMaterial(ostream &Out)
	 Some nuclei have troubles, see transcript U5_1.3_8_91_P6_0.37_8_0.58_9_5.4_0_0.99_1_0.013_2_0.58_A1_0.05_P_19/inp017.err for more details.
ERROR in MURE::BuildMCNPFile
	 Some nuclei have troubles, see transcript U5_1.3_8_91_P6_0.37_8_0.58_9_5.4_0_0.99_1_0.013_2_0.58_A1_0.05_P_19/inp018.err for more details.
ERROR in MURE::WriteMaterial(ostream &Out)
	 Some nuclei have troubles, see transcript U5_1.3_8_91_P6_0.37_8_0.58_9_5.4_0_0.99_1_0.013_2_0.58_A1_0.05_P_19/inp018.err for more details.
ERROR in MURE::BuildMCNPFile
	 Some nuclei have troubles, see transcript U5_1.3_8_91_P6_0.37_8_0.58_9_5.4_0_0.99_1_0.013_2_0.58_A1_0.05_P_19/inp019.err for more details.
ERROR in MURE::WriteMaterial(ostream &Out)
	 Some nuclei have troubles, see transcript U5_1.3_8_91_P6_0.37_8_0.58_9_5.4_0_0.99_1_0.013_2_0.58_A1_0.05_P_19/inp019.err for more details.
ERROR in MURE::BuildMCNPFile
	 Some nuclei have troubles, see transcript U5_1.3_8_91_P6_0.37_8_0.58_9_5.4_0_0.99_1_0.013_2_0.58_A1_0.05_P_19/inp020.err for more details.
ERROR in MURE::WriteMaterial(ostream &Out)
	 Some nuclei have troubles, see transcript U5_1.3_8_91_P6_0.37_8_0.58_9_5.4_0_0.99_1_0.013_2_0.58_A1_0.05_P_19/inp020.err for more details.
ERROR in MURE::BuildMCNPFile
	 Some nuclei have troubles, see transcript U5_1.3_8_91_P6_0.37_8_0.58_9_5.4_0_0.99_1_0.013_2_0.58_A1_0.05_P_19/inp021.err for more details.
ERROR in MURE::WriteMaterial(ostream &Out)
	 Some nuclei have troubles, see transcript U5_1.3_8_91_P6_0.37_8_0.58_9_5.4_0_0.99_1_0.013_2_0.58_A1_0.05_P_19/inp021.err for more details.
ERROR in MURE::BuildMCNPFile
	 Some nuclei have troubles, see transcript U5_1.3_8_91_P6_0.37_8_0.58_9_5.4_0_0.99_1_0.013_2_0.58_A1_0.05_P_19/inp022.err for more details.
ERROR in MURE::WriteMaterial(ostream &Out)
	 Some nuclei have troubles, see transcript U5_1.3_8_91_P6_0.37_8_0.58_9_5.4_0_0.99_1_0.013_2_0.58_A1_0.05_P_19/inp022.err for more details.
ERROR in MURE::BuildMCNPFile
	 Some nuclei have troubles, see transcript U5_1.3_8_91_P6_0.37_8_0.58_9_5.4_0_0.99_1_0.013_2_0.58_A1_0.05_P_19/inp023.err for more details.
ERROR in MURE::WriteMaterial(ostream &Out)
	 Some nuclei have troubles, see transcript U5_1.3_8_91_P6_0.37_8_0.58_9_5.4_0_0.99_1_0.013_2_0.58_A1_0.05_P_19/inp023.err for more details.
ERROR in MURE::BuildMCNPFile
	 Some nuclei have troubles, see transcript U5_1.3_8_91_P6_0.37_8_0.58_9_5.4_0_0.99_1_0.013_2_0.58_A1_0.05_P_19/inp024.err for more details.
ERROR in MURE::WriteMaterial(ostream &Out)
	 Some nuclei have troubles, see transcript U5_1.3_8_91_P6_0.37_8_0.58_9_5.4_0_0.99_1_0.013_2_0.58_A1_0.05_P_19/inp024.err for more details.
ERROR in MURE::BuildMCNPFile
	 Some nuclei have troubles, see transcript U5_1.3_8_91_P6_0.37_8_0.58_9_5.4_0_0.99_1_0.013_2_0.58_A1_0.05_P_19/inp025.err for more details.
ERROR in MURE::WriteMaterial(ostream &Out)
	 Some nuclei have troubles, see transcript U5_1.3_8_91_P6_0.37_8_0.58_9_5.4_0_0.99_1_0.013_2_0.58_A1_0.05_P_19/inp025.err for more details.
ERROR in MURE::BuildMCNPFile
	 Some nuclei have troubles, see transcript U5_1.3_8_91_P6_0.37_8_0.58_9_5.4_0_0.99_1_0.013_2_0.58_A1_0.05_P_19/inp026.err for more details.
ERROR in MURE::WriteMaterial(ostream &Out)
	 Some nuclei have troubles, see transcript U5_1.3_8_91_P6_0.37_8_0.58_9_5.4_0_0.99_1_0.013_2_0.58_A1_0.05_P_19/inp026.err for more details.
ERROR in MURE::BuildMCNPFile
	 Some nuclei have troubles, see transcript U5_1.3_8_91_P6_0.37_8_0.58_9_5.4_0_0.99_1_0.013_2_0.58_A1_0.05_P_19/inp027.err for more details.
ERROR in MURE::WriteMaterial(ostream &Out)
	 Some nuclei have troubles, see transcript U5_1.3_8_91_P6_0.37_8_0.58_9_5.4_0_0.99_1_0.013_2_0.58_A1_0.05_P_19/inp027.err for more details.
ERROR in MURE::BuildMCNPFile
	 Some nuclei have troubles, see transcript U5_1.3_8_91_P6_0.37_8_0.58_9_5.4_0_0.99_1_0.013_2_0.58_A1_0.05_P_19/inp028.err for more details.
ERROR in MURE::WriteMaterial(ostream &Out)
	 Some nuclei have troubles, see transcript U5_1.3_8_91_P6_0.37_8_0.58_9_5.4_0_0.99_1_0.013_2_0.58_A1_0.05_P_19/inp028.err for more details.
ERROR in MURE::BuildMCNPFile
	 Some nuclei have troubles, see transcript U5_1.3_8_91_P6_0.37_8_0.58_9_5.4_0_0.99_1_0.013_2_0.58_A1_0.05_P_19/inp029.err for more details.
ERROR in MURE::WriteMaterial(ostream &Out)
	 Some nuclei have troubles, see transcript U5_1.3_8_91_P6_0.37_8_0.58_9_5.4_0_0.99_1_0.013_2_0.58_A1_0.05_P_19/inp029.err for more details.
ERROR in MURE::BuildMCNPFile
	 Some nuclei have troubles, see transcript U5_1.3_8_91_P6_0.37_8_0.58_9_5.4_0_0.99_1_0.013_2_0.58_A1_0.05_P_19/inp030.err for more details.
ERROR in MURE::WriteMaterial(ostream &Out)
	 Some nuclei have troubles, see transcript U5_1.3_8_91_P6_0.37_8_0.58_9_5.4_0_0.99_1_0.013_2_0.58_A1_0.05_P_19/inp030.err for more details.
ERROR in MURE::BuildMCNPFile
	 Some nuclei have troubles, see transcript U5_1.3_8_91_P6_0.37_8_0.58_9_5.4_0_0.99_1_0.013_2_0.58_A1_0.05_P_19/inp031.err for more details.
ERROR in MURE::WriteMaterial(ostream &Out)
	 Some nuclei have troubles, see transcript U5_1.3_8_91_P6_0.37_8_0.58_9_5.4_0_0.99_1_0.013_2_0.58_A1_0.05_P_19/inp031.err for more details.
ERROR in MURE::BuildMCNPFile
	 Some nuclei have troubles, see transcript U5_1.3_8_91_P6_0.37_8_0.58_9_5.4_0_0.99_1_0.013_2_0.58_A1_0.05_P_19/inp032.err for more details.
ERROR in MURE::WriteMaterial(ostream &Out)
	 Some nuclei have troubles, see transcript U5_1.3_8_91_P6_0.37_8_0.58_9_5.4_0_0.99_1_0.013_2_0.58_A1_0.05_P_19/inp032.err for more details.
ERROR in MURE::BuildMCNPFile
	 Some nuclei have troubles, see transcript U5_1.3_8_91_P6_0.37_8_0.58_9_5.4_0_0.99_1_0.013_2_0.58_A1_0.05_P_19/inp033.err for more details.
ERROR in MURE::WriteMaterial(ostream &Out)
	 Some nuclei have troubles, see transcript U5_1.3_8_91_P6_0.37_8_0.58_9_5.4_0_0.99_1_0.013_2_0.58_A1_0.05_P_19/inp033.err for more details.
ERROR in MURE::BuildMCNPFile
	 Some nuclei have troubles, see transcript U5_1.3_8_91_P6_0.37_8_0.58_9_5.4_0_0.99_1_0.013_2_0.58_A1_0.05_P_19/inp034.err for more details.
ERROR in MURE::WriteMaterial(ostream &Out)
	 Some nuclei have troubles, see transcript U5_1.3_8_91_P6_0.37_8_0.58_9_5.4_0_0.99_1_0.013_2_0.58_A1_0.05_P_19/inp034.err for more details.
ERROR in MURE::BuildMCNPFile
	 Some nuclei have troubles, see transcript U5_1.3_8_91_P6_0.37_8_0.58_9_5.4_0_0.99_1_0.013_2_0.58_A1_0.05_P_19/inp035.err for more details.
ERROR in MURE::WriteMaterial(ostream &Out)
	 Some nuclei have troubles, see transcript U5_1.3_8_91_P6_0.37_8_0.58_9_5.4_0_0.99_1_0.013_2_0.58_A1_0.05_P_19/inp035.err for more details.
ERROR in MURE::BuildMCNPFile
	 Some nuclei have troubles, see transcript U5_1.3_8_91_P6_0.37_8_0.58_9_5.4_0_0.99_1_0.013_2_0.58_A1_0.05_P_19/inp036.err for more details.
ERROR in MURE::WriteMaterial(ostream &Out)
	 Some nuclei have troubles, see transcript U5_1.3_8_91_P6_0.37_8_0.58_9_5.4_0_0.99_1_0.013_2_0.58_A1_0.05_P_19/inp036.err for more details.
ERROR in MURE::BuildMCNPFile
	 Some nuclei have troubles, see transcript U5_1.3_8_91_P6_0.37_8_0.58_9_5.4_0_0.99_1_0.013_2_0.58_A1_0.05_P_19/inp037.err for more details.
ERROR in MURE::WriteMaterial(ostream &Out)
	 Some nuclei have troubles, see transcript U5_1.3_8_91_P6_0.37_8_0.58_9_5.4_0_0.99_1_0.013_2_0.58_A1_0.05_P_19/inp037.err for more details.
ERROR in MURE::BuildMCNPFile
	 Some nuclei have troubles, see transcript U5_1.3_8_91_P6_0.37_8_0.58_9_5.4_0_0.99_1_0.013_2_0.58_A1_0.05_P_19/inp038.err for more details.
ERROR in MURE::WriteMaterial(ostream &Out)
	 Some nuclei have troubles, see transcript U5_1.3_8_91_P6_0.37_8_0.58_9_5.4_0_0.99_1_0.013_2_0.58_A1_0.05_P_19/inp038.err for more details.
ERROR in MURE::BuildMCNPFile
	 Some nuclei have troubles, see transcript U5_1.3_8_91_P6_0.37_8_0.58_9_5.4_0_0.99_1_0.013_2_0.58_A1_0.05_P_19/inp039.err for more details.
ERROR in MURE::WriteMaterial(ostream &Out)
	 Some nuclei have troubles, see transcript U5_1.3_8_91_P6_0.37_8_0.58_9_5.4_0_0.99_1_0.013_2_0.58_A1_0.05_P_19/inp039.err for more details.
ERROR in MURE::BuildMCNPFile
	 Some nuclei have troubles, see transcript U5_1.3_8_91_P6_0.37_8_0.58_9_5.4_0_0.99_1_0.013_2_0.58_A1_0.05_P_19/inp040.err for more details.
ERROR in MURE::WriteMaterial(ostream &Out)
	 Some nuclei have troubles, see transcript U5_1.3_8_91_P6_0.37_8_0.58_9_5.4_0_0.99_1_0.013_2_0.58_A1_0.05_P_19/inp040.err for more details.
ERROR in MURE::BuildMCNPFile
	 Some nuclei have troubles, see transcript U5_1.3_8_91_P6_0.37_8_0.58_9_5.4_0_0.99_1_0.013_2_0.58_A1_0.05_P_19/inp041.err for more details.
ERROR in MURE::WriteMaterial(ostream &Out)
	 Some nuclei have troubles, see transcript U5_1.3_8_91_P6_0.37_8_0.58_9_5.4_0_0.99_1_0.013_2_0.58_A1_0.05_P_19/inp041.err for more details.
ERROR in MURE::BuildMCNPFile
	 Some nuclei have troubles, see transcript U5_1.3_8_91_P6_0.37_8_0.58_9_5.4_0_0.99_1_0.013_2_0.58_A1_0.05_P_19/inp042.err for more details.
ERROR in MURE::WriteMaterial(ostream &Out)
	 Some nuclei have troubles, see transcript U5_1.3_8_91_P6_0.37_8_0.58_9_5.4_0_0.99_1_0.013_2_0.58_A1_0.05_P_19/inp042.err for more details.
ERROR in MURE::BuildMCNPFile
	 Some nuclei have troubles, see transcript U5_1.3_8_91_P6_0.37_8_0.58_9_5.4_0_0.99_1_0.013_2_0.58_A1_0.05_P_19/inp043.err for more details.
ERROR in MURE::WriteMaterial(ostream &Out)
	 Some nuclei have troubles, see transcript U5_1.3_8_91_P6_0.37_8_0.58_9_5.4_0_0.99_1_0.013_2_0.58_A1_0.05_P_19/inp043.err for more details.
ERROR in MURE::BuildMCNPFile
	 Some nuclei have troubles, see transcript U5_1.3_8_91_P6_0.37_8_0.58_9_5.4_0_0.99_1_0.013_2_0.58_A1_0.05_P_19/inp044.err for more details.
ERROR in MURE::WriteMaterial(ostream &Out)
	 Some nuclei have troubles, see transcript U5_1.3_8_91_P6_0.37_8_0.58_9_5.4_0_0.99_1_0.013_2_0.58_A1_0.05_P_19/inp044.err for more details.
ERROR in MURE::BuildMCNPFile
	 Some nuclei have troubles, see transcript U5_1.3_8_91_P6_0.37_8_0.58_9_5.4_0_0.99_1_0.013_2_0.58_A1_0.05_P_19/inp045.err for more details.
ERROR in MURE::WriteMaterial(ostream &Out)
	 Some nuclei have troubles, see transcript U5_1.3_8_91_P6_0.37_8_0.58_9_5.4_0_0.99_1_0.013_2_0.58_A1_0.05_P_19/inp045.err for more details.
ERROR in MURE::BuildMCNPFile
	 Some nuclei have troubles, see transcript U5_1.3_8_91_P6_0.37_8_0.58_9_5.4_0_0.99_1_0.013_2_0.58_A1_0.05_P_19/inp046.err for more details.
ERROR in MURE::WriteMaterial(ostream &Out)
	 Some nuclei have troubles, see transcript U5_1.3_8_91_P6_0.37_8_0.58_9_5.4_0_0.99_1_0.013_2_0.58_A1_0.05_P_19/inp046.err for more details.
ERROR in MURE::BuildMCNPFile
	 Some nuclei have troubles, see transcript U5_1.3_8_91_P6_0.37_8_0.58_9_5.4_0_0.99_1_0.013_2_0.58_A1_0.05_P_19/inp047.err for more details.
ERROR in MURE::WriteMaterial(ostream &Out)
	 Some nuclei have troubles, see transcript U5_1.3_8_91_P6_0.37_8_0.58_9_5.4_0_0.99_1_0.013_2_0.58_A1_0.05_P_19/inp047.err for more details.
ERROR in MURE::BuildMCNPFile
	 Some nuclei have troubles, see transcript U5_1.3_8_91_P6_0.37_8_0.58_9_5.4_0_0.99_1_0.013_2_0.58_A1_0.05_P_19/inp048.err for more details.
ERROR in MURE::WriteMaterial(ostream &Out)
	 Some nuclei have troubles, see transcript U5_1.3_8_91_P6_0.37_8_0.58_9_5.4_0_0.99_1_0.013_2_0.58_A1_0.05_P_19/inp048.err for more details.
ERROR in MURE::BuildMCNPFile
	 Some nuclei have troubles, see transcript U5_1.3_8_91_P6_0.37_8_0.58_9_5.4_0_0.99_1_0.013_2_0.58_A1_0.05_P_19/inp049.err for more details.
ERROR in MURE::WriteMaterial(ostream &Out)
	 Some nuclei have troubles, see transcript U5_1.3_8_91_P6_0.37_8_0.58_9_5.4_0_0.99_1_0.013_2_0.58_A1_0.05_P_19/inp049.err for more details.
ERROR in MURE::BuildMCNPFile
	 Some nuclei have troubles, see transcript U5_1.3_8_91_P6_0.37_8_0.58_9_5.4_0_0.99_1_0.013_2_0.58_A1_0.05_P_19/inp050.err for more details.
ERROR in MURE::WriteMaterial(ostream &Out)
	 Some nuclei have troubles, see transcript U5_1.3_8_91_P6_0.37_8_0.58_9_5.4_0_0.99_1_0.013_2_0.58_A1_0.05_P_19/inp050.err for more details.
ERROR in MURE::BuildMCNPFile
	 Some nuclei have troubles, see transcript U5_1.3_8_91_P6_0.37_8_0.58_9_5.4_0_0.99_1_0.013_2_0.58_A1_0.05_P_19/inp051.err for more details.
ERROR in MURE::WriteMaterial(ostream &Out)
	 Some nuclei have troubles, see transcript U5_1.3_8_91_P6_0.37_8_0.58_9_5.4_0_0.99_1_0.013_2_0.58_A1_0.05_P_19/inp051.err for more details.
ERROR in MURE::BuildMCNPFile
	 Some nuclei have troubles, see transcript U5_1.3_8_91_P6_0.37_8_0.58_9_5.4_0_0.99_1_0.013_2_0.58_A1_0.05_P_19/inp052.err for more details.
ERROR in MURE::WriteMaterial(ostream &Out)
	 Some nuclei have troubles, see transcript U5_1.3_8_91_P6_0.37_8_0.58_9_5.4_0_0.99_1_0.013_2_0.58_A1_0.05_P_19/inp052.err for more details.
ERROR in MURE::BuildMCNPFile
	 Some nuclei have troubles, see transcript U5_1.3_8_91_P6_0.37_8_0.58_9_5.4_0_0.99_1_0.013_2_0.58_A1_0.05_P_19/inp053.err for more details.
ERROR in MURE::WriteMaterial(ostream &Out)
	 Some nuclei have troubles, see transcript U5_1.3_8_91_P6_0.37_8_0.58_9_5.4_0_0.99_1_0.013_2_0.58_A1_0.05_P_19/inp053.err for more details.
ERROR in MURE::BuildMCNPFile
	 Some nuclei have troubles, see transcript U5_1.3_8_91_P6_0.37_8_0.58_9_5.4_0_0.99_1_0.013_2_0.58_A1_0.05_P_19/inp054.err for more details.
ERROR in MURE::WriteMaterial(ostream &Out)
	 Some nuclei have troubles, see transcript U5_1.3_8_91_P6_0.37_8_0.58_9_5.4_0_0.99_1_0.013_2_0.58_A1_0.05_P_19/inp054.err for more details.
ERROR in MURE::BuildMCNPFile
	 Some nuclei have troubles, see transcript U5_1.3_8_91_P6_0.37_8_0.58_9_5.4_0_0.99_1_0.013_2_0.58_A1_0.05_P_19/inp055.err for more details.
ERROR in MURE::WriteMaterial(ostream &Out)
	 Some nuclei have troubles, see transcript U5_1.3_8_91_P6_0.37_8_0.58_9_5.4_0_0.99_1_0.013_2_0.58_A1_0.05_P_19/inp055.err for more details.
ERROR in MURE::BuildMCNPFile
	 Some nuclei have troubles, see transcript U5_1.3_8_91_P6_0.37_8_0.58_9_5.4_0_0.99_1_0.013_2_0.58_A1_0.05_P_19/inp056.err for more details.
ERROR in MURE::WriteMaterial(ostream &Out)
	 Some nuclei have troubles, see transcript U5_1.3_8_91_P6_0.37_8_0.58_9_5.4_0_0.99_1_0.013_2_0.58_A1_0.05_P_19/inp056.err for more details.
ERROR in MURE::BuildMCNPFile
	 Some nuclei have troubles, see transcript U5_1.3_8_91_P6_0.37_8_0.58_9_5.4_0_0.99_1_0.013_2_0.58_A1_0.05_P_19/inp057.err for more details.
ERROR in MURE::WriteMaterial(ostream &Out)
	 Some nuclei have troubles, see transcript U5_1.3_8_91_P6_0.37_8_0.58_9_5.4_0_0.99_1_0.013_2_0.58_A1_0.05_P_19/inp057.err for more details.
ERROR in MURE::BuildMCNPFile
	 Some nuclei have troubles, see transcript U5_1.3_8_91_P6_0.37_8_0.58_9_5.4_0_0.99_1_0.013_2_0.58_A1_0.05_P_19/inp058.err for more details.
ERROR in MURE::WriteMaterial(ostream &Out)
	 Some nuclei have troubles, see transcript U5_1.3_8_91_P6_0.37_8_0.58_9_5.4_0_0.99_1_0.013_2_0.58_A1_0.05_P_19/inp058.err for more details.
ERROR in MURE::BuildMCNPFile
	 Some nuclei have troubles, see transcript U5_1.3_8_91_P6_0.37_8_0.58_9_5.4_0_0.99_1_0.013_2_0.58_A1_0.05_P_19/inp059.err for more details.
ERROR in MURE::WriteMaterial(ostream &Out)
	 Some nuclei have troubles, see transcript U5_1.3_8_91_P6_0.37_8_0.58_9_5.4_0_0.99_1_0.013_2_0.58_A1_0.05_P_19/inp059.err for more details.
ERROR in MURE::BuildMCNPFile
	 Some nuclei have troubles, see transcript U5_1.3_8_91_P6_0.37_8_0.58_9_5.4_0_0.99_1_0.013_2_0.58_A1_0.05_P_19/inp060.err for more details.
ERROR in MURE::WriteMaterial(ostream &Out)
	 Some nuclei have troubles, see transcript U5_1.3_8_91_P6_0.37_8_0.58_9_5.4_0_0.99_1_0.013_2_0.58_A1_0.05_P_19/inp060.err for more details.
ERROR in MURE::BuildMCNPFile
	 Some nuclei have troubles, see transcript U5_1.3_8_91_P6_0.37_8_0.58_9_5.4_0_0.99_1_0.013_2_0.58_A1_0.05_P_19/inp061.err for more details.
ERROR in MURE::WriteMaterial(ostream &Out)
	 Some nuclei have troubles, see transcript U5_1.3_8_91_P6_0.37_8_0.58_9_5.4_0_0.99_1_0.013_2_0.58_A1_0.05_P_19/inp061.err for more details.
ERROR in MURE::BuildMCNPFile
	 Some nuclei have troubles, see transcript U5_1.3_8_91_P6_0.37_8_0.58_9_5.4_0_0.99_1_0.013_2_0.58_A1_0.05_P_19/inp062.err for more details.
ERROR in MURE::WriteMaterial(ostream &Out)
	 Some nuclei have troubles, see transcript U5_1.3_8_91_P6_0.37_8_0.58_9_5.4_0_0.99_1_0.013_2_0.58_A1_0.05_P_19/inp062.err for more details.
ERROR in MURE::BuildMCNPFile
	 Some nuclei have troubles, see transcript U5_1.3_8_91_P6_0.37_8_0.58_9_5.4_0_0.99_1_0.013_2_0.58_A1_0.05_P_19/inp063.err for more details.
ERROR in MURE::WriteMaterial(ostream &Out)
	 Some nuclei have troubles, see transcript U5_1.3_8_91_P6_0.37_8_0.58_9_5.4_0_0.99_1_0.013_2_0.58_A1_0.05_P_19/inp063.err for more details.
ERROR in MURE::BuildMCNPFile
	 Some nuclei have troubles, see transcript U5_1.3_8_91_P6_0.37_8_0.58_9_5.4_0_0.99_1_0.013_2_0.58_A1_0.05_P_19/inp064.err for more details.
ERROR in MURE::WriteMaterial(ostream &Out)
	 Some nuclei have troubles, see transcript U5_1.3_8_91_P6_0.37_8_0.58_9_5.4_0_0.99_1_0.013_2_0.58_A1_0.05_P_19/inp064.err for more details.
ERROR in MURE::BuildMCNPFile
	 Some nuclei have troubles, see transcript U5_1.3_8_91_P6_0.37_8_0.58_9_5.4_0_0.99_1_0.013_2_0.58_A1_0.05_P_19/inp065.err for more details.
ERROR in MURE::WriteMaterial(ostream &Out)
	 Some nuclei have troubles, see transcript U5_1.3_8_91_P6_0.37_8_0.58_9_5.4_0_0.99_1_0.013_2_0.58_A1_0.05_P_19/inp065.err for more details.
ERROR in MURE::BuildMCNPFile
	 Some nuclei have troubles, see transcript U5_1.3_8_91_P6_0.37_8_0.58_9_5.4_0_0.99_1_0.013_2_0.58_A1_0.05_P_19/inp066.err for more details.
ERROR in MURE::WriteMaterial(ostream &Out)
	 Some nuclei have troubles, see transcript U5_1.3_8_91_P6_0.37_8_0.58_9_5.4_0_0.99_1_0.013_2_0.58_A1_0.05_P_19/inp066.err for more details.
ERROR in MURE::BuildMCNPFile
	 Some nuclei have troubles, see transcript U5_1.3_8_91_P6_0.37_8_0.58_9_5.4_0_0.99_1_0.013_2_0.58_A1_0.05_P_19/inp067.err for more details.
ERROR in MURE::WriteMaterial(ostream &Out)
	 Some nuclei have troubles, see transcript U5_1.3_8_91_P6_0.37_8_0.58_9_5.4_0_0.99_1_0.013_2_0.58_A1_0.05_P_19/inp067.err for more details.
ERROR in MURE::BuildMCNPFile
	 Some nuclei have troubles, see transcript U5_1.3_8_91_P6_0.37_8_0.58_9_5.4_0_0.99_1_0.013_2_0.58_A1_0.05_P_19/inp068.err for more details.
ERROR in MURE::WriteMaterial(ostream &Out)
	 Some nuclei have troubles, see transcript U5_1.3_8_91_P6_0.37_8_0.58_9_5.4_0_0.99_1_0.013_2_0.58_A1_0.05_P_19/inp068.err for more details.
ERROR in MURE::BuildMCNPFile
	 Some nuclei have troubles, see transcript U5_1.3_8_91_P6_0.37_8_0.58_9_5.4_0_0.99_1_0.013_2_0.58_A1_0.05_P_19/inp069.err for more details.
ERROR in MURE::WriteMaterial(ostream &Out)
	 Some nuclei have troubles, see transcript U5_1.3_8_91_P6_0.37_8_0.58_9_5.4_0_0.99_1_0.013_2_0.58_A1_0.05_P_19/inp069.err for more details.
ERROR in MURE::BuildMCNPFile
	 Some nuclei have troubles, see transcript U5_1.3_8_91_P6_0.37_8_0.58_9_5.4_0_0.99_1_0.013_2_0.58_A1_0.05_P_19/inp070.err for more details.
ERROR in MURE::WriteMaterial(ostream &Out)
	 Some nuclei have troubles, see transcript U5_1.3_8_91_P6_0.37_8_0.58_9_5.4_0_0.99_1_0.013_2_0.58_A1_0.05_P_19/inp070.err for more details.
ERROR in MURE::BuildMCNPFile
	 Some nuclei have troubles, see transcript U5_1.3_8_91_P6_0.37_8_0.58_9_5.4_0_0.99_1_0.013_2_0.58_A1_0.05_P_19/inp071.err for more details.
ERROR in MURE::WriteMaterial(ostream &Out)
	 Some nuclei have troubles, see transcript U5_1.3_8_91_P6_0.37_8_0.58_9_5.4_0_0.99_1_0.013_2_0.58_A1_0.05_P_19/inp071.err for more details.
ERROR in MURE::BuildMCNPFile
	 Some nuclei have troubles, see transcript U5_1.3_8_91_P6_0.37_8_0.58_9_5.4_0_0.99_1_0.013_2_0.58_A1_0.05_P_19/inp072.err for more details.
ERROR in MURE::WriteMaterial(ostream &Out)
	 Some nuclei have troubles, see transcript U5_1.3_8_91_P6_0.37_8_0.58_9_5.4_0_0.99_1_0.013_2_0.58_A1_0.05_P_19/inp072.err for more details.
ERROR in MURE::BuildMCNPFile
	 Some nuclei have troubles, see transcript U5_1.3_8_91_P6_0.37_8_0.58_9_5.4_0_0.99_1_0.013_2_0.58_A1_0.05_P_19/inp073.err for more details.
ERROR in MURE::WriteMaterial(ostream &Out)
	 Some nuclei have troubles, see transcript U5_1.3_8_91_P6_0.37_8_0.58_9_5.4_0_0.99_1_0.013_2_0.58_A1_0.05_P_19/inp073.err for more details.
ERROR in MURE::BuildMCNPFile
	 Some nuclei have troubles, see transcript U5_1.3_8_91_P6_0.37_8_0.58_9_5.4_0_0.99_1_0.013_2_0.58_A1_0.05_P_19/inp074.err for more details.
ERROR in MURE::WriteMaterial(ostream &Out)
	 Some nuclei have troubles, see transcript U5_1.3_8_91_P6_0.37_8_0.58_9_5.4_0_0.99_1_0.013_2_0.58_A1_0.05_P_19/inp074.err for more details.
ERROR in MURE::BuildMCNPFile
	 Some nuclei have troubles, see transcript U5_1.3_8_91_P6_0.37_8_0.58_9_5.4_0_0.99_1_0.013_2_0.58_A1_0.05_P_19/inp075.err for more details.
ERROR in MURE::WriteMaterial(ostream &Out)
	 Some nuclei have troubles, see transcript U5_1.3_8_91_P6_0.37_8_0.58_9_5.4_0_0.99_1_0.013_2_0.58_A1_0.05_P_19/inp075.err for more details.
ERROR in MURE::BuildMCNPFile
	 Some nuclei have troubles, see transcript U5_1.3_8_91_P6_0.37_8_0.58_9_5.4_0_0.99_1_0.013_2_0.58_A1_0.05_P_19/inp076.err for more details.
ERROR in MURE::WriteMaterial(ostream &Out)
	 Some nuclei have troubles, see transcript U5_1.3_8_91_P6_0.37_8_0.58_9_5.4_0_0.99_1_0.013_2_0.58_A1_0.05_P_19/inp076.err for more details.
ERROR in MURE::BuildMCNPFile
	 Some nuclei have troubles, see transcript U5_1.3_8_91_P6_0.37_8_0.58_9_5.4_0_0.99_1_0.013_2_0.58_A1_0.05_P_19/inp077.err for more details.
ERROR in MURE::WriteMaterial(ostream &Out)
	 Some nuclei have troubles, see transcript U5_1.3_8_91_P6_0.37_8_0.58_9_5.4_0_0.99_1_0.013_2_0.58_A1_0.05_P_19/inp077.err for more details.
ERROR in MURE::BuildMCNPFile
	 Some nuclei have troubles, see transcript U5_1.3_8_91_P6_0.37_8_0.58_9_5.4_0_0.99_1_0.013_2_0.58_A1_0.05_P_19/inp078.err for more details.
ERROR in MURE::WriteMaterial(ostream &Out)
	 Some nuclei have troubles, see transcript U5_1.3_8_91_P6_0.37_8_0.58_9_5.4_0_0.99_1_0.013_2_0.58_A1_0.05_P_19/inp078.err for more details.
ERROR in MURE::BuildMCNPFile
	 Some nuclei have troubles, see transcript U5_1.3_8_91_P6_0.37_8_0.58_9_5.4_0_0.99_1_0.013_2_0.58_A1_0.05_P_19/inp079.err for more details.
ERROR in MURE::WriteMaterial(ostream &Out)
	 Some nuclei have troubles, see transcript U5_1.3_8_91_P6_0.37_8_0.58_9_5.4_0_0.99_1_0.013_2_0.58_A1_0.05_P_19/inp079.err for more details.
* About to connect() to ftp.box.com port 21 (#0)
*   Trying 107.152.25.220... connected
* Connected to ftp.box.com (107.152.25.220) port 21 (#0)
< 220 Service ready for new user.
> AUTH SSL
< 234 Command AUTH okay; starting SSL connection.
* Initializing NSS with certpath: sql:/etc/pki/nssdb
*   CAfile: /etc/pki/tls/certs/ca-bundle.crt
  CApath: none
* SSL connection using TLS_RSA_WITH_AES_128_CBC_SHA
* Server certificate:
* 	subject: CN=*.box.com,O="Box, Inc.",L=Los Altos,ST=California,C=US
* 	start date: Nov 13 19:22:20 2014 GMT
* 	expire date: Oct 23 02:42:03 2017 GMT
* 	common name: *.box.com
* 	issuer: CN=GeoTrust SSL CA - G4,O=GeoTrust Inc.,C=US
> USER mouginot@wisc.edu
< 331 User name okay, need password for mouginot@wisc.edu.
> PASS line150782
< 230 User logged in, proceed.
> PBSZ 0
< 200 Command PBSZ okay.
> PROT P
< 200 Command PROT okay.
> PWD
< 257 "/" is current directory.
* Entry path is '/'
> CWD MODEL_DATA
< 250 Directory changed to /MODEL_DATA
> CWD PWR_TRU_MOX_PSPEC
< 250 Directory changed to /MODEL_DATA/PWR_TRU_MOX_PSPEC
> CWD 100
< 250 Directory changed to /MODEL_DATA/PWR_TRU_MOX_PSPEC/100
> PASV
* Connect data stream passively
< 227 Entering Passive Mode (107,152,25,220,41,125)
* Skips 107.152.25.220 for data connection, uses 107.152.25.220 instead
*   Trying 107.152.25.220... connected
* Connecting to 107.152.25.220 (107.152.25.220) port 10621
> TYPE I
< 200 Command TYPE okay.
> STOR 39_raw.tar.gz
< 150 File status okay; about to open data connection.
* Doing the SSL/TLS handshake on the data stream
*   CAfile: /etc/pki/tls/certs/ca-bundle.crt
  CApath: none
* SSL connection using TLS_RSA_WITH_AES_128_CBC_SHA
* Server certificate:
* 	subject: CN=*.box.com,O="Box, Inc.",L=Los Altos,ST=California,C=US
* 	start date: Nov 13 19:22:20 2014 GMT
* 	expire date: Oct 23 02:42:03 2017 GMT
* 	common name: *.box.com
* 	issuer: CN=GeoTrust SSL CA - G4,O=GeoTrust Inc.,C=US
} [data not shown]
  % Total    % Received % Xferd  Average Speed   Time    Time     Time  Current
                                 Dload  Upload   Total   Spent    Left  Speed
  0 43.5M    0     0    0 16384      0   3352  3:47:10  0:00:04  3:47:06  3352  0 43.5M    0     0    0  256k      0  50110  0:15:11  0:00:05  0:15:06  697k 15 43.5M    0     0   15 6912k      0  1113k  0:00:40  0:00:06  0:00:34 5216k 57 43.5M    0     0   57 25.0M      0  3562k  0:00:12  0:00:07  0:00:05 10.8M 91 43.5M    0     0   91 39.8M      0  4967k  0:00:08  0:00:08 --:--:-- 11.9M* Remembering we are in dir "MODEL_DATA/PWR_TRU_MOX_PSPEC/100/"
100 43.5M    0     0  100 43.5M      0  4714k  0:00:09  0:00:09 --:--:-- 9743k100 43.5M    0     0  100 43.5M      0  4263k  0:00:10  0:00:10 --:--:-- 8476k100 43.5M    0     0  100 43.5M      0  3891k  0:00:11  0:00:11 --:--:-- 7171k100 43.5M    0     0  100 43.5M      0  3577k  0:00:12  0:00:12 --:--:-- 3599k100 43.5M    0     0  100 43.5M      0  3312k  0:00:13  0:00:13 --:--:--  729k< 226 Transfer complete.
100 43.5M    0     0  100 43.5M      0  3126k  0:00:14  0:00:14 --:--:--     0* Connection #0 to host ftp.box.com left intact

> QUIT
< 221 Goodbye.
* Closing connection #0
