ERROR in MURE::BuildXSDIR()
	 Some nuclei have troubles, see transcript U5_1.1_8_89_P6_0.37_8_0.085_9_6.9_0_0.98_1_0.058_2_1_A1_0.041_P_34/inp000.err for more details.
ERROR in MURE::BuildMCNPFile
	 Some nuclei have troubles, see transcript U5_1.1_8_89_P6_0.37_8_0.085_9_6.9_0_0.98_1_0.058_2_1_A1_0.041_P_34/inp000.err for more details.
ERROR in MURE::WriteMaterial(ostream &Out)
	 Some nuclei have troubles, see transcript U5_1.1_8_89_P6_0.37_8_0.085_9_6.9_0_0.98_1_0.058_2_1_A1_0.041_P_34/inp000.err for more details.
ERROR in MURE::BuildMCNPFile
	 Some nuclei have troubles, see transcript U5_1.1_8_89_P6_0.37_8_0.085_9_6.9_0_0.98_1_0.058_2_1_A1_0.041_P_34/inp001.err for more details.
ERROR in MURE::WriteMaterial(ostream &Out)
	 Some nuclei have troubles, see transcript U5_1.1_8_89_P6_0.37_8_0.085_9_6.9_0_0.98_1_0.058_2_1_A1_0.041_P_34/inp001.err for more details.
ERROR in MURE::BuildMCNPFile
	 Some nuclei have troubles, see transcript U5_1.1_8_89_P6_0.37_8_0.085_9_6.9_0_0.98_1_0.058_2_1_A1_0.041_P_34/inp002.err for more details.
ERROR in MURE::WriteMaterial(ostream &Out)
	 Some nuclei have troubles, see transcript U5_1.1_8_89_P6_0.37_8_0.085_9_6.9_0_0.98_1_0.058_2_1_A1_0.041_P_34/inp002.err for more details.
ERROR in MURE::BuildMCNPFile
	 Some nuclei have troubles, see transcript U5_1.1_8_89_P6_0.37_8_0.085_9_6.9_0_0.98_1_0.058_2_1_A1_0.041_P_34/inp003.err for more details.
ERROR in MURE::WriteMaterial(ostream &Out)
	 Some nuclei have troubles, see transcript U5_1.1_8_89_P6_0.37_8_0.085_9_6.9_0_0.98_1_0.058_2_1_A1_0.041_P_34/inp003.err for more details.
ERROR in MURE::BuildMCNPFile
	 Some nuclei have troubles, see transcript U5_1.1_8_89_P6_0.37_8_0.085_9_6.9_0_0.98_1_0.058_2_1_A1_0.041_P_34/inp004.err for more details.
ERROR in MURE::WriteMaterial(ostream &Out)
	 Some nuclei have troubles, see transcript U5_1.1_8_89_P6_0.37_8_0.085_9_6.9_0_0.98_1_0.058_2_1_A1_0.041_P_34/inp004.err for more details.
ERROR in MURE::BuildMCNPFile
	 Some nuclei have troubles, see transcript U5_1.1_8_89_P6_0.37_8_0.085_9_6.9_0_0.98_1_0.058_2_1_A1_0.041_P_34/inp005.err for more details.
ERROR in MURE::WriteMaterial(ostream &Out)
	 Some nuclei have troubles, see transcript U5_1.1_8_89_P6_0.37_8_0.085_9_6.9_0_0.98_1_0.058_2_1_A1_0.041_P_34/inp005.err for more details.
ERROR in MURE::BuildMCNPFile
	 Some nuclei have troubles, see transcript U5_1.1_8_89_P6_0.37_8_0.085_9_6.9_0_0.98_1_0.058_2_1_A1_0.041_P_34/inp006.err for more details.
ERROR in MURE::WriteMaterial(ostream &Out)
	 Some nuclei have troubles, see transcript U5_1.1_8_89_P6_0.37_8_0.085_9_6.9_0_0.98_1_0.058_2_1_A1_0.041_P_34/inp006.err for more details.
ERROR in MURE::BuildMCNPFile
	 Some nuclei have troubles, see transcript U5_1.1_8_89_P6_0.37_8_0.085_9_6.9_0_0.98_1_0.058_2_1_A1_0.041_P_34/inp007.err for more details.
ERROR in MURE::WriteMaterial(ostream &Out)
	 Some nuclei have troubles, see transcript U5_1.1_8_89_P6_0.37_8_0.085_9_6.9_0_0.98_1_0.058_2_1_A1_0.041_P_34/inp007.err for more details.
ERROR in MURE::BuildMCNPFile
	 Some nuclei have troubles, see transcript U5_1.1_8_89_P6_0.37_8_0.085_9_6.9_0_0.98_1_0.058_2_1_A1_0.041_P_34/inp008.err for more details.
ERROR in MURE::WriteMaterial(ostream &Out)
	 Some nuclei have troubles, see transcript U5_1.1_8_89_P6_0.37_8_0.085_9_6.9_0_0.98_1_0.058_2_1_A1_0.041_P_34/inp008.err for more details.
ERROR in MURE::BuildMCNPFile
	 Some nuclei have troubles, see transcript U5_1.1_8_89_P6_0.37_8_0.085_9_6.9_0_0.98_1_0.058_2_1_A1_0.041_P_34/inp009.err for more details.
ERROR in MURE::WriteMaterial(ostream &Out)
	 Some nuclei have troubles, see transcript U5_1.1_8_89_P6_0.37_8_0.085_9_6.9_0_0.98_1_0.058_2_1_A1_0.041_P_34/inp009.err for more details.
ERROR in MURE::BuildMCNPFile
	 Some nuclei have troubles, see transcript U5_1.1_8_89_P6_0.37_8_0.085_9_6.9_0_0.98_1_0.058_2_1_A1_0.041_P_34/inp010.err for more details.
ERROR in MURE::WriteMaterial(ostream &Out)
	 Some nuclei have troubles, see transcript U5_1.1_8_89_P6_0.37_8_0.085_9_6.9_0_0.98_1_0.058_2_1_A1_0.041_P_34/inp010.err for more details.
ERROR in MURE::BuildMCNPFile
	 Some nuclei have troubles, see transcript U5_1.1_8_89_P6_0.37_8_0.085_9_6.9_0_0.98_1_0.058_2_1_A1_0.041_P_34/inp011.err for more details.
ERROR in MURE::WriteMaterial(ostream &Out)
	 Some nuclei have troubles, see transcript U5_1.1_8_89_P6_0.37_8_0.085_9_6.9_0_0.98_1_0.058_2_1_A1_0.041_P_34/inp011.err for more details.
ERROR in MURE::BuildMCNPFile
	 Some nuclei have troubles, see transcript U5_1.1_8_89_P6_0.37_8_0.085_9_6.9_0_0.98_1_0.058_2_1_A1_0.041_P_34/inp012.err for more details.
ERROR in MURE::WriteMaterial(ostream &Out)
	 Some nuclei have troubles, see transcript U5_1.1_8_89_P6_0.37_8_0.085_9_6.9_0_0.98_1_0.058_2_1_A1_0.041_P_34/inp012.err for more details.
ERROR in MURE::BuildMCNPFile
	 Some nuclei have troubles, see transcript U5_1.1_8_89_P6_0.37_8_0.085_9_6.9_0_0.98_1_0.058_2_1_A1_0.041_P_34/inp013.err for more details.
ERROR in MURE::WriteMaterial(ostream &Out)
	 Some nuclei have troubles, see transcript U5_1.1_8_89_P6_0.37_8_0.085_9_6.9_0_0.98_1_0.058_2_1_A1_0.041_P_34/inp013.err for more details.
ERROR in MURE::BuildMCNPFile
	 Some nuclei have troubles, see transcript U5_1.1_8_89_P6_0.37_8_0.085_9_6.9_0_0.98_1_0.058_2_1_A1_0.041_P_34/inp014.err for more details.
ERROR in MURE::WriteMaterial(ostream &Out)
	 Some nuclei have troubles, see transcript U5_1.1_8_89_P6_0.37_8_0.085_9_6.9_0_0.98_1_0.058_2_1_A1_0.041_P_34/inp014.err for more details.
ERROR in MURE::BuildMCNPFile
	 Some nuclei have troubles, see transcript U5_1.1_8_89_P6_0.37_8_0.085_9_6.9_0_0.98_1_0.058_2_1_A1_0.041_P_34/inp015.err for more details.
ERROR in MURE::WriteMaterial(ostream &Out)
	 Some nuclei have troubles, see transcript U5_1.1_8_89_P6_0.37_8_0.085_9_6.9_0_0.98_1_0.058_2_1_A1_0.041_P_34/inp015.err for more details.
ERROR in MURE::BuildMCNPFile
	 Some nuclei have troubles, see transcript U5_1.1_8_89_P6_0.37_8_0.085_9_6.9_0_0.98_1_0.058_2_1_A1_0.041_P_34/inp016.err for more details.
ERROR in MURE::WriteMaterial(ostream &Out)
	 Some nuclei have troubles, see transcript U5_1.1_8_89_P6_0.37_8_0.085_9_6.9_0_0.98_1_0.058_2_1_A1_0.041_P_34/inp016.err for more details.
ERROR in MURE::BuildMCNPFile
	 Some nuclei have troubles, see transcript U5_1.1_8_89_P6_0.37_8_0.085_9_6.9_0_0.98_1_0.058_2_1_A1_0.041_P_34/inp017.err for more details.
ERROR in MURE::WriteMaterial(ostream &Out)
	 Some nuclei have troubles, see transcript U5_1.1_8_89_P6_0.37_8_0.085_9_6.9_0_0.98_1_0.058_2_1_A1_0.041_P_34/inp017.err for more details.
ERROR in MURE::BuildMCNPFile
	 Some nuclei have troubles, see transcript U5_1.1_8_89_P6_0.37_8_0.085_9_6.9_0_0.98_1_0.058_2_1_A1_0.041_P_34/inp018.err for more details.
ERROR in MURE::WriteMaterial(ostream &Out)
	 Some nuclei have troubles, see transcript U5_1.1_8_89_P6_0.37_8_0.085_9_6.9_0_0.98_1_0.058_2_1_A1_0.041_P_34/inp018.err for more details.
ERROR in MURE::BuildMCNPFile
	 Some nuclei have troubles, see transcript U5_1.1_8_89_P6_0.37_8_0.085_9_6.9_0_0.98_1_0.058_2_1_A1_0.041_P_34/inp019.err for more details.
ERROR in MURE::WriteMaterial(ostream &Out)
	 Some nuclei have troubles, see transcript U5_1.1_8_89_P6_0.37_8_0.085_9_6.9_0_0.98_1_0.058_2_1_A1_0.041_P_34/inp019.err for more details.
ERROR in MURE::BuildMCNPFile
	 Some nuclei have troubles, see transcript U5_1.1_8_89_P6_0.37_8_0.085_9_6.9_0_0.98_1_0.058_2_1_A1_0.041_P_34/inp020.err for more details.
ERROR in MURE::WriteMaterial(ostream &Out)
	 Some nuclei have troubles, see transcript U5_1.1_8_89_P6_0.37_8_0.085_9_6.9_0_0.98_1_0.058_2_1_A1_0.041_P_34/inp020.err for more details.
ERROR in MURE::BuildMCNPFile
	 Some nuclei have troubles, see transcript U5_1.1_8_89_P6_0.37_8_0.085_9_6.9_0_0.98_1_0.058_2_1_A1_0.041_P_34/inp021.err for more details.
ERROR in MURE::WriteMaterial(ostream &Out)
	 Some nuclei have troubles, see transcript U5_1.1_8_89_P6_0.37_8_0.085_9_6.9_0_0.98_1_0.058_2_1_A1_0.041_P_34/inp021.err for more details.
ERROR in MURE::BuildMCNPFile
	 Some nuclei have troubles, see transcript U5_1.1_8_89_P6_0.37_8_0.085_9_6.9_0_0.98_1_0.058_2_1_A1_0.041_P_34/inp022.err for more details.
ERROR in MURE::WriteMaterial(ostream &Out)
	 Some nuclei have troubles, see transcript U5_1.1_8_89_P6_0.37_8_0.085_9_6.9_0_0.98_1_0.058_2_1_A1_0.041_P_34/inp022.err for more details.
ERROR in MURE::BuildMCNPFile
	 Some nuclei have troubles, see transcript U5_1.1_8_89_P6_0.37_8_0.085_9_6.9_0_0.98_1_0.058_2_1_A1_0.041_P_34/inp023.err for more details.
ERROR in MURE::WriteMaterial(ostream &Out)
	 Some nuclei have troubles, see transcript U5_1.1_8_89_P6_0.37_8_0.085_9_6.9_0_0.98_1_0.058_2_1_A1_0.041_P_34/inp023.err for more details.
ERROR in MURE::BuildMCNPFile
	 Some nuclei have troubles, see transcript U5_1.1_8_89_P6_0.37_8_0.085_9_6.9_0_0.98_1_0.058_2_1_A1_0.041_P_34/inp024.err for more details.
ERROR in MURE::WriteMaterial(ostream &Out)
	 Some nuclei have troubles, see transcript U5_1.1_8_89_P6_0.37_8_0.085_9_6.9_0_0.98_1_0.058_2_1_A1_0.041_P_34/inp024.err for more details.
ERROR in MURE::BuildMCNPFile
	 Some nuclei have troubles, see transcript U5_1.1_8_89_P6_0.37_8_0.085_9_6.9_0_0.98_1_0.058_2_1_A1_0.041_P_34/inp025.err for more details.
ERROR in MURE::WriteMaterial(ostream &Out)
	 Some nuclei have troubles, see transcript U5_1.1_8_89_P6_0.37_8_0.085_9_6.9_0_0.98_1_0.058_2_1_A1_0.041_P_34/inp025.err for more details.
ERROR in MURE::BuildMCNPFile
	 Some nuclei have troubles, see transcript U5_1.1_8_89_P6_0.37_8_0.085_9_6.9_0_0.98_1_0.058_2_1_A1_0.041_P_34/inp026.err for more details.
ERROR in MURE::WriteMaterial(ostream &Out)
	 Some nuclei have troubles, see transcript U5_1.1_8_89_P6_0.37_8_0.085_9_6.9_0_0.98_1_0.058_2_1_A1_0.041_P_34/inp026.err for more details.
ERROR in MURE::BuildMCNPFile
	 Some nuclei have troubles, see transcript U5_1.1_8_89_P6_0.37_8_0.085_9_6.9_0_0.98_1_0.058_2_1_A1_0.041_P_34/inp027.err for more details.
ERROR in MURE::WriteMaterial(ostream &Out)
	 Some nuclei have troubles, see transcript U5_1.1_8_89_P6_0.37_8_0.085_9_6.9_0_0.98_1_0.058_2_1_A1_0.041_P_34/inp027.err for more details.
ERROR in MURE::BuildMCNPFile
	 Some nuclei have troubles, see transcript U5_1.1_8_89_P6_0.37_8_0.085_9_6.9_0_0.98_1_0.058_2_1_A1_0.041_P_34/inp028.err for more details.
ERROR in MURE::WriteMaterial(ostream &Out)
	 Some nuclei have troubles, see transcript U5_1.1_8_89_P6_0.37_8_0.085_9_6.9_0_0.98_1_0.058_2_1_A1_0.041_P_34/inp028.err for more details.
ERROR in MURE::BuildMCNPFile
	 Some nuclei have troubles, see transcript U5_1.1_8_89_P6_0.37_8_0.085_9_6.9_0_0.98_1_0.058_2_1_A1_0.041_P_34/inp029.err for more details.
ERROR in MURE::WriteMaterial(ostream &Out)
	 Some nuclei have troubles, see transcript U5_1.1_8_89_P6_0.37_8_0.085_9_6.9_0_0.98_1_0.058_2_1_A1_0.041_P_34/inp029.err for more details.
ERROR in MURE::BuildMCNPFile
	 Some nuclei have troubles, see transcript U5_1.1_8_89_P6_0.37_8_0.085_9_6.9_0_0.98_1_0.058_2_1_A1_0.041_P_34/inp030.err for more details.
ERROR in MURE::WriteMaterial(ostream &Out)
	 Some nuclei have troubles, see transcript U5_1.1_8_89_P6_0.37_8_0.085_9_6.9_0_0.98_1_0.058_2_1_A1_0.041_P_34/inp030.err for more details.
ERROR in MURE::BuildMCNPFile
	 Some nuclei have troubles, see transcript U5_1.1_8_89_P6_0.37_8_0.085_9_6.9_0_0.98_1_0.058_2_1_A1_0.041_P_34/inp031.err for more details.
ERROR in MURE::WriteMaterial(ostream &Out)
	 Some nuclei have troubles, see transcript U5_1.1_8_89_P6_0.37_8_0.085_9_6.9_0_0.98_1_0.058_2_1_A1_0.041_P_34/inp031.err for more details.
ERROR in MURE::BuildMCNPFile
	 Some nuclei have troubles, see transcript U5_1.1_8_89_P6_0.37_8_0.085_9_6.9_0_0.98_1_0.058_2_1_A1_0.041_P_34/inp032.err for more details.
ERROR in MURE::WriteMaterial(ostream &Out)
	 Some nuclei have troubles, see transcript U5_1.1_8_89_P6_0.37_8_0.085_9_6.9_0_0.98_1_0.058_2_1_A1_0.041_P_34/inp032.err for more details.
ERROR in MURE::BuildMCNPFile
	 Some nuclei have troubles, see transcript U5_1.1_8_89_P6_0.37_8_0.085_9_6.9_0_0.98_1_0.058_2_1_A1_0.041_P_34/inp033.err for more details.
ERROR in MURE::WriteMaterial(ostream &Out)
	 Some nuclei have troubles, see transcript U5_1.1_8_89_P6_0.37_8_0.085_9_6.9_0_0.98_1_0.058_2_1_A1_0.041_P_34/inp033.err for more details.
ERROR in MURE::BuildMCNPFile
	 Some nuclei have troubles, see transcript U5_1.1_8_89_P6_0.37_8_0.085_9_6.9_0_0.98_1_0.058_2_1_A1_0.041_P_34/inp034.err for more details.
ERROR in MURE::WriteMaterial(ostream &Out)
	 Some nuclei have troubles, see transcript U5_1.1_8_89_P6_0.37_8_0.085_9_6.9_0_0.98_1_0.058_2_1_A1_0.041_P_34/inp034.err for more details.
ERROR in MURE::BuildMCNPFile
	 Some nuclei have troubles, see transcript U5_1.1_8_89_P6_0.37_8_0.085_9_6.9_0_0.98_1_0.058_2_1_A1_0.041_P_34/inp035.err for more details.
ERROR in MURE::WriteMaterial(ostream &Out)
	 Some nuclei have troubles, see transcript U5_1.1_8_89_P6_0.37_8_0.085_9_6.9_0_0.98_1_0.058_2_1_A1_0.041_P_34/inp035.err for more details.
ERROR in MURE::BuildMCNPFile
	 Some nuclei have troubles, see transcript U5_1.1_8_89_P6_0.37_8_0.085_9_6.9_0_0.98_1_0.058_2_1_A1_0.041_P_34/inp036.err for more details.
ERROR in MURE::WriteMaterial(ostream &Out)
	 Some nuclei have troubles, see transcript U5_1.1_8_89_P6_0.37_8_0.085_9_6.9_0_0.98_1_0.058_2_1_A1_0.041_P_34/inp036.err for more details.
ERROR in MURE::BuildMCNPFile
	 Some nuclei have troubles, see transcript U5_1.1_8_89_P6_0.37_8_0.085_9_6.9_0_0.98_1_0.058_2_1_A1_0.041_P_34/inp037.err for more details.
ERROR in MURE::WriteMaterial(ostream &Out)
	 Some nuclei have troubles, see transcript U5_1.1_8_89_P6_0.37_8_0.085_9_6.9_0_0.98_1_0.058_2_1_A1_0.041_P_34/inp037.err for more details.
ERROR in MURE::BuildMCNPFile
	 Some nuclei have troubles, see transcript U5_1.1_8_89_P6_0.37_8_0.085_9_6.9_0_0.98_1_0.058_2_1_A1_0.041_P_34/inp038.err for more details.
ERROR in MURE::WriteMaterial(ostream &Out)
	 Some nuclei have troubles, see transcript U5_1.1_8_89_P6_0.37_8_0.085_9_6.9_0_0.98_1_0.058_2_1_A1_0.041_P_34/inp038.err for more details.
ERROR in MURE::BuildMCNPFile
	 Some nuclei have troubles, see transcript U5_1.1_8_89_P6_0.37_8_0.085_9_6.9_0_0.98_1_0.058_2_1_A1_0.041_P_34/inp039.err for more details.
ERROR in MURE::WriteMaterial(ostream &Out)
	 Some nuclei have troubles, see transcript U5_1.1_8_89_P6_0.37_8_0.085_9_6.9_0_0.98_1_0.058_2_1_A1_0.041_P_34/inp039.err for more details.
ERROR in MURE::BuildMCNPFile
	 Some nuclei have troubles, see transcript U5_1.1_8_89_P6_0.37_8_0.085_9_6.9_0_0.98_1_0.058_2_1_A1_0.041_P_34/inp040.err for more details.
ERROR in MURE::WriteMaterial(ostream &Out)
	 Some nuclei have troubles, see transcript U5_1.1_8_89_P6_0.37_8_0.085_9_6.9_0_0.98_1_0.058_2_1_A1_0.041_P_34/inp040.err for more details.
ERROR in MURE::BuildMCNPFile
	 Some nuclei have troubles, see transcript U5_1.1_8_89_P6_0.37_8_0.085_9_6.9_0_0.98_1_0.058_2_1_A1_0.041_P_34/inp041.err for more details.
ERROR in MURE::WriteMaterial(ostream &Out)
	 Some nuclei have troubles, see transcript U5_1.1_8_89_P6_0.37_8_0.085_9_6.9_0_0.98_1_0.058_2_1_A1_0.041_P_34/inp041.err for more details.
ERROR in MURE::BuildMCNPFile
	 Some nuclei have troubles, see transcript U5_1.1_8_89_P6_0.37_8_0.085_9_6.9_0_0.98_1_0.058_2_1_A1_0.041_P_34/inp042.err for more details.
ERROR in MURE::WriteMaterial(ostream &Out)
	 Some nuclei have troubles, see transcript U5_1.1_8_89_P6_0.37_8_0.085_9_6.9_0_0.98_1_0.058_2_1_A1_0.041_P_34/inp042.err for more details.
ERROR in MURE::BuildMCNPFile
	 Some nuclei have troubles, see transcript U5_1.1_8_89_P6_0.37_8_0.085_9_6.9_0_0.98_1_0.058_2_1_A1_0.041_P_34/inp043.err for more details.
ERROR in MURE::WriteMaterial(ostream &Out)
	 Some nuclei have troubles, see transcript U5_1.1_8_89_P6_0.37_8_0.085_9_6.9_0_0.98_1_0.058_2_1_A1_0.041_P_34/inp043.err for more details.
ERROR in MURE::BuildMCNPFile
	 Some nuclei have troubles, see transcript U5_1.1_8_89_P6_0.37_8_0.085_9_6.9_0_0.98_1_0.058_2_1_A1_0.041_P_34/inp044.err for more details.
ERROR in MURE::WriteMaterial(ostream &Out)
	 Some nuclei have troubles, see transcript U5_1.1_8_89_P6_0.37_8_0.085_9_6.9_0_0.98_1_0.058_2_1_A1_0.041_P_34/inp044.err for more details.
ERROR in MURE::BuildMCNPFile
	 Some nuclei have troubles, see transcript U5_1.1_8_89_P6_0.37_8_0.085_9_6.9_0_0.98_1_0.058_2_1_A1_0.041_P_34/inp045.err for more details.
ERROR in MURE::WriteMaterial(ostream &Out)
	 Some nuclei have troubles, see transcript U5_1.1_8_89_P6_0.37_8_0.085_9_6.9_0_0.98_1_0.058_2_1_A1_0.041_P_34/inp045.err for more details.
ERROR in MURE::BuildMCNPFile
	 Some nuclei have troubles, see transcript U5_1.1_8_89_P6_0.37_8_0.085_9_6.9_0_0.98_1_0.058_2_1_A1_0.041_P_34/inp046.err for more details.
ERROR in MURE::WriteMaterial(ostream &Out)
	 Some nuclei have troubles, see transcript U5_1.1_8_89_P6_0.37_8_0.085_9_6.9_0_0.98_1_0.058_2_1_A1_0.041_P_34/inp046.err for more details.
ERROR in MURE::BuildMCNPFile
	 Some nuclei have troubles, see transcript U5_1.1_8_89_P6_0.37_8_0.085_9_6.9_0_0.98_1_0.058_2_1_A1_0.041_P_34/inp047.err for more details.
ERROR in MURE::WriteMaterial(ostream &Out)
	 Some nuclei have troubles, see transcript U5_1.1_8_89_P6_0.37_8_0.085_9_6.9_0_0.98_1_0.058_2_1_A1_0.041_P_34/inp047.err for more details.
ERROR in MURE::BuildMCNPFile
	 Some nuclei have troubles, see transcript U5_1.1_8_89_P6_0.37_8_0.085_9_6.9_0_0.98_1_0.058_2_1_A1_0.041_P_34/inp048.err for more details.
ERROR in MURE::WriteMaterial(ostream &Out)
	 Some nuclei have troubles, see transcript U5_1.1_8_89_P6_0.37_8_0.085_9_6.9_0_0.98_1_0.058_2_1_A1_0.041_P_34/inp048.err for more details.
ERROR in MURE::BuildMCNPFile
	 Some nuclei have troubles, see transcript U5_1.1_8_89_P6_0.37_8_0.085_9_6.9_0_0.98_1_0.058_2_1_A1_0.041_P_34/inp049.err for more details.
ERROR in MURE::WriteMaterial(ostream &Out)
	 Some nuclei have troubles, see transcript U5_1.1_8_89_P6_0.37_8_0.085_9_6.9_0_0.98_1_0.058_2_1_A1_0.041_P_34/inp049.err for more details.
ERROR in MURE::BuildMCNPFile
	 Some nuclei have troubles, see transcript U5_1.1_8_89_P6_0.37_8_0.085_9_6.9_0_0.98_1_0.058_2_1_A1_0.041_P_34/inp050.err for more details.
ERROR in MURE::WriteMaterial(ostream &Out)
	 Some nuclei have troubles, see transcript U5_1.1_8_89_P6_0.37_8_0.085_9_6.9_0_0.98_1_0.058_2_1_A1_0.041_P_34/inp050.err for more details.
ERROR in MURE::BuildMCNPFile
	 Some nuclei have troubles, see transcript U5_1.1_8_89_P6_0.37_8_0.085_9_6.9_0_0.98_1_0.058_2_1_A1_0.041_P_34/inp051.err for more details.
ERROR in MURE::WriteMaterial(ostream &Out)
	 Some nuclei have troubles, see transcript U5_1.1_8_89_P6_0.37_8_0.085_9_6.9_0_0.98_1_0.058_2_1_A1_0.041_P_34/inp051.err for more details.
ERROR in MURE::BuildMCNPFile
	 Some nuclei have troubles, see transcript U5_1.1_8_89_P6_0.37_8_0.085_9_6.9_0_0.98_1_0.058_2_1_A1_0.041_P_34/inp052.err for more details.
ERROR in MURE::WriteMaterial(ostream &Out)
	 Some nuclei have troubles, see transcript U5_1.1_8_89_P6_0.37_8_0.085_9_6.9_0_0.98_1_0.058_2_1_A1_0.041_P_34/inp052.err for more details.
ERROR in MURE::BuildMCNPFile
	 Some nuclei have troubles, see transcript U5_1.1_8_89_P6_0.37_8_0.085_9_6.9_0_0.98_1_0.058_2_1_A1_0.041_P_34/inp053.err for more details.
ERROR in MURE::WriteMaterial(ostream &Out)
	 Some nuclei have troubles, see transcript U5_1.1_8_89_P6_0.37_8_0.085_9_6.9_0_0.98_1_0.058_2_1_A1_0.041_P_34/inp053.err for more details.
ERROR in MURE::BuildMCNPFile
	 Some nuclei have troubles, see transcript U5_1.1_8_89_P6_0.37_8_0.085_9_6.9_0_0.98_1_0.058_2_1_A1_0.041_P_34/inp054.err for more details.
ERROR in MURE::WriteMaterial(ostream &Out)
	 Some nuclei have troubles, see transcript U5_1.1_8_89_P6_0.37_8_0.085_9_6.9_0_0.98_1_0.058_2_1_A1_0.041_P_34/inp054.err for more details.
ERROR in MURE::BuildMCNPFile
	 Some nuclei have troubles, see transcript U5_1.1_8_89_P6_0.37_8_0.085_9_6.9_0_0.98_1_0.058_2_1_A1_0.041_P_34/inp055.err for more details.
ERROR in MURE::WriteMaterial(ostream &Out)
	 Some nuclei have troubles, see transcript U5_1.1_8_89_P6_0.37_8_0.085_9_6.9_0_0.98_1_0.058_2_1_A1_0.041_P_34/inp055.err for more details.
ERROR in MURE::BuildMCNPFile
	 Some nuclei have troubles, see transcript U5_1.1_8_89_P6_0.37_8_0.085_9_6.9_0_0.98_1_0.058_2_1_A1_0.041_P_34/inp056.err for more details.
ERROR in MURE::WriteMaterial(ostream &Out)
	 Some nuclei have troubles, see transcript U5_1.1_8_89_P6_0.37_8_0.085_9_6.9_0_0.98_1_0.058_2_1_A1_0.041_P_34/inp056.err for more details.
ERROR in MURE::BuildMCNPFile
	 Some nuclei have troubles, see transcript U5_1.1_8_89_P6_0.37_8_0.085_9_6.9_0_0.98_1_0.058_2_1_A1_0.041_P_34/inp057.err for more details.
ERROR in MURE::WriteMaterial(ostream &Out)
	 Some nuclei have troubles, see transcript U5_1.1_8_89_P6_0.37_8_0.085_9_6.9_0_0.98_1_0.058_2_1_A1_0.041_P_34/inp057.err for more details.
ERROR in MURE::BuildMCNPFile
	 Some nuclei have troubles, see transcript U5_1.1_8_89_P6_0.37_8_0.085_9_6.9_0_0.98_1_0.058_2_1_A1_0.041_P_34/inp058.err for more details.
ERROR in MURE::WriteMaterial(ostream &Out)
	 Some nuclei have troubles, see transcript U5_1.1_8_89_P6_0.37_8_0.085_9_6.9_0_0.98_1_0.058_2_1_A1_0.041_P_34/inp058.err for more details.
ERROR in MURE::BuildMCNPFile
	 Some nuclei have troubles, see transcript U5_1.1_8_89_P6_0.37_8_0.085_9_6.9_0_0.98_1_0.058_2_1_A1_0.041_P_34/inp059.err for more details.
ERROR in MURE::WriteMaterial(ostream &Out)
	 Some nuclei have troubles, see transcript U5_1.1_8_89_P6_0.37_8_0.085_9_6.9_0_0.98_1_0.058_2_1_A1_0.041_P_34/inp059.err for more details.
ERROR in MURE::BuildMCNPFile
	 Some nuclei have troubles, see transcript U5_1.1_8_89_P6_0.37_8_0.085_9_6.9_0_0.98_1_0.058_2_1_A1_0.041_P_34/inp060.err for more details.
ERROR in MURE::WriteMaterial(ostream &Out)
	 Some nuclei have troubles, see transcript U5_1.1_8_89_P6_0.37_8_0.085_9_6.9_0_0.98_1_0.058_2_1_A1_0.041_P_34/inp060.err for more details.
ERROR in MURE::BuildMCNPFile
	 Some nuclei have troubles, see transcript U5_1.1_8_89_P6_0.37_8_0.085_9_6.9_0_0.98_1_0.058_2_1_A1_0.041_P_34/inp061.err for more details.
ERROR in MURE::WriteMaterial(ostream &Out)
	 Some nuclei have troubles, see transcript U5_1.1_8_89_P6_0.37_8_0.085_9_6.9_0_0.98_1_0.058_2_1_A1_0.041_P_34/inp061.err for more details.
ERROR in MURE::BuildMCNPFile
	 Some nuclei have troubles, see transcript U5_1.1_8_89_P6_0.37_8_0.085_9_6.9_0_0.98_1_0.058_2_1_A1_0.041_P_34/inp062.err for more details.
ERROR in MURE::WriteMaterial(ostream &Out)
	 Some nuclei have troubles, see transcript U5_1.1_8_89_P6_0.37_8_0.085_9_6.9_0_0.98_1_0.058_2_1_A1_0.041_P_34/inp062.err for more details.
ERROR in MURE::BuildMCNPFile
	 Some nuclei have troubles, see transcript U5_1.1_8_89_P6_0.37_8_0.085_9_6.9_0_0.98_1_0.058_2_1_A1_0.041_P_34/inp063.err for more details.
ERROR in MURE::WriteMaterial(ostream &Out)
	 Some nuclei have troubles, see transcript U5_1.1_8_89_P6_0.37_8_0.085_9_6.9_0_0.98_1_0.058_2_1_A1_0.041_P_34/inp063.err for more details.
ERROR in MURE::BuildMCNPFile
	 Some nuclei have troubles, see transcript U5_1.1_8_89_P6_0.37_8_0.085_9_6.9_0_0.98_1_0.058_2_1_A1_0.041_P_34/inp064.err for more details.
ERROR in MURE::WriteMaterial(ostream &Out)
	 Some nuclei have troubles, see transcript U5_1.1_8_89_P6_0.37_8_0.085_9_6.9_0_0.98_1_0.058_2_1_A1_0.041_P_34/inp064.err for more details.
ERROR in MURE::BuildMCNPFile
	 Some nuclei have troubles, see transcript U5_1.1_8_89_P6_0.37_8_0.085_9_6.9_0_0.98_1_0.058_2_1_A1_0.041_P_34/inp065.err for more details.
ERROR in MURE::WriteMaterial(ostream &Out)
	 Some nuclei have troubles, see transcript U5_1.1_8_89_P6_0.37_8_0.085_9_6.9_0_0.98_1_0.058_2_1_A1_0.041_P_34/inp065.err for more details.
ERROR in MURE::BuildMCNPFile
	 Some nuclei have troubles, see transcript U5_1.1_8_89_P6_0.37_8_0.085_9_6.9_0_0.98_1_0.058_2_1_A1_0.041_P_34/inp066.err for more details.
ERROR in MURE::WriteMaterial(ostream &Out)
	 Some nuclei have troubles, see transcript U5_1.1_8_89_P6_0.37_8_0.085_9_6.9_0_0.98_1_0.058_2_1_A1_0.041_P_34/inp066.err for more details.
ERROR in MURE::BuildMCNPFile
	 Some nuclei have troubles, see transcript U5_1.1_8_89_P6_0.37_8_0.085_9_6.9_0_0.98_1_0.058_2_1_A1_0.041_P_34/inp067.err for more details.
ERROR in MURE::WriteMaterial(ostream &Out)
	 Some nuclei have troubles, see transcript U5_1.1_8_89_P6_0.37_8_0.085_9_6.9_0_0.98_1_0.058_2_1_A1_0.041_P_34/inp067.err for more details.
ERROR in MURE::BuildMCNPFile
	 Some nuclei have troubles, see transcript U5_1.1_8_89_P6_0.37_8_0.085_9_6.9_0_0.98_1_0.058_2_1_A1_0.041_P_34/inp068.err for more details.
ERROR in MURE::WriteMaterial(ostream &Out)
	 Some nuclei have troubles, see transcript U5_1.1_8_89_P6_0.37_8_0.085_9_6.9_0_0.98_1_0.058_2_1_A1_0.041_P_34/inp068.err for more details.
ERROR in MURE::BuildMCNPFile
	 Some nuclei have troubles, see transcript U5_1.1_8_89_P6_0.37_8_0.085_9_6.9_0_0.98_1_0.058_2_1_A1_0.041_P_34/inp069.err for more details.
ERROR in MURE::WriteMaterial(ostream &Out)
	 Some nuclei have troubles, see transcript U5_1.1_8_89_P6_0.37_8_0.085_9_6.9_0_0.98_1_0.058_2_1_A1_0.041_P_34/inp069.err for more details.
ERROR in MURE::BuildMCNPFile
	 Some nuclei have troubles, see transcript U5_1.1_8_89_P6_0.37_8_0.085_9_6.9_0_0.98_1_0.058_2_1_A1_0.041_P_34/inp070.err for more details.
ERROR in MURE::WriteMaterial(ostream &Out)
	 Some nuclei have troubles, see transcript U5_1.1_8_89_P6_0.37_8_0.085_9_6.9_0_0.98_1_0.058_2_1_A1_0.041_P_34/inp070.err for more details.
ERROR in MURE::BuildMCNPFile
	 Some nuclei have troubles, see transcript U5_1.1_8_89_P6_0.37_8_0.085_9_6.9_0_0.98_1_0.058_2_1_A1_0.041_P_34/inp071.err for more details.
ERROR in MURE::WriteMaterial(ostream &Out)
	 Some nuclei have troubles, see transcript U5_1.1_8_89_P6_0.37_8_0.085_9_6.9_0_0.98_1_0.058_2_1_A1_0.041_P_34/inp071.err for more details.
ERROR in MURE::BuildMCNPFile
	 Some nuclei have troubles, see transcript U5_1.1_8_89_P6_0.37_8_0.085_9_6.9_0_0.98_1_0.058_2_1_A1_0.041_P_34/inp072.err for more details.
ERROR in MURE::WriteMaterial(ostream &Out)
	 Some nuclei have troubles, see transcript U5_1.1_8_89_P6_0.37_8_0.085_9_6.9_0_0.98_1_0.058_2_1_A1_0.041_P_34/inp072.err for more details.
ERROR in MURE::BuildMCNPFile
	 Some nuclei have troubles, see transcript U5_1.1_8_89_P6_0.37_8_0.085_9_6.9_0_0.98_1_0.058_2_1_A1_0.041_P_34/inp073.err for more details.
ERROR in MURE::WriteMaterial(ostream &Out)
	 Some nuclei have troubles, see transcript U5_1.1_8_89_P6_0.37_8_0.085_9_6.9_0_0.98_1_0.058_2_1_A1_0.041_P_34/inp073.err for more details.
ERROR in MURE::BuildMCNPFile
	 Some nuclei have troubles, see transcript U5_1.1_8_89_P6_0.37_8_0.085_9_6.9_0_0.98_1_0.058_2_1_A1_0.041_P_34/inp074.err for more details.
ERROR in MURE::WriteMaterial(ostream &Out)
	 Some nuclei have troubles, see transcript U5_1.1_8_89_P6_0.37_8_0.085_9_6.9_0_0.98_1_0.058_2_1_A1_0.041_P_34/inp074.err for more details.
ERROR in MURE::BuildMCNPFile
	 Some nuclei have troubles, see transcript U5_1.1_8_89_P6_0.37_8_0.085_9_6.9_0_0.98_1_0.058_2_1_A1_0.041_P_34/inp075.err for more details.
ERROR in MURE::WriteMaterial(ostream &Out)
	 Some nuclei have troubles, see transcript U5_1.1_8_89_P6_0.37_8_0.085_9_6.9_0_0.98_1_0.058_2_1_A1_0.041_P_34/inp075.err for more details.
ERROR in MURE::BuildMCNPFile
	 Some nuclei have troubles, see transcript U5_1.1_8_89_P6_0.37_8_0.085_9_6.9_0_0.98_1_0.058_2_1_A1_0.041_P_34/inp076.err for more details.
ERROR in MURE::WriteMaterial(ostream &Out)
	 Some nuclei have troubles, see transcript U5_1.1_8_89_P6_0.37_8_0.085_9_6.9_0_0.98_1_0.058_2_1_A1_0.041_P_34/inp076.err for more details.
ERROR in MURE::BuildMCNPFile
	 Some nuclei have troubles, see transcript U5_1.1_8_89_P6_0.37_8_0.085_9_6.9_0_0.98_1_0.058_2_1_A1_0.041_P_34/inp077.err for more details.
ERROR in MURE::WriteMaterial(ostream &Out)
	 Some nuclei have troubles, see transcript U5_1.1_8_89_P6_0.37_8_0.085_9_6.9_0_0.98_1_0.058_2_1_A1_0.041_P_34/inp077.err for more details.
ERROR in MURE::BuildMCNPFile
	 Some nuclei have troubles, see transcript U5_1.1_8_89_P6_0.37_8_0.085_9_6.9_0_0.98_1_0.058_2_1_A1_0.041_P_34/inp078.err for more details.
ERROR in MURE::WriteMaterial(ostream &Out)
	 Some nuclei have troubles, see transcript U5_1.1_8_89_P6_0.37_8_0.085_9_6.9_0_0.98_1_0.058_2_1_A1_0.041_P_34/inp078.err for more details.
ERROR in MURE::BuildMCNPFile
	 Some nuclei have troubles, see transcript U5_1.1_8_89_P6_0.37_8_0.085_9_6.9_0_0.98_1_0.058_2_1_A1_0.041_P_34/inp079.err for more details.
ERROR in MURE::WriteMaterial(ostream &Out)
	 Some nuclei have troubles, see transcript U5_1.1_8_89_P6_0.37_8_0.085_9_6.9_0_0.98_1_0.058_2_1_A1_0.041_P_34/inp079.err for more details.
* About to connect() to ftp.box.com port 21 (#0)
*   Trying 74.112.186.81... connected
* Connected to ftp.box.com (74.112.186.81) port 21 (#0)
< 220 Service ready for new user.
> AUTH SSL
< 234 Command AUTH okay; starting SSL connection.
* Initializing NSS with certpath: sql:/etc/pki/nssdb
*   CAfile: /etc/pki/tls/certs/ca-bundle.crt
  CApath: none
* SSL connection using TLS_RSA_WITH_AES_128_CBC_SHA
* Server certificate:
* 	subject: CN=*.box.com,O="Box, Inc.",L=Los Altos,ST=California,C=US
* 	start date: Nov 13 19:22:20 2014 GMT
* 	expire date: Oct 23 02:42:03 2017 GMT
* 	common name: *.box.com
* 	issuer: CN=GeoTrust SSL CA - G4,O=GeoTrust Inc.,C=US
> USER mouginot@wisc.edu
< 331 User name okay, need password for mouginot@wisc.edu.
> PASS line150782
< 230 User logged in, proceed.
> PBSZ 0
< 200 Command PBSZ okay.
> PROT P
< 200 Command PROT okay.
> PWD
< 257 "/" is current directory.
* Entry path is '/'
> CWD MODEL_DATA
< 250 Directory changed to /MODEL_DATA
> CWD PWR_TRU_MOX_PSPEC
< 250 Directory changed to /MODEL_DATA/PWR_TRU_MOX_PSPEC
> CWD 100
< 250 Directory changed to /MODEL_DATA/PWR_TRU_MOX_PSPEC/100
> PASV
* Connect data stream passively
< 227 Entering Passive Mode (74,112,186,81,42,231)
* Skips 74.112.186.81 for data connection, uses 74.112.186.81 instead
*   Trying 74.112.186.81... connected
* Connecting to 74.112.186.81 (74.112.186.81) port 10983
> TYPE I
< 200 Command TYPE okay.
> STOR 45_raw.tar.gz
< 150 File status okay; about to open data connection.
* Doing the SSL/TLS handshake on the data stream
*   CAfile: /etc/pki/tls/certs/ca-bundle.crt
  CApath: none
* SSL connection using TLS_RSA_WITH_AES_128_CBC_SHA
* Server certificate:
* 	subject: CN=*.box.com,O="Box, Inc.",L=Los Altos,ST=California,C=US
* 	start date: Nov 13 19:22:20 2014 GMT
* 	expire date: Oct 23 02:42:03 2017 GMT
* 	common name: *.box.com
* 	issuer: CN=GeoTrust SSL CA - G4,O=GeoTrust Inc.,C=US
} [data not shown]
  % Total    % Received % Xferd  Average Speed   Time    Time     Time  Current
                                 Dload  Upload   Total   Spent    Left  Speed
  0 43.5M    0     0    0 16384      0   2672  4:44:57  0:00:06  4:44:51  2672  1 43.5M    0     0    1  800k      0   116k  0:06:21  0:00:06  0:06:15 1094k 17 43.5M    0     0   17 7840k      0   997k  0:00:44  0:00:07  0:00:37 4527k 65 43.5M    0     0   65 28.6M      0  3317k  0:00:13  0:00:08  0:00:05 10.5M 97 43.5M    0     0   97 42.3M      0  4396k  0:00:10  0:00:09  0:00:01 11.3M* Remembering we are in dir "MODEL_DATA/PWR_TRU_MOX_PSPEC/100/"
100 43.5M    0     0  100 43.5M      0  4080k  0:00:10  0:00:10 --:--:-- 9285k100 43.5M    0     0  100 43.5M      0  3738k  0:00:11  0:00:11 --:--:-- 8611k100 43.5M    0     0  100 43.5M      0  3448k  0:00:12  0:00:12 --:--:-- 7244k100 43.5M    0     0  100 43.5M      0  3201k  0:00:13  0:00:13 --:--:-- 2999k100 43.5M    0     0  100 43.5M      0  2986k  0:00:14  0:00:14 --:--:--  250k100 43.5M    0     0  100 43.5M      0  2799k  0:00:15  0:00:15 --:--:--     0100 43.5M    0     0  100 43.5M      0  2633k  0:00:16  0:00:16 --:--:--     0< 226 Transfer complete.
100 43.5M    0     0  100 43.5M      0  2558k  0:00:17  0:00:17 --:--:--     0* Connection #0 to host ftp.box.com left intact

> QUIT
< 221 Goodbye.
* Closing connection #0
