ERROR in MURE::BuildXSDIR()
	 Some nuclei have troubles, see transcript U5_0.39_8_88_P6_0.49_8_0.051_9_4_0_3.4_1_0.13_2_1.3_A1_1.8_P_38/inp000.err for more details.
ERROR in MURE::BuildMCNPFile
	 Some nuclei have troubles, see transcript U5_0.39_8_88_P6_0.49_8_0.051_9_4_0_3.4_1_0.13_2_1.3_A1_1.8_P_38/inp000.err for more details.
ERROR in MURE::WriteMaterial(ostream &Out)
	 Some nuclei have troubles, see transcript U5_0.39_8_88_P6_0.49_8_0.051_9_4_0_3.4_1_0.13_2_1.3_A1_1.8_P_38/inp000.err for more details.
ERROR in MURE::BuildMCNPFile
	 Some nuclei have troubles, see transcript U5_0.39_8_88_P6_0.49_8_0.051_9_4_0_3.4_1_0.13_2_1.3_A1_1.8_P_38/inp001.err for more details.
ERROR in MURE::WriteMaterial(ostream &Out)
	 Some nuclei have troubles, see transcript U5_0.39_8_88_P6_0.49_8_0.051_9_4_0_3.4_1_0.13_2_1.3_A1_1.8_P_38/inp001.err for more details.
ERROR in MURE::BuildMCNPFile
	 Some nuclei have troubles, see transcript U5_0.39_8_88_P6_0.49_8_0.051_9_4_0_3.4_1_0.13_2_1.3_A1_1.8_P_38/inp002.err for more details.
ERROR in MURE::WriteMaterial(ostream &Out)
	 Some nuclei have troubles, see transcript U5_0.39_8_88_P6_0.49_8_0.051_9_4_0_3.4_1_0.13_2_1.3_A1_1.8_P_38/inp002.err for more details.
ERROR in MURE::BuildMCNPFile
	 Some nuclei have troubles, see transcript U5_0.39_8_88_P6_0.49_8_0.051_9_4_0_3.4_1_0.13_2_1.3_A1_1.8_P_38/inp003.err for more details.
ERROR in MURE::WriteMaterial(ostream &Out)
	 Some nuclei have troubles, see transcript U5_0.39_8_88_P6_0.49_8_0.051_9_4_0_3.4_1_0.13_2_1.3_A1_1.8_P_38/inp003.err for more details.
ERROR in MURE::BuildMCNPFile
	 Some nuclei have troubles, see transcript U5_0.39_8_88_P6_0.49_8_0.051_9_4_0_3.4_1_0.13_2_1.3_A1_1.8_P_38/inp004.err for more details.
ERROR in MURE::WriteMaterial(ostream &Out)
	 Some nuclei have troubles, see transcript U5_0.39_8_88_P6_0.49_8_0.051_9_4_0_3.4_1_0.13_2_1.3_A1_1.8_P_38/inp004.err for more details.
ERROR in MURE::BuildMCNPFile
	 Some nuclei have troubles, see transcript U5_0.39_8_88_P6_0.49_8_0.051_9_4_0_3.4_1_0.13_2_1.3_A1_1.8_P_38/inp005.err for more details.
ERROR in MURE::WriteMaterial(ostream &Out)
	 Some nuclei have troubles, see transcript U5_0.39_8_88_P6_0.49_8_0.051_9_4_0_3.4_1_0.13_2_1.3_A1_1.8_P_38/inp005.err for more details.
ERROR in MURE::BuildMCNPFile
	 Some nuclei have troubles, see transcript U5_0.39_8_88_P6_0.49_8_0.051_9_4_0_3.4_1_0.13_2_1.3_A1_1.8_P_38/inp006.err for more details.
ERROR in MURE::WriteMaterial(ostream &Out)
	 Some nuclei have troubles, see transcript U5_0.39_8_88_P6_0.49_8_0.051_9_4_0_3.4_1_0.13_2_1.3_A1_1.8_P_38/inp006.err for more details.
ERROR in MURE::BuildMCNPFile
	 Some nuclei have troubles, see transcript U5_0.39_8_88_P6_0.49_8_0.051_9_4_0_3.4_1_0.13_2_1.3_A1_1.8_P_38/inp007.err for more details.
ERROR in MURE::WriteMaterial(ostream &Out)
	 Some nuclei have troubles, see transcript U5_0.39_8_88_P6_0.49_8_0.051_9_4_0_3.4_1_0.13_2_1.3_A1_1.8_P_38/inp007.err for more details.
ERROR in MURE::BuildMCNPFile
	 Some nuclei have troubles, see transcript U5_0.39_8_88_P6_0.49_8_0.051_9_4_0_3.4_1_0.13_2_1.3_A1_1.8_P_38/inp008.err for more details.
ERROR in MURE::WriteMaterial(ostream &Out)
	 Some nuclei have troubles, see transcript U5_0.39_8_88_P6_0.49_8_0.051_9_4_0_3.4_1_0.13_2_1.3_A1_1.8_P_38/inp008.err for more details.
ERROR in MURE::BuildMCNPFile
	 Some nuclei have troubles, see transcript U5_0.39_8_88_P6_0.49_8_0.051_9_4_0_3.4_1_0.13_2_1.3_A1_1.8_P_38/inp009.err for more details.
ERROR in MURE::WriteMaterial(ostream &Out)
	 Some nuclei have troubles, see transcript U5_0.39_8_88_P6_0.49_8_0.051_9_4_0_3.4_1_0.13_2_1.3_A1_1.8_P_38/inp009.err for more details.
ERROR in MURE::BuildMCNPFile
	 Some nuclei have troubles, see transcript U5_0.39_8_88_P6_0.49_8_0.051_9_4_0_3.4_1_0.13_2_1.3_A1_1.8_P_38/inp010.err for more details.
ERROR in MURE::WriteMaterial(ostream &Out)
	 Some nuclei have troubles, see transcript U5_0.39_8_88_P6_0.49_8_0.051_9_4_0_3.4_1_0.13_2_1.3_A1_1.8_P_38/inp010.err for more details.
ERROR in MURE::BuildMCNPFile
	 Some nuclei have troubles, see transcript U5_0.39_8_88_P6_0.49_8_0.051_9_4_0_3.4_1_0.13_2_1.3_A1_1.8_P_38/inp011.err for more details.
ERROR in MURE::WriteMaterial(ostream &Out)
	 Some nuclei have troubles, see transcript U5_0.39_8_88_P6_0.49_8_0.051_9_4_0_3.4_1_0.13_2_1.3_A1_1.8_P_38/inp011.err for more details.
ERROR in MURE::BuildMCNPFile
	 Some nuclei have troubles, see transcript U5_0.39_8_88_P6_0.49_8_0.051_9_4_0_3.4_1_0.13_2_1.3_A1_1.8_P_38/inp012.err for more details.
ERROR in MURE::WriteMaterial(ostream &Out)
	 Some nuclei have troubles, see transcript U5_0.39_8_88_P6_0.49_8_0.051_9_4_0_3.4_1_0.13_2_1.3_A1_1.8_P_38/inp012.err for more details.
ERROR in MURE::BuildMCNPFile
	 Some nuclei have troubles, see transcript U5_0.39_8_88_P6_0.49_8_0.051_9_4_0_3.4_1_0.13_2_1.3_A1_1.8_P_38/inp013.err for more details.
ERROR in MURE::WriteMaterial(ostream &Out)
	 Some nuclei have troubles, see transcript U5_0.39_8_88_P6_0.49_8_0.051_9_4_0_3.4_1_0.13_2_1.3_A1_1.8_P_38/inp013.err for more details.
ERROR in MURE::BuildMCNPFile
	 Some nuclei have troubles, see transcript U5_0.39_8_88_P6_0.49_8_0.051_9_4_0_3.4_1_0.13_2_1.3_A1_1.8_P_38/inp014.err for more details.
ERROR in MURE::WriteMaterial(ostream &Out)
	 Some nuclei have troubles, see transcript U5_0.39_8_88_P6_0.49_8_0.051_9_4_0_3.4_1_0.13_2_1.3_A1_1.8_P_38/inp014.err for more details.
ERROR in MURE::BuildMCNPFile
	 Some nuclei have troubles, see transcript U5_0.39_8_88_P6_0.49_8_0.051_9_4_0_3.4_1_0.13_2_1.3_A1_1.8_P_38/inp015.err for more details.
ERROR in MURE::WriteMaterial(ostream &Out)
	 Some nuclei have troubles, see transcript U5_0.39_8_88_P6_0.49_8_0.051_9_4_0_3.4_1_0.13_2_1.3_A1_1.8_P_38/inp015.err for more details.
ERROR in MURE::BuildMCNPFile
	 Some nuclei have troubles, see transcript U5_0.39_8_88_P6_0.49_8_0.051_9_4_0_3.4_1_0.13_2_1.3_A1_1.8_P_38/inp016.err for more details.
ERROR in MURE::WriteMaterial(ostream &Out)
	 Some nuclei have troubles, see transcript U5_0.39_8_88_P6_0.49_8_0.051_9_4_0_3.4_1_0.13_2_1.3_A1_1.8_P_38/inp016.err for more details.
ERROR in MURE::BuildMCNPFile
	 Some nuclei have troubles, see transcript U5_0.39_8_88_P6_0.49_8_0.051_9_4_0_3.4_1_0.13_2_1.3_A1_1.8_P_38/inp017.err for more details.
ERROR in MURE::WriteMaterial(ostream &Out)
	 Some nuclei have troubles, see transcript U5_0.39_8_88_P6_0.49_8_0.051_9_4_0_3.4_1_0.13_2_1.3_A1_1.8_P_38/inp017.err for more details.
ERROR in MURE::BuildMCNPFile
	 Some nuclei have troubles, see transcript U5_0.39_8_88_P6_0.49_8_0.051_9_4_0_3.4_1_0.13_2_1.3_A1_1.8_P_38/inp018.err for more details.
ERROR in MURE::WriteMaterial(ostream &Out)
	 Some nuclei have troubles, see transcript U5_0.39_8_88_P6_0.49_8_0.051_9_4_0_3.4_1_0.13_2_1.3_A1_1.8_P_38/inp018.err for more details.
ERROR in MURE::BuildMCNPFile
	 Some nuclei have troubles, see transcript U5_0.39_8_88_P6_0.49_8_0.051_9_4_0_3.4_1_0.13_2_1.3_A1_1.8_P_38/inp019.err for more details.
ERROR in MURE::WriteMaterial(ostream &Out)
	 Some nuclei have troubles, see transcript U5_0.39_8_88_P6_0.49_8_0.051_9_4_0_3.4_1_0.13_2_1.3_A1_1.8_P_38/inp019.err for more details.
ERROR in MURE::BuildMCNPFile
	 Some nuclei have troubles, see transcript U5_0.39_8_88_P6_0.49_8_0.051_9_4_0_3.4_1_0.13_2_1.3_A1_1.8_P_38/inp020.err for more details.
ERROR in MURE::WriteMaterial(ostream &Out)
	 Some nuclei have troubles, see transcript U5_0.39_8_88_P6_0.49_8_0.051_9_4_0_3.4_1_0.13_2_1.3_A1_1.8_P_38/inp020.err for more details.
ERROR in MURE::BuildMCNPFile
	 Some nuclei have troubles, see transcript U5_0.39_8_88_P6_0.49_8_0.051_9_4_0_3.4_1_0.13_2_1.3_A1_1.8_P_38/inp021.err for more details.
ERROR in MURE::WriteMaterial(ostream &Out)
	 Some nuclei have troubles, see transcript U5_0.39_8_88_P6_0.49_8_0.051_9_4_0_3.4_1_0.13_2_1.3_A1_1.8_P_38/inp021.err for more details.
ERROR in MURE::BuildMCNPFile
	 Some nuclei have troubles, see transcript U5_0.39_8_88_P6_0.49_8_0.051_9_4_0_3.4_1_0.13_2_1.3_A1_1.8_P_38/inp022.err for more details.
ERROR in MURE::WriteMaterial(ostream &Out)
	 Some nuclei have troubles, see transcript U5_0.39_8_88_P6_0.49_8_0.051_9_4_0_3.4_1_0.13_2_1.3_A1_1.8_P_38/inp022.err for more details.
ERROR in MURE::BuildMCNPFile
	 Some nuclei have troubles, see transcript U5_0.39_8_88_P6_0.49_8_0.051_9_4_0_3.4_1_0.13_2_1.3_A1_1.8_P_38/inp023.err for more details.
ERROR in MURE::WriteMaterial(ostream &Out)
	 Some nuclei have troubles, see transcript U5_0.39_8_88_P6_0.49_8_0.051_9_4_0_3.4_1_0.13_2_1.3_A1_1.8_P_38/inp023.err for more details.
ERROR in MURE::BuildMCNPFile
	 Some nuclei have troubles, see transcript U5_0.39_8_88_P6_0.49_8_0.051_9_4_0_3.4_1_0.13_2_1.3_A1_1.8_P_38/inp024.err for more details.
ERROR in MURE::WriteMaterial(ostream &Out)
	 Some nuclei have troubles, see transcript U5_0.39_8_88_P6_0.49_8_0.051_9_4_0_3.4_1_0.13_2_1.3_A1_1.8_P_38/inp024.err for more details.
ERROR in MURE::BuildMCNPFile
	 Some nuclei have troubles, see transcript U5_0.39_8_88_P6_0.49_8_0.051_9_4_0_3.4_1_0.13_2_1.3_A1_1.8_P_38/inp025.err for more details.
ERROR in MURE::WriteMaterial(ostream &Out)
	 Some nuclei have troubles, see transcript U5_0.39_8_88_P6_0.49_8_0.051_9_4_0_3.4_1_0.13_2_1.3_A1_1.8_P_38/inp025.err for more details.
ERROR in MURE::BuildMCNPFile
	 Some nuclei have troubles, see transcript U5_0.39_8_88_P6_0.49_8_0.051_9_4_0_3.4_1_0.13_2_1.3_A1_1.8_P_38/inp026.err for more details.
ERROR in MURE::WriteMaterial(ostream &Out)
	 Some nuclei have troubles, see transcript U5_0.39_8_88_P6_0.49_8_0.051_9_4_0_3.4_1_0.13_2_1.3_A1_1.8_P_38/inp026.err for more details.
ERROR in MURE::BuildMCNPFile
	 Some nuclei have troubles, see transcript U5_0.39_8_88_P6_0.49_8_0.051_9_4_0_3.4_1_0.13_2_1.3_A1_1.8_P_38/inp027.err for more details.
ERROR in MURE::WriteMaterial(ostream &Out)
	 Some nuclei have troubles, see transcript U5_0.39_8_88_P6_0.49_8_0.051_9_4_0_3.4_1_0.13_2_1.3_A1_1.8_P_38/inp027.err for more details.
ERROR in MURE::BuildMCNPFile
	 Some nuclei have troubles, see transcript U5_0.39_8_88_P6_0.49_8_0.051_9_4_0_3.4_1_0.13_2_1.3_A1_1.8_P_38/inp028.err for more details.
ERROR in MURE::WriteMaterial(ostream &Out)
	 Some nuclei have troubles, see transcript U5_0.39_8_88_P6_0.49_8_0.051_9_4_0_3.4_1_0.13_2_1.3_A1_1.8_P_38/inp028.err for more details.
ERROR in MURE::BuildMCNPFile
	 Some nuclei have troubles, see transcript U5_0.39_8_88_P6_0.49_8_0.051_9_4_0_3.4_1_0.13_2_1.3_A1_1.8_P_38/inp029.err for more details.
ERROR in MURE::WriteMaterial(ostream &Out)
	 Some nuclei have troubles, see transcript U5_0.39_8_88_P6_0.49_8_0.051_9_4_0_3.4_1_0.13_2_1.3_A1_1.8_P_38/inp029.err for more details.
ERROR in MURE::BuildMCNPFile
	 Some nuclei have troubles, see transcript U5_0.39_8_88_P6_0.49_8_0.051_9_4_0_3.4_1_0.13_2_1.3_A1_1.8_P_38/inp030.err for more details.
ERROR in MURE::WriteMaterial(ostream &Out)
	 Some nuclei have troubles, see transcript U5_0.39_8_88_P6_0.49_8_0.051_9_4_0_3.4_1_0.13_2_1.3_A1_1.8_P_38/inp030.err for more details.
ERROR in MURE::BuildMCNPFile
	 Some nuclei have troubles, see transcript U5_0.39_8_88_P6_0.49_8_0.051_9_4_0_3.4_1_0.13_2_1.3_A1_1.8_P_38/inp031.err for more details.
ERROR in MURE::WriteMaterial(ostream &Out)
	 Some nuclei have troubles, see transcript U5_0.39_8_88_P6_0.49_8_0.051_9_4_0_3.4_1_0.13_2_1.3_A1_1.8_P_38/inp031.err for more details.
ERROR in MURE::BuildMCNPFile
	 Some nuclei have troubles, see transcript U5_0.39_8_88_P6_0.49_8_0.051_9_4_0_3.4_1_0.13_2_1.3_A1_1.8_P_38/inp032.err for more details.
ERROR in MURE::WriteMaterial(ostream &Out)
	 Some nuclei have troubles, see transcript U5_0.39_8_88_P6_0.49_8_0.051_9_4_0_3.4_1_0.13_2_1.3_A1_1.8_P_38/inp032.err for more details.
ERROR in MURE::BuildMCNPFile
	 Some nuclei have troubles, see transcript U5_0.39_8_88_P6_0.49_8_0.051_9_4_0_3.4_1_0.13_2_1.3_A1_1.8_P_38/inp033.err for more details.
ERROR in MURE::WriteMaterial(ostream &Out)
	 Some nuclei have troubles, see transcript U5_0.39_8_88_P6_0.49_8_0.051_9_4_0_3.4_1_0.13_2_1.3_A1_1.8_P_38/inp033.err for more details.
ERROR in MURE::BuildMCNPFile
	 Some nuclei have troubles, see transcript U5_0.39_8_88_P6_0.49_8_0.051_9_4_0_3.4_1_0.13_2_1.3_A1_1.8_P_38/inp034.err for more details.
ERROR in MURE::WriteMaterial(ostream &Out)
	 Some nuclei have troubles, see transcript U5_0.39_8_88_P6_0.49_8_0.051_9_4_0_3.4_1_0.13_2_1.3_A1_1.8_P_38/inp034.err for more details.
ERROR in MURE::BuildMCNPFile
	 Some nuclei have troubles, see transcript U5_0.39_8_88_P6_0.49_8_0.051_9_4_0_3.4_1_0.13_2_1.3_A1_1.8_P_38/inp035.err for more details.
ERROR in MURE::WriteMaterial(ostream &Out)
	 Some nuclei have troubles, see transcript U5_0.39_8_88_P6_0.49_8_0.051_9_4_0_3.4_1_0.13_2_1.3_A1_1.8_P_38/inp035.err for more details.
ERROR in MURE::BuildMCNPFile
	 Some nuclei have troubles, see transcript U5_0.39_8_88_P6_0.49_8_0.051_9_4_0_3.4_1_0.13_2_1.3_A1_1.8_P_38/inp036.err for more details.
ERROR in MURE::WriteMaterial(ostream &Out)
	 Some nuclei have troubles, see transcript U5_0.39_8_88_P6_0.49_8_0.051_9_4_0_3.4_1_0.13_2_1.3_A1_1.8_P_38/inp036.err for more details.
ERROR in MURE::BuildMCNPFile
	 Some nuclei have troubles, see transcript U5_0.39_8_88_P6_0.49_8_0.051_9_4_0_3.4_1_0.13_2_1.3_A1_1.8_P_38/inp037.err for more details.
ERROR in MURE::WriteMaterial(ostream &Out)
	 Some nuclei have troubles, see transcript U5_0.39_8_88_P6_0.49_8_0.051_9_4_0_3.4_1_0.13_2_1.3_A1_1.8_P_38/inp037.err for more details.
ERROR in MURE::BuildMCNPFile
	 Some nuclei have troubles, see transcript U5_0.39_8_88_P6_0.49_8_0.051_9_4_0_3.4_1_0.13_2_1.3_A1_1.8_P_38/inp038.err for more details.
ERROR in MURE::WriteMaterial(ostream &Out)
	 Some nuclei have troubles, see transcript U5_0.39_8_88_P6_0.49_8_0.051_9_4_0_3.4_1_0.13_2_1.3_A1_1.8_P_38/inp038.err for more details.
ERROR in MURE::BuildMCNPFile
	 Some nuclei have troubles, see transcript U5_0.39_8_88_P6_0.49_8_0.051_9_4_0_3.4_1_0.13_2_1.3_A1_1.8_P_38/inp039.err for more details.
ERROR in MURE::WriteMaterial(ostream &Out)
	 Some nuclei have troubles, see transcript U5_0.39_8_88_P6_0.49_8_0.051_9_4_0_3.4_1_0.13_2_1.3_A1_1.8_P_38/inp039.err for more details.
ERROR in MURE::BuildMCNPFile
	 Some nuclei have troubles, see transcript U5_0.39_8_88_P6_0.49_8_0.051_9_4_0_3.4_1_0.13_2_1.3_A1_1.8_P_38/inp040.err for more details.
ERROR in MURE::WriteMaterial(ostream &Out)
	 Some nuclei have troubles, see transcript U5_0.39_8_88_P6_0.49_8_0.051_9_4_0_3.4_1_0.13_2_1.3_A1_1.8_P_38/inp040.err for more details.
ERROR in MURE::BuildMCNPFile
	 Some nuclei have troubles, see transcript U5_0.39_8_88_P6_0.49_8_0.051_9_4_0_3.4_1_0.13_2_1.3_A1_1.8_P_38/inp041.err for more details.
ERROR in MURE::WriteMaterial(ostream &Out)
	 Some nuclei have troubles, see transcript U5_0.39_8_88_P6_0.49_8_0.051_9_4_0_3.4_1_0.13_2_1.3_A1_1.8_P_38/inp041.err for more details.
ERROR in MURE::BuildMCNPFile
	 Some nuclei have troubles, see transcript U5_0.39_8_88_P6_0.49_8_0.051_9_4_0_3.4_1_0.13_2_1.3_A1_1.8_P_38/inp042.err for more details.
ERROR in MURE::WriteMaterial(ostream &Out)
	 Some nuclei have troubles, see transcript U5_0.39_8_88_P6_0.49_8_0.051_9_4_0_3.4_1_0.13_2_1.3_A1_1.8_P_38/inp042.err for more details.
ERROR in MURE::BuildMCNPFile
	 Some nuclei have troubles, see transcript U5_0.39_8_88_P6_0.49_8_0.051_9_4_0_3.4_1_0.13_2_1.3_A1_1.8_P_38/inp043.err for more details.
ERROR in MURE::WriteMaterial(ostream &Out)
	 Some nuclei have troubles, see transcript U5_0.39_8_88_P6_0.49_8_0.051_9_4_0_3.4_1_0.13_2_1.3_A1_1.8_P_38/inp043.err for more details.
ERROR in MURE::BuildMCNPFile
	 Some nuclei have troubles, see transcript U5_0.39_8_88_P6_0.49_8_0.051_9_4_0_3.4_1_0.13_2_1.3_A1_1.8_P_38/inp044.err for more details.
ERROR in MURE::WriteMaterial(ostream &Out)
	 Some nuclei have troubles, see transcript U5_0.39_8_88_P6_0.49_8_0.051_9_4_0_3.4_1_0.13_2_1.3_A1_1.8_P_38/inp044.err for more details.
ERROR in MURE::BuildMCNPFile
	 Some nuclei have troubles, see transcript U5_0.39_8_88_P6_0.49_8_0.051_9_4_0_3.4_1_0.13_2_1.3_A1_1.8_P_38/inp045.err for more details.
ERROR in MURE::WriteMaterial(ostream &Out)
	 Some nuclei have troubles, see transcript U5_0.39_8_88_P6_0.49_8_0.051_9_4_0_3.4_1_0.13_2_1.3_A1_1.8_P_38/inp045.err for more details.
ERROR in MURE::BuildMCNPFile
	 Some nuclei have troubles, see transcript U5_0.39_8_88_P6_0.49_8_0.051_9_4_0_3.4_1_0.13_2_1.3_A1_1.8_P_38/inp046.err for more details.
ERROR in MURE::WriteMaterial(ostream &Out)
	 Some nuclei have troubles, see transcript U5_0.39_8_88_P6_0.49_8_0.051_9_4_0_3.4_1_0.13_2_1.3_A1_1.8_P_38/inp046.err for more details.
ERROR in MURE::BuildMCNPFile
	 Some nuclei have troubles, see transcript U5_0.39_8_88_P6_0.49_8_0.051_9_4_0_3.4_1_0.13_2_1.3_A1_1.8_P_38/inp047.err for more details.
ERROR in MURE::WriteMaterial(ostream &Out)
	 Some nuclei have troubles, see transcript U5_0.39_8_88_P6_0.49_8_0.051_9_4_0_3.4_1_0.13_2_1.3_A1_1.8_P_38/inp047.err for more details.
ERROR in MURE::BuildMCNPFile
	 Some nuclei have troubles, see transcript U5_0.39_8_88_P6_0.49_8_0.051_9_4_0_3.4_1_0.13_2_1.3_A1_1.8_P_38/inp048.err for more details.
ERROR in MURE::WriteMaterial(ostream &Out)
	 Some nuclei have troubles, see transcript U5_0.39_8_88_P6_0.49_8_0.051_9_4_0_3.4_1_0.13_2_1.3_A1_1.8_P_38/inp048.err for more details.
ERROR in MURE::BuildMCNPFile
	 Some nuclei have troubles, see transcript U5_0.39_8_88_P6_0.49_8_0.051_9_4_0_3.4_1_0.13_2_1.3_A1_1.8_P_38/inp049.err for more details.
ERROR in MURE::WriteMaterial(ostream &Out)
	 Some nuclei have troubles, see transcript U5_0.39_8_88_P6_0.49_8_0.051_9_4_0_3.4_1_0.13_2_1.3_A1_1.8_P_38/inp049.err for more details.
ERROR in MURE::BuildMCNPFile
	 Some nuclei have troubles, see transcript U5_0.39_8_88_P6_0.49_8_0.051_9_4_0_3.4_1_0.13_2_1.3_A1_1.8_P_38/inp050.err for more details.
ERROR in MURE::WriteMaterial(ostream &Out)
	 Some nuclei have troubles, see transcript U5_0.39_8_88_P6_0.49_8_0.051_9_4_0_3.4_1_0.13_2_1.3_A1_1.8_P_38/inp050.err for more details.
ERROR in MURE::BuildMCNPFile
	 Some nuclei have troubles, see transcript U5_0.39_8_88_P6_0.49_8_0.051_9_4_0_3.4_1_0.13_2_1.3_A1_1.8_P_38/inp051.err for more details.
ERROR in MURE::WriteMaterial(ostream &Out)
	 Some nuclei have troubles, see transcript U5_0.39_8_88_P6_0.49_8_0.051_9_4_0_3.4_1_0.13_2_1.3_A1_1.8_P_38/inp051.err for more details.
ERROR in MURE::BuildMCNPFile
	 Some nuclei have troubles, see transcript U5_0.39_8_88_P6_0.49_8_0.051_9_4_0_3.4_1_0.13_2_1.3_A1_1.8_P_38/inp052.err for more details.
ERROR in MURE::WriteMaterial(ostream &Out)
	 Some nuclei have troubles, see transcript U5_0.39_8_88_P6_0.49_8_0.051_9_4_0_3.4_1_0.13_2_1.3_A1_1.8_P_38/inp052.err for more details.
ERROR in MURE::BuildMCNPFile
	 Some nuclei have troubles, see transcript U5_0.39_8_88_P6_0.49_8_0.051_9_4_0_3.4_1_0.13_2_1.3_A1_1.8_P_38/inp053.err for more details.
ERROR in MURE::WriteMaterial(ostream &Out)
	 Some nuclei have troubles, see transcript U5_0.39_8_88_P6_0.49_8_0.051_9_4_0_3.4_1_0.13_2_1.3_A1_1.8_P_38/inp053.err for more details.
ERROR in MURE::BuildMCNPFile
	 Some nuclei have troubles, see transcript U5_0.39_8_88_P6_0.49_8_0.051_9_4_0_3.4_1_0.13_2_1.3_A1_1.8_P_38/inp054.err for more details.
ERROR in MURE::WriteMaterial(ostream &Out)
	 Some nuclei have troubles, see transcript U5_0.39_8_88_P6_0.49_8_0.051_9_4_0_3.4_1_0.13_2_1.3_A1_1.8_P_38/inp054.err for more details.
ERROR in MURE::BuildMCNPFile
	 Some nuclei have troubles, see transcript U5_0.39_8_88_P6_0.49_8_0.051_9_4_0_3.4_1_0.13_2_1.3_A1_1.8_P_38/inp055.err for more details.
ERROR in MURE::WriteMaterial(ostream &Out)
	 Some nuclei have troubles, see transcript U5_0.39_8_88_P6_0.49_8_0.051_9_4_0_3.4_1_0.13_2_1.3_A1_1.8_P_38/inp055.err for more details.
ERROR in MURE::BuildMCNPFile
	 Some nuclei have troubles, see transcript U5_0.39_8_88_P6_0.49_8_0.051_9_4_0_3.4_1_0.13_2_1.3_A1_1.8_P_38/inp056.err for more details.
ERROR in MURE::WriteMaterial(ostream &Out)
	 Some nuclei have troubles, see transcript U5_0.39_8_88_P6_0.49_8_0.051_9_4_0_3.4_1_0.13_2_1.3_A1_1.8_P_38/inp056.err for more details.
ERROR in MURE::BuildMCNPFile
	 Some nuclei have troubles, see transcript U5_0.39_8_88_P6_0.49_8_0.051_9_4_0_3.4_1_0.13_2_1.3_A1_1.8_P_38/inp057.err for more details.
ERROR in MURE::WriteMaterial(ostream &Out)
	 Some nuclei have troubles, see transcript U5_0.39_8_88_P6_0.49_8_0.051_9_4_0_3.4_1_0.13_2_1.3_A1_1.8_P_38/inp057.err for more details.
ERROR in MURE::BuildMCNPFile
	 Some nuclei have troubles, see transcript U5_0.39_8_88_P6_0.49_8_0.051_9_4_0_3.4_1_0.13_2_1.3_A1_1.8_P_38/inp058.err for more details.
ERROR in MURE::WriteMaterial(ostream &Out)
	 Some nuclei have troubles, see transcript U5_0.39_8_88_P6_0.49_8_0.051_9_4_0_3.4_1_0.13_2_1.3_A1_1.8_P_38/inp058.err for more details.
ERROR in MURE::BuildMCNPFile
	 Some nuclei have troubles, see transcript U5_0.39_8_88_P6_0.49_8_0.051_9_4_0_3.4_1_0.13_2_1.3_A1_1.8_P_38/inp059.err for more details.
ERROR in MURE::WriteMaterial(ostream &Out)
	 Some nuclei have troubles, see transcript U5_0.39_8_88_P6_0.49_8_0.051_9_4_0_3.4_1_0.13_2_1.3_A1_1.8_P_38/inp059.err for more details.
ERROR in MURE::BuildMCNPFile
	 Some nuclei have troubles, see transcript U5_0.39_8_88_P6_0.49_8_0.051_9_4_0_3.4_1_0.13_2_1.3_A1_1.8_P_38/inp060.err for more details.
ERROR in MURE::WriteMaterial(ostream &Out)
	 Some nuclei have troubles, see transcript U5_0.39_8_88_P6_0.49_8_0.051_9_4_0_3.4_1_0.13_2_1.3_A1_1.8_P_38/inp060.err for more details.
ERROR in MURE::BuildMCNPFile
	 Some nuclei have troubles, see transcript U5_0.39_8_88_P6_0.49_8_0.051_9_4_0_3.4_1_0.13_2_1.3_A1_1.8_P_38/inp061.err for more details.
ERROR in MURE::WriteMaterial(ostream &Out)
	 Some nuclei have troubles, see transcript U5_0.39_8_88_P6_0.49_8_0.051_9_4_0_3.4_1_0.13_2_1.3_A1_1.8_P_38/inp061.err for more details.
ERROR in MURE::BuildMCNPFile
	 Some nuclei have troubles, see transcript U5_0.39_8_88_P6_0.49_8_0.051_9_4_0_3.4_1_0.13_2_1.3_A1_1.8_P_38/inp062.err for more details.
ERROR in MURE::WriteMaterial(ostream &Out)
	 Some nuclei have troubles, see transcript U5_0.39_8_88_P6_0.49_8_0.051_9_4_0_3.4_1_0.13_2_1.3_A1_1.8_P_38/inp062.err for more details.
ERROR in MURE::BuildMCNPFile
	 Some nuclei have troubles, see transcript U5_0.39_8_88_P6_0.49_8_0.051_9_4_0_3.4_1_0.13_2_1.3_A1_1.8_P_38/inp063.err for more details.
ERROR in MURE::WriteMaterial(ostream &Out)
	 Some nuclei have troubles, see transcript U5_0.39_8_88_P6_0.49_8_0.051_9_4_0_3.4_1_0.13_2_1.3_A1_1.8_P_38/inp063.err for more details.
ERROR in MURE::BuildMCNPFile
	 Some nuclei have troubles, see transcript U5_0.39_8_88_P6_0.49_8_0.051_9_4_0_3.4_1_0.13_2_1.3_A1_1.8_P_38/inp064.err for more details.
ERROR in MURE::WriteMaterial(ostream &Out)
	 Some nuclei have troubles, see transcript U5_0.39_8_88_P6_0.49_8_0.051_9_4_0_3.4_1_0.13_2_1.3_A1_1.8_P_38/inp064.err for more details.
ERROR in MURE::BuildMCNPFile
	 Some nuclei have troubles, see transcript U5_0.39_8_88_P6_0.49_8_0.051_9_4_0_3.4_1_0.13_2_1.3_A1_1.8_P_38/inp065.err for more details.
ERROR in MURE::WriteMaterial(ostream &Out)
	 Some nuclei have troubles, see transcript U5_0.39_8_88_P6_0.49_8_0.051_9_4_0_3.4_1_0.13_2_1.3_A1_1.8_P_38/inp065.err for more details.
ERROR in MURE::BuildMCNPFile
	 Some nuclei have troubles, see transcript U5_0.39_8_88_P6_0.49_8_0.051_9_4_0_3.4_1_0.13_2_1.3_A1_1.8_P_38/inp066.err for more details.
ERROR in MURE::WriteMaterial(ostream &Out)
	 Some nuclei have troubles, see transcript U5_0.39_8_88_P6_0.49_8_0.051_9_4_0_3.4_1_0.13_2_1.3_A1_1.8_P_38/inp066.err for more details.
ERROR in MURE::BuildMCNPFile
	 Some nuclei have troubles, see transcript U5_0.39_8_88_P6_0.49_8_0.051_9_4_0_3.4_1_0.13_2_1.3_A1_1.8_P_38/inp067.err for more details.
ERROR in MURE::WriteMaterial(ostream &Out)
	 Some nuclei have troubles, see transcript U5_0.39_8_88_P6_0.49_8_0.051_9_4_0_3.4_1_0.13_2_1.3_A1_1.8_P_38/inp067.err for more details.
ERROR in MURE::BuildMCNPFile
	 Some nuclei have troubles, see transcript U5_0.39_8_88_P6_0.49_8_0.051_9_4_0_3.4_1_0.13_2_1.3_A1_1.8_P_38/inp068.err for more details.
ERROR in MURE::WriteMaterial(ostream &Out)
	 Some nuclei have troubles, see transcript U5_0.39_8_88_P6_0.49_8_0.051_9_4_0_3.4_1_0.13_2_1.3_A1_1.8_P_38/inp068.err for more details.
ERROR in MURE::BuildMCNPFile
	 Some nuclei have troubles, see transcript U5_0.39_8_88_P6_0.49_8_0.051_9_4_0_3.4_1_0.13_2_1.3_A1_1.8_P_38/inp069.err for more details.
ERROR in MURE::WriteMaterial(ostream &Out)
	 Some nuclei have troubles, see transcript U5_0.39_8_88_P6_0.49_8_0.051_9_4_0_3.4_1_0.13_2_1.3_A1_1.8_P_38/inp069.err for more details.
ERROR in MURE::BuildMCNPFile
	 Some nuclei have troubles, see transcript U5_0.39_8_88_P6_0.49_8_0.051_9_4_0_3.4_1_0.13_2_1.3_A1_1.8_P_38/inp070.err for more details.
ERROR in MURE::WriteMaterial(ostream &Out)
	 Some nuclei have troubles, see transcript U5_0.39_8_88_P6_0.49_8_0.051_9_4_0_3.4_1_0.13_2_1.3_A1_1.8_P_38/inp070.err for more details.
ERROR in MURE::BuildMCNPFile
	 Some nuclei have troubles, see transcript U5_0.39_8_88_P6_0.49_8_0.051_9_4_0_3.4_1_0.13_2_1.3_A1_1.8_P_38/inp071.err for more details.
ERROR in MURE::WriteMaterial(ostream &Out)
	 Some nuclei have troubles, see transcript U5_0.39_8_88_P6_0.49_8_0.051_9_4_0_3.4_1_0.13_2_1.3_A1_1.8_P_38/inp071.err for more details.
ERROR in MURE::BuildMCNPFile
	 Some nuclei have troubles, see transcript U5_0.39_8_88_P6_0.49_8_0.051_9_4_0_3.4_1_0.13_2_1.3_A1_1.8_P_38/inp072.err for more details.
ERROR in MURE::WriteMaterial(ostream &Out)
	 Some nuclei have troubles, see transcript U5_0.39_8_88_P6_0.49_8_0.051_9_4_0_3.4_1_0.13_2_1.3_A1_1.8_P_38/inp072.err for more details.
ERROR in MURE::BuildMCNPFile
	 Some nuclei have troubles, see transcript U5_0.39_8_88_P6_0.49_8_0.051_9_4_0_3.4_1_0.13_2_1.3_A1_1.8_P_38/inp073.err for more details.
ERROR in MURE::WriteMaterial(ostream &Out)
	 Some nuclei have troubles, see transcript U5_0.39_8_88_P6_0.49_8_0.051_9_4_0_3.4_1_0.13_2_1.3_A1_1.8_P_38/inp073.err for more details.
ERROR in MURE::BuildMCNPFile
	 Some nuclei have troubles, see transcript U5_0.39_8_88_P6_0.49_8_0.051_9_4_0_3.4_1_0.13_2_1.3_A1_1.8_P_38/inp074.err for more details.
ERROR in MURE::WriteMaterial(ostream &Out)
	 Some nuclei have troubles, see transcript U5_0.39_8_88_P6_0.49_8_0.051_9_4_0_3.4_1_0.13_2_1.3_A1_1.8_P_38/inp074.err for more details.
ERROR in MURE::BuildMCNPFile
	 Some nuclei have troubles, see transcript U5_0.39_8_88_P6_0.49_8_0.051_9_4_0_3.4_1_0.13_2_1.3_A1_1.8_P_38/inp075.err for more details.
ERROR in MURE::WriteMaterial(ostream &Out)
	 Some nuclei have troubles, see transcript U5_0.39_8_88_P6_0.49_8_0.051_9_4_0_3.4_1_0.13_2_1.3_A1_1.8_P_38/inp075.err for more details.
ERROR in MURE::BuildMCNPFile
	 Some nuclei have troubles, see transcript U5_0.39_8_88_P6_0.49_8_0.051_9_4_0_3.4_1_0.13_2_1.3_A1_1.8_P_38/inp076.err for more details.
ERROR in MURE::WriteMaterial(ostream &Out)
	 Some nuclei have troubles, see transcript U5_0.39_8_88_P6_0.49_8_0.051_9_4_0_3.4_1_0.13_2_1.3_A1_1.8_P_38/inp076.err for more details.
ERROR in MURE::BuildMCNPFile
	 Some nuclei have troubles, see transcript U5_0.39_8_88_P6_0.49_8_0.051_9_4_0_3.4_1_0.13_2_1.3_A1_1.8_P_38/inp077.err for more details.
ERROR in MURE::WriteMaterial(ostream &Out)
	 Some nuclei have troubles, see transcript U5_0.39_8_88_P6_0.49_8_0.051_9_4_0_3.4_1_0.13_2_1.3_A1_1.8_P_38/inp077.err for more details.
ERROR in MURE::BuildMCNPFile
	 Some nuclei have troubles, see transcript U5_0.39_8_88_P6_0.49_8_0.051_9_4_0_3.4_1_0.13_2_1.3_A1_1.8_P_38/inp078.err for more details.
ERROR in MURE::WriteMaterial(ostream &Out)
	 Some nuclei have troubles, see transcript U5_0.39_8_88_P6_0.49_8_0.051_9_4_0_3.4_1_0.13_2_1.3_A1_1.8_P_38/inp078.err for more details.
ERROR in MURE::BuildMCNPFile
	 Some nuclei have troubles, see transcript U5_0.39_8_88_P6_0.49_8_0.051_9_4_0_3.4_1_0.13_2_1.3_A1_1.8_P_38/inp079.err for more details.
ERROR in MURE::WriteMaterial(ostream &Out)
	 Some nuclei have troubles, see transcript U5_0.39_8_88_P6_0.49_8_0.051_9_4_0_3.4_1_0.13_2_1.3_A1_1.8_P_38/inp079.err for more details.
* About to connect() to ftp.box.com port 21 (#0)
*   Trying 107.152.25.220... connected
* Connected to ftp.box.com (107.152.25.220) port 21 (#0)
< 220 Service ready for new user.
> AUTH SSL
< 234 Command AUTH okay; starting SSL connection.
* Initializing NSS with certpath: sql:/etc/pki/nssdb
*   CAfile: /etc/pki/tls/certs/ca-bundle.crt
  CApath: none
* SSL connection using TLS_RSA_WITH_AES_128_CBC_SHA
* Server certificate:
* 	subject: CN=*.box.com,O="Box, Inc.",L=Los Altos,ST=California,C=US
* 	start date: Nov 13 19:22:20 2014 GMT
* 	expire date: Oct 23 02:42:03 2017 GMT
* 	common name: *.box.com
* 	issuer: CN=GeoTrust SSL CA - G4,O=GeoTrust Inc.,C=US
> USER mouginot@wisc.edu
< 331 User name okay, need password for mouginot@wisc.edu.
> PASS line150782
< 230 User logged in, proceed.
> PBSZ 0
< 200 Command PBSZ okay.
> PROT P
< 200 Command PROT okay.
> PWD
< 257 "/" is current directory.
* Entry path is '/'
> CWD MODEL_DATA
< 250 Directory changed to /MODEL_DATA
> CWD PWR_TRU_MOX_PSPEC
< 250 Directory changed to /MODEL_DATA/PWR_TRU_MOX_PSPEC
> CWD 100
< 250 Directory changed to /MODEL_DATA/PWR_TRU_MOX_PSPEC/100
> PASV
* Connect data stream passively
< 227 Entering Passive Mode (107,152,25,220,96,158)
* Skips 107.152.25.220 for data connection, uses 107.152.25.220 instead
*   Trying 107.152.25.220... connected
* Connecting to 107.152.25.220 (107.152.25.220) port 24734
> TYPE I
< 200 Command TYPE okay.
> STOR 19_raw.tar.gz
< 150 File status okay; about to open data connection.
* Doing the SSL/TLS handshake on the data stream
*   CAfile: /etc/pki/tls/certs/ca-bundle.crt
  CApath: none
* SSL connection using TLS_RSA_WITH_AES_128_CBC_SHA
* Server certificate:
* 	subject: CN=*.box.com,O="Box, Inc.",L=Los Altos,ST=California,C=US
* 	start date: Nov 13 19:22:20 2014 GMT
* 	expire date: Oct 23 02:42:03 2017 GMT
* 	common name: *.box.com
* 	issuer: CN=GeoTrust SSL CA - G4,O=GeoTrust Inc.,C=US
} [data not shown]
  % Total    % Received % Xferd  Average Speed   Time    Time     Time  Current
                                 Dload  Upload   Total   Spent    Left  Speed
  0 43.5M    0     0    0 16384      0   4533  2:48:03  0:00:03  2:48:00  4533  3 43.5M    0     0    3 1440k      0   323k  0:02:18  0:00:04  0:02:14 1693k  5 43.5M    0     0    5 2416k      0   441k  0:01:41  0:00:05  0:01:36 1289k 10 43.5M    0     0   10 4560k      0   705k  0:01:03  0:00:06  0:00:57 1594k 12 43.5M    0     0   12 5472k      0   734k  0:01:00  0:00:07  0:00:53 1423k 14 43.5M    0     0   14 6544k      0   775k  0:00:57  0:00:08  0:00:49 1352k 17 43.5M    0     0   17 7648k      0   808k  0:00:55  0:00:09  0:00:46 1239k 20 43.5M    0     0   20 9040k      0   863k  0:00:51  0:00:10  0:00:41 1324k 22 43.5M    0     0   22 9888k      0   863k  0:00:51  0:00:11  0:00:40 1067k 23 43.5M    0     0   23 10.0M      0   824k  0:00:54  0:00:12  0:00:42  957k 23 43.5M    0     0   23 10.4M      0   795k  0:00:56  0:00:13  0:00:43  829k 32 43.5M    0     0   32 14.3M      0  1017k  0:00:43  0:00:14  0:00:29 1415k 43 43.5M    0     0   43 18.8M      0  1246k  0:00:35  0:00:15  0:00:20 2054k 53 43.5M    0     0   53 23.5M      0  1463k  0:00:30  0:00:16  0:00:14 2835k 63 43.5M    0     0   63 27.7M      0  1625k  0:00:27  0:00:17  0:00:10 3651k 73 43.5M    0     0   73 31.9M      0  1772k  0:00:25  0:00:18  0:00:07 4401k 83 43.5M    0     0   83 36.3M      0  1914k  0:00:23  0:00:19  0:00:04 4511k 92 43.5M    0     0   92 40.3M      0  2020k  0:00:22  0:00:20  0:00:02 4411k* Remembering we are in dir "MODEL_DATA/PWR_TRU_MOX_PSPEC/100/"
< 226 Transfer complete.
100 43.5M    0     0  100 43.5M      0  2027k  0:00:22  0:00:22 --:--:-- 3700k* Connection #0 to host ftp.box.com left intact

> QUIT
< 221 Goodbye.
* Closing connection #0
