ERROR in MURE::BuildXSDIR()
	 Some nuclei have troubles, see transcript U5_0.53_8_91_P6_0.25_8_0.3_9_4.4_0_1.5_1_1.4_2_0.11_A1_0.13_P_25/inp000.err for more details.
ERROR in MURE::BuildMCNPFile
	 Some nuclei have troubles, see transcript U5_0.53_8_91_P6_0.25_8_0.3_9_4.4_0_1.5_1_1.4_2_0.11_A1_0.13_P_25/inp000.err for more details.
ERROR in MURE::WriteMaterial(ostream &Out)
	 Some nuclei have troubles, see transcript U5_0.53_8_91_P6_0.25_8_0.3_9_4.4_0_1.5_1_1.4_2_0.11_A1_0.13_P_25/inp000.err for more details.
ERROR in MURE::BuildMCNPFile
	 Some nuclei have troubles, see transcript U5_0.53_8_91_P6_0.25_8_0.3_9_4.4_0_1.5_1_1.4_2_0.11_A1_0.13_P_25/inp001.err for more details.
ERROR in MURE::WriteMaterial(ostream &Out)
	 Some nuclei have troubles, see transcript U5_0.53_8_91_P6_0.25_8_0.3_9_4.4_0_1.5_1_1.4_2_0.11_A1_0.13_P_25/inp001.err for more details.
ERROR in MURE::BuildMCNPFile
	 Some nuclei have troubles, see transcript U5_0.53_8_91_P6_0.25_8_0.3_9_4.4_0_1.5_1_1.4_2_0.11_A1_0.13_P_25/inp002.err for more details.
ERROR in MURE::WriteMaterial(ostream &Out)
	 Some nuclei have troubles, see transcript U5_0.53_8_91_P6_0.25_8_0.3_9_4.4_0_1.5_1_1.4_2_0.11_A1_0.13_P_25/inp002.err for more details.
ERROR in MURE::BuildMCNPFile
	 Some nuclei have troubles, see transcript U5_0.53_8_91_P6_0.25_8_0.3_9_4.4_0_1.5_1_1.4_2_0.11_A1_0.13_P_25/inp003.err for more details.
ERROR in MURE::WriteMaterial(ostream &Out)
	 Some nuclei have troubles, see transcript U5_0.53_8_91_P6_0.25_8_0.3_9_4.4_0_1.5_1_1.4_2_0.11_A1_0.13_P_25/inp003.err for more details.
ERROR in MURE::BuildMCNPFile
	 Some nuclei have troubles, see transcript U5_0.53_8_91_P6_0.25_8_0.3_9_4.4_0_1.5_1_1.4_2_0.11_A1_0.13_P_25/inp004.err for more details.
ERROR in MURE::WriteMaterial(ostream &Out)
	 Some nuclei have troubles, see transcript U5_0.53_8_91_P6_0.25_8_0.3_9_4.4_0_1.5_1_1.4_2_0.11_A1_0.13_P_25/inp004.err for more details.
ERROR in MURE::BuildMCNPFile
	 Some nuclei have troubles, see transcript U5_0.53_8_91_P6_0.25_8_0.3_9_4.4_0_1.5_1_1.4_2_0.11_A1_0.13_P_25/inp005.err for more details.
ERROR in MURE::WriteMaterial(ostream &Out)
	 Some nuclei have troubles, see transcript U5_0.53_8_91_P6_0.25_8_0.3_9_4.4_0_1.5_1_1.4_2_0.11_A1_0.13_P_25/inp005.err for more details.
ERROR in MURE::BuildMCNPFile
	 Some nuclei have troubles, see transcript U5_0.53_8_91_P6_0.25_8_0.3_9_4.4_0_1.5_1_1.4_2_0.11_A1_0.13_P_25/inp006.err for more details.
ERROR in MURE::WriteMaterial(ostream &Out)
	 Some nuclei have troubles, see transcript U5_0.53_8_91_P6_0.25_8_0.3_9_4.4_0_1.5_1_1.4_2_0.11_A1_0.13_P_25/inp006.err for more details.
ERROR in MURE::BuildMCNPFile
	 Some nuclei have troubles, see transcript U5_0.53_8_91_P6_0.25_8_0.3_9_4.4_0_1.5_1_1.4_2_0.11_A1_0.13_P_25/inp007.err for more details.
ERROR in MURE::WriteMaterial(ostream &Out)
	 Some nuclei have troubles, see transcript U5_0.53_8_91_P6_0.25_8_0.3_9_4.4_0_1.5_1_1.4_2_0.11_A1_0.13_P_25/inp007.err for more details.
ERROR in MURE::BuildMCNPFile
	 Some nuclei have troubles, see transcript U5_0.53_8_91_P6_0.25_8_0.3_9_4.4_0_1.5_1_1.4_2_0.11_A1_0.13_P_25/inp008.err for more details.
ERROR in MURE::WriteMaterial(ostream &Out)
	 Some nuclei have troubles, see transcript U5_0.53_8_91_P6_0.25_8_0.3_9_4.4_0_1.5_1_1.4_2_0.11_A1_0.13_P_25/inp008.err for more details.
ERROR in MURE::BuildMCNPFile
	 Some nuclei have troubles, see transcript U5_0.53_8_91_P6_0.25_8_0.3_9_4.4_0_1.5_1_1.4_2_0.11_A1_0.13_P_25/inp009.err for more details.
ERROR in MURE::WriteMaterial(ostream &Out)
	 Some nuclei have troubles, see transcript U5_0.53_8_91_P6_0.25_8_0.3_9_4.4_0_1.5_1_1.4_2_0.11_A1_0.13_P_25/inp009.err for more details.
ERROR in MURE::BuildMCNPFile
	 Some nuclei have troubles, see transcript U5_0.53_8_91_P6_0.25_8_0.3_9_4.4_0_1.5_1_1.4_2_0.11_A1_0.13_P_25/inp010.err for more details.
ERROR in MURE::WriteMaterial(ostream &Out)
	 Some nuclei have troubles, see transcript U5_0.53_8_91_P6_0.25_8_0.3_9_4.4_0_1.5_1_1.4_2_0.11_A1_0.13_P_25/inp010.err for more details.
ERROR in MURE::BuildMCNPFile
	 Some nuclei have troubles, see transcript U5_0.53_8_91_P6_0.25_8_0.3_9_4.4_0_1.5_1_1.4_2_0.11_A1_0.13_P_25/inp011.err for more details.
ERROR in MURE::WriteMaterial(ostream &Out)
	 Some nuclei have troubles, see transcript U5_0.53_8_91_P6_0.25_8_0.3_9_4.4_0_1.5_1_1.4_2_0.11_A1_0.13_P_25/inp011.err for more details.
ERROR in MURE::BuildMCNPFile
	 Some nuclei have troubles, see transcript U5_0.53_8_91_P6_0.25_8_0.3_9_4.4_0_1.5_1_1.4_2_0.11_A1_0.13_P_25/inp012.err for more details.
ERROR in MURE::WriteMaterial(ostream &Out)
	 Some nuclei have troubles, see transcript U5_0.53_8_91_P6_0.25_8_0.3_9_4.4_0_1.5_1_1.4_2_0.11_A1_0.13_P_25/inp012.err for more details.
ERROR in MURE::BuildMCNPFile
	 Some nuclei have troubles, see transcript U5_0.53_8_91_P6_0.25_8_0.3_9_4.4_0_1.5_1_1.4_2_0.11_A1_0.13_P_25/inp013.err for more details.
ERROR in MURE::WriteMaterial(ostream &Out)
	 Some nuclei have troubles, see transcript U5_0.53_8_91_P6_0.25_8_0.3_9_4.4_0_1.5_1_1.4_2_0.11_A1_0.13_P_25/inp013.err for more details.
ERROR in MURE::BuildMCNPFile
	 Some nuclei have troubles, see transcript U5_0.53_8_91_P6_0.25_8_0.3_9_4.4_0_1.5_1_1.4_2_0.11_A1_0.13_P_25/inp014.err for more details.
ERROR in MURE::WriteMaterial(ostream &Out)
	 Some nuclei have troubles, see transcript U5_0.53_8_91_P6_0.25_8_0.3_9_4.4_0_1.5_1_1.4_2_0.11_A1_0.13_P_25/inp014.err for more details.
ERROR in MURE::BuildMCNPFile
	 Some nuclei have troubles, see transcript U5_0.53_8_91_P6_0.25_8_0.3_9_4.4_0_1.5_1_1.4_2_0.11_A1_0.13_P_25/inp015.err for more details.
ERROR in MURE::WriteMaterial(ostream &Out)
	 Some nuclei have troubles, see transcript U5_0.53_8_91_P6_0.25_8_0.3_9_4.4_0_1.5_1_1.4_2_0.11_A1_0.13_P_25/inp015.err for more details.
ERROR in MURE::BuildMCNPFile
	 Some nuclei have troubles, see transcript U5_0.53_8_91_P6_0.25_8_0.3_9_4.4_0_1.5_1_1.4_2_0.11_A1_0.13_P_25/inp016.err for more details.
ERROR in MURE::WriteMaterial(ostream &Out)
	 Some nuclei have troubles, see transcript U5_0.53_8_91_P6_0.25_8_0.3_9_4.4_0_1.5_1_1.4_2_0.11_A1_0.13_P_25/inp016.err for more details.
ERROR in MURE::BuildMCNPFile
	 Some nuclei have troubles, see transcript U5_0.53_8_91_P6_0.25_8_0.3_9_4.4_0_1.5_1_1.4_2_0.11_A1_0.13_P_25/inp017.err for more details.
ERROR in MURE::WriteMaterial(ostream &Out)
	 Some nuclei have troubles, see transcript U5_0.53_8_91_P6_0.25_8_0.3_9_4.4_0_1.5_1_1.4_2_0.11_A1_0.13_P_25/inp017.err for more details.
ERROR in MURE::BuildMCNPFile
	 Some nuclei have troubles, see transcript U5_0.53_8_91_P6_0.25_8_0.3_9_4.4_0_1.5_1_1.4_2_0.11_A1_0.13_P_25/inp018.err for more details.
ERROR in MURE::WriteMaterial(ostream &Out)
	 Some nuclei have troubles, see transcript U5_0.53_8_91_P6_0.25_8_0.3_9_4.4_0_1.5_1_1.4_2_0.11_A1_0.13_P_25/inp018.err for more details.
ERROR in MURE::BuildMCNPFile
	 Some nuclei have troubles, see transcript U5_0.53_8_91_P6_0.25_8_0.3_9_4.4_0_1.5_1_1.4_2_0.11_A1_0.13_P_25/inp019.err for more details.
ERROR in MURE::WriteMaterial(ostream &Out)
	 Some nuclei have troubles, see transcript U5_0.53_8_91_P6_0.25_8_0.3_9_4.4_0_1.5_1_1.4_2_0.11_A1_0.13_P_25/inp019.err for more details.
ERROR in MURE::BuildMCNPFile
	 Some nuclei have troubles, see transcript U5_0.53_8_91_P6_0.25_8_0.3_9_4.4_0_1.5_1_1.4_2_0.11_A1_0.13_P_25/inp020.err for more details.
ERROR in MURE::WriteMaterial(ostream &Out)
	 Some nuclei have troubles, see transcript U5_0.53_8_91_P6_0.25_8_0.3_9_4.4_0_1.5_1_1.4_2_0.11_A1_0.13_P_25/inp020.err for more details.
ERROR in MURE::BuildMCNPFile
	 Some nuclei have troubles, see transcript U5_0.53_8_91_P6_0.25_8_0.3_9_4.4_0_1.5_1_1.4_2_0.11_A1_0.13_P_25/inp021.err for more details.
ERROR in MURE::WriteMaterial(ostream &Out)
	 Some nuclei have troubles, see transcript U5_0.53_8_91_P6_0.25_8_0.3_9_4.4_0_1.5_1_1.4_2_0.11_A1_0.13_P_25/inp021.err for more details.
ERROR in MURE::BuildMCNPFile
	 Some nuclei have troubles, see transcript U5_0.53_8_91_P6_0.25_8_0.3_9_4.4_0_1.5_1_1.4_2_0.11_A1_0.13_P_25/inp022.err for more details.
ERROR in MURE::WriteMaterial(ostream &Out)
	 Some nuclei have troubles, see transcript U5_0.53_8_91_P6_0.25_8_0.3_9_4.4_0_1.5_1_1.4_2_0.11_A1_0.13_P_25/inp022.err for more details.
ERROR in MURE::BuildMCNPFile
	 Some nuclei have troubles, see transcript U5_0.53_8_91_P6_0.25_8_0.3_9_4.4_0_1.5_1_1.4_2_0.11_A1_0.13_P_25/inp023.err for more details.
ERROR in MURE::WriteMaterial(ostream &Out)
	 Some nuclei have troubles, see transcript U5_0.53_8_91_P6_0.25_8_0.3_9_4.4_0_1.5_1_1.4_2_0.11_A1_0.13_P_25/inp023.err for more details.
ERROR in MURE::BuildMCNPFile
	 Some nuclei have troubles, see transcript U5_0.53_8_91_P6_0.25_8_0.3_9_4.4_0_1.5_1_1.4_2_0.11_A1_0.13_P_25/inp024.err for more details.
ERROR in MURE::WriteMaterial(ostream &Out)
	 Some nuclei have troubles, see transcript U5_0.53_8_91_P6_0.25_8_0.3_9_4.4_0_1.5_1_1.4_2_0.11_A1_0.13_P_25/inp024.err for more details.
ERROR in MURE::BuildMCNPFile
	 Some nuclei have troubles, see transcript U5_0.53_8_91_P6_0.25_8_0.3_9_4.4_0_1.5_1_1.4_2_0.11_A1_0.13_P_25/inp025.err for more details.
ERROR in MURE::WriteMaterial(ostream &Out)
	 Some nuclei have troubles, see transcript U5_0.53_8_91_P6_0.25_8_0.3_9_4.4_0_1.5_1_1.4_2_0.11_A1_0.13_P_25/inp025.err for more details.
ERROR in MURE::BuildMCNPFile
	 Some nuclei have troubles, see transcript U5_0.53_8_91_P6_0.25_8_0.3_9_4.4_0_1.5_1_1.4_2_0.11_A1_0.13_P_25/inp026.err for more details.
ERROR in MURE::WriteMaterial(ostream &Out)
	 Some nuclei have troubles, see transcript U5_0.53_8_91_P6_0.25_8_0.3_9_4.4_0_1.5_1_1.4_2_0.11_A1_0.13_P_25/inp026.err for more details.
ERROR in MURE::BuildMCNPFile
	 Some nuclei have troubles, see transcript U5_0.53_8_91_P6_0.25_8_0.3_9_4.4_0_1.5_1_1.4_2_0.11_A1_0.13_P_25/inp027.err for more details.
ERROR in MURE::WriteMaterial(ostream &Out)
	 Some nuclei have troubles, see transcript U5_0.53_8_91_P6_0.25_8_0.3_9_4.4_0_1.5_1_1.4_2_0.11_A1_0.13_P_25/inp027.err for more details.
ERROR in MURE::BuildMCNPFile
	 Some nuclei have troubles, see transcript U5_0.53_8_91_P6_0.25_8_0.3_9_4.4_0_1.5_1_1.4_2_0.11_A1_0.13_P_25/inp028.err for more details.
ERROR in MURE::WriteMaterial(ostream &Out)
	 Some nuclei have troubles, see transcript U5_0.53_8_91_P6_0.25_8_0.3_9_4.4_0_1.5_1_1.4_2_0.11_A1_0.13_P_25/inp028.err for more details.
ERROR in MURE::BuildMCNPFile
	 Some nuclei have troubles, see transcript U5_0.53_8_91_P6_0.25_8_0.3_9_4.4_0_1.5_1_1.4_2_0.11_A1_0.13_P_25/inp029.err for more details.
ERROR in MURE::WriteMaterial(ostream &Out)
	 Some nuclei have troubles, see transcript U5_0.53_8_91_P6_0.25_8_0.3_9_4.4_0_1.5_1_1.4_2_0.11_A1_0.13_P_25/inp029.err for more details.
ERROR in MURE::BuildMCNPFile
	 Some nuclei have troubles, see transcript U5_0.53_8_91_P6_0.25_8_0.3_9_4.4_0_1.5_1_1.4_2_0.11_A1_0.13_P_25/inp030.err for more details.
ERROR in MURE::WriteMaterial(ostream &Out)
	 Some nuclei have troubles, see transcript U5_0.53_8_91_P6_0.25_8_0.3_9_4.4_0_1.5_1_1.4_2_0.11_A1_0.13_P_25/inp030.err for more details.
ERROR in MURE::BuildMCNPFile
	 Some nuclei have troubles, see transcript U5_0.53_8_91_P6_0.25_8_0.3_9_4.4_0_1.5_1_1.4_2_0.11_A1_0.13_P_25/inp031.err for more details.
ERROR in MURE::WriteMaterial(ostream &Out)
	 Some nuclei have troubles, see transcript U5_0.53_8_91_P6_0.25_8_0.3_9_4.4_0_1.5_1_1.4_2_0.11_A1_0.13_P_25/inp031.err for more details.
ERROR in MURE::BuildMCNPFile
	 Some nuclei have troubles, see transcript U5_0.53_8_91_P6_0.25_8_0.3_9_4.4_0_1.5_1_1.4_2_0.11_A1_0.13_P_25/inp032.err for more details.
ERROR in MURE::WriteMaterial(ostream &Out)
	 Some nuclei have troubles, see transcript U5_0.53_8_91_P6_0.25_8_0.3_9_4.4_0_1.5_1_1.4_2_0.11_A1_0.13_P_25/inp032.err for more details.
ERROR in MURE::BuildMCNPFile
	 Some nuclei have troubles, see transcript U5_0.53_8_91_P6_0.25_8_0.3_9_4.4_0_1.5_1_1.4_2_0.11_A1_0.13_P_25/inp033.err for more details.
ERROR in MURE::WriteMaterial(ostream &Out)
	 Some nuclei have troubles, see transcript U5_0.53_8_91_P6_0.25_8_0.3_9_4.4_0_1.5_1_1.4_2_0.11_A1_0.13_P_25/inp033.err for more details.
ERROR in MURE::BuildMCNPFile
	 Some nuclei have troubles, see transcript U5_0.53_8_91_P6_0.25_8_0.3_9_4.4_0_1.5_1_1.4_2_0.11_A1_0.13_P_25/inp034.err for more details.
ERROR in MURE::WriteMaterial(ostream &Out)
	 Some nuclei have troubles, see transcript U5_0.53_8_91_P6_0.25_8_0.3_9_4.4_0_1.5_1_1.4_2_0.11_A1_0.13_P_25/inp034.err for more details.
ERROR in MURE::BuildMCNPFile
	 Some nuclei have troubles, see transcript U5_0.53_8_91_P6_0.25_8_0.3_9_4.4_0_1.5_1_1.4_2_0.11_A1_0.13_P_25/inp035.err for more details.
ERROR in MURE::WriteMaterial(ostream &Out)
	 Some nuclei have troubles, see transcript U5_0.53_8_91_P6_0.25_8_0.3_9_4.4_0_1.5_1_1.4_2_0.11_A1_0.13_P_25/inp035.err for more details.
ERROR in MURE::BuildMCNPFile
	 Some nuclei have troubles, see transcript U5_0.53_8_91_P6_0.25_8_0.3_9_4.4_0_1.5_1_1.4_2_0.11_A1_0.13_P_25/inp036.err for more details.
ERROR in MURE::WriteMaterial(ostream &Out)
	 Some nuclei have troubles, see transcript U5_0.53_8_91_P6_0.25_8_0.3_9_4.4_0_1.5_1_1.4_2_0.11_A1_0.13_P_25/inp036.err for more details.
ERROR in MURE::BuildMCNPFile
	 Some nuclei have troubles, see transcript U5_0.53_8_91_P6_0.25_8_0.3_9_4.4_0_1.5_1_1.4_2_0.11_A1_0.13_P_25/inp037.err for more details.
ERROR in MURE::WriteMaterial(ostream &Out)
	 Some nuclei have troubles, see transcript U5_0.53_8_91_P6_0.25_8_0.3_9_4.4_0_1.5_1_1.4_2_0.11_A1_0.13_P_25/inp037.err for more details.
ERROR in MURE::BuildMCNPFile
	 Some nuclei have troubles, see transcript U5_0.53_8_91_P6_0.25_8_0.3_9_4.4_0_1.5_1_1.4_2_0.11_A1_0.13_P_25/inp038.err for more details.
ERROR in MURE::WriteMaterial(ostream &Out)
	 Some nuclei have troubles, see transcript U5_0.53_8_91_P6_0.25_8_0.3_9_4.4_0_1.5_1_1.4_2_0.11_A1_0.13_P_25/inp038.err for more details.
ERROR in MURE::BuildMCNPFile
	 Some nuclei have troubles, see transcript U5_0.53_8_91_P6_0.25_8_0.3_9_4.4_0_1.5_1_1.4_2_0.11_A1_0.13_P_25/inp039.err for more details.
ERROR in MURE::WriteMaterial(ostream &Out)
	 Some nuclei have troubles, see transcript U5_0.53_8_91_P6_0.25_8_0.3_9_4.4_0_1.5_1_1.4_2_0.11_A1_0.13_P_25/inp039.err for more details.
ERROR in MURE::BuildMCNPFile
	 Some nuclei have troubles, see transcript U5_0.53_8_91_P6_0.25_8_0.3_9_4.4_0_1.5_1_1.4_2_0.11_A1_0.13_P_25/inp040.err for more details.
ERROR in MURE::WriteMaterial(ostream &Out)
	 Some nuclei have troubles, see transcript U5_0.53_8_91_P6_0.25_8_0.3_9_4.4_0_1.5_1_1.4_2_0.11_A1_0.13_P_25/inp040.err for more details.
ERROR in MURE::BuildMCNPFile
	 Some nuclei have troubles, see transcript U5_0.53_8_91_P6_0.25_8_0.3_9_4.4_0_1.5_1_1.4_2_0.11_A1_0.13_P_25/inp041.err for more details.
ERROR in MURE::WriteMaterial(ostream &Out)
	 Some nuclei have troubles, see transcript U5_0.53_8_91_P6_0.25_8_0.3_9_4.4_0_1.5_1_1.4_2_0.11_A1_0.13_P_25/inp041.err for more details.
ERROR in MURE::BuildMCNPFile
	 Some nuclei have troubles, see transcript U5_0.53_8_91_P6_0.25_8_0.3_9_4.4_0_1.5_1_1.4_2_0.11_A1_0.13_P_25/inp042.err for more details.
ERROR in MURE::WriteMaterial(ostream &Out)
	 Some nuclei have troubles, see transcript U5_0.53_8_91_P6_0.25_8_0.3_9_4.4_0_1.5_1_1.4_2_0.11_A1_0.13_P_25/inp042.err for more details.
ERROR in MURE::BuildMCNPFile
	 Some nuclei have troubles, see transcript U5_0.53_8_91_P6_0.25_8_0.3_9_4.4_0_1.5_1_1.4_2_0.11_A1_0.13_P_25/inp043.err for more details.
ERROR in MURE::WriteMaterial(ostream &Out)
	 Some nuclei have troubles, see transcript U5_0.53_8_91_P6_0.25_8_0.3_9_4.4_0_1.5_1_1.4_2_0.11_A1_0.13_P_25/inp043.err for more details.
ERROR in MURE::BuildMCNPFile
	 Some nuclei have troubles, see transcript U5_0.53_8_91_P6_0.25_8_0.3_9_4.4_0_1.5_1_1.4_2_0.11_A1_0.13_P_25/inp044.err for more details.
ERROR in MURE::WriteMaterial(ostream &Out)
	 Some nuclei have troubles, see transcript U5_0.53_8_91_P6_0.25_8_0.3_9_4.4_0_1.5_1_1.4_2_0.11_A1_0.13_P_25/inp044.err for more details.
ERROR in MURE::BuildMCNPFile
	 Some nuclei have troubles, see transcript U5_0.53_8_91_P6_0.25_8_0.3_9_4.4_0_1.5_1_1.4_2_0.11_A1_0.13_P_25/inp045.err for more details.
ERROR in MURE::WriteMaterial(ostream &Out)
	 Some nuclei have troubles, see transcript U5_0.53_8_91_P6_0.25_8_0.3_9_4.4_0_1.5_1_1.4_2_0.11_A1_0.13_P_25/inp045.err for more details.
ERROR in MURE::BuildMCNPFile
	 Some nuclei have troubles, see transcript U5_0.53_8_91_P6_0.25_8_0.3_9_4.4_0_1.5_1_1.4_2_0.11_A1_0.13_P_25/inp046.err for more details.
ERROR in MURE::WriteMaterial(ostream &Out)
	 Some nuclei have troubles, see transcript U5_0.53_8_91_P6_0.25_8_0.3_9_4.4_0_1.5_1_1.4_2_0.11_A1_0.13_P_25/inp046.err for more details.
ERROR in MURE::BuildMCNPFile
	 Some nuclei have troubles, see transcript U5_0.53_8_91_P6_0.25_8_0.3_9_4.4_0_1.5_1_1.4_2_0.11_A1_0.13_P_25/inp047.err for more details.
ERROR in MURE::WriteMaterial(ostream &Out)
	 Some nuclei have troubles, see transcript U5_0.53_8_91_P6_0.25_8_0.3_9_4.4_0_1.5_1_1.4_2_0.11_A1_0.13_P_25/inp047.err for more details.
ERROR in MURE::BuildMCNPFile
	 Some nuclei have troubles, see transcript U5_0.53_8_91_P6_0.25_8_0.3_9_4.4_0_1.5_1_1.4_2_0.11_A1_0.13_P_25/inp048.err for more details.
ERROR in MURE::WriteMaterial(ostream &Out)
	 Some nuclei have troubles, see transcript U5_0.53_8_91_P6_0.25_8_0.3_9_4.4_0_1.5_1_1.4_2_0.11_A1_0.13_P_25/inp048.err for more details.
ERROR in MURE::BuildMCNPFile
	 Some nuclei have troubles, see transcript U5_0.53_8_91_P6_0.25_8_0.3_9_4.4_0_1.5_1_1.4_2_0.11_A1_0.13_P_25/inp049.err for more details.
ERROR in MURE::WriteMaterial(ostream &Out)
	 Some nuclei have troubles, see transcript U5_0.53_8_91_P6_0.25_8_0.3_9_4.4_0_1.5_1_1.4_2_0.11_A1_0.13_P_25/inp049.err for more details.
ERROR in MURE::BuildMCNPFile
	 Some nuclei have troubles, see transcript U5_0.53_8_91_P6_0.25_8_0.3_9_4.4_0_1.5_1_1.4_2_0.11_A1_0.13_P_25/inp050.err for more details.
ERROR in MURE::WriteMaterial(ostream &Out)
	 Some nuclei have troubles, see transcript U5_0.53_8_91_P6_0.25_8_0.3_9_4.4_0_1.5_1_1.4_2_0.11_A1_0.13_P_25/inp050.err for more details.
ERROR in MURE::BuildMCNPFile
	 Some nuclei have troubles, see transcript U5_0.53_8_91_P6_0.25_8_0.3_9_4.4_0_1.5_1_1.4_2_0.11_A1_0.13_P_25/inp051.err for more details.
ERROR in MURE::WriteMaterial(ostream &Out)
	 Some nuclei have troubles, see transcript U5_0.53_8_91_P6_0.25_8_0.3_9_4.4_0_1.5_1_1.4_2_0.11_A1_0.13_P_25/inp051.err for more details.
ERROR in MURE::BuildMCNPFile
	 Some nuclei have troubles, see transcript U5_0.53_8_91_P6_0.25_8_0.3_9_4.4_0_1.5_1_1.4_2_0.11_A1_0.13_P_25/inp052.err for more details.
ERROR in MURE::WriteMaterial(ostream &Out)
	 Some nuclei have troubles, see transcript U5_0.53_8_91_P6_0.25_8_0.3_9_4.4_0_1.5_1_1.4_2_0.11_A1_0.13_P_25/inp052.err for more details.
ERROR in MURE::BuildMCNPFile
	 Some nuclei have troubles, see transcript U5_0.53_8_91_P6_0.25_8_0.3_9_4.4_0_1.5_1_1.4_2_0.11_A1_0.13_P_25/inp053.err for more details.
ERROR in MURE::WriteMaterial(ostream &Out)
	 Some nuclei have troubles, see transcript U5_0.53_8_91_P6_0.25_8_0.3_9_4.4_0_1.5_1_1.4_2_0.11_A1_0.13_P_25/inp053.err for more details.
ERROR in MURE::BuildMCNPFile
	 Some nuclei have troubles, see transcript U5_0.53_8_91_P6_0.25_8_0.3_9_4.4_0_1.5_1_1.4_2_0.11_A1_0.13_P_25/inp054.err for more details.
ERROR in MURE::WriteMaterial(ostream &Out)
	 Some nuclei have troubles, see transcript U5_0.53_8_91_P6_0.25_8_0.3_9_4.4_0_1.5_1_1.4_2_0.11_A1_0.13_P_25/inp054.err for more details.
ERROR in MURE::BuildMCNPFile
	 Some nuclei have troubles, see transcript U5_0.53_8_91_P6_0.25_8_0.3_9_4.4_0_1.5_1_1.4_2_0.11_A1_0.13_P_25/inp055.err for more details.
ERROR in MURE::WriteMaterial(ostream &Out)
	 Some nuclei have troubles, see transcript U5_0.53_8_91_P6_0.25_8_0.3_9_4.4_0_1.5_1_1.4_2_0.11_A1_0.13_P_25/inp055.err for more details.
ERROR in MURE::BuildMCNPFile
	 Some nuclei have troubles, see transcript U5_0.53_8_91_P6_0.25_8_0.3_9_4.4_0_1.5_1_1.4_2_0.11_A1_0.13_P_25/inp056.err for more details.
ERROR in MURE::WriteMaterial(ostream &Out)
	 Some nuclei have troubles, see transcript U5_0.53_8_91_P6_0.25_8_0.3_9_4.4_0_1.5_1_1.4_2_0.11_A1_0.13_P_25/inp056.err for more details.
ERROR in MURE::BuildMCNPFile
	 Some nuclei have troubles, see transcript U5_0.53_8_91_P6_0.25_8_0.3_9_4.4_0_1.5_1_1.4_2_0.11_A1_0.13_P_25/inp057.err for more details.
ERROR in MURE::WriteMaterial(ostream &Out)
	 Some nuclei have troubles, see transcript U5_0.53_8_91_P6_0.25_8_0.3_9_4.4_0_1.5_1_1.4_2_0.11_A1_0.13_P_25/inp057.err for more details.
ERROR in MURE::BuildMCNPFile
	 Some nuclei have troubles, see transcript U5_0.53_8_91_P6_0.25_8_0.3_9_4.4_0_1.5_1_1.4_2_0.11_A1_0.13_P_25/inp058.err for more details.
ERROR in MURE::WriteMaterial(ostream &Out)
	 Some nuclei have troubles, see transcript U5_0.53_8_91_P6_0.25_8_0.3_9_4.4_0_1.5_1_1.4_2_0.11_A1_0.13_P_25/inp058.err for more details.
ERROR in MURE::BuildMCNPFile
	 Some nuclei have troubles, see transcript U5_0.53_8_91_P6_0.25_8_0.3_9_4.4_0_1.5_1_1.4_2_0.11_A1_0.13_P_25/inp059.err for more details.
ERROR in MURE::WriteMaterial(ostream &Out)
	 Some nuclei have troubles, see transcript U5_0.53_8_91_P6_0.25_8_0.3_9_4.4_0_1.5_1_1.4_2_0.11_A1_0.13_P_25/inp059.err for more details.
ERROR in MURE::BuildMCNPFile
	 Some nuclei have troubles, see transcript U5_0.53_8_91_P6_0.25_8_0.3_9_4.4_0_1.5_1_1.4_2_0.11_A1_0.13_P_25/inp060.err for more details.
ERROR in MURE::WriteMaterial(ostream &Out)
	 Some nuclei have troubles, see transcript U5_0.53_8_91_P6_0.25_8_0.3_9_4.4_0_1.5_1_1.4_2_0.11_A1_0.13_P_25/inp060.err for more details.
ERROR in MURE::BuildMCNPFile
	 Some nuclei have troubles, see transcript U5_0.53_8_91_P6_0.25_8_0.3_9_4.4_0_1.5_1_1.4_2_0.11_A1_0.13_P_25/inp061.err for more details.
ERROR in MURE::WriteMaterial(ostream &Out)
	 Some nuclei have troubles, see transcript U5_0.53_8_91_P6_0.25_8_0.3_9_4.4_0_1.5_1_1.4_2_0.11_A1_0.13_P_25/inp061.err for more details.
ERROR in MURE::BuildMCNPFile
	 Some nuclei have troubles, see transcript U5_0.53_8_91_P6_0.25_8_0.3_9_4.4_0_1.5_1_1.4_2_0.11_A1_0.13_P_25/inp062.err for more details.
ERROR in MURE::WriteMaterial(ostream &Out)
	 Some nuclei have troubles, see transcript U5_0.53_8_91_P6_0.25_8_0.3_9_4.4_0_1.5_1_1.4_2_0.11_A1_0.13_P_25/inp062.err for more details.
ERROR in MURE::BuildMCNPFile
	 Some nuclei have troubles, see transcript U5_0.53_8_91_P6_0.25_8_0.3_9_4.4_0_1.5_1_1.4_2_0.11_A1_0.13_P_25/inp063.err for more details.
ERROR in MURE::WriteMaterial(ostream &Out)
	 Some nuclei have troubles, see transcript U5_0.53_8_91_P6_0.25_8_0.3_9_4.4_0_1.5_1_1.4_2_0.11_A1_0.13_P_25/inp063.err for more details.
ERROR in MURE::BuildMCNPFile
	 Some nuclei have troubles, see transcript U5_0.53_8_91_P6_0.25_8_0.3_9_4.4_0_1.5_1_1.4_2_0.11_A1_0.13_P_25/inp064.err for more details.
ERROR in MURE::WriteMaterial(ostream &Out)
	 Some nuclei have troubles, see transcript U5_0.53_8_91_P6_0.25_8_0.3_9_4.4_0_1.5_1_1.4_2_0.11_A1_0.13_P_25/inp064.err for more details.
ERROR in MURE::BuildMCNPFile
	 Some nuclei have troubles, see transcript U5_0.53_8_91_P6_0.25_8_0.3_9_4.4_0_1.5_1_1.4_2_0.11_A1_0.13_P_25/inp065.err for more details.
ERROR in MURE::WriteMaterial(ostream &Out)
	 Some nuclei have troubles, see transcript U5_0.53_8_91_P6_0.25_8_0.3_9_4.4_0_1.5_1_1.4_2_0.11_A1_0.13_P_25/inp065.err for more details.
ERROR in MURE::BuildMCNPFile
	 Some nuclei have troubles, see transcript U5_0.53_8_91_P6_0.25_8_0.3_9_4.4_0_1.5_1_1.4_2_0.11_A1_0.13_P_25/inp066.err for more details.
ERROR in MURE::WriteMaterial(ostream &Out)
	 Some nuclei have troubles, see transcript U5_0.53_8_91_P6_0.25_8_0.3_9_4.4_0_1.5_1_1.4_2_0.11_A1_0.13_P_25/inp066.err for more details.
ERROR in MURE::BuildMCNPFile
	 Some nuclei have troubles, see transcript U5_0.53_8_91_P6_0.25_8_0.3_9_4.4_0_1.5_1_1.4_2_0.11_A1_0.13_P_25/inp067.err for more details.
ERROR in MURE::WriteMaterial(ostream &Out)
	 Some nuclei have troubles, see transcript U5_0.53_8_91_P6_0.25_8_0.3_9_4.4_0_1.5_1_1.4_2_0.11_A1_0.13_P_25/inp067.err for more details.
ERROR in MURE::BuildMCNPFile
	 Some nuclei have troubles, see transcript U5_0.53_8_91_P6_0.25_8_0.3_9_4.4_0_1.5_1_1.4_2_0.11_A1_0.13_P_25/inp068.err for more details.
ERROR in MURE::WriteMaterial(ostream &Out)
	 Some nuclei have troubles, see transcript U5_0.53_8_91_P6_0.25_8_0.3_9_4.4_0_1.5_1_1.4_2_0.11_A1_0.13_P_25/inp068.err for more details.
ERROR in MURE::BuildMCNPFile
	 Some nuclei have troubles, see transcript U5_0.53_8_91_P6_0.25_8_0.3_9_4.4_0_1.5_1_1.4_2_0.11_A1_0.13_P_25/inp069.err for more details.
ERROR in MURE::WriteMaterial(ostream &Out)
	 Some nuclei have troubles, see transcript U5_0.53_8_91_P6_0.25_8_0.3_9_4.4_0_1.5_1_1.4_2_0.11_A1_0.13_P_25/inp069.err for more details.
ERROR in MURE::BuildMCNPFile
	 Some nuclei have troubles, see transcript U5_0.53_8_91_P6_0.25_8_0.3_9_4.4_0_1.5_1_1.4_2_0.11_A1_0.13_P_25/inp070.err for more details.
ERROR in MURE::WriteMaterial(ostream &Out)
	 Some nuclei have troubles, see transcript U5_0.53_8_91_P6_0.25_8_0.3_9_4.4_0_1.5_1_1.4_2_0.11_A1_0.13_P_25/inp070.err for more details.
ERROR in MURE::BuildMCNPFile
	 Some nuclei have troubles, see transcript U5_0.53_8_91_P6_0.25_8_0.3_9_4.4_0_1.5_1_1.4_2_0.11_A1_0.13_P_25/inp071.err for more details.
ERROR in MURE::WriteMaterial(ostream &Out)
	 Some nuclei have troubles, see transcript U5_0.53_8_91_P6_0.25_8_0.3_9_4.4_0_1.5_1_1.4_2_0.11_A1_0.13_P_25/inp071.err for more details.
ERROR in MURE::BuildMCNPFile
	 Some nuclei have troubles, see transcript U5_0.53_8_91_P6_0.25_8_0.3_9_4.4_0_1.5_1_1.4_2_0.11_A1_0.13_P_25/inp072.err for more details.
ERROR in MURE::WriteMaterial(ostream &Out)
	 Some nuclei have troubles, see transcript U5_0.53_8_91_P6_0.25_8_0.3_9_4.4_0_1.5_1_1.4_2_0.11_A1_0.13_P_25/inp072.err for more details.
ERROR in MURE::BuildMCNPFile
	 Some nuclei have troubles, see transcript U5_0.53_8_91_P6_0.25_8_0.3_9_4.4_0_1.5_1_1.4_2_0.11_A1_0.13_P_25/inp073.err for more details.
ERROR in MURE::WriteMaterial(ostream &Out)
	 Some nuclei have troubles, see transcript U5_0.53_8_91_P6_0.25_8_0.3_9_4.4_0_1.5_1_1.4_2_0.11_A1_0.13_P_25/inp073.err for more details.
ERROR in MURE::BuildMCNPFile
	 Some nuclei have troubles, see transcript U5_0.53_8_91_P6_0.25_8_0.3_9_4.4_0_1.5_1_1.4_2_0.11_A1_0.13_P_25/inp074.err for more details.
ERROR in MURE::WriteMaterial(ostream &Out)
	 Some nuclei have troubles, see transcript U5_0.53_8_91_P6_0.25_8_0.3_9_4.4_0_1.5_1_1.4_2_0.11_A1_0.13_P_25/inp074.err for more details.
ERROR in MURE::BuildMCNPFile
	 Some nuclei have troubles, see transcript U5_0.53_8_91_P6_0.25_8_0.3_9_4.4_0_1.5_1_1.4_2_0.11_A1_0.13_P_25/inp075.err for more details.
ERROR in MURE::WriteMaterial(ostream &Out)
	 Some nuclei have troubles, see transcript U5_0.53_8_91_P6_0.25_8_0.3_9_4.4_0_1.5_1_1.4_2_0.11_A1_0.13_P_25/inp075.err for more details.
ERROR in MURE::BuildMCNPFile
	 Some nuclei have troubles, see transcript U5_0.53_8_91_P6_0.25_8_0.3_9_4.4_0_1.5_1_1.4_2_0.11_A1_0.13_P_25/inp076.err for more details.
ERROR in MURE::WriteMaterial(ostream &Out)
	 Some nuclei have troubles, see transcript U5_0.53_8_91_P6_0.25_8_0.3_9_4.4_0_1.5_1_1.4_2_0.11_A1_0.13_P_25/inp076.err for more details.
ERROR in MURE::BuildMCNPFile
	 Some nuclei have troubles, see transcript U5_0.53_8_91_P6_0.25_8_0.3_9_4.4_0_1.5_1_1.4_2_0.11_A1_0.13_P_25/inp077.err for more details.
ERROR in MURE::WriteMaterial(ostream &Out)
	 Some nuclei have troubles, see transcript U5_0.53_8_91_P6_0.25_8_0.3_9_4.4_0_1.5_1_1.4_2_0.11_A1_0.13_P_25/inp077.err for more details.
ERROR in MURE::BuildMCNPFile
	 Some nuclei have troubles, see transcript U5_0.53_8_91_P6_0.25_8_0.3_9_4.4_0_1.5_1_1.4_2_0.11_A1_0.13_P_25/inp078.err for more details.
ERROR in MURE::WriteMaterial(ostream &Out)
	 Some nuclei have troubles, see transcript U5_0.53_8_91_P6_0.25_8_0.3_9_4.4_0_1.5_1_1.4_2_0.11_A1_0.13_P_25/inp078.err for more details.
ERROR in MURE::BuildMCNPFile
	 Some nuclei have troubles, see transcript U5_0.53_8_91_P6_0.25_8_0.3_9_4.4_0_1.5_1_1.4_2_0.11_A1_0.13_P_25/inp079.err for more details.
ERROR in MURE::WriteMaterial(ostream &Out)
	 Some nuclei have troubles, see transcript U5_0.53_8_91_P6_0.25_8_0.3_9_4.4_0_1.5_1_1.4_2_0.11_A1_0.13_P_25/inp079.err for more details.
* About to connect() to ftp.box.com port 21 (#0)
*   Trying 107.152.25.220... connected
* Connected to ftp.box.com (107.152.25.220) port 21 (#0)
< 220 Service ready for new user.
> AUTH SSL
< 234 Command AUTH okay; starting SSL connection.
* Initializing NSS with certpath: sql:/etc/pki/nssdb
*   CAfile: /etc/pki/tls/certs/ca-bundle.crt
  CApath: none
* SSL connection using TLS_RSA_WITH_AES_128_CBC_SHA
* Server certificate:
* 	subject: CN=*.box.com,O="Box, Inc.",L=Los Altos,ST=California,C=US
* 	start date: Nov 13 19:22:20 2014 GMT
* 	expire date: Oct 23 02:42:03 2017 GMT
* 	common name: *.box.com
* 	issuer: CN=GeoTrust SSL CA - G4,O=GeoTrust Inc.,C=US
> USER mouginot@wisc.edu
< 331 User name okay, need password for mouginot@wisc.edu.
> PASS line150782
< 230 User logged in, proceed.
> PBSZ 0
< 200 Command PBSZ okay.
> PROT P
< 200 Command PROT okay.
> PWD
< 257 "/" is current directory.
* Entry path is '/'
> CWD MODEL_DATA
< 250 Directory changed to /MODEL_DATA
> CWD PWR_TRU_MOX_PSPEC
< 250 Directory changed to /MODEL_DATA/PWR_TRU_MOX_PSPEC
> CWD 100
< 250 Directory changed to /MODEL_DATA/PWR_TRU_MOX_PSPEC/100
> PASV
* Connect data stream passively
< 227 Entering Passive Mode (107,152,25,220,83,76)
* Skips 107.152.25.220 for data connection, uses 107.152.25.220 instead
*   Trying 107.152.25.220... connected
* Connecting to 107.152.25.220 (107.152.25.220) port 21324
> TYPE I
< 200 Command TYPE okay.
> STOR 42_raw.tar.gz
< 150 File status okay; about to open data connection.
* Doing the SSL/TLS handshake on the data stream
*   CAfile: /etc/pki/tls/certs/ca-bundle.crt
  CApath: none
* SSL connection using TLS_RSA_WITH_AES_128_CBC_SHA
* Server certificate:
* 	subject: CN=*.box.com,O="Box, Inc.",L=Los Altos,ST=California,C=US
* 	start date: Nov 13 19:22:20 2014 GMT
* 	expire date: Oct 23 02:42:03 2017 GMT
* 	common name: *.box.com
* 	issuer: CN=GeoTrust SSL CA - G4,O=GeoTrust Inc.,C=US
} [data not shown]
  % Total    % Received % Xferd  Average Speed   Time    Time     Time  Current
                                 Dload  Upload   Total   Spent    Left  Speed
  0 43.5M    0     0    0 16384      0   3694  3:26:08  0:00:04  3:26:04  3694  0 43.5M    0     0    0  384k      0  79269  0:09:36  0:00:04  0:09:32  699k 18 43.5M    0     0   18 8288k      0  1390k  0:00:32  0:00:05  0:00:27 5424k 56 43.5M    0     0   56 24.4M      0  3587k  0:00:12  0:00:06  0:00:06 9832k 81 43.5M    0     0   81 35.5M      0  4561k  0:00:09  0:00:07  0:00:02 10.0M* Remembering we are in dir "MODEL_DATA/PWR_TRU_MOX_PSPEC/100/"
100 43.5M    0     0  100 43.5M      0  4662k  0:00:09  0:00:09 --:--:-- 8687k100 43.5M    0     0  100 43.5M      0  4220k  0:00:10  0:00:10 --:--:-- 7884k100 43.5M    0     0  100 43.5M      0  3855k  0:00:11  0:00:11 --:--:-- 6473k100 43.5M    0     0  100 43.5M      0  3548k  0:00:12  0:00:12 --:--:-- 3499k< 226 Transfer complete.
100 43.5M    0     0  100 43.5M      0  3534k  0:00:12  0:00:12 --:--:-- 1768k* Connection #0 to host ftp.box.com left intact

> QUIT
< 221 Goodbye.
* Closing connection #0
