000 (4429849.006.000) 09/06 14:48:02 Job submitted from host: <128.105.244.190:9618?addrs=128.105.244.190-9618&noUDP&sock=2714685_05e2_3>
...
001 (4429849.006.000) 09/06 14:50:30 Job executing on host: <128.105.245.49:9618?addrs=128.105.245.49-9618+[--1]-9618&noUDP&sock=3982_0131_3>
...
006 (4429849.006.000) 09/06 14:50:39 Image size of job updated: 560
	1  -  MemoryUsage of job (MB)
	476  -  ResidentSetSize of job (KB)
...
006 (4429849.006.000) 09/06 14:55:39 Image size of job updated: 560
	1  -  MemoryUsage of job (MB)
	540  -  ResidentSetSize of job (KB)
...
006 (4429849.006.000) 09/06 15:10:42 Image size of job updated: 149988
	143  -  MemoryUsage of job (MB)
	145600  -  ResidentSetSize of job (KB)
...
006 (4429849.006.000) 09/06 15:15:43 Image size of job updated: 189512
	181  -  MemoryUsage of job (MB)
	185116  -  ResidentSetSize of job (KB)
...
006 (4429849.006.000) 09/06 15:20:44 Image size of job updated: 199736
	191  -  MemoryUsage of job (MB)
	195332  -  ResidentSetSize of job (KB)
...
006 (4429849.006.000) 09/06 15:25:44 Image size of job updated: 215628
	207  -  MemoryUsage of job (MB)
	211228  -  ResidentSetSize of job (KB)
...
006 (4429849.006.000) 09/06 15:30:44 Image size of job updated: 218268
	209  -  MemoryUsage of job (MB)
	213872  -  ResidentSetSize of job (KB)
...
006 (4429849.006.000) 09/06 15:45:46 Image size of job updated: 229228
	220  -  MemoryUsage of job (MB)
	224824  -  ResidentSetSize of job (KB)
...
006 (4429849.006.000) 09/06 15:50:46 Image size of job updated: 235556
	226  -  MemoryUsage of job (MB)
	231196  -  ResidentSetSize of job (KB)
...
006 (4429849.006.000) 09/06 15:55:47 Image size of job updated: 235624
	226  -  MemoryUsage of job (MB)
	231216  -  ResidentSetSize of job (KB)
...
006 (4429849.006.000) 09/06 16:00:48 Image size of job updated: 237904
	229  -  MemoryUsage of job (MB)
	233504  -  ResidentSetSize of job (KB)
...
006 (4429849.006.000) 09/06 16:05:48 Image size of job updated: 237908
	229  -  MemoryUsage of job (MB)
	233504  -  ResidentSetSize of job (KB)
...
006 (4429849.006.000) 09/06 16:10:48 Image size of job updated: 238024
	229  -  MemoryUsage of job (MB)
	233632  -  ResidentSetSize of job (KB)
...
006 (4429849.006.000) 09/06 16:20:49 Image size of job updated: 239696
	230  -  MemoryUsage of job (MB)
	235308  -  ResidentSetSize of job (KB)
...
006 (4429849.006.000) 09/06 16:25:49 Image size of job updated: 240096
	231  -  MemoryUsage of job (MB)
	235756  -  ResidentSetSize of job (KB)
...
006 (4429849.006.000) 09/06 16:30:49 Image size of job updated: 240160
	231  -  MemoryUsage of job (MB)
	235776  -  ResidentSetSize of job (KB)
...
006 (4429849.006.000) 09/06 16:35:49 Image size of job updated: 242512
	233  -  MemoryUsage of job (MB)
	238172  -  ResidentSetSize of job (KB)
...
006 (4429849.006.000) 09/06 16:40:50 Image size of job updated: 242576
	233  -  MemoryUsage of job (MB)
	238192  -  ResidentSetSize of job (KB)
...
006 (4429849.006.000) 09/06 16:45:50 Image size of job updated: 242828
	233  -  MemoryUsage of job (MB)
	238444  -  ResidentSetSize of job (KB)
...
006 (4429849.006.000) 09/06 16:55:51 Image size of job updated: 244700
	235  -  MemoryUsage of job (MB)
	240320  -  ResidentSetSize of job (KB)
...
006 (4429849.006.000) 09/06 17:05:52 Image size of job updated: 245756
	236  -  MemoryUsage of job (MB)
	241372  -  ResidentSetSize of job (KB)
...
006 (4429849.006.000) 09/06 17:15:53 Image size of job updated: 245756
	236  -  MemoryUsage of job (MB)
	241548  -  ResidentSetSize of job (KB)
...
006 (4429849.006.000) 09/06 17:25:54 Image size of job updated: 245756
	237  -  MemoryUsage of job (MB)
	241856  -  ResidentSetSize of job (KB)
...
006 (4429849.006.000) 09/06 17:35:55 Image size of job updated: 245896
	237  -  MemoryUsage of job (MB)
	242260  -  ResidentSetSize of job (KB)
...
006 (4429849.006.000) 09/06 17:40:56 Image size of job updated: 245956
	237  -  MemoryUsage of job (MB)
	242280  -  ResidentSetSize of job (KB)
...
006 (4429849.006.000) 09/06 17:45:56 Image size of job updated: 246768
	238  -  MemoryUsage of job (MB)
	243136  -  ResidentSetSize of job (KB)
...
006 (4429849.006.000) 09/06 17:50:56 Image size of job updated: 246832
	238  -  MemoryUsage of job (MB)
	243156  -  ResidentSetSize of job (KB)
...
006 (4429849.006.000) 09/06 18:00:58 Image size of job updated: 260692
	251  -  MemoryUsage of job (MB)
	257016  -  ResidentSetSize of job (KB)
...
006 (4429849.006.000) 09/06 18:21:00 Image size of job updated: 262612
	253  -  MemoryUsage of job (MB)
	258980  -  ResidentSetSize of job (KB)
...
006 (4429849.006.000) 09/06 18:26:01 Image size of job updated: 262672
	253  -  MemoryUsage of job (MB)
	259000  -  ResidentSetSize of job (KB)
...
006 (4429849.006.000) 09/06 22:46:29 Image size of job updated: 267016
	258  -  MemoryUsage of job (MB)
	263348  -  ResidentSetSize of job (KB)
...
006 (4429849.006.000) 09/07 00:56:46 Image size of job updated: 272352
	263  -  MemoryUsage of job (MB)
	268720  -  ResidentSetSize of job (KB)
...
006 (4429849.006.000) 09/07 01:01:47 Image size of job updated: 272412
	263  -  MemoryUsage of job (MB)
	268740  -  ResidentSetSize of job (KB)
...
006 (4429849.006.000) 09/07 02:21:56 Image size of job updated: 273064
	264  -  MemoryUsage of job (MB)
	269432  -  ResidentSetSize of job (KB)
...
006 (4429849.006.000) 09/07 02:26:57 Image size of job updated: 273124
	264  -  MemoryUsage of job (MB)
	269452  -  ResidentSetSize of job (KB)
...
006 (4429849.006.000) 09/07 03:27:04 Image size of job updated: 273596
	264  -  MemoryUsage of job (MB)
	269968  -  ResidentSetSize of job (KB)
...
006 (4429849.006.000) 09/07 03:32:04 Image size of job updated: 273660
	264  -  MemoryUsage of job (MB)
	269988  -  ResidentSetSize of job (KB)
...
006 (4429849.006.000) 09/07 03:47:06 Image size of job updated: 274300
	265  -  MemoryUsage of job (MB)
	270720  -  ResidentSetSize of job (KB)
...
006 (4429849.006.000) 09/07 03:52:07 Image size of job updated: 274448
	265  -  MemoryUsage of job (MB)
	270780  -  ResidentSetSize of job (KB)
...
006 (4429849.006.000) 09/07 03:57:07 Image size of job updated: 274452
	265  -  MemoryUsage of job (MB)
	270780  -  ResidentSetSize of job (KB)
...
006 (4429849.006.000) 09/07 04:12:08 Image size of job updated: 274480
	265  -  MemoryUsage of job (MB)
	270848  -  ResidentSetSize of job (KB)
...
006 (4429849.006.000) 09/07 04:17:09 Image size of job updated: 274544
	265  -  MemoryUsage of job (MB)
	270868  -  ResidentSetSize of job (KB)
...
006 (4429849.006.000) 09/07 04:32:10 Image size of job updated: 275976
	267  -  MemoryUsage of job (MB)
	272396  -  ResidentSetSize of job (KB)
...
006 (4429849.006.000) 09/07 04:37:10 Image size of job updated: 276124
	267  -  MemoryUsage of job (MB)
	272456  -  ResidentSetSize of job (KB)
...
006 (4429849.006.000) 09/07 04:42:11 Image size of job updated: 276128
	267  -  MemoryUsage of job (MB)
	272456  -  ResidentSetSize of job (KB)
...
006 (4429849.006.000) 09/07 07:17:28 Image size of job updated: 277376
	268  -  MemoryUsage of job (MB)
	273704  -  ResidentSetSize of job (KB)
...
006 (4429849.006.000) 09/07 07:37:30 Image size of job updated: 277936
	268  -  MemoryUsage of job (MB)
	274264  -  ResidentSetSize of job (KB)
...
006 (4429849.006.000) 09/07 07:57:33 Image size of job updated: 278440
	269  -  MemoryUsage of job (MB)
	274808  -  ResidentSetSize of job (KB)
...
006 (4429849.006.000) 09/07 08:02:33 Image size of job updated: 278500
	269  -  MemoryUsage of job (MB)
	274828  -  ResidentSetSize of job (KB)
...
006 (4429849.006.000) 09/07 08:42:38 Image size of job updated: 278764
	269  -  MemoryUsage of job (MB)
	275096  -  ResidentSetSize of job (KB)
...
006 (4429849.006.000) 09/07 08:47:39 Image size of job updated: 278768
	269  -  MemoryUsage of job (MB)
	275096  -  ResidentSetSize of job (KB)
...
006 (4429849.006.000) 09/07 08:52:39 Image size of job updated: 278772
	269  -  MemoryUsage of job (MB)
	275096  -  ResidentSetSize of job (KB)
...
006 (4429849.006.000) 09/07 09:27:44 Image size of job updated: 279020
	269  -  MemoryUsage of job (MB)
	275388  -  ResidentSetSize of job (KB)
...
006 (4429849.006.000) 09/07 09:32:44 Image size of job updated: 279080
	269  -  MemoryUsage of job (MB)
	275408  -  ResidentSetSize of job (KB)
...
006 (4429849.006.000) 09/07 10:27:51 Image size of job updated: 279820
	270  -  MemoryUsage of job (MB)
	276188  -  ResidentSetSize of job (KB)
...
006 (4429849.006.000) 09/07 10:32:52 Image size of job updated: 279880
	270  -  MemoryUsage of job (MB)
	276208  -  ResidentSetSize of job (KB)
...
006 (4429849.006.000) 09/07 11:42:58 Image size of job updated: 280484
	271  -  MemoryUsage of job (MB)
	276856  -  ResidentSetSize of job (KB)
...
006 (4429849.006.000) 09/07 11:47:58 Image size of job updated: 280548
	271  -  MemoryUsage of job (MB)
	276876  -  ResidentSetSize of job (KB)
...
005 (4429849.006.000) 09/07 12:03:26 Job terminated.
	(1) Normal termination (return value 0)
		Usr 0 20:31:39, Sys 0 00:08:59  -  Run Remote Usage
		Usr 0 00:00:00, Sys 0 00:00:00  -  Run Local Usage
		Usr 0 20:31:39, Sys 0 00:08:59  -  Total Remote Usage
		Usr 0 00:00:00, Sys 0 00:00:00  -  Total Local Usage
	3532562  -  Run Bytes Sent By Job
	17282  -  Run Bytes Received By Job
	3532562  -  Total Bytes Sent By Job
	17282  -  Total Bytes Received By Job
	Partitionable Resources :    Usage  Request Allocated
	   Cpus                 :                 1         1
	   Disk (KB)            : 19676229 31457280  33498616
	   Ioheavy              :                           1
	   Memory (MB)          :      271      400       400
...
