000 (4429849.007.000) 09/06 14:48:02 Job submitted from host: <128.105.244.190:9618?addrs=128.105.244.190-9618&noUDP&sock=2714685_05e2_3>
...
001 (4429849.007.000) 09/06 14:50:30 Job executing on host: <128.105.245.205:9618?addrs=128.105.245.205-9618+[--1]-9618&noUDP&sock=5646_b3db_3>
...
006 (4429849.007.000) 09/06 14:50:40 Image size of job updated: 472
	1  -  MemoryUsage of job (MB)
	472  -  ResidentSetSize of job (KB)
...
006 (4429849.007.000) 09/06 14:55:39 Image size of job updated: 552
	1  -  MemoryUsage of job (MB)
	552  -  ResidentSetSize of job (KB)
...
006 (4429849.007.000) 09/06 15:00:40 Image size of job updated: 164780
	157  -  MemoryUsage of job (MB)
	160468  -  ResidentSetSize of job (KB)
...
006 (4429849.007.000) 09/06 15:05:42 Image size of job updated: 190576
	182  -  MemoryUsage of job (MB)
	186220  -  ResidentSetSize of job (KB)
...
006 (4429849.007.000) 09/06 15:10:42 Image size of job updated: 207364
	199  -  MemoryUsage of job (MB)
	203044  -  ResidentSetSize of job (KB)
...
006 (4429849.007.000) 09/06 15:20:42 Image size of job updated: 209276
	201  -  MemoryUsage of job (MB)
	204916  -  ResidentSetSize of job (KB)
...
006 (4429849.007.000) 09/06 15:25:42 Image size of job updated: 214380
	206  -  MemoryUsage of job (MB)
	210020  -  ResidentSetSize of job (KB)
...
006 (4429849.007.000) 09/06 15:30:43 Image size of job updated: 215236
	206  -  MemoryUsage of job (MB)
	210876  -  ResidentSetSize of job (KB)
...
006 (4429849.007.000) 09/06 15:35:44 Image size of job updated: 241228
	232  -  MemoryUsage of job (MB)
	236956  -  ResidentSetSize of job (KB)
...
006 (4429849.007.000) 09/06 15:40:45 Image size of job updated: 241372
	232  -  MemoryUsage of job (MB)
	237008  -  ResidentSetSize of job (KB)
...
006 (4429849.007.000) 09/06 15:45:46 Image size of job updated: 248960
	239  -  MemoryUsage of job (MB)
	244640  -  ResidentSetSize of job (KB)
...
006 (4429849.007.000) 09/06 15:50:47 Image size of job updated: 249016
	239  -  MemoryUsage of job (MB)
	244652  -  ResidentSetSize of job (KB)
...
006 (4429849.007.000) 09/06 15:55:47 Image size of job updated: 251964
	242  -  MemoryUsage of job (MB)
	247640  -  ResidentSetSize of job (KB)
...
006 (4429849.007.000) 09/06 16:00:47 Image size of job updated: 252016
	242  -  MemoryUsage of job (MB)
	247652  -  ResidentSetSize of job (KB)
...
006 (4429849.007.000) 09/06 16:05:47 Image size of job updated: 254120
	244  -  MemoryUsage of job (MB)
	249800  -  ResidentSetSize of job (KB)
...
006 (4429849.007.000) 09/06 16:10:48 Image size of job updated: 254172
	244  -  MemoryUsage of job (MB)
	249812  -  ResidentSetSize of job (KB)
...
006 (4429849.007.000) 09/06 16:15:49 Image size of job updated: 256068
	246  -  MemoryUsage of job (MB)
	251748  -  ResidentSetSize of job (KB)
...
006 (4429849.007.000) 09/06 16:20:50 Image size of job updated: 256124
	246  -  MemoryUsage of job (MB)
	251760  -  ResidentSetSize of job (KB)
...
006 (4429849.007.000) 09/06 16:35:51 Image size of job updated: 257652
	248  -  MemoryUsage of job (MB)
	253328  -  ResidentSetSize of job (KB)
...
006 (4429849.007.000) 09/06 16:40:51 Image size of job updated: 257704
	248  -  MemoryUsage of job (MB)
	253340  -  ResidentSetSize of job (KB)
...
006 (4429849.007.000) 09/06 16:45:52 Image size of job updated: 260180
	250  -  MemoryUsage of job (MB)
	255908  -  ResidentSetSize of job (KB)
...
006 (4429849.007.000) 09/06 16:50:53 Image size of job updated: 260320
	250  -  MemoryUsage of job (MB)
	255908  -  ResidentSetSize of job (KB)
...
006 (4429849.007.000) 09/06 16:55:54 Image size of job updated: 260324
	250  -  MemoryUsage of job (MB)
	255908  -  ResidentSetSize of job (KB)
...
006 (4429849.007.000) 09/06 17:20:56 Image size of job updated: 260380
	250  -  MemoryUsage of job (MB)
	255908  -  ResidentSetSize of job (KB)
...
006 (4429849.007.000) 09/06 17:40:59 Image size of job updated: 260588
	250  -  MemoryUsage of job (MB)
	255908  -  ResidentSetSize of job (KB)
...
006 (4429849.007.000) 09/06 17:45:59 Image size of job updated: 260732
	250  -  MemoryUsage of job (MB)
	255908  -  ResidentSetSize of job (KB)
...
006 (4429849.007.000) 09/06 17:56:01 Image size of job updated: 260928
	250  -  MemoryUsage of job (MB)
	255908  -  ResidentSetSize of job (KB)
...
006 (4429849.007.000) 09/06 18:01:02 Image size of job updated: 260980
	250  -  MemoryUsage of job (MB)
	255908  -  ResidentSetSize of job (KB)
...
006 (4429849.007.000) 09/06 18:11:04 Image size of job updated: 261016
	250  -  MemoryUsage of job (MB)
	255908  -  ResidentSetSize of job (KB)
...
006 (4429849.007.000) 09/06 18:21:05 Image size of job updated: 262056
	250  -  MemoryUsage of job (MB)
	255908  -  ResidentSetSize of job (KB)
...
006 (4429849.007.000) 09/06 18:26:05 Image size of job updated: 262060
	250  -  MemoryUsage of job (MB)
	255908  -  ResidentSetSize of job (KB)
...
006 (4429849.007.000) 09/06 18:46:07 Image size of job updated: 262232
	250  -  MemoryUsage of job (MB)
	255908  -  ResidentSetSize of job (KB)
...
006 (4429849.007.000) 09/06 18:51:08 Image size of job updated: 262236
	250  -  MemoryUsage of job (MB)
	255908  -  ResidentSetSize of job (KB)
...
006 (4429849.007.000) 09/06 18:56:08 Image size of job updated: 262648
	250  -  MemoryUsage of job (MB)
	255908  -  ResidentSetSize of job (KB)
...
006 (4429849.007.000) 09/06 19:01:08 Image size of job updated: 262704
	250  -  MemoryUsage of job (MB)
	255908  -  ResidentSetSize of job (KB)
...
006 (4429849.007.000) 09/06 19:11:09 Image size of job updated: 263476
	250  -  MemoryUsage of job (MB)
	255908  -  ResidentSetSize of job (KB)
...
006 (4429849.007.000) 09/06 19:16:10 Image size of job updated: 263480
	250  -  MemoryUsage of job (MB)
	255908  -  ResidentSetSize of job (KB)
...
006 (4429849.007.000) 09/06 19:26:12 Image size of job updated: 264524
	250  -  MemoryUsage of job (MB)
	255908  -  ResidentSetSize of job (KB)
...
006 (4429849.007.000) 09/06 19:31:12 Image size of job updated: 264528
	250  -  MemoryUsage of job (MB)
	255908  -  ResidentSetSize of job (KB)
...
006 (4429849.007.000) 09/06 20:01:15 Image size of job updated: 264716
	250  -  MemoryUsage of job (MB)
	255908  -  ResidentSetSize of job (KB)
...
006 (4429849.007.000) 09/06 20:06:16 Image size of job updated: 267916
	250  -  MemoryUsage of job (MB)
	255908  -  ResidentSetSize of job (KB)
...
006 (4429849.007.000) 09/06 20:56:20 Image size of job updated: 269176
	250  -  MemoryUsage of job (MB)
	255908  -  ResidentSetSize of job (KB)
...
006 (4429849.007.000) 09/06 21:01:20 Image size of job updated: 269236
	250  -  MemoryUsage of job (MB)
	255908  -  ResidentSetSize of job (KB)
...
006 (4429849.007.000) 09/06 21:41:24 Image size of job updated: 270388
	250  -  MemoryUsage of job (MB)
	255908  -  ResidentSetSize of job (KB)
...
006 (4429849.007.000) 09/06 22:36:29 Image size of job updated: 271228
	250  -  MemoryUsage of job (MB)
	255908  -  ResidentSetSize of job (KB)
...
006 (4429849.007.000) 09/06 22:41:29 Image size of job updated: 271280
	250  -  MemoryUsage of job (MB)
	255908  -  ResidentSetSize of job (KB)
...
006 (4429849.007.000) 09/06 22:56:31 Image size of job updated: 271328
	250  -  MemoryUsage of job (MB)
	255908  -  ResidentSetSize of job (KB)
...
006 (4429849.007.000) 09/06 23:06:32 Image size of job updated: 273092
	250  -  MemoryUsage of job (MB)
	255908  -  ResidentSetSize of job (KB)
...
006 (4429849.007.000) 09/06 23:11:32 Image size of job updated: 273100
	250  -  MemoryUsage of job (MB)
	255908  -  ResidentSetSize of job (KB)
...
006 (4429849.007.000) 09/06 23:21:33 Image size of job updated: 273352
	250  -  MemoryUsage of job (MB)
	255908  -  ResidentSetSize of job (KB)
...
006 (4429849.007.000) 09/06 23:26:34 Image size of job updated: 273356
	250  -  MemoryUsage of job (MB)
	255908  -  ResidentSetSize of job (KB)
...
006 (4429849.007.000) 09/06 23:36:36 Image size of job updated: 274092
	250  -  MemoryUsage of job (MB)
	255908  -  ResidentSetSize of job (KB)
...
006 (4429849.007.000) 09/07 00:21:41 Image size of job updated: 274108
	250  -  MemoryUsage of job (MB)
	255908  -  ResidentSetSize of job (KB)
...
006 (4429849.007.000) 09/07 00:26:42 Image size of job updated: 274252
	250  -  MemoryUsage of job (MB)
	255908  -  ResidentSetSize of job (KB)
...
006 (4429849.007.000) 09/07 00:56:47 Image size of job updated: 275908
	250  -  MemoryUsage of job (MB)
	255908  -  ResidentSetSize of job (KB)
...
006 (4429849.007.000) 09/07 01:01:48 Image size of job updated: 275964
	250  -  MemoryUsage of job (MB)
	255908  -  ResidentSetSize of job (KB)
...
006 (4429849.007.000) 09/07 01:16:49 Image size of job updated: 276956
	250  -  MemoryUsage of job (MB)
	255908  -  ResidentSetSize of job (KB)
...
006 (4429849.007.000) 09/07 01:21:49 Image size of job updated: 276960
	250  -  MemoryUsage of job (MB)
	255908  -  ResidentSetSize of job (KB)
...
006 (4429849.007.000) 09/07 02:06:55 Image size of job updated: 277016
	250  -  MemoryUsage of job (MB)
	255908  -  ResidentSetSize of job (KB)
...
006 (4429849.007.000) 09/07 02:11:56 Image size of job updated: 277020
	250  -  MemoryUsage of job (MB)
	255908  -  ResidentSetSize of job (KB)
...
006 (4429849.007.000) 09/07 02:16:57 Image size of job updated: 277056
	250  -  MemoryUsage of job (MB)
	255908  -  ResidentSetSize of job (KB)
...
006 (4429849.007.000) 09/07 02:21:58 Image size of job updated: 277772
	250  -  MemoryUsage of job (MB)
	255908  -  ResidentSetSize of job (KB)
...
006 (4429849.007.000) 09/07 02:31:58 Image size of job updated: 277776
	250  -  MemoryUsage of job (MB)
	255908  -  ResidentSetSize of job (KB)
...
006 (4429849.007.000) 09/07 03:37:05 Image size of job updated: 278076
	250  -  MemoryUsage of job (MB)
	255908  -  ResidentSetSize of job (KB)
...
006 (4429849.007.000) 09/07 05:07:17 Image size of job updated: 278884
	250  -  MemoryUsage of job (MB)
	255908  -  ResidentSetSize of job (KB)
...
006 (4429849.007.000) 09/07 05:12:18 Image size of job updated: 279024
	250  -  MemoryUsage of job (MB)
	255908  -  ResidentSetSize of job (KB)
...
006 (4429849.007.000) 09/07 05:17:18 Image size of job updated: 279028
	250  -  MemoryUsage of job (MB)
	255908  -  ResidentSetSize of job (KB)
...
006 (4429849.007.000) 09/07 06:57:31 Image size of job updated: 279056
	250  -  MemoryUsage of job (MB)
	255908  -  ResidentSetSize of job (KB)
...
006 (4429849.007.000) 09/07 07:02:31 Image size of job updated: 279060
	250  -  MemoryUsage of job (MB)
	255908  -  ResidentSetSize of job (KB)
...
006 (4429849.007.000) 09/07 07:17:33 Image size of job updated: 281372
	250  -  MemoryUsage of job (MB)
	255908  -  ResidentSetSize of job (KB)
...
006 (4429849.007.000) 09/07 07:22:33 Image size of job updated: 281512
	250  -  MemoryUsage of job (MB)
	255908  -  ResidentSetSize of job (KB)
...
006 (4429849.007.000) 09/07 07:27:34 Image size of job updated: 281516
	250  -  MemoryUsage of job (MB)
	255908  -  ResidentSetSize of job (KB)
...
005 (4429849.007.000) 09/07 12:37:05 Job terminated.
	(1) Normal termination (return value 0)
		Usr 0 21:08:53, Sys 0 00:04:51  -  Run Remote Usage
		Usr 0 00:00:00, Sys 0 00:00:00  -  Run Local Usage
		Usr 0 21:08:53, Sys 0 00:04:51  -  Total Remote Usage
		Usr 0 00:00:00, Sys 0 00:00:00  -  Total Local Usage
	3533903  -  Run Bytes Sent By Job
	17282  -  Run Bytes Received By Job
	3533903  -  Total Bytes Sent By Job
	17282  -  Total Bytes Received By Job
	Partitionable Resources :    Usage  Request Allocated
	   Cpus                 :                 1         1
	   Disk (KB)            : 18693913 31457280  31620342
	   Ioheavy              :                           1
	   Memory (MB)          :      250      400       400
...
