ERROR in MURE::BuildXSDIR()
	 Some nuclei have troubles, see transcript U5_0.27_8_87_P6_0.36_8_0.49_9_9_0_0.31_1_0.31_2_2.1_A1_0.16_P_33/inp000.err for more details.
ERROR in MURE::BuildMCNPFile
	 Some nuclei have troubles, see transcript U5_0.27_8_87_P6_0.36_8_0.49_9_9_0_0.31_1_0.31_2_2.1_A1_0.16_P_33/inp000.err for more details.
ERROR in MURE::WriteMaterial(ostream &Out)
	 Some nuclei have troubles, see transcript U5_0.27_8_87_P6_0.36_8_0.49_9_9_0_0.31_1_0.31_2_2.1_A1_0.16_P_33/inp000.err for more details.
ERROR in MURE::BuildMCNPFile
	 Some nuclei have troubles, see transcript U5_0.27_8_87_P6_0.36_8_0.49_9_9_0_0.31_1_0.31_2_2.1_A1_0.16_P_33/inp001.err for more details.
ERROR in MURE::WriteMaterial(ostream &Out)
	 Some nuclei have troubles, see transcript U5_0.27_8_87_P6_0.36_8_0.49_9_9_0_0.31_1_0.31_2_2.1_A1_0.16_P_33/inp001.err for more details.
ERROR in MURE::BuildMCNPFile
	 Some nuclei have troubles, see transcript U5_0.27_8_87_P6_0.36_8_0.49_9_9_0_0.31_1_0.31_2_2.1_A1_0.16_P_33/inp002.err for more details.
ERROR in MURE::WriteMaterial(ostream &Out)
	 Some nuclei have troubles, see transcript U5_0.27_8_87_P6_0.36_8_0.49_9_9_0_0.31_1_0.31_2_2.1_A1_0.16_P_33/inp002.err for more details.
ERROR in MURE::BuildMCNPFile
	 Some nuclei have troubles, see transcript U5_0.27_8_87_P6_0.36_8_0.49_9_9_0_0.31_1_0.31_2_2.1_A1_0.16_P_33/inp003.err for more details.
ERROR in MURE::WriteMaterial(ostream &Out)
	 Some nuclei have troubles, see transcript U5_0.27_8_87_P6_0.36_8_0.49_9_9_0_0.31_1_0.31_2_2.1_A1_0.16_P_33/inp003.err for more details.
ERROR in MURE::BuildMCNPFile
	 Some nuclei have troubles, see transcript U5_0.27_8_87_P6_0.36_8_0.49_9_9_0_0.31_1_0.31_2_2.1_A1_0.16_P_33/inp004.err for more details.
ERROR in MURE::WriteMaterial(ostream &Out)
	 Some nuclei have troubles, see transcript U5_0.27_8_87_P6_0.36_8_0.49_9_9_0_0.31_1_0.31_2_2.1_A1_0.16_P_33/inp004.err for more details.
ERROR in MURE::BuildMCNPFile
	 Some nuclei have troubles, see transcript U5_0.27_8_87_P6_0.36_8_0.49_9_9_0_0.31_1_0.31_2_2.1_A1_0.16_P_33/inp005.err for more details.
ERROR in MURE::WriteMaterial(ostream &Out)
	 Some nuclei have troubles, see transcript U5_0.27_8_87_P6_0.36_8_0.49_9_9_0_0.31_1_0.31_2_2.1_A1_0.16_P_33/inp005.err for more details.
ERROR in MURE::BuildMCNPFile
	 Some nuclei have troubles, see transcript U5_0.27_8_87_P6_0.36_8_0.49_9_9_0_0.31_1_0.31_2_2.1_A1_0.16_P_33/inp006.err for more details.
ERROR in MURE::WriteMaterial(ostream &Out)
	 Some nuclei have troubles, see transcript U5_0.27_8_87_P6_0.36_8_0.49_9_9_0_0.31_1_0.31_2_2.1_A1_0.16_P_33/inp006.err for more details.
ERROR in MURE::BuildMCNPFile
	 Some nuclei have troubles, see transcript U5_0.27_8_87_P6_0.36_8_0.49_9_9_0_0.31_1_0.31_2_2.1_A1_0.16_P_33/inp007.err for more details.
ERROR in MURE::WriteMaterial(ostream &Out)
	 Some nuclei have troubles, see transcript U5_0.27_8_87_P6_0.36_8_0.49_9_9_0_0.31_1_0.31_2_2.1_A1_0.16_P_33/inp007.err for more details.
ERROR in MURE::BuildMCNPFile
	 Some nuclei have troubles, see transcript U5_0.27_8_87_P6_0.36_8_0.49_9_9_0_0.31_1_0.31_2_2.1_A1_0.16_P_33/inp008.err for more details.
ERROR in MURE::WriteMaterial(ostream &Out)
	 Some nuclei have troubles, see transcript U5_0.27_8_87_P6_0.36_8_0.49_9_9_0_0.31_1_0.31_2_2.1_A1_0.16_P_33/inp008.err for more details.
ERROR in MURE::BuildMCNPFile
	 Some nuclei have troubles, see transcript U5_0.27_8_87_P6_0.36_8_0.49_9_9_0_0.31_1_0.31_2_2.1_A1_0.16_P_33/inp009.err for more details.
ERROR in MURE::WriteMaterial(ostream &Out)
	 Some nuclei have troubles, see transcript U5_0.27_8_87_P6_0.36_8_0.49_9_9_0_0.31_1_0.31_2_2.1_A1_0.16_P_33/inp009.err for more details.
ERROR in MURE::BuildMCNPFile
	 Some nuclei have troubles, see transcript U5_0.27_8_87_P6_0.36_8_0.49_9_9_0_0.31_1_0.31_2_2.1_A1_0.16_P_33/inp010.err for more details.
ERROR in MURE::WriteMaterial(ostream &Out)
	 Some nuclei have troubles, see transcript U5_0.27_8_87_P6_0.36_8_0.49_9_9_0_0.31_1_0.31_2_2.1_A1_0.16_P_33/inp010.err for more details.
ERROR in MURE::BuildMCNPFile
	 Some nuclei have troubles, see transcript U5_0.27_8_87_P6_0.36_8_0.49_9_9_0_0.31_1_0.31_2_2.1_A1_0.16_P_33/inp011.err for more details.
ERROR in MURE::WriteMaterial(ostream &Out)
	 Some nuclei have troubles, see transcript U5_0.27_8_87_P6_0.36_8_0.49_9_9_0_0.31_1_0.31_2_2.1_A1_0.16_P_33/inp011.err for more details.
ERROR in MURE::BuildMCNPFile
	 Some nuclei have troubles, see transcript U5_0.27_8_87_P6_0.36_8_0.49_9_9_0_0.31_1_0.31_2_2.1_A1_0.16_P_33/inp012.err for more details.
ERROR in MURE::WriteMaterial(ostream &Out)
	 Some nuclei have troubles, see transcript U5_0.27_8_87_P6_0.36_8_0.49_9_9_0_0.31_1_0.31_2_2.1_A1_0.16_P_33/inp012.err for more details.
ERROR in MURE::BuildMCNPFile
	 Some nuclei have troubles, see transcript U5_0.27_8_87_P6_0.36_8_0.49_9_9_0_0.31_1_0.31_2_2.1_A1_0.16_P_33/inp013.err for more details.
ERROR in MURE::WriteMaterial(ostream &Out)
	 Some nuclei have troubles, see transcript U5_0.27_8_87_P6_0.36_8_0.49_9_9_0_0.31_1_0.31_2_2.1_A1_0.16_P_33/inp013.err for more details.
ERROR in MURE::BuildMCNPFile
	 Some nuclei have troubles, see transcript U5_0.27_8_87_P6_0.36_8_0.49_9_9_0_0.31_1_0.31_2_2.1_A1_0.16_P_33/inp014.err for more details.
ERROR in MURE::WriteMaterial(ostream &Out)
	 Some nuclei have troubles, see transcript U5_0.27_8_87_P6_0.36_8_0.49_9_9_0_0.31_1_0.31_2_2.1_A1_0.16_P_33/inp014.err for more details.
ERROR in MURE::BuildMCNPFile
	 Some nuclei have troubles, see transcript U5_0.27_8_87_P6_0.36_8_0.49_9_9_0_0.31_1_0.31_2_2.1_A1_0.16_P_33/inp015.err for more details.
ERROR in MURE::WriteMaterial(ostream &Out)
	 Some nuclei have troubles, see transcript U5_0.27_8_87_P6_0.36_8_0.49_9_9_0_0.31_1_0.31_2_2.1_A1_0.16_P_33/inp015.err for more details.
ERROR in MURE::BuildMCNPFile
	 Some nuclei have troubles, see transcript U5_0.27_8_87_P6_0.36_8_0.49_9_9_0_0.31_1_0.31_2_2.1_A1_0.16_P_33/inp016.err for more details.
ERROR in MURE::WriteMaterial(ostream &Out)
	 Some nuclei have troubles, see transcript U5_0.27_8_87_P6_0.36_8_0.49_9_9_0_0.31_1_0.31_2_2.1_A1_0.16_P_33/inp016.err for more details.
ERROR in MURE::BuildMCNPFile
	 Some nuclei have troubles, see transcript U5_0.27_8_87_P6_0.36_8_0.49_9_9_0_0.31_1_0.31_2_2.1_A1_0.16_P_33/inp017.err for more details.
ERROR in MURE::WriteMaterial(ostream &Out)
	 Some nuclei have troubles, see transcript U5_0.27_8_87_P6_0.36_8_0.49_9_9_0_0.31_1_0.31_2_2.1_A1_0.16_P_33/inp017.err for more details.
ERROR in MURE::BuildMCNPFile
	 Some nuclei have troubles, see transcript U5_0.27_8_87_P6_0.36_8_0.49_9_9_0_0.31_1_0.31_2_2.1_A1_0.16_P_33/inp018.err for more details.
ERROR in MURE::WriteMaterial(ostream &Out)
	 Some nuclei have troubles, see transcript U5_0.27_8_87_P6_0.36_8_0.49_9_9_0_0.31_1_0.31_2_2.1_A1_0.16_P_33/inp018.err for more details.
ERROR in MURE::BuildMCNPFile
	 Some nuclei have troubles, see transcript U5_0.27_8_87_P6_0.36_8_0.49_9_9_0_0.31_1_0.31_2_2.1_A1_0.16_P_33/inp019.err for more details.
ERROR in MURE::WriteMaterial(ostream &Out)
	 Some nuclei have troubles, see transcript U5_0.27_8_87_P6_0.36_8_0.49_9_9_0_0.31_1_0.31_2_2.1_A1_0.16_P_33/inp019.err for more details.
ERROR in MURE::BuildMCNPFile
	 Some nuclei have troubles, see transcript U5_0.27_8_87_P6_0.36_8_0.49_9_9_0_0.31_1_0.31_2_2.1_A1_0.16_P_33/inp020.err for more details.
ERROR in MURE::WriteMaterial(ostream &Out)
	 Some nuclei have troubles, see transcript U5_0.27_8_87_P6_0.36_8_0.49_9_9_0_0.31_1_0.31_2_2.1_A1_0.16_P_33/inp020.err for more details.
ERROR in MURE::BuildMCNPFile
	 Some nuclei have troubles, see transcript U5_0.27_8_87_P6_0.36_8_0.49_9_9_0_0.31_1_0.31_2_2.1_A1_0.16_P_33/inp021.err for more details.
ERROR in MURE::WriteMaterial(ostream &Out)
	 Some nuclei have troubles, see transcript U5_0.27_8_87_P6_0.36_8_0.49_9_9_0_0.31_1_0.31_2_2.1_A1_0.16_P_33/inp021.err for more details.
ERROR in MURE::BuildMCNPFile
	 Some nuclei have troubles, see transcript U5_0.27_8_87_P6_0.36_8_0.49_9_9_0_0.31_1_0.31_2_2.1_A1_0.16_P_33/inp022.err for more details.
ERROR in MURE::WriteMaterial(ostream &Out)
	 Some nuclei have troubles, see transcript U5_0.27_8_87_P6_0.36_8_0.49_9_9_0_0.31_1_0.31_2_2.1_A1_0.16_P_33/inp022.err for more details.
ERROR in MURE::BuildMCNPFile
	 Some nuclei have troubles, see transcript U5_0.27_8_87_P6_0.36_8_0.49_9_9_0_0.31_1_0.31_2_2.1_A1_0.16_P_33/inp023.err for more details.
ERROR in MURE::WriteMaterial(ostream &Out)
	 Some nuclei have troubles, see transcript U5_0.27_8_87_P6_0.36_8_0.49_9_9_0_0.31_1_0.31_2_2.1_A1_0.16_P_33/inp023.err for more details.
ERROR in MURE::BuildMCNPFile
	 Some nuclei have troubles, see transcript U5_0.27_8_87_P6_0.36_8_0.49_9_9_0_0.31_1_0.31_2_2.1_A1_0.16_P_33/inp024.err for more details.
ERROR in MURE::WriteMaterial(ostream &Out)
	 Some nuclei have troubles, see transcript U5_0.27_8_87_P6_0.36_8_0.49_9_9_0_0.31_1_0.31_2_2.1_A1_0.16_P_33/inp024.err for more details.
ERROR in MURE::BuildMCNPFile
	 Some nuclei have troubles, see transcript U5_0.27_8_87_P6_0.36_8_0.49_9_9_0_0.31_1_0.31_2_2.1_A1_0.16_P_33/inp025.err for more details.
ERROR in MURE::WriteMaterial(ostream &Out)
	 Some nuclei have troubles, see transcript U5_0.27_8_87_P6_0.36_8_0.49_9_9_0_0.31_1_0.31_2_2.1_A1_0.16_P_33/inp025.err for more details.
ERROR in MURE::BuildMCNPFile
	 Some nuclei have troubles, see transcript U5_0.27_8_87_P6_0.36_8_0.49_9_9_0_0.31_1_0.31_2_2.1_A1_0.16_P_33/inp026.err for more details.
ERROR in MURE::WriteMaterial(ostream &Out)
	 Some nuclei have troubles, see transcript U5_0.27_8_87_P6_0.36_8_0.49_9_9_0_0.31_1_0.31_2_2.1_A1_0.16_P_33/inp026.err for more details.
ERROR in MURE::BuildMCNPFile
	 Some nuclei have troubles, see transcript U5_0.27_8_87_P6_0.36_8_0.49_9_9_0_0.31_1_0.31_2_2.1_A1_0.16_P_33/inp027.err for more details.
ERROR in MURE::WriteMaterial(ostream &Out)
	 Some nuclei have troubles, see transcript U5_0.27_8_87_P6_0.36_8_0.49_9_9_0_0.31_1_0.31_2_2.1_A1_0.16_P_33/inp027.err for more details.
ERROR in MURE::BuildMCNPFile
	 Some nuclei have troubles, see transcript U5_0.27_8_87_P6_0.36_8_0.49_9_9_0_0.31_1_0.31_2_2.1_A1_0.16_P_33/inp028.err for more details.
ERROR in MURE::WriteMaterial(ostream &Out)
	 Some nuclei have troubles, see transcript U5_0.27_8_87_P6_0.36_8_0.49_9_9_0_0.31_1_0.31_2_2.1_A1_0.16_P_33/inp028.err for more details.
ERROR in MURE::BuildMCNPFile
	 Some nuclei have troubles, see transcript U5_0.27_8_87_P6_0.36_8_0.49_9_9_0_0.31_1_0.31_2_2.1_A1_0.16_P_33/inp029.err for more details.
ERROR in MURE::WriteMaterial(ostream &Out)
	 Some nuclei have troubles, see transcript U5_0.27_8_87_P6_0.36_8_0.49_9_9_0_0.31_1_0.31_2_2.1_A1_0.16_P_33/inp029.err for more details.
ERROR in MURE::BuildMCNPFile
	 Some nuclei have troubles, see transcript U5_0.27_8_87_P6_0.36_8_0.49_9_9_0_0.31_1_0.31_2_2.1_A1_0.16_P_33/inp030.err for more details.
ERROR in MURE::WriteMaterial(ostream &Out)
	 Some nuclei have troubles, see transcript U5_0.27_8_87_P6_0.36_8_0.49_9_9_0_0.31_1_0.31_2_2.1_A1_0.16_P_33/inp030.err for more details.
ERROR in MURE::BuildMCNPFile
	 Some nuclei have troubles, see transcript U5_0.27_8_87_P6_0.36_8_0.49_9_9_0_0.31_1_0.31_2_2.1_A1_0.16_P_33/inp031.err for more details.
ERROR in MURE::WriteMaterial(ostream &Out)
	 Some nuclei have troubles, see transcript U5_0.27_8_87_P6_0.36_8_0.49_9_9_0_0.31_1_0.31_2_2.1_A1_0.16_P_33/inp031.err for more details.
ERROR in MURE::BuildMCNPFile
	 Some nuclei have troubles, see transcript U5_0.27_8_87_P6_0.36_8_0.49_9_9_0_0.31_1_0.31_2_2.1_A1_0.16_P_33/inp032.err for more details.
ERROR in MURE::WriteMaterial(ostream &Out)
	 Some nuclei have troubles, see transcript U5_0.27_8_87_P6_0.36_8_0.49_9_9_0_0.31_1_0.31_2_2.1_A1_0.16_P_33/inp032.err for more details.
ERROR in MURE::BuildMCNPFile
	 Some nuclei have troubles, see transcript U5_0.27_8_87_P6_0.36_8_0.49_9_9_0_0.31_1_0.31_2_2.1_A1_0.16_P_33/inp033.err for more details.
ERROR in MURE::WriteMaterial(ostream &Out)
	 Some nuclei have troubles, see transcript U5_0.27_8_87_P6_0.36_8_0.49_9_9_0_0.31_1_0.31_2_2.1_A1_0.16_P_33/inp033.err for more details.
ERROR in MURE::BuildMCNPFile
	 Some nuclei have troubles, see transcript U5_0.27_8_87_P6_0.36_8_0.49_9_9_0_0.31_1_0.31_2_2.1_A1_0.16_P_33/inp034.err for more details.
ERROR in MURE::WriteMaterial(ostream &Out)
	 Some nuclei have troubles, see transcript U5_0.27_8_87_P6_0.36_8_0.49_9_9_0_0.31_1_0.31_2_2.1_A1_0.16_P_33/inp034.err for more details.
ERROR in MURE::BuildMCNPFile
	 Some nuclei have troubles, see transcript U5_0.27_8_87_P6_0.36_8_0.49_9_9_0_0.31_1_0.31_2_2.1_A1_0.16_P_33/inp035.err for more details.
ERROR in MURE::WriteMaterial(ostream &Out)
	 Some nuclei have troubles, see transcript U5_0.27_8_87_P6_0.36_8_0.49_9_9_0_0.31_1_0.31_2_2.1_A1_0.16_P_33/inp035.err for more details.
ERROR in MURE::BuildMCNPFile
	 Some nuclei have troubles, see transcript U5_0.27_8_87_P6_0.36_8_0.49_9_9_0_0.31_1_0.31_2_2.1_A1_0.16_P_33/inp036.err for more details.
ERROR in MURE::WriteMaterial(ostream &Out)
	 Some nuclei have troubles, see transcript U5_0.27_8_87_P6_0.36_8_0.49_9_9_0_0.31_1_0.31_2_2.1_A1_0.16_P_33/inp036.err for more details.
ERROR in MURE::BuildMCNPFile
	 Some nuclei have troubles, see transcript U5_0.27_8_87_P6_0.36_8_0.49_9_9_0_0.31_1_0.31_2_2.1_A1_0.16_P_33/inp037.err for more details.
ERROR in MURE::WriteMaterial(ostream &Out)
	 Some nuclei have troubles, see transcript U5_0.27_8_87_P6_0.36_8_0.49_9_9_0_0.31_1_0.31_2_2.1_A1_0.16_P_33/inp037.err for more details.
ERROR in MURE::BuildMCNPFile
	 Some nuclei have troubles, see transcript U5_0.27_8_87_P6_0.36_8_0.49_9_9_0_0.31_1_0.31_2_2.1_A1_0.16_P_33/inp038.err for more details.
ERROR in MURE::WriteMaterial(ostream &Out)
	 Some nuclei have troubles, see transcript U5_0.27_8_87_P6_0.36_8_0.49_9_9_0_0.31_1_0.31_2_2.1_A1_0.16_P_33/inp038.err for more details.
ERROR in MURE::BuildMCNPFile
	 Some nuclei have troubles, see transcript U5_0.27_8_87_P6_0.36_8_0.49_9_9_0_0.31_1_0.31_2_2.1_A1_0.16_P_33/inp039.err for more details.
ERROR in MURE::WriteMaterial(ostream &Out)
	 Some nuclei have troubles, see transcript U5_0.27_8_87_P6_0.36_8_0.49_9_9_0_0.31_1_0.31_2_2.1_A1_0.16_P_33/inp039.err for more details.
ERROR in MURE::BuildMCNPFile
	 Some nuclei have troubles, see transcript U5_0.27_8_87_P6_0.36_8_0.49_9_9_0_0.31_1_0.31_2_2.1_A1_0.16_P_33/inp040.err for more details.
ERROR in MURE::WriteMaterial(ostream &Out)
	 Some nuclei have troubles, see transcript U5_0.27_8_87_P6_0.36_8_0.49_9_9_0_0.31_1_0.31_2_2.1_A1_0.16_P_33/inp040.err for more details.
ERROR in MURE::BuildMCNPFile
	 Some nuclei have troubles, see transcript U5_0.27_8_87_P6_0.36_8_0.49_9_9_0_0.31_1_0.31_2_2.1_A1_0.16_P_33/inp041.err for more details.
ERROR in MURE::WriteMaterial(ostream &Out)
	 Some nuclei have troubles, see transcript U5_0.27_8_87_P6_0.36_8_0.49_9_9_0_0.31_1_0.31_2_2.1_A1_0.16_P_33/inp041.err for more details.
ERROR in MURE::BuildMCNPFile
	 Some nuclei have troubles, see transcript U5_0.27_8_87_P6_0.36_8_0.49_9_9_0_0.31_1_0.31_2_2.1_A1_0.16_P_33/inp042.err for more details.
ERROR in MURE::WriteMaterial(ostream &Out)
	 Some nuclei have troubles, see transcript U5_0.27_8_87_P6_0.36_8_0.49_9_9_0_0.31_1_0.31_2_2.1_A1_0.16_P_33/inp042.err for more details.
ERROR in MURE::BuildMCNPFile
	 Some nuclei have troubles, see transcript U5_0.27_8_87_P6_0.36_8_0.49_9_9_0_0.31_1_0.31_2_2.1_A1_0.16_P_33/inp043.err for more details.
ERROR in MURE::WriteMaterial(ostream &Out)
	 Some nuclei have troubles, see transcript U5_0.27_8_87_P6_0.36_8_0.49_9_9_0_0.31_1_0.31_2_2.1_A1_0.16_P_33/inp043.err for more details.
ERROR in MURE::BuildMCNPFile
	 Some nuclei have troubles, see transcript U5_0.27_8_87_P6_0.36_8_0.49_9_9_0_0.31_1_0.31_2_2.1_A1_0.16_P_33/inp044.err for more details.
ERROR in MURE::WriteMaterial(ostream &Out)
	 Some nuclei have troubles, see transcript U5_0.27_8_87_P6_0.36_8_0.49_9_9_0_0.31_1_0.31_2_2.1_A1_0.16_P_33/inp044.err for more details.
ERROR in MURE::BuildMCNPFile
	 Some nuclei have troubles, see transcript U5_0.27_8_87_P6_0.36_8_0.49_9_9_0_0.31_1_0.31_2_2.1_A1_0.16_P_33/inp045.err for more details.
ERROR in MURE::WriteMaterial(ostream &Out)
	 Some nuclei have troubles, see transcript U5_0.27_8_87_P6_0.36_8_0.49_9_9_0_0.31_1_0.31_2_2.1_A1_0.16_P_33/inp045.err for more details.
ERROR in MURE::BuildMCNPFile
	 Some nuclei have troubles, see transcript U5_0.27_8_87_P6_0.36_8_0.49_9_9_0_0.31_1_0.31_2_2.1_A1_0.16_P_33/inp046.err for more details.
ERROR in MURE::WriteMaterial(ostream &Out)
	 Some nuclei have troubles, see transcript U5_0.27_8_87_P6_0.36_8_0.49_9_9_0_0.31_1_0.31_2_2.1_A1_0.16_P_33/inp046.err for more details.
ERROR in MURE::BuildMCNPFile
	 Some nuclei have troubles, see transcript U5_0.27_8_87_P6_0.36_8_0.49_9_9_0_0.31_1_0.31_2_2.1_A1_0.16_P_33/inp047.err for more details.
ERROR in MURE::WriteMaterial(ostream &Out)
	 Some nuclei have troubles, see transcript U5_0.27_8_87_P6_0.36_8_0.49_9_9_0_0.31_1_0.31_2_2.1_A1_0.16_P_33/inp047.err for more details.
ERROR in MURE::BuildMCNPFile
	 Some nuclei have troubles, see transcript U5_0.27_8_87_P6_0.36_8_0.49_9_9_0_0.31_1_0.31_2_2.1_A1_0.16_P_33/inp048.err for more details.
ERROR in MURE::WriteMaterial(ostream &Out)
	 Some nuclei have troubles, see transcript U5_0.27_8_87_P6_0.36_8_0.49_9_9_0_0.31_1_0.31_2_2.1_A1_0.16_P_33/inp048.err for more details.
ERROR in MURE::BuildMCNPFile
	 Some nuclei have troubles, see transcript U5_0.27_8_87_P6_0.36_8_0.49_9_9_0_0.31_1_0.31_2_2.1_A1_0.16_P_33/inp049.err for more details.
ERROR in MURE::WriteMaterial(ostream &Out)
	 Some nuclei have troubles, see transcript U5_0.27_8_87_P6_0.36_8_0.49_9_9_0_0.31_1_0.31_2_2.1_A1_0.16_P_33/inp049.err for more details.
ERROR in MURE::BuildMCNPFile
	 Some nuclei have troubles, see transcript U5_0.27_8_87_P6_0.36_8_0.49_9_9_0_0.31_1_0.31_2_2.1_A1_0.16_P_33/inp050.err for more details.
ERROR in MURE::WriteMaterial(ostream &Out)
	 Some nuclei have troubles, see transcript U5_0.27_8_87_P6_0.36_8_0.49_9_9_0_0.31_1_0.31_2_2.1_A1_0.16_P_33/inp050.err for more details.
ERROR in MURE::BuildMCNPFile
	 Some nuclei have troubles, see transcript U5_0.27_8_87_P6_0.36_8_0.49_9_9_0_0.31_1_0.31_2_2.1_A1_0.16_P_33/inp051.err for more details.
ERROR in MURE::WriteMaterial(ostream &Out)
	 Some nuclei have troubles, see transcript U5_0.27_8_87_P6_0.36_8_0.49_9_9_0_0.31_1_0.31_2_2.1_A1_0.16_P_33/inp051.err for more details.
ERROR in MURE::BuildMCNPFile
	 Some nuclei have troubles, see transcript U5_0.27_8_87_P6_0.36_8_0.49_9_9_0_0.31_1_0.31_2_2.1_A1_0.16_P_33/inp052.err for more details.
ERROR in MURE::WriteMaterial(ostream &Out)
	 Some nuclei have troubles, see transcript U5_0.27_8_87_P6_0.36_8_0.49_9_9_0_0.31_1_0.31_2_2.1_A1_0.16_P_33/inp052.err for more details.
ERROR in MURE::BuildMCNPFile
	 Some nuclei have troubles, see transcript U5_0.27_8_87_P6_0.36_8_0.49_9_9_0_0.31_1_0.31_2_2.1_A1_0.16_P_33/inp053.err for more details.
ERROR in MURE::WriteMaterial(ostream &Out)
	 Some nuclei have troubles, see transcript U5_0.27_8_87_P6_0.36_8_0.49_9_9_0_0.31_1_0.31_2_2.1_A1_0.16_P_33/inp053.err for more details.
ERROR in MURE::BuildMCNPFile
	 Some nuclei have troubles, see transcript U5_0.27_8_87_P6_0.36_8_0.49_9_9_0_0.31_1_0.31_2_2.1_A1_0.16_P_33/inp054.err for more details.
ERROR in MURE::WriteMaterial(ostream &Out)
	 Some nuclei have troubles, see transcript U5_0.27_8_87_P6_0.36_8_0.49_9_9_0_0.31_1_0.31_2_2.1_A1_0.16_P_33/inp054.err for more details.
ERROR in MURE::BuildMCNPFile
	 Some nuclei have troubles, see transcript U5_0.27_8_87_P6_0.36_8_0.49_9_9_0_0.31_1_0.31_2_2.1_A1_0.16_P_33/inp055.err for more details.
ERROR in MURE::WriteMaterial(ostream &Out)
	 Some nuclei have troubles, see transcript U5_0.27_8_87_P6_0.36_8_0.49_9_9_0_0.31_1_0.31_2_2.1_A1_0.16_P_33/inp055.err for more details.
ERROR in MURE::BuildMCNPFile
	 Some nuclei have troubles, see transcript U5_0.27_8_87_P6_0.36_8_0.49_9_9_0_0.31_1_0.31_2_2.1_A1_0.16_P_33/inp056.err for more details.
ERROR in MURE::WriteMaterial(ostream &Out)
	 Some nuclei have troubles, see transcript U5_0.27_8_87_P6_0.36_8_0.49_9_9_0_0.31_1_0.31_2_2.1_A1_0.16_P_33/inp056.err for more details.
ERROR in MURE::BuildMCNPFile
	 Some nuclei have troubles, see transcript U5_0.27_8_87_P6_0.36_8_0.49_9_9_0_0.31_1_0.31_2_2.1_A1_0.16_P_33/inp057.err for more details.
ERROR in MURE::WriteMaterial(ostream &Out)
	 Some nuclei have troubles, see transcript U5_0.27_8_87_P6_0.36_8_0.49_9_9_0_0.31_1_0.31_2_2.1_A1_0.16_P_33/inp057.err for more details.
ERROR in MURE::BuildMCNPFile
	 Some nuclei have troubles, see transcript U5_0.27_8_87_P6_0.36_8_0.49_9_9_0_0.31_1_0.31_2_2.1_A1_0.16_P_33/inp058.err for more details.
ERROR in MURE::WriteMaterial(ostream &Out)
	 Some nuclei have troubles, see transcript U5_0.27_8_87_P6_0.36_8_0.49_9_9_0_0.31_1_0.31_2_2.1_A1_0.16_P_33/inp058.err for more details.
ERROR in MURE::BuildMCNPFile
	 Some nuclei have troubles, see transcript U5_0.27_8_87_P6_0.36_8_0.49_9_9_0_0.31_1_0.31_2_2.1_A1_0.16_P_33/inp059.err for more details.
ERROR in MURE::WriteMaterial(ostream &Out)
	 Some nuclei have troubles, see transcript U5_0.27_8_87_P6_0.36_8_0.49_9_9_0_0.31_1_0.31_2_2.1_A1_0.16_P_33/inp059.err for more details.
ERROR in MURE::BuildMCNPFile
	 Some nuclei have troubles, see transcript U5_0.27_8_87_P6_0.36_8_0.49_9_9_0_0.31_1_0.31_2_2.1_A1_0.16_P_33/inp060.err for more details.
ERROR in MURE::WriteMaterial(ostream &Out)
	 Some nuclei have troubles, see transcript U5_0.27_8_87_P6_0.36_8_0.49_9_9_0_0.31_1_0.31_2_2.1_A1_0.16_P_33/inp060.err for more details.
ERROR in MURE::BuildMCNPFile
	 Some nuclei have troubles, see transcript U5_0.27_8_87_P6_0.36_8_0.49_9_9_0_0.31_1_0.31_2_2.1_A1_0.16_P_33/inp061.err for more details.
ERROR in MURE::WriteMaterial(ostream &Out)
	 Some nuclei have troubles, see transcript U5_0.27_8_87_P6_0.36_8_0.49_9_9_0_0.31_1_0.31_2_2.1_A1_0.16_P_33/inp061.err for more details.
ERROR in MURE::BuildMCNPFile
	 Some nuclei have troubles, see transcript U5_0.27_8_87_P6_0.36_8_0.49_9_9_0_0.31_1_0.31_2_2.1_A1_0.16_P_33/inp062.err for more details.
ERROR in MURE::WriteMaterial(ostream &Out)
	 Some nuclei have troubles, see transcript U5_0.27_8_87_P6_0.36_8_0.49_9_9_0_0.31_1_0.31_2_2.1_A1_0.16_P_33/inp062.err for more details.
ERROR in MURE::BuildMCNPFile
	 Some nuclei have troubles, see transcript U5_0.27_8_87_P6_0.36_8_0.49_9_9_0_0.31_1_0.31_2_2.1_A1_0.16_P_33/inp063.err for more details.
ERROR in MURE::WriteMaterial(ostream &Out)
	 Some nuclei have troubles, see transcript U5_0.27_8_87_P6_0.36_8_0.49_9_9_0_0.31_1_0.31_2_2.1_A1_0.16_P_33/inp063.err for more details.
ERROR in MURE::BuildMCNPFile
	 Some nuclei have troubles, see transcript U5_0.27_8_87_P6_0.36_8_0.49_9_9_0_0.31_1_0.31_2_2.1_A1_0.16_P_33/inp064.err for more details.
ERROR in MURE::WriteMaterial(ostream &Out)
	 Some nuclei have troubles, see transcript U5_0.27_8_87_P6_0.36_8_0.49_9_9_0_0.31_1_0.31_2_2.1_A1_0.16_P_33/inp064.err for more details.
ERROR in MURE::BuildMCNPFile
	 Some nuclei have troubles, see transcript U5_0.27_8_87_P6_0.36_8_0.49_9_9_0_0.31_1_0.31_2_2.1_A1_0.16_P_33/inp065.err for more details.
ERROR in MURE::WriteMaterial(ostream &Out)
	 Some nuclei have troubles, see transcript U5_0.27_8_87_P6_0.36_8_0.49_9_9_0_0.31_1_0.31_2_2.1_A1_0.16_P_33/inp065.err for more details.
ERROR in MURE::BuildMCNPFile
	 Some nuclei have troubles, see transcript U5_0.27_8_87_P6_0.36_8_0.49_9_9_0_0.31_1_0.31_2_2.1_A1_0.16_P_33/inp066.err for more details.
ERROR in MURE::WriteMaterial(ostream &Out)
	 Some nuclei have troubles, see transcript U5_0.27_8_87_P6_0.36_8_0.49_9_9_0_0.31_1_0.31_2_2.1_A1_0.16_P_33/inp066.err for more details.
ERROR in MURE::BuildMCNPFile
	 Some nuclei have troubles, see transcript U5_0.27_8_87_P6_0.36_8_0.49_9_9_0_0.31_1_0.31_2_2.1_A1_0.16_P_33/inp067.err for more details.
ERROR in MURE::WriteMaterial(ostream &Out)
	 Some nuclei have troubles, see transcript U5_0.27_8_87_P6_0.36_8_0.49_9_9_0_0.31_1_0.31_2_2.1_A1_0.16_P_33/inp067.err for more details.
ERROR in MURE::BuildMCNPFile
	 Some nuclei have troubles, see transcript U5_0.27_8_87_P6_0.36_8_0.49_9_9_0_0.31_1_0.31_2_2.1_A1_0.16_P_33/inp068.err for more details.
ERROR in MURE::WriteMaterial(ostream &Out)
	 Some nuclei have troubles, see transcript U5_0.27_8_87_P6_0.36_8_0.49_9_9_0_0.31_1_0.31_2_2.1_A1_0.16_P_33/inp068.err for more details.
ERROR in MURE::BuildMCNPFile
	 Some nuclei have troubles, see transcript U5_0.27_8_87_P6_0.36_8_0.49_9_9_0_0.31_1_0.31_2_2.1_A1_0.16_P_33/inp069.err for more details.
ERROR in MURE::WriteMaterial(ostream &Out)
	 Some nuclei have troubles, see transcript U5_0.27_8_87_P6_0.36_8_0.49_9_9_0_0.31_1_0.31_2_2.1_A1_0.16_P_33/inp069.err for more details.
ERROR in MURE::BuildMCNPFile
	 Some nuclei have troubles, see transcript U5_0.27_8_87_P6_0.36_8_0.49_9_9_0_0.31_1_0.31_2_2.1_A1_0.16_P_33/inp070.err for more details.
ERROR in MURE::WriteMaterial(ostream &Out)
	 Some nuclei have troubles, see transcript U5_0.27_8_87_P6_0.36_8_0.49_9_9_0_0.31_1_0.31_2_2.1_A1_0.16_P_33/inp070.err for more details.
ERROR in MURE::BuildMCNPFile
	 Some nuclei have troubles, see transcript U5_0.27_8_87_P6_0.36_8_0.49_9_9_0_0.31_1_0.31_2_2.1_A1_0.16_P_33/inp071.err for more details.
ERROR in MURE::WriteMaterial(ostream &Out)
	 Some nuclei have troubles, see transcript U5_0.27_8_87_P6_0.36_8_0.49_9_9_0_0.31_1_0.31_2_2.1_A1_0.16_P_33/inp071.err for more details.
ERROR in MURE::BuildMCNPFile
	 Some nuclei have troubles, see transcript U5_0.27_8_87_P6_0.36_8_0.49_9_9_0_0.31_1_0.31_2_2.1_A1_0.16_P_33/inp072.err for more details.
ERROR in MURE::WriteMaterial(ostream &Out)
	 Some nuclei have troubles, see transcript U5_0.27_8_87_P6_0.36_8_0.49_9_9_0_0.31_1_0.31_2_2.1_A1_0.16_P_33/inp072.err for more details.
ERROR in MURE::BuildMCNPFile
	 Some nuclei have troubles, see transcript U5_0.27_8_87_P6_0.36_8_0.49_9_9_0_0.31_1_0.31_2_2.1_A1_0.16_P_33/inp073.err for more details.
ERROR in MURE::WriteMaterial(ostream &Out)
	 Some nuclei have troubles, see transcript U5_0.27_8_87_P6_0.36_8_0.49_9_9_0_0.31_1_0.31_2_2.1_A1_0.16_P_33/inp073.err for more details.
ERROR in MURE::BuildMCNPFile
	 Some nuclei have troubles, see transcript U5_0.27_8_87_P6_0.36_8_0.49_9_9_0_0.31_1_0.31_2_2.1_A1_0.16_P_33/inp074.err for more details.
ERROR in MURE::WriteMaterial(ostream &Out)
	 Some nuclei have troubles, see transcript U5_0.27_8_87_P6_0.36_8_0.49_9_9_0_0.31_1_0.31_2_2.1_A1_0.16_P_33/inp074.err for more details.
ERROR in MURE::BuildMCNPFile
	 Some nuclei have troubles, see transcript U5_0.27_8_87_P6_0.36_8_0.49_9_9_0_0.31_1_0.31_2_2.1_A1_0.16_P_33/inp075.err for more details.
ERROR in MURE::WriteMaterial(ostream &Out)
	 Some nuclei have troubles, see transcript U5_0.27_8_87_P6_0.36_8_0.49_9_9_0_0.31_1_0.31_2_2.1_A1_0.16_P_33/inp075.err for more details.
ERROR in MURE::BuildMCNPFile
	 Some nuclei have troubles, see transcript U5_0.27_8_87_P6_0.36_8_0.49_9_9_0_0.31_1_0.31_2_2.1_A1_0.16_P_33/inp076.err for more details.
ERROR in MURE::WriteMaterial(ostream &Out)
	 Some nuclei have troubles, see transcript U5_0.27_8_87_P6_0.36_8_0.49_9_9_0_0.31_1_0.31_2_2.1_A1_0.16_P_33/inp076.err for more details.
ERROR in MURE::BuildMCNPFile
	 Some nuclei have troubles, see transcript U5_0.27_8_87_P6_0.36_8_0.49_9_9_0_0.31_1_0.31_2_2.1_A1_0.16_P_33/inp077.err for more details.
ERROR in MURE::WriteMaterial(ostream &Out)
	 Some nuclei have troubles, see transcript U5_0.27_8_87_P6_0.36_8_0.49_9_9_0_0.31_1_0.31_2_2.1_A1_0.16_P_33/inp077.err for more details.
ERROR in MURE::BuildMCNPFile
	 Some nuclei have troubles, see transcript U5_0.27_8_87_P6_0.36_8_0.49_9_9_0_0.31_1_0.31_2_2.1_A1_0.16_P_33/inp078.err for more details.
ERROR in MURE::WriteMaterial(ostream &Out)
	 Some nuclei have troubles, see transcript U5_0.27_8_87_P6_0.36_8_0.49_9_9_0_0.31_1_0.31_2_2.1_A1_0.16_P_33/inp078.err for more details.
ERROR in MURE::BuildMCNPFile
	 Some nuclei have troubles, see transcript U5_0.27_8_87_P6_0.36_8_0.49_9_9_0_0.31_1_0.31_2_2.1_A1_0.16_P_33/inp079.err for more details.
ERROR in MURE::WriteMaterial(ostream &Out)
	 Some nuclei have troubles, see transcript U5_0.27_8_87_P6_0.36_8_0.49_9_9_0_0.31_1_0.31_2_2.1_A1_0.16_P_33/inp079.err for more details.
* About to connect() to ftp.box.com port 21 (#0)
*   Trying 107.152.25.220... connected
* Connected to ftp.box.com (107.152.25.220) port 21 (#0)
< 220 Service ready for new user.
> AUTH SSL
< 234 Command AUTH okay; starting SSL connection.
* Initializing NSS with certpath: sql:/etc/pki/nssdb
*   CAfile: /etc/pki/tls/certs/ca-bundle.crt
  CApath: none
* SSL connection using TLS_RSA_WITH_AES_128_CBC_SHA
* Server certificate:
* 	subject: CN=*.box.com,O="Box, Inc.",L=Los Altos,ST=California,C=US
* 	start date: Nov 13 19:22:20 2014 GMT
* 	expire date: Oct 23 02:42:03 2017 GMT
* 	common name: *.box.com
* 	issuer: CN=GeoTrust SSL CA - G4,O=GeoTrust Inc.,C=US
> USER mouginot@wisc.edu
< 331 User name okay, need password for mouginot@wisc.edu.
> PASS line150782
< 230 User logged in, proceed.
> PBSZ 0
< 200 Command PBSZ okay.
> PROT P
< 200 Command PROT okay.
> PWD
< 257 "/" is current directory.
* Entry path is '/'
> CWD MODEL_DATA
< 250 Directory changed to /MODEL_DATA
> CWD PWR_TRU_MOX_PSPEC
< 250 Directory changed to /MODEL_DATA/PWR_TRU_MOX_PSPEC
> CWD 1000
< 250 Directory changed to /MODEL_DATA/PWR_TRU_MOX_PSPEC/1000
> PASV
* Connect data stream passively
< 227 Entering Passive Mode (107,152,25,220,54,238)
* Skips 107.152.25.220 for data connection, uses 107.152.25.220 instead
*   Trying 107.152.25.220... connected
* Connecting to 107.152.25.220 (107.152.25.220) port 14062
> TYPE I
< 200 Command TYPE okay.
> STOR 586_raw.tar.gz
< 150 File status okay; about to open data connection.
* Doing the SSL/TLS handshake on the data stream
*   CAfile: /etc/pki/tls/certs/ca-bundle.crt
  CApath: none
* SSL connection using TLS_RSA_WITH_AES_128_CBC_SHA
* Server certificate:
* 	subject: CN=*.box.com,O="Box, Inc.",L=Los Altos,ST=California,C=US
* 	start date: Nov 13 19:22:20 2014 GMT
* 	expire date: Oct 23 02:42:03 2017 GMT
* 	common name: *.box.com
* 	issuer: CN=GeoTrust SSL CA - G4,O=GeoTrust Inc.,C=US
} [data not shown]
  % Total    % Received % Xferd  Average Speed   Time    Time     Time  Current
                                 Dload  Upload   Total   Spent    Left  Speed
  0 43.5M    0     0    0 16384      0   3760  3:22:31  0:00:04  3:22:27  3760  2 43.5M    0     0    2 1008k      0   198k  0:03:44  0:00:05  0:03:39 1393k  4 43.5M    0     0    4 2048k      0   337k  0:02:12  0:00:06  0:02:06 1188k  7 43.5M    0     0    7 3152k      0   444k  0:01:40  0:00:07  0:01:33 1144k 10 43.5M    0     0   10 4480k      0   553k  0:01:20  0:00:08  0:01:12 1196k 19 43.5M    0     0   19 8496k      0   937k  0:00:47  0:00:09  0:00:38 1802k 31 43.5M    0     0   31 13.5M      0  1375k  0:00:32  0:00:10  0:00:22 2569k 43 43.5M    0     0   43 18.9M      0  1749k  0:00:25  0:00:11  0:00:14 3460k 54 43.5M    0     0   54 23.9M      0  2027k  0:00:22  0:00:12  0:00:10 4281k 65 43.5M    0     0   65 28.7M      0  2248k  0:00:19  0:00:13  0:00:06 4997k 76 43.5M    0     0   76 33.5M      0  2437k  0:00:18  0:00:14  0:00:04 5146k 87 43.5M    0     0   87 37.9M      0  2580k  0:00:17  0:00:15  0:00:02 4999k 98 43.5M    0     0   98 42.9M      0  2735k  0:00:16  0:00:16 --:--:-- 4913k* Remembering we are in dir "MODEL_DATA/PWR_TRU_MOX_PSPEC/1000/"
< 226 Transfer complete.
100 43.5M    0     0  100 43.5M      0  2620k  0:00:17  0:00:17 --:--:-- 4068k* Connection #0 to host ftp.box.com left intact

> QUIT
< 221 Goodbye.
* Closing connection #0
