ERROR in MURE::BuildXSDIR()
	 Some nuclei have troubles, see transcript U5_0.66_8_82_P6_0.29_8_0.26_9_9.1_0_4.1_1_0.019_2_2.9_A1_0.5_P_14/inp000.err for more details.
ERROR in MURE::BuildMCNPFile
	 Some nuclei have troubles, see transcript U5_0.66_8_82_P6_0.29_8_0.26_9_9.1_0_4.1_1_0.019_2_2.9_A1_0.5_P_14/inp000.err for more details.
ERROR in MURE::WriteMaterial(ostream &Out)
	 Some nuclei have troubles, see transcript U5_0.66_8_82_P6_0.29_8_0.26_9_9.1_0_4.1_1_0.019_2_2.9_A1_0.5_P_14/inp000.err for more details.
ERROR in MURE::BuildMCNPFile
	 Some nuclei have troubles, see transcript U5_0.66_8_82_P6_0.29_8_0.26_9_9.1_0_4.1_1_0.019_2_2.9_A1_0.5_P_14/inp001.err for more details.
ERROR in MURE::WriteMaterial(ostream &Out)
	 Some nuclei have troubles, see transcript U5_0.66_8_82_P6_0.29_8_0.26_9_9.1_0_4.1_1_0.019_2_2.9_A1_0.5_P_14/inp001.err for more details.
ERROR in MURE::BuildMCNPFile
	 Some nuclei have troubles, see transcript U5_0.66_8_82_P6_0.29_8_0.26_9_9.1_0_4.1_1_0.019_2_2.9_A1_0.5_P_14/inp002.err for more details.
ERROR in MURE::WriteMaterial(ostream &Out)
	 Some nuclei have troubles, see transcript U5_0.66_8_82_P6_0.29_8_0.26_9_9.1_0_4.1_1_0.019_2_2.9_A1_0.5_P_14/inp002.err for more details.
ERROR in MURE::BuildMCNPFile
	 Some nuclei have troubles, see transcript U5_0.66_8_82_P6_0.29_8_0.26_9_9.1_0_4.1_1_0.019_2_2.9_A1_0.5_P_14/inp003.err for more details.
ERROR in MURE::WriteMaterial(ostream &Out)
	 Some nuclei have troubles, see transcript U5_0.66_8_82_P6_0.29_8_0.26_9_9.1_0_4.1_1_0.019_2_2.9_A1_0.5_P_14/inp003.err for more details.
ERROR in MURE::BuildMCNPFile
	 Some nuclei have troubles, see transcript U5_0.66_8_82_P6_0.29_8_0.26_9_9.1_0_4.1_1_0.019_2_2.9_A1_0.5_P_14/inp004.err for more details.
ERROR in MURE::WriteMaterial(ostream &Out)
	 Some nuclei have troubles, see transcript U5_0.66_8_82_P6_0.29_8_0.26_9_9.1_0_4.1_1_0.019_2_2.9_A1_0.5_P_14/inp004.err for more details.
ERROR in MURE::BuildMCNPFile
	 Some nuclei have troubles, see transcript U5_0.66_8_82_P6_0.29_8_0.26_9_9.1_0_4.1_1_0.019_2_2.9_A1_0.5_P_14/inp005.err for more details.
ERROR in MURE::WriteMaterial(ostream &Out)
	 Some nuclei have troubles, see transcript U5_0.66_8_82_P6_0.29_8_0.26_9_9.1_0_4.1_1_0.019_2_2.9_A1_0.5_P_14/inp005.err for more details.
ERROR in MURE::BuildMCNPFile
	 Some nuclei have troubles, see transcript U5_0.66_8_82_P6_0.29_8_0.26_9_9.1_0_4.1_1_0.019_2_2.9_A1_0.5_P_14/inp006.err for more details.
ERROR in MURE::WriteMaterial(ostream &Out)
	 Some nuclei have troubles, see transcript U5_0.66_8_82_P6_0.29_8_0.26_9_9.1_0_4.1_1_0.019_2_2.9_A1_0.5_P_14/inp006.err for more details.
ERROR in MURE::BuildMCNPFile
	 Some nuclei have troubles, see transcript U5_0.66_8_82_P6_0.29_8_0.26_9_9.1_0_4.1_1_0.019_2_2.9_A1_0.5_P_14/inp007.err for more details.
ERROR in MURE::WriteMaterial(ostream &Out)
	 Some nuclei have troubles, see transcript U5_0.66_8_82_P6_0.29_8_0.26_9_9.1_0_4.1_1_0.019_2_2.9_A1_0.5_P_14/inp007.err for more details.
ERROR in MURE::BuildMCNPFile
	 Some nuclei have troubles, see transcript U5_0.66_8_82_P6_0.29_8_0.26_9_9.1_0_4.1_1_0.019_2_2.9_A1_0.5_P_14/inp008.err for more details.
ERROR in MURE::WriteMaterial(ostream &Out)
	 Some nuclei have troubles, see transcript U5_0.66_8_82_P6_0.29_8_0.26_9_9.1_0_4.1_1_0.019_2_2.9_A1_0.5_P_14/inp008.err for more details.
ERROR in MURE::BuildMCNPFile
	 Some nuclei have troubles, see transcript U5_0.66_8_82_P6_0.29_8_0.26_9_9.1_0_4.1_1_0.019_2_2.9_A1_0.5_P_14/inp009.err for more details.
ERROR in MURE::WriteMaterial(ostream &Out)
	 Some nuclei have troubles, see transcript U5_0.66_8_82_P6_0.29_8_0.26_9_9.1_0_4.1_1_0.019_2_2.9_A1_0.5_P_14/inp009.err for more details.
ERROR in MURE::BuildMCNPFile
	 Some nuclei have troubles, see transcript U5_0.66_8_82_P6_0.29_8_0.26_9_9.1_0_4.1_1_0.019_2_2.9_A1_0.5_P_14/inp010.err for more details.
ERROR in MURE::WriteMaterial(ostream &Out)
	 Some nuclei have troubles, see transcript U5_0.66_8_82_P6_0.29_8_0.26_9_9.1_0_4.1_1_0.019_2_2.9_A1_0.5_P_14/inp010.err for more details.
ERROR in MURE::BuildMCNPFile
	 Some nuclei have troubles, see transcript U5_0.66_8_82_P6_0.29_8_0.26_9_9.1_0_4.1_1_0.019_2_2.9_A1_0.5_P_14/inp011.err for more details.
ERROR in MURE::WriteMaterial(ostream &Out)
	 Some nuclei have troubles, see transcript U5_0.66_8_82_P6_0.29_8_0.26_9_9.1_0_4.1_1_0.019_2_2.9_A1_0.5_P_14/inp011.err for more details.
ERROR in MURE::BuildMCNPFile
	 Some nuclei have troubles, see transcript U5_0.66_8_82_P6_0.29_8_0.26_9_9.1_0_4.1_1_0.019_2_2.9_A1_0.5_P_14/inp012.err for more details.
ERROR in MURE::WriteMaterial(ostream &Out)
	 Some nuclei have troubles, see transcript U5_0.66_8_82_P6_0.29_8_0.26_9_9.1_0_4.1_1_0.019_2_2.9_A1_0.5_P_14/inp012.err for more details.
ERROR in MURE::BuildMCNPFile
	 Some nuclei have troubles, see transcript U5_0.66_8_82_P6_0.29_8_0.26_9_9.1_0_4.1_1_0.019_2_2.9_A1_0.5_P_14/inp013.err for more details.
ERROR in MURE::WriteMaterial(ostream &Out)
	 Some nuclei have troubles, see transcript U5_0.66_8_82_P6_0.29_8_0.26_9_9.1_0_4.1_1_0.019_2_2.9_A1_0.5_P_14/inp013.err for more details.
ERROR in MURE::BuildMCNPFile
	 Some nuclei have troubles, see transcript U5_0.66_8_82_P6_0.29_8_0.26_9_9.1_0_4.1_1_0.019_2_2.9_A1_0.5_P_14/inp014.err for more details.
ERROR in MURE::WriteMaterial(ostream &Out)
	 Some nuclei have troubles, see transcript U5_0.66_8_82_P6_0.29_8_0.26_9_9.1_0_4.1_1_0.019_2_2.9_A1_0.5_P_14/inp014.err for more details.
ERROR in MURE::BuildMCNPFile
	 Some nuclei have troubles, see transcript U5_0.66_8_82_P6_0.29_8_0.26_9_9.1_0_4.1_1_0.019_2_2.9_A1_0.5_P_14/inp015.err for more details.
ERROR in MURE::WriteMaterial(ostream &Out)
	 Some nuclei have troubles, see transcript U5_0.66_8_82_P6_0.29_8_0.26_9_9.1_0_4.1_1_0.019_2_2.9_A1_0.5_P_14/inp015.err for more details.
ERROR in MURE::BuildMCNPFile
	 Some nuclei have troubles, see transcript U5_0.66_8_82_P6_0.29_8_0.26_9_9.1_0_4.1_1_0.019_2_2.9_A1_0.5_P_14/inp016.err for more details.
ERROR in MURE::WriteMaterial(ostream &Out)
	 Some nuclei have troubles, see transcript U5_0.66_8_82_P6_0.29_8_0.26_9_9.1_0_4.1_1_0.019_2_2.9_A1_0.5_P_14/inp016.err for more details.
ERROR in MURE::BuildMCNPFile
	 Some nuclei have troubles, see transcript U5_0.66_8_82_P6_0.29_8_0.26_9_9.1_0_4.1_1_0.019_2_2.9_A1_0.5_P_14/inp017.err for more details.
ERROR in MURE::WriteMaterial(ostream &Out)
	 Some nuclei have troubles, see transcript U5_0.66_8_82_P6_0.29_8_0.26_9_9.1_0_4.1_1_0.019_2_2.9_A1_0.5_P_14/inp017.err for more details.
ERROR in MURE::BuildMCNPFile
	 Some nuclei have troubles, see transcript U5_0.66_8_82_P6_0.29_8_0.26_9_9.1_0_4.1_1_0.019_2_2.9_A1_0.5_P_14/inp018.err for more details.
ERROR in MURE::WriteMaterial(ostream &Out)
	 Some nuclei have troubles, see transcript U5_0.66_8_82_P6_0.29_8_0.26_9_9.1_0_4.1_1_0.019_2_2.9_A1_0.5_P_14/inp018.err for more details.
ERROR in MURE::BuildMCNPFile
	 Some nuclei have troubles, see transcript U5_0.66_8_82_P6_0.29_8_0.26_9_9.1_0_4.1_1_0.019_2_2.9_A1_0.5_P_14/inp019.err for more details.
ERROR in MURE::WriteMaterial(ostream &Out)
	 Some nuclei have troubles, see transcript U5_0.66_8_82_P6_0.29_8_0.26_9_9.1_0_4.1_1_0.019_2_2.9_A1_0.5_P_14/inp019.err for more details.
ERROR in MURE::BuildMCNPFile
	 Some nuclei have troubles, see transcript U5_0.66_8_82_P6_0.29_8_0.26_9_9.1_0_4.1_1_0.019_2_2.9_A1_0.5_P_14/inp020.err for more details.
ERROR in MURE::WriteMaterial(ostream &Out)
	 Some nuclei have troubles, see transcript U5_0.66_8_82_P6_0.29_8_0.26_9_9.1_0_4.1_1_0.019_2_2.9_A1_0.5_P_14/inp020.err for more details.
ERROR in MURE::BuildMCNPFile
	 Some nuclei have troubles, see transcript U5_0.66_8_82_P6_0.29_8_0.26_9_9.1_0_4.1_1_0.019_2_2.9_A1_0.5_P_14/inp021.err for more details.
ERROR in MURE::WriteMaterial(ostream &Out)
	 Some nuclei have troubles, see transcript U5_0.66_8_82_P6_0.29_8_0.26_9_9.1_0_4.1_1_0.019_2_2.9_A1_0.5_P_14/inp021.err for more details.
ERROR in MURE::BuildMCNPFile
	 Some nuclei have troubles, see transcript U5_0.66_8_82_P6_0.29_8_0.26_9_9.1_0_4.1_1_0.019_2_2.9_A1_0.5_P_14/inp022.err for more details.
ERROR in MURE::WriteMaterial(ostream &Out)
	 Some nuclei have troubles, see transcript U5_0.66_8_82_P6_0.29_8_0.26_9_9.1_0_4.1_1_0.019_2_2.9_A1_0.5_P_14/inp022.err for more details.
ERROR in MURE::BuildMCNPFile
	 Some nuclei have troubles, see transcript U5_0.66_8_82_P6_0.29_8_0.26_9_9.1_0_4.1_1_0.019_2_2.9_A1_0.5_P_14/inp023.err for more details.
ERROR in MURE::WriteMaterial(ostream &Out)
	 Some nuclei have troubles, see transcript U5_0.66_8_82_P6_0.29_8_0.26_9_9.1_0_4.1_1_0.019_2_2.9_A1_0.5_P_14/inp023.err for more details.
ERROR in MURE::BuildMCNPFile
	 Some nuclei have troubles, see transcript U5_0.66_8_82_P6_0.29_8_0.26_9_9.1_0_4.1_1_0.019_2_2.9_A1_0.5_P_14/inp024.err for more details.
ERROR in MURE::WriteMaterial(ostream &Out)
	 Some nuclei have troubles, see transcript U5_0.66_8_82_P6_0.29_8_0.26_9_9.1_0_4.1_1_0.019_2_2.9_A1_0.5_P_14/inp024.err for more details.
ERROR in MURE::BuildMCNPFile
	 Some nuclei have troubles, see transcript U5_0.66_8_82_P6_0.29_8_0.26_9_9.1_0_4.1_1_0.019_2_2.9_A1_0.5_P_14/inp025.err for more details.
ERROR in MURE::WriteMaterial(ostream &Out)
	 Some nuclei have troubles, see transcript U5_0.66_8_82_P6_0.29_8_0.26_9_9.1_0_4.1_1_0.019_2_2.9_A1_0.5_P_14/inp025.err for more details.
ERROR in MURE::BuildMCNPFile
	 Some nuclei have troubles, see transcript U5_0.66_8_82_P6_0.29_8_0.26_9_9.1_0_4.1_1_0.019_2_2.9_A1_0.5_P_14/inp026.err for more details.
ERROR in MURE::WriteMaterial(ostream &Out)
	 Some nuclei have troubles, see transcript U5_0.66_8_82_P6_0.29_8_0.26_9_9.1_0_4.1_1_0.019_2_2.9_A1_0.5_P_14/inp026.err for more details.
ERROR in MURE::BuildMCNPFile
	 Some nuclei have troubles, see transcript U5_0.66_8_82_P6_0.29_8_0.26_9_9.1_0_4.1_1_0.019_2_2.9_A1_0.5_P_14/inp027.err for more details.
ERROR in MURE::WriteMaterial(ostream &Out)
	 Some nuclei have troubles, see transcript U5_0.66_8_82_P6_0.29_8_0.26_9_9.1_0_4.1_1_0.019_2_2.9_A1_0.5_P_14/inp027.err for more details.
ERROR in MURE::BuildMCNPFile
	 Some nuclei have troubles, see transcript U5_0.66_8_82_P6_0.29_8_0.26_9_9.1_0_4.1_1_0.019_2_2.9_A1_0.5_P_14/inp028.err for more details.
ERROR in MURE::WriteMaterial(ostream &Out)
	 Some nuclei have troubles, see transcript U5_0.66_8_82_P6_0.29_8_0.26_9_9.1_0_4.1_1_0.019_2_2.9_A1_0.5_P_14/inp028.err for more details.
ERROR in MURE::BuildMCNPFile
	 Some nuclei have troubles, see transcript U5_0.66_8_82_P6_0.29_8_0.26_9_9.1_0_4.1_1_0.019_2_2.9_A1_0.5_P_14/inp029.err for more details.
ERROR in MURE::WriteMaterial(ostream &Out)
	 Some nuclei have troubles, see transcript U5_0.66_8_82_P6_0.29_8_0.26_9_9.1_0_4.1_1_0.019_2_2.9_A1_0.5_P_14/inp029.err for more details.
ERROR in MURE::BuildMCNPFile
	 Some nuclei have troubles, see transcript U5_0.66_8_82_P6_0.29_8_0.26_9_9.1_0_4.1_1_0.019_2_2.9_A1_0.5_P_14/inp030.err for more details.
ERROR in MURE::WriteMaterial(ostream &Out)
	 Some nuclei have troubles, see transcript U5_0.66_8_82_P6_0.29_8_0.26_9_9.1_0_4.1_1_0.019_2_2.9_A1_0.5_P_14/inp030.err for more details.
ERROR in MURE::BuildMCNPFile
	 Some nuclei have troubles, see transcript U5_0.66_8_82_P6_0.29_8_0.26_9_9.1_0_4.1_1_0.019_2_2.9_A1_0.5_P_14/inp031.err for more details.
ERROR in MURE::WriteMaterial(ostream &Out)
	 Some nuclei have troubles, see transcript U5_0.66_8_82_P6_0.29_8_0.26_9_9.1_0_4.1_1_0.019_2_2.9_A1_0.5_P_14/inp031.err for more details.
ERROR in MURE::BuildMCNPFile
	 Some nuclei have troubles, see transcript U5_0.66_8_82_P6_0.29_8_0.26_9_9.1_0_4.1_1_0.019_2_2.9_A1_0.5_P_14/inp032.err for more details.
ERROR in MURE::WriteMaterial(ostream &Out)
	 Some nuclei have troubles, see transcript U5_0.66_8_82_P6_0.29_8_0.26_9_9.1_0_4.1_1_0.019_2_2.9_A1_0.5_P_14/inp032.err for more details.
ERROR in MURE::BuildMCNPFile
	 Some nuclei have troubles, see transcript U5_0.66_8_82_P6_0.29_8_0.26_9_9.1_0_4.1_1_0.019_2_2.9_A1_0.5_P_14/inp033.err for more details.
ERROR in MURE::WriteMaterial(ostream &Out)
	 Some nuclei have troubles, see transcript U5_0.66_8_82_P6_0.29_8_0.26_9_9.1_0_4.1_1_0.019_2_2.9_A1_0.5_P_14/inp033.err for more details.
ERROR in MURE::BuildMCNPFile
	 Some nuclei have troubles, see transcript U5_0.66_8_82_P6_0.29_8_0.26_9_9.1_0_4.1_1_0.019_2_2.9_A1_0.5_P_14/inp034.err for more details.
ERROR in MURE::WriteMaterial(ostream &Out)
	 Some nuclei have troubles, see transcript U5_0.66_8_82_P6_0.29_8_0.26_9_9.1_0_4.1_1_0.019_2_2.9_A1_0.5_P_14/inp034.err for more details.
ERROR in MURE::BuildMCNPFile
	 Some nuclei have troubles, see transcript U5_0.66_8_82_P6_0.29_8_0.26_9_9.1_0_4.1_1_0.019_2_2.9_A1_0.5_P_14/inp035.err for more details.
ERROR in MURE::WriteMaterial(ostream &Out)
	 Some nuclei have troubles, see transcript U5_0.66_8_82_P6_0.29_8_0.26_9_9.1_0_4.1_1_0.019_2_2.9_A1_0.5_P_14/inp035.err for more details.
ERROR in MURE::BuildMCNPFile
	 Some nuclei have troubles, see transcript U5_0.66_8_82_P6_0.29_8_0.26_9_9.1_0_4.1_1_0.019_2_2.9_A1_0.5_P_14/inp036.err for more details.
ERROR in MURE::WriteMaterial(ostream &Out)
	 Some nuclei have troubles, see transcript U5_0.66_8_82_P6_0.29_8_0.26_9_9.1_0_4.1_1_0.019_2_2.9_A1_0.5_P_14/inp036.err for more details.
ERROR in MURE::BuildMCNPFile
	 Some nuclei have troubles, see transcript U5_0.66_8_82_P6_0.29_8_0.26_9_9.1_0_4.1_1_0.019_2_2.9_A1_0.5_P_14/inp037.err for more details.
ERROR in MURE::WriteMaterial(ostream &Out)
	 Some nuclei have troubles, see transcript U5_0.66_8_82_P6_0.29_8_0.26_9_9.1_0_4.1_1_0.019_2_2.9_A1_0.5_P_14/inp037.err for more details.
ERROR in MURE::BuildMCNPFile
	 Some nuclei have troubles, see transcript U5_0.66_8_82_P6_0.29_8_0.26_9_9.1_0_4.1_1_0.019_2_2.9_A1_0.5_P_14/inp038.err for more details.
ERROR in MURE::WriteMaterial(ostream &Out)
	 Some nuclei have troubles, see transcript U5_0.66_8_82_P6_0.29_8_0.26_9_9.1_0_4.1_1_0.019_2_2.9_A1_0.5_P_14/inp038.err for more details.
ERROR in MURE::BuildMCNPFile
	 Some nuclei have troubles, see transcript U5_0.66_8_82_P6_0.29_8_0.26_9_9.1_0_4.1_1_0.019_2_2.9_A1_0.5_P_14/inp039.err for more details.
ERROR in MURE::WriteMaterial(ostream &Out)
	 Some nuclei have troubles, see transcript U5_0.66_8_82_P6_0.29_8_0.26_9_9.1_0_4.1_1_0.019_2_2.9_A1_0.5_P_14/inp039.err for more details.
ERROR in MURE::BuildMCNPFile
	 Some nuclei have troubles, see transcript U5_0.66_8_82_P6_0.29_8_0.26_9_9.1_0_4.1_1_0.019_2_2.9_A1_0.5_P_14/inp040.err for more details.
ERROR in MURE::WriteMaterial(ostream &Out)
	 Some nuclei have troubles, see transcript U5_0.66_8_82_P6_0.29_8_0.26_9_9.1_0_4.1_1_0.019_2_2.9_A1_0.5_P_14/inp040.err for more details.
ERROR in MURE::BuildMCNPFile
	 Some nuclei have troubles, see transcript U5_0.66_8_82_P6_0.29_8_0.26_9_9.1_0_4.1_1_0.019_2_2.9_A1_0.5_P_14/inp041.err for more details.
ERROR in MURE::WriteMaterial(ostream &Out)
	 Some nuclei have troubles, see transcript U5_0.66_8_82_P6_0.29_8_0.26_9_9.1_0_4.1_1_0.019_2_2.9_A1_0.5_P_14/inp041.err for more details.
ERROR in MURE::BuildMCNPFile
	 Some nuclei have troubles, see transcript U5_0.66_8_82_P6_0.29_8_0.26_9_9.1_0_4.1_1_0.019_2_2.9_A1_0.5_P_14/inp042.err for more details.
ERROR in MURE::WriteMaterial(ostream &Out)
	 Some nuclei have troubles, see transcript U5_0.66_8_82_P6_0.29_8_0.26_9_9.1_0_4.1_1_0.019_2_2.9_A1_0.5_P_14/inp042.err for more details.
ERROR in MURE::BuildMCNPFile
	 Some nuclei have troubles, see transcript U5_0.66_8_82_P6_0.29_8_0.26_9_9.1_0_4.1_1_0.019_2_2.9_A1_0.5_P_14/inp043.err for more details.
ERROR in MURE::WriteMaterial(ostream &Out)
	 Some nuclei have troubles, see transcript U5_0.66_8_82_P6_0.29_8_0.26_9_9.1_0_4.1_1_0.019_2_2.9_A1_0.5_P_14/inp043.err for more details.
ERROR in MURE::BuildMCNPFile
	 Some nuclei have troubles, see transcript U5_0.66_8_82_P6_0.29_8_0.26_9_9.1_0_4.1_1_0.019_2_2.9_A1_0.5_P_14/inp044.err for more details.
ERROR in MURE::WriteMaterial(ostream &Out)
	 Some nuclei have troubles, see transcript U5_0.66_8_82_P6_0.29_8_0.26_9_9.1_0_4.1_1_0.019_2_2.9_A1_0.5_P_14/inp044.err for more details.
ERROR in MURE::BuildMCNPFile
	 Some nuclei have troubles, see transcript U5_0.66_8_82_P6_0.29_8_0.26_9_9.1_0_4.1_1_0.019_2_2.9_A1_0.5_P_14/inp045.err for more details.
ERROR in MURE::WriteMaterial(ostream &Out)
	 Some nuclei have troubles, see transcript U5_0.66_8_82_P6_0.29_8_0.26_9_9.1_0_4.1_1_0.019_2_2.9_A1_0.5_P_14/inp045.err for more details.
ERROR in MURE::BuildMCNPFile
	 Some nuclei have troubles, see transcript U5_0.66_8_82_P6_0.29_8_0.26_9_9.1_0_4.1_1_0.019_2_2.9_A1_0.5_P_14/inp046.err for more details.
ERROR in MURE::WriteMaterial(ostream &Out)
	 Some nuclei have troubles, see transcript U5_0.66_8_82_P6_0.29_8_0.26_9_9.1_0_4.1_1_0.019_2_2.9_A1_0.5_P_14/inp046.err for more details.
ERROR in MURE::BuildMCNPFile
	 Some nuclei have troubles, see transcript U5_0.66_8_82_P6_0.29_8_0.26_9_9.1_0_4.1_1_0.019_2_2.9_A1_0.5_P_14/inp047.err for more details.
ERROR in MURE::WriteMaterial(ostream &Out)
	 Some nuclei have troubles, see transcript U5_0.66_8_82_P6_0.29_8_0.26_9_9.1_0_4.1_1_0.019_2_2.9_A1_0.5_P_14/inp047.err for more details.
ERROR in MURE::BuildMCNPFile
	 Some nuclei have troubles, see transcript U5_0.66_8_82_P6_0.29_8_0.26_9_9.1_0_4.1_1_0.019_2_2.9_A1_0.5_P_14/inp048.err for more details.
ERROR in MURE::WriteMaterial(ostream &Out)
	 Some nuclei have troubles, see transcript U5_0.66_8_82_P6_0.29_8_0.26_9_9.1_0_4.1_1_0.019_2_2.9_A1_0.5_P_14/inp048.err for more details.
ERROR in MURE::BuildMCNPFile
	 Some nuclei have troubles, see transcript U5_0.66_8_82_P6_0.29_8_0.26_9_9.1_0_4.1_1_0.019_2_2.9_A1_0.5_P_14/inp049.err for more details.
ERROR in MURE::WriteMaterial(ostream &Out)
	 Some nuclei have troubles, see transcript U5_0.66_8_82_P6_0.29_8_0.26_9_9.1_0_4.1_1_0.019_2_2.9_A1_0.5_P_14/inp049.err for more details.
ERROR in MURE::BuildMCNPFile
	 Some nuclei have troubles, see transcript U5_0.66_8_82_P6_0.29_8_0.26_9_9.1_0_4.1_1_0.019_2_2.9_A1_0.5_P_14/inp050.err for more details.
ERROR in MURE::WriteMaterial(ostream &Out)
	 Some nuclei have troubles, see transcript U5_0.66_8_82_P6_0.29_8_0.26_9_9.1_0_4.1_1_0.019_2_2.9_A1_0.5_P_14/inp050.err for more details.
ERROR in MURE::BuildMCNPFile
	 Some nuclei have troubles, see transcript U5_0.66_8_82_P6_0.29_8_0.26_9_9.1_0_4.1_1_0.019_2_2.9_A1_0.5_P_14/inp051.err for more details.
ERROR in MURE::WriteMaterial(ostream &Out)
	 Some nuclei have troubles, see transcript U5_0.66_8_82_P6_0.29_8_0.26_9_9.1_0_4.1_1_0.019_2_2.9_A1_0.5_P_14/inp051.err for more details.
ERROR in MURE::BuildMCNPFile
	 Some nuclei have troubles, see transcript U5_0.66_8_82_P6_0.29_8_0.26_9_9.1_0_4.1_1_0.019_2_2.9_A1_0.5_P_14/inp052.err for more details.
ERROR in MURE::WriteMaterial(ostream &Out)
	 Some nuclei have troubles, see transcript U5_0.66_8_82_P6_0.29_8_0.26_9_9.1_0_4.1_1_0.019_2_2.9_A1_0.5_P_14/inp052.err for more details.
ERROR in MURE::BuildMCNPFile
	 Some nuclei have troubles, see transcript U5_0.66_8_82_P6_0.29_8_0.26_9_9.1_0_4.1_1_0.019_2_2.9_A1_0.5_P_14/inp053.err for more details.
ERROR in MURE::WriteMaterial(ostream &Out)
	 Some nuclei have troubles, see transcript U5_0.66_8_82_P6_0.29_8_0.26_9_9.1_0_4.1_1_0.019_2_2.9_A1_0.5_P_14/inp053.err for more details.
ERROR in MURE::BuildMCNPFile
	 Some nuclei have troubles, see transcript U5_0.66_8_82_P6_0.29_8_0.26_9_9.1_0_4.1_1_0.019_2_2.9_A1_0.5_P_14/inp054.err for more details.
ERROR in MURE::WriteMaterial(ostream &Out)
	 Some nuclei have troubles, see transcript U5_0.66_8_82_P6_0.29_8_0.26_9_9.1_0_4.1_1_0.019_2_2.9_A1_0.5_P_14/inp054.err for more details.
ERROR in MURE::BuildMCNPFile
	 Some nuclei have troubles, see transcript U5_0.66_8_82_P6_0.29_8_0.26_9_9.1_0_4.1_1_0.019_2_2.9_A1_0.5_P_14/inp055.err for more details.
ERROR in MURE::WriteMaterial(ostream &Out)
	 Some nuclei have troubles, see transcript U5_0.66_8_82_P6_0.29_8_0.26_9_9.1_0_4.1_1_0.019_2_2.9_A1_0.5_P_14/inp055.err for more details.
ERROR in MURE::BuildMCNPFile
	 Some nuclei have troubles, see transcript U5_0.66_8_82_P6_0.29_8_0.26_9_9.1_0_4.1_1_0.019_2_2.9_A1_0.5_P_14/inp056.err for more details.
ERROR in MURE::WriteMaterial(ostream &Out)
	 Some nuclei have troubles, see transcript U5_0.66_8_82_P6_0.29_8_0.26_9_9.1_0_4.1_1_0.019_2_2.9_A1_0.5_P_14/inp056.err for more details.
ERROR in MURE::BuildMCNPFile
	 Some nuclei have troubles, see transcript U5_0.66_8_82_P6_0.29_8_0.26_9_9.1_0_4.1_1_0.019_2_2.9_A1_0.5_P_14/inp057.err for more details.
ERROR in MURE::WriteMaterial(ostream &Out)
	 Some nuclei have troubles, see transcript U5_0.66_8_82_P6_0.29_8_0.26_9_9.1_0_4.1_1_0.019_2_2.9_A1_0.5_P_14/inp057.err for more details.
ERROR in MURE::BuildMCNPFile
	 Some nuclei have troubles, see transcript U5_0.66_8_82_P6_0.29_8_0.26_9_9.1_0_4.1_1_0.019_2_2.9_A1_0.5_P_14/inp058.err for more details.
ERROR in MURE::WriteMaterial(ostream &Out)
	 Some nuclei have troubles, see transcript U5_0.66_8_82_P6_0.29_8_0.26_9_9.1_0_4.1_1_0.019_2_2.9_A1_0.5_P_14/inp058.err for more details.
ERROR in MURE::BuildMCNPFile
	 Some nuclei have troubles, see transcript U5_0.66_8_82_P6_0.29_8_0.26_9_9.1_0_4.1_1_0.019_2_2.9_A1_0.5_P_14/inp059.err for more details.
ERROR in MURE::WriteMaterial(ostream &Out)
	 Some nuclei have troubles, see transcript U5_0.66_8_82_P6_0.29_8_0.26_9_9.1_0_4.1_1_0.019_2_2.9_A1_0.5_P_14/inp059.err for more details.
ERROR in MURE::BuildMCNPFile
	 Some nuclei have troubles, see transcript U5_0.66_8_82_P6_0.29_8_0.26_9_9.1_0_4.1_1_0.019_2_2.9_A1_0.5_P_14/inp060.err for more details.
ERROR in MURE::WriteMaterial(ostream &Out)
	 Some nuclei have troubles, see transcript U5_0.66_8_82_P6_0.29_8_0.26_9_9.1_0_4.1_1_0.019_2_2.9_A1_0.5_P_14/inp060.err for more details.
ERROR in MURE::BuildMCNPFile
	 Some nuclei have troubles, see transcript U5_0.66_8_82_P6_0.29_8_0.26_9_9.1_0_4.1_1_0.019_2_2.9_A1_0.5_P_14/inp061.err for more details.
ERROR in MURE::WriteMaterial(ostream &Out)
	 Some nuclei have troubles, see transcript U5_0.66_8_82_P6_0.29_8_0.26_9_9.1_0_4.1_1_0.019_2_2.9_A1_0.5_P_14/inp061.err for more details.
ERROR in MURE::BuildMCNPFile
	 Some nuclei have troubles, see transcript U5_0.66_8_82_P6_0.29_8_0.26_9_9.1_0_4.1_1_0.019_2_2.9_A1_0.5_P_14/inp062.err for more details.
ERROR in MURE::WriteMaterial(ostream &Out)
	 Some nuclei have troubles, see transcript U5_0.66_8_82_P6_0.29_8_0.26_9_9.1_0_4.1_1_0.019_2_2.9_A1_0.5_P_14/inp062.err for more details.
ERROR in MURE::BuildMCNPFile
	 Some nuclei have troubles, see transcript U5_0.66_8_82_P6_0.29_8_0.26_9_9.1_0_4.1_1_0.019_2_2.9_A1_0.5_P_14/inp063.err for more details.
ERROR in MURE::WriteMaterial(ostream &Out)
	 Some nuclei have troubles, see transcript U5_0.66_8_82_P6_0.29_8_0.26_9_9.1_0_4.1_1_0.019_2_2.9_A1_0.5_P_14/inp063.err for more details.
ERROR in MURE::BuildMCNPFile
	 Some nuclei have troubles, see transcript U5_0.66_8_82_P6_0.29_8_0.26_9_9.1_0_4.1_1_0.019_2_2.9_A1_0.5_P_14/inp064.err for more details.
ERROR in MURE::WriteMaterial(ostream &Out)
	 Some nuclei have troubles, see transcript U5_0.66_8_82_P6_0.29_8_0.26_9_9.1_0_4.1_1_0.019_2_2.9_A1_0.5_P_14/inp064.err for more details.
ERROR in MURE::BuildMCNPFile
	 Some nuclei have troubles, see transcript U5_0.66_8_82_P6_0.29_8_0.26_9_9.1_0_4.1_1_0.019_2_2.9_A1_0.5_P_14/inp065.err for more details.
ERROR in MURE::WriteMaterial(ostream &Out)
	 Some nuclei have troubles, see transcript U5_0.66_8_82_P6_0.29_8_0.26_9_9.1_0_4.1_1_0.019_2_2.9_A1_0.5_P_14/inp065.err for more details.
ERROR in MURE::BuildMCNPFile
	 Some nuclei have troubles, see transcript U5_0.66_8_82_P6_0.29_8_0.26_9_9.1_0_4.1_1_0.019_2_2.9_A1_0.5_P_14/inp066.err for more details.
ERROR in MURE::WriteMaterial(ostream &Out)
	 Some nuclei have troubles, see transcript U5_0.66_8_82_P6_0.29_8_0.26_9_9.1_0_4.1_1_0.019_2_2.9_A1_0.5_P_14/inp066.err for more details.
ERROR in MURE::BuildMCNPFile
	 Some nuclei have troubles, see transcript U5_0.66_8_82_P6_0.29_8_0.26_9_9.1_0_4.1_1_0.019_2_2.9_A1_0.5_P_14/inp067.err for more details.
ERROR in MURE::WriteMaterial(ostream &Out)
	 Some nuclei have troubles, see transcript U5_0.66_8_82_P6_0.29_8_0.26_9_9.1_0_4.1_1_0.019_2_2.9_A1_0.5_P_14/inp067.err for more details.
ERROR in MURE::BuildMCNPFile
	 Some nuclei have troubles, see transcript U5_0.66_8_82_P6_0.29_8_0.26_9_9.1_0_4.1_1_0.019_2_2.9_A1_0.5_P_14/inp068.err for more details.
ERROR in MURE::WriteMaterial(ostream &Out)
	 Some nuclei have troubles, see transcript U5_0.66_8_82_P6_0.29_8_0.26_9_9.1_0_4.1_1_0.019_2_2.9_A1_0.5_P_14/inp068.err for more details.
ERROR in MURE::BuildMCNPFile
	 Some nuclei have troubles, see transcript U5_0.66_8_82_P6_0.29_8_0.26_9_9.1_0_4.1_1_0.019_2_2.9_A1_0.5_P_14/inp069.err for more details.
ERROR in MURE::WriteMaterial(ostream &Out)
	 Some nuclei have troubles, see transcript U5_0.66_8_82_P6_0.29_8_0.26_9_9.1_0_4.1_1_0.019_2_2.9_A1_0.5_P_14/inp069.err for more details.
ERROR in MURE::BuildMCNPFile
	 Some nuclei have troubles, see transcript U5_0.66_8_82_P6_0.29_8_0.26_9_9.1_0_4.1_1_0.019_2_2.9_A1_0.5_P_14/inp070.err for more details.
ERROR in MURE::WriteMaterial(ostream &Out)
	 Some nuclei have troubles, see transcript U5_0.66_8_82_P6_0.29_8_0.26_9_9.1_0_4.1_1_0.019_2_2.9_A1_0.5_P_14/inp070.err for more details.
ERROR in MURE::BuildMCNPFile
	 Some nuclei have troubles, see transcript U5_0.66_8_82_P6_0.29_8_0.26_9_9.1_0_4.1_1_0.019_2_2.9_A1_0.5_P_14/inp071.err for more details.
ERROR in MURE::WriteMaterial(ostream &Out)
	 Some nuclei have troubles, see transcript U5_0.66_8_82_P6_0.29_8_0.26_9_9.1_0_4.1_1_0.019_2_2.9_A1_0.5_P_14/inp071.err for more details.
ERROR in MURE::BuildMCNPFile
	 Some nuclei have troubles, see transcript U5_0.66_8_82_P6_0.29_8_0.26_9_9.1_0_4.1_1_0.019_2_2.9_A1_0.5_P_14/inp072.err for more details.
ERROR in MURE::WriteMaterial(ostream &Out)
	 Some nuclei have troubles, see transcript U5_0.66_8_82_P6_0.29_8_0.26_9_9.1_0_4.1_1_0.019_2_2.9_A1_0.5_P_14/inp072.err for more details.
ERROR in MURE::BuildMCNPFile
	 Some nuclei have troubles, see transcript U5_0.66_8_82_P6_0.29_8_0.26_9_9.1_0_4.1_1_0.019_2_2.9_A1_0.5_P_14/inp073.err for more details.
ERROR in MURE::WriteMaterial(ostream &Out)
	 Some nuclei have troubles, see transcript U5_0.66_8_82_P6_0.29_8_0.26_9_9.1_0_4.1_1_0.019_2_2.9_A1_0.5_P_14/inp073.err for more details.
ERROR in MURE::BuildMCNPFile
	 Some nuclei have troubles, see transcript U5_0.66_8_82_P6_0.29_8_0.26_9_9.1_0_4.1_1_0.019_2_2.9_A1_0.5_P_14/inp074.err for more details.
ERROR in MURE::WriteMaterial(ostream &Out)
	 Some nuclei have troubles, see transcript U5_0.66_8_82_P6_0.29_8_0.26_9_9.1_0_4.1_1_0.019_2_2.9_A1_0.5_P_14/inp074.err for more details.
ERROR in MURE::BuildMCNPFile
	 Some nuclei have troubles, see transcript U5_0.66_8_82_P6_0.29_8_0.26_9_9.1_0_4.1_1_0.019_2_2.9_A1_0.5_P_14/inp075.err for more details.
ERROR in MURE::WriteMaterial(ostream &Out)
	 Some nuclei have troubles, see transcript U5_0.66_8_82_P6_0.29_8_0.26_9_9.1_0_4.1_1_0.019_2_2.9_A1_0.5_P_14/inp075.err for more details.
ERROR in MURE::BuildMCNPFile
	 Some nuclei have troubles, see transcript U5_0.66_8_82_P6_0.29_8_0.26_9_9.1_0_4.1_1_0.019_2_2.9_A1_0.5_P_14/inp076.err for more details.
ERROR in MURE::WriteMaterial(ostream &Out)
	 Some nuclei have troubles, see transcript U5_0.66_8_82_P6_0.29_8_0.26_9_9.1_0_4.1_1_0.019_2_2.9_A1_0.5_P_14/inp076.err for more details.
ERROR in MURE::BuildMCNPFile
	 Some nuclei have troubles, see transcript U5_0.66_8_82_P6_0.29_8_0.26_9_9.1_0_4.1_1_0.019_2_2.9_A1_0.5_P_14/inp077.err for more details.
ERROR in MURE::WriteMaterial(ostream &Out)
	 Some nuclei have troubles, see transcript U5_0.66_8_82_P6_0.29_8_0.26_9_9.1_0_4.1_1_0.019_2_2.9_A1_0.5_P_14/inp077.err for more details.
ERROR in MURE::BuildMCNPFile
	 Some nuclei have troubles, see transcript U5_0.66_8_82_P6_0.29_8_0.26_9_9.1_0_4.1_1_0.019_2_2.9_A1_0.5_P_14/inp078.err for more details.
ERROR in MURE::WriteMaterial(ostream &Out)
	 Some nuclei have troubles, see transcript U5_0.66_8_82_P6_0.29_8_0.26_9_9.1_0_4.1_1_0.019_2_2.9_A1_0.5_P_14/inp078.err for more details.
ERROR in MURE::BuildMCNPFile
	 Some nuclei have troubles, see transcript U5_0.66_8_82_P6_0.29_8_0.26_9_9.1_0_4.1_1_0.019_2_2.9_A1_0.5_P_14/inp079.err for more details.
ERROR in MURE::WriteMaterial(ostream &Out)
	 Some nuclei have troubles, see transcript U5_0.66_8_82_P6_0.29_8_0.26_9_9.1_0_4.1_1_0.019_2_2.9_A1_0.5_P_14/inp079.err for more details.
* About to connect() to ftp.box.com port 21 (#0)
*   Trying 107.152.25.220... connected
* Connected to ftp.box.com (107.152.25.220) port 21 (#0)
< 220 Service ready for new user.
> AUTH SSL
< 234 Command AUTH okay; starting SSL connection.
* Initializing NSS with certpath: sql:/etc/pki/nssdb
*   CAfile: /etc/pki/tls/certs/ca-bundle.crt
  CApath: none
* SSL connection using TLS_RSA_WITH_AES_128_CBC_SHA
* Server certificate:
* 	subject: CN=*.box.com,O="Box, Inc.",L=Los Altos,ST=California,C=US
* 	start date: Nov 13 19:22:20 2014 GMT
* 	expire date: Oct 23 02:42:03 2017 GMT
* 	common name: *.box.com
* 	issuer: CN=GeoTrust SSL CA - G4,O=GeoTrust Inc.,C=US
> USER mouginot@wisc.edu
< 331 User name okay, need password for mouginot@wisc.edu.
> PASS line150782
< 230 User logged in, proceed.
> PBSZ 0
< 200 Command PBSZ okay.
> PROT P
< 200 Command PROT okay.
> PWD
< 257 "/" is current directory.
* Entry path is '/'
> CWD MODEL_DATA
< 250 Directory changed to /MODEL_DATA
> CWD PWR_TRU_MOX_PSPEC
< 250 Directory changed to /MODEL_DATA/PWR_TRU_MOX_PSPEC
> CWD 1000
< 250 Directory changed to /MODEL_DATA/PWR_TRU_MOX_PSPEC/1000
> PASV
* Connect data stream passively
< 227 Entering Passive Mode (107,152,25,220,95,170)
* Skips 107.152.25.220 for data connection, uses 107.152.25.220 instead
*   Trying 107.152.25.220... connected
* Connecting to 107.152.25.220 (107.152.25.220) port 24490
> TYPE I
< 200 Command TYPE okay.
> STOR 278_raw.tar.gz
< 150 File status okay; about to open data connection.
* Doing the SSL/TLS handshake on the data stream
*   CAfile: /etc/pki/tls/certs/ca-bundle.crt
  CApath: none
* SSL connection using TLS_RSA_WITH_AES_128_CBC_SHA
* Server certificate:
* 	subject: CN=*.box.com,O="Box, Inc.",L=Los Altos,ST=California,C=US
* 	start date: Nov 13 19:22:20 2014 GMT
* 	expire date: Oct 23 02:42:03 2017 GMT
* 	common name: *.box.com
* 	issuer: CN=GeoTrust SSL CA - G4,O=GeoTrust Inc.,C=US
} [data not shown]
  % Total    % Received % Xferd  Average Speed   Time    Time     Time  Current
                                 Dload  Upload   Total   Spent    Left  Speed
  0 43.5M    0     0    0 16384      0   4813  2:38:08  0:00:03  2:38:05  4813  1 43.5M    0     0    1  464k      0   120k  0:06:09  0:00:03  0:06:06 1027k 13 43.5M    0     0   13 6160k      0  1280k  0:00:34  0:00:04  0:00:30 4363k 36 43.5M    0     0   36 15.8M      0  2799k  0:00:15  0:00:05  0:00:10 6750k 56 43.5M    0     0   56 24.6M      0  3697k  0:00:12  0:00:06  0:00:06 7378k 73 43.5M    0     0   73 31.9M      0  4182k  0:00:10  0:00:07  0:00:03 7405k 88 43.5M    0     0   88 38.4M      0  4463k  0:00:09  0:00:08  0:00:01 7815k* Remembering we are in dir "MODEL_DATA/PWR_TRU_MOX_PSPEC/1000/"
100 43.5M    0     0  100 43.5M      0  4232k  0:00:10  0:00:10 --:--:-- 6711k< 226 Transfer complete.
100 43.5M    0     0  100 43.5M      0  4228k  0:00:10  0:00:10 --:--:-- 5982k* Connection #0 to host ftp.box.com left intact

> QUIT
< 221 Goodbye.
* Closing connection #0
