ERROR in MURE::BuildXSDIR()
	 Some nuclei have troubles, see transcript U5_1.3_8_94_P6_0.027_8_0.16_9_2.2_0_1.1_1_0.37_2_0.45_A1_0.46_P_19/inp000.err for more details.
ERROR in MURE::BuildMCNPFile
	 Some nuclei have troubles, see transcript U5_1.3_8_94_P6_0.027_8_0.16_9_2.2_0_1.1_1_0.37_2_0.45_A1_0.46_P_19/inp000.err for more details.
ERROR in MURE::WriteMaterial(ostream &Out)
	 Some nuclei have troubles, see transcript U5_1.3_8_94_P6_0.027_8_0.16_9_2.2_0_1.1_1_0.37_2_0.45_A1_0.46_P_19/inp000.err for more details.
ERROR in MURE::BuildMCNPFile
	 Some nuclei have troubles, see transcript U5_1.3_8_94_P6_0.027_8_0.16_9_2.2_0_1.1_1_0.37_2_0.45_A1_0.46_P_19/inp001.err for more details.
ERROR in MURE::WriteMaterial(ostream &Out)
	 Some nuclei have troubles, see transcript U5_1.3_8_94_P6_0.027_8_0.16_9_2.2_0_1.1_1_0.37_2_0.45_A1_0.46_P_19/inp001.err for more details.
ERROR in MURE::BuildMCNPFile
	 Some nuclei have troubles, see transcript U5_1.3_8_94_P6_0.027_8_0.16_9_2.2_0_1.1_1_0.37_2_0.45_A1_0.46_P_19/inp002.err for more details.
ERROR in MURE::WriteMaterial(ostream &Out)
	 Some nuclei have troubles, see transcript U5_1.3_8_94_P6_0.027_8_0.16_9_2.2_0_1.1_1_0.37_2_0.45_A1_0.46_P_19/inp002.err for more details.
ERROR in MURE::BuildMCNPFile
	 Some nuclei have troubles, see transcript U5_1.3_8_94_P6_0.027_8_0.16_9_2.2_0_1.1_1_0.37_2_0.45_A1_0.46_P_19/inp003.err for more details.
ERROR in MURE::WriteMaterial(ostream &Out)
	 Some nuclei have troubles, see transcript U5_1.3_8_94_P6_0.027_8_0.16_9_2.2_0_1.1_1_0.37_2_0.45_A1_0.46_P_19/inp003.err for more details.
ERROR in MURE::BuildMCNPFile
	 Some nuclei have troubles, see transcript U5_1.3_8_94_P6_0.027_8_0.16_9_2.2_0_1.1_1_0.37_2_0.45_A1_0.46_P_19/inp004.err for more details.
ERROR in MURE::WriteMaterial(ostream &Out)
	 Some nuclei have troubles, see transcript U5_1.3_8_94_P6_0.027_8_0.16_9_2.2_0_1.1_1_0.37_2_0.45_A1_0.46_P_19/inp004.err for more details.
ERROR in MURE::BuildMCNPFile
	 Some nuclei have troubles, see transcript U5_1.3_8_94_P6_0.027_8_0.16_9_2.2_0_1.1_1_0.37_2_0.45_A1_0.46_P_19/inp005.err for more details.
ERROR in MURE::WriteMaterial(ostream &Out)
	 Some nuclei have troubles, see transcript U5_1.3_8_94_P6_0.027_8_0.16_9_2.2_0_1.1_1_0.37_2_0.45_A1_0.46_P_19/inp005.err for more details.
ERROR in MURE::BuildMCNPFile
	 Some nuclei have troubles, see transcript U5_1.3_8_94_P6_0.027_8_0.16_9_2.2_0_1.1_1_0.37_2_0.45_A1_0.46_P_19/inp006.err for more details.
ERROR in MURE::WriteMaterial(ostream &Out)
	 Some nuclei have troubles, see transcript U5_1.3_8_94_P6_0.027_8_0.16_9_2.2_0_1.1_1_0.37_2_0.45_A1_0.46_P_19/inp006.err for more details.
ERROR in MURE::BuildMCNPFile
	 Some nuclei have troubles, see transcript U5_1.3_8_94_P6_0.027_8_0.16_9_2.2_0_1.1_1_0.37_2_0.45_A1_0.46_P_19/inp007.err for more details.
ERROR in MURE::WriteMaterial(ostream &Out)
	 Some nuclei have troubles, see transcript U5_1.3_8_94_P6_0.027_8_0.16_9_2.2_0_1.1_1_0.37_2_0.45_A1_0.46_P_19/inp007.err for more details.
ERROR in MURE::BuildMCNPFile
	 Some nuclei have troubles, see transcript U5_1.3_8_94_P6_0.027_8_0.16_9_2.2_0_1.1_1_0.37_2_0.45_A1_0.46_P_19/inp008.err for more details.
ERROR in MURE::WriteMaterial(ostream &Out)
	 Some nuclei have troubles, see transcript U5_1.3_8_94_P6_0.027_8_0.16_9_2.2_0_1.1_1_0.37_2_0.45_A1_0.46_P_19/inp008.err for more details.
ERROR in MURE::BuildMCNPFile
	 Some nuclei have troubles, see transcript U5_1.3_8_94_P6_0.027_8_0.16_9_2.2_0_1.1_1_0.37_2_0.45_A1_0.46_P_19/inp009.err for more details.
ERROR in MURE::WriteMaterial(ostream &Out)
	 Some nuclei have troubles, see transcript U5_1.3_8_94_P6_0.027_8_0.16_9_2.2_0_1.1_1_0.37_2_0.45_A1_0.46_P_19/inp009.err for more details.
ERROR in MURE::BuildMCNPFile
	 Some nuclei have troubles, see transcript U5_1.3_8_94_P6_0.027_8_0.16_9_2.2_0_1.1_1_0.37_2_0.45_A1_0.46_P_19/inp010.err for more details.
ERROR in MURE::WriteMaterial(ostream &Out)
	 Some nuclei have troubles, see transcript U5_1.3_8_94_P6_0.027_8_0.16_9_2.2_0_1.1_1_0.37_2_0.45_A1_0.46_P_19/inp010.err for more details.
ERROR in MURE::BuildMCNPFile
	 Some nuclei have troubles, see transcript U5_1.3_8_94_P6_0.027_8_0.16_9_2.2_0_1.1_1_0.37_2_0.45_A1_0.46_P_19/inp011.err for more details.
ERROR in MURE::WriteMaterial(ostream &Out)
	 Some nuclei have troubles, see transcript U5_1.3_8_94_P6_0.027_8_0.16_9_2.2_0_1.1_1_0.37_2_0.45_A1_0.46_P_19/inp011.err for more details.
ERROR in MURE::BuildMCNPFile
	 Some nuclei have troubles, see transcript U5_1.3_8_94_P6_0.027_8_0.16_9_2.2_0_1.1_1_0.37_2_0.45_A1_0.46_P_19/inp012.err for more details.
ERROR in MURE::WriteMaterial(ostream &Out)
	 Some nuclei have troubles, see transcript U5_1.3_8_94_P6_0.027_8_0.16_9_2.2_0_1.1_1_0.37_2_0.45_A1_0.46_P_19/inp012.err for more details.
ERROR in MURE::BuildMCNPFile
	 Some nuclei have troubles, see transcript U5_1.3_8_94_P6_0.027_8_0.16_9_2.2_0_1.1_1_0.37_2_0.45_A1_0.46_P_19/inp013.err for more details.
ERROR in MURE::WriteMaterial(ostream &Out)
	 Some nuclei have troubles, see transcript U5_1.3_8_94_P6_0.027_8_0.16_9_2.2_0_1.1_1_0.37_2_0.45_A1_0.46_P_19/inp013.err for more details.
ERROR in MURE::BuildMCNPFile
	 Some nuclei have troubles, see transcript U5_1.3_8_94_P6_0.027_8_0.16_9_2.2_0_1.1_1_0.37_2_0.45_A1_0.46_P_19/inp014.err for more details.
ERROR in MURE::WriteMaterial(ostream &Out)
	 Some nuclei have troubles, see transcript U5_1.3_8_94_P6_0.027_8_0.16_9_2.2_0_1.1_1_0.37_2_0.45_A1_0.46_P_19/inp014.err for more details.
ERROR in MURE::BuildMCNPFile
	 Some nuclei have troubles, see transcript U5_1.3_8_94_P6_0.027_8_0.16_9_2.2_0_1.1_1_0.37_2_0.45_A1_0.46_P_19/inp015.err for more details.
ERROR in MURE::WriteMaterial(ostream &Out)
	 Some nuclei have troubles, see transcript U5_1.3_8_94_P6_0.027_8_0.16_9_2.2_0_1.1_1_0.37_2_0.45_A1_0.46_P_19/inp015.err for more details.
ERROR in MURE::BuildMCNPFile
	 Some nuclei have troubles, see transcript U5_1.3_8_94_P6_0.027_8_0.16_9_2.2_0_1.1_1_0.37_2_0.45_A1_0.46_P_19/inp016.err for more details.
ERROR in MURE::WriteMaterial(ostream &Out)
	 Some nuclei have troubles, see transcript U5_1.3_8_94_P6_0.027_8_0.16_9_2.2_0_1.1_1_0.37_2_0.45_A1_0.46_P_19/inp016.err for more details.
ERROR in MURE::BuildMCNPFile
	 Some nuclei have troubles, see transcript U5_1.3_8_94_P6_0.027_8_0.16_9_2.2_0_1.1_1_0.37_2_0.45_A1_0.46_P_19/inp017.err for more details.
ERROR in MURE::WriteMaterial(ostream &Out)
	 Some nuclei have troubles, see transcript U5_1.3_8_94_P6_0.027_8_0.16_9_2.2_0_1.1_1_0.37_2_0.45_A1_0.46_P_19/inp017.err for more details.
ERROR in MURE::BuildMCNPFile
	 Some nuclei have troubles, see transcript U5_1.3_8_94_P6_0.027_8_0.16_9_2.2_0_1.1_1_0.37_2_0.45_A1_0.46_P_19/inp018.err for more details.
ERROR in MURE::WriteMaterial(ostream &Out)
	 Some nuclei have troubles, see transcript U5_1.3_8_94_P6_0.027_8_0.16_9_2.2_0_1.1_1_0.37_2_0.45_A1_0.46_P_19/inp018.err for more details.
ERROR in MURE::BuildMCNPFile
	 Some nuclei have troubles, see transcript U5_1.3_8_94_P6_0.027_8_0.16_9_2.2_0_1.1_1_0.37_2_0.45_A1_0.46_P_19/inp019.err for more details.
ERROR in MURE::WriteMaterial(ostream &Out)
	 Some nuclei have troubles, see transcript U5_1.3_8_94_P6_0.027_8_0.16_9_2.2_0_1.1_1_0.37_2_0.45_A1_0.46_P_19/inp019.err for more details.
ERROR in MURE::BuildMCNPFile
	 Some nuclei have troubles, see transcript U5_1.3_8_94_P6_0.027_8_0.16_9_2.2_0_1.1_1_0.37_2_0.45_A1_0.46_P_19/inp020.err for more details.
ERROR in MURE::WriteMaterial(ostream &Out)
	 Some nuclei have troubles, see transcript U5_1.3_8_94_P6_0.027_8_0.16_9_2.2_0_1.1_1_0.37_2_0.45_A1_0.46_P_19/inp020.err for more details.
ERROR in MURE::BuildMCNPFile
	 Some nuclei have troubles, see transcript U5_1.3_8_94_P6_0.027_8_0.16_9_2.2_0_1.1_1_0.37_2_0.45_A1_0.46_P_19/inp021.err for more details.
ERROR in MURE::WriteMaterial(ostream &Out)
	 Some nuclei have troubles, see transcript U5_1.3_8_94_P6_0.027_8_0.16_9_2.2_0_1.1_1_0.37_2_0.45_A1_0.46_P_19/inp021.err for more details.
ERROR in MURE::BuildMCNPFile
	 Some nuclei have troubles, see transcript U5_1.3_8_94_P6_0.027_8_0.16_9_2.2_0_1.1_1_0.37_2_0.45_A1_0.46_P_19/inp022.err for more details.
ERROR in MURE::WriteMaterial(ostream &Out)
	 Some nuclei have troubles, see transcript U5_1.3_8_94_P6_0.027_8_0.16_9_2.2_0_1.1_1_0.37_2_0.45_A1_0.46_P_19/inp022.err for more details.
ERROR in MURE::BuildMCNPFile
	 Some nuclei have troubles, see transcript U5_1.3_8_94_P6_0.027_8_0.16_9_2.2_0_1.1_1_0.37_2_0.45_A1_0.46_P_19/inp023.err for more details.
ERROR in MURE::WriteMaterial(ostream &Out)
	 Some nuclei have troubles, see transcript U5_1.3_8_94_P6_0.027_8_0.16_9_2.2_0_1.1_1_0.37_2_0.45_A1_0.46_P_19/inp023.err for more details.
ERROR in MURE::BuildMCNPFile
	 Some nuclei have troubles, see transcript U5_1.3_8_94_P6_0.027_8_0.16_9_2.2_0_1.1_1_0.37_2_0.45_A1_0.46_P_19/inp024.err for more details.
ERROR in MURE::WriteMaterial(ostream &Out)
	 Some nuclei have troubles, see transcript U5_1.3_8_94_P6_0.027_8_0.16_9_2.2_0_1.1_1_0.37_2_0.45_A1_0.46_P_19/inp024.err for more details.
ERROR in MURE::BuildMCNPFile
	 Some nuclei have troubles, see transcript U5_1.3_8_94_P6_0.027_8_0.16_9_2.2_0_1.1_1_0.37_2_0.45_A1_0.46_P_19/inp025.err for more details.
ERROR in MURE::WriteMaterial(ostream &Out)
	 Some nuclei have troubles, see transcript U5_1.3_8_94_P6_0.027_8_0.16_9_2.2_0_1.1_1_0.37_2_0.45_A1_0.46_P_19/inp025.err for more details.
ERROR in MURE::BuildMCNPFile
	 Some nuclei have troubles, see transcript U5_1.3_8_94_P6_0.027_8_0.16_9_2.2_0_1.1_1_0.37_2_0.45_A1_0.46_P_19/inp026.err for more details.
ERROR in MURE::WriteMaterial(ostream &Out)
	 Some nuclei have troubles, see transcript U5_1.3_8_94_P6_0.027_8_0.16_9_2.2_0_1.1_1_0.37_2_0.45_A1_0.46_P_19/inp026.err for more details.
ERROR in MURE::BuildMCNPFile
	 Some nuclei have troubles, see transcript U5_1.3_8_94_P6_0.027_8_0.16_9_2.2_0_1.1_1_0.37_2_0.45_A1_0.46_P_19/inp027.err for more details.
ERROR in MURE::WriteMaterial(ostream &Out)
	 Some nuclei have troubles, see transcript U5_1.3_8_94_P6_0.027_8_0.16_9_2.2_0_1.1_1_0.37_2_0.45_A1_0.46_P_19/inp027.err for more details.
ERROR in MURE::BuildMCNPFile
	 Some nuclei have troubles, see transcript U5_1.3_8_94_P6_0.027_8_0.16_9_2.2_0_1.1_1_0.37_2_0.45_A1_0.46_P_19/inp028.err for more details.
ERROR in MURE::WriteMaterial(ostream &Out)
	 Some nuclei have troubles, see transcript U5_1.3_8_94_P6_0.027_8_0.16_9_2.2_0_1.1_1_0.37_2_0.45_A1_0.46_P_19/inp028.err for more details.
ERROR in MURE::BuildMCNPFile
	 Some nuclei have troubles, see transcript U5_1.3_8_94_P6_0.027_8_0.16_9_2.2_0_1.1_1_0.37_2_0.45_A1_0.46_P_19/inp029.err for more details.
ERROR in MURE::WriteMaterial(ostream &Out)
	 Some nuclei have troubles, see transcript U5_1.3_8_94_P6_0.027_8_0.16_9_2.2_0_1.1_1_0.37_2_0.45_A1_0.46_P_19/inp029.err for more details.
ERROR in MURE::BuildMCNPFile
	 Some nuclei have troubles, see transcript U5_1.3_8_94_P6_0.027_8_0.16_9_2.2_0_1.1_1_0.37_2_0.45_A1_0.46_P_19/inp030.err for more details.
ERROR in MURE::WriteMaterial(ostream &Out)
	 Some nuclei have troubles, see transcript U5_1.3_8_94_P6_0.027_8_0.16_9_2.2_0_1.1_1_0.37_2_0.45_A1_0.46_P_19/inp030.err for more details.
ERROR in MURE::BuildMCNPFile
	 Some nuclei have troubles, see transcript U5_1.3_8_94_P6_0.027_8_0.16_9_2.2_0_1.1_1_0.37_2_0.45_A1_0.46_P_19/inp031.err for more details.
ERROR in MURE::WriteMaterial(ostream &Out)
	 Some nuclei have troubles, see transcript U5_1.3_8_94_P6_0.027_8_0.16_9_2.2_0_1.1_1_0.37_2_0.45_A1_0.46_P_19/inp031.err for more details.
ERROR in MURE::BuildMCNPFile
	 Some nuclei have troubles, see transcript U5_1.3_8_94_P6_0.027_8_0.16_9_2.2_0_1.1_1_0.37_2_0.45_A1_0.46_P_19/inp032.err for more details.
ERROR in MURE::WriteMaterial(ostream &Out)
	 Some nuclei have troubles, see transcript U5_1.3_8_94_P6_0.027_8_0.16_9_2.2_0_1.1_1_0.37_2_0.45_A1_0.46_P_19/inp032.err for more details.
ERROR in MURE::BuildMCNPFile
	 Some nuclei have troubles, see transcript U5_1.3_8_94_P6_0.027_8_0.16_9_2.2_0_1.1_1_0.37_2_0.45_A1_0.46_P_19/inp033.err for more details.
ERROR in MURE::WriteMaterial(ostream &Out)
	 Some nuclei have troubles, see transcript U5_1.3_8_94_P6_0.027_8_0.16_9_2.2_0_1.1_1_0.37_2_0.45_A1_0.46_P_19/inp033.err for more details.
ERROR in MURE::BuildMCNPFile
	 Some nuclei have troubles, see transcript U5_1.3_8_94_P6_0.027_8_0.16_9_2.2_0_1.1_1_0.37_2_0.45_A1_0.46_P_19/inp034.err for more details.
ERROR in MURE::WriteMaterial(ostream &Out)
	 Some nuclei have troubles, see transcript U5_1.3_8_94_P6_0.027_8_0.16_9_2.2_0_1.1_1_0.37_2_0.45_A1_0.46_P_19/inp034.err for more details.
ERROR in MURE::BuildMCNPFile
	 Some nuclei have troubles, see transcript U5_1.3_8_94_P6_0.027_8_0.16_9_2.2_0_1.1_1_0.37_2_0.45_A1_0.46_P_19/inp035.err for more details.
ERROR in MURE::WriteMaterial(ostream &Out)
	 Some nuclei have troubles, see transcript U5_1.3_8_94_P6_0.027_8_0.16_9_2.2_0_1.1_1_0.37_2_0.45_A1_0.46_P_19/inp035.err for more details.
ERROR in MURE::BuildMCNPFile
	 Some nuclei have troubles, see transcript U5_1.3_8_94_P6_0.027_8_0.16_9_2.2_0_1.1_1_0.37_2_0.45_A1_0.46_P_19/inp036.err for more details.
ERROR in MURE::WriteMaterial(ostream &Out)
	 Some nuclei have troubles, see transcript U5_1.3_8_94_P6_0.027_8_0.16_9_2.2_0_1.1_1_0.37_2_0.45_A1_0.46_P_19/inp036.err for more details.
ERROR in MURE::BuildMCNPFile
	 Some nuclei have troubles, see transcript U5_1.3_8_94_P6_0.027_8_0.16_9_2.2_0_1.1_1_0.37_2_0.45_A1_0.46_P_19/inp037.err for more details.
ERROR in MURE::WriteMaterial(ostream &Out)
	 Some nuclei have troubles, see transcript U5_1.3_8_94_P6_0.027_8_0.16_9_2.2_0_1.1_1_0.37_2_0.45_A1_0.46_P_19/inp037.err for more details.
ERROR in MURE::BuildMCNPFile
	 Some nuclei have troubles, see transcript U5_1.3_8_94_P6_0.027_8_0.16_9_2.2_0_1.1_1_0.37_2_0.45_A1_0.46_P_19/inp038.err for more details.
ERROR in MURE::WriteMaterial(ostream &Out)
	 Some nuclei have troubles, see transcript U5_1.3_8_94_P6_0.027_8_0.16_9_2.2_0_1.1_1_0.37_2_0.45_A1_0.46_P_19/inp038.err for more details.
ERROR in MURE::BuildMCNPFile
	 Some nuclei have troubles, see transcript U5_1.3_8_94_P6_0.027_8_0.16_9_2.2_0_1.1_1_0.37_2_0.45_A1_0.46_P_19/inp039.err for more details.
ERROR in MURE::WriteMaterial(ostream &Out)
	 Some nuclei have troubles, see transcript U5_1.3_8_94_P6_0.027_8_0.16_9_2.2_0_1.1_1_0.37_2_0.45_A1_0.46_P_19/inp039.err for more details.
ERROR in MURE::BuildMCNPFile
	 Some nuclei have troubles, see transcript U5_1.3_8_94_P6_0.027_8_0.16_9_2.2_0_1.1_1_0.37_2_0.45_A1_0.46_P_19/inp040.err for more details.
ERROR in MURE::WriteMaterial(ostream &Out)
	 Some nuclei have troubles, see transcript U5_1.3_8_94_P6_0.027_8_0.16_9_2.2_0_1.1_1_0.37_2_0.45_A1_0.46_P_19/inp040.err for more details.
ERROR in MURE::BuildMCNPFile
	 Some nuclei have troubles, see transcript U5_1.3_8_94_P6_0.027_8_0.16_9_2.2_0_1.1_1_0.37_2_0.45_A1_0.46_P_19/inp041.err for more details.
ERROR in MURE::WriteMaterial(ostream &Out)
	 Some nuclei have troubles, see transcript U5_1.3_8_94_P6_0.027_8_0.16_9_2.2_0_1.1_1_0.37_2_0.45_A1_0.46_P_19/inp041.err for more details.
ERROR in MURE::BuildMCNPFile
	 Some nuclei have troubles, see transcript U5_1.3_8_94_P6_0.027_8_0.16_9_2.2_0_1.1_1_0.37_2_0.45_A1_0.46_P_19/inp042.err for more details.
ERROR in MURE::WriteMaterial(ostream &Out)
	 Some nuclei have troubles, see transcript U5_1.3_8_94_P6_0.027_8_0.16_9_2.2_0_1.1_1_0.37_2_0.45_A1_0.46_P_19/inp042.err for more details.
ERROR in MURE::BuildMCNPFile
	 Some nuclei have troubles, see transcript U5_1.3_8_94_P6_0.027_8_0.16_9_2.2_0_1.1_1_0.37_2_0.45_A1_0.46_P_19/inp043.err for more details.
ERROR in MURE::WriteMaterial(ostream &Out)
	 Some nuclei have troubles, see transcript U5_1.3_8_94_P6_0.027_8_0.16_9_2.2_0_1.1_1_0.37_2_0.45_A1_0.46_P_19/inp043.err for more details.
ERROR in MURE::BuildMCNPFile
	 Some nuclei have troubles, see transcript U5_1.3_8_94_P6_0.027_8_0.16_9_2.2_0_1.1_1_0.37_2_0.45_A1_0.46_P_19/inp044.err for more details.
ERROR in MURE::WriteMaterial(ostream &Out)
	 Some nuclei have troubles, see transcript U5_1.3_8_94_P6_0.027_8_0.16_9_2.2_0_1.1_1_0.37_2_0.45_A1_0.46_P_19/inp044.err for more details.
ERROR in MURE::BuildMCNPFile
	 Some nuclei have troubles, see transcript U5_1.3_8_94_P6_0.027_8_0.16_9_2.2_0_1.1_1_0.37_2_0.45_A1_0.46_P_19/inp045.err for more details.
ERROR in MURE::WriteMaterial(ostream &Out)
	 Some nuclei have troubles, see transcript U5_1.3_8_94_P6_0.027_8_0.16_9_2.2_0_1.1_1_0.37_2_0.45_A1_0.46_P_19/inp045.err for more details.
ERROR in MURE::BuildMCNPFile
	 Some nuclei have troubles, see transcript U5_1.3_8_94_P6_0.027_8_0.16_9_2.2_0_1.1_1_0.37_2_0.45_A1_0.46_P_19/inp046.err for more details.
ERROR in MURE::WriteMaterial(ostream &Out)
	 Some nuclei have troubles, see transcript U5_1.3_8_94_P6_0.027_8_0.16_9_2.2_0_1.1_1_0.37_2_0.45_A1_0.46_P_19/inp046.err for more details.
ERROR in MURE::BuildMCNPFile
	 Some nuclei have troubles, see transcript U5_1.3_8_94_P6_0.027_8_0.16_9_2.2_0_1.1_1_0.37_2_0.45_A1_0.46_P_19/inp047.err for more details.
ERROR in MURE::WriteMaterial(ostream &Out)
	 Some nuclei have troubles, see transcript U5_1.3_8_94_P6_0.027_8_0.16_9_2.2_0_1.1_1_0.37_2_0.45_A1_0.46_P_19/inp047.err for more details.
ERROR in MURE::BuildMCNPFile
	 Some nuclei have troubles, see transcript U5_1.3_8_94_P6_0.027_8_0.16_9_2.2_0_1.1_1_0.37_2_0.45_A1_0.46_P_19/inp048.err for more details.
ERROR in MURE::WriteMaterial(ostream &Out)
	 Some nuclei have troubles, see transcript U5_1.3_8_94_P6_0.027_8_0.16_9_2.2_0_1.1_1_0.37_2_0.45_A1_0.46_P_19/inp048.err for more details.
ERROR in MURE::BuildMCNPFile
	 Some nuclei have troubles, see transcript U5_1.3_8_94_P6_0.027_8_0.16_9_2.2_0_1.1_1_0.37_2_0.45_A1_0.46_P_19/inp049.err for more details.
ERROR in MURE::WriteMaterial(ostream &Out)
	 Some nuclei have troubles, see transcript U5_1.3_8_94_P6_0.027_8_0.16_9_2.2_0_1.1_1_0.37_2_0.45_A1_0.46_P_19/inp049.err for more details.
ERROR in MURE::BuildMCNPFile
	 Some nuclei have troubles, see transcript U5_1.3_8_94_P6_0.027_8_0.16_9_2.2_0_1.1_1_0.37_2_0.45_A1_0.46_P_19/inp050.err for more details.
ERROR in MURE::WriteMaterial(ostream &Out)
	 Some nuclei have troubles, see transcript U5_1.3_8_94_P6_0.027_8_0.16_9_2.2_0_1.1_1_0.37_2_0.45_A1_0.46_P_19/inp050.err for more details.
ERROR in MURE::BuildMCNPFile
	 Some nuclei have troubles, see transcript U5_1.3_8_94_P6_0.027_8_0.16_9_2.2_0_1.1_1_0.37_2_0.45_A1_0.46_P_19/inp051.err for more details.
ERROR in MURE::WriteMaterial(ostream &Out)
	 Some nuclei have troubles, see transcript U5_1.3_8_94_P6_0.027_8_0.16_9_2.2_0_1.1_1_0.37_2_0.45_A1_0.46_P_19/inp051.err for more details.
ERROR in MURE::BuildMCNPFile
	 Some nuclei have troubles, see transcript U5_1.3_8_94_P6_0.027_8_0.16_9_2.2_0_1.1_1_0.37_2_0.45_A1_0.46_P_19/inp052.err for more details.
ERROR in MURE::WriteMaterial(ostream &Out)
	 Some nuclei have troubles, see transcript U5_1.3_8_94_P6_0.027_8_0.16_9_2.2_0_1.1_1_0.37_2_0.45_A1_0.46_P_19/inp052.err for more details.
ERROR in MURE::BuildMCNPFile
	 Some nuclei have troubles, see transcript U5_1.3_8_94_P6_0.027_8_0.16_9_2.2_0_1.1_1_0.37_2_0.45_A1_0.46_P_19/inp053.err for more details.
ERROR in MURE::WriteMaterial(ostream &Out)
	 Some nuclei have troubles, see transcript U5_1.3_8_94_P6_0.027_8_0.16_9_2.2_0_1.1_1_0.37_2_0.45_A1_0.46_P_19/inp053.err for more details.
ERROR in MURE::BuildMCNPFile
	 Some nuclei have troubles, see transcript U5_1.3_8_94_P6_0.027_8_0.16_9_2.2_0_1.1_1_0.37_2_0.45_A1_0.46_P_19/inp054.err for more details.
ERROR in MURE::WriteMaterial(ostream &Out)
	 Some nuclei have troubles, see transcript U5_1.3_8_94_P6_0.027_8_0.16_9_2.2_0_1.1_1_0.37_2_0.45_A1_0.46_P_19/inp054.err for more details.
ERROR in MURE::BuildMCNPFile
	 Some nuclei have troubles, see transcript U5_1.3_8_94_P6_0.027_8_0.16_9_2.2_0_1.1_1_0.37_2_0.45_A1_0.46_P_19/inp055.err for more details.
ERROR in MURE::WriteMaterial(ostream &Out)
	 Some nuclei have troubles, see transcript U5_1.3_8_94_P6_0.027_8_0.16_9_2.2_0_1.1_1_0.37_2_0.45_A1_0.46_P_19/inp055.err for more details.
ERROR in MURE::BuildMCNPFile
	 Some nuclei have troubles, see transcript U5_1.3_8_94_P6_0.027_8_0.16_9_2.2_0_1.1_1_0.37_2_0.45_A1_0.46_P_19/inp056.err for more details.
ERROR in MURE::WriteMaterial(ostream &Out)
	 Some nuclei have troubles, see transcript U5_1.3_8_94_P6_0.027_8_0.16_9_2.2_0_1.1_1_0.37_2_0.45_A1_0.46_P_19/inp056.err for more details.
ERROR in MURE::BuildMCNPFile
	 Some nuclei have troubles, see transcript U5_1.3_8_94_P6_0.027_8_0.16_9_2.2_0_1.1_1_0.37_2_0.45_A1_0.46_P_19/inp057.err for more details.
ERROR in MURE::WriteMaterial(ostream &Out)
	 Some nuclei have troubles, see transcript U5_1.3_8_94_P6_0.027_8_0.16_9_2.2_0_1.1_1_0.37_2_0.45_A1_0.46_P_19/inp057.err for more details.
ERROR in MURE::BuildMCNPFile
	 Some nuclei have troubles, see transcript U5_1.3_8_94_P6_0.027_8_0.16_9_2.2_0_1.1_1_0.37_2_0.45_A1_0.46_P_19/inp058.err for more details.
ERROR in MURE::WriteMaterial(ostream &Out)
	 Some nuclei have troubles, see transcript U5_1.3_8_94_P6_0.027_8_0.16_9_2.2_0_1.1_1_0.37_2_0.45_A1_0.46_P_19/inp058.err for more details.
ERROR in MURE::BuildMCNPFile
	 Some nuclei have troubles, see transcript U5_1.3_8_94_P6_0.027_8_0.16_9_2.2_0_1.1_1_0.37_2_0.45_A1_0.46_P_19/inp059.err for more details.
ERROR in MURE::WriteMaterial(ostream &Out)
	 Some nuclei have troubles, see transcript U5_1.3_8_94_P6_0.027_8_0.16_9_2.2_0_1.1_1_0.37_2_0.45_A1_0.46_P_19/inp059.err for more details.
ERROR in MURE::BuildMCNPFile
	 Some nuclei have troubles, see transcript U5_1.3_8_94_P6_0.027_8_0.16_9_2.2_0_1.1_1_0.37_2_0.45_A1_0.46_P_19/inp060.err for more details.
ERROR in MURE::WriteMaterial(ostream &Out)
	 Some nuclei have troubles, see transcript U5_1.3_8_94_P6_0.027_8_0.16_9_2.2_0_1.1_1_0.37_2_0.45_A1_0.46_P_19/inp060.err for more details.
ERROR in MURE::BuildMCNPFile
	 Some nuclei have troubles, see transcript U5_1.3_8_94_P6_0.027_8_0.16_9_2.2_0_1.1_1_0.37_2_0.45_A1_0.46_P_19/inp061.err for more details.
ERROR in MURE::WriteMaterial(ostream &Out)
	 Some nuclei have troubles, see transcript U5_1.3_8_94_P6_0.027_8_0.16_9_2.2_0_1.1_1_0.37_2_0.45_A1_0.46_P_19/inp061.err for more details.
ERROR in MURE::BuildMCNPFile
	 Some nuclei have troubles, see transcript U5_1.3_8_94_P6_0.027_8_0.16_9_2.2_0_1.1_1_0.37_2_0.45_A1_0.46_P_19/inp062.err for more details.
ERROR in MURE::WriteMaterial(ostream &Out)
	 Some nuclei have troubles, see transcript U5_1.3_8_94_P6_0.027_8_0.16_9_2.2_0_1.1_1_0.37_2_0.45_A1_0.46_P_19/inp062.err for more details.
ERROR in MURE::BuildMCNPFile
	 Some nuclei have troubles, see transcript U5_1.3_8_94_P6_0.027_8_0.16_9_2.2_0_1.1_1_0.37_2_0.45_A1_0.46_P_19/inp063.err for more details.
ERROR in MURE::WriteMaterial(ostream &Out)
	 Some nuclei have troubles, see transcript U5_1.3_8_94_P6_0.027_8_0.16_9_2.2_0_1.1_1_0.37_2_0.45_A1_0.46_P_19/inp063.err for more details.
ERROR in MURE::BuildMCNPFile
	 Some nuclei have troubles, see transcript U5_1.3_8_94_P6_0.027_8_0.16_9_2.2_0_1.1_1_0.37_2_0.45_A1_0.46_P_19/inp064.err for more details.
ERROR in MURE::WriteMaterial(ostream &Out)
	 Some nuclei have troubles, see transcript U5_1.3_8_94_P6_0.027_8_0.16_9_2.2_0_1.1_1_0.37_2_0.45_A1_0.46_P_19/inp064.err for more details.
ERROR in MURE::BuildMCNPFile
	 Some nuclei have troubles, see transcript U5_1.3_8_94_P6_0.027_8_0.16_9_2.2_0_1.1_1_0.37_2_0.45_A1_0.46_P_19/inp065.err for more details.
ERROR in MURE::WriteMaterial(ostream &Out)
	 Some nuclei have troubles, see transcript U5_1.3_8_94_P6_0.027_8_0.16_9_2.2_0_1.1_1_0.37_2_0.45_A1_0.46_P_19/inp065.err for more details.
ERROR in MURE::BuildMCNPFile
	 Some nuclei have troubles, see transcript U5_1.3_8_94_P6_0.027_8_0.16_9_2.2_0_1.1_1_0.37_2_0.45_A1_0.46_P_19/inp066.err for more details.
ERROR in MURE::WriteMaterial(ostream &Out)
	 Some nuclei have troubles, see transcript U5_1.3_8_94_P6_0.027_8_0.16_9_2.2_0_1.1_1_0.37_2_0.45_A1_0.46_P_19/inp066.err for more details.
ERROR in MURE::BuildMCNPFile
	 Some nuclei have troubles, see transcript U5_1.3_8_94_P6_0.027_8_0.16_9_2.2_0_1.1_1_0.37_2_0.45_A1_0.46_P_19/inp067.err for more details.
ERROR in MURE::WriteMaterial(ostream &Out)
	 Some nuclei have troubles, see transcript U5_1.3_8_94_P6_0.027_8_0.16_9_2.2_0_1.1_1_0.37_2_0.45_A1_0.46_P_19/inp067.err for more details.
ERROR in MURE::BuildMCNPFile
	 Some nuclei have troubles, see transcript U5_1.3_8_94_P6_0.027_8_0.16_9_2.2_0_1.1_1_0.37_2_0.45_A1_0.46_P_19/inp068.err for more details.
ERROR in MURE::WriteMaterial(ostream &Out)
	 Some nuclei have troubles, see transcript U5_1.3_8_94_P6_0.027_8_0.16_9_2.2_0_1.1_1_0.37_2_0.45_A1_0.46_P_19/inp068.err for more details.
ERROR in MURE::BuildMCNPFile
	 Some nuclei have troubles, see transcript U5_1.3_8_94_P6_0.027_8_0.16_9_2.2_0_1.1_1_0.37_2_0.45_A1_0.46_P_19/inp069.err for more details.
ERROR in MURE::WriteMaterial(ostream &Out)
	 Some nuclei have troubles, see transcript U5_1.3_8_94_P6_0.027_8_0.16_9_2.2_0_1.1_1_0.37_2_0.45_A1_0.46_P_19/inp069.err for more details.
ERROR in MURE::BuildMCNPFile
	 Some nuclei have troubles, see transcript U5_1.3_8_94_P6_0.027_8_0.16_9_2.2_0_1.1_1_0.37_2_0.45_A1_0.46_P_19/inp070.err for more details.
ERROR in MURE::WriteMaterial(ostream &Out)
	 Some nuclei have troubles, see transcript U5_1.3_8_94_P6_0.027_8_0.16_9_2.2_0_1.1_1_0.37_2_0.45_A1_0.46_P_19/inp070.err for more details.
ERROR in MURE::BuildMCNPFile
	 Some nuclei have troubles, see transcript U5_1.3_8_94_P6_0.027_8_0.16_9_2.2_0_1.1_1_0.37_2_0.45_A1_0.46_P_19/inp071.err for more details.
ERROR in MURE::WriteMaterial(ostream &Out)
	 Some nuclei have troubles, see transcript U5_1.3_8_94_P6_0.027_8_0.16_9_2.2_0_1.1_1_0.37_2_0.45_A1_0.46_P_19/inp071.err for more details.
ERROR in MURE::BuildMCNPFile
	 Some nuclei have troubles, see transcript U5_1.3_8_94_P6_0.027_8_0.16_9_2.2_0_1.1_1_0.37_2_0.45_A1_0.46_P_19/inp072.err for more details.
ERROR in MURE::WriteMaterial(ostream &Out)
	 Some nuclei have troubles, see transcript U5_1.3_8_94_P6_0.027_8_0.16_9_2.2_0_1.1_1_0.37_2_0.45_A1_0.46_P_19/inp072.err for more details.
ERROR in MURE::BuildMCNPFile
	 Some nuclei have troubles, see transcript U5_1.3_8_94_P6_0.027_8_0.16_9_2.2_0_1.1_1_0.37_2_0.45_A1_0.46_P_19/inp073.err for more details.
ERROR in MURE::WriteMaterial(ostream &Out)
	 Some nuclei have troubles, see transcript U5_1.3_8_94_P6_0.027_8_0.16_9_2.2_0_1.1_1_0.37_2_0.45_A1_0.46_P_19/inp073.err for more details.
ERROR in MURE::BuildMCNPFile
	 Some nuclei have troubles, see transcript U5_1.3_8_94_P6_0.027_8_0.16_9_2.2_0_1.1_1_0.37_2_0.45_A1_0.46_P_19/inp074.err for more details.
ERROR in MURE::WriteMaterial(ostream &Out)
	 Some nuclei have troubles, see transcript U5_1.3_8_94_P6_0.027_8_0.16_9_2.2_0_1.1_1_0.37_2_0.45_A1_0.46_P_19/inp074.err for more details.
ERROR in MURE::BuildMCNPFile
	 Some nuclei have troubles, see transcript U5_1.3_8_94_P6_0.027_8_0.16_9_2.2_0_1.1_1_0.37_2_0.45_A1_0.46_P_19/inp075.err for more details.
ERROR in MURE::WriteMaterial(ostream &Out)
	 Some nuclei have troubles, see transcript U5_1.3_8_94_P6_0.027_8_0.16_9_2.2_0_1.1_1_0.37_2_0.45_A1_0.46_P_19/inp075.err for more details.
ERROR in MURE::BuildMCNPFile
	 Some nuclei have troubles, see transcript U5_1.3_8_94_P6_0.027_8_0.16_9_2.2_0_1.1_1_0.37_2_0.45_A1_0.46_P_19/inp076.err for more details.
ERROR in MURE::WriteMaterial(ostream &Out)
	 Some nuclei have troubles, see transcript U5_1.3_8_94_P6_0.027_8_0.16_9_2.2_0_1.1_1_0.37_2_0.45_A1_0.46_P_19/inp076.err for more details.
ERROR in MURE::BuildMCNPFile
	 Some nuclei have troubles, see transcript U5_1.3_8_94_P6_0.027_8_0.16_9_2.2_0_1.1_1_0.37_2_0.45_A1_0.46_P_19/inp077.err for more details.
ERROR in MURE::WriteMaterial(ostream &Out)
	 Some nuclei have troubles, see transcript U5_1.3_8_94_P6_0.027_8_0.16_9_2.2_0_1.1_1_0.37_2_0.45_A1_0.46_P_19/inp077.err for more details.
ERROR in MURE::BuildMCNPFile
	 Some nuclei have troubles, see transcript U5_1.3_8_94_P6_0.027_8_0.16_9_2.2_0_1.1_1_0.37_2_0.45_A1_0.46_P_19/inp078.err for more details.
ERROR in MURE::WriteMaterial(ostream &Out)
	 Some nuclei have troubles, see transcript U5_1.3_8_94_P6_0.027_8_0.16_9_2.2_0_1.1_1_0.37_2_0.45_A1_0.46_P_19/inp078.err for more details.
ERROR in MURE::BuildMCNPFile
	 Some nuclei have troubles, see transcript U5_1.3_8_94_P6_0.027_8_0.16_9_2.2_0_1.1_1_0.37_2_0.45_A1_0.46_P_19/inp079.err for more details.
ERROR in MURE::WriteMaterial(ostream &Out)
	 Some nuclei have troubles, see transcript U5_1.3_8_94_P6_0.027_8_0.16_9_2.2_0_1.1_1_0.37_2_0.45_A1_0.46_P_19/inp079.err for more details.
* About to connect() to ftp.box.com port 21 (#0)
*   Trying 107.152.25.220... connected
* Connected to ftp.box.com (107.152.25.220) port 21 (#0)
< 220 Service ready for new user.
> AUTH SSL
< 234 Command AUTH okay; starting SSL connection.
* Initializing NSS with certpath: sql:/etc/pki/nssdb
*   CAfile: /etc/pki/tls/certs/ca-bundle.crt
  CApath: none
* SSL connection using TLS_RSA_WITH_AES_128_CBC_SHA
* Server certificate:
* 	subject: CN=*.box.com,O="Box, Inc.",L=Los Altos,ST=California,C=US
* 	start date: Nov 13 19:22:20 2014 GMT
* 	expire date: Oct 23 02:42:03 2017 GMT
* 	common name: *.box.com
* 	issuer: CN=GeoTrust SSL CA - G4,O=GeoTrust Inc.,C=US
> USER mouginot@wisc.edu
< 331 User name okay, need password for mouginot@wisc.edu.
> PASS line150782
< 230 User logged in, proceed.
> PBSZ 0
< 200 Command PBSZ okay.
> PROT P
< 200 Command PROT okay.
> PWD
< 257 "/" is current directory.
* Entry path is '/'
> CWD MODEL_DATA
< 250 Directory changed to /MODEL_DATA
> CWD PWR_TRU_MOX_PSPEC
< 250 Directory changed to /MODEL_DATA/PWR_TRU_MOX_PSPEC
> CWD 1000
< 250 Directory changed to /MODEL_DATA/PWR_TRU_MOX_PSPEC/1000
> PASV
* Connect data stream passively
< 227 Entering Passive Mode (107,152,25,220,90,192)
* Skips 107.152.25.220 for data connection, uses 107.152.25.220 instead
*   Trying 107.152.25.220... connected
* Connecting to 107.152.25.220 (107.152.25.220) port 23232
> TYPE I
< 200 Command TYPE okay.
> STOR 305_raw.tar.gz
< 150 File status okay; about to open data connection.
* Doing the SSL/TLS handshake on the data stream
*   CAfile: /etc/pki/tls/certs/ca-bundle.crt
  CApath: none
* SSL connection using TLS_RSA_WITH_AES_128_CBC_SHA
* Server certificate:
* 	subject: CN=*.box.com,O="Box, Inc.",L=Los Altos,ST=California,C=US
* 	start date: Nov 13 19:22:20 2014 GMT
* 	expire date: Oct 23 02:42:03 2017 GMT
* 	common name: *.box.com
* 	issuer: CN=GeoTrust SSL CA - G4,O=GeoTrust Inc.,C=US
} [data not shown]
  % Total    % Received % Xferd  Average Speed   Time    Time     Time  Current
                                 Dload  Upload   Total   Spent    Left  Speed
  0 43.6M    0     0    0 16384      0   3492  3:38:13  0:00:04  3:38:09  3492  0 43.6M    0     0    0  240k      0  48825  0:15:36  0:00:05  0:15:31  653k  9 43.6M    0     0    9 4032k      0   671k  0:01:06  0:00:06  0:01:00 3051k 24 43.6M    0     0   24 10.6M      0  1554k  0:00:28  0:00:06  0:00:22 4720k 45 43.6M    0     0   45 19.8M      0  2549k  0:00:17  0:00:07  0:00:10 6169k 80 43.6M    0     0   80 35.1M      0  4006k  0:00:11  0:00:08  0:00:03 8376k* Remembering we are in dir "MODEL_DATA/PWR_TRU_MOX_PSPEC/1000/"
< 226 Transfer complete.
100 43.6M    0     0  100 43.6M      0  4392k  0:00:10  0:00:10 --:--:-- 8653k* Connection #0 to host ftp.box.com left intact

> QUIT
< 221 Goodbye.
* Closing connection #0
