ERROR in MURE::BuildXSDIR()
	 Some nuclei have troubles, see transcript U5_1.5_8_83_P6_0.4_8_0.12_9_6.2_0_4.4_1_2.8_2_1.4_A1_0.11_P_11/inp000.err for more details.
ERROR in MURE::BuildMCNPFile
	 Some nuclei have troubles, see transcript U5_1.5_8_83_P6_0.4_8_0.12_9_6.2_0_4.4_1_2.8_2_1.4_A1_0.11_P_11/inp000.err for more details.
ERROR in MURE::WriteMaterial(ostream &Out)
	 Some nuclei have troubles, see transcript U5_1.5_8_83_P6_0.4_8_0.12_9_6.2_0_4.4_1_2.8_2_1.4_A1_0.11_P_11/inp000.err for more details.
ERROR in MURE::BuildMCNPFile
	 Some nuclei have troubles, see transcript U5_1.5_8_83_P6_0.4_8_0.12_9_6.2_0_4.4_1_2.8_2_1.4_A1_0.11_P_11/inp001.err for more details.
ERROR in MURE::WriteMaterial(ostream &Out)
	 Some nuclei have troubles, see transcript U5_1.5_8_83_P6_0.4_8_0.12_9_6.2_0_4.4_1_2.8_2_1.4_A1_0.11_P_11/inp001.err for more details.
ERROR in MURE::BuildMCNPFile
	 Some nuclei have troubles, see transcript U5_1.5_8_83_P6_0.4_8_0.12_9_6.2_0_4.4_1_2.8_2_1.4_A1_0.11_P_11/inp002.err for more details.
ERROR in MURE::WriteMaterial(ostream &Out)
	 Some nuclei have troubles, see transcript U5_1.5_8_83_P6_0.4_8_0.12_9_6.2_0_4.4_1_2.8_2_1.4_A1_0.11_P_11/inp002.err for more details.
ERROR in MURE::BuildMCNPFile
	 Some nuclei have troubles, see transcript U5_1.5_8_83_P6_0.4_8_0.12_9_6.2_0_4.4_1_2.8_2_1.4_A1_0.11_P_11/inp003.err for more details.
ERROR in MURE::WriteMaterial(ostream &Out)
	 Some nuclei have troubles, see transcript U5_1.5_8_83_P6_0.4_8_0.12_9_6.2_0_4.4_1_2.8_2_1.4_A1_0.11_P_11/inp003.err for more details.
ERROR in MURE::BuildMCNPFile
	 Some nuclei have troubles, see transcript U5_1.5_8_83_P6_0.4_8_0.12_9_6.2_0_4.4_1_2.8_2_1.4_A1_0.11_P_11/inp004.err for more details.
ERROR in MURE::WriteMaterial(ostream &Out)
	 Some nuclei have troubles, see transcript U5_1.5_8_83_P6_0.4_8_0.12_9_6.2_0_4.4_1_2.8_2_1.4_A1_0.11_P_11/inp004.err for more details.
ERROR in MURE::BuildMCNPFile
	 Some nuclei have troubles, see transcript U5_1.5_8_83_P6_0.4_8_0.12_9_6.2_0_4.4_1_2.8_2_1.4_A1_0.11_P_11/inp005.err for more details.
ERROR in MURE::WriteMaterial(ostream &Out)
	 Some nuclei have troubles, see transcript U5_1.5_8_83_P6_0.4_8_0.12_9_6.2_0_4.4_1_2.8_2_1.4_A1_0.11_P_11/inp005.err for more details.
ERROR in MURE::BuildMCNPFile
	 Some nuclei have troubles, see transcript U5_1.5_8_83_P6_0.4_8_0.12_9_6.2_0_4.4_1_2.8_2_1.4_A1_0.11_P_11/inp006.err for more details.
ERROR in MURE::WriteMaterial(ostream &Out)
	 Some nuclei have troubles, see transcript U5_1.5_8_83_P6_0.4_8_0.12_9_6.2_0_4.4_1_2.8_2_1.4_A1_0.11_P_11/inp006.err for more details.
ERROR in MURE::BuildMCNPFile
	 Some nuclei have troubles, see transcript U5_1.5_8_83_P6_0.4_8_0.12_9_6.2_0_4.4_1_2.8_2_1.4_A1_0.11_P_11/inp007.err for more details.
ERROR in MURE::WriteMaterial(ostream &Out)
	 Some nuclei have troubles, see transcript U5_1.5_8_83_P6_0.4_8_0.12_9_6.2_0_4.4_1_2.8_2_1.4_A1_0.11_P_11/inp007.err for more details.
ERROR in MURE::BuildMCNPFile
	 Some nuclei have troubles, see transcript U5_1.5_8_83_P6_0.4_8_0.12_9_6.2_0_4.4_1_2.8_2_1.4_A1_0.11_P_11/inp008.err for more details.
ERROR in MURE::WriteMaterial(ostream &Out)
	 Some nuclei have troubles, see transcript U5_1.5_8_83_P6_0.4_8_0.12_9_6.2_0_4.4_1_2.8_2_1.4_A1_0.11_P_11/inp008.err for more details.
ERROR in MURE::BuildMCNPFile
	 Some nuclei have troubles, see transcript U5_1.5_8_83_P6_0.4_8_0.12_9_6.2_0_4.4_1_2.8_2_1.4_A1_0.11_P_11/inp009.err for more details.
ERROR in MURE::WriteMaterial(ostream &Out)
	 Some nuclei have troubles, see transcript U5_1.5_8_83_P6_0.4_8_0.12_9_6.2_0_4.4_1_2.8_2_1.4_A1_0.11_P_11/inp009.err for more details.
ERROR in MURE::BuildMCNPFile
	 Some nuclei have troubles, see transcript U5_1.5_8_83_P6_0.4_8_0.12_9_6.2_0_4.4_1_2.8_2_1.4_A1_0.11_P_11/inp010.err for more details.
ERROR in MURE::WriteMaterial(ostream &Out)
	 Some nuclei have troubles, see transcript U5_1.5_8_83_P6_0.4_8_0.12_9_6.2_0_4.4_1_2.8_2_1.4_A1_0.11_P_11/inp010.err for more details.
ERROR in MURE::BuildMCNPFile
	 Some nuclei have troubles, see transcript U5_1.5_8_83_P6_0.4_8_0.12_9_6.2_0_4.4_1_2.8_2_1.4_A1_0.11_P_11/inp011.err for more details.
ERROR in MURE::WriteMaterial(ostream &Out)
	 Some nuclei have troubles, see transcript U5_1.5_8_83_P6_0.4_8_0.12_9_6.2_0_4.4_1_2.8_2_1.4_A1_0.11_P_11/inp011.err for more details.
ERROR in MURE::BuildMCNPFile
	 Some nuclei have troubles, see transcript U5_1.5_8_83_P6_0.4_8_0.12_9_6.2_0_4.4_1_2.8_2_1.4_A1_0.11_P_11/inp012.err for more details.
ERROR in MURE::WriteMaterial(ostream &Out)
	 Some nuclei have troubles, see transcript U5_1.5_8_83_P6_0.4_8_0.12_9_6.2_0_4.4_1_2.8_2_1.4_A1_0.11_P_11/inp012.err for more details.
ERROR in MURE::BuildMCNPFile
	 Some nuclei have troubles, see transcript U5_1.5_8_83_P6_0.4_8_0.12_9_6.2_0_4.4_1_2.8_2_1.4_A1_0.11_P_11/inp013.err for more details.
ERROR in MURE::WriteMaterial(ostream &Out)
	 Some nuclei have troubles, see transcript U5_1.5_8_83_P6_0.4_8_0.12_9_6.2_0_4.4_1_2.8_2_1.4_A1_0.11_P_11/inp013.err for more details.
ERROR in MURE::BuildMCNPFile
	 Some nuclei have troubles, see transcript U5_1.5_8_83_P6_0.4_8_0.12_9_6.2_0_4.4_1_2.8_2_1.4_A1_0.11_P_11/inp014.err for more details.
ERROR in MURE::WriteMaterial(ostream &Out)
	 Some nuclei have troubles, see transcript U5_1.5_8_83_P6_0.4_8_0.12_9_6.2_0_4.4_1_2.8_2_1.4_A1_0.11_P_11/inp014.err for more details.
ERROR in MURE::BuildMCNPFile
	 Some nuclei have troubles, see transcript U5_1.5_8_83_P6_0.4_8_0.12_9_6.2_0_4.4_1_2.8_2_1.4_A1_0.11_P_11/inp015.err for more details.
ERROR in MURE::WriteMaterial(ostream &Out)
	 Some nuclei have troubles, see transcript U5_1.5_8_83_P6_0.4_8_0.12_9_6.2_0_4.4_1_2.8_2_1.4_A1_0.11_P_11/inp015.err for more details.
ERROR in MURE::BuildMCNPFile
	 Some nuclei have troubles, see transcript U5_1.5_8_83_P6_0.4_8_0.12_9_6.2_0_4.4_1_2.8_2_1.4_A1_0.11_P_11/inp016.err for more details.
ERROR in MURE::WriteMaterial(ostream &Out)
	 Some nuclei have troubles, see transcript U5_1.5_8_83_P6_0.4_8_0.12_9_6.2_0_4.4_1_2.8_2_1.4_A1_0.11_P_11/inp016.err for more details.
ERROR in MURE::BuildMCNPFile
	 Some nuclei have troubles, see transcript U5_1.5_8_83_P6_0.4_8_0.12_9_6.2_0_4.4_1_2.8_2_1.4_A1_0.11_P_11/inp017.err for more details.
ERROR in MURE::WriteMaterial(ostream &Out)
	 Some nuclei have troubles, see transcript U5_1.5_8_83_P6_0.4_8_0.12_9_6.2_0_4.4_1_2.8_2_1.4_A1_0.11_P_11/inp017.err for more details.
ERROR in MURE::BuildMCNPFile
	 Some nuclei have troubles, see transcript U5_1.5_8_83_P6_0.4_8_0.12_9_6.2_0_4.4_1_2.8_2_1.4_A1_0.11_P_11/inp018.err for more details.
ERROR in MURE::WriteMaterial(ostream &Out)
	 Some nuclei have troubles, see transcript U5_1.5_8_83_P6_0.4_8_0.12_9_6.2_0_4.4_1_2.8_2_1.4_A1_0.11_P_11/inp018.err for more details.
ERROR in MURE::BuildMCNPFile
	 Some nuclei have troubles, see transcript U5_1.5_8_83_P6_0.4_8_0.12_9_6.2_0_4.4_1_2.8_2_1.4_A1_0.11_P_11/inp019.err for more details.
ERROR in MURE::WriteMaterial(ostream &Out)
	 Some nuclei have troubles, see transcript U5_1.5_8_83_P6_0.4_8_0.12_9_6.2_0_4.4_1_2.8_2_1.4_A1_0.11_P_11/inp019.err for more details.
ERROR in MURE::BuildMCNPFile
	 Some nuclei have troubles, see transcript U5_1.5_8_83_P6_0.4_8_0.12_9_6.2_0_4.4_1_2.8_2_1.4_A1_0.11_P_11/inp020.err for more details.
ERROR in MURE::WriteMaterial(ostream &Out)
	 Some nuclei have troubles, see transcript U5_1.5_8_83_P6_0.4_8_0.12_9_6.2_0_4.4_1_2.8_2_1.4_A1_0.11_P_11/inp020.err for more details.
ERROR in MURE::BuildMCNPFile
	 Some nuclei have troubles, see transcript U5_1.5_8_83_P6_0.4_8_0.12_9_6.2_0_4.4_1_2.8_2_1.4_A1_0.11_P_11/inp021.err for more details.
ERROR in MURE::WriteMaterial(ostream &Out)
	 Some nuclei have troubles, see transcript U5_1.5_8_83_P6_0.4_8_0.12_9_6.2_0_4.4_1_2.8_2_1.4_A1_0.11_P_11/inp021.err for more details.
ERROR in MURE::BuildMCNPFile
	 Some nuclei have troubles, see transcript U5_1.5_8_83_P6_0.4_8_0.12_9_6.2_0_4.4_1_2.8_2_1.4_A1_0.11_P_11/inp022.err for more details.
ERROR in MURE::WriteMaterial(ostream &Out)
	 Some nuclei have troubles, see transcript U5_1.5_8_83_P6_0.4_8_0.12_9_6.2_0_4.4_1_2.8_2_1.4_A1_0.11_P_11/inp022.err for more details.
ERROR in MURE::BuildMCNPFile
	 Some nuclei have troubles, see transcript U5_1.5_8_83_P6_0.4_8_0.12_9_6.2_0_4.4_1_2.8_2_1.4_A1_0.11_P_11/inp023.err for more details.
ERROR in MURE::WriteMaterial(ostream &Out)
	 Some nuclei have troubles, see transcript U5_1.5_8_83_P6_0.4_8_0.12_9_6.2_0_4.4_1_2.8_2_1.4_A1_0.11_P_11/inp023.err for more details.
ERROR in MURE::BuildMCNPFile
	 Some nuclei have troubles, see transcript U5_1.5_8_83_P6_0.4_8_0.12_9_6.2_0_4.4_1_2.8_2_1.4_A1_0.11_P_11/inp024.err for more details.
ERROR in MURE::WriteMaterial(ostream &Out)
	 Some nuclei have troubles, see transcript U5_1.5_8_83_P6_0.4_8_0.12_9_6.2_0_4.4_1_2.8_2_1.4_A1_0.11_P_11/inp024.err for more details.
ERROR in MURE::BuildMCNPFile
	 Some nuclei have troubles, see transcript U5_1.5_8_83_P6_0.4_8_0.12_9_6.2_0_4.4_1_2.8_2_1.4_A1_0.11_P_11/inp025.err for more details.
ERROR in MURE::WriteMaterial(ostream &Out)
	 Some nuclei have troubles, see transcript U5_1.5_8_83_P6_0.4_8_0.12_9_6.2_0_4.4_1_2.8_2_1.4_A1_0.11_P_11/inp025.err for more details.
ERROR in MURE::BuildMCNPFile
	 Some nuclei have troubles, see transcript U5_1.5_8_83_P6_0.4_8_0.12_9_6.2_0_4.4_1_2.8_2_1.4_A1_0.11_P_11/inp026.err for more details.
ERROR in MURE::WriteMaterial(ostream &Out)
	 Some nuclei have troubles, see transcript U5_1.5_8_83_P6_0.4_8_0.12_9_6.2_0_4.4_1_2.8_2_1.4_A1_0.11_P_11/inp026.err for more details.
ERROR in MURE::BuildMCNPFile
	 Some nuclei have troubles, see transcript U5_1.5_8_83_P6_0.4_8_0.12_9_6.2_0_4.4_1_2.8_2_1.4_A1_0.11_P_11/inp027.err for more details.
ERROR in MURE::WriteMaterial(ostream &Out)
	 Some nuclei have troubles, see transcript U5_1.5_8_83_P6_0.4_8_0.12_9_6.2_0_4.4_1_2.8_2_1.4_A1_0.11_P_11/inp027.err for more details.
ERROR in MURE::BuildMCNPFile
	 Some nuclei have troubles, see transcript U5_1.5_8_83_P6_0.4_8_0.12_9_6.2_0_4.4_1_2.8_2_1.4_A1_0.11_P_11/inp028.err for more details.
ERROR in MURE::WriteMaterial(ostream &Out)
	 Some nuclei have troubles, see transcript U5_1.5_8_83_P6_0.4_8_0.12_9_6.2_0_4.4_1_2.8_2_1.4_A1_0.11_P_11/inp028.err for more details.
ERROR in MURE::BuildMCNPFile
	 Some nuclei have troubles, see transcript U5_1.5_8_83_P6_0.4_8_0.12_9_6.2_0_4.4_1_2.8_2_1.4_A1_0.11_P_11/inp029.err for more details.
ERROR in MURE::WriteMaterial(ostream &Out)
	 Some nuclei have troubles, see transcript U5_1.5_8_83_P6_0.4_8_0.12_9_6.2_0_4.4_1_2.8_2_1.4_A1_0.11_P_11/inp029.err for more details.
ERROR in MURE::BuildMCNPFile
	 Some nuclei have troubles, see transcript U5_1.5_8_83_P6_0.4_8_0.12_9_6.2_0_4.4_1_2.8_2_1.4_A1_0.11_P_11/inp030.err for more details.
ERROR in MURE::WriteMaterial(ostream &Out)
	 Some nuclei have troubles, see transcript U5_1.5_8_83_P6_0.4_8_0.12_9_6.2_0_4.4_1_2.8_2_1.4_A1_0.11_P_11/inp030.err for more details.
ERROR in MURE::BuildMCNPFile
	 Some nuclei have troubles, see transcript U5_1.5_8_83_P6_0.4_8_0.12_9_6.2_0_4.4_1_2.8_2_1.4_A1_0.11_P_11/inp031.err for more details.
ERROR in MURE::WriteMaterial(ostream &Out)
	 Some nuclei have troubles, see transcript U5_1.5_8_83_P6_0.4_8_0.12_9_6.2_0_4.4_1_2.8_2_1.4_A1_0.11_P_11/inp031.err for more details.
ERROR in MURE::BuildMCNPFile
	 Some nuclei have troubles, see transcript U5_1.5_8_83_P6_0.4_8_0.12_9_6.2_0_4.4_1_2.8_2_1.4_A1_0.11_P_11/inp032.err for more details.
ERROR in MURE::WriteMaterial(ostream &Out)
	 Some nuclei have troubles, see transcript U5_1.5_8_83_P6_0.4_8_0.12_9_6.2_0_4.4_1_2.8_2_1.4_A1_0.11_P_11/inp032.err for more details.
ERROR in MURE::BuildMCNPFile
	 Some nuclei have troubles, see transcript U5_1.5_8_83_P6_0.4_8_0.12_9_6.2_0_4.4_1_2.8_2_1.4_A1_0.11_P_11/inp033.err for more details.
ERROR in MURE::WriteMaterial(ostream &Out)
	 Some nuclei have troubles, see transcript U5_1.5_8_83_P6_0.4_8_0.12_9_6.2_0_4.4_1_2.8_2_1.4_A1_0.11_P_11/inp033.err for more details.
ERROR in MURE::BuildMCNPFile
	 Some nuclei have troubles, see transcript U5_1.5_8_83_P6_0.4_8_0.12_9_6.2_0_4.4_1_2.8_2_1.4_A1_0.11_P_11/inp034.err for more details.
ERROR in MURE::WriteMaterial(ostream &Out)
	 Some nuclei have troubles, see transcript U5_1.5_8_83_P6_0.4_8_0.12_9_6.2_0_4.4_1_2.8_2_1.4_A1_0.11_P_11/inp034.err for more details.
ERROR in MURE::BuildMCNPFile
	 Some nuclei have troubles, see transcript U5_1.5_8_83_P6_0.4_8_0.12_9_6.2_0_4.4_1_2.8_2_1.4_A1_0.11_P_11/inp035.err for more details.
ERROR in MURE::WriteMaterial(ostream &Out)
	 Some nuclei have troubles, see transcript U5_1.5_8_83_P6_0.4_8_0.12_9_6.2_0_4.4_1_2.8_2_1.4_A1_0.11_P_11/inp035.err for more details.
ERROR in MURE::BuildMCNPFile
	 Some nuclei have troubles, see transcript U5_1.5_8_83_P6_0.4_8_0.12_9_6.2_0_4.4_1_2.8_2_1.4_A1_0.11_P_11/inp036.err for more details.
ERROR in MURE::WriteMaterial(ostream &Out)
	 Some nuclei have troubles, see transcript U5_1.5_8_83_P6_0.4_8_0.12_9_6.2_0_4.4_1_2.8_2_1.4_A1_0.11_P_11/inp036.err for more details.
ERROR in MURE::BuildMCNPFile
	 Some nuclei have troubles, see transcript U5_1.5_8_83_P6_0.4_8_0.12_9_6.2_0_4.4_1_2.8_2_1.4_A1_0.11_P_11/inp037.err for more details.
ERROR in MURE::WriteMaterial(ostream &Out)
	 Some nuclei have troubles, see transcript U5_1.5_8_83_P6_0.4_8_0.12_9_6.2_0_4.4_1_2.8_2_1.4_A1_0.11_P_11/inp037.err for more details.
ERROR in MURE::BuildMCNPFile
	 Some nuclei have troubles, see transcript U5_1.5_8_83_P6_0.4_8_0.12_9_6.2_0_4.4_1_2.8_2_1.4_A1_0.11_P_11/inp038.err for more details.
ERROR in MURE::WriteMaterial(ostream &Out)
	 Some nuclei have troubles, see transcript U5_1.5_8_83_P6_0.4_8_0.12_9_6.2_0_4.4_1_2.8_2_1.4_A1_0.11_P_11/inp038.err for more details.
ERROR in MURE::BuildMCNPFile
	 Some nuclei have troubles, see transcript U5_1.5_8_83_P6_0.4_8_0.12_9_6.2_0_4.4_1_2.8_2_1.4_A1_0.11_P_11/inp039.err for more details.
ERROR in MURE::WriteMaterial(ostream &Out)
	 Some nuclei have troubles, see transcript U5_1.5_8_83_P6_0.4_8_0.12_9_6.2_0_4.4_1_2.8_2_1.4_A1_0.11_P_11/inp039.err for more details.
ERROR in MURE::BuildMCNPFile
	 Some nuclei have troubles, see transcript U5_1.5_8_83_P6_0.4_8_0.12_9_6.2_0_4.4_1_2.8_2_1.4_A1_0.11_P_11/inp040.err for more details.
ERROR in MURE::WriteMaterial(ostream &Out)
	 Some nuclei have troubles, see transcript U5_1.5_8_83_P6_0.4_8_0.12_9_6.2_0_4.4_1_2.8_2_1.4_A1_0.11_P_11/inp040.err for more details.
ERROR in MURE::BuildMCNPFile
	 Some nuclei have troubles, see transcript U5_1.5_8_83_P6_0.4_8_0.12_9_6.2_0_4.4_1_2.8_2_1.4_A1_0.11_P_11/inp041.err for more details.
ERROR in MURE::WriteMaterial(ostream &Out)
	 Some nuclei have troubles, see transcript U5_1.5_8_83_P6_0.4_8_0.12_9_6.2_0_4.4_1_2.8_2_1.4_A1_0.11_P_11/inp041.err for more details.
ERROR in MURE::BuildMCNPFile
	 Some nuclei have troubles, see transcript U5_1.5_8_83_P6_0.4_8_0.12_9_6.2_0_4.4_1_2.8_2_1.4_A1_0.11_P_11/inp042.err for more details.
ERROR in MURE::WriteMaterial(ostream &Out)
	 Some nuclei have troubles, see transcript U5_1.5_8_83_P6_0.4_8_0.12_9_6.2_0_4.4_1_2.8_2_1.4_A1_0.11_P_11/inp042.err for more details.
ERROR in MURE::BuildMCNPFile
	 Some nuclei have troubles, see transcript U5_1.5_8_83_P6_0.4_8_0.12_9_6.2_0_4.4_1_2.8_2_1.4_A1_0.11_P_11/inp043.err for more details.
ERROR in MURE::WriteMaterial(ostream &Out)
	 Some nuclei have troubles, see transcript U5_1.5_8_83_P6_0.4_8_0.12_9_6.2_0_4.4_1_2.8_2_1.4_A1_0.11_P_11/inp043.err for more details.
ERROR in MURE::BuildMCNPFile
	 Some nuclei have troubles, see transcript U5_1.5_8_83_P6_0.4_8_0.12_9_6.2_0_4.4_1_2.8_2_1.4_A1_0.11_P_11/inp044.err for more details.
ERROR in MURE::WriteMaterial(ostream &Out)
	 Some nuclei have troubles, see transcript U5_1.5_8_83_P6_0.4_8_0.12_9_6.2_0_4.4_1_2.8_2_1.4_A1_0.11_P_11/inp044.err for more details.
ERROR in MURE::BuildMCNPFile
	 Some nuclei have troubles, see transcript U5_1.5_8_83_P6_0.4_8_0.12_9_6.2_0_4.4_1_2.8_2_1.4_A1_0.11_P_11/inp045.err for more details.
ERROR in MURE::WriteMaterial(ostream &Out)
	 Some nuclei have troubles, see transcript U5_1.5_8_83_P6_0.4_8_0.12_9_6.2_0_4.4_1_2.8_2_1.4_A1_0.11_P_11/inp045.err for more details.
ERROR in MURE::BuildMCNPFile
	 Some nuclei have troubles, see transcript U5_1.5_8_83_P6_0.4_8_0.12_9_6.2_0_4.4_1_2.8_2_1.4_A1_0.11_P_11/inp046.err for more details.
ERROR in MURE::WriteMaterial(ostream &Out)
	 Some nuclei have troubles, see transcript U5_1.5_8_83_P6_0.4_8_0.12_9_6.2_0_4.4_1_2.8_2_1.4_A1_0.11_P_11/inp046.err for more details.
ERROR in MURE::BuildMCNPFile
	 Some nuclei have troubles, see transcript U5_1.5_8_83_P6_0.4_8_0.12_9_6.2_0_4.4_1_2.8_2_1.4_A1_0.11_P_11/inp047.err for more details.
ERROR in MURE::WriteMaterial(ostream &Out)
	 Some nuclei have troubles, see transcript U5_1.5_8_83_P6_0.4_8_0.12_9_6.2_0_4.4_1_2.8_2_1.4_A1_0.11_P_11/inp047.err for more details.
ERROR in MURE::BuildMCNPFile
	 Some nuclei have troubles, see transcript U5_1.5_8_83_P6_0.4_8_0.12_9_6.2_0_4.4_1_2.8_2_1.4_A1_0.11_P_11/inp048.err for more details.
ERROR in MURE::WriteMaterial(ostream &Out)
	 Some nuclei have troubles, see transcript U5_1.5_8_83_P6_0.4_8_0.12_9_6.2_0_4.4_1_2.8_2_1.4_A1_0.11_P_11/inp048.err for more details.
ERROR in MURE::BuildMCNPFile
	 Some nuclei have troubles, see transcript U5_1.5_8_83_P6_0.4_8_0.12_9_6.2_0_4.4_1_2.8_2_1.4_A1_0.11_P_11/inp049.err for more details.
ERROR in MURE::WriteMaterial(ostream &Out)
	 Some nuclei have troubles, see transcript U5_1.5_8_83_P6_0.4_8_0.12_9_6.2_0_4.4_1_2.8_2_1.4_A1_0.11_P_11/inp049.err for more details.
ERROR in MURE::BuildMCNPFile
	 Some nuclei have troubles, see transcript U5_1.5_8_83_P6_0.4_8_0.12_9_6.2_0_4.4_1_2.8_2_1.4_A1_0.11_P_11/inp050.err for more details.
ERROR in MURE::WriteMaterial(ostream &Out)
	 Some nuclei have troubles, see transcript U5_1.5_8_83_P6_0.4_8_0.12_9_6.2_0_4.4_1_2.8_2_1.4_A1_0.11_P_11/inp050.err for more details.
ERROR in MURE::BuildMCNPFile
	 Some nuclei have troubles, see transcript U5_1.5_8_83_P6_0.4_8_0.12_9_6.2_0_4.4_1_2.8_2_1.4_A1_0.11_P_11/inp051.err for more details.
ERROR in MURE::WriteMaterial(ostream &Out)
	 Some nuclei have troubles, see transcript U5_1.5_8_83_P6_0.4_8_0.12_9_6.2_0_4.4_1_2.8_2_1.4_A1_0.11_P_11/inp051.err for more details.
ERROR in MURE::BuildMCNPFile
	 Some nuclei have troubles, see transcript U5_1.5_8_83_P6_0.4_8_0.12_9_6.2_0_4.4_1_2.8_2_1.4_A1_0.11_P_11/inp052.err for more details.
ERROR in MURE::WriteMaterial(ostream &Out)
	 Some nuclei have troubles, see transcript U5_1.5_8_83_P6_0.4_8_0.12_9_6.2_0_4.4_1_2.8_2_1.4_A1_0.11_P_11/inp052.err for more details.
ERROR in MURE::BuildMCNPFile
	 Some nuclei have troubles, see transcript U5_1.5_8_83_P6_0.4_8_0.12_9_6.2_0_4.4_1_2.8_2_1.4_A1_0.11_P_11/inp053.err for more details.
ERROR in MURE::WriteMaterial(ostream &Out)
	 Some nuclei have troubles, see transcript U5_1.5_8_83_P6_0.4_8_0.12_9_6.2_0_4.4_1_2.8_2_1.4_A1_0.11_P_11/inp053.err for more details.
ERROR in MURE::BuildMCNPFile
	 Some nuclei have troubles, see transcript U5_1.5_8_83_P6_0.4_8_0.12_9_6.2_0_4.4_1_2.8_2_1.4_A1_0.11_P_11/inp054.err for more details.
ERROR in MURE::WriteMaterial(ostream &Out)
	 Some nuclei have troubles, see transcript U5_1.5_8_83_P6_0.4_8_0.12_9_6.2_0_4.4_1_2.8_2_1.4_A1_0.11_P_11/inp054.err for more details.
ERROR in MURE::BuildMCNPFile
	 Some nuclei have troubles, see transcript U5_1.5_8_83_P6_0.4_8_0.12_9_6.2_0_4.4_1_2.8_2_1.4_A1_0.11_P_11/inp055.err for more details.
ERROR in MURE::WriteMaterial(ostream &Out)
	 Some nuclei have troubles, see transcript U5_1.5_8_83_P6_0.4_8_0.12_9_6.2_0_4.4_1_2.8_2_1.4_A1_0.11_P_11/inp055.err for more details.
ERROR in MURE::BuildMCNPFile
	 Some nuclei have troubles, see transcript U5_1.5_8_83_P6_0.4_8_0.12_9_6.2_0_4.4_1_2.8_2_1.4_A1_0.11_P_11/inp056.err for more details.
ERROR in MURE::WriteMaterial(ostream &Out)
	 Some nuclei have troubles, see transcript U5_1.5_8_83_P6_0.4_8_0.12_9_6.2_0_4.4_1_2.8_2_1.4_A1_0.11_P_11/inp056.err for more details.
ERROR in MURE::BuildMCNPFile
	 Some nuclei have troubles, see transcript U5_1.5_8_83_P6_0.4_8_0.12_9_6.2_0_4.4_1_2.8_2_1.4_A1_0.11_P_11/inp057.err for more details.
ERROR in MURE::WriteMaterial(ostream &Out)
	 Some nuclei have troubles, see transcript U5_1.5_8_83_P6_0.4_8_0.12_9_6.2_0_4.4_1_2.8_2_1.4_A1_0.11_P_11/inp057.err for more details.
ERROR in MURE::BuildMCNPFile
	 Some nuclei have troubles, see transcript U5_1.5_8_83_P6_0.4_8_0.12_9_6.2_0_4.4_1_2.8_2_1.4_A1_0.11_P_11/inp058.err for more details.
ERROR in MURE::WriteMaterial(ostream &Out)
	 Some nuclei have troubles, see transcript U5_1.5_8_83_P6_0.4_8_0.12_9_6.2_0_4.4_1_2.8_2_1.4_A1_0.11_P_11/inp058.err for more details.
ERROR in MURE::BuildMCNPFile
	 Some nuclei have troubles, see transcript U5_1.5_8_83_P6_0.4_8_0.12_9_6.2_0_4.4_1_2.8_2_1.4_A1_0.11_P_11/inp059.err for more details.
ERROR in MURE::WriteMaterial(ostream &Out)
	 Some nuclei have troubles, see transcript U5_1.5_8_83_P6_0.4_8_0.12_9_6.2_0_4.4_1_2.8_2_1.4_A1_0.11_P_11/inp059.err for more details.
ERROR in MURE::BuildMCNPFile
	 Some nuclei have troubles, see transcript U5_1.5_8_83_P6_0.4_8_0.12_9_6.2_0_4.4_1_2.8_2_1.4_A1_0.11_P_11/inp060.err for more details.
ERROR in MURE::WriteMaterial(ostream &Out)
	 Some nuclei have troubles, see transcript U5_1.5_8_83_P6_0.4_8_0.12_9_6.2_0_4.4_1_2.8_2_1.4_A1_0.11_P_11/inp060.err for more details.
ERROR in MURE::BuildMCNPFile
	 Some nuclei have troubles, see transcript U5_1.5_8_83_P6_0.4_8_0.12_9_6.2_0_4.4_1_2.8_2_1.4_A1_0.11_P_11/inp061.err for more details.
ERROR in MURE::WriteMaterial(ostream &Out)
	 Some nuclei have troubles, see transcript U5_1.5_8_83_P6_0.4_8_0.12_9_6.2_0_4.4_1_2.8_2_1.4_A1_0.11_P_11/inp061.err for more details.
ERROR in MURE::BuildMCNPFile
	 Some nuclei have troubles, see transcript U5_1.5_8_83_P6_0.4_8_0.12_9_6.2_0_4.4_1_2.8_2_1.4_A1_0.11_P_11/inp062.err for more details.
ERROR in MURE::WriteMaterial(ostream &Out)
	 Some nuclei have troubles, see transcript U5_1.5_8_83_P6_0.4_8_0.12_9_6.2_0_4.4_1_2.8_2_1.4_A1_0.11_P_11/inp062.err for more details.
ERROR in MURE::BuildMCNPFile
	 Some nuclei have troubles, see transcript U5_1.5_8_83_P6_0.4_8_0.12_9_6.2_0_4.4_1_2.8_2_1.4_A1_0.11_P_11/inp063.err for more details.
ERROR in MURE::WriteMaterial(ostream &Out)
	 Some nuclei have troubles, see transcript U5_1.5_8_83_P6_0.4_8_0.12_9_6.2_0_4.4_1_2.8_2_1.4_A1_0.11_P_11/inp063.err for more details.
ERROR in MURE::BuildMCNPFile
	 Some nuclei have troubles, see transcript U5_1.5_8_83_P6_0.4_8_0.12_9_6.2_0_4.4_1_2.8_2_1.4_A1_0.11_P_11/inp064.err for more details.
ERROR in MURE::WriteMaterial(ostream &Out)
	 Some nuclei have troubles, see transcript U5_1.5_8_83_P6_0.4_8_0.12_9_6.2_0_4.4_1_2.8_2_1.4_A1_0.11_P_11/inp064.err for more details.
ERROR in MURE::BuildMCNPFile
	 Some nuclei have troubles, see transcript U5_1.5_8_83_P6_0.4_8_0.12_9_6.2_0_4.4_1_2.8_2_1.4_A1_0.11_P_11/inp065.err for more details.
ERROR in MURE::WriteMaterial(ostream &Out)
	 Some nuclei have troubles, see transcript U5_1.5_8_83_P6_0.4_8_0.12_9_6.2_0_4.4_1_2.8_2_1.4_A1_0.11_P_11/inp065.err for more details.
ERROR in MURE::BuildMCNPFile
	 Some nuclei have troubles, see transcript U5_1.5_8_83_P6_0.4_8_0.12_9_6.2_0_4.4_1_2.8_2_1.4_A1_0.11_P_11/inp066.err for more details.
ERROR in MURE::WriteMaterial(ostream &Out)
	 Some nuclei have troubles, see transcript U5_1.5_8_83_P6_0.4_8_0.12_9_6.2_0_4.4_1_2.8_2_1.4_A1_0.11_P_11/inp066.err for more details.
ERROR in MURE::BuildMCNPFile
	 Some nuclei have troubles, see transcript U5_1.5_8_83_P6_0.4_8_0.12_9_6.2_0_4.4_1_2.8_2_1.4_A1_0.11_P_11/inp067.err for more details.
ERROR in MURE::WriteMaterial(ostream &Out)
	 Some nuclei have troubles, see transcript U5_1.5_8_83_P6_0.4_8_0.12_9_6.2_0_4.4_1_2.8_2_1.4_A1_0.11_P_11/inp067.err for more details.
ERROR in MURE::BuildMCNPFile
	 Some nuclei have troubles, see transcript U5_1.5_8_83_P6_0.4_8_0.12_9_6.2_0_4.4_1_2.8_2_1.4_A1_0.11_P_11/inp068.err for more details.
ERROR in MURE::WriteMaterial(ostream &Out)
	 Some nuclei have troubles, see transcript U5_1.5_8_83_P6_0.4_8_0.12_9_6.2_0_4.4_1_2.8_2_1.4_A1_0.11_P_11/inp068.err for more details.
ERROR in MURE::BuildMCNPFile
	 Some nuclei have troubles, see transcript U5_1.5_8_83_P6_0.4_8_0.12_9_6.2_0_4.4_1_2.8_2_1.4_A1_0.11_P_11/inp069.err for more details.
ERROR in MURE::WriteMaterial(ostream &Out)
	 Some nuclei have troubles, see transcript U5_1.5_8_83_P6_0.4_8_0.12_9_6.2_0_4.4_1_2.8_2_1.4_A1_0.11_P_11/inp069.err for more details.
ERROR in MURE::BuildMCNPFile
	 Some nuclei have troubles, see transcript U5_1.5_8_83_P6_0.4_8_0.12_9_6.2_0_4.4_1_2.8_2_1.4_A1_0.11_P_11/inp070.err for more details.
ERROR in MURE::WriteMaterial(ostream &Out)
	 Some nuclei have troubles, see transcript U5_1.5_8_83_P6_0.4_8_0.12_9_6.2_0_4.4_1_2.8_2_1.4_A1_0.11_P_11/inp070.err for more details.
ERROR in MURE::BuildMCNPFile
	 Some nuclei have troubles, see transcript U5_1.5_8_83_P6_0.4_8_0.12_9_6.2_0_4.4_1_2.8_2_1.4_A1_0.11_P_11/inp071.err for more details.
ERROR in MURE::WriteMaterial(ostream &Out)
	 Some nuclei have troubles, see transcript U5_1.5_8_83_P6_0.4_8_0.12_9_6.2_0_4.4_1_2.8_2_1.4_A1_0.11_P_11/inp071.err for more details.
ERROR in MURE::BuildMCNPFile
	 Some nuclei have troubles, see transcript U5_1.5_8_83_P6_0.4_8_0.12_9_6.2_0_4.4_1_2.8_2_1.4_A1_0.11_P_11/inp072.err for more details.
ERROR in MURE::WriteMaterial(ostream &Out)
	 Some nuclei have troubles, see transcript U5_1.5_8_83_P6_0.4_8_0.12_9_6.2_0_4.4_1_2.8_2_1.4_A1_0.11_P_11/inp072.err for more details.
ERROR in MURE::BuildMCNPFile
	 Some nuclei have troubles, see transcript U5_1.5_8_83_P6_0.4_8_0.12_9_6.2_0_4.4_1_2.8_2_1.4_A1_0.11_P_11/inp073.err for more details.
ERROR in MURE::WriteMaterial(ostream &Out)
	 Some nuclei have troubles, see transcript U5_1.5_8_83_P6_0.4_8_0.12_9_6.2_0_4.4_1_2.8_2_1.4_A1_0.11_P_11/inp073.err for more details.
ERROR in MURE::BuildMCNPFile
	 Some nuclei have troubles, see transcript U5_1.5_8_83_P6_0.4_8_0.12_9_6.2_0_4.4_1_2.8_2_1.4_A1_0.11_P_11/inp074.err for more details.
ERROR in MURE::WriteMaterial(ostream &Out)
	 Some nuclei have troubles, see transcript U5_1.5_8_83_P6_0.4_8_0.12_9_6.2_0_4.4_1_2.8_2_1.4_A1_0.11_P_11/inp074.err for more details.
ERROR in MURE::BuildMCNPFile
	 Some nuclei have troubles, see transcript U5_1.5_8_83_P6_0.4_8_0.12_9_6.2_0_4.4_1_2.8_2_1.4_A1_0.11_P_11/inp075.err for more details.
ERROR in MURE::WriteMaterial(ostream &Out)
	 Some nuclei have troubles, see transcript U5_1.5_8_83_P6_0.4_8_0.12_9_6.2_0_4.4_1_2.8_2_1.4_A1_0.11_P_11/inp075.err for more details.
ERROR in MURE::BuildMCNPFile
	 Some nuclei have troubles, see transcript U5_1.5_8_83_P6_0.4_8_0.12_9_6.2_0_4.4_1_2.8_2_1.4_A1_0.11_P_11/inp076.err for more details.
ERROR in MURE::WriteMaterial(ostream &Out)
	 Some nuclei have troubles, see transcript U5_1.5_8_83_P6_0.4_8_0.12_9_6.2_0_4.4_1_2.8_2_1.4_A1_0.11_P_11/inp076.err for more details.
ERROR in MURE::BuildMCNPFile
	 Some nuclei have troubles, see transcript U5_1.5_8_83_P6_0.4_8_0.12_9_6.2_0_4.4_1_2.8_2_1.4_A1_0.11_P_11/inp077.err for more details.
ERROR in MURE::WriteMaterial(ostream &Out)
	 Some nuclei have troubles, see transcript U5_1.5_8_83_P6_0.4_8_0.12_9_6.2_0_4.4_1_2.8_2_1.4_A1_0.11_P_11/inp077.err for more details.
ERROR in MURE::BuildMCNPFile
	 Some nuclei have troubles, see transcript U5_1.5_8_83_P6_0.4_8_0.12_9_6.2_0_4.4_1_2.8_2_1.4_A1_0.11_P_11/inp078.err for more details.
ERROR in MURE::WriteMaterial(ostream &Out)
	 Some nuclei have troubles, see transcript U5_1.5_8_83_P6_0.4_8_0.12_9_6.2_0_4.4_1_2.8_2_1.4_A1_0.11_P_11/inp078.err for more details.
ERROR in MURE::BuildMCNPFile
	 Some nuclei have troubles, see transcript U5_1.5_8_83_P6_0.4_8_0.12_9_6.2_0_4.4_1_2.8_2_1.4_A1_0.11_P_11/inp079.err for more details.
ERROR in MURE::WriteMaterial(ostream &Out)
	 Some nuclei have troubles, see transcript U5_1.5_8_83_P6_0.4_8_0.12_9_6.2_0_4.4_1_2.8_2_1.4_A1_0.11_P_11/inp079.err for more details.
* About to connect() to ftp.box.com port 21 (#0)
*   Trying 107.152.25.220... connected
* Connected to ftp.box.com (107.152.25.220) port 21 (#0)
< 220 Service ready for new user.
> AUTH SSL
< 234 Command AUTH okay; starting SSL connection.
* Initializing NSS with certpath: sql:/etc/pki/nssdb
*   CAfile: /etc/pki/tls/certs/ca-bundle.crt
  CApath: none
* SSL connection using TLS_RSA_WITH_AES_128_CBC_SHA
* Server certificate:
* 	subject: CN=*.box.com,O="Box, Inc.",L=Los Altos,ST=California,C=US
* 	start date: Nov 13 19:22:20 2014 GMT
* 	expire date: Oct 23 02:42:03 2017 GMT
* 	common name: *.box.com
* 	issuer: CN=GeoTrust SSL CA - G4,O=GeoTrust Inc.,C=US
> USER mouginot@wisc.edu
< 331 User name okay, need password for mouginot@wisc.edu.
> PASS line150782
< 230 User logged in, proceed.
> PBSZ 0
< 200 Command PBSZ okay.
> PROT P
< 200 Command PROT okay.
> PWD
< 257 "/" is current directory.
* Entry path is '/'
> CWD MODEL_DATA
< 250 Directory changed to /MODEL_DATA
> CWD PWR_TRU_MOX_PSPEC
< 250 Directory changed to /MODEL_DATA/PWR_TRU_MOX_PSPEC
> CWD 1000
< 250 Directory changed to /MODEL_DATA/PWR_TRU_MOX_PSPEC/1000
> PASV
* Connect data stream passively
< 227 Entering Passive Mode (107,152,25,220,101,163)
* Skips 107.152.25.220 for data connection, uses 107.152.25.220 instead
*   Trying 107.152.25.220... connected
* Connecting to 107.152.25.220 (107.152.25.220) port 26019
> TYPE I
< 200 Command TYPE okay.
> STOR 384_raw.tar.gz
< 150 File status okay; about to open data connection.
* Doing the SSL/TLS handshake on the data stream
*   CAfile: /etc/pki/tls/certs/ca-bundle.crt
  CApath: none
* SSL connection using TLS_RSA_WITH_AES_128_CBC_SHA
* Server certificate:
* 	subject: CN=*.box.com,O="Box, Inc.",L=Los Altos,ST=California,C=US
* 	start date: Nov 13 19:22:20 2014 GMT
* 	expire date: Oct 23 02:42:03 2017 GMT
* 	common name: *.box.com
* 	issuer: CN=GeoTrust SSL CA - G4,O=GeoTrust Inc.,C=US
} [data not shown]
  % Total    % Received % Xferd  Average Speed   Time    Time     Time  Current
                                 Dload  Upload   Total   Spent    Left  Speed
  0 43.5M    0     0    0 16384      0   3414  3:43:03  0:00:04  3:42:59  3414  2 43.5M    0     0    2 1040k      0   189k  0:03:55  0:00:05  0:03:50 1481k 12 43.5M    0     0   12 5744k      0   886k  0:00:50  0:00:06  0:00:44 3413k 22 43.5M    0     0   22  9.9M      0  1358k  0:00:32  0:00:07  0:00:25 3782k 32 43.5M    0     0   32 14.1M      0  1707k  0:00:26  0:00:08  0:00:18 3926k 41 43.5M    0     0   41 17.8M      0  1927k  0:00:23  0:00:09  0:00:14 3894k 49 43.5M    0     0   49 21.7M      0  2122k  0:00:21  0:00:10  0:00:11 4249k 58 43.5M    0     0   58 25.4M      0  2270k  0:00:19  0:00:11  0:00:08 4059k 66 43.5M    0     0   66 29.1M      0  2388k  0:00:18  0:00:12  0:00:06 3925k 71 43.5M    0     0   71 31.2M      0  2373k  0:00:18  0:00:13  0:00:05 3501k 79 43.5M    0     0   79 34.4M      0  2435k  0:00:18  0:00:14  0:00:04 3400k 88 43.5M    0     0   88 38.6M      0  2550k  0:00:17  0:00:15  0:00:02 3440k 97 43.5M    0     0   97 42.4M      0  2633k  0:00:16  0:00:16 --:--:-- 3461k* Remembering we are in dir "MODEL_DATA/PWR_TRU_MOX_PSPEC/1000/"
< 226 Transfer complete.
100 43.5M    0     0  100 43.5M      0  2533k  0:00:17  0:00:17 --:--:-- 2888k* Connection #0 to host ftp.box.com left intact

> QUIT
< 221 Goodbye.
* Closing connection #0
