ERROR in MURE::BuildXSDIR()
	 Some nuclei have troubles, see transcript U5_0.71_8_93_P6_0.2_8_0.018_9_2.9_0_0.47_1_0.17_2_1.2_A1_0.97_P_32/inp000.err for more details.
ERROR in MURE::BuildMCNPFile
	 Some nuclei have troubles, see transcript U5_0.71_8_93_P6_0.2_8_0.018_9_2.9_0_0.47_1_0.17_2_1.2_A1_0.97_P_32/inp000.err for more details.
ERROR in MURE::WriteMaterial(ostream &Out)
	 Some nuclei have troubles, see transcript U5_0.71_8_93_P6_0.2_8_0.018_9_2.9_0_0.47_1_0.17_2_1.2_A1_0.97_P_32/inp000.err for more details.
ERROR in MURE::BuildMCNPFile
	 Some nuclei have troubles, see transcript U5_0.71_8_93_P6_0.2_8_0.018_9_2.9_0_0.47_1_0.17_2_1.2_A1_0.97_P_32/inp001.err for more details.
ERROR in MURE::WriteMaterial(ostream &Out)
	 Some nuclei have troubles, see transcript U5_0.71_8_93_P6_0.2_8_0.018_9_2.9_0_0.47_1_0.17_2_1.2_A1_0.97_P_32/inp001.err for more details.
ERROR in MURE::BuildMCNPFile
	 Some nuclei have troubles, see transcript U5_0.71_8_93_P6_0.2_8_0.018_9_2.9_0_0.47_1_0.17_2_1.2_A1_0.97_P_32/inp002.err for more details.
ERROR in MURE::WriteMaterial(ostream &Out)
	 Some nuclei have troubles, see transcript U5_0.71_8_93_P6_0.2_8_0.018_9_2.9_0_0.47_1_0.17_2_1.2_A1_0.97_P_32/inp002.err for more details.
ERROR in MURE::BuildMCNPFile
	 Some nuclei have troubles, see transcript U5_0.71_8_93_P6_0.2_8_0.018_9_2.9_0_0.47_1_0.17_2_1.2_A1_0.97_P_32/inp003.err for more details.
ERROR in MURE::WriteMaterial(ostream &Out)
	 Some nuclei have troubles, see transcript U5_0.71_8_93_P6_0.2_8_0.018_9_2.9_0_0.47_1_0.17_2_1.2_A1_0.97_P_32/inp003.err for more details.
ERROR in MURE::BuildMCNPFile
	 Some nuclei have troubles, see transcript U5_0.71_8_93_P6_0.2_8_0.018_9_2.9_0_0.47_1_0.17_2_1.2_A1_0.97_P_32/inp004.err for more details.
ERROR in MURE::WriteMaterial(ostream &Out)
	 Some nuclei have troubles, see transcript U5_0.71_8_93_P6_0.2_8_0.018_9_2.9_0_0.47_1_0.17_2_1.2_A1_0.97_P_32/inp004.err for more details.
ERROR in MURE::BuildMCNPFile
	 Some nuclei have troubles, see transcript U5_0.71_8_93_P6_0.2_8_0.018_9_2.9_0_0.47_1_0.17_2_1.2_A1_0.97_P_32/inp005.err for more details.
ERROR in MURE::WriteMaterial(ostream &Out)
	 Some nuclei have troubles, see transcript U5_0.71_8_93_P6_0.2_8_0.018_9_2.9_0_0.47_1_0.17_2_1.2_A1_0.97_P_32/inp005.err for more details.
ERROR in MURE::BuildMCNPFile
	 Some nuclei have troubles, see transcript U5_0.71_8_93_P6_0.2_8_0.018_9_2.9_0_0.47_1_0.17_2_1.2_A1_0.97_P_32/inp006.err for more details.
ERROR in MURE::WriteMaterial(ostream &Out)
	 Some nuclei have troubles, see transcript U5_0.71_8_93_P6_0.2_8_0.018_9_2.9_0_0.47_1_0.17_2_1.2_A1_0.97_P_32/inp006.err for more details.
ERROR in MURE::BuildMCNPFile
	 Some nuclei have troubles, see transcript U5_0.71_8_93_P6_0.2_8_0.018_9_2.9_0_0.47_1_0.17_2_1.2_A1_0.97_P_32/inp007.err for more details.
ERROR in MURE::WriteMaterial(ostream &Out)
	 Some nuclei have troubles, see transcript U5_0.71_8_93_P6_0.2_8_0.018_9_2.9_0_0.47_1_0.17_2_1.2_A1_0.97_P_32/inp007.err for more details.
ERROR in MURE::BuildMCNPFile
	 Some nuclei have troubles, see transcript U5_0.71_8_93_P6_0.2_8_0.018_9_2.9_0_0.47_1_0.17_2_1.2_A1_0.97_P_32/inp008.err for more details.
ERROR in MURE::WriteMaterial(ostream &Out)
	 Some nuclei have troubles, see transcript U5_0.71_8_93_P6_0.2_8_0.018_9_2.9_0_0.47_1_0.17_2_1.2_A1_0.97_P_32/inp008.err for more details.
ERROR in MURE::BuildMCNPFile
	 Some nuclei have troubles, see transcript U5_0.71_8_93_P6_0.2_8_0.018_9_2.9_0_0.47_1_0.17_2_1.2_A1_0.97_P_32/inp009.err for more details.
ERROR in MURE::WriteMaterial(ostream &Out)
	 Some nuclei have troubles, see transcript U5_0.71_8_93_P6_0.2_8_0.018_9_2.9_0_0.47_1_0.17_2_1.2_A1_0.97_P_32/inp009.err for more details.
ERROR in MURE::BuildMCNPFile
	 Some nuclei have troubles, see transcript U5_0.71_8_93_P6_0.2_8_0.018_9_2.9_0_0.47_1_0.17_2_1.2_A1_0.97_P_32/inp010.err for more details.
ERROR in MURE::WriteMaterial(ostream &Out)
	 Some nuclei have troubles, see transcript U5_0.71_8_93_P6_0.2_8_0.018_9_2.9_0_0.47_1_0.17_2_1.2_A1_0.97_P_32/inp010.err for more details.
ERROR in MURE::BuildMCNPFile
	 Some nuclei have troubles, see transcript U5_0.71_8_93_P6_0.2_8_0.018_9_2.9_0_0.47_1_0.17_2_1.2_A1_0.97_P_32/inp011.err for more details.
ERROR in MURE::WriteMaterial(ostream &Out)
	 Some nuclei have troubles, see transcript U5_0.71_8_93_P6_0.2_8_0.018_9_2.9_0_0.47_1_0.17_2_1.2_A1_0.97_P_32/inp011.err for more details.
ERROR in MURE::BuildMCNPFile
	 Some nuclei have troubles, see transcript U5_0.71_8_93_P6_0.2_8_0.018_9_2.9_0_0.47_1_0.17_2_1.2_A1_0.97_P_32/inp012.err for more details.
ERROR in MURE::WriteMaterial(ostream &Out)
	 Some nuclei have troubles, see transcript U5_0.71_8_93_P6_0.2_8_0.018_9_2.9_0_0.47_1_0.17_2_1.2_A1_0.97_P_32/inp012.err for more details.
ERROR in MURE::BuildMCNPFile
	 Some nuclei have troubles, see transcript U5_0.71_8_93_P6_0.2_8_0.018_9_2.9_0_0.47_1_0.17_2_1.2_A1_0.97_P_32/inp013.err for more details.
ERROR in MURE::WriteMaterial(ostream &Out)
	 Some nuclei have troubles, see transcript U5_0.71_8_93_P6_0.2_8_0.018_9_2.9_0_0.47_1_0.17_2_1.2_A1_0.97_P_32/inp013.err for more details.
ERROR in MURE::BuildMCNPFile
	 Some nuclei have troubles, see transcript U5_0.71_8_93_P6_0.2_8_0.018_9_2.9_0_0.47_1_0.17_2_1.2_A1_0.97_P_32/inp014.err for more details.
ERROR in MURE::WriteMaterial(ostream &Out)
	 Some nuclei have troubles, see transcript U5_0.71_8_93_P6_0.2_8_0.018_9_2.9_0_0.47_1_0.17_2_1.2_A1_0.97_P_32/inp014.err for more details.
ERROR in MURE::BuildMCNPFile
	 Some nuclei have troubles, see transcript U5_0.71_8_93_P6_0.2_8_0.018_9_2.9_0_0.47_1_0.17_2_1.2_A1_0.97_P_32/inp015.err for more details.
ERROR in MURE::WriteMaterial(ostream &Out)
	 Some nuclei have troubles, see transcript U5_0.71_8_93_P6_0.2_8_0.018_9_2.9_0_0.47_1_0.17_2_1.2_A1_0.97_P_32/inp015.err for more details.
ERROR in MURE::BuildMCNPFile
	 Some nuclei have troubles, see transcript U5_0.71_8_93_P6_0.2_8_0.018_9_2.9_0_0.47_1_0.17_2_1.2_A1_0.97_P_32/inp016.err for more details.
ERROR in MURE::WriteMaterial(ostream &Out)
	 Some nuclei have troubles, see transcript U5_0.71_8_93_P6_0.2_8_0.018_9_2.9_0_0.47_1_0.17_2_1.2_A1_0.97_P_32/inp016.err for more details.
ERROR in MURE::BuildMCNPFile
	 Some nuclei have troubles, see transcript U5_0.71_8_93_P6_0.2_8_0.018_9_2.9_0_0.47_1_0.17_2_1.2_A1_0.97_P_32/inp017.err for more details.
ERROR in MURE::WriteMaterial(ostream &Out)
	 Some nuclei have troubles, see transcript U5_0.71_8_93_P6_0.2_8_0.018_9_2.9_0_0.47_1_0.17_2_1.2_A1_0.97_P_32/inp017.err for more details.
ERROR in MURE::BuildMCNPFile
	 Some nuclei have troubles, see transcript U5_0.71_8_93_P6_0.2_8_0.018_9_2.9_0_0.47_1_0.17_2_1.2_A1_0.97_P_32/inp018.err for more details.
ERROR in MURE::WriteMaterial(ostream &Out)
	 Some nuclei have troubles, see transcript U5_0.71_8_93_P6_0.2_8_0.018_9_2.9_0_0.47_1_0.17_2_1.2_A1_0.97_P_32/inp018.err for more details.
ERROR in MURE::BuildMCNPFile
	 Some nuclei have troubles, see transcript U5_0.71_8_93_P6_0.2_8_0.018_9_2.9_0_0.47_1_0.17_2_1.2_A1_0.97_P_32/inp019.err for more details.
ERROR in MURE::WriteMaterial(ostream &Out)
	 Some nuclei have troubles, see transcript U5_0.71_8_93_P6_0.2_8_0.018_9_2.9_0_0.47_1_0.17_2_1.2_A1_0.97_P_32/inp019.err for more details.
ERROR in MURE::BuildMCNPFile
	 Some nuclei have troubles, see transcript U5_0.71_8_93_P6_0.2_8_0.018_9_2.9_0_0.47_1_0.17_2_1.2_A1_0.97_P_32/inp020.err for more details.
ERROR in MURE::WriteMaterial(ostream &Out)
	 Some nuclei have troubles, see transcript U5_0.71_8_93_P6_0.2_8_0.018_9_2.9_0_0.47_1_0.17_2_1.2_A1_0.97_P_32/inp020.err for more details.
ERROR in MURE::BuildMCNPFile
	 Some nuclei have troubles, see transcript U5_0.71_8_93_P6_0.2_8_0.018_9_2.9_0_0.47_1_0.17_2_1.2_A1_0.97_P_32/inp021.err for more details.
ERROR in MURE::WriteMaterial(ostream &Out)
	 Some nuclei have troubles, see transcript U5_0.71_8_93_P6_0.2_8_0.018_9_2.9_0_0.47_1_0.17_2_1.2_A1_0.97_P_32/inp021.err for more details.
ERROR in MURE::BuildMCNPFile
	 Some nuclei have troubles, see transcript U5_0.71_8_93_P6_0.2_8_0.018_9_2.9_0_0.47_1_0.17_2_1.2_A1_0.97_P_32/inp022.err for more details.
ERROR in MURE::WriteMaterial(ostream &Out)
	 Some nuclei have troubles, see transcript U5_0.71_8_93_P6_0.2_8_0.018_9_2.9_0_0.47_1_0.17_2_1.2_A1_0.97_P_32/inp022.err for more details.
ERROR in MURE::BuildMCNPFile
	 Some nuclei have troubles, see transcript U5_0.71_8_93_P6_0.2_8_0.018_9_2.9_0_0.47_1_0.17_2_1.2_A1_0.97_P_32/inp023.err for more details.
ERROR in MURE::WriteMaterial(ostream &Out)
	 Some nuclei have troubles, see transcript U5_0.71_8_93_P6_0.2_8_0.018_9_2.9_0_0.47_1_0.17_2_1.2_A1_0.97_P_32/inp023.err for more details.
ERROR in MURE::BuildMCNPFile
	 Some nuclei have troubles, see transcript U5_0.71_8_93_P6_0.2_8_0.018_9_2.9_0_0.47_1_0.17_2_1.2_A1_0.97_P_32/inp024.err for more details.
ERROR in MURE::WriteMaterial(ostream &Out)
	 Some nuclei have troubles, see transcript U5_0.71_8_93_P6_0.2_8_0.018_9_2.9_0_0.47_1_0.17_2_1.2_A1_0.97_P_32/inp024.err for more details.
ERROR in MURE::BuildMCNPFile
	 Some nuclei have troubles, see transcript U5_0.71_8_93_P6_0.2_8_0.018_9_2.9_0_0.47_1_0.17_2_1.2_A1_0.97_P_32/inp025.err for more details.
ERROR in MURE::WriteMaterial(ostream &Out)
	 Some nuclei have troubles, see transcript U5_0.71_8_93_P6_0.2_8_0.018_9_2.9_0_0.47_1_0.17_2_1.2_A1_0.97_P_32/inp025.err for more details.
ERROR in MURE::BuildMCNPFile
	 Some nuclei have troubles, see transcript U5_0.71_8_93_P6_0.2_8_0.018_9_2.9_0_0.47_1_0.17_2_1.2_A1_0.97_P_32/inp026.err for more details.
ERROR in MURE::WriteMaterial(ostream &Out)
	 Some nuclei have troubles, see transcript U5_0.71_8_93_P6_0.2_8_0.018_9_2.9_0_0.47_1_0.17_2_1.2_A1_0.97_P_32/inp026.err for more details.
ERROR in MURE::BuildMCNPFile
	 Some nuclei have troubles, see transcript U5_0.71_8_93_P6_0.2_8_0.018_9_2.9_0_0.47_1_0.17_2_1.2_A1_0.97_P_32/inp027.err for more details.
ERROR in MURE::WriteMaterial(ostream &Out)
	 Some nuclei have troubles, see transcript U5_0.71_8_93_P6_0.2_8_0.018_9_2.9_0_0.47_1_0.17_2_1.2_A1_0.97_P_32/inp027.err for more details.
ERROR in MURE::BuildMCNPFile
	 Some nuclei have troubles, see transcript U5_0.71_8_93_P6_0.2_8_0.018_9_2.9_0_0.47_1_0.17_2_1.2_A1_0.97_P_32/inp028.err for more details.
ERROR in MURE::WriteMaterial(ostream &Out)
	 Some nuclei have troubles, see transcript U5_0.71_8_93_P6_0.2_8_0.018_9_2.9_0_0.47_1_0.17_2_1.2_A1_0.97_P_32/inp028.err for more details.
ERROR in MURE::BuildMCNPFile
	 Some nuclei have troubles, see transcript U5_0.71_8_93_P6_0.2_8_0.018_9_2.9_0_0.47_1_0.17_2_1.2_A1_0.97_P_32/inp029.err for more details.
ERROR in MURE::WriteMaterial(ostream &Out)
	 Some nuclei have troubles, see transcript U5_0.71_8_93_P6_0.2_8_0.018_9_2.9_0_0.47_1_0.17_2_1.2_A1_0.97_P_32/inp029.err for more details.
ERROR in MURE::BuildMCNPFile
	 Some nuclei have troubles, see transcript U5_0.71_8_93_P6_0.2_8_0.018_9_2.9_0_0.47_1_0.17_2_1.2_A1_0.97_P_32/inp030.err for more details.
ERROR in MURE::WriteMaterial(ostream &Out)
	 Some nuclei have troubles, see transcript U5_0.71_8_93_P6_0.2_8_0.018_9_2.9_0_0.47_1_0.17_2_1.2_A1_0.97_P_32/inp030.err for more details.
ERROR in MURE::BuildMCNPFile
	 Some nuclei have troubles, see transcript U5_0.71_8_93_P6_0.2_8_0.018_9_2.9_0_0.47_1_0.17_2_1.2_A1_0.97_P_32/inp031.err for more details.
ERROR in MURE::WriteMaterial(ostream &Out)
	 Some nuclei have troubles, see transcript U5_0.71_8_93_P6_0.2_8_0.018_9_2.9_0_0.47_1_0.17_2_1.2_A1_0.97_P_32/inp031.err for more details.
ERROR in MURE::BuildMCNPFile
	 Some nuclei have troubles, see transcript U5_0.71_8_93_P6_0.2_8_0.018_9_2.9_0_0.47_1_0.17_2_1.2_A1_0.97_P_32/inp032.err for more details.
ERROR in MURE::WriteMaterial(ostream &Out)
	 Some nuclei have troubles, see transcript U5_0.71_8_93_P6_0.2_8_0.018_9_2.9_0_0.47_1_0.17_2_1.2_A1_0.97_P_32/inp032.err for more details.
ERROR in MURE::BuildMCNPFile
	 Some nuclei have troubles, see transcript U5_0.71_8_93_P6_0.2_8_0.018_9_2.9_0_0.47_1_0.17_2_1.2_A1_0.97_P_32/inp033.err for more details.
ERROR in MURE::WriteMaterial(ostream &Out)
	 Some nuclei have troubles, see transcript U5_0.71_8_93_P6_0.2_8_0.018_9_2.9_0_0.47_1_0.17_2_1.2_A1_0.97_P_32/inp033.err for more details.
ERROR in MURE::BuildMCNPFile
	 Some nuclei have troubles, see transcript U5_0.71_8_93_P6_0.2_8_0.018_9_2.9_0_0.47_1_0.17_2_1.2_A1_0.97_P_32/inp034.err for more details.
ERROR in MURE::WriteMaterial(ostream &Out)
	 Some nuclei have troubles, see transcript U5_0.71_8_93_P6_0.2_8_0.018_9_2.9_0_0.47_1_0.17_2_1.2_A1_0.97_P_32/inp034.err for more details.
ERROR in MURE::BuildMCNPFile
	 Some nuclei have troubles, see transcript U5_0.71_8_93_P6_0.2_8_0.018_9_2.9_0_0.47_1_0.17_2_1.2_A1_0.97_P_32/inp035.err for more details.
ERROR in MURE::WriteMaterial(ostream &Out)
	 Some nuclei have troubles, see transcript U5_0.71_8_93_P6_0.2_8_0.018_9_2.9_0_0.47_1_0.17_2_1.2_A1_0.97_P_32/inp035.err for more details.
ERROR in MURE::BuildMCNPFile
	 Some nuclei have troubles, see transcript U5_0.71_8_93_P6_0.2_8_0.018_9_2.9_0_0.47_1_0.17_2_1.2_A1_0.97_P_32/inp036.err for more details.
ERROR in MURE::WriteMaterial(ostream &Out)
	 Some nuclei have troubles, see transcript U5_0.71_8_93_P6_0.2_8_0.018_9_2.9_0_0.47_1_0.17_2_1.2_A1_0.97_P_32/inp036.err for more details.
ERROR in MURE::BuildMCNPFile
	 Some nuclei have troubles, see transcript U5_0.71_8_93_P6_0.2_8_0.018_9_2.9_0_0.47_1_0.17_2_1.2_A1_0.97_P_32/inp037.err for more details.
ERROR in MURE::WriteMaterial(ostream &Out)
	 Some nuclei have troubles, see transcript U5_0.71_8_93_P6_0.2_8_0.018_9_2.9_0_0.47_1_0.17_2_1.2_A1_0.97_P_32/inp037.err for more details.
ERROR in MURE::BuildMCNPFile
	 Some nuclei have troubles, see transcript U5_0.71_8_93_P6_0.2_8_0.018_9_2.9_0_0.47_1_0.17_2_1.2_A1_0.97_P_32/inp038.err for more details.
ERROR in MURE::WriteMaterial(ostream &Out)
	 Some nuclei have troubles, see transcript U5_0.71_8_93_P6_0.2_8_0.018_9_2.9_0_0.47_1_0.17_2_1.2_A1_0.97_P_32/inp038.err for more details.
ERROR in MURE::BuildMCNPFile
	 Some nuclei have troubles, see transcript U5_0.71_8_93_P6_0.2_8_0.018_9_2.9_0_0.47_1_0.17_2_1.2_A1_0.97_P_32/inp039.err for more details.
ERROR in MURE::WriteMaterial(ostream &Out)
	 Some nuclei have troubles, see transcript U5_0.71_8_93_P6_0.2_8_0.018_9_2.9_0_0.47_1_0.17_2_1.2_A1_0.97_P_32/inp039.err for more details.
ERROR in MURE::BuildMCNPFile
	 Some nuclei have troubles, see transcript U5_0.71_8_93_P6_0.2_8_0.018_9_2.9_0_0.47_1_0.17_2_1.2_A1_0.97_P_32/inp040.err for more details.
ERROR in MURE::WriteMaterial(ostream &Out)
	 Some nuclei have troubles, see transcript U5_0.71_8_93_P6_0.2_8_0.018_9_2.9_0_0.47_1_0.17_2_1.2_A1_0.97_P_32/inp040.err for more details.
ERROR in MURE::BuildMCNPFile
	 Some nuclei have troubles, see transcript U5_0.71_8_93_P6_0.2_8_0.018_9_2.9_0_0.47_1_0.17_2_1.2_A1_0.97_P_32/inp041.err for more details.
ERROR in MURE::WriteMaterial(ostream &Out)
	 Some nuclei have troubles, see transcript U5_0.71_8_93_P6_0.2_8_0.018_9_2.9_0_0.47_1_0.17_2_1.2_A1_0.97_P_32/inp041.err for more details.
ERROR in MURE::BuildMCNPFile
	 Some nuclei have troubles, see transcript U5_0.71_8_93_P6_0.2_8_0.018_9_2.9_0_0.47_1_0.17_2_1.2_A1_0.97_P_32/inp042.err for more details.
ERROR in MURE::WriteMaterial(ostream &Out)
	 Some nuclei have troubles, see transcript U5_0.71_8_93_P6_0.2_8_0.018_9_2.9_0_0.47_1_0.17_2_1.2_A1_0.97_P_32/inp042.err for more details.
ERROR in MURE::BuildMCNPFile
	 Some nuclei have troubles, see transcript U5_0.71_8_93_P6_0.2_8_0.018_9_2.9_0_0.47_1_0.17_2_1.2_A1_0.97_P_32/inp043.err for more details.
ERROR in MURE::WriteMaterial(ostream &Out)
	 Some nuclei have troubles, see transcript U5_0.71_8_93_P6_0.2_8_0.018_9_2.9_0_0.47_1_0.17_2_1.2_A1_0.97_P_32/inp043.err for more details.
ERROR in MURE::BuildMCNPFile
	 Some nuclei have troubles, see transcript U5_0.71_8_93_P6_0.2_8_0.018_9_2.9_0_0.47_1_0.17_2_1.2_A1_0.97_P_32/inp044.err for more details.
ERROR in MURE::WriteMaterial(ostream &Out)
	 Some nuclei have troubles, see transcript U5_0.71_8_93_P6_0.2_8_0.018_9_2.9_0_0.47_1_0.17_2_1.2_A1_0.97_P_32/inp044.err for more details.
ERROR in MURE::BuildMCNPFile
	 Some nuclei have troubles, see transcript U5_0.71_8_93_P6_0.2_8_0.018_9_2.9_0_0.47_1_0.17_2_1.2_A1_0.97_P_32/inp045.err for more details.
ERROR in MURE::WriteMaterial(ostream &Out)
	 Some nuclei have troubles, see transcript U5_0.71_8_93_P6_0.2_8_0.018_9_2.9_0_0.47_1_0.17_2_1.2_A1_0.97_P_32/inp045.err for more details.
ERROR in MURE::BuildMCNPFile
	 Some nuclei have troubles, see transcript U5_0.71_8_93_P6_0.2_8_0.018_9_2.9_0_0.47_1_0.17_2_1.2_A1_0.97_P_32/inp046.err for more details.
ERROR in MURE::WriteMaterial(ostream &Out)
	 Some nuclei have troubles, see transcript U5_0.71_8_93_P6_0.2_8_0.018_9_2.9_0_0.47_1_0.17_2_1.2_A1_0.97_P_32/inp046.err for more details.
ERROR in MURE::BuildMCNPFile
	 Some nuclei have troubles, see transcript U5_0.71_8_93_P6_0.2_8_0.018_9_2.9_0_0.47_1_0.17_2_1.2_A1_0.97_P_32/inp047.err for more details.
ERROR in MURE::WriteMaterial(ostream &Out)
	 Some nuclei have troubles, see transcript U5_0.71_8_93_P6_0.2_8_0.018_9_2.9_0_0.47_1_0.17_2_1.2_A1_0.97_P_32/inp047.err for more details.
ERROR in MURE::BuildMCNPFile
	 Some nuclei have troubles, see transcript U5_0.71_8_93_P6_0.2_8_0.018_9_2.9_0_0.47_1_0.17_2_1.2_A1_0.97_P_32/inp048.err for more details.
ERROR in MURE::WriteMaterial(ostream &Out)
	 Some nuclei have troubles, see transcript U5_0.71_8_93_P6_0.2_8_0.018_9_2.9_0_0.47_1_0.17_2_1.2_A1_0.97_P_32/inp048.err for more details.
ERROR in MURE::BuildMCNPFile
	 Some nuclei have troubles, see transcript U5_0.71_8_93_P6_0.2_8_0.018_9_2.9_0_0.47_1_0.17_2_1.2_A1_0.97_P_32/inp049.err for more details.
ERROR in MURE::WriteMaterial(ostream &Out)
	 Some nuclei have troubles, see transcript U5_0.71_8_93_P6_0.2_8_0.018_9_2.9_0_0.47_1_0.17_2_1.2_A1_0.97_P_32/inp049.err for more details.
ERROR in MURE::BuildMCNPFile
	 Some nuclei have troubles, see transcript U5_0.71_8_93_P6_0.2_8_0.018_9_2.9_0_0.47_1_0.17_2_1.2_A1_0.97_P_32/inp050.err for more details.
ERROR in MURE::WriteMaterial(ostream &Out)
	 Some nuclei have troubles, see transcript U5_0.71_8_93_P6_0.2_8_0.018_9_2.9_0_0.47_1_0.17_2_1.2_A1_0.97_P_32/inp050.err for more details.
ERROR in MURE::BuildMCNPFile
	 Some nuclei have troubles, see transcript U5_0.71_8_93_P6_0.2_8_0.018_9_2.9_0_0.47_1_0.17_2_1.2_A1_0.97_P_32/inp051.err for more details.
ERROR in MURE::WriteMaterial(ostream &Out)
	 Some nuclei have troubles, see transcript U5_0.71_8_93_P6_0.2_8_0.018_9_2.9_0_0.47_1_0.17_2_1.2_A1_0.97_P_32/inp051.err for more details.
ERROR in MURE::BuildMCNPFile
	 Some nuclei have troubles, see transcript U5_0.71_8_93_P6_0.2_8_0.018_9_2.9_0_0.47_1_0.17_2_1.2_A1_0.97_P_32/inp052.err for more details.
ERROR in MURE::WriteMaterial(ostream &Out)
	 Some nuclei have troubles, see transcript U5_0.71_8_93_P6_0.2_8_0.018_9_2.9_0_0.47_1_0.17_2_1.2_A1_0.97_P_32/inp052.err for more details.
ERROR in MURE::BuildMCNPFile
	 Some nuclei have troubles, see transcript U5_0.71_8_93_P6_0.2_8_0.018_9_2.9_0_0.47_1_0.17_2_1.2_A1_0.97_P_32/inp053.err for more details.
ERROR in MURE::WriteMaterial(ostream &Out)
	 Some nuclei have troubles, see transcript U5_0.71_8_93_P6_0.2_8_0.018_9_2.9_0_0.47_1_0.17_2_1.2_A1_0.97_P_32/inp053.err for more details.
ERROR in MURE::BuildMCNPFile
	 Some nuclei have troubles, see transcript U5_0.71_8_93_P6_0.2_8_0.018_9_2.9_0_0.47_1_0.17_2_1.2_A1_0.97_P_32/inp054.err for more details.
ERROR in MURE::WriteMaterial(ostream &Out)
	 Some nuclei have troubles, see transcript U5_0.71_8_93_P6_0.2_8_0.018_9_2.9_0_0.47_1_0.17_2_1.2_A1_0.97_P_32/inp054.err for more details.
ERROR in MURE::BuildMCNPFile
	 Some nuclei have troubles, see transcript U5_0.71_8_93_P6_0.2_8_0.018_9_2.9_0_0.47_1_0.17_2_1.2_A1_0.97_P_32/inp055.err for more details.
ERROR in MURE::WriteMaterial(ostream &Out)
	 Some nuclei have troubles, see transcript U5_0.71_8_93_P6_0.2_8_0.018_9_2.9_0_0.47_1_0.17_2_1.2_A1_0.97_P_32/inp055.err for more details.
ERROR in MURE::BuildMCNPFile
	 Some nuclei have troubles, see transcript U5_0.71_8_93_P6_0.2_8_0.018_9_2.9_0_0.47_1_0.17_2_1.2_A1_0.97_P_32/inp056.err for more details.
ERROR in MURE::WriteMaterial(ostream &Out)
	 Some nuclei have troubles, see transcript U5_0.71_8_93_P6_0.2_8_0.018_9_2.9_0_0.47_1_0.17_2_1.2_A1_0.97_P_32/inp056.err for more details.
ERROR in MURE::BuildMCNPFile
	 Some nuclei have troubles, see transcript U5_0.71_8_93_P6_0.2_8_0.018_9_2.9_0_0.47_1_0.17_2_1.2_A1_0.97_P_32/inp057.err for more details.
ERROR in MURE::WriteMaterial(ostream &Out)
	 Some nuclei have troubles, see transcript U5_0.71_8_93_P6_0.2_8_0.018_9_2.9_0_0.47_1_0.17_2_1.2_A1_0.97_P_32/inp057.err for more details.
ERROR in MURE::BuildMCNPFile
	 Some nuclei have troubles, see transcript U5_0.71_8_93_P6_0.2_8_0.018_9_2.9_0_0.47_1_0.17_2_1.2_A1_0.97_P_32/inp058.err for more details.
ERROR in MURE::WriteMaterial(ostream &Out)
	 Some nuclei have troubles, see transcript U5_0.71_8_93_P6_0.2_8_0.018_9_2.9_0_0.47_1_0.17_2_1.2_A1_0.97_P_32/inp058.err for more details.
ERROR in MURE::BuildMCNPFile
	 Some nuclei have troubles, see transcript U5_0.71_8_93_P6_0.2_8_0.018_9_2.9_0_0.47_1_0.17_2_1.2_A1_0.97_P_32/inp059.err for more details.
ERROR in MURE::WriteMaterial(ostream &Out)
	 Some nuclei have troubles, see transcript U5_0.71_8_93_P6_0.2_8_0.018_9_2.9_0_0.47_1_0.17_2_1.2_A1_0.97_P_32/inp059.err for more details.
ERROR in MURE::BuildMCNPFile
	 Some nuclei have troubles, see transcript U5_0.71_8_93_P6_0.2_8_0.018_9_2.9_0_0.47_1_0.17_2_1.2_A1_0.97_P_32/inp060.err for more details.
ERROR in MURE::WriteMaterial(ostream &Out)
	 Some nuclei have troubles, see transcript U5_0.71_8_93_P6_0.2_8_0.018_9_2.9_0_0.47_1_0.17_2_1.2_A1_0.97_P_32/inp060.err for more details.
ERROR in MURE::BuildMCNPFile
	 Some nuclei have troubles, see transcript U5_0.71_8_93_P6_0.2_8_0.018_9_2.9_0_0.47_1_0.17_2_1.2_A1_0.97_P_32/inp061.err for more details.
ERROR in MURE::WriteMaterial(ostream &Out)
	 Some nuclei have troubles, see transcript U5_0.71_8_93_P6_0.2_8_0.018_9_2.9_0_0.47_1_0.17_2_1.2_A1_0.97_P_32/inp061.err for more details.
ERROR in MURE::BuildMCNPFile
	 Some nuclei have troubles, see transcript U5_0.71_8_93_P6_0.2_8_0.018_9_2.9_0_0.47_1_0.17_2_1.2_A1_0.97_P_32/inp062.err for more details.
ERROR in MURE::WriteMaterial(ostream &Out)
	 Some nuclei have troubles, see transcript U5_0.71_8_93_P6_0.2_8_0.018_9_2.9_0_0.47_1_0.17_2_1.2_A1_0.97_P_32/inp062.err for more details.
ERROR in MURE::BuildMCNPFile
	 Some nuclei have troubles, see transcript U5_0.71_8_93_P6_0.2_8_0.018_9_2.9_0_0.47_1_0.17_2_1.2_A1_0.97_P_32/inp063.err for more details.
ERROR in MURE::WriteMaterial(ostream &Out)
	 Some nuclei have troubles, see transcript U5_0.71_8_93_P6_0.2_8_0.018_9_2.9_0_0.47_1_0.17_2_1.2_A1_0.97_P_32/inp063.err for more details.
ERROR in MURE::BuildMCNPFile
	 Some nuclei have troubles, see transcript U5_0.71_8_93_P6_0.2_8_0.018_9_2.9_0_0.47_1_0.17_2_1.2_A1_0.97_P_32/inp064.err for more details.
ERROR in MURE::WriteMaterial(ostream &Out)
	 Some nuclei have troubles, see transcript U5_0.71_8_93_P6_0.2_8_0.018_9_2.9_0_0.47_1_0.17_2_1.2_A1_0.97_P_32/inp064.err for more details.
ERROR in MURE::BuildMCNPFile
	 Some nuclei have troubles, see transcript U5_0.71_8_93_P6_0.2_8_0.018_9_2.9_0_0.47_1_0.17_2_1.2_A1_0.97_P_32/inp065.err for more details.
ERROR in MURE::WriteMaterial(ostream &Out)
	 Some nuclei have troubles, see transcript U5_0.71_8_93_P6_0.2_8_0.018_9_2.9_0_0.47_1_0.17_2_1.2_A1_0.97_P_32/inp065.err for more details.
ERROR in MURE::BuildMCNPFile
	 Some nuclei have troubles, see transcript U5_0.71_8_93_P6_0.2_8_0.018_9_2.9_0_0.47_1_0.17_2_1.2_A1_0.97_P_32/inp066.err for more details.
ERROR in MURE::WriteMaterial(ostream &Out)
	 Some nuclei have troubles, see transcript U5_0.71_8_93_P6_0.2_8_0.018_9_2.9_0_0.47_1_0.17_2_1.2_A1_0.97_P_32/inp066.err for more details.
ERROR in MURE::BuildMCNPFile
	 Some nuclei have troubles, see transcript U5_0.71_8_93_P6_0.2_8_0.018_9_2.9_0_0.47_1_0.17_2_1.2_A1_0.97_P_32/inp067.err for more details.
ERROR in MURE::WriteMaterial(ostream &Out)
	 Some nuclei have troubles, see transcript U5_0.71_8_93_P6_0.2_8_0.018_9_2.9_0_0.47_1_0.17_2_1.2_A1_0.97_P_32/inp067.err for more details.
ERROR in MURE::BuildMCNPFile
	 Some nuclei have troubles, see transcript U5_0.71_8_93_P6_0.2_8_0.018_9_2.9_0_0.47_1_0.17_2_1.2_A1_0.97_P_32/inp068.err for more details.
ERROR in MURE::WriteMaterial(ostream &Out)
	 Some nuclei have troubles, see transcript U5_0.71_8_93_P6_0.2_8_0.018_9_2.9_0_0.47_1_0.17_2_1.2_A1_0.97_P_32/inp068.err for more details.
ERROR in MURE::BuildMCNPFile
	 Some nuclei have troubles, see transcript U5_0.71_8_93_P6_0.2_8_0.018_9_2.9_0_0.47_1_0.17_2_1.2_A1_0.97_P_32/inp069.err for more details.
ERROR in MURE::WriteMaterial(ostream &Out)
	 Some nuclei have troubles, see transcript U5_0.71_8_93_P6_0.2_8_0.018_9_2.9_0_0.47_1_0.17_2_1.2_A1_0.97_P_32/inp069.err for more details.
ERROR in MURE::BuildMCNPFile
	 Some nuclei have troubles, see transcript U5_0.71_8_93_P6_0.2_8_0.018_9_2.9_0_0.47_1_0.17_2_1.2_A1_0.97_P_32/inp070.err for more details.
ERROR in MURE::WriteMaterial(ostream &Out)
	 Some nuclei have troubles, see transcript U5_0.71_8_93_P6_0.2_8_0.018_9_2.9_0_0.47_1_0.17_2_1.2_A1_0.97_P_32/inp070.err for more details.
ERROR in MURE::BuildMCNPFile
	 Some nuclei have troubles, see transcript U5_0.71_8_93_P6_0.2_8_0.018_9_2.9_0_0.47_1_0.17_2_1.2_A1_0.97_P_32/inp071.err for more details.
ERROR in MURE::WriteMaterial(ostream &Out)
	 Some nuclei have troubles, see transcript U5_0.71_8_93_P6_0.2_8_0.018_9_2.9_0_0.47_1_0.17_2_1.2_A1_0.97_P_32/inp071.err for more details.
ERROR in MURE::BuildMCNPFile
	 Some nuclei have troubles, see transcript U5_0.71_8_93_P6_0.2_8_0.018_9_2.9_0_0.47_1_0.17_2_1.2_A1_0.97_P_32/inp072.err for more details.
ERROR in MURE::WriteMaterial(ostream &Out)
	 Some nuclei have troubles, see transcript U5_0.71_8_93_P6_0.2_8_0.018_9_2.9_0_0.47_1_0.17_2_1.2_A1_0.97_P_32/inp072.err for more details.
ERROR in MURE::BuildMCNPFile
	 Some nuclei have troubles, see transcript U5_0.71_8_93_P6_0.2_8_0.018_9_2.9_0_0.47_1_0.17_2_1.2_A1_0.97_P_32/inp073.err for more details.
ERROR in MURE::WriteMaterial(ostream &Out)
	 Some nuclei have troubles, see transcript U5_0.71_8_93_P6_0.2_8_0.018_9_2.9_0_0.47_1_0.17_2_1.2_A1_0.97_P_32/inp073.err for more details.
ERROR in MURE::BuildMCNPFile
	 Some nuclei have troubles, see transcript U5_0.71_8_93_P6_0.2_8_0.018_9_2.9_0_0.47_1_0.17_2_1.2_A1_0.97_P_32/inp074.err for more details.
ERROR in MURE::WriteMaterial(ostream &Out)
	 Some nuclei have troubles, see transcript U5_0.71_8_93_P6_0.2_8_0.018_9_2.9_0_0.47_1_0.17_2_1.2_A1_0.97_P_32/inp074.err for more details.
ERROR in MURE::BuildMCNPFile
	 Some nuclei have troubles, see transcript U5_0.71_8_93_P6_0.2_8_0.018_9_2.9_0_0.47_1_0.17_2_1.2_A1_0.97_P_32/inp075.err for more details.
ERROR in MURE::WriteMaterial(ostream &Out)
	 Some nuclei have troubles, see transcript U5_0.71_8_93_P6_0.2_8_0.018_9_2.9_0_0.47_1_0.17_2_1.2_A1_0.97_P_32/inp075.err for more details.
ERROR in MURE::BuildMCNPFile
	 Some nuclei have troubles, see transcript U5_0.71_8_93_P6_0.2_8_0.018_9_2.9_0_0.47_1_0.17_2_1.2_A1_0.97_P_32/inp076.err for more details.
ERROR in MURE::WriteMaterial(ostream &Out)
	 Some nuclei have troubles, see transcript U5_0.71_8_93_P6_0.2_8_0.018_9_2.9_0_0.47_1_0.17_2_1.2_A1_0.97_P_32/inp076.err for more details.
ERROR in MURE::BuildMCNPFile
	 Some nuclei have troubles, see transcript U5_0.71_8_93_P6_0.2_8_0.018_9_2.9_0_0.47_1_0.17_2_1.2_A1_0.97_P_32/inp077.err for more details.
ERROR in MURE::WriteMaterial(ostream &Out)
	 Some nuclei have troubles, see transcript U5_0.71_8_93_P6_0.2_8_0.018_9_2.9_0_0.47_1_0.17_2_1.2_A1_0.97_P_32/inp077.err for more details.
ERROR in MURE::BuildMCNPFile
	 Some nuclei have troubles, see transcript U5_0.71_8_93_P6_0.2_8_0.018_9_2.9_0_0.47_1_0.17_2_1.2_A1_0.97_P_32/inp078.err for more details.
ERROR in MURE::WriteMaterial(ostream &Out)
	 Some nuclei have troubles, see transcript U5_0.71_8_93_P6_0.2_8_0.018_9_2.9_0_0.47_1_0.17_2_1.2_A1_0.97_P_32/inp078.err for more details.
ERROR in MURE::BuildMCNPFile
	 Some nuclei have troubles, see transcript U5_0.71_8_93_P6_0.2_8_0.018_9_2.9_0_0.47_1_0.17_2_1.2_A1_0.97_P_32/inp079.err for more details.
ERROR in MURE::WriteMaterial(ostream &Out)
	 Some nuclei have troubles, see transcript U5_0.71_8_93_P6_0.2_8_0.018_9_2.9_0_0.47_1_0.17_2_1.2_A1_0.97_P_32/inp079.err for more details.
* About to connect() to ftp.box.com port 21 (#0)
*   Trying 107.152.25.220... connected
* Connected to ftp.box.com (107.152.25.220) port 21 (#0)
< 220 Service ready for new user.
> AUTH SSL
< 234 Command AUTH okay; starting SSL connection.
* Initializing NSS with certpath: sql:/etc/pki/nssdb
*   CAfile: /etc/pki/tls/certs/ca-bundle.crt
  CApath: none
* SSL connection using TLS_RSA_WITH_AES_128_CBC_SHA
* Server certificate:
* 	subject: CN=*.box.com,O="Box, Inc.",L=Los Altos,ST=California,C=US
* 	start date: Nov 13 19:22:20 2014 GMT
* 	expire date: Oct 23 02:42:03 2017 GMT
* 	common name: *.box.com
* 	issuer: CN=GeoTrust SSL CA - G4,O=GeoTrust Inc.,C=US
> USER mouginot@wisc.edu
< 331 User name okay, need password for mouginot@wisc.edu.
> PASS line150782
< 230 User logged in, proceed.
> PBSZ 0
< 200 Command PBSZ okay.
> PROT P
< 200 Command PROT okay.
> PWD
< 257 "/" is current directory.
* Entry path is '/'
> CWD MODEL_DATA
< 250 Directory changed to /MODEL_DATA
> CWD PWR_TRU_MOX_PSPEC
< 250 Directory changed to /MODEL_DATA/PWR_TRU_MOX_PSPEC
> CWD 1000
< 250 Directory changed to /MODEL_DATA/PWR_TRU_MOX_PSPEC/1000
> PASV
* Connect data stream passively
< 227 Entering Passive Mode (107,152,25,220,77,203)
* Skips 107.152.25.220 for data connection, uses 107.152.25.220 instead
*   Trying 107.152.25.220... connected
* Connecting to 107.152.25.220 (107.152.25.220) port 19915
> TYPE I
< 200 Command TYPE okay.
> STOR 691_raw.tar.gz
< 150 File status okay; about to open data connection.
* Doing the SSL/TLS handshake on the data stream
*   CAfile: /etc/pki/tls/certs/ca-bundle.crt
  CApath: none
* SSL connection using TLS_RSA_WITH_AES_128_CBC_SHA
* Server certificate:
* 	subject: CN=*.box.com,O="Box, Inc.",L=Los Altos,ST=California,C=US
* 	start date: Nov 13 19:22:20 2014 GMT
* 	expire date: Oct 23 02:42:03 2017 GMT
* 	common name: *.box.com
* 	issuer: CN=GeoTrust SSL CA - G4,O=GeoTrust Inc.,C=US
} [data not shown]
  % Total    % Received % Xferd  Average Speed   Time    Time     Time  Current
                                 Dload  Upload   Total   Spent    Left  Speed
  0 43.5M    0     0    0 16384      0   4565  2:46:48  0:00:03  2:46:45  4565 11 43.5M    0     0   11 5136k      0  1122k  0:00:39  0:00:04  0:00:35 5192k 53 43.5M    0     0   53 23.4M      0  4308k  0:00:10  0:00:05  0:00:05 11.8M 94 43.5M    0     0   94 41.2M      0  6420k  0:00:06  0:00:06 --:--:-- 13.7M* Remembering we are in dir "MODEL_DATA/PWR_TRU_MOX_PSPEC/1000/"
< 226 Transfer complete.
100 43.5M    0     0  100 43.5M      0  6018k  0:00:07  0:00:07 --:--:-- 11.3M* Connection #0 to host ftp.box.com left intact

> QUIT
< 221 Goodbye.
* Closing connection #0
