ERROR in MURE::BuildXSDIR()
	 Some nuclei have troubles, see transcript U5_0.064_8_92_P6_0.18_8_0.34_9_5.5_0_0.16_1_0.53_2_0.67_A1_0.82_P_11/inp000.err for more details.
ERROR in MURE::BuildMCNPFile
	 Some nuclei have troubles, see transcript U5_0.064_8_92_P6_0.18_8_0.34_9_5.5_0_0.16_1_0.53_2_0.67_A1_0.82_P_11/inp000.err for more details.
ERROR in MURE::WriteMaterial(ostream &Out)
	 Some nuclei have troubles, see transcript U5_0.064_8_92_P6_0.18_8_0.34_9_5.5_0_0.16_1_0.53_2_0.67_A1_0.82_P_11/inp000.err for more details.
ERROR in MURE::BuildMCNPFile
	 Some nuclei have troubles, see transcript U5_0.064_8_92_P6_0.18_8_0.34_9_5.5_0_0.16_1_0.53_2_0.67_A1_0.82_P_11/inp001.err for more details.
ERROR in MURE::WriteMaterial(ostream &Out)
	 Some nuclei have troubles, see transcript U5_0.064_8_92_P6_0.18_8_0.34_9_5.5_0_0.16_1_0.53_2_0.67_A1_0.82_P_11/inp001.err for more details.
ERROR in MURE::BuildMCNPFile
	 Some nuclei have troubles, see transcript U5_0.064_8_92_P6_0.18_8_0.34_9_5.5_0_0.16_1_0.53_2_0.67_A1_0.82_P_11/inp002.err for more details.
ERROR in MURE::WriteMaterial(ostream &Out)
	 Some nuclei have troubles, see transcript U5_0.064_8_92_P6_0.18_8_0.34_9_5.5_0_0.16_1_0.53_2_0.67_A1_0.82_P_11/inp002.err for more details.
ERROR in MURE::BuildMCNPFile
	 Some nuclei have troubles, see transcript U5_0.064_8_92_P6_0.18_8_0.34_9_5.5_0_0.16_1_0.53_2_0.67_A1_0.82_P_11/inp003.err for more details.
ERROR in MURE::WriteMaterial(ostream &Out)
	 Some nuclei have troubles, see transcript U5_0.064_8_92_P6_0.18_8_0.34_9_5.5_0_0.16_1_0.53_2_0.67_A1_0.82_P_11/inp003.err for more details.
ERROR in MURE::BuildMCNPFile
	 Some nuclei have troubles, see transcript U5_0.064_8_92_P6_0.18_8_0.34_9_5.5_0_0.16_1_0.53_2_0.67_A1_0.82_P_11/inp004.err for more details.
ERROR in MURE::WriteMaterial(ostream &Out)
	 Some nuclei have troubles, see transcript U5_0.064_8_92_P6_0.18_8_0.34_9_5.5_0_0.16_1_0.53_2_0.67_A1_0.82_P_11/inp004.err for more details.
ERROR in MURE::BuildMCNPFile
	 Some nuclei have troubles, see transcript U5_0.064_8_92_P6_0.18_8_0.34_9_5.5_0_0.16_1_0.53_2_0.67_A1_0.82_P_11/inp005.err for more details.
ERROR in MURE::WriteMaterial(ostream &Out)
	 Some nuclei have troubles, see transcript U5_0.064_8_92_P6_0.18_8_0.34_9_5.5_0_0.16_1_0.53_2_0.67_A1_0.82_P_11/inp005.err for more details.
ERROR in MURE::BuildMCNPFile
	 Some nuclei have troubles, see transcript U5_0.064_8_92_P6_0.18_8_0.34_9_5.5_0_0.16_1_0.53_2_0.67_A1_0.82_P_11/inp006.err for more details.
ERROR in MURE::WriteMaterial(ostream &Out)
	 Some nuclei have troubles, see transcript U5_0.064_8_92_P6_0.18_8_0.34_9_5.5_0_0.16_1_0.53_2_0.67_A1_0.82_P_11/inp006.err for more details.
ERROR in MURE::BuildMCNPFile
	 Some nuclei have troubles, see transcript U5_0.064_8_92_P6_0.18_8_0.34_9_5.5_0_0.16_1_0.53_2_0.67_A1_0.82_P_11/inp007.err for more details.
ERROR in MURE::WriteMaterial(ostream &Out)
	 Some nuclei have troubles, see transcript U5_0.064_8_92_P6_0.18_8_0.34_9_5.5_0_0.16_1_0.53_2_0.67_A1_0.82_P_11/inp007.err for more details.
ERROR in MURE::BuildMCNPFile
	 Some nuclei have troubles, see transcript U5_0.064_8_92_P6_0.18_8_0.34_9_5.5_0_0.16_1_0.53_2_0.67_A1_0.82_P_11/inp008.err for more details.
ERROR in MURE::WriteMaterial(ostream &Out)
	 Some nuclei have troubles, see transcript U5_0.064_8_92_P6_0.18_8_0.34_9_5.5_0_0.16_1_0.53_2_0.67_A1_0.82_P_11/inp008.err for more details.
ERROR in MURE::BuildMCNPFile
	 Some nuclei have troubles, see transcript U5_0.064_8_92_P6_0.18_8_0.34_9_5.5_0_0.16_1_0.53_2_0.67_A1_0.82_P_11/inp009.err for more details.
ERROR in MURE::WriteMaterial(ostream &Out)
	 Some nuclei have troubles, see transcript U5_0.064_8_92_P6_0.18_8_0.34_9_5.5_0_0.16_1_0.53_2_0.67_A1_0.82_P_11/inp009.err for more details.
ERROR in MURE::BuildMCNPFile
	 Some nuclei have troubles, see transcript U5_0.064_8_92_P6_0.18_8_0.34_9_5.5_0_0.16_1_0.53_2_0.67_A1_0.82_P_11/inp010.err for more details.
ERROR in MURE::WriteMaterial(ostream &Out)
	 Some nuclei have troubles, see transcript U5_0.064_8_92_P6_0.18_8_0.34_9_5.5_0_0.16_1_0.53_2_0.67_A1_0.82_P_11/inp010.err for more details.
ERROR in MURE::BuildMCNPFile
	 Some nuclei have troubles, see transcript U5_0.064_8_92_P6_0.18_8_0.34_9_5.5_0_0.16_1_0.53_2_0.67_A1_0.82_P_11/inp011.err for more details.
ERROR in MURE::WriteMaterial(ostream &Out)
	 Some nuclei have troubles, see transcript U5_0.064_8_92_P6_0.18_8_0.34_9_5.5_0_0.16_1_0.53_2_0.67_A1_0.82_P_11/inp011.err for more details.
ERROR in MURE::BuildMCNPFile
	 Some nuclei have troubles, see transcript U5_0.064_8_92_P6_0.18_8_0.34_9_5.5_0_0.16_1_0.53_2_0.67_A1_0.82_P_11/inp012.err for more details.
ERROR in MURE::WriteMaterial(ostream &Out)
	 Some nuclei have troubles, see transcript U5_0.064_8_92_P6_0.18_8_0.34_9_5.5_0_0.16_1_0.53_2_0.67_A1_0.82_P_11/inp012.err for more details.
ERROR in MURE::BuildMCNPFile
	 Some nuclei have troubles, see transcript U5_0.064_8_92_P6_0.18_8_0.34_9_5.5_0_0.16_1_0.53_2_0.67_A1_0.82_P_11/inp013.err for more details.
ERROR in MURE::WriteMaterial(ostream &Out)
	 Some nuclei have troubles, see transcript U5_0.064_8_92_P6_0.18_8_0.34_9_5.5_0_0.16_1_0.53_2_0.67_A1_0.82_P_11/inp013.err for more details.
ERROR in MURE::BuildMCNPFile
	 Some nuclei have troubles, see transcript U5_0.064_8_92_P6_0.18_8_0.34_9_5.5_0_0.16_1_0.53_2_0.67_A1_0.82_P_11/inp014.err for more details.
ERROR in MURE::WriteMaterial(ostream &Out)
	 Some nuclei have troubles, see transcript U5_0.064_8_92_P6_0.18_8_0.34_9_5.5_0_0.16_1_0.53_2_0.67_A1_0.82_P_11/inp014.err for more details.
ERROR in MURE::BuildMCNPFile
	 Some nuclei have troubles, see transcript U5_0.064_8_92_P6_0.18_8_0.34_9_5.5_0_0.16_1_0.53_2_0.67_A1_0.82_P_11/inp015.err for more details.
ERROR in MURE::WriteMaterial(ostream &Out)
	 Some nuclei have troubles, see transcript U5_0.064_8_92_P6_0.18_8_0.34_9_5.5_0_0.16_1_0.53_2_0.67_A1_0.82_P_11/inp015.err for more details.
ERROR in MURE::BuildMCNPFile
	 Some nuclei have troubles, see transcript U5_0.064_8_92_P6_0.18_8_0.34_9_5.5_0_0.16_1_0.53_2_0.67_A1_0.82_P_11/inp016.err for more details.
ERROR in MURE::WriteMaterial(ostream &Out)
	 Some nuclei have troubles, see transcript U5_0.064_8_92_P6_0.18_8_0.34_9_5.5_0_0.16_1_0.53_2_0.67_A1_0.82_P_11/inp016.err for more details.
ERROR in MURE::BuildMCNPFile
	 Some nuclei have troubles, see transcript U5_0.064_8_92_P6_0.18_8_0.34_9_5.5_0_0.16_1_0.53_2_0.67_A1_0.82_P_11/inp017.err for more details.
ERROR in MURE::WriteMaterial(ostream &Out)
	 Some nuclei have troubles, see transcript U5_0.064_8_92_P6_0.18_8_0.34_9_5.5_0_0.16_1_0.53_2_0.67_A1_0.82_P_11/inp017.err for more details.
ERROR in MURE::BuildMCNPFile
	 Some nuclei have troubles, see transcript U5_0.064_8_92_P6_0.18_8_0.34_9_5.5_0_0.16_1_0.53_2_0.67_A1_0.82_P_11/inp018.err for more details.
ERROR in MURE::WriteMaterial(ostream &Out)
	 Some nuclei have troubles, see transcript U5_0.064_8_92_P6_0.18_8_0.34_9_5.5_0_0.16_1_0.53_2_0.67_A1_0.82_P_11/inp018.err for more details.
ERROR in MURE::BuildMCNPFile
	 Some nuclei have troubles, see transcript U5_0.064_8_92_P6_0.18_8_0.34_9_5.5_0_0.16_1_0.53_2_0.67_A1_0.82_P_11/inp019.err for more details.
ERROR in MURE::WriteMaterial(ostream &Out)
	 Some nuclei have troubles, see transcript U5_0.064_8_92_P6_0.18_8_0.34_9_5.5_0_0.16_1_0.53_2_0.67_A1_0.82_P_11/inp019.err for more details.
ERROR in MURE::BuildMCNPFile
	 Some nuclei have troubles, see transcript U5_0.064_8_92_P6_0.18_8_0.34_9_5.5_0_0.16_1_0.53_2_0.67_A1_0.82_P_11/inp020.err for more details.
ERROR in MURE::WriteMaterial(ostream &Out)
	 Some nuclei have troubles, see transcript U5_0.064_8_92_P6_0.18_8_0.34_9_5.5_0_0.16_1_0.53_2_0.67_A1_0.82_P_11/inp020.err for more details.
ERROR in MURE::BuildMCNPFile
	 Some nuclei have troubles, see transcript U5_0.064_8_92_P6_0.18_8_0.34_9_5.5_0_0.16_1_0.53_2_0.67_A1_0.82_P_11/inp021.err for more details.
ERROR in MURE::WriteMaterial(ostream &Out)
	 Some nuclei have troubles, see transcript U5_0.064_8_92_P6_0.18_8_0.34_9_5.5_0_0.16_1_0.53_2_0.67_A1_0.82_P_11/inp021.err for more details.
ERROR in MURE::BuildMCNPFile
	 Some nuclei have troubles, see transcript U5_0.064_8_92_P6_0.18_8_0.34_9_5.5_0_0.16_1_0.53_2_0.67_A1_0.82_P_11/inp022.err for more details.
ERROR in MURE::WriteMaterial(ostream &Out)
	 Some nuclei have troubles, see transcript U5_0.064_8_92_P6_0.18_8_0.34_9_5.5_0_0.16_1_0.53_2_0.67_A1_0.82_P_11/inp022.err for more details.
ERROR in MURE::BuildMCNPFile
	 Some nuclei have troubles, see transcript U5_0.064_8_92_P6_0.18_8_0.34_9_5.5_0_0.16_1_0.53_2_0.67_A1_0.82_P_11/inp023.err for more details.
ERROR in MURE::WriteMaterial(ostream &Out)
	 Some nuclei have troubles, see transcript U5_0.064_8_92_P6_0.18_8_0.34_9_5.5_0_0.16_1_0.53_2_0.67_A1_0.82_P_11/inp023.err for more details.
ERROR in MURE::BuildMCNPFile
	 Some nuclei have troubles, see transcript U5_0.064_8_92_P6_0.18_8_0.34_9_5.5_0_0.16_1_0.53_2_0.67_A1_0.82_P_11/inp024.err for more details.
ERROR in MURE::WriteMaterial(ostream &Out)
	 Some nuclei have troubles, see transcript U5_0.064_8_92_P6_0.18_8_0.34_9_5.5_0_0.16_1_0.53_2_0.67_A1_0.82_P_11/inp024.err for more details.
ERROR in MURE::BuildMCNPFile
	 Some nuclei have troubles, see transcript U5_0.064_8_92_P6_0.18_8_0.34_9_5.5_0_0.16_1_0.53_2_0.67_A1_0.82_P_11/inp025.err for more details.
ERROR in MURE::WriteMaterial(ostream &Out)
	 Some nuclei have troubles, see transcript U5_0.064_8_92_P6_0.18_8_0.34_9_5.5_0_0.16_1_0.53_2_0.67_A1_0.82_P_11/inp025.err for more details.
ERROR in MURE::BuildMCNPFile
	 Some nuclei have troubles, see transcript U5_0.064_8_92_P6_0.18_8_0.34_9_5.5_0_0.16_1_0.53_2_0.67_A1_0.82_P_11/inp026.err for more details.
ERROR in MURE::WriteMaterial(ostream &Out)
	 Some nuclei have troubles, see transcript U5_0.064_8_92_P6_0.18_8_0.34_9_5.5_0_0.16_1_0.53_2_0.67_A1_0.82_P_11/inp026.err for more details.
ERROR in MURE::BuildMCNPFile
	 Some nuclei have troubles, see transcript U5_0.064_8_92_P6_0.18_8_0.34_9_5.5_0_0.16_1_0.53_2_0.67_A1_0.82_P_11/inp027.err for more details.
ERROR in MURE::WriteMaterial(ostream &Out)
	 Some nuclei have troubles, see transcript U5_0.064_8_92_P6_0.18_8_0.34_9_5.5_0_0.16_1_0.53_2_0.67_A1_0.82_P_11/inp027.err for more details.
ERROR in MURE::BuildMCNPFile
	 Some nuclei have troubles, see transcript U5_0.064_8_92_P6_0.18_8_0.34_9_5.5_0_0.16_1_0.53_2_0.67_A1_0.82_P_11/inp028.err for more details.
ERROR in MURE::WriteMaterial(ostream &Out)
	 Some nuclei have troubles, see transcript U5_0.064_8_92_P6_0.18_8_0.34_9_5.5_0_0.16_1_0.53_2_0.67_A1_0.82_P_11/inp028.err for more details.
ERROR in MURE::BuildMCNPFile
	 Some nuclei have troubles, see transcript U5_0.064_8_92_P6_0.18_8_0.34_9_5.5_0_0.16_1_0.53_2_0.67_A1_0.82_P_11/inp029.err for more details.
ERROR in MURE::WriteMaterial(ostream &Out)
	 Some nuclei have troubles, see transcript U5_0.064_8_92_P6_0.18_8_0.34_9_5.5_0_0.16_1_0.53_2_0.67_A1_0.82_P_11/inp029.err for more details.
ERROR in MURE::BuildMCNPFile
	 Some nuclei have troubles, see transcript U5_0.064_8_92_P6_0.18_8_0.34_9_5.5_0_0.16_1_0.53_2_0.67_A1_0.82_P_11/inp030.err for more details.
ERROR in MURE::WriteMaterial(ostream &Out)
	 Some nuclei have troubles, see transcript U5_0.064_8_92_P6_0.18_8_0.34_9_5.5_0_0.16_1_0.53_2_0.67_A1_0.82_P_11/inp030.err for more details.
ERROR in MURE::BuildMCNPFile
	 Some nuclei have troubles, see transcript U5_0.064_8_92_P6_0.18_8_0.34_9_5.5_0_0.16_1_0.53_2_0.67_A1_0.82_P_11/inp031.err for more details.
ERROR in MURE::WriteMaterial(ostream &Out)
	 Some nuclei have troubles, see transcript U5_0.064_8_92_P6_0.18_8_0.34_9_5.5_0_0.16_1_0.53_2_0.67_A1_0.82_P_11/inp031.err for more details.
ERROR in MURE::BuildMCNPFile
	 Some nuclei have troubles, see transcript U5_0.064_8_92_P6_0.18_8_0.34_9_5.5_0_0.16_1_0.53_2_0.67_A1_0.82_P_11/inp032.err for more details.
ERROR in MURE::WriteMaterial(ostream &Out)
	 Some nuclei have troubles, see transcript U5_0.064_8_92_P6_0.18_8_0.34_9_5.5_0_0.16_1_0.53_2_0.67_A1_0.82_P_11/inp032.err for more details.
ERROR in MURE::BuildMCNPFile
	 Some nuclei have troubles, see transcript U5_0.064_8_92_P6_0.18_8_0.34_9_5.5_0_0.16_1_0.53_2_0.67_A1_0.82_P_11/inp033.err for more details.
ERROR in MURE::WriteMaterial(ostream &Out)
	 Some nuclei have troubles, see transcript U5_0.064_8_92_P6_0.18_8_0.34_9_5.5_0_0.16_1_0.53_2_0.67_A1_0.82_P_11/inp033.err for more details.
ERROR in MURE::BuildMCNPFile
	 Some nuclei have troubles, see transcript U5_0.064_8_92_P6_0.18_8_0.34_9_5.5_0_0.16_1_0.53_2_0.67_A1_0.82_P_11/inp034.err for more details.
ERROR in MURE::WriteMaterial(ostream &Out)
	 Some nuclei have troubles, see transcript U5_0.064_8_92_P6_0.18_8_0.34_9_5.5_0_0.16_1_0.53_2_0.67_A1_0.82_P_11/inp034.err for more details.
ERROR in MURE::BuildMCNPFile
	 Some nuclei have troubles, see transcript U5_0.064_8_92_P6_0.18_8_0.34_9_5.5_0_0.16_1_0.53_2_0.67_A1_0.82_P_11/inp035.err for more details.
ERROR in MURE::WriteMaterial(ostream &Out)
	 Some nuclei have troubles, see transcript U5_0.064_8_92_P6_0.18_8_0.34_9_5.5_0_0.16_1_0.53_2_0.67_A1_0.82_P_11/inp035.err for more details.
ERROR in MURE::BuildMCNPFile
	 Some nuclei have troubles, see transcript U5_0.064_8_92_P6_0.18_8_0.34_9_5.5_0_0.16_1_0.53_2_0.67_A1_0.82_P_11/inp036.err for more details.
ERROR in MURE::WriteMaterial(ostream &Out)
	 Some nuclei have troubles, see transcript U5_0.064_8_92_P6_0.18_8_0.34_9_5.5_0_0.16_1_0.53_2_0.67_A1_0.82_P_11/inp036.err for more details.
ERROR in MURE::BuildMCNPFile
	 Some nuclei have troubles, see transcript U5_0.064_8_92_P6_0.18_8_0.34_9_5.5_0_0.16_1_0.53_2_0.67_A1_0.82_P_11/inp037.err for more details.
ERROR in MURE::WriteMaterial(ostream &Out)
	 Some nuclei have troubles, see transcript U5_0.064_8_92_P6_0.18_8_0.34_9_5.5_0_0.16_1_0.53_2_0.67_A1_0.82_P_11/inp037.err for more details.
ERROR in MURE::BuildMCNPFile
	 Some nuclei have troubles, see transcript U5_0.064_8_92_P6_0.18_8_0.34_9_5.5_0_0.16_1_0.53_2_0.67_A1_0.82_P_11/inp038.err for more details.
ERROR in MURE::WriteMaterial(ostream &Out)
	 Some nuclei have troubles, see transcript U5_0.064_8_92_P6_0.18_8_0.34_9_5.5_0_0.16_1_0.53_2_0.67_A1_0.82_P_11/inp038.err for more details.
ERROR in MURE::BuildMCNPFile
	 Some nuclei have troubles, see transcript U5_0.064_8_92_P6_0.18_8_0.34_9_5.5_0_0.16_1_0.53_2_0.67_A1_0.82_P_11/inp039.err for more details.
ERROR in MURE::WriteMaterial(ostream &Out)
	 Some nuclei have troubles, see transcript U5_0.064_8_92_P6_0.18_8_0.34_9_5.5_0_0.16_1_0.53_2_0.67_A1_0.82_P_11/inp039.err for more details.
ERROR in MURE::BuildMCNPFile
	 Some nuclei have troubles, see transcript U5_0.064_8_92_P6_0.18_8_0.34_9_5.5_0_0.16_1_0.53_2_0.67_A1_0.82_P_11/inp040.err for more details.
ERROR in MURE::WriteMaterial(ostream &Out)
	 Some nuclei have troubles, see transcript U5_0.064_8_92_P6_0.18_8_0.34_9_5.5_0_0.16_1_0.53_2_0.67_A1_0.82_P_11/inp040.err for more details.
ERROR in MURE::BuildMCNPFile
	 Some nuclei have troubles, see transcript U5_0.064_8_92_P6_0.18_8_0.34_9_5.5_0_0.16_1_0.53_2_0.67_A1_0.82_P_11/inp041.err for more details.
ERROR in MURE::WriteMaterial(ostream &Out)
	 Some nuclei have troubles, see transcript U5_0.064_8_92_P6_0.18_8_0.34_9_5.5_0_0.16_1_0.53_2_0.67_A1_0.82_P_11/inp041.err for more details.
ERROR in MURE::BuildMCNPFile
	 Some nuclei have troubles, see transcript U5_0.064_8_92_P6_0.18_8_0.34_9_5.5_0_0.16_1_0.53_2_0.67_A1_0.82_P_11/inp042.err for more details.
ERROR in MURE::WriteMaterial(ostream &Out)
	 Some nuclei have troubles, see transcript U5_0.064_8_92_P6_0.18_8_0.34_9_5.5_0_0.16_1_0.53_2_0.67_A1_0.82_P_11/inp042.err for more details.
ERROR in MURE::BuildMCNPFile
	 Some nuclei have troubles, see transcript U5_0.064_8_92_P6_0.18_8_0.34_9_5.5_0_0.16_1_0.53_2_0.67_A1_0.82_P_11/inp043.err for more details.
ERROR in MURE::WriteMaterial(ostream &Out)
	 Some nuclei have troubles, see transcript U5_0.064_8_92_P6_0.18_8_0.34_9_5.5_0_0.16_1_0.53_2_0.67_A1_0.82_P_11/inp043.err for more details.
ERROR in MURE::BuildMCNPFile
	 Some nuclei have troubles, see transcript U5_0.064_8_92_P6_0.18_8_0.34_9_5.5_0_0.16_1_0.53_2_0.67_A1_0.82_P_11/inp044.err for more details.
ERROR in MURE::WriteMaterial(ostream &Out)
	 Some nuclei have troubles, see transcript U5_0.064_8_92_P6_0.18_8_0.34_9_5.5_0_0.16_1_0.53_2_0.67_A1_0.82_P_11/inp044.err for more details.
ERROR in MURE::BuildMCNPFile
	 Some nuclei have troubles, see transcript U5_0.064_8_92_P6_0.18_8_0.34_9_5.5_0_0.16_1_0.53_2_0.67_A1_0.82_P_11/inp045.err for more details.
ERROR in MURE::WriteMaterial(ostream &Out)
	 Some nuclei have troubles, see transcript U5_0.064_8_92_P6_0.18_8_0.34_9_5.5_0_0.16_1_0.53_2_0.67_A1_0.82_P_11/inp045.err for more details.
ERROR in MURE::BuildMCNPFile
	 Some nuclei have troubles, see transcript U5_0.064_8_92_P6_0.18_8_0.34_9_5.5_0_0.16_1_0.53_2_0.67_A1_0.82_P_11/inp046.err for more details.
ERROR in MURE::WriteMaterial(ostream &Out)
	 Some nuclei have troubles, see transcript U5_0.064_8_92_P6_0.18_8_0.34_9_5.5_0_0.16_1_0.53_2_0.67_A1_0.82_P_11/inp046.err for more details.
ERROR in MURE::BuildMCNPFile
	 Some nuclei have troubles, see transcript U5_0.064_8_92_P6_0.18_8_0.34_9_5.5_0_0.16_1_0.53_2_0.67_A1_0.82_P_11/inp047.err for more details.
ERROR in MURE::WriteMaterial(ostream &Out)
	 Some nuclei have troubles, see transcript U5_0.064_8_92_P6_0.18_8_0.34_9_5.5_0_0.16_1_0.53_2_0.67_A1_0.82_P_11/inp047.err for more details.
ERROR in MURE::BuildMCNPFile
	 Some nuclei have troubles, see transcript U5_0.064_8_92_P6_0.18_8_0.34_9_5.5_0_0.16_1_0.53_2_0.67_A1_0.82_P_11/inp048.err for more details.
ERROR in MURE::WriteMaterial(ostream &Out)
	 Some nuclei have troubles, see transcript U5_0.064_8_92_P6_0.18_8_0.34_9_5.5_0_0.16_1_0.53_2_0.67_A1_0.82_P_11/inp048.err for more details.
ERROR in MURE::BuildMCNPFile
	 Some nuclei have troubles, see transcript U5_0.064_8_92_P6_0.18_8_0.34_9_5.5_0_0.16_1_0.53_2_0.67_A1_0.82_P_11/inp049.err for more details.
ERROR in MURE::WriteMaterial(ostream &Out)
	 Some nuclei have troubles, see transcript U5_0.064_8_92_P6_0.18_8_0.34_9_5.5_0_0.16_1_0.53_2_0.67_A1_0.82_P_11/inp049.err for more details.
ERROR in MURE::BuildMCNPFile
	 Some nuclei have troubles, see transcript U5_0.064_8_92_P6_0.18_8_0.34_9_5.5_0_0.16_1_0.53_2_0.67_A1_0.82_P_11/inp050.err for more details.
ERROR in MURE::WriteMaterial(ostream &Out)
	 Some nuclei have troubles, see transcript U5_0.064_8_92_P6_0.18_8_0.34_9_5.5_0_0.16_1_0.53_2_0.67_A1_0.82_P_11/inp050.err for more details.
ERROR in MURE::BuildMCNPFile
	 Some nuclei have troubles, see transcript U5_0.064_8_92_P6_0.18_8_0.34_9_5.5_0_0.16_1_0.53_2_0.67_A1_0.82_P_11/inp051.err for more details.
ERROR in MURE::WriteMaterial(ostream &Out)
	 Some nuclei have troubles, see transcript U5_0.064_8_92_P6_0.18_8_0.34_9_5.5_0_0.16_1_0.53_2_0.67_A1_0.82_P_11/inp051.err for more details.
ERROR in MURE::BuildMCNPFile
	 Some nuclei have troubles, see transcript U5_0.064_8_92_P6_0.18_8_0.34_9_5.5_0_0.16_1_0.53_2_0.67_A1_0.82_P_11/inp052.err for more details.
ERROR in MURE::WriteMaterial(ostream &Out)
	 Some nuclei have troubles, see transcript U5_0.064_8_92_P6_0.18_8_0.34_9_5.5_0_0.16_1_0.53_2_0.67_A1_0.82_P_11/inp052.err for more details.
ERROR in MURE::BuildMCNPFile
	 Some nuclei have troubles, see transcript U5_0.064_8_92_P6_0.18_8_0.34_9_5.5_0_0.16_1_0.53_2_0.67_A1_0.82_P_11/inp053.err for more details.
ERROR in MURE::WriteMaterial(ostream &Out)
	 Some nuclei have troubles, see transcript U5_0.064_8_92_P6_0.18_8_0.34_9_5.5_0_0.16_1_0.53_2_0.67_A1_0.82_P_11/inp053.err for more details.
ERROR in MURE::BuildMCNPFile
	 Some nuclei have troubles, see transcript U5_0.064_8_92_P6_0.18_8_0.34_9_5.5_0_0.16_1_0.53_2_0.67_A1_0.82_P_11/inp054.err for more details.
ERROR in MURE::WriteMaterial(ostream &Out)
	 Some nuclei have troubles, see transcript U5_0.064_8_92_P6_0.18_8_0.34_9_5.5_0_0.16_1_0.53_2_0.67_A1_0.82_P_11/inp054.err for more details.
ERROR in MURE::BuildMCNPFile
	 Some nuclei have troubles, see transcript U5_0.064_8_92_P6_0.18_8_0.34_9_5.5_0_0.16_1_0.53_2_0.67_A1_0.82_P_11/inp055.err for more details.
ERROR in MURE::WriteMaterial(ostream &Out)
	 Some nuclei have troubles, see transcript U5_0.064_8_92_P6_0.18_8_0.34_9_5.5_0_0.16_1_0.53_2_0.67_A1_0.82_P_11/inp055.err for more details.
ERROR in MURE::BuildMCNPFile
	 Some nuclei have troubles, see transcript U5_0.064_8_92_P6_0.18_8_0.34_9_5.5_0_0.16_1_0.53_2_0.67_A1_0.82_P_11/inp056.err for more details.
ERROR in MURE::WriteMaterial(ostream &Out)
	 Some nuclei have troubles, see transcript U5_0.064_8_92_P6_0.18_8_0.34_9_5.5_0_0.16_1_0.53_2_0.67_A1_0.82_P_11/inp056.err for more details.
ERROR in MURE::BuildMCNPFile
	 Some nuclei have troubles, see transcript U5_0.064_8_92_P6_0.18_8_0.34_9_5.5_0_0.16_1_0.53_2_0.67_A1_0.82_P_11/inp057.err for more details.
ERROR in MURE::WriteMaterial(ostream &Out)
	 Some nuclei have troubles, see transcript U5_0.064_8_92_P6_0.18_8_0.34_9_5.5_0_0.16_1_0.53_2_0.67_A1_0.82_P_11/inp057.err for more details.
ERROR in MURE::BuildMCNPFile
	 Some nuclei have troubles, see transcript U5_0.064_8_92_P6_0.18_8_0.34_9_5.5_0_0.16_1_0.53_2_0.67_A1_0.82_P_11/inp058.err for more details.
ERROR in MURE::WriteMaterial(ostream &Out)
	 Some nuclei have troubles, see transcript U5_0.064_8_92_P6_0.18_8_0.34_9_5.5_0_0.16_1_0.53_2_0.67_A1_0.82_P_11/inp058.err for more details.
ERROR in MURE::BuildMCNPFile
	 Some nuclei have troubles, see transcript U5_0.064_8_92_P6_0.18_8_0.34_9_5.5_0_0.16_1_0.53_2_0.67_A1_0.82_P_11/inp059.err for more details.
ERROR in MURE::WriteMaterial(ostream &Out)
	 Some nuclei have troubles, see transcript U5_0.064_8_92_P6_0.18_8_0.34_9_5.5_0_0.16_1_0.53_2_0.67_A1_0.82_P_11/inp059.err for more details.
ERROR in MURE::BuildMCNPFile
	 Some nuclei have troubles, see transcript U5_0.064_8_92_P6_0.18_8_0.34_9_5.5_0_0.16_1_0.53_2_0.67_A1_0.82_P_11/inp060.err for more details.
ERROR in MURE::WriteMaterial(ostream &Out)
	 Some nuclei have troubles, see transcript U5_0.064_8_92_P6_0.18_8_0.34_9_5.5_0_0.16_1_0.53_2_0.67_A1_0.82_P_11/inp060.err for more details.
ERROR in MURE::BuildMCNPFile
	 Some nuclei have troubles, see transcript U5_0.064_8_92_P6_0.18_8_0.34_9_5.5_0_0.16_1_0.53_2_0.67_A1_0.82_P_11/inp061.err for more details.
ERROR in MURE::WriteMaterial(ostream &Out)
	 Some nuclei have troubles, see transcript U5_0.064_8_92_P6_0.18_8_0.34_9_5.5_0_0.16_1_0.53_2_0.67_A1_0.82_P_11/inp061.err for more details.
ERROR in MURE::BuildMCNPFile
	 Some nuclei have troubles, see transcript U5_0.064_8_92_P6_0.18_8_0.34_9_5.5_0_0.16_1_0.53_2_0.67_A1_0.82_P_11/inp062.err for more details.
ERROR in MURE::WriteMaterial(ostream &Out)
	 Some nuclei have troubles, see transcript U5_0.064_8_92_P6_0.18_8_0.34_9_5.5_0_0.16_1_0.53_2_0.67_A1_0.82_P_11/inp062.err for more details.
ERROR in MURE::BuildMCNPFile
	 Some nuclei have troubles, see transcript U5_0.064_8_92_P6_0.18_8_0.34_9_5.5_0_0.16_1_0.53_2_0.67_A1_0.82_P_11/inp063.err for more details.
ERROR in MURE::WriteMaterial(ostream &Out)
	 Some nuclei have troubles, see transcript U5_0.064_8_92_P6_0.18_8_0.34_9_5.5_0_0.16_1_0.53_2_0.67_A1_0.82_P_11/inp063.err for more details.
ERROR in MURE::BuildMCNPFile
	 Some nuclei have troubles, see transcript U5_0.064_8_92_P6_0.18_8_0.34_9_5.5_0_0.16_1_0.53_2_0.67_A1_0.82_P_11/inp064.err for more details.
ERROR in MURE::WriteMaterial(ostream &Out)
	 Some nuclei have troubles, see transcript U5_0.064_8_92_P6_0.18_8_0.34_9_5.5_0_0.16_1_0.53_2_0.67_A1_0.82_P_11/inp064.err for more details.
ERROR in MURE::BuildMCNPFile
	 Some nuclei have troubles, see transcript U5_0.064_8_92_P6_0.18_8_0.34_9_5.5_0_0.16_1_0.53_2_0.67_A1_0.82_P_11/inp065.err for more details.
ERROR in MURE::WriteMaterial(ostream &Out)
	 Some nuclei have troubles, see transcript U5_0.064_8_92_P6_0.18_8_0.34_9_5.5_0_0.16_1_0.53_2_0.67_A1_0.82_P_11/inp065.err for more details.
ERROR in MURE::BuildMCNPFile
	 Some nuclei have troubles, see transcript U5_0.064_8_92_P6_0.18_8_0.34_9_5.5_0_0.16_1_0.53_2_0.67_A1_0.82_P_11/inp066.err for more details.
ERROR in MURE::WriteMaterial(ostream &Out)
	 Some nuclei have troubles, see transcript U5_0.064_8_92_P6_0.18_8_0.34_9_5.5_0_0.16_1_0.53_2_0.67_A1_0.82_P_11/inp066.err for more details.
ERROR in MURE::BuildMCNPFile
	 Some nuclei have troubles, see transcript U5_0.064_8_92_P6_0.18_8_0.34_9_5.5_0_0.16_1_0.53_2_0.67_A1_0.82_P_11/inp067.err for more details.
ERROR in MURE::WriteMaterial(ostream &Out)
	 Some nuclei have troubles, see transcript U5_0.064_8_92_P6_0.18_8_0.34_9_5.5_0_0.16_1_0.53_2_0.67_A1_0.82_P_11/inp067.err for more details.
ERROR in MURE::BuildMCNPFile
	 Some nuclei have troubles, see transcript U5_0.064_8_92_P6_0.18_8_0.34_9_5.5_0_0.16_1_0.53_2_0.67_A1_0.82_P_11/inp068.err for more details.
ERROR in MURE::WriteMaterial(ostream &Out)
	 Some nuclei have troubles, see transcript U5_0.064_8_92_P6_0.18_8_0.34_9_5.5_0_0.16_1_0.53_2_0.67_A1_0.82_P_11/inp068.err for more details.
ERROR in MURE::BuildMCNPFile
	 Some nuclei have troubles, see transcript U5_0.064_8_92_P6_0.18_8_0.34_9_5.5_0_0.16_1_0.53_2_0.67_A1_0.82_P_11/inp069.err for more details.
ERROR in MURE::WriteMaterial(ostream &Out)
	 Some nuclei have troubles, see transcript U5_0.064_8_92_P6_0.18_8_0.34_9_5.5_0_0.16_1_0.53_2_0.67_A1_0.82_P_11/inp069.err for more details.
ERROR in MURE::BuildMCNPFile
	 Some nuclei have troubles, see transcript U5_0.064_8_92_P6_0.18_8_0.34_9_5.5_0_0.16_1_0.53_2_0.67_A1_0.82_P_11/inp070.err for more details.
ERROR in MURE::WriteMaterial(ostream &Out)
	 Some nuclei have troubles, see transcript U5_0.064_8_92_P6_0.18_8_0.34_9_5.5_0_0.16_1_0.53_2_0.67_A1_0.82_P_11/inp070.err for more details.
ERROR in MURE::BuildMCNPFile
	 Some nuclei have troubles, see transcript U5_0.064_8_92_P6_0.18_8_0.34_9_5.5_0_0.16_1_0.53_2_0.67_A1_0.82_P_11/inp071.err for more details.
ERROR in MURE::WriteMaterial(ostream &Out)
	 Some nuclei have troubles, see transcript U5_0.064_8_92_P6_0.18_8_0.34_9_5.5_0_0.16_1_0.53_2_0.67_A1_0.82_P_11/inp071.err for more details.
ERROR in MURE::BuildMCNPFile
	 Some nuclei have troubles, see transcript U5_0.064_8_92_P6_0.18_8_0.34_9_5.5_0_0.16_1_0.53_2_0.67_A1_0.82_P_11/inp072.err for more details.
ERROR in MURE::WriteMaterial(ostream &Out)
	 Some nuclei have troubles, see transcript U5_0.064_8_92_P6_0.18_8_0.34_9_5.5_0_0.16_1_0.53_2_0.67_A1_0.82_P_11/inp072.err for more details.
ERROR in MURE::BuildMCNPFile
	 Some nuclei have troubles, see transcript U5_0.064_8_92_P6_0.18_8_0.34_9_5.5_0_0.16_1_0.53_2_0.67_A1_0.82_P_11/inp073.err for more details.
ERROR in MURE::WriteMaterial(ostream &Out)
	 Some nuclei have troubles, see transcript U5_0.064_8_92_P6_0.18_8_0.34_9_5.5_0_0.16_1_0.53_2_0.67_A1_0.82_P_11/inp073.err for more details.
ERROR in MURE::BuildMCNPFile
	 Some nuclei have troubles, see transcript U5_0.064_8_92_P6_0.18_8_0.34_9_5.5_0_0.16_1_0.53_2_0.67_A1_0.82_P_11/inp074.err for more details.
ERROR in MURE::WriteMaterial(ostream &Out)
	 Some nuclei have troubles, see transcript U5_0.064_8_92_P6_0.18_8_0.34_9_5.5_0_0.16_1_0.53_2_0.67_A1_0.82_P_11/inp074.err for more details.
ERROR in MURE::BuildMCNPFile
	 Some nuclei have troubles, see transcript U5_0.064_8_92_P6_0.18_8_0.34_9_5.5_0_0.16_1_0.53_2_0.67_A1_0.82_P_11/inp075.err for more details.
ERROR in MURE::WriteMaterial(ostream &Out)
	 Some nuclei have troubles, see transcript U5_0.064_8_92_P6_0.18_8_0.34_9_5.5_0_0.16_1_0.53_2_0.67_A1_0.82_P_11/inp075.err for more details.
ERROR in MURE::BuildMCNPFile
	 Some nuclei have troubles, see transcript U5_0.064_8_92_P6_0.18_8_0.34_9_5.5_0_0.16_1_0.53_2_0.67_A1_0.82_P_11/inp076.err for more details.
ERROR in MURE::WriteMaterial(ostream &Out)
	 Some nuclei have troubles, see transcript U5_0.064_8_92_P6_0.18_8_0.34_9_5.5_0_0.16_1_0.53_2_0.67_A1_0.82_P_11/inp076.err for more details.
ERROR in MURE::BuildMCNPFile
	 Some nuclei have troubles, see transcript U5_0.064_8_92_P6_0.18_8_0.34_9_5.5_0_0.16_1_0.53_2_0.67_A1_0.82_P_11/inp077.err for more details.
ERROR in MURE::WriteMaterial(ostream &Out)
	 Some nuclei have troubles, see transcript U5_0.064_8_92_P6_0.18_8_0.34_9_5.5_0_0.16_1_0.53_2_0.67_A1_0.82_P_11/inp077.err for more details.
ERROR in MURE::BuildMCNPFile
	 Some nuclei have troubles, see transcript U5_0.064_8_92_P6_0.18_8_0.34_9_5.5_0_0.16_1_0.53_2_0.67_A1_0.82_P_11/inp078.err for more details.
ERROR in MURE::WriteMaterial(ostream &Out)
	 Some nuclei have troubles, see transcript U5_0.064_8_92_P6_0.18_8_0.34_9_5.5_0_0.16_1_0.53_2_0.67_A1_0.82_P_11/inp078.err for more details.
ERROR in MURE::BuildMCNPFile
	 Some nuclei have troubles, see transcript U5_0.064_8_92_P6_0.18_8_0.34_9_5.5_0_0.16_1_0.53_2_0.67_A1_0.82_P_11/inp079.err for more details.
ERROR in MURE::WriteMaterial(ostream &Out)
	 Some nuclei have troubles, see transcript U5_0.064_8_92_P6_0.18_8_0.34_9_5.5_0_0.16_1_0.53_2_0.67_A1_0.82_P_11/inp079.err for more details.
* About to connect() to ftp.box.com port 21 (#0)
*   Trying 107.152.25.220... connected
* Connected to ftp.box.com (107.152.25.220) port 21 (#0)
< 220 Service ready for new user.
> AUTH SSL
< 234 Command AUTH okay; starting SSL connection.
* Initializing NSS with certpath: sql:/etc/pki/nssdb
*   CAfile: /etc/pki/tls/certs/ca-bundle.crt
  CApath: none
* SSL connection using TLS_RSA_WITH_AES_128_CBC_SHA
* Server certificate:
* 	subject: CN=*.box.com,O="Box, Inc.",L=Los Altos,ST=California,C=US
* 	start date: Nov 13 19:22:20 2014 GMT
* 	expire date: Oct 23 02:42:03 2017 GMT
* 	common name: *.box.com
* 	issuer: CN=GeoTrust SSL CA - G4,O=GeoTrust Inc.,C=US
> USER mouginot@wisc.edu
< 331 User name okay, need password for mouginot@wisc.edu.
> PASS line150782
< 230 User logged in, proceed.
> PBSZ 0
< 200 Command PBSZ okay.
> PROT P
< 200 Command PROT okay.
> PWD
< 257 "/" is current directory.
* Entry path is '/'
> CWD MODEL_DATA
< 250 Directory changed to /MODEL_DATA
> CWD PWR_TRU_MOX_PSPEC
< 250 Directory changed to /MODEL_DATA/PWR_TRU_MOX_PSPEC
> CWD 1000
< 250 Directory changed to /MODEL_DATA/PWR_TRU_MOX_PSPEC/1000
> PASV
* Connect data stream passively
< 227 Entering Passive Mode (107,152,25,220,65,52)
* Skips 107.152.25.220 for data connection, uses 107.152.25.220 instead
*   Trying 107.152.25.220... connected
* Connecting to 107.152.25.220 (107.152.25.220) port 16692
> TYPE I
< 200 Command TYPE okay.
> STOR 493_raw.tar.gz
< 150 File status okay; about to open data connection.
* Doing the SSL/TLS handshake on the data stream
*   CAfile: /etc/pki/tls/certs/ca-bundle.crt
  CApath: none
* SSL connection using TLS_RSA_WITH_AES_128_CBC_SHA
* Server certificate:
* 	subject: CN=*.box.com,O="Box, Inc.",L=Los Altos,ST=California,C=US
* 	start date: Nov 13 19:22:20 2014 GMT
* 	expire date: Oct 23 02:42:03 2017 GMT
* 	common name: *.box.com
* 	issuer: CN=GeoTrust SSL CA - G4,O=GeoTrust Inc.,C=US
} [data not shown]
  % Total    % Received % Xferd  Average Speed   Time    Time     Time  Current
                                 Dload  Upload   Total   Spent    Left  Speed
  0 43.5M    0     0    0 16384      0   8554  1:29:01  0:00:01  1:29:00  8554  6 43.5M    0     0    6 2832k      0   977k  0:00:45  0:00:02  0:00:43 2867k 34 43.5M    0     0   34 15.1M      0  4010k  0:00:11  0:00:03  0:00:08 7922k 73 43.5M    0     0   73 31.9M      0  6705k  0:00:06  0:00:04  0:00:02 10.7M* Remembering we are in dir "MODEL_DATA/PWR_TRU_MOX_PSPEC/1000/"
100 43.5M    0     0  100 43.5M      0  6768k  0:00:06  0:00:06 --:--:-- 9536k100 43.5M    0     0  100 43.5M      0  5876k  0:00:07  0:00:07 --:--:-- 7855k< 226 Transfer complete.
100 43.5M    0     0  100 43.5M      0  5481k  0:00:08  0:00:08 --:--:-- 7970k* Connection #0 to host ftp.box.com left intact

> QUIT
< 221 Goodbye.
* Closing connection #0
