ERROR in MURE::BuildXSDIR()
	 Some nuclei have troubles, see transcript U5_1.2_8_83_P6_0.17_8_1_9_11_0_2.4_1_0.39_2_0.28_A1_0.74_P_18/inp000.err for more details.
ERROR in MURE::BuildMCNPFile
	 Some nuclei have troubles, see transcript U5_1.2_8_83_P6_0.17_8_1_9_11_0_2.4_1_0.39_2_0.28_A1_0.74_P_18/inp000.err for more details.
ERROR in MURE::WriteMaterial(ostream &Out)
	 Some nuclei have troubles, see transcript U5_1.2_8_83_P6_0.17_8_1_9_11_0_2.4_1_0.39_2_0.28_A1_0.74_P_18/inp000.err for more details.
ERROR in MURE::BuildMCNPFile
	 Some nuclei have troubles, see transcript U5_1.2_8_83_P6_0.17_8_1_9_11_0_2.4_1_0.39_2_0.28_A1_0.74_P_18/inp001.err for more details.
ERROR in MURE::WriteMaterial(ostream &Out)
	 Some nuclei have troubles, see transcript U5_1.2_8_83_P6_0.17_8_1_9_11_0_2.4_1_0.39_2_0.28_A1_0.74_P_18/inp001.err for more details.
ERROR in MURE::BuildMCNPFile
	 Some nuclei have troubles, see transcript U5_1.2_8_83_P6_0.17_8_1_9_11_0_2.4_1_0.39_2_0.28_A1_0.74_P_18/inp002.err for more details.
ERROR in MURE::WriteMaterial(ostream &Out)
	 Some nuclei have troubles, see transcript U5_1.2_8_83_P6_0.17_8_1_9_11_0_2.4_1_0.39_2_0.28_A1_0.74_P_18/inp002.err for more details.
ERROR in MURE::BuildMCNPFile
	 Some nuclei have troubles, see transcript U5_1.2_8_83_P6_0.17_8_1_9_11_0_2.4_1_0.39_2_0.28_A1_0.74_P_18/inp003.err for more details.
ERROR in MURE::WriteMaterial(ostream &Out)
	 Some nuclei have troubles, see transcript U5_1.2_8_83_P6_0.17_8_1_9_11_0_2.4_1_0.39_2_0.28_A1_0.74_P_18/inp003.err for more details.
ERROR in MURE::BuildMCNPFile
	 Some nuclei have troubles, see transcript U5_1.2_8_83_P6_0.17_8_1_9_11_0_2.4_1_0.39_2_0.28_A1_0.74_P_18/inp004.err for more details.
ERROR in MURE::WriteMaterial(ostream &Out)
	 Some nuclei have troubles, see transcript U5_1.2_8_83_P6_0.17_8_1_9_11_0_2.4_1_0.39_2_0.28_A1_0.74_P_18/inp004.err for more details.
ERROR in MURE::BuildMCNPFile
	 Some nuclei have troubles, see transcript U5_1.2_8_83_P6_0.17_8_1_9_11_0_2.4_1_0.39_2_0.28_A1_0.74_P_18/inp005.err for more details.
ERROR in MURE::WriteMaterial(ostream &Out)
	 Some nuclei have troubles, see transcript U5_1.2_8_83_P6_0.17_8_1_9_11_0_2.4_1_0.39_2_0.28_A1_0.74_P_18/inp005.err for more details.
ERROR in MURE::BuildMCNPFile
	 Some nuclei have troubles, see transcript U5_1.2_8_83_P6_0.17_8_1_9_11_0_2.4_1_0.39_2_0.28_A1_0.74_P_18/inp006.err for more details.
ERROR in MURE::WriteMaterial(ostream &Out)
	 Some nuclei have troubles, see transcript U5_1.2_8_83_P6_0.17_8_1_9_11_0_2.4_1_0.39_2_0.28_A1_0.74_P_18/inp006.err for more details.
ERROR in MURE::BuildMCNPFile
	 Some nuclei have troubles, see transcript U5_1.2_8_83_P6_0.17_8_1_9_11_0_2.4_1_0.39_2_0.28_A1_0.74_P_18/inp007.err for more details.
ERROR in MURE::WriteMaterial(ostream &Out)
	 Some nuclei have troubles, see transcript U5_1.2_8_83_P6_0.17_8_1_9_11_0_2.4_1_0.39_2_0.28_A1_0.74_P_18/inp007.err for more details.
ERROR in MURE::BuildMCNPFile
	 Some nuclei have troubles, see transcript U5_1.2_8_83_P6_0.17_8_1_9_11_0_2.4_1_0.39_2_0.28_A1_0.74_P_18/inp008.err for more details.
ERROR in MURE::WriteMaterial(ostream &Out)
	 Some nuclei have troubles, see transcript U5_1.2_8_83_P6_0.17_8_1_9_11_0_2.4_1_0.39_2_0.28_A1_0.74_P_18/inp008.err for more details.
ERROR in MURE::BuildMCNPFile
	 Some nuclei have troubles, see transcript U5_1.2_8_83_P6_0.17_8_1_9_11_0_2.4_1_0.39_2_0.28_A1_0.74_P_18/inp009.err for more details.
ERROR in MURE::WriteMaterial(ostream &Out)
	 Some nuclei have troubles, see transcript U5_1.2_8_83_P6_0.17_8_1_9_11_0_2.4_1_0.39_2_0.28_A1_0.74_P_18/inp009.err for more details.
ERROR in MURE::BuildMCNPFile
	 Some nuclei have troubles, see transcript U5_1.2_8_83_P6_0.17_8_1_9_11_0_2.4_1_0.39_2_0.28_A1_0.74_P_18/inp010.err for more details.
ERROR in MURE::WriteMaterial(ostream &Out)
	 Some nuclei have troubles, see transcript U5_1.2_8_83_P6_0.17_8_1_9_11_0_2.4_1_0.39_2_0.28_A1_0.74_P_18/inp010.err for more details.
ERROR in MURE::BuildMCNPFile
	 Some nuclei have troubles, see transcript U5_1.2_8_83_P6_0.17_8_1_9_11_0_2.4_1_0.39_2_0.28_A1_0.74_P_18/inp011.err for more details.
ERROR in MURE::WriteMaterial(ostream &Out)
	 Some nuclei have troubles, see transcript U5_1.2_8_83_P6_0.17_8_1_9_11_0_2.4_1_0.39_2_0.28_A1_0.74_P_18/inp011.err for more details.
ERROR in MURE::BuildMCNPFile
	 Some nuclei have troubles, see transcript U5_1.2_8_83_P6_0.17_8_1_9_11_0_2.4_1_0.39_2_0.28_A1_0.74_P_18/inp012.err for more details.
ERROR in MURE::WriteMaterial(ostream &Out)
	 Some nuclei have troubles, see transcript U5_1.2_8_83_P6_0.17_8_1_9_11_0_2.4_1_0.39_2_0.28_A1_0.74_P_18/inp012.err for more details.
ERROR in MURE::BuildMCNPFile
	 Some nuclei have troubles, see transcript U5_1.2_8_83_P6_0.17_8_1_9_11_0_2.4_1_0.39_2_0.28_A1_0.74_P_18/inp013.err for more details.
ERROR in MURE::WriteMaterial(ostream &Out)
	 Some nuclei have troubles, see transcript U5_1.2_8_83_P6_0.17_8_1_9_11_0_2.4_1_0.39_2_0.28_A1_0.74_P_18/inp013.err for more details.
ERROR in MURE::BuildMCNPFile
	 Some nuclei have troubles, see transcript U5_1.2_8_83_P6_0.17_8_1_9_11_0_2.4_1_0.39_2_0.28_A1_0.74_P_18/inp014.err for more details.
ERROR in MURE::WriteMaterial(ostream &Out)
	 Some nuclei have troubles, see transcript U5_1.2_8_83_P6_0.17_8_1_9_11_0_2.4_1_0.39_2_0.28_A1_0.74_P_18/inp014.err for more details.
ERROR in MURE::BuildMCNPFile
	 Some nuclei have troubles, see transcript U5_1.2_8_83_P6_0.17_8_1_9_11_0_2.4_1_0.39_2_0.28_A1_0.74_P_18/inp015.err for more details.
ERROR in MURE::WriteMaterial(ostream &Out)
	 Some nuclei have troubles, see transcript U5_1.2_8_83_P6_0.17_8_1_9_11_0_2.4_1_0.39_2_0.28_A1_0.74_P_18/inp015.err for more details.
ERROR in MURE::BuildMCNPFile
	 Some nuclei have troubles, see transcript U5_1.2_8_83_P6_0.17_8_1_9_11_0_2.4_1_0.39_2_0.28_A1_0.74_P_18/inp016.err for more details.
ERROR in MURE::WriteMaterial(ostream &Out)
	 Some nuclei have troubles, see transcript U5_1.2_8_83_P6_0.17_8_1_9_11_0_2.4_1_0.39_2_0.28_A1_0.74_P_18/inp016.err for more details.
ERROR in MURE::BuildMCNPFile
	 Some nuclei have troubles, see transcript U5_1.2_8_83_P6_0.17_8_1_9_11_0_2.4_1_0.39_2_0.28_A1_0.74_P_18/inp017.err for more details.
ERROR in MURE::WriteMaterial(ostream &Out)
	 Some nuclei have troubles, see transcript U5_1.2_8_83_P6_0.17_8_1_9_11_0_2.4_1_0.39_2_0.28_A1_0.74_P_18/inp017.err for more details.
ERROR in MURE::BuildMCNPFile
	 Some nuclei have troubles, see transcript U5_1.2_8_83_P6_0.17_8_1_9_11_0_2.4_1_0.39_2_0.28_A1_0.74_P_18/inp018.err for more details.
ERROR in MURE::WriteMaterial(ostream &Out)
	 Some nuclei have troubles, see transcript U5_1.2_8_83_P6_0.17_8_1_9_11_0_2.4_1_0.39_2_0.28_A1_0.74_P_18/inp018.err for more details.
ERROR in MURE::BuildMCNPFile
	 Some nuclei have troubles, see transcript U5_1.2_8_83_P6_0.17_8_1_9_11_0_2.4_1_0.39_2_0.28_A1_0.74_P_18/inp019.err for more details.
ERROR in MURE::WriteMaterial(ostream &Out)
	 Some nuclei have troubles, see transcript U5_1.2_8_83_P6_0.17_8_1_9_11_0_2.4_1_0.39_2_0.28_A1_0.74_P_18/inp019.err for more details.
ERROR in MURE::BuildMCNPFile
	 Some nuclei have troubles, see transcript U5_1.2_8_83_P6_0.17_8_1_9_11_0_2.4_1_0.39_2_0.28_A1_0.74_P_18/inp020.err for more details.
ERROR in MURE::WriteMaterial(ostream &Out)
	 Some nuclei have troubles, see transcript U5_1.2_8_83_P6_0.17_8_1_9_11_0_2.4_1_0.39_2_0.28_A1_0.74_P_18/inp020.err for more details.
ERROR in MURE::BuildMCNPFile
	 Some nuclei have troubles, see transcript U5_1.2_8_83_P6_0.17_8_1_9_11_0_2.4_1_0.39_2_0.28_A1_0.74_P_18/inp021.err for more details.
ERROR in MURE::WriteMaterial(ostream &Out)
	 Some nuclei have troubles, see transcript U5_1.2_8_83_P6_0.17_8_1_9_11_0_2.4_1_0.39_2_0.28_A1_0.74_P_18/inp021.err for more details.
ERROR in MURE::BuildMCNPFile
	 Some nuclei have troubles, see transcript U5_1.2_8_83_P6_0.17_8_1_9_11_0_2.4_1_0.39_2_0.28_A1_0.74_P_18/inp022.err for more details.
ERROR in MURE::WriteMaterial(ostream &Out)
	 Some nuclei have troubles, see transcript U5_1.2_8_83_P6_0.17_8_1_9_11_0_2.4_1_0.39_2_0.28_A1_0.74_P_18/inp022.err for more details.
ERROR in MURE::BuildMCNPFile
	 Some nuclei have troubles, see transcript U5_1.2_8_83_P6_0.17_8_1_9_11_0_2.4_1_0.39_2_0.28_A1_0.74_P_18/inp023.err for more details.
ERROR in MURE::WriteMaterial(ostream &Out)
	 Some nuclei have troubles, see transcript U5_1.2_8_83_P6_0.17_8_1_9_11_0_2.4_1_0.39_2_0.28_A1_0.74_P_18/inp023.err for more details.
ERROR in MURE::BuildMCNPFile
	 Some nuclei have troubles, see transcript U5_1.2_8_83_P6_0.17_8_1_9_11_0_2.4_1_0.39_2_0.28_A1_0.74_P_18/inp024.err for more details.
ERROR in MURE::WriteMaterial(ostream &Out)
	 Some nuclei have troubles, see transcript U5_1.2_8_83_P6_0.17_8_1_9_11_0_2.4_1_0.39_2_0.28_A1_0.74_P_18/inp024.err for more details.
ERROR in MURE::BuildMCNPFile
	 Some nuclei have troubles, see transcript U5_1.2_8_83_P6_0.17_8_1_9_11_0_2.4_1_0.39_2_0.28_A1_0.74_P_18/inp025.err for more details.
ERROR in MURE::WriteMaterial(ostream &Out)
	 Some nuclei have troubles, see transcript U5_1.2_8_83_P6_0.17_8_1_9_11_0_2.4_1_0.39_2_0.28_A1_0.74_P_18/inp025.err for more details.
ERROR in MURE::BuildMCNPFile
	 Some nuclei have troubles, see transcript U5_1.2_8_83_P6_0.17_8_1_9_11_0_2.4_1_0.39_2_0.28_A1_0.74_P_18/inp026.err for more details.
ERROR in MURE::WriteMaterial(ostream &Out)
	 Some nuclei have troubles, see transcript U5_1.2_8_83_P6_0.17_8_1_9_11_0_2.4_1_0.39_2_0.28_A1_0.74_P_18/inp026.err for more details.
ERROR in MURE::BuildMCNPFile
	 Some nuclei have troubles, see transcript U5_1.2_8_83_P6_0.17_8_1_9_11_0_2.4_1_0.39_2_0.28_A1_0.74_P_18/inp027.err for more details.
ERROR in MURE::WriteMaterial(ostream &Out)
	 Some nuclei have troubles, see transcript U5_1.2_8_83_P6_0.17_8_1_9_11_0_2.4_1_0.39_2_0.28_A1_0.74_P_18/inp027.err for more details.
ERROR in MURE::BuildMCNPFile
	 Some nuclei have troubles, see transcript U5_1.2_8_83_P6_0.17_8_1_9_11_0_2.4_1_0.39_2_0.28_A1_0.74_P_18/inp028.err for more details.
ERROR in MURE::WriteMaterial(ostream &Out)
	 Some nuclei have troubles, see transcript U5_1.2_8_83_P6_0.17_8_1_9_11_0_2.4_1_0.39_2_0.28_A1_0.74_P_18/inp028.err for more details.
ERROR in MURE::BuildMCNPFile
	 Some nuclei have troubles, see transcript U5_1.2_8_83_P6_0.17_8_1_9_11_0_2.4_1_0.39_2_0.28_A1_0.74_P_18/inp029.err for more details.
ERROR in MURE::WriteMaterial(ostream &Out)
	 Some nuclei have troubles, see transcript U5_1.2_8_83_P6_0.17_8_1_9_11_0_2.4_1_0.39_2_0.28_A1_0.74_P_18/inp029.err for more details.
ERROR in MURE::BuildMCNPFile
	 Some nuclei have troubles, see transcript U5_1.2_8_83_P6_0.17_8_1_9_11_0_2.4_1_0.39_2_0.28_A1_0.74_P_18/inp030.err for more details.
ERROR in MURE::WriteMaterial(ostream &Out)
	 Some nuclei have troubles, see transcript U5_1.2_8_83_P6_0.17_8_1_9_11_0_2.4_1_0.39_2_0.28_A1_0.74_P_18/inp030.err for more details.
ERROR in MURE::BuildMCNPFile
	 Some nuclei have troubles, see transcript U5_1.2_8_83_P6_0.17_8_1_9_11_0_2.4_1_0.39_2_0.28_A1_0.74_P_18/inp031.err for more details.
ERROR in MURE::WriteMaterial(ostream &Out)
	 Some nuclei have troubles, see transcript U5_1.2_8_83_P6_0.17_8_1_9_11_0_2.4_1_0.39_2_0.28_A1_0.74_P_18/inp031.err for more details.
ERROR in MURE::BuildMCNPFile
	 Some nuclei have troubles, see transcript U5_1.2_8_83_P6_0.17_8_1_9_11_0_2.4_1_0.39_2_0.28_A1_0.74_P_18/inp032.err for more details.
ERROR in MURE::WriteMaterial(ostream &Out)
	 Some nuclei have troubles, see transcript U5_1.2_8_83_P6_0.17_8_1_9_11_0_2.4_1_0.39_2_0.28_A1_0.74_P_18/inp032.err for more details.
ERROR in MURE::BuildMCNPFile
	 Some nuclei have troubles, see transcript U5_1.2_8_83_P6_0.17_8_1_9_11_0_2.4_1_0.39_2_0.28_A1_0.74_P_18/inp033.err for more details.
ERROR in MURE::WriteMaterial(ostream &Out)
	 Some nuclei have troubles, see transcript U5_1.2_8_83_P6_0.17_8_1_9_11_0_2.4_1_0.39_2_0.28_A1_0.74_P_18/inp033.err for more details.
ERROR in MURE::BuildMCNPFile
	 Some nuclei have troubles, see transcript U5_1.2_8_83_P6_0.17_8_1_9_11_0_2.4_1_0.39_2_0.28_A1_0.74_P_18/inp034.err for more details.
ERROR in MURE::WriteMaterial(ostream &Out)
	 Some nuclei have troubles, see transcript U5_1.2_8_83_P6_0.17_8_1_9_11_0_2.4_1_0.39_2_0.28_A1_0.74_P_18/inp034.err for more details.
ERROR in MURE::BuildMCNPFile
	 Some nuclei have troubles, see transcript U5_1.2_8_83_P6_0.17_8_1_9_11_0_2.4_1_0.39_2_0.28_A1_0.74_P_18/inp035.err for more details.
ERROR in MURE::WriteMaterial(ostream &Out)
	 Some nuclei have troubles, see transcript U5_1.2_8_83_P6_0.17_8_1_9_11_0_2.4_1_0.39_2_0.28_A1_0.74_P_18/inp035.err for more details.
ERROR in MURE::BuildMCNPFile
	 Some nuclei have troubles, see transcript U5_1.2_8_83_P6_0.17_8_1_9_11_0_2.4_1_0.39_2_0.28_A1_0.74_P_18/inp036.err for more details.
ERROR in MURE::WriteMaterial(ostream &Out)
	 Some nuclei have troubles, see transcript U5_1.2_8_83_P6_0.17_8_1_9_11_0_2.4_1_0.39_2_0.28_A1_0.74_P_18/inp036.err for more details.
ERROR in MURE::BuildMCNPFile
	 Some nuclei have troubles, see transcript U5_1.2_8_83_P6_0.17_8_1_9_11_0_2.4_1_0.39_2_0.28_A1_0.74_P_18/inp037.err for more details.
ERROR in MURE::WriteMaterial(ostream &Out)
	 Some nuclei have troubles, see transcript U5_1.2_8_83_P6_0.17_8_1_9_11_0_2.4_1_0.39_2_0.28_A1_0.74_P_18/inp037.err for more details.
ERROR in MURE::BuildMCNPFile
	 Some nuclei have troubles, see transcript U5_1.2_8_83_P6_0.17_8_1_9_11_0_2.4_1_0.39_2_0.28_A1_0.74_P_18/inp038.err for more details.
ERROR in MURE::WriteMaterial(ostream &Out)
	 Some nuclei have troubles, see transcript U5_1.2_8_83_P6_0.17_8_1_9_11_0_2.4_1_0.39_2_0.28_A1_0.74_P_18/inp038.err for more details.
ERROR in MURE::BuildMCNPFile
	 Some nuclei have troubles, see transcript U5_1.2_8_83_P6_0.17_8_1_9_11_0_2.4_1_0.39_2_0.28_A1_0.74_P_18/inp039.err for more details.
ERROR in MURE::WriteMaterial(ostream &Out)
	 Some nuclei have troubles, see transcript U5_1.2_8_83_P6_0.17_8_1_9_11_0_2.4_1_0.39_2_0.28_A1_0.74_P_18/inp039.err for more details.
ERROR in MURE::BuildMCNPFile
	 Some nuclei have troubles, see transcript U5_1.2_8_83_P6_0.17_8_1_9_11_0_2.4_1_0.39_2_0.28_A1_0.74_P_18/inp040.err for more details.
ERROR in MURE::WriteMaterial(ostream &Out)
	 Some nuclei have troubles, see transcript U5_1.2_8_83_P6_0.17_8_1_9_11_0_2.4_1_0.39_2_0.28_A1_0.74_P_18/inp040.err for more details.
ERROR in MURE::BuildMCNPFile
	 Some nuclei have troubles, see transcript U5_1.2_8_83_P6_0.17_8_1_9_11_0_2.4_1_0.39_2_0.28_A1_0.74_P_18/inp041.err for more details.
ERROR in MURE::WriteMaterial(ostream &Out)
	 Some nuclei have troubles, see transcript U5_1.2_8_83_P6_0.17_8_1_9_11_0_2.4_1_0.39_2_0.28_A1_0.74_P_18/inp041.err for more details.
ERROR in MURE::BuildMCNPFile
	 Some nuclei have troubles, see transcript U5_1.2_8_83_P6_0.17_8_1_9_11_0_2.4_1_0.39_2_0.28_A1_0.74_P_18/inp042.err for more details.
ERROR in MURE::WriteMaterial(ostream &Out)
	 Some nuclei have troubles, see transcript U5_1.2_8_83_P6_0.17_8_1_9_11_0_2.4_1_0.39_2_0.28_A1_0.74_P_18/inp042.err for more details.
ERROR in MURE::BuildMCNPFile
	 Some nuclei have troubles, see transcript U5_1.2_8_83_P6_0.17_8_1_9_11_0_2.4_1_0.39_2_0.28_A1_0.74_P_18/inp043.err for more details.
ERROR in MURE::WriteMaterial(ostream &Out)
	 Some nuclei have troubles, see transcript U5_1.2_8_83_P6_0.17_8_1_9_11_0_2.4_1_0.39_2_0.28_A1_0.74_P_18/inp043.err for more details.
ERROR in MURE::BuildMCNPFile
	 Some nuclei have troubles, see transcript U5_1.2_8_83_P6_0.17_8_1_9_11_0_2.4_1_0.39_2_0.28_A1_0.74_P_18/inp044.err for more details.
ERROR in MURE::WriteMaterial(ostream &Out)
	 Some nuclei have troubles, see transcript U5_1.2_8_83_P6_0.17_8_1_9_11_0_2.4_1_0.39_2_0.28_A1_0.74_P_18/inp044.err for more details.
ERROR in MURE::BuildMCNPFile
	 Some nuclei have troubles, see transcript U5_1.2_8_83_P6_0.17_8_1_9_11_0_2.4_1_0.39_2_0.28_A1_0.74_P_18/inp045.err for more details.
ERROR in MURE::WriteMaterial(ostream &Out)
	 Some nuclei have troubles, see transcript U5_1.2_8_83_P6_0.17_8_1_9_11_0_2.4_1_0.39_2_0.28_A1_0.74_P_18/inp045.err for more details.
ERROR in MURE::BuildMCNPFile
	 Some nuclei have troubles, see transcript U5_1.2_8_83_P6_0.17_8_1_9_11_0_2.4_1_0.39_2_0.28_A1_0.74_P_18/inp046.err for more details.
ERROR in MURE::WriteMaterial(ostream &Out)
	 Some nuclei have troubles, see transcript U5_1.2_8_83_P6_0.17_8_1_9_11_0_2.4_1_0.39_2_0.28_A1_0.74_P_18/inp046.err for more details.
ERROR in MURE::BuildMCNPFile
	 Some nuclei have troubles, see transcript U5_1.2_8_83_P6_0.17_8_1_9_11_0_2.4_1_0.39_2_0.28_A1_0.74_P_18/inp047.err for more details.
ERROR in MURE::WriteMaterial(ostream &Out)
	 Some nuclei have troubles, see transcript U5_1.2_8_83_P6_0.17_8_1_9_11_0_2.4_1_0.39_2_0.28_A1_0.74_P_18/inp047.err for more details.
ERROR in MURE::BuildMCNPFile
	 Some nuclei have troubles, see transcript U5_1.2_8_83_P6_0.17_8_1_9_11_0_2.4_1_0.39_2_0.28_A1_0.74_P_18/inp048.err for more details.
ERROR in MURE::WriteMaterial(ostream &Out)
	 Some nuclei have troubles, see transcript U5_1.2_8_83_P6_0.17_8_1_9_11_0_2.4_1_0.39_2_0.28_A1_0.74_P_18/inp048.err for more details.
ERROR in MURE::BuildMCNPFile
	 Some nuclei have troubles, see transcript U5_1.2_8_83_P6_0.17_8_1_9_11_0_2.4_1_0.39_2_0.28_A1_0.74_P_18/inp049.err for more details.
ERROR in MURE::WriteMaterial(ostream &Out)
	 Some nuclei have troubles, see transcript U5_1.2_8_83_P6_0.17_8_1_9_11_0_2.4_1_0.39_2_0.28_A1_0.74_P_18/inp049.err for more details.
ERROR in MURE::BuildMCNPFile
	 Some nuclei have troubles, see transcript U5_1.2_8_83_P6_0.17_8_1_9_11_0_2.4_1_0.39_2_0.28_A1_0.74_P_18/inp050.err for more details.
ERROR in MURE::WriteMaterial(ostream &Out)
	 Some nuclei have troubles, see transcript U5_1.2_8_83_P6_0.17_8_1_9_11_0_2.4_1_0.39_2_0.28_A1_0.74_P_18/inp050.err for more details.
ERROR in MURE::BuildMCNPFile
	 Some nuclei have troubles, see transcript U5_1.2_8_83_P6_0.17_8_1_9_11_0_2.4_1_0.39_2_0.28_A1_0.74_P_18/inp051.err for more details.
ERROR in MURE::WriteMaterial(ostream &Out)
	 Some nuclei have troubles, see transcript U5_1.2_8_83_P6_0.17_8_1_9_11_0_2.4_1_0.39_2_0.28_A1_0.74_P_18/inp051.err for more details.
ERROR in MURE::BuildMCNPFile
	 Some nuclei have troubles, see transcript U5_1.2_8_83_P6_0.17_8_1_9_11_0_2.4_1_0.39_2_0.28_A1_0.74_P_18/inp052.err for more details.
ERROR in MURE::WriteMaterial(ostream &Out)
	 Some nuclei have troubles, see transcript U5_1.2_8_83_P6_0.17_8_1_9_11_0_2.4_1_0.39_2_0.28_A1_0.74_P_18/inp052.err for more details.
ERROR in MURE::BuildMCNPFile
	 Some nuclei have troubles, see transcript U5_1.2_8_83_P6_0.17_8_1_9_11_0_2.4_1_0.39_2_0.28_A1_0.74_P_18/inp053.err for more details.
ERROR in MURE::WriteMaterial(ostream &Out)
	 Some nuclei have troubles, see transcript U5_1.2_8_83_P6_0.17_8_1_9_11_0_2.4_1_0.39_2_0.28_A1_0.74_P_18/inp053.err for more details.
ERROR in MURE::BuildMCNPFile
	 Some nuclei have troubles, see transcript U5_1.2_8_83_P6_0.17_8_1_9_11_0_2.4_1_0.39_2_0.28_A1_0.74_P_18/inp054.err for more details.
ERROR in MURE::WriteMaterial(ostream &Out)
	 Some nuclei have troubles, see transcript U5_1.2_8_83_P6_0.17_8_1_9_11_0_2.4_1_0.39_2_0.28_A1_0.74_P_18/inp054.err for more details.
ERROR in MURE::BuildMCNPFile
	 Some nuclei have troubles, see transcript U5_1.2_8_83_P6_0.17_8_1_9_11_0_2.4_1_0.39_2_0.28_A1_0.74_P_18/inp055.err for more details.
ERROR in MURE::WriteMaterial(ostream &Out)
	 Some nuclei have troubles, see transcript U5_1.2_8_83_P6_0.17_8_1_9_11_0_2.4_1_0.39_2_0.28_A1_0.74_P_18/inp055.err for more details.
ERROR in MURE::BuildMCNPFile
	 Some nuclei have troubles, see transcript U5_1.2_8_83_P6_0.17_8_1_9_11_0_2.4_1_0.39_2_0.28_A1_0.74_P_18/inp056.err for more details.
ERROR in MURE::WriteMaterial(ostream &Out)
	 Some nuclei have troubles, see transcript U5_1.2_8_83_P6_0.17_8_1_9_11_0_2.4_1_0.39_2_0.28_A1_0.74_P_18/inp056.err for more details.
ERROR in MURE::BuildMCNPFile
	 Some nuclei have troubles, see transcript U5_1.2_8_83_P6_0.17_8_1_9_11_0_2.4_1_0.39_2_0.28_A1_0.74_P_18/inp057.err for more details.
ERROR in MURE::WriteMaterial(ostream &Out)
	 Some nuclei have troubles, see transcript U5_1.2_8_83_P6_0.17_8_1_9_11_0_2.4_1_0.39_2_0.28_A1_0.74_P_18/inp057.err for more details.
ERROR in MURE::BuildMCNPFile
	 Some nuclei have troubles, see transcript U5_1.2_8_83_P6_0.17_8_1_9_11_0_2.4_1_0.39_2_0.28_A1_0.74_P_18/inp058.err for more details.
ERROR in MURE::WriteMaterial(ostream &Out)
	 Some nuclei have troubles, see transcript U5_1.2_8_83_P6_0.17_8_1_9_11_0_2.4_1_0.39_2_0.28_A1_0.74_P_18/inp058.err for more details.
ERROR in MURE::BuildMCNPFile
	 Some nuclei have troubles, see transcript U5_1.2_8_83_P6_0.17_8_1_9_11_0_2.4_1_0.39_2_0.28_A1_0.74_P_18/inp059.err for more details.
ERROR in MURE::WriteMaterial(ostream &Out)
	 Some nuclei have troubles, see transcript U5_1.2_8_83_P6_0.17_8_1_9_11_0_2.4_1_0.39_2_0.28_A1_0.74_P_18/inp059.err for more details.
ERROR in MURE::BuildMCNPFile
	 Some nuclei have troubles, see transcript U5_1.2_8_83_P6_0.17_8_1_9_11_0_2.4_1_0.39_2_0.28_A1_0.74_P_18/inp060.err for more details.
ERROR in MURE::WriteMaterial(ostream &Out)
	 Some nuclei have troubles, see transcript U5_1.2_8_83_P6_0.17_8_1_9_11_0_2.4_1_0.39_2_0.28_A1_0.74_P_18/inp060.err for more details.
ERROR in MURE::BuildMCNPFile
	 Some nuclei have troubles, see transcript U5_1.2_8_83_P6_0.17_8_1_9_11_0_2.4_1_0.39_2_0.28_A1_0.74_P_18/inp061.err for more details.
ERROR in MURE::WriteMaterial(ostream &Out)
	 Some nuclei have troubles, see transcript U5_1.2_8_83_P6_0.17_8_1_9_11_0_2.4_1_0.39_2_0.28_A1_0.74_P_18/inp061.err for more details.
ERROR in MURE::BuildMCNPFile
	 Some nuclei have troubles, see transcript U5_1.2_8_83_P6_0.17_8_1_9_11_0_2.4_1_0.39_2_0.28_A1_0.74_P_18/inp062.err for more details.
ERROR in MURE::WriteMaterial(ostream &Out)
	 Some nuclei have troubles, see transcript U5_1.2_8_83_P6_0.17_8_1_9_11_0_2.4_1_0.39_2_0.28_A1_0.74_P_18/inp062.err for more details.
ERROR in MURE::BuildMCNPFile
	 Some nuclei have troubles, see transcript U5_1.2_8_83_P6_0.17_8_1_9_11_0_2.4_1_0.39_2_0.28_A1_0.74_P_18/inp063.err for more details.
ERROR in MURE::WriteMaterial(ostream &Out)
	 Some nuclei have troubles, see transcript U5_1.2_8_83_P6_0.17_8_1_9_11_0_2.4_1_0.39_2_0.28_A1_0.74_P_18/inp063.err for more details.
ERROR in MURE::BuildMCNPFile
	 Some nuclei have troubles, see transcript U5_1.2_8_83_P6_0.17_8_1_9_11_0_2.4_1_0.39_2_0.28_A1_0.74_P_18/inp064.err for more details.
ERROR in MURE::WriteMaterial(ostream &Out)
	 Some nuclei have troubles, see transcript U5_1.2_8_83_P6_0.17_8_1_9_11_0_2.4_1_0.39_2_0.28_A1_0.74_P_18/inp064.err for more details.
ERROR in MURE::BuildMCNPFile
	 Some nuclei have troubles, see transcript U5_1.2_8_83_P6_0.17_8_1_9_11_0_2.4_1_0.39_2_0.28_A1_0.74_P_18/inp065.err for more details.
ERROR in MURE::WriteMaterial(ostream &Out)
	 Some nuclei have troubles, see transcript U5_1.2_8_83_P6_0.17_8_1_9_11_0_2.4_1_0.39_2_0.28_A1_0.74_P_18/inp065.err for more details.
ERROR in MURE::BuildMCNPFile
	 Some nuclei have troubles, see transcript U5_1.2_8_83_P6_0.17_8_1_9_11_0_2.4_1_0.39_2_0.28_A1_0.74_P_18/inp066.err for more details.
ERROR in MURE::WriteMaterial(ostream &Out)
	 Some nuclei have troubles, see transcript U5_1.2_8_83_P6_0.17_8_1_9_11_0_2.4_1_0.39_2_0.28_A1_0.74_P_18/inp066.err for more details.
ERROR in MURE::BuildMCNPFile
	 Some nuclei have troubles, see transcript U5_1.2_8_83_P6_0.17_8_1_9_11_0_2.4_1_0.39_2_0.28_A1_0.74_P_18/inp067.err for more details.
ERROR in MURE::WriteMaterial(ostream &Out)
	 Some nuclei have troubles, see transcript U5_1.2_8_83_P6_0.17_8_1_9_11_0_2.4_1_0.39_2_0.28_A1_0.74_P_18/inp067.err for more details.
ERROR in MURE::BuildMCNPFile
	 Some nuclei have troubles, see transcript U5_1.2_8_83_P6_0.17_8_1_9_11_0_2.4_1_0.39_2_0.28_A1_0.74_P_18/inp068.err for more details.
ERROR in MURE::WriteMaterial(ostream &Out)
	 Some nuclei have troubles, see transcript U5_1.2_8_83_P6_0.17_8_1_9_11_0_2.4_1_0.39_2_0.28_A1_0.74_P_18/inp068.err for more details.
ERROR in MURE::BuildMCNPFile
	 Some nuclei have troubles, see transcript U5_1.2_8_83_P6_0.17_8_1_9_11_0_2.4_1_0.39_2_0.28_A1_0.74_P_18/inp069.err for more details.
ERROR in MURE::WriteMaterial(ostream &Out)
	 Some nuclei have troubles, see transcript U5_1.2_8_83_P6_0.17_8_1_9_11_0_2.4_1_0.39_2_0.28_A1_0.74_P_18/inp069.err for more details.
ERROR in MURE::BuildMCNPFile
	 Some nuclei have troubles, see transcript U5_1.2_8_83_P6_0.17_8_1_9_11_0_2.4_1_0.39_2_0.28_A1_0.74_P_18/inp070.err for more details.
ERROR in MURE::WriteMaterial(ostream &Out)
	 Some nuclei have troubles, see transcript U5_1.2_8_83_P6_0.17_8_1_9_11_0_2.4_1_0.39_2_0.28_A1_0.74_P_18/inp070.err for more details.
ERROR in MURE::BuildMCNPFile
	 Some nuclei have troubles, see transcript U5_1.2_8_83_P6_0.17_8_1_9_11_0_2.4_1_0.39_2_0.28_A1_0.74_P_18/inp071.err for more details.
ERROR in MURE::WriteMaterial(ostream &Out)
	 Some nuclei have troubles, see transcript U5_1.2_8_83_P6_0.17_8_1_9_11_0_2.4_1_0.39_2_0.28_A1_0.74_P_18/inp071.err for more details.
ERROR in MURE::BuildMCNPFile
	 Some nuclei have troubles, see transcript U5_1.2_8_83_P6_0.17_8_1_9_11_0_2.4_1_0.39_2_0.28_A1_0.74_P_18/inp072.err for more details.
ERROR in MURE::WriteMaterial(ostream &Out)
	 Some nuclei have troubles, see transcript U5_1.2_8_83_P6_0.17_8_1_9_11_0_2.4_1_0.39_2_0.28_A1_0.74_P_18/inp072.err for more details.
ERROR in MURE::BuildMCNPFile
	 Some nuclei have troubles, see transcript U5_1.2_8_83_P6_0.17_8_1_9_11_0_2.4_1_0.39_2_0.28_A1_0.74_P_18/inp073.err for more details.
ERROR in MURE::WriteMaterial(ostream &Out)
	 Some nuclei have troubles, see transcript U5_1.2_8_83_P6_0.17_8_1_9_11_0_2.4_1_0.39_2_0.28_A1_0.74_P_18/inp073.err for more details.
ERROR in MURE::BuildMCNPFile
	 Some nuclei have troubles, see transcript U5_1.2_8_83_P6_0.17_8_1_9_11_0_2.4_1_0.39_2_0.28_A1_0.74_P_18/inp074.err for more details.
ERROR in MURE::WriteMaterial(ostream &Out)
	 Some nuclei have troubles, see transcript U5_1.2_8_83_P6_0.17_8_1_9_11_0_2.4_1_0.39_2_0.28_A1_0.74_P_18/inp074.err for more details.
ERROR in MURE::BuildMCNPFile
	 Some nuclei have troubles, see transcript U5_1.2_8_83_P6_0.17_8_1_9_11_0_2.4_1_0.39_2_0.28_A1_0.74_P_18/inp075.err for more details.
ERROR in MURE::WriteMaterial(ostream &Out)
	 Some nuclei have troubles, see transcript U5_1.2_8_83_P6_0.17_8_1_9_11_0_2.4_1_0.39_2_0.28_A1_0.74_P_18/inp075.err for more details.
ERROR in MURE::BuildMCNPFile
	 Some nuclei have troubles, see transcript U5_1.2_8_83_P6_0.17_8_1_9_11_0_2.4_1_0.39_2_0.28_A1_0.74_P_18/inp076.err for more details.
ERROR in MURE::WriteMaterial(ostream &Out)
	 Some nuclei have troubles, see transcript U5_1.2_8_83_P6_0.17_8_1_9_11_0_2.4_1_0.39_2_0.28_A1_0.74_P_18/inp076.err for more details.
ERROR in MURE::BuildMCNPFile
	 Some nuclei have troubles, see transcript U5_1.2_8_83_P6_0.17_8_1_9_11_0_2.4_1_0.39_2_0.28_A1_0.74_P_18/inp077.err for more details.
ERROR in MURE::WriteMaterial(ostream &Out)
	 Some nuclei have troubles, see transcript U5_1.2_8_83_P6_0.17_8_1_9_11_0_2.4_1_0.39_2_0.28_A1_0.74_P_18/inp077.err for more details.
ERROR in MURE::BuildMCNPFile
	 Some nuclei have troubles, see transcript U5_1.2_8_83_P6_0.17_8_1_9_11_0_2.4_1_0.39_2_0.28_A1_0.74_P_18/inp078.err for more details.
ERROR in MURE::WriteMaterial(ostream &Out)
	 Some nuclei have troubles, see transcript U5_1.2_8_83_P6_0.17_8_1_9_11_0_2.4_1_0.39_2_0.28_A1_0.74_P_18/inp078.err for more details.
ERROR in MURE::BuildMCNPFile
	 Some nuclei have troubles, see transcript U5_1.2_8_83_P6_0.17_8_1_9_11_0_2.4_1_0.39_2_0.28_A1_0.74_P_18/inp079.err for more details.
ERROR in MURE::WriteMaterial(ostream &Out)
	 Some nuclei have troubles, see transcript U5_1.2_8_83_P6_0.17_8_1_9_11_0_2.4_1_0.39_2_0.28_A1_0.74_P_18/inp079.err for more details.
* About to connect() to ftp.box.com port 21 (#0)
*   Trying 74.112.186.81... connected
* Connected to ftp.box.com (74.112.186.81) port 21 (#0)
< 220 Service ready for new user.
> AUTH SSL
< 234 Command AUTH okay; starting SSL connection.
* Initializing NSS with certpath: sql:/etc/pki/nssdb
*   CAfile: /etc/pki/tls/certs/ca-bundle.crt
  CApath: none
* SSL connection using TLS_RSA_WITH_AES_128_CBC_SHA
* Server certificate:
* 	subject: CN=*.box.com,O="Box, Inc.",L=Los Altos,ST=California,C=US
* 	start date: Nov 13 19:22:20 2014 GMT
* 	expire date: Oct 23 02:42:03 2017 GMT
* 	common name: *.box.com
* 	issuer: CN=GeoTrust SSL CA - G4,O=GeoTrust Inc.,C=US
> USER mouginot@wisc.edu
< 331 User name okay, need password for mouginot@wisc.edu.
> PASS line150782
< 230 User logged in, proceed.
> PBSZ 0
< 200 Command PBSZ okay.
> PROT P
< 200 Command PROT okay.
> PWD
< 257 "/" is current directory.
* Entry path is '/'
> CWD MODEL_DATA
< 250 Directory changed to /MODEL_DATA
> CWD PWR_TRU_MOX_PSPEC
< 250 Directory changed to /MODEL_DATA/PWR_TRU_MOX_PSPEC
> CWD 1000
< 250 Directory changed to /MODEL_DATA/PWR_TRU_MOX_PSPEC/1000
> PASV
* Connect data stream passively
< 227 Entering Passive Mode (74,112,186,81,90,55)
* Skips 74.112.186.81 for data connection, uses 74.112.186.81 instead
*   Trying 74.112.186.81... connected
* Connecting to 74.112.186.81 (74.112.186.81) port 23095
> TYPE I
< 200 Command TYPE okay.
> STOR 999_raw.tar.gz
< 150 File status okay; about to open data connection.
* Doing the SSL/TLS handshake on the data stream
*   CAfile: /etc/pki/tls/certs/ca-bundle.crt
  CApath: none
* SSL connection using TLS_RSA_WITH_AES_128_CBC_SHA
* Server certificate:
* 	subject: CN=*.box.com,O="Box, Inc.",L=Los Altos,ST=California,C=US
* 	start date: Nov 13 19:22:20 2014 GMT
* 	expire date: Oct 23 02:42:03 2017 GMT
* 	common name: *.box.com
* 	issuer: CN=GeoTrust SSL CA - G4,O=GeoTrust Inc.,C=US
} [data not shown]
  % Total    % Received % Xferd  Average Speed   Time    Time     Time  Current
                                 Dload  Upload   Total   Spent    Left  Speed
  0 43.5M    0     0    0 16384      0   2371  5:21:15  0:00:06  5:21:09  2371  1 43.5M    0     0    1  480k      0  65785  0:11:34  0:00:07  0:11:27  824k 18 43.5M    0     0   18 8304k      0   980k  0:00:45  0:00:08  0:00:37 5309k 65 43.5M    0     0   65 28.4M      0  3076k  0:00:14  0:00:09  0:00:05 11.0M* Remembering we are in dir "MODEL_DATA/PWR_TRU_MOX_PSPEC/1000/"
< 226 Transfer complete.
100 43.5M    0     0  100 43.5M      0  3980k  0:00:11  0:00:11 --:--:-- 10.1M* Connection #0 to host ftp.box.com left intact

> QUIT
< 221 Goodbye.
* Closing connection #0
