ERROR in MURE::BuildXSDIR()
	 Some nuclei have troubles, see transcript U5_1.7_8_87_P6_0.37_8_0.71_9_5.6_0_1.4_1_0.085_2_0.98_A1_1.9_P_15/inp000.err for more details.
ERROR in MURE::BuildMCNPFile
	 Some nuclei have troubles, see transcript U5_1.7_8_87_P6_0.37_8_0.71_9_5.6_0_1.4_1_0.085_2_0.98_A1_1.9_P_15/inp000.err for more details.
ERROR in MURE::WriteMaterial(ostream &Out)
	 Some nuclei have troubles, see transcript U5_1.7_8_87_P6_0.37_8_0.71_9_5.6_0_1.4_1_0.085_2_0.98_A1_1.9_P_15/inp000.err for more details.
ERROR in MURE::BuildMCNPFile
	 Some nuclei have troubles, see transcript U5_1.7_8_87_P6_0.37_8_0.71_9_5.6_0_1.4_1_0.085_2_0.98_A1_1.9_P_15/inp001.err for more details.
ERROR in MURE::WriteMaterial(ostream &Out)
	 Some nuclei have troubles, see transcript U5_1.7_8_87_P6_0.37_8_0.71_9_5.6_0_1.4_1_0.085_2_0.98_A1_1.9_P_15/inp001.err for more details.
ERROR in MURE::BuildMCNPFile
	 Some nuclei have troubles, see transcript U5_1.7_8_87_P6_0.37_8_0.71_9_5.6_0_1.4_1_0.085_2_0.98_A1_1.9_P_15/inp002.err for more details.
ERROR in MURE::WriteMaterial(ostream &Out)
	 Some nuclei have troubles, see transcript U5_1.7_8_87_P6_0.37_8_0.71_9_5.6_0_1.4_1_0.085_2_0.98_A1_1.9_P_15/inp002.err for more details.
ERROR in MURE::BuildMCNPFile
	 Some nuclei have troubles, see transcript U5_1.7_8_87_P6_0.37_8_0.71_9_5.6_0_1.4_1_0.085_2_0.98_A1_1.9_P_15/inp003.err for more details.
ERROR in MURE::WriteMaterial(ostream &Out)
	 Some nuclei have troubles, see transcript U5_1.7_8_87_P6_0.37_8_0.71_9_5.6_0_1.4_1_0.085_2_0.98_A1_1.9_P_15/inp003.err for more details.
ERROR in MURE::BuildMCNPFile
	 Some nuclei have troubles, see transcript U5_1.7_8_87_P6_0.37_8_0.71_9_5.6_0_1.4_1_0.085_2_0.98_A1_1.9_P_15/inp004.err for more details.
ERROR in MURE::WriteMaterial(ostream &Out)
	 Some nuclei have troubles, see transcript U5_1.7_8_87_P6_0.37_8_0.71_9_5.6_0_1.4_1_0.085_2_0.98_A1_1.9_P_15/inp004.err for more details.
ERROR in MURE::BuildMCNPFile
	 Some nuclei have troubles, see transcript U5_1.7_8_87_P6_0.37_8_0.71_9_5.6_0_1.4_1_0.085_2_0.98_A1_1.9_P_15/inp005.err for more details.
ERROR in MURE::WriteMaterial(ostream &Out)
	 Some nuclei have troubles, see transcript U5_1.7_8_87_P6_0.37_8_0.71_9_5.6_0_1.4_1_0.085_2_0.98_A1_1.9_P_15/inp005.err for more details.
ERROR in MURE::BuildMCNPFile
	 Some nuclei have troubles, see transcript U5_1.7_8_87_P6_0.37_8_0.71_9_5.6_0_1.4_1_0.085_2_0.98_A1_1.9_P_15/inp006.err for more details.
ERROR in MURE::WriteMaterial(ostream &Out)
	 Some nuclei have troubles, see transcript U5_1.7_8_87_P6_0.37_8_0.71_9_5.6_0_1.4_1_0.085_2_0.98_A1_1.9_P_15/inp006.err for more details.
ERROR in MURE::BuildMCNPFile
	 Some nuclei have troubles, see transcript U5_1.7_8_87_P6_0.37_8_0.71_9_5.6_0_1.4_1_0.085_2_0.98_A1_1.9_P_15/inp007.err for more details.
ERROR in MURE::WriteMaterial(ostream &Out)
	 Some nuclei have troubles, see transcript U5_1.7_8_87_P6_0.37_8_0.71_9_5.6_0_1.4_1_0.085_2_0.98_A1_1.9_P_15/inp007.err for more details.
ERROR in MURE::BuildMCNPFile
	 Some nuclei have troubles, see transcript U5_1.7_8_87_P6_0.37_8_0.71_9_5.6_0_1.4_1_0.085_2_0.98_A1_1.9_P_15/inp008.err for more details.
ERROR in MURE::WriteMaterial(ostream &Out)
	 Some nuclei have troubles, see transcript U5_1.7_8_87_P6_0.37_8_0.71_9_5.6_0_1.4_1_0.085_2_0.98_A1_1.9_P_15/inp008.err for more details.
ERROR in MURE::BuildMCNPFile
	 Some nuclei have troubles, see transcript U5_1.7_8_87_P6_0.37_8_0.71_9_5.6_0_1.4_1_0.085_2_0.98_A1_1.9_P_15/inp009.err for more details.
ERROR in MURE::WriteMaterial(ostream &Out)
	 Some nuclei have troubles, see transcript U5_1.7_8_87_P6_0.37_8_0.71_9_5.6_0_1.4_1_0.085_2_0.98_A1_1.9_P_15/inp009.err for more details.
ERROR in MURE::BuildMCNPFile
	 Some nuclei have troubles, see transcript U5_1.7_8_87_P6_0.37_8_0.71_9_5.6_0_1.4_1_0.085_2_0.98_A1_1.9_P_15/inp010.err for more details.
ERROR in MURE::WriteMaterial(ostream &Out)
	 Some nuclei have troubles, see transcript U5_1.7_8_87_P6_0.37_8_0.71_9_5.6_0_1.4_1_0.085_2_0.98_A1_1.9_P_15/inp010.err for more details.
ERROR in MURE::BuildMCNPFile
	 Some nuclei have troubles, see transcript U5_1.7_8_87_P6_0.37_8_0.71_9_5.6_0_1.4_1_0.085_2_0.98_A1_1.9_P_15/inp011.err for more details.
ERROR in MURE::WriteMaterial(ostream &Out)
	 Some nuclei have troubles, see transcript U5_1.7_8_87_P6_0.37_8_0.71_9_5.6_0_1.4_1_0.085_2_0.98_A1_1.9_P_15/inp011.err for more details.
ERROR in MURE::BuildMCNPFile
	 Some nuclei have troubles, see transcript U5_1.7_8_87_P6_0.37_8_0.71_9_5.6_0_1.4_1_0.085_2_0.98_A1_1.9_P_15/inp012.err for more details.
ERROR in MURE::WriteMaterial(ostream &Out)
	 Some nuclei have troubles, see transcript U5_1.7_8_87_P6_0.37_8_0.71_9_5.6_0_1.4_1_0.085_2_0.98_A1_1.9_P_15/inp012.err for more details.
ERROR in MURE::BuildMCNPFile
	 Some nuclei have troubles, see transcript U5_1.7_8_87_P6_0.37_8_0.71_9_5.6_0_1.4_1_0.085_2_0.98_A1_1.9_P_15/inp013.err for more details.
ERROR in MURE::WriteMaterial(ostream &Out)
	 Some nuclei have troubles, see transcript U5_1.7_8_87_P6_0.37_8_0.71_9_5.6_0_1.4_1_0.085_2_0.98_A1_1.9_P_15/inp013.err for more details.
ERROR in MURE::BuildMCNPFile
	 Some nuclei have troubles, see transcript U5_1.7_8_87_P6_0.37_8_0.71_9_5.6_0_1.4_1_0.085_2_0.98_A1_1.9_P_15/inp014.err for more details.
ERROR in MURE::WriteMaterial(ostream &Out)
	 Some nuclei have troubles, see transcript U5_1.7_8_87_P6_0.37_8_0.71_9_5.6_0_1.4_1_0.085_2_0.98_A1_1.9_P_15/inp014.err for more details.
ERROR in MURE::BuildMCNPFile
	 Some nuclei have troubles, see transcript U5_1.7_8_87_P6_0.37_8_0.71_9_5.6_0_1.4_1_0.085_2_0.98_A1_1.9_P_15/inp015.err for more details.
ERROR in MURE::WriteMaterial(ostream &Out)
	 Some nuclei have troubles, see transcript U5_1.7_8_87_P6_0.37_8_0.71_9_5.6_0_1.4_1_0.085_2_0.98_A1_1.9_P_15/inp015.err for more details.
ERROR in MURE::BuildMCNPFile
	 Some nuclei have troubles, see transcript U5_1.7_8_87_P6_0.37_8_0.71_9_5.6_0_1.4_1_0.085_2_0.98_A1_1.9_P_15/inp016.err for more details.
ERROR in MURE::WriteMaterial(ostream &Out)
	 Some nuclei have troubles, see transcript U5_1.7_8_87_P6_0.37_8_0.71_9_5.6_0_1.4_1_0.085_2_0.98_A1_1.9_P_15/inp016.err for more details.
ERROR in MURE::BuildMCNPFile
	 Some nuclei have troubles, see transcript U5_1.7_8_87_P6_0.37_8_0.71_9_5.6_0_1.4_1_0.085_2_0.98_A1_1.9_P_15/inp017.err for more details.
ERROR in MURE::WriteMaterial(ostream &Out)
	 Some nuclei have troubles, see transcript U5_1.7_8_87_P6_0.37_8_0.71_9_5.6_0_1.4_1_0.085_2_0.98_A1_1.9_P_15/inp017.err for more details.
ERROR in MURE::BuildMCNPFile
	 Some nuclei have troubles, see transcript U5_1.7_8_87_P6_0.37_8_0.71_9_5.6_0_1.4_1_0.085_2_0.98_A1_1.9_P_15/inp018.err for more details.
ERROR in MURE::WriteMaterial(ostream &Out)
	 Some nuclei have troubles, see transcript U5_1.7_8_87_P6_0.37_8_0.71_9_5.6_0_1.4_1_0.085_2_0.98_A1_1.9_P_15/inp018.err for more details.
ERROR in MURE::BuildMCNPFile
	 Some nuclei have troubles, see transcript U5_1.7_8_87_P6_0.37_8_0.71_9_5.6_0_1.4_1_0.085_2_0.98_A1_1.9_P_15/inp019.err for more details.
ERROR in MURE::WriteMaterial(ostream &Out)
	 Some nuclei have troubles, see transcript U5_1.7_8_87_P6_0.37_8_0.71_9_5.6_0_1.4_1_0.085_2_0.98_A1_1.9_P_15/inp019.err for more details.
ERROR in MURE::BuildMCNPFile
	 Some nuclei have troubles, see transcript U5_1.7_8_87_P6_0.37_8_0.71_9_5.6_0_1.4_1_0.085_2_0.98_A1_1.9_P_15/inp020.err for more details.
ERROR in MURE::WriteMaterial(ostream &Out)
	 Some nuclei have troubles, see transcript U5_1.7_8_87_P6_0.37_8_0.71_9_5.6_0_1.4_1_0.085_2_0.98_A1_1.9_P_15/inp020.err for more details.
ERROR in MURE::BuildMCNPFile
	 Some nuclei have troubles, see transcript U5_1.7_8_87_P6_0.37_8_0.71_9_5.6_0_1.4_1_0.085_2_0.98_A1_1.9_P_15/inp021.err for more details.
ERROR in MURE::WriteMaterial(ostream &Out)
	 Some nuclei have troubles, see transcript U5_1.7_8_87_P6_0.37_8_0.71_9_5.6_0_1.4_1_0.085_2_0.98_A1_1.9_P_15/inp021.err for more details.
ERROR in MURE::BuildMCNPFile
	 Some nuclei have troubles, see transcript U5_1.7_8_87_P6_0.37_8_0.71_9_5.6_0_1.4_1_0.085_2_0.98_A1_1.9_P_15/inp022.err for more details.
ERROR in MURE::WriteMaterial(ostream &Out)
	 Some nuclei have troubles, see transcript U5_1.7_8_87_P6_0.37_8_0.71_9_5.6_0_1.4_1_0.085_2_0.98_A1_1.9_P_15/inp022.err for more details.
ERROR in MURE::BuildMCNPFile
	 Some nuclei have troubles, see transcript U5_1.7_8_87_P6_0.37_8_0.71_9_5.6_0_1.4_1_0.085_2_0.98_A1_1.9_P_15/inp023.err for more details.
ERROR in MURE::WriteMaterial(ostream &Out)
	 Some nuclei have troubles, see transcript U5_1.7_8_87_P6_0.37_8_0.71_9_5.6_0_1.4_1_0.085_2_0.98_A1_1.9_P_15/inp023.err for more details.
ERROR in MURE::BuildMCNPFile
	 Some nuclei have troubles, see transcript U5_1.7_8_87_P6_0.37_8_0.71_9_5.6_0_1.4_1_0.085_2_0.98_A1_1.9_P_15/inp024.err for more details.
ERROR in MURE::WriteMaterial(ostream &Out)
	 Some nuclei have troubles, see transcript U5_1.7_8_87_P6_0.37_8_0.71_9_5.6_0_1.4_1_0.085_2_0.98_A1_1.9_P_15/inp024.err for more details.
ERROR in MURE::BuildMCNPFile
	 Some nuclei have troubles, see transcript U5_1.7_8_87_P6_0.37_8_0.71_9_5.6_0_1.4_1_0.085_2_0.98_A1_1.9_P_15/inp025.err for more details.
ERROR in MURE::WriteMaterial(ostream &Out)
	 Some nuclei have troubles, see transcript U5_1.7_8_87_P6_0.37_8_0.71_9_5.6_0_1.4_1_0.085_2_0.98_A1_1.9_P_15/inp025.err for more details.
ERROR in MURE::BuildMCNPFile
	 Some nuclei have troubles, see transcript U5_1.7_8_87_P6_0.37_8_0.71_9_5.6_0_1.4_1_0.085_2_0.98_A1_1.9_P_15/inp026.err for more details.
ERROR in MURE::WriteMaterial(ostream &Out)
	 Some nuclei have troubles, see transcript U5_1.7_8_87_P6_0.37_8_0.71_9_5.6_0_1.4_1_0.085_2_0.98_A1_1.9_P_15/inp026.err for more details.
ERROR in MURE::BuildMCNPFile
	 Some nuclei have troubles, see transcript U5_1.7_8_87_P6_0.37_8_0.71_9_5.6_0_1.4_1_0.085_2_0.98_A1_1.9_P_15/inp027.err for more details.
ERROR in MURE::WriteMaterial(ostream &Out)
	 Some nuclei have troubles, see transcript U5_1.7_8_87_P6_0.37_8_0.71_9_5.6_0_1.4_1_0.085_2_0.98_A1_1.9_P_15/inp027.err for more details.
ERROR in MURE::BuildMCNPFile
	 Some nuclei have troubles, see transcript U5_1.7_8_87_P6_0.37_8_0.71_9_5.6_0_1.4_1_0.085_2_0.98_A1_1.9_P_15/inp028.err for more details.
ERROR in MURE::WriteMaterial(ostream &Out)
	 Some nuclei have troubles, see transcript U5_1.7_8_87_P6_0.37_8_0.71_9_5.6_0_1.4_1_0.085_2_0.98_A1_1.9_P_15/inp028.err for more details.
ERROR in MURE::BuildMCNPFile
	 Some nuclei have troubles, see transcript U5_1.7_8_87_P6_0.37_8_0.71_9_5.6_0_1.4_1_0.085_2_0.98_A1_1.9_P_15/inp029.err for more details.
ERROR in MURE::WriteMaterial(ostream &Out)
	 Some nuclei have troubles, see transcript U5_1.7_8_87_P6_0.37_8_0.71_9_5.6_0_1.4_1_0.085_2_0.98_A1_1.9_P_15/inp029.err for more details.
ERROR in MURE::BuildMCNPFile
	 Some nuclei have troubles, see transcript U5_1.7_8_87_P6_0.37_8_0.71_9_5.6_0_1.4_1_0.085_2_0.98_A1_1.9_P_15/inp030.err for more details.
ERROR in MURE::WriteMaterial(ostream &Out)
	 Some nuclei have troubles, see transcript U5_1.7_8_87_P6_0.37_8_0.71_9_5.6_0_1.4_1_0.085_2_0.98_A1_1.9_P_15/inp030.err for more details.
ERROR in MURE::BuildMCNPFile
	 Some nuclei have troubles, see transcript U5_1.7_8_87_P6_0.37_8_0.71_9_5.6_0_1.4_1_0.085_2_0.98_A1_1.9_P_15/inp031.err for more details.
ERROR in MURE::WriteMaterial(ostream &Out)
	 Some nuclei have troubles, see transcript U5_1.7_8_87_P6_0.37_8_0.71_9_5.6_0_1.4_1_0.085_2_0.98_A1_1.9_P_15/inp031.err for more details.
ERROR in MURE::BuildMCNPFile
	 Some nuclei have troubles, see transcript U5_1.7_8_87_P6_0.37_8_0.71_9_5.6_0_1.4_1_0.085_2_0.98_A1_1.9_P_15/inp032.err for more details.
ERROR in MURE::WriteMaterial(ostream &Out)
	 Some nuclei have troubles, see transcript U5_1.7_8_87_P6_0.37_8_0.71_9_5.6_0_1.4_1_0.085_2_0.98_A1_1.9_P_15/inp032.err for more details.
ERROR in MURE::BuildMCNPFile
	 Some nuclei have troubles, see transcript U5_1.7_8_87_P6_0.37_8_0.71_9_5.6_0_1.4_1_0.085_2_0.98_A1_1.9_P_15/inp033.err for more details.
ERROR in MURE::WriteMaterial(ostream &Out)
	 Some nuclei have troubles, see transcript U5_1.7_8_87_P6_0.37_8_0.71_9_5.6_0_1.4_1_0.085_2_0.98_A1_1.9_P_15/inp033.err for more details.
ERROR in MURE::BuildMCNPFile
	 Some nuclei have troubles, see transcript U5_1.7_8_87_P6_0.37_8_0.71_9_5.6_0_1.4_1_0.085_2_0.98_A1_1.9_P_15/inp034.err for more details.
ERROR in MURE::WriteMaterial(ostream &Out)
	 Some nuclei have troubles, see transcript U5_1.7_8_87_P6_0.37_8_0.71_9_5.6_0_1.4_1_0.085_2_0.98_A1_1.9_P_15/inp034.err for more details.
ERROR in MURE::BuildMCNPFile
	 Some nuclei have troubles, see transcript U5_1.7_8_87_P6_0.37_8_0.71_9_5.6_0_1.4_1_0.085_2_0.98_A1_1.9_P_15/inp035.err for more details.
ERROR in MURE::WriteMaterial(ostream &Out)
	 Some nuclei have troubles, see transcript U5_1.7_8_87_P6_0.37_8_0.71_9_5.6_0_1.4_1_0.085_2_0.98_A1_1.9_P_15/inp035.err for more details.
ERROR in MURE::BuildMCNPFile
	 Some nuclei have troubles, see transcript U5_1.7_8_87_P6_0.37_8_0.71_9_5.6_0_1.4_1_0.085_2_0.98_A1_1.9_P_15/inp036.err for more details.
ERROR in MURE::WriteMaterial(ostream &Out)
	 Some nuclei have troubles, see transcript U5_1.7_8_87_P6_0.37_8_0.71_9_5.6_0_1.4_1_0.085_2_0.98_A1_1.9_P_15/inp036.err for more details.
ERROR in MURE::BuildMCNPFile
	 Some nuclei have troubles, see transcript U5_1.7_8_87_P6_0.37_8_0.71_9_5.6_0_1.4_1_0.085_2_0.98_A1_1.9_P_15/inp037.err for more details.
ERROR in MURE::WriteMaterial(ostream &Out)
	 Some nuclei have troubles, see transcript U5_1.7_8_87_P6_0.37_8_0.71_9_5.6_0_1.4_1_0.085_2_0.98_A1_1.9_P_15/inp037.err for more details.
ERROR in MURE::BuildMCNPFile
	 Some nuclei have troubles, see transcript U5_1.7_8_87_P6_0.37_8_0.71_9_5.6_0_1.4_1_0.085_2_0.98_A1_1.9_P_15/inp038.err for more details.
ERROR in MURE::WriteMaterial(ostream &Out)
	 Some nuclei have troubles, see transcript U5_1.7_8_87_P6_0.37_8_0.71_9_5.6_0_1.4_1_0.085_2_0.98_A1_1.9_P_15/inp038.err for more details.
ERROR in MURE::BuildMCNPFile
	 Some nuclei have troubles, see transcript U5_1.7_8_87_P6_0.37_8_0.71_9_5.6_0_1.4_1_0.085_2_0.98_A1_1.9_P_15/inp039.err for more details.
ERROR in MURE::WriteMaterial(ostream &Out)
	 Some nuclei have troubles, see transcript U5_1.7_8_87_P6_0.37_8_0.71_9_5.6_0_1.4_1_0.085_2_0.98_A1_1.9_P_15/inp039.err for more details.
ERROR in MURE::BuildMCNPFile
	 Some nuclei have troubles, see transcript U5_1.7_8_87_P6_0.37_8_0.71_9_5.6_0_1.4_1_0.085_2_0.98_A1_1.9_P_15/inp040.err for more details.
ERROR in MURE::WriteMaterial(ostream &Out)
	 Some nuclei have troubles, see transcript U5_1.7_8_87_P6_0.37_8_0.71_9_5.6_0_1.4_1_0.085_2_0.98_A1_1.9_P_15/inp040.err for more details.
ERROR in MURE::BuildMCNPFile
	 Some nuclei have troubles, see transcript U5_1.7_8_87_P6_0.37_8_0.71_9_5.6_0_1.4_1_0.085_2_0.98_A1_1.9_P_15/inp041.err for more details.
ERROR in MURE::WriteMaterial(ostream &Out)
	 Some nuclei have troubles, see transcript U5_1.7_8_87_P6_0.37_8_0.71_9_5.6_0_1.4_1_0.085_2_0.98_A1_1.9_P_15/inp041.err for more details.
ERROR in MURE::BuildMCNPFile
	 Some nuclei have troubles, see transcript U5_1.7_8_87_P6_0.37_8_0.71_9_5.6_0_1.4_1_0.085_2_0.98_A1_1.9_P_15/inp042.err for more details.
ERROR in MURE::WriteMaterial(ostream &Out)
	 Some nuclei have troubles, see transcript U5_1.7_8_87_P6_0.37_8_0.71_9_5.6_0_1.4_1_0.085_2_0.98_A1_1.9_P_15/inp042.err for more details.
ERROR in MURE::BuildMCNPFile
	 Some nuclei have troubles, see transcript U5_1.7_8_87_P6_0.37_8_0.71_9_5.6_0_1.4_1_0.085_2_0.98_A1_1.9_P_15/inp043.err for more details.
ERROR in MURE::WriteMaterial(ostream &Out)
	 Some nuclei have troubles, see transcript U5_1.7_8_87_P6_0.37_8_0.71_9_5.6_0_1.4_1_0.085_2_0.98_A1_1.9_P_15/inp043.err for more details.
ERROR in MURE::BuildMCNPFile
	 Some nuclei have troubles, see transcript U5_1.7_8_87_P6_0.37_8_0.71_9_5.6_0_1.4_1_0.085_2_0.98_A1_1.9_P_15/inp044.err for more details.
ERROR in MURE::WriteMaterial(ostream &Out)
	 Some nuclei have troubles, see transcript U5_1.7_8_87_P6_0.37_8_0.71_9_5.6_0_1.4_1_0.085_2_0.98_A1_1.9_P_15/inp044.err for more details.
ERROR in MURE::BuildMCNPFile
	 Some nuclei have troubles, see transcript U5_1.7_8_87_P6_0.37_8_0.71_9_5.6_0_1.4_1_0.085_2_0.98_A1_1.9_P_15/inp045.err for more details.
ERROR in MURE::WriteMaterial(ostream &Out)
	 Some nuclei have troubles, see transcript U5_1.7_8_87_P6_0.37_8_0.71_9_5.6_0_1.4_1_0.085_2_0.98_A1_1.9_P_15/inp045.err for more details.
ERROR in MURE::BuildMCNPFile
	 Some nuclei have troubles, see transcript U5_1.7_8_87_P6_0.37_8_0.71_9_5.6_0_1.4_1_0.085_2_0.98_A1_1.9_P_15/inp046.err for more details.
ERROR in MURE::WriteMaterial(ostream &Out)
	 Some nuclei have troubles, see transcript U5_1.7_8_87_P6_0.37_8_0.71_9_5.6_0_1.4_1_0.085_2_0.98_A1_1.9_P_15/inp046.err for more details.
ERROR in MURE::BuildMCNPFile
	 Some nuclei have troubles, see transcript U5_1.7_8_87_P6_0.37_8_0.71_9_5.6_0_1.4_1_0.085_2_0.98_A1_1.9_P_15/inp047.err for more details.
ERROR in MURE::WriteMaterial(ostream &Out)
	 Some nuclei have troubles, see transcript U5_1.7_8_87_P6_0.37_8_0.71_9_5.6_0_1.4_1_0.085_2_0.98_A1_1.9_P_15/inp047.err for more details.
ERROR in MURE::BuildMCNPFile
	 Some nuclei have troubles, see transcript U5_1.7_8_87_P6_0.37_8_0.71_9_5.6_0_1.4_1_0.085_2_0.98_A1_1.9_P_15/inp048.err for more details.
ERROR in MURE::WriteMaterial(ostream &Out)
	 Some nuclei have troubles, see transcript U5_1.7_8_87_P6_0.37_8_0.71_9_5.6_0_1.4_1_0.085_2_0.98_A1_1.9_P_15/inp048.err for more details.
ERROR in MURE::BuildMCNPFile
	 Some nuclei have troubles, see transcript U5_1.7_8_87_P6_0.37_8_0.71_9_5.6_0_1.4_1_0.085_2_0.98_A1_1.9_P_15/inp049.err for more details.
ERROR in MURE::WriteMaterial(ostream &Out)
	 Some nuclei have troubles, see transcript U5_1.7_8_87_P6_0.37_8_0.71_9_5.6_0_1.4_1_0.085_2_0.98_A1_1.9_P_15/inp049.err for more details.
ERROR in MURE::BuildMCNPFile
	 Some nuclei have troubles, see transcript U5_1.7_8_87_P6_0.37_8_0.71_9_5.6_0_1.4_1_0.085_2_0.98_A1_1.9_P_15/inp050.err for more details.
ERROR in MURE::WriteMaterial(ostream &Out)
	 Some nuclei have troubles, see transcript U5_1.7_8_87_P6_0.37_8_0.71_9_5.6_0_1.4_1_0.085_2_0.98_A1_1.9_P_15/inp050.err for more details.
ERROR in MURE::BuildMCNPFile
	 Some nuclei have troubles, see transcript U5_1.7_8_87_P6_0.37_8_0.71_9_5.6_0_1.4_1_0.085_2_0.98_A1_1.9_P_15/inp051.err for more details.
ERROR in MURE::WriteMaterial(ostream &Out)
	 Some nuclei have troubles, see transcript U5_1.7_8_87_P6_0.37_8_0.71_9_5.6_0_1.4_1_0.085_2_0.98_A1_1.9_P_15/inp051.err for more details.
ERROR in MURE::BuildMCNPFile
	 Some nuclei have troubles, see transcript U5_1.7_8_87_P6_0.37_8_0.71_9_5.6_0_1.4_1_0.085_2_0.98_A1_1.9_P_15/inp052.err for more details.
ERROR in MURE::WriteMaterial(ostream &Out)
	 Some nuclei have troubles, see transcript U5_1.7_8_87_P6_0.37_8_0.71_9_5.6_0_1.4_1_0.085_2_0.98_A1_1.9_P_15/inp052.err for more details.
ERROR in MURE::BuildMCNPFile
	 Some nuclei have troubles, see transcript U5_1.7_8_87_P6_0.37_8_0.71_9_5.6_0_1.4_1_0.085_2_0.98_A1_1.9_P_15/inp053.err for more details.
ERROR in MURE::WriteMaterial(ostream &Out)
	 Some nuclei have troubles, see transcript U5_1.7_8_87_P6_0.37_8_0.71_9_5.6_0_1.4_1_0.085_2_0.98_A1_1.9_P_15/inp053.err for more details.
ERROR in MURE::BuildMCNPFile
	 Some nuclei have troubles, see transcript U5_1.7_8_87_P6_0.37_8_0.71_9_5.6_0_1.4_1_0.085_2_0.98_A1_1.9_P_15/inp054.err for more details.
ERROR in MURE::WriteMaterial(ostream &Out)
	 Some nuclei have troubles, see transcript U5_1.7_8_87_P6_0.37_8_0.71_9_5.6_0_1.4_1_0.085_2_0.98_A1_1.9_P_15/inp054.err for more details.
ERROR in MURE::BuildMCNPFile
	 Some nuclei have troubles, see transcript U5_1.7_8_87_P6_0.37_8_0.71_9_5.6_0_1.4_1_0.085_2_0.98_A1_1.9_P_15/inp055.err for more details.
ERROR in MURE::WriteMaterial(ostream &Out)
	 Some nuclei have troubles, see transcript U5_1.7_8_87_P6_0.37_8_0.71_9_5.6_0_1.4_1_0.085_2_0.98_A1_1.9_P_15/inp055.err for more details.
ERROR in MURE::BuildMCNPFile
	 Some nuclei have troubles, see transcript U5_1.7_8_87_P6_0.37_8_0.71_9_5.6_0_1.4_1_0.085_2_0.98_A1_1.9_P_15/inp056.err for more details.
ERROR in MURE::WriteMaterial(ostream &Out)
	 Some nuclei have troubles, see transcript U5_1.7_8_87_P6_0.37_8_0.71_9_5.6_0_1.4_1_0.085_2_0.98_A1_1.9_P_15/inp056.err for more details.
ERROR in MURE::BuildMCNPFile
	 Some nuclei have troubles, see transcript U5_1.7_8_87_P6_0.37_8_0.71_9_5.6_0_1.4_1_0.085_2_0.98_A1_1.9_P_15/inp057.err for more details.
ERROR in MURE::WriteMaterial(ostream &Out)
	 Some nuclei have troubles, see transcript U5_1.7_8_87_P6_0.37_8_0.71_9_5.6_0_1.4_1_0.085_2_0.98_A1_1.9_P_15/inp057.err for more details.
ERROR in MURE::BuildMCNPFile
	 Some nuclei have troubles, see transcript U5_1.7_8_87_P6_0.37_8_0.71_9_5.6_0_1.4_1_0.085_2_0.98_A1_1.9_P_15/inp058.err for more details.
ERROR in MURE::WriteMaterial(ostream &Out)
	 Some nuclei have troubles, see transcript U5_1.7_8_87_P6_0.37_8_0.71_9_5.6_0_1.4_1_0.085_2_0.98_A1_1.9_P_15/inp058.err for more details.
ERROR in MURE::BuildMCNPFile
	 Some nuclei have troubles, see transcript U5_1.7_8_87_P6_0.37_8_0.71_9_5.6_0_1.4_1_0.085_2_0.98_A1_1.9_P_15/inp059.err for more details.
ERROR in MURE::WriteMaterial(ostream &Out)
	 Some nuclei have troubles, see transcript U5_1.7_8_87_P6_0.37_8_0.71_9_5.6_0_1.4_1_0.085_2_0.98_A1_1.9_P_15/inp059.err for more details.
ERROR in MURE::BuildMCNPFile
	 Some nuclei have troubles, see transcript U5_1.7_8_87_P6_0.37_8_0.71_9_5.6_0_1.4_1_0.085_2_0.98_A1_1.9_P_15/inp060.err for more details.
ERROR in MURE::WriteMaterial(ostream &Out)
	 Some nuclei have troubles, see transcript U5_1.7_8_87_P6_0.37_8_0.71_9_5.6_0_1.4_1_0.085_2_0.98_A1_1.9_P_15/inp060.err for more details.
ERROR in MURE::BuildMCNPFile
	 Some nuclei have troubles, see transcript U5_1.7_8_87_P6_0.37_8_0.71_9_5.6_0_1.4_1_0.085_2_0.98_A1_1.9_P_15/inp061.err for more details.
ERROR in MURE::WriteMaterial(ostream &Out)
	 Some nuclei have troubles, see transcript U5_1.7_8_87_P6_0.37_8_0.71_9_5.6_0_1.4_1_0.085_2_0.98_A1_1.9_P_15/inp061.err for more details.
ERROR in MURE::BuildMCNPFile
	 Some nuclei have troubles, see transcript U5_1.7_8_87_P6_0.37_8_0.71_9_5.6_0_1.4_1_0.085_2_0.98_A1_1.9_P_15/inp062.err for more details.
ERROR in MURE::WriteMaterial(ostream &Out)
	 Some nuclei have troubles, see transcript U5_1.7_8_87_P6_0.37_8_0.71_9_5.6_0_1.4_1_0.085_2_0.98_A1_1.9_P_15/inp062.err for more details.
ERROR in MURE::BuildMCNPFile
	 Some nuclei have troubles, see transcript U5_1.7_8_87_P6_0.37_8_0.71_9_5.6_0_1.4_1_0.085_2_0.98_A1_1.9_P_15/inp063.err for more details.
ERROR in MURE::WriteMaterial(ostream &Out)
	 Some nuclei have troubles, see transcript U5_1.7_8_87_P6_0.37_8_0.71_9_5.6_0_1.4_1_0.085_2_0.98_A1_1.9_P_15/inp063.err for more details.
ERROR in MURE::BuildMCNPFile
	 Some nuclei have troubles, see transcript U5_1.7_8_87_P6_0.37_8_0.71_9_5.6_0_1.4_1_0.085_2_0.98_A1_1.9_P_15/inp064.err for more details.
ERROR in MURE::WriteMaterial(ostream &Out)
	 Some nuclei have troubles, see transcript U5_1.7_8_87_P6_0.37_8_0.71_9_5.6_0_1.4_1_0.085_2_0.98_A1_1.9_P_15/inp064.err for more details.
ERROR in MURE::BuildMCNPFile
	 Some nuclei have troubles, see transcript U5_1.7_8_87_P6_0.37_8_0.71_9_5.6_0_1.4_1_0.085_2_0.98_A1_1.9_P_15/inp065.err for more details.
ERROR in MURE::WriteMaterial(ostream &Out)
	 Some nuclei have troubles, see transcript U5_1.7_8_87_P6_0.37_8_0.71_9_5.6_0_1.4_1_0.085_2_0.98_A1_1.9_P_15/inp065.err for more details.
ERROR in MURE::BuildMCNPFile
	 Some nuclei have troubles, see transcript U5_1.7_8_87_P6_0.37_8_0.71_9_5.6_0_1.4_1_0.085_2_0.98_A1_1.9_P_15/inp066.err for more details.
ERROR in MURE::WriteMaterial(ostream &Out)
	 Some nuclei have troubles, see transcript U5_1.7_8_87_P6_0.37_8_0.71_9_5.6_0_1.4_1_0.085_2_0.98_A1_1.9_P_15/inp066.err for more details.
ERROR in MURE::BuildMCNPFile
	 Some nuclei have troubles, see transcript U5_1.7_8_87_P6_0.37_8_0.71_9_5.6_0_1.4_1_0.085_2_0.98_A1_1.9_P_15/inp067.err for more details.
ERROR in MURE::WriteMaterial(ostream &Out)
	 Some nuclei have troubles, see transcript U5_1.7_8_87_P6_0.37_8_0.71_9_5.6_0_1.4_1_0.085_2_0.98_A1_1.9_P_15/inp067.err for more details.
ERROR in MURE::BuildMCNPFile
	 Some nuclei have troubles, see transcript U5_1.7_8_87_P6_0.37_8_0.71_9_5.6_0_1.4_1_0.085_2_0.98_A1_1.9_P_15/inp068.err for more details.
ERROR in MURE::WriteMaterial(ostream &Out)
	 Some nuclei have troubles, see transcript U5_1.7_8_87_P6_0.37_8_0.71_9_5.6_0_1.4_1_0.085_2_0.98_A1_1.9_P_15/inp068.err for more details.
ERROR in MURE::BuildMCNPFile
	 Some nuclei have troubles, see transcript U5_1.7_8_87_P6_0.37_8_0.71_9_5.6_0_1.4_1_0.085_2_0.98_A1_1.9_P_15/inp069.err for more details.
ERROR in MURE::WriteMaterial(ostream &Out)
	 Some nuclei have troubles, see transcript U5_1.7_8_87_P6_0.37_8_0.71_9_5.6_0_1.4_1_0.085_2_0.98_A1_1.9_P_15/inp069.err for more details.
ERROR in MURE::BuildMCNPFile
	 Some nuclei have troubles, see transcript U5_1.7_8_87_P6_0.37_8_0.71_9_5.6_0_1.4_1_0.085_2_0.98_A1_1.9_P_15/inp070.err for more details.
ERROR in MURE::WriteMaterial(ostream &Out)
	 Some nuclei have troubles, see transcript U5_1.7_8_87_P6_0.37_8_0.71_9_5.6_0_1.4_1_0.085_2_0.98_A1_1.9_P_15/inp070.err for more details.
ERROR in MURE::BuildMCNPFile
	 Some nuclei have troubles, see transcript U5_1.7_8_87_P6_0.37_8_0.71_9_5.6_0_1.4_1_0.085_2_0.98_A1_1.9_P_15/inp071.err for more details.
ERROR in MURE::WriteMaterial(ostream &Out)
	 Some nuclei have troubles, see transcript U5_1.7_8_87_P6_0.37_8_0.71_9_5.6_0_1.4_1_0.085_2_0.98_A1_1.9_P_15/inp071.err for more details.
ERROR in MURE::BuildMCNPFile
	 Some nuclei have troubles, see transcript U5_1.7_8_87_P6_0.37_8_0.71_9_5.6_0_1.4_1_0.085_2_0.98_A1_1.9_P_15/inp072.err for more details.
ERROR in MURE::WriteMaterial(ostream &Out)
	 Some nuclei have troubles, see transcript U5_1.7_8_87_P6_0.37_8_0.71_9_5.6_0_1.4_1_0.085_2_0.98_A1_1.9_P_15/inp072.err for more details.
ERROR in MURE::BuildMCNPFile
	 Some nuclei have troubles, see transcript U5_1.7_8_87_P6_0.37_8_0.71_9_5.6_0_1.4_1_0.085_2_0.98_A1_1.9_P_15/inp073.err for more details.
ERROR in MURE::WriteMaterial(ostream &Out)
	 Some nuclei have troubles, see transcript U5_1.7_8_87_P6_0.37_8_0.71_9_5.6_0_1.4_1_0.085_2_0.98_A1_1.9_P_15/inp073.err for more details.
ERROR in MURE::BuildMCNPFile
	 Some nuclei have troubles, see transcript U5_1.7_8_87_P6_0.37_8_0.71_9_5.6_0_1.4_1_0.085_2_0.98_A1_1.9_P_15/inp074.err for more details.
ERROR in MURE::WriteMaterial(ostream &Out)
	 Some nuclei have troubles, see transcript U5_1.7_8_87_P6_0.37_8_0.71_9_5.6_0_1.4_1_0.085_2_0.98_A1_1.9_P_15/inp074.err for more details.
ERROR in MURE::BuildMCNPFile
	 Some nuclei have troubles, see transcript U5_1.7_8_87_P6_0.37_8_0.71_9_5.6_0_1.4_1_0.085_2_0.98_A1_1.9_P_15/inp075.err for more details.
ERROR in MURE::WriteMaterial(ostream &Out)
	 Some nuclei have troubles, see transcript U5_1.7_8_87_P6_0.37_8_0.71_9_5.6_0_1.4_1_0.085_2_0.98_A1_1.9_P_15/inp075.err for more details.
ERROR in MURE::BuildMCNPFile
	 Some nuclei have troubles, see transcript U5_1.7_8_87_P6_0.37_8_0.71_9_5.6_0_1.4_1_0.085_2_0.98_A1_1.9_P_15/inp076.err for more details.
ERROR in MURE::WriteMaterial(ostream &Out)
	 Some nuclei have troubles, see transcript U5_1.7_8_87_P6_0.37_8_0.71_9_5.6_0_1.4_1_0.085_2_0.98_A1_1.9_P_15/inp076.err for more details.
ERROR in MURE::BuildMCNPFile
	 Some nuclei have troubles, see transcript U5_1.7_8_87_P6_0.37_8_0.71_9_5.6_0_1.4_1_0.085_2_0.98_A1_1.9_P_15/inp077.err for more details.
ERROR in MURE::WriteMaterial(ostream &Out)
	 Some nuclei have troubles, see transcript U5_1.7_8_87_P6_0.37_8_0.71_9_5.6_0_1.4_1_0.085_2_0.98_A1_1.9_P_15/inp077.err for more details.
ERROR in MURE::BuildMCNPFile
	 Some nuclei have troubles, see transcript U5_1.7_8_87_P6_0.37_8_0.71_9_5.6_0_1.4_1_0.085_2_0.98_A1_1.9_P_15/inp078.err for more details.
ERROR in MURE::WriteMaterial(ostream &Out)
	 Some nuclei have troubles, see transcript U5_1.7_8_87_P6_0.37_8_0.71_9_5.6_0_1.4_1_0.085_2_0.98_A1_1.9_P_15/inp078.err for more details.
ERROR in MURE::BuildMCNPFile
	 Some nuclei have troubles, see transcript U5_1.7_8_87_P6_0.37_8_0.71_9_5.6_0_1.4_1_0.085_2_0.98_A1_1.9_P_15/inp079.err for more details.
ERROR in MURE::WriteMaterial(ostream &Out)
	 Some nuclei have troubles, see transcript U5_1.7_8_87_P6_0.37_8_0.71_9_5.6_0_1.4_1_0.085_2_0.98_A1_1.9_P_15/inp079.err for more details.
* About to connect() to ftp.box.com port 21 (#0)
*   Trying 107.152.25.220... connected
* Connected to ftp.box.com (107.152.25.220) port 21 (#0)
< 220 Service ready for new user.
> AUTH SSL
< 234 Command AUTH okay; starting SSL connection.
* Initializing NSS with certpath: sql:/etc/pki/nssdb
*   CAfile: /etc/pki/tls/certs/ca-bundle.crt
  CApath: none
* SSL connection using TLS_RSA_WITH_AES_128_CBC_SHA
* Server certificate:
* 	subject: CN=*.box.com,O="Box, Inc.",L=Los Altos,ST=California,C=US
* 	start date: Nov 13 19:22:20 2014 GMT
* 	expire date: Oct 23 02:42:03 2017 GMT
* 	common name: *.box.com
* 	issuer: CN=GeoTrust SSL CA - G4,O=GeoTrust Inc.,C=US
> USER mouginot@wisc.edu
< 331 User name okay, need password for mouginot@wisc.edu.
> PASS line150782
< 230 User logged in, proceed.
> PBSZ 0
< 200 Command PBSZ okay.
> PROT P
< 200 Command PROT okay.
> PWD
< 257 "/" is current directory.
* Entry path is '/'
> CWD MODEL_DATA
< 250 Directory changed to /MODEL_DATA
> CWD PWR_TRU_MOX_PSPEC
< 250 Directory changed to /MODEL_DATA/PWR_TRU_MOX_PSPEC
> CWD 1000
< 250 Directory changed to /MODEL_DATA/PWR_TRU_MOX_PSPEC/1000
> PASV
* Connect data stream passively
< 227 Entering Passive Mode (107,152,25,220,76,107)
* Skips 107.152.25.220 for data connection, uses 107.152.25.220 instead
*   Trying 107.152.25.220... connected
* Connecting to 107.152.25.220 (107.152.25.220) port 19563
> TYPE I
< 200 Command TYPE okay.
> STOR 731_raw.tar.gz
< 150 File status okay; about to open data connection.
* Doing the SSL/TLS handshake on the data stream
*   CAfile: /etc/pki/tls/certs/ca-bundle.crt
  CApath: none
* SSL connection using TLS_RSA_WITH_AES_128_CBC_SHA
* Server certificate:
* 	subject: CN=*.box.com,O="Box, Inc.",L=Los Altos,ST=California,C=US
* 	start date: Nov 13 19:22:20 2014 GMT
* 	expire date: Oct 23 02:42:03 2017 GMT
* 	common name: *.box.com
* 	issuer: CN=GeoTrust SSL CA - G4,O=GeoTrust Inc.,C=US
} [data not shown]
  % Total    % Received % Xferd  Average Speed   Time    Time     Time  Current
                                 Dload  Upload   Total   Spent    Left  Speed
  0 43.5M    0     0    0 16384      0   4148  3:03:23  0:00:03  3:03:20  4148  0 43.5M    0     0    0 65536      0  16190  0:46:59  0:00:04  0:46:55  484k 11 43.5M    0     0   11 4944k      0   985k  0:00:45  0:00:05  0:00:40 4609k 46 43.5M    0     0   46 20.4M      0  3482k  0:00:12  0:00:06  0:00:06  9.9M 75 43.5M    0     0   75 33.0M      0  4825k  0:00:09  0:00:07  0:00:02 10.8M* Remembering we are in dir "MODEL_DATA/PWR_TRU_MOX_PSPEC/1000/"
< 226 Transfer complete.
100 43.5M    0     0  100 43.5M      0  5206k  0:00:08  0:00:08 --:--:-- 9662k* Connection #0 to host ftp.box.com left intact

> QUIT
< 221 Goodbye.
* Closing connection #0
