ERROR in MURE::BuildXSDIR()
	 Some nuclei have troubles, see transcript U5_1.1_8_84_P6_0.14_8_0.78_9_6.6_0_2.4_1_2.9_2_1.7_A1_0.0072_P_34/inp000.err for more details.
ERROR in MURE::BuildMCNPFile
	 Some nuclei have troubles, see transcript U5_1.1_8_84_P6_0.14_8_0.78_9_6.6_0_2.4_1_2.9_2_1.7_A1_0.0072_P_34/inp000.err for more details.
ERROR in MURE::WriteMaterial(ostream &Out)
	 Some nuclei have troubles, see transcript U5_1.1_8_84_P6_0.14_8_0.78_9_6.6_0_2.4_1_2.9_2_1.7_A1_0.0072_P_34/inp000.err for more details.
ERROR in MURE::BuildMCNPFile
	 Some nuclei have troubles, see transcript U5_1.1_8_84_P6_0.14_8_0.78_9_6.6_0_2.4_1_2.9_2_1.7_A1_0.0072_P_34/inp001.err for more details.
ERROR in MURE::WriteMaterial(ostream &Out)
	 Some nuclei have troubles, see transcript U5_1.1_8_84_P6_0.14_8_0.78_9_6.6_0_2.4_1_2.9_2_1.7_A1_0.0072_P_34/inp001.err for more details.
ERROR in MURE::BuildMCNPFile
	 Some nuclei have troubles, see transcript U5_1.1_8_84_P6_0.14_8_0.78_9_6.6_0_2.4_1_2.9_2_1.7_A1_0.0072_P_34/inp002.err for more details.
ERROR in MURE::WriteMaterial(ostream &Out)
	 Some nuclei have troubles, see transcript U5_1.1_8_84_P6_0.14_8_0.78_9_6.6_0_2.4_1_2.9_2_1.7_A1_0.0072_P_34/inp002.err for more details.
ERROR in MURE::BuildMCNPFile
	 Some nuclei have troubles, see transcript U5_1.1_8_84_P6_0.14_8_0.78_9_6.6_0_2.4_1_2.9_2_1.7_A1_0.0072_P_34/inp003.err for more details.
ERROR in MURE::WriteMaterial(ostream &Out)
	 Some nuclei have troubles, see transcript U5_1.1_8_84_P6_0.14_8_0.78_9_6.6_0_2.4_1_2.9_2_1.7_A1_0.0072_P_34/inp003.err for more details.
ERROR in MURE::BuildMCNPFile
	 Some nuclei have troubles, see transcript U5_1.1_8_84_P6_0.14_8_0.78_9_6.6_0_2.4_1_2.9_2_1.7_A1_0.0072_P_34/inp004.err for more details.
ERROR in MURE::WriteMaterial(ostream &Out)
	 Some nuclei have troubles, see transcript U5_1.1_8_84_P6_0.14_8_0.78_9_6.6_0_2.4_1_2.9_2_1.7_A1_0.0072_P_34/inp004.err for more details.
ERROR in MURE::BuildMCNPFile
	 Some nuclei have troubles, see transcript U5_1.1_8_84_P6_0.14_8_0.78_9_6.6_0_2.4_1_2.9_2_1.7_A1_0.0072_P_34/inp005.err for more details.
ERROR in MURE::WriteMaterial(ostream &Out)
	 Some nuclei have troubles, see transcript U5_1.1_8_84_P6_0.14_8_0.78_9_6.6_0_2.4_1_2.9_2_1.7_A1_0.0072_P_34/inp005.err for more details.
ERROR in MURE::BuildMCNPFile
	 Some nuclei have troubles, see transcript U5_1.1_8_84_P6_0.14_8_0.78_9_6.6_0_2.4_1_2.9_2_1.7_A1_0.0072_P_34/inp006.err for more details.
ERROR in MURE::WriteMaterial(ostream &Out)
	 Some nuclei have troubles, see transcript U5_1.1_8_84_P6_0.14_8_0.78_9_6.6_0_2.4_1_2.9_2_1.7_A1_0.0072_P_34/inp006.err for more details.
ERROR in MURE::BuildMCNPFile
	 Some nuclei have troubles, see transcript U5_1.1_8_84_P6_0.14_8_0.78_9_6.6_0_2.4_1_2.9_2_1.7_A1_0.0072_P_34/inp007.err for more details.
ERROR in MURE::WriteMaterial(ostream &Out)
	 Some nuclei have troubles, see transcript U5_1.1_8_84_P6_0.14_8_0.78_9_6.6_0_2.4_1_2.9_2_1.7_A1_0.0072_P_34/inp007.err for more details.
ERROR in MURE::BuildMCNPFile
	 Some nuclei have troubles, see transcript U5_1.1_8_84_P6_0.14_8_0.78_9_6.6_0_2.4_1_2.9_2_1.7_A1_0.0072_P_34/inp008.err for more details.
ERROR in MURE::WriteMaterial(ostream &Out)
	 Some nuclei have troubles, see transcript U5_1.1_8_84_P6_0.14_8_0.78_9_6.6_0_2.4_1_2.9_2_1.7_A1_0.0072_P_34/inp008.err for more details.
ERROR in MURE::BuildMCNPFile
	 Some nuclei have troubles, see transcript U5_1.1_8_84_P6_0.14_8_0.78_9_6.6_0_2.4_1_2.9_2_1.7_A1_0.0072_P_34/inp009.err for more details.
ERROR in MURE::WriteMaterial(ostream &Out)
	 Some nuclei have troubles, see transcript U5_1.1_8_84_P6_0.14_8_0.78_9_6.6_0_2.4_1_2.9_2_1.7_A1_0.0072_P_34/inp009.err for more details.
ERROR in MURE::BuildMCNPFile
	 Some nuclei have troubles, see transcript U5_1.1_8_84_P6_0.14_8_0.78_9_6.6_0_2.4_1_2.9_2_1.7_A1_0.0072_P_34/inp010.err for more details.
ERROR in MURE::WriteMaterial(ostream &Out)
	 Some nuclei have troubles, see transcript U5_1.1_8_84_P6_0.14_8_0.78_9_6.6_0_2.4_1_2.9_2_1.7_A1_0.0072_P_34/inp010.err for more details.
ERROR in MURE::BuildMCNPFile
	 Some nuclei have troubles, see transcript U5_1.1_8_84_P6_0.14_8_0.78_9_6.6_0_2.4_1_2.9_2_1.7_A1_0.0072_P_34/inp011.err for more details.
ERROR in MURE::WriteMaterial(ostream &Out)
	 Some nuclei have troubles, see transcript U5_1.1_8_84_P6_0.14_8_0.78_9_6.6_0_2.4_1_2.9_2_1.7_A1_0.0072_P_34/inp011.err for more details.
ERROR in MURE::BuildMCNPFile
	 Some nuclei have troubles, see transcript U5_1.1_8_84_P6_0.14_8_0.78_9_6.6_0_2.4_1_2.9_2_1.7_A1_0.0072_P_34/inp012.err for more details.
ERROR in MURE::WriteMaterial(ostream &Out)
	 Some nuclei have troubles, see transcript U5_1.1_8_84_P6_0.14_8_0.78_9_6.6_0_2.4_1_2.9_2_1.7_A1_0.0072_P_34/inp012.err for more details.
ERROR in MURE::BuildMCNPFile
	 Some nuclei have troubles, see transcript U5_1.1_8_84_P6_0.14_8_0.78_9_6.6_0_2.4_1_2.9_2_1.7_A1_0.0072_P_34/inp013.err for more details.
ERROR in MURE::WriteMaterial(ostream &Out)
	 Some nuclei have troubles, see transcript U5_1.1_8_84_P6_0.14_8_0.78_9_6.6_0_2.4_1_2.9_2_1.7_A1_0.0072_P_34/inp013.err for more details.
ERROR in MURE::BuildMCNPFile
	 Some nuclei have troubles, see transcript U5_1.1_8_84_P6_0.14_8_0.78_9_6.6_0_2.4_1_2.9_2_1.7_A1_0.0072_P_34/inp014.err for more details.
ERROR in MURE::WriteMaterial(ostream &Out)
	 Some nuclei have troubles, see transcript U5_1.1_8_84_P6_0.14_8_0.78_9_6.6_0_2.4_1_2.9_2_1.7_A1_0.0072_P_34/inp014.err for more details.
ERROR in MURE::BuildMCNPFile
	 Some nuclei have troubles, see transcript U5_1.1_8_84_P6_0.14_8_0.78_9_6.6_0_2.4_1_2.9_2_1.7_A1_0.0072_P_34/inp015.err for more details.
ERROR in MURE::WriteMaterial(ostream &Out)
	 Some nuclei have troubles, see transcript U5_1.1_8_84_P6_0.14_8_0.78_9_6.6_0_2.4_1_2.9_2_1.7_A1_0.0072_P_34/inp015.err for more details.
ERROR in MURE::BuildMCNPFile
	 Some nuclei have troubles, see transcript U5_1.1_8_84_P6_0.14_8_0.78_9_6.6_0_2.4_1_2.9_2_1.7_A1_0.0072_P_34/inp016.err for more details.
ERROR in MURE::WriteMaterial(ostream &Out)
	 Some nuclei have troubles, see transcript U5_1.1_8_84_P6_0.14_8_0.78_9_6.6_0_2.4_1_2.9_2_1.7_A1_0.0072_P_34/inp016.err for more details.
ERROR in MURE::BuildMCNPFile
	 Some nuclei have troubles, see transcript U5_1.1_8_84_P6_0.14_8_0.78_9_6.6_0_2.4_1_2.9_2_1.7_A1_0.0072_P_34/inp017.err for more details.
ERROR in MURE::WriteMaterial(ostream &Out)
	 Some nuclei have troubles, see transcript U5_1.1_8_84_P6_0.14_8_0.78_9_6.6_0_2.4_1_2.9_2_1.7_A1_0.0072_P_34/inp017.err for more details.
ERROR in MURE::BuildMCNPFile
	 Some nuclei have troubles, see transcript U5_1.1_8_84_P6_0.14_8_0.78_9_6.6_0_2.4_1_2.9_2_1.7_A1_0.0072_P_34/inp018.err for more details.
ERROR in MURE::WriteMaterial(ostream &Out)
	 Some nuclei have troubles, see transcript U5_1.1_8_84_P6_0.14_8_0.78_9_6.6_0_2.4_1_2.9_2_1.7_A1_0.0072_P_34/inp018.err for more details.
ERROR in MURE::BuildMCNPFile
	 Some nuclei have troubles, see transcript U5_1.1_8_84_P6_0.14_8_0.78_9_6.6_0_2.4_1_2.9_2_1.7_A1_0.0072_P_34/inp019.err for more details.
ERROR in MURE::WriteMaterial(ostream &Out)
	 Some nuclei have troubles, see transcript U5_1.1_8_84_P6_0.14_8_0.78_9_6.6_0_2.4_1_2.9_2_1.7_A1_0.0072_P_34/inp019.err for more details.
ERROR in MURE::BuildMCNPFile
	 Some nuclei have troubles, see transcript U5_1.1_8_84_P6_0.14_8_0.78_9_6.6_0_2.4_1_2.9_2_1.7_A1_0.0072_P_34/inp020.err for more details.
ERROR in MURE::WriteMaterial(ostream &Out)
	 Some nuclei have troubles, see transcript U5_1.1_8_84_P6_0.14_8_0.78_9_6.6_0_2.4_1_2.9_2_1.7_A1_0.0072_P_34/inp020.err for more details.
ERROR in MURE::BuildMCNPFile
	 Some nuclei have troubles, see transcript U5_1.1_8_84_P6_0.14_8_0.78_9_6.6_0_2.4_1_2.9_2_1.7_A1_0.0072_P_34/inp021.err for more details.
ERROR in MURE::WriteMaterial(ostream &Out)
	 Some nuclei have troubles, see transcript U5_1.1_8_84_P6_0.14_8_0.78_9_6.6_0_2.4_1_2.9_2_1.7_A1_0.0072_P_34/inp021.err for more details.
ERROR in MURE::BuildMCNPFile
	 Some nuclei have troubles, see transcript U5_1.1_8_84_P6_0.14_8_0.78_9_6.6_0_2.4_1_2.9_2_1.7_A1_0.0072_P_34/inp022.err for more details.
ERROR in MURE::WriteMaterial(ostream &Out)
	 Some nuclei have troubles, see transcript U5_1.1_8_84_P6_0.14_8_0.78_9_6.6_0_2.4_1_2.9_2_1.7_A1_0.0072_P_34/inp022.err for more details.
ERROR in MURE::BuildMCNPFile
	 Some nuclei have troubles, see transcript U5_1.1_8_84_P6_0.14_8_0.78_9_6.6_0_2.4_1_2.9_2_1.7_A1_0.0072_P_34/inp023.err for more details.
ERROR in MURE::WriteMaterial(ostream &Out)
	 Some nuclei have troubles, see transcript U5_1.1_8_84_P6_0.14_8_0.78_9_6.6_0_2.4_1_2.9_2_1.7_A1_0.0072_P_34/inp023.err for more details.
ERROR in MURE::BuildMCNPFile
	 Some nuclei have troubles, see transcript U5_1.1_8_84_P6_0.14_8_0.78_9_6.6_0_2.4_1_2.9_2_1.7_A1_0.0072_P_34/inp024.err for more details.
ERROR in MURE::WriteMaterial(ostream &Out)
	 Some nuclei have troubles, see transcript U5_1.1_8_84_P6_0.14_8_0.78_9_6.6_0_2.4_1_2.9_2_1.7_A1_0.0072_P_34/inp024.err for more details.
ERROR in MURE::BuildMCNPFile
	 Some nuclei have troubles, see transcript U5_1.1_8_84_P6_0.14_8_0.78_9_6.6_0_2.4_1_2.9_2_1.7_A1_0.0072_P_34/inp025.err for more details.
ERROR in MURE::WriteMaterial(ostream &Out)
	 Some nuclei have troubles, see transcript U5_1.1_8_84_P6_0.14_8_0.78_9_6.6_0_2.4_1_2.9_2_1.7_A1_0.0072_P_34/inp025.err for more details.
ERROR in MURE::BuildMCNPFile
	 Some nuclei have troubles, see transcript U5_1.1_8_84_P6_0.14_8_0.78_9_6.6_0_2.4_1_2.9_2_1.7_A1_0.0072_P_34/inp026.err for more details.
ERROR in MURE::WriteMaterial(ostream &Out)
	 Some nuclei have troubles, see transcript U5_1.1_8_84_P6_0.14_8_0.78_9_6.6_0_2.4_1_2.9_2_1.7_A1_0.0072_P_34/inp026.err for more details.
ERROR in MURE::BuildMCNPFile
	 Some nuclei have troubles, see transcript U5_1.1_8_84_P6_0.14_8_0.78_9_6.6_0_2.4_1_2.9_2_1.7_A1_0.0072_P_34/inp027.err for more details.
ERROR in MURE::WriteMaterial(ostream &Out)
	 Some nuclei have troubles, see transcript U5_1.1_8_84_P6_0.14_8_0.78_9_6.6_0_2.4_1_2.9_2_1.7_A1_0.0072_P_34/inp027.err for more details.
ERROR in MURE::BuildMCNPFile
	 Some nuclei have troubles, see transcript U5_1.1_8_84_P6_0.14_8_0.78_9_6.6_0_2.4_1_2.9_2_1.7_A1_0.0072_P_34/inp028.err for more details.
ERROR in MURE::WriteMaterial(ostream &Out)
	 Some nuclei have troubles, see transcript U5_1.1_8_84_P6_0.14_8_0.78_9_6.6_0_2.4_1_2.9_2_1.7_A1_0.0072_P_34/inp028.err for more details.
ERROR in MURE::BuildMCNPFile
	 Some nuclei have troubles, see transcript U5_1.1_8_84_P6_0.14_8_0.78_9_6.6_0_2.4_1_2.9_2_1.7_A1_0.0072_P_34/inp029.err for more details.
ERROR in MURE::WriteMaterial(ostream &Out)
	 Some nuclei have troubles, see transcript U5_1.1_8_84_P6_0.14_8_0.78_9_6.6_0_2.4_1_2.9_2_1.7_A1_0.0072_P_34/inp029.err for more details.
ERROR in MURE::BuildMCNPFile
	 Some nuclei have troubles, see transcript U5_1.1_8_84_P6_0.14_8_0.78_9_6.6_0_2.4_1_2.9_2_1.7_A1_0.0072_P_34/inp030.err for more details.
ERROR in MURE::WriteMaterial(ostream &Out)
	 Some nuclei have troubles, see transcript U5_1.1_8_84_P6_0.14_8_0.78_9_6.6_0_2.4_1_2.9_2_1.7_A1_0.0072_P_34/inp030.err for more details.
ERROR in MURE::BuildMCNPFile
	 Some nuclei have troubles, see transcript U5_1.1_8_84_P6_0.14_8_0.78_9_6.6_0_2.4_1_2.9_2_1.7_A1_0.0072_P_34/inp031.err for more details.
ERROR in MURE::WriteMaterial(ostream &Out)
	 Some nuclei have troubles, see transcript U5_1.1_8_84_P6_0.14_8_0.78_9_6.6_0_2.4_1_2.9_2_1.7_A1_0.0072_P_34/inp031.err for more details.
ERROR in MURE::BuildMCNPFile
	 Some nuclei have troubles, see transcript U5_1.1_8_84_P6_0.14_8_0.78_9_6.6_0_2.4_1_2.9_2_1.7_A1_0.0072_P_34/inp032.err for more details.
ERROR in MURE::WriteMaterial(ostream &Out)
	 Some nuclei have troubles, see transcript U5_1.1_8_84_P6_0.14_8_0.78_9_6.6_0_2.4_1_2.9_2_1.7_A1_0.0072_P_34/inp032.err for more details.
ERROR in MURE::BuildMCNPFile
	 Some nuclei have troubles, see transcript U5_1.1_8_84_P6_0.14_8_0.78_9_6.6_0_2.4_1_2.9_2_1.7_A1_0.0072_P_34/inp033.err for more details.
ERROR in MURE::WriteMaterial(ostream &Out)
	 Some nuclei have troubles, see transcript U5_1.1_8_84_P6_0.14_8_0.78_9_6.6_0_2.4_1_2.9_2_1.7_A1_0.0072_P_34/inp033.err for more details.
ERROR in MURE::BuildMCNPFile
	 Some nuclei have troubles, see transcript U5_1.1_8_84_P6_0.14_8_0.78_9_6.6_0_2.4_1_2.9_2_1.7_A1_0.0072_P_34/inp034.err for more details.
ERROR in MURE::WriteMaterial(ostream &Out)
	 Some nuclei have troubles, see transcript U5_1.1_8_84_P6_0.14_8_0.78_9_6.6_0_2.4_1_2.9_2_1.7_A1_0.0072_P_34/inp034.err for more details.
ERROR in MURE::BuildMCNPFile
	 Some nuclei have troubles, see transcript U5_1.1_8_84_P6_0.14_8_0.78_9_6.6_0_2.4_1_2.9_2_1.7_A1_0.0072_P_34/inp035.err for more details.
ERROR in MURE::WriteMaterial(ostream &Out)
	 Some nuclei have troubles, see transcript U5_1.1_8_84_P6_0.14_8_0.78_9_6.6_0_2.4_1_2.9_2_1.7_A1_0.0072_P_34/inp035.err for more details.
ERROR in MURE::BuildMCNPFile
	 Some nuclei have troubles, see transcript U5_1.1_8_84_P6_0.14_8_0.78_9_6.6_0_2.4_1_2.9_2_1.7_A1_0.0072_P_34/inp036.err for more details.
ERROR in MURE::WriteMaterial(ostream &Out)
	 Some nuclei have troubles, see transcript U5_1.1_8_84_P6_0.14_8_0.78_9_6.6_0_2.4_1_2.9_2_1.7_A1_0.0072_P_34/inp036.err for more details.
ERROR in MURE::BuildMCNPFile
	 Some nuclei have troubles, see transcript U5_1.1_8_84_P6_0.14_8_0.78_9_6.6_0_2.4_1_2.9_2_1.7_A1_0.0072_P_34/inp037.err for more details.
ERROR in MURE::WriteMaterial(ostream &Out)
	 Some nuclei have troubles, see transcript U5_1.1_8_84_P6_0.14_8_0.78_9_6.6_0_2.4_1_2.9_2_1.7_A1_0.0072_P_34/inp037.err for more details.
ERROR in MURE::BuildMCNPFile
	 Some nuclei have troubles, see transcript U5_1.1_8_84_P6_0.14_8_0.78_9_6.6_0_2.4_1_2.9_2_1.7_A1_0.0072_P_34/inp038.err for more details.
ERROR in MURE::WriteMaterial(ostream &Out)
	 Some nuclei have troubles, see transcript U5_1.1_8_84_P6_0.14_8_0.78_9_6.6_0_2.4_1_2.9_2_1.7_A1_0.0072_P_34/inp038.err for more details.
ERROR in MURE::BuildMCNPFile
	 Some nuclei have troubles, see transcript U5_1.1_8_84_P6_0.14_8_0.78_9_6.6_0_2.4_1_2.9_2_1.7_A1_0.0072_P_34/inp039.err for more details.
ERROR in MURE::WriteMaterial(ostream &Out)
	 Some nuclei have troubles, see transcript U5_1.1_8_84_P6_0.14_8_0.78_9_6.6_0_2.4_1_2.9_2_1.7_A1_0.0072_P_34/inp039.err for more details.
ERROR in MURE::BuildMCNPFile
	 Some nuclei have troubles, see transcript U5_1.1_8_84_P6_0.14_8_0.78_9_6.6_0_2.4_1_2.9_2_1.7_A1_0.0072_P_34/inp040.err for more details.
ERROR in MURE::WriteMaterial(ostream &Out)
	 Some nuclei have troubles, see transcript U5_1.1_8_84_P6_0.14_8_0.78_9_6.6_0_2.4_1_2.9_2_1.7_A1_0.0072_P_34/inp040.err for more details.
ERROR in MURE::BuildMCNPFile
	 Some nuclei have troubles, see transcript U5_1.1_8_84_P6_0.14_8_0.78_9_6.6_0_2.4_1_2.9_2_1.7_A1_0.0072_P_34/inp041.err for more details.
ERROR in MURE::WriteMaterial(ostream &Out)
	 Some nuclei have troubles, see transcript U5_1.1_8_84_P6_0.14_8_0.78_9_6.6_0_2.4_1_2.9_2_1.7_A1_0.0072_P_34/inp041.err for more details.
ERROR in MURE::BuildMCNPFile
	 Some nuclei have troubles, see transcript U5_1.1_8_84_P6_0.14_8_0.78_9_6.6_0_2.4_1_2.9_2_1.7_A1_0.0072_P_34/inp042.err for more details.
ERROR in MURE::WriteMaterial(ostream &Out)
	 Some nuclei have troubles, see transcript U5_1.1_8_84_P6_0.14_8_0.78_9_6.6_0_2.4_1_2.9_2_1.7_A1_0.0072_P_34/inp042.err for more details.
ERROR in MURE::BuildMCNPFile
	 Some nuclei have troubles, see transcript U5_1.1_8_84_P6_0.14_8_0.78_9_6.6_0_2.4_1_2.9_2_1.7_A1_0.0072_P_34/inp043.err for more details.
ERROR in MURE::WriteMaterial(ostream &Out)
	 Some nuclei have troubles, see transcript U5_1.1_8_84_P6_0.14_8_0.78_9_6.6_0_2.4_1_2.9_2_1.7_A1_0.0072_P_34/inp043.err for more details.
ERROR in MURE::BuildMCNPFile
	 Some nuclei have troubles, see transcript U5_1.1_8_84_P6_0.14_8_0.78_9_6.6_0_2.4_1_2.9_2_1.7_A1_0.0072_P_34/inp044.err for more details.
ERROR in MURE::WriteMaterial(ostream &Out)
	 Some nuclei have troubles, see transcript U5_1.1_8_84_P6_0.14_8_0.78_9_6.6_0_2.4_1_2.9_2_1.7_A1_0.0072_P_34/inp044.err for more details.
ERROR in MURE::BuildMCNPFile
	 Some nuclei have troubles, see transcript U5_1.1_8_84_P6_0.14_8_0.78_9_6.6_0_2.4_1_2.9_2_1.7_A1_0.0072_P_34/inp045.err for more details.
ERROR in MURE::WriteMaterial(ostream &Out)
	 Some nuclei have troubles, see transcript U5_1.1_8_84_P6_0.14_8_0.78_9_6.6_0_2.4_1_2.9_2_1.7_A1_0.0072_P_34/inp045.err for more details.
ERROR in MURE::BuildMCNPFile
	 Some nuclei have troubles, see transcript U5_1.1_8_84_P6_0.14_8_0.78_9_6.6_0_2.4_1_2.9_2_1.7_A1_0.0072_P_34/inp046.err for more details.
ERROR in MURE::WriteMaterial(ostream &Out)
	 Some nuclei have troubles, see transcript U5_1.1_8_84_P6_0.14_8_0.78_9_6.6_0_2.4_1_2.9_2_1.7_A1_0.0072_P_34/inp046.err for more details.
ERROR in MURE::BuildMCNPFile
	 Some nuclei have troubles, see transcript U5_1.1_8_84_P6_0.14_8_0.78_9_6.6_0_2.4_1_2.9_2_1.7_A1_0.0072_P_34/inp047.err for more details.
ERROR in MURE::WriteMaterial(ostream &Out)
	 Some nuclei have troubles, see transcript U5_1.1_8_84_P6_0.14_8_0.78_9_6.6_0_2.4_1_2.9_2_1.7_A1_0.0072_P_34/inp047.err for more details.
ERROR in MURE::BuildMCNPFile
	 Some nuclei have troubles, see transcript U5_1.1_8_84_P6_0.14_8_0.78_9_6.6_0_2.4_1_2.9_2_1.7_A1_0.0072_P_34/inp048.err for more details.
ERROR in MURE::WriteMaterial(ostream &Out)
	 Some nuclei have troubles, see transcript U5_1.1_8_84_P6_0.14_8_0.78_9_6.6_0_2.4_1_2.9_2_1.7_A1_0.0072_P_34/inp048.err for more details.
ERROR in MURE::BuildMCNPFile
	 Some nuclei have troubles, see transcript U5_1.1_8_84_P6_0.14_8_0.78_9_6.6_0_2.4_1_2.9_2_1.7_A1_0.0072_P_34/inp049.err for more details.
ERROR in MURE::WriteMaterial(ostream &Out)
	 Some nuclei have troubles, see transcript U5_1.1_8_84_P6_0.14_8_0.78_9_6.6_0_2.4_1_2.9_2_1.7_A1_0.0072_P_34/inp049.err for more details.
ERROR in MURE::BuildMCNPFile
	 Some nuclei have troubles, see transcript U5_1.1_8_84_P6_0.14_8_0.78_9_6.6_0_2.4_1_2.9_2_1.7_A1_0.0072_P_34/inp050.err for more details.
ERROR in MURE::WriteMaterial(ostream &Out)
	 Some nuclei have troubles, see transcript U5_1.1_8_84_P6_0.14_8_0.78_9_6.6_0_2.4_1_2.9_2_1.7_A1_0.0072_P_34/inp050.err for more details.
ERROR in MURE::BuildMCNPFile
	 Some nuclei have troubles, see transcript U5_1.1_8_84_P6_0.14_8_0.78_9_6.6_0_2.4_1_2.9_2_1.7_A1_0.0072_P_34/inp051.err for more details.
ERROR in MURE::WriteMaterial(ostream &Out)
	 Some nuclei have troubles, see transcript U5_1.1_8_84_P6_0.14_8_0.78_9_6.6_0_2.4_1_2.9_2_1.7_A1_0.0072_P_34/inp051.err for more details.
ERROR in MURE::BuildMCNPFile
	 Some nuclei have troubles, see transcript U5_1.1_8_84_P6_0.14_8_0.78_9_6.6_0_2.4_1_2.9_2_1.7_A1_0.0072_P_34/inp052.err for more details.
ERROR in MURE::WriteMaterial(ostream &Out)
	 Some nuclei have troubles, see transcript U5_1.1_8_84_P6_0.14_8_0.78_9_6.6_0_2.4_1_2.9_2_1.7_A1_0.0072_P_34/inp052.err for more details.
ERROR in MURE::BuildMCNPFile
	 Some nuclei have troubles, see transcript U5_1.1_8_84_P6_0.14_8_0.78_9_6.6_0_2.4_1_2.9_2_1.7_A1_0.0072_P_34/inp053.err for more details.
ERROR in MURE::WriteMaterial(ostream &Out)
	 Some nuclei have troubles, see transcript U5_1.1_8_84_P6_0.14_8_0.78_9_6.6_0_2.4_1_2.9_2_1.7_A1_0.0072_P_34/inp053.err for more details.
ERROR in MURE::BuildMCNPFile
	 Some nuclei have troubles, see transcript U5_1.1_8_84_P6_0.14_8_0.78_9_6.6_0_2.4_1_2.9_2_1.7_A1_0.0072_P_34/inp054.err for more details.
ERROR in MURE::WriteMaterial(ostream &Out)
	 Some nuclei have troubles, see transcript U5_1.1_8_84_P6_0.14_8_0.78_9_6.6_0_2.4_1_2.9_2_1.7_A1_0.0072_P_34/inp054.err for more details.
ERROR in MURE::BuildMCNPFile
	 Some nuclei have troubles, see transcript U5_1.1_8_84_P6_0.14_8_0.78_9_6.6_0_2.4_1_2.9_2_1.7_A1_0.0072_P_34/inp055.err for more details.
ERROR in MURE::WriteMaterial(ostream &Out)
	 Some nuclei have troubles, see transcript U5_1.1_8_84_P6_0.14_8_0.78_9_6.6_0_2.4_1_2.9_2_1.7_A1_0.0072_P_34/inp055.err for more details.
ERROR in MURE::BuildMCNPFile
	 Some nuclei have troubles, see transcript U5_1.1_8_84_P6_0.14_8_0.78_9_6.6_0_2.4_1_2.9_2_1.7_A1_0.0072_P_34/inp056.err for more details.
ERROR in MURE::WriteMaterial(ostream &Out)
	 Some nuclei have troubles, see transcript U5_1.1_8_84_P6_0.14_8_0.78_9_6.6_0_2.4_1_2.9_2_1.7_A1_0.0072_P_34/inp056.err for more details.
ERROR in MURE::BuildMCNPFile
	 Some nuclei have troubles, see transcript U5_1.1_8_84_P6_0.14_8_0.78_9_6.6_0_2.4_1_2.9_2_1.7_A1_0.0072_P_34/inp057.err for more details.
ERROR in MURE::WriteMaterial(ostream &Out)
	 Some nuclei have troubles, see transcript U5_1.1_8_84_P6_0.14_8_0.78_9_6.6_0_2.4_1_2.9_2_1.7_A1_0.0072_P_34/inp057.err for more details.
ERROR in MURE::BuildMCNPFile
	 Some nuclei have troubles, see transcript U5_1.1_8_84_P6_0.14_8_0.78_9_6.6_0_2.4_1_2.9_2_1.7_A1_0.0072_P_34/inp058.err for more details.
ERROR in MURE::WriteMaterial(ostream &Out)
	 Some nuclei have troubles, see transcript U5_1.1_8_84_P6_0.14_8_0.78_9_6.6_0_2.4_1_2.9_2_1.7_A1_0.0072_P_34/inp058.err for more details.
ERROR in MURE::BuildMCNPFile
	 Some nuclei have troubles, see transcript U5_1.1_8_84_P6_0.14_8_0.78_9_6.6_0_2.4_1_2.9_2_1.7_A1_0.0072_P_34/inp059.err for more details.
ERROR in MURE::WriteMaterial(ostream &Out)
	 Some nuclei have troubles, see transcript U5_1.1_8_84_P6_0.14_8_0.78_9_6.6_0_2.4_1_2.9_2_1.7_A1_0.0072_P_34/inp059.err for more details.
ERROR in MURE::BuildMCNPFile
	 Some nuclei have troubles, see transcript U5_1.1_8_84_P6_0.14_8_0.78_9_6.6_0_2.4_1_2.9_2_1.7_A1_0.0072_P_34/inp060.err for more details.
ERROR in MURE::WriteMaterial(ostream &Out)
	 Some nuclei have troubles, see transcript U5_1.1_8_84_P6_0.14_8_0.78_9_6.6_0_2.4_1_2.9_2_1.7_A1_0.0072_P_34/inp060.err for more details.
ERROR in MURE::BuildMCNPFile
	 Some nuclei have troubles, see transcript U5_1.1_8_84_P6_0.14_8_0.78_9_6.6_0_2.4_1_2.9_2_1.7_A1_0.0072_P_34/inp061.err for more details.
ERROR in MURE::WriteMaterial(ostream &Out)
	 Some nuclei have troubles, see transcript U5_1.1_8_84_P6_0.14_8_0.78_9_6.6_0_2.4_1_2.9_2_1.7_A1_0.0072_P_34/inp061.err for more details.
ERROR in MURE::BuildMCNPFile
	 Some nuclei have troubles, see transcript U5_1.1_8_84_P6_0.14_8_0.78_9_6.6_0_2.4_1_2.9_2_1.7_A1_0.0072_P_34/inp062.err for more details.
ERROR in MURE::WriteMaterial(ostream &Out)
	 Some nuclei have troubles, see transcript U5_1.1_8_84_P6_0.14_8_0.78_9_6.6_0_2.4_1_2.9_2_1.7_A1_0.0072_P_34/inp062.err for more details.
ERROR in MURE::BuildMCNPFile
	 Some nuclei have troubles, see transcript U5_1.1_8_84_P6_0.14_8_0.78_9_6.6_0_2.4_1_2.9_2_1.7_A1_0.0072_P_34/inp063.err for more details.
ERROR in MURE::WriteMaterial(ostream &Out)
	 Some nuclei have troubles, see transcript U5_1.1_8_84_P6_0.14_8_0.78_9_6.6_0_2.4_1_2.9_2_1.7_A1_0.0072_P_34/inp063.err for more details.
ERROR in MURE::BuildMCNPFile
	 Some nuclei have troubles, see transcript U5_1.1_8_84_P6_0.14_8_0.78_9_6.6_0_2.4_1_2.9_2_1.7_A1_0.0072_P_34/inp064.err for more details.
ERROR in MURE::WriteMaterial(ostream &Out)
	 Some nuclei have troubles, see transcript U5_1.1_8_84_P6_0.14_8_0.78_9_6.6_0_2.4_1_2.9_2_1.7_A1_0.0072_P_34/inp064.err for more details.
ERROR in MURE::BuildMCNPFile
	 Some nuclei have troubles, see transcript U5_1.1_8_84_P6_0.14_8_0.78_9_6.6_0_2.4_1_2.9_2_1.7_A1_0.0072_P_34/inp065.err for more details.
ERROR in MURE::WriteMaterial(ostream &Out)
	 Some nuclei have troubles, see transcript U5_1.1_8_84_P6_0.14_8_0.78_9_6.6_0_2.4_1_2.9_2_1.7_A1_0.0072_P_34/inp065.err for more details.
ERROR in MURE::BuildMCNPFile
	 Some nuclei have troubles, see transcript U5_1.1_8_84_P6_0.14_8_0.78_9_6.6_0_2.4_1_2.9_2_1.7_A1_0.0072_P_34/inp066.err for more details.
ERROR in MURE::WriteMaterial(ostream &Out)
	 Some nuclei have troubles, see transcript U5_1.1_8_84_P6_0.14_8_0.78_9_6.6_0_2.4_1_2.9_2_1.7_A1_0.0072_P_34/inp066.err for more details.
ERROR in MURE::BuildMCNPFile
	 Some nuclei have troubles, see transcript U5_1.1_8_84_P6_0.14_8_0.78_9_6.6_0_2.4_1_2.9_2_1.7_A1_0.0072_P_34/inp067.err for more details.
ERROR in MURE::WriteMaterial(ostream &Out)
	 Some nuclei have troubles, see transcript U5_1.1_8_84_P6_0.14_8_0.78_9_6.6_0_2.4_1_2.9_2_1.7_A1_0.0072_P_34/inp067.err for more details.
ERROR in MURE::BuildMCNPFile
	 Some nuclei have troubles, see transcript U5_1.1_8_84_P6_0.14_8_0.78_9_6.6_0_2.4_1_2.9_2_1.7_A1_0.0072_P_34/inp068.err for more details.
ERROR in MURE::WriteMaterial(ostream &Out)
	 Some nuclei have troubles, see transcript U5_1.1_8_84_P6_0.14_8_0.78_9_6.6_0_2.4_1_2.9_2_1.7_A1_0.0072_P_34/inp068.err for more details.
ERROR in MURE::BuildMCNPFile
	 Some nuclei have troubles, see transcript U5_1.1_8_84_P6_0.14_8_0.78_9_6.6_0_2.4_1_2.9_2_1.7_A1_0.0072_P_34/inp069.err for more details.
ERROR in MURE::WriteMaterial(ostream &Out)
	 Some nuclei have troubles, see transcript U5_1.1_8_84_P6_0.14_8_0.78_9_6.6_0_2.4_1_2.9_2_1.7_A1_0.0072_P_34/inp069.err for more details.
ERROR in MURE::BuildMCNPFile
	 Some nuclei have troubles, see transcript U5_1.1_8_84_P6_0.14_8_0.78_9_6.6_0_2.4_1_2.9_2_1.7_A1_0.0072_P_34/inp070.err for more details.
ERROR in MURE::WriteMaterial(ostream &Out)
	 Some nuclei have troubles, see transcript U5_1.1_8_84_P6_0.14_8_0.78_9_6.6_0_2.4_1_2.9_2_1.7_A1_0.0072_P_34/inp070.err for more details.
ERROR in MURE::BuildMCNPFile
	 Some nuclei have troubles, see transcript U5_1.1_8_84_P6_0.14_8_0.78_9_6.6_0_2.4_1_2.9_2_1.7_A1_0.0072_P_34/inp071.err for more details.
ERROR in MURE::WriteMaterial(ostream &Out)
	 Some nuclei have troubles, see transcript U5_1.1_8_84_P6_0.14_8_0.78_9_6.6_0_2.4_1_2.9_2_1.7_A1_0.0072_P_34/inp071.err for more details.
ERROR in MURE::BuildMCNPFile
	 Some nuclei have troubles, see transcript U5_1.1_8_84_P6_0.14_8_0.78_9_6.6_0_2.4_1_2.9_2_1.7_A1_0.0072_P_34/inp072.err for more details.
ERROR in MURE::WriteMaterial(ostream &Out)
	 Some nuclei have troubles, see transcript U5_1.1_8_84_P6_0.14_8_0.78_9_6.6_0_2.4_1_2.9_2_1.7_A1_0.0072_P_34/inp072.err for more details.
ERROR in MURE::BuildMCNPFile
	 Some nuclei have troubles, see transcript U5_1.1_8_84_P6_0.14_8_0.78_9_6.6_0_2.4_1_2.9_2_1.7_A1_0.0072_P_34/inp073.err for more details.
ERROR in MURE::WriteMaterial(ostream &Out)
	 Some nuclei have troubles, see transcript U5_1.1_8_84_P6_0.14_8_0.78_9_6.6_0_2.4_1_2.9_2_1.7_A1_0.0072_P_34/inp073.err for more details.
ERROR in MURE::BuildMCNPFile
	 Some nuclei have troubles, see transcript U5_1.1_8_84_P6_0.14_8_0.78_9_6.6_0_2.4_1_2.9_2_1.7_A1_0.0072_P_34/inp074.err for more details.
ERROR in MURE::WriteMaterial(ostream &Out)
	 Some nuclei have troubles, see transcript U5_1.1_8_84_P6_0.14_8_0.78_9_6.6_0_2.4_1_2.9_2_1.7_A1_0.0072_P_34/inp074.err for more details.
ERROR in MURE::BuildMCNPFile
	 Some nuclei have troubles, see transcript U5_1.1_8_84_P6_0.14_8_0.78_9_6.6_0_2.4_1_2.9_2_1.7_A1_0.0072_P_34/inp075.err for more details.
ERROR in MURE::WriteMaterial(ostream &Out)
	 Some nuclei have troubles, see transcript U5_1.1_8_84_P6_0.14_8_0.78_9_6.6_0_2.4_1_2.9_2_1.7_A1_0.0072_P_34/inp075.err for more details.
ERROR in MURE::BuildMCNPFile
	 Some nuclei have troubles, see transcript U5_1.1_8_84_P6_0.14_8_0.78_9_6.6_0_2.4_1_2.9_2_1.7_A1_0.0072_P_34/inp076.err for more details.
ERROR in MURE::WriteMaterial(ostream &Out)
	 Some nuclei have troubles, see transcript U5_1.1_8_84_P6_0.14_8_0.78_9_6.6_0_2.4_1_2.9_2_1.7_A1_0.0072_P_34/inp076.err for more details.
ERROR in MURE::BuildMCNPFile
	 Some nuclei have troubles, see transcript U5_1.1_8_84_P6_0.14_8_0.78_9_6.6_0_2.4_1_2.9_2_1.7_A1_0.0072_P_34/inp077.err for more details.
ERROR in MURE::WriteMaterial(ostream &Out)
	 Some nuclei have troubles, see transcript U5_1.1_8_84_P6_0.14_8_0.78_9_6.6_0_2.4_1_2.9_2_1.7_A1_0.0072_P_34/inp077.err for more details.
ERROR in MURE::BuildMCNPFile
	 Some nuclei have troubles, see transcript U5_1.1_8_84_P6_0.14_8_0.78_9_6.6_0_2.4_1_2.9_2_1.7_A1_0.0072_P_34/inp078.err for more details.
ERROR in MURE::WriteMaterial(ostream &Out)
	 Some nuclei have troubles, see transcript U5_1.1_8_84_P6_0.14_8_0.78_9_6.6_0_2.4_1_2.9_2_1.7_A1_0.0072_P_34/inp078.err for more details.
ERROR in MURE::BuildMCNPFile
	 Some nuclei have troubles, see transcript U5_1.1_8_84_P6_0.14_8_0.78_9_6.6_0_2.4_1_2.9_2_1.7_A1_0.0072_P_34/inp079.err for more details.
ERROR in MURE::WriteMaterial(ostream &Out)
	 Some nuclei have troubles, see transcript U5_1.1_8_84_P6_0.14_8_0.78_9_6.6_0_2.4_1_2.9_2_1.7_A1_0.0072_P_34/inp079.err for more details.
* About to connect() to ftp.box.com port 21 (#0)
*   Trying 107.152.25.220... connected
* Connected to ftp.box.com (107.152.25.220) port 21 (#0)
< 220 Service ready for new user.
> AUTH SSL
< 234 Command AUTH okay; starting SSL connection.
* Initializing NSS with certpath: sql:/etc/pki/nssdb
*   CAfile: /etc/pki/tls/certs/ca-bundle.crt
  CApath: none
* SSL connection using TLS_RSA_WITH_AES_128_CBC_SHA
* Server certificate:
* 	subject: CN=*.box.com,O="Box, Inc.",L=Los Altos,ST=California,C=US
* 	start date: Nov 13 19:22:20 2014 GMT
* 	expire date: Oct 23 02:42:03 2017 GMT
* 	common name: *.box.com
* 	issuer: CN=GeoTrust SSL CA - G4,O=GeoTrust Inc.,C=US
> USER mouginot@wisc.edu
< 331 User name okay, need password for mouginot@wisc.edu.
> PASS line150782
< 230 User logged in, proceed.
> PBSZ 0
< 200 Command PBSZ okay.
> PROT P
< 200 Command PROT okay.
> PWD
< 257 "/" is current directory.
* Entry path is '/'
> CWD MODEL_DATA
< 250 Directory changed to /MODEL_DATA
> CWD PWR_TRU_MOX_PSPEC
< 250 Directory changed to /MODEL_DATA/PWR_TRU_MOX_PSPEC
> CWD 1000
< 250 Directory changed to /MODEL_DATA/PWR_TRU_MOX_PSPEC/1000
> PASV
* Connect data stream passively
< 227 Entering Passive Mode (107,152,25,220,70,42)
* Skips 107.152.25.220 for data connection, uses 107.152.25.220 instead
*   Trying 107.152.25.220... connected
* Connecting to 107.152.25.220 (107.152.25.220) port 17962
> TYPE I
< 200 Command TYPE okay.
> STOR 164_raw.tar.gz
< 150 File status okay; about to open data connection.
* Doing the SSL/TLS handshake on the data stream
*   CAfile: /etc/pki/tls/certs/ca-bundle.crt
  CApath: none
* SSL connection using TLS_RSA_WITH_AES_128_CBC_SHA
* Server certificate:
* 	subject: CN=*.box.com,O="Box, Inc.",L=Los Altos,ST=California,C=US
* 	start date: Nov 13 19:22:20 2014 GMT
* 	expire date: Oct 23 02:42:03 2017 GMT
* 	common name: *.box.com
* 	issuer: CN=GeoTrust SSL CA - G4,O=GeoTrust Inc.,C=US
} [data not shown]
  % Total    % Received % Xferd  Average Speed   Time    Time     Time  Current
                                 Dload  Upload   Total   Spent    Left  Speed
  0 43.5M    0     0    0 16384      0   3244  3:54:46  0:00:05  3:54:41  3244  0 43.5M    0     0    0 65536      0  12728  0:59:50  0:00:05  0:59:45  484k  7 43.5M    0     0    7 3456k      0   559k  0:01:19  0:00:06  0:01:13 3052k 40 43.5M    0     0   40 17.8M      0  2555k  0:00:17  0:00:07  0:00:10 8706k 73 43.5M    0     0   73 31.8M      0  3993k  0:00:11  0:00:08  0:00:03 10.2M* Remembering we are in dir "MODEL_DATA/PWR_TRU_MOX_PSPEC/1000/"
< 226 Transfer complete.
100 43.5M    0     0  100 43.5M      0  4573k  0:00:09  0:00:09 --:--:-- 9479k* Connection #0 to host ftp.box.com left intact

> QUIT
< 221 Goodbye.
* Closing connection #0
