ERROR in MURE::BuildXSDIR()
	 Some nuclei have troubles, see transcript U5_1.3_8_93_P6_0.19_8_0.014_9_4.4_0_0.43_1_0.036_2_0.53_A1_0.26_P_19/inp000.err for more details.
ERROR in MURE::BuildMCNPFile
	 Some nuclei have troubles, see transcript U5_1.3_8_93_P6_0.19_8_0.014_9_4.4_0_0.43_1_0.036_2_0.53_A1_0.26_P_19/inp000.err for more details.
ERROR in MURE::WriteMaterial(ostream &Out)
	 Some nuclei have troubles, see transcript U5_1.3_8_93_P6_0.19_8_0.014_9_4.4_0_0.43_1_0.036_2_0.53_A1_0.26_P_19/inp000.err for more details.
ERROR in MURE::BuildMCNPFile
	 Some nuclei have troubles, see transcript U5_1.3_8_93_P6_0.19_8_0.014_9_4.4_0_0.43_1_0.036_2_0.53_A1_0.26_P_19/inp001.err for more details.
ERROR in MURE::WriteMaterial(ostream &Out)
	 Some nuclei have troubles, see transcript U5_1.3_8_93_P6_0.19_8_0.014_9_4.4_0_0.43_1_0.036_2_0.53_A1_0.26_P_19/inp001.err for more details.
ERROR in MURE::BuildMCNPFile
	 Some nuclei have troubles, see transcript U5_1.3_8_93_P6_0.19_8_0.014_9_4.4_0_0.43_1_0.036_2_0.53_A1_0.26_P_19/inp002.err for more details.
ERROR in MURE::WriteMaterial(ostream &Out)
	 Some nuclei have troubles, see transcript U5_1.3_8_93_P6_0.19_8_0.014_9_4.4_0_0.43_1_0.036_2_0.53_A1_0.26_P_19/inp002.err for more details.
ERROR in MURE::BuildMCNPFile
	 Some nuclei have troubles, see transcript U5_1.3_8_93_P6_0.19_8_0.014_9_4.4_0_0.43_1_0.036_2_0.53_A1_0.26_P_19/inp003.err for more details.
ERROR in MURE::WriteMaterial(ostream &Out)
	 Some nuclei have troubles, see transcript U5_1.3_8_93_P6_0.19_8_0.014_9_4.4_0_0.43_1_0.036_2_0.53_A1_0.26_P_19/inp003.err for more details.
ERROR in MURE::BuildMCNPFile
	 Some nuclei have troubles, see transcript U5_1.3_8_93_P6_0.19_8_0.014_9_4.4_0_0.43_1_0.036_2_0.53_A1_0.26_P_19/inp004.err for more details.
ERROR in MURE::WriteMaterial(ostream &Out)
	 Some nuclei have troubles, see transcript U5_1.3_8_93_P6_0.19_8_0.014_9_4.4_0_0.43_1_0.036_2_0.53_A1_0.26_P_19/inp004.err for more details.
ERROR in MURE::BuildMCNPFile
	 Some nuclei have troubles, see transcript U5_1.3_8_93_P6_0.19_8_0.014_9_4.4_0_0.43_1_0.036_2_0.53_A1_0.26_P_19/inp005.err for more details.
ERROR in MURE::WriteMaterial(ostream &Out)
	 Some nuclei have troubles, see transcript U5_1.3_8_93_P6_0.19_8_0.014_9_4.4_0_0.43_1_0.036_2_0.53_A1_0.26_P_19/inp005.err for more details.
ERROR in MURE::BuildMCNPFile
	 Some nuclei have troubles, see transcript U5_1.3_8_93_P6_0.19_8_0.014_9_4.4_0_0.43_1_0.036_2_0.53_A1_0.26_P_19/inp006.err for more details.
ERROR in MURE::WriteMaterial(ostream &Out)
	 Some nuclei have troubles, see transcript U5_1.3_8_93_P6_0.19_8_0.014_9_4.4_0_0.43_1_0.036_2_0.53_A1_0.26_P_19/inp006.err for more details.
ERROR in MURE::BuildMCNPFile
	 Some nuclei have troubles, see transcript U5_1.3_8_93_P6_0.19_8_0.014_9_4.4_0_0.43_1_0.036_2_0.53_A1_0.26_P_19/inp007.err for more details.
ERROR in MURE::WriteMaterial(ostream &Out)
	 Some nuclei have troubles, see transcript U5_1.3_8_93_P6_0.19_8_0.014_9_4.4_0_0.43_1_0.036_2_0.53_A1_0.26_P_19/inp007.err for more details.
ERROR in MURE::BuildMCNPFile
	 Some nuclei have troubles, see transcript U5_1.3_8_93_P6_0.19_8_0.014_9_4.4_0_0.43_1_0.036_2_0.53_A1_0.26_P_19/inp008.err for more details.
ERROR in MURE::WriteMaterial(ostream &Out)
	 Some nuclei have troubles, see transcript U5_1.3_8_93_P6_0.19_8_0.014_9_4.4_0_0.43_1_0.036_2_0.53_A1_0.26_P_19/inp008.err for more details.
ERROR in MURE::BuildMCNPFile
	 Some nuclei have troubles, see transcript U5_1.3_8_93_P6_0.19_8_0.014_9_4.4_0_0.43_1_0.036_2_0.53_A1_0.26_P_19/inp009.err for more details.
ERROR in MURE::WriteMaterial(ostream &Out)
	 Some nuclei have troubles, see transcript U5_1.3_8_93_P6_0.19_8_0.014_9_4.4_0_0.43_1_0.036_2_0.53_A1_0.26_P_19/inp009.err for more details.
ERROR in MURE::BuildMCNPFile
	 Some nuclei have troubles, see transcript U5_1.3_8_93_P6_0.19_8_0.014_9_4.4_0_0.43_1_0.036_2_0.53_A1_0.26_P_19/inp010.err for more details.
ERROR in MURE::WriteMaterial(ostream &Out)
	 Some nuclei have troubles, see transcript U5_1.3_8_93_P6_0.19_8_0.014_9_4.4_0_0.43_1_0.036_2_0.53_A1_0.26_P_19/inp010.err for more details.
ERROR in MURE::BuildMCNPFile
	 Some nuclei have troubles, see transcript U5_1.3_8_93_P6_0.19_8_0.014_9_4.4_0_0.43_1_0.036_2_0.53_A1_0.26_P_19/inp011.err for more details.
ERROR in MURE::WriteMaterial(ostream &Out)
	 Some nuclei have troubles, see transcript U5_1.3_8_93_P6_0.19_8_0.014_9_4.4_0_0.43_1_0.036_2_0.53_A1_0.26_P_19/inp011.err for more details.
ERROR in MURE::BuildMCNPFile
	 Some nuclei have troubles, see transcript U5_1.3_8_93_P6_0.19_8_0.014_9_4.4_0_0.43_1_0.036_2_0.53_A1_0.26_P_19/inp012.err for more details.
ERROR in MURE::WriteMaterial(ostream &Out)
	 Some nuclei have troubles, see transcript U5_1.3_8_93_P6_0.19_8_0.014_9_4.4_0_0.43_1_0.036_2_0.53_A1_0.26_P_19/inp012.err for more details.
ERROR in MURE::BuildMCNPFile
	 Some nuclei have troubles, see transcript U5_1.3_8_93_P6_0.19_8_0.014_9_4.4_0_0.43_1_0.036_2_0.53_A1_0.26_P_19/inp013.err for more details.
ERROR in MURE::WriteMaterial(ostream &Out)
	 Some nuclei have troubles, see transcript U5_1.3_8_93_P6_0.19_8_0.014_9_4.4_0_0.43_1_0.036_2_0.53_A1_0.26_P_19/inp013.err for more details.
ERROR in MURE::BuildMCNPFile
	 Some nuclei have troubles, see transcript U5_1.3_8_93_P6_0.19_8_0.014_9_4.4_0_0.43_1_0.036_2_0.53_A1_0.26_P_19/inp014.err for more details.
ERROR in MURE::WriteMaterial(ostream &Out)
	 Some nuclei have troubles, see transcript U5_1.3_8_93_P6_0.19_8_0.014_9_4.4_0_0.43_1_0.036_2_0.53_A1_0.26_P_19/inp014.err for more details.
ERROR in MURE::BuildMCNPFile
	 Some nuclei have troubles, see transcript U5_1.3_8_93_P6_0.19_8_0.014_9_4.4_0_0.43_1_0.036_2_0.53_A1_0.26_P_19/inp015.err for more details.
ERROR in MURE::WriteMaterial(ostream &Out)
	 Some nuclei have troubles, see transcript U5_1.3_8_93_P6_0.19_8_0.014_9_4.4_0_0.43_1_0.036_2_0.53_A1_0.26_P_19/inp015.err for more details.
ERROR in MURE::BuildMCNPFile
	 Some nuclei have troubles, see transcript U5_1.3_8_93_P6_0.19_8_0.014_9_4.4_0_0.43_1_0.036_2_0.53_A1_0.26_P_19/inp016.err for more details.
ERROR in MURE::WriteMaterial(ostream &Out)
	 Some nuclei have troubles, see transcript U5_1.3_8_93_P6_0.19_8_0.014_9_4.4_0_0.43_1_0.036_2_0.53_A1_0.26_P_19/inp016.err for more details.
ERROR in MURE::BuildMCNPFile
	 Some nuclei have troubles, see transcript U5_1.3_8_93_P6_0.19_8_0.014_9_4.4_0_0.43_1_0.036_2_0.53_A1_0.26_P_19/inp017.err for more details.
ERROR in MURE::WriteMaterial(ostream &Out)
	 Some nuclei have troubles, see transcript U5_1.3_8_93_P6_0.19_8_0.014_9_4.4_0_0.43_1_0.036_2_0.53_A1_0.26_P_19/inp017.err for more details.
ERROR in MURE::BuildMCNPFile
	 Some nuclei have troubles, see transcript U5_1.3_8_93_P6_0.19_8_0.014_9_4.4_0_0.43_1_0.036_2_0.53_A1_0.26_P_19/inp018.err for more details.
ERROR in MURE::WriteMaterial(ostream &Out)
	 Some nuclei have troubles, see transcript U5_1.3_8_93_P6_0.19_8_0.014_9_4.4_0_0.43_1_0.036_2_0.53_A1_0.26_P_19/inp018.err for more details.
ERROR in MURE::BuildMCNPFile
	 Some nuclei have troubles, see transcript U5_1.3_8_93_P6_0.19_8_0.014_9_4.4_0_0.43_1_0.036_2_0.53_A1_0.26_P_19/inp019.err for more details.
ERROR in MURE::WriteMaterial(ostream &Out)
	 Some nuclei have troubles, see transcript U5_1.3_8_93_P6_0.19_8_0.014_9_4.4_0_0.43_1_0.036_2_0.53_A1_0.26_P_19/inp019.err for more details.
ERROR in MURE::BuildMCNPFile
	 Some nuclei have troubles, see transcript U5_1.3_8_93_P6_0.19_8_0.014_9_4.4_0_0.43_1_0.036_2_0.53_A1_0.26_P_19/inp020.err for more details.
ERROR in MURE::WriteMaterial(ostream &Out)
	 Some nuclei have troubles, see transcript U5_1.3_8_93_P6_0.19_8_0.014_9_4.4_0_0.43_1_0.036_2_0.53_A1_0.26_P_19/inp020.err for more details.
ERROR in MURE::BuildMCNPFile
	 Some nuclei have troubles, see transcript U5_1.3_8_93_P6_0.19_8_0.014_9_4.4_0_0.43_1_0.036_2_0.53_A1_0.26_P_19/inp021.err for more details.
ERROR in MURE::WriteMaterial(ostream &Out)
	 Some nuclei have troubles, see transcript U5_1.3_8_93_P6_0.19_8_0.014_9_4.4_0_0.43_1_0.036_2_0.53_A1_0.26_P_19/inp021.err for more details.
ERROR in MURE::BuildMCNPFile
	 Some nuclei have troubles, see transcript U5_1.3_8_93_P6_0.19_8_0.014_9_4.4_0_0.43_1_0.036_2_0.53_A1_0.26_P_19/inp022.err for more details.
ERROR in MURE::WriteMaterial(ostream &Out)
	 Some nuclei have troubles, see transcript U5_1.3_8_93_P6_0.19_8_0.014_9_4.4_0_0.43_1_0.036_2_0.53_A1_0.26_P_19/inp022.err for more details.
ERROR in MURE::BuildMCNPFile
	 Some nuclei have troubles, see transcript U5_1.3_8_93_P6_0.19_8_0.014_9_4.4_0_0.43_1_0.036_2_0.53_A1_0.26_P_19/inp023.err for more details.
ERROR in MURE::WriteMaterial(ostream &Out)
	 Some nuclei have troubles, see transcript U5_1.3_8_93_P6_0.19_8_0.014_9_4.4_0_0.43_1_0.036_2_0.53_A1_0.26_P_19/inp023.err for more details.
ERROR in MURE::BuildMCNPFile
	 Some nuclei have troubles, see transcript U5_1.3_8_93_P6_0.19_8_0.014_9_4.4_0_0.43_1_0.036_2_0.53_A1_0.26_P_19/inp024.err for more details.
ERROR in MURE::WriteMaterial(ostream &Out)
	 Some nuclei have troubles, see transcript U5_1.3_8_93_P6_0.19_8_0.014_9_4.4_0_0.43_1_0.036_2_0.53_A1_0.26_P_19/inp024.err for more details.
ERROR in MURE::BuildMCNPFile
	 Some nuclei have troubles, see transcript U5_1.3_8_93_P6_0.19_8_0.014_9_4.4_0_0.43_1_0.036_2_0.53_A1_0.26_P_19/inp025.err for more details.
ERROR in MURE::WriteMaterial(ostream &Out)
	 Some nuclei have troubles, see transcript U5_1.3_8_93_P6_0.19_8_0.014_9_4.4_0_0.43_1_0.036_2_0.53_A1_0.26_P_19/inp025.err for more details.
ERROR in MURE::BuildMCNPFile
	 Some nuclei have troubles, see transcript U5_1.3_8_93_P6_0.19_8_0.014_9_4.4_0_0.43_1_0.036_2_0.53_A1_0.26_P_19/inp026.err for more details.
ERROR in MURE::WriteMaterial(ostream &Out)
	 Some nuclei have troubles, see transcript U5_1.3_8_93_P6_0.19_8_0.014_9_4.4_0_0.43_1_0.036_2_0.53_A1_0.26_P_19/inp026.err for more details.
ERROR in MURE::BuildMCNPFile
	 Some nuclei have troubles, see transcript U5_1.3_8_93_P6_0.19_8_0.014_9_4.4_0_0.43_1_0.036_2_0.53_A1_0.26_P_19/inp027.err for more details.
ERROR in MURE::WriteMaterial(ostream &Out)
	 Some nuclei have troubles, see transcript U5_1.3_8_93_P6_0.19_8_0.014_9_4.4_0_0.43_1_0.036_2_0.53_A1_0.26_P_19/inp027.err for more details.
ERROR in MURE::BuildMCNPFile
	 Some nuclei have troubles, see transcript U5_1.3_8_93_P6_0.19_8_0.014_9_4.4_0_0.43_1_0.036_2_0.53_A1_0.26_P_19/inp028.err for more details.
ERROR in MURE::WriteMaterial(ostream &Out)
	 Some nuclei have troubles, see transcript U5_1.3_8_93_P6_0.19_8_0.014_9_4.4_0_0.43_1_0.036_2_0.53_A1_0.26_P_19/inp028.err for more details.
ERROR in MURE::BuildMCNPFile
	 Some nuclei have troubles, see transcript U5_1.3_8_93_P6_0.19_8_0.014_9_4.4_0_0.43_1_0.036_2_0.53_A1_0.26_P_19/inp029.err for more details.
ERROR in MURE::WriteMaterial(ostream &Out)
	 Some nuclei have troubles, see transcript U5_1.3_8_93_P6_0.19_8_0.014_9_4.4_0_0.43_1_0.036_2_0.53_A1_0.26_P_19/inp029.err for more details.
ERROR in MURE::BuildMCNPFile
	 Some nuclei have troubles, see transcript U5_1.3_8_93_P6_0.19_8_0.014_9_4.4_0_0.43_1_0.036_2_0.53_A1_0.26_P_19/inp030.err for more details.
ERROR in MURE::WriteMaterial(ostream &Out)
	 Some nuclei have troubles, see transcript U5_1.3_8_93_P6_0.19_8_0.014_9_4.4_0_0.43_1_0.036_2_0.53_A1_0.26_P_19/inp030.err for more details.
ERROR in MURE::BuildMCNPFile
	 Some nuclei have troubles, see transcript U5_1.3_8_93_P6_0.19_8_0.014_9_4.4_0_0.43_1_0.036_2_0.53_A1_0.26_P_19/inp031.err for more details.
ERROR in MURE::WriteMaterial(ostream &Out)
	 Some nuclei have troubles, see transcript U5_1.3_8_93_P6_0.19_8_0.014_9_4.4_0_0.43_1_0.036_2_0.53_A1_0.26_P_19/inp031.err for more details.
ERROR in MURE::BuildMCNPFile
	 Some nuclei have troubles, see transcript U5_1.3_8_93_P6_0.19_8_0.014_9_4.4_0_0.43_1_0.036_2_0.53_A1_0.26_P_19/inp032.err for more details.
ERROR in MURE::WriteMaterial(ostream &Out)
	 Some nuclei have troubles, see transcript U5_1.3_8_93_P6_0.19_8_0.014_9_4.4_0_0.43_1_0.036_2_0.53_A1_0.26_P_19/inp032.err for more details.
ERROR in MURE::BuildMCNPFile
	 Some nuclei have troubles, see transcript U5_1.3_8_93_P6_0.19_8_0.014_9_4.4_0_0.43_1_0.036_2_0.53_A1_0.26_P_19/inp033.err for more details.
ERROR in MURE::WriteMaterial(ostream &Out)
	 Some nuclei have troubles, see transcript U5_1.3_8_93_P6_0.19_8_0.014_9_4.4_0_0.43_1_0.036_2_0.53_A1_0.26_P_19/inp033.err for more details.
ERROR in MURE::BuildMCNPFile
	 Some nuclei have troubles, see transcript U5_1.3_8_93_P6_0.19_8_0.014_9_4.4_0_0.43_1_0.036_2_0.53_A1_0.26_P_19/inp034.err for more details.
ERROR in MURE::WriteMaterial(ostream &Out)
	 Some nuclei have troubles, see transcript U5_1.3_8_93_P6_0.19_8_0.014_9_4.4_0_0.43_1_0.036_2_0.53_A1_0.26_P_19/inp034.err for more details.
ERROR in MURE::BuildMCNPFile
	 Some nuclei have troubles, see transcript U5_1.3_8_93_P6_0.19_8_0.014_9_4.4_0_0.43_1_0.036_2_0.53_A1_0.26_P_19/inp035.err for more details.
ERROR in MURE::WriteMaterial(ostream &Out)
	 Some nuclei have troubles, see transcript U5_1.3_8_93_P6_0.19_8_0.014_9_4.4_0_0.43_1_0.036_2_0.53_A1_0.26_P_19/inp035.err for more details.
ERROR in MURE::BuildMCNPFile
	 Some nuclei have troubles, see transcript U5_1.3_8_93_P6_0.19_8_0.014_9_4.4_0_0.43_1_0.036_2_0.53_A1_0.26_P_19/inp036.err for more details.
ERROR in MURE::WriteMaterial(ostream &Out)
	 Some nuclei have troubles, see transcript U5_1.3_8_93_P6_0.19_8_0.014_9_4.4_0_0.43_1_0.036_2_0.53_A1_0.26_P_19/inp036.err for more details.
ERROR in MURE::BuildMCNPFile
	 Some nuclei have troubles, see transcript U5_1.3_8_93_P6_0.19_8_0.014_9_4.4_0_0.43_1_0.036_2_0.53_A1_0.26_P_19/inp037.err for more details.
ERROR in MURE::WriteMaterial(ostream &Out)
	 Some nuclei have troubles, see transcript U5_1.3_8_93_P6_0.19_8_0.014_9_4.4_0_0.43_1_0.036_2_0.53_A1_0.26_P_19/inp037.err for more details.
ERROR in MURE::BuildMCNPFile
	 Some nuclei have troubles, see transcript U5_1.3_8_93_P6_0.19_8_0.014_9_4.4_0_0.43_1_0.036_2_0.53_A1_0.26_P_19/inp038.err for more details.
ERROR in MURE::WriteMaterial(ostream &Out)
	 Some nuclei have troubles, see transcript U5_1.3_8_93_P6_0.19_8_0.014_9_4.4_0_0.43_1_0.036_2_0.53_A1_0.26_P_19/inp038.err for more details.
ERROR in MURE::BuildMCNPFile
	 Some nuclei have troubles, see transcript U5_1.3_8_93_P6_0.19_8_0.014_9_4.4_0_0.43_1_0.036_2_0.53_A1_0.26_P_19/inp039.err for more details.
ERROR in MURE::WriteMaterial(ostream &Out)
	 Some nuclei have troubles, see transcript U5_1.3_8_93_P6_0.19_8_0.014_9_4.4_0_0.43_1_0.036_2_0.53_A1_0.26_P_19/inp039.err for more details.
ERROR in MURE::BuildMCNPFile
	 Some nuclei have troubles, see transcript U5_1.3_8_93_P6_0.19_8_0.014_9_4.4_0_0.43_1_0.036_2_0.53_A1_0.26_P_19/inp040.err for more details.
ERROR in MURE::WriteMaterial(ostream &Out)
	 Some nuclei have troubles, see transcript U5_1.3_8_93_P6_0.19_8_0.014_9_4.4_0_0.43_1_0.036_2_0.53_A1_0.26_P_19/inp040.err for more details.
ERROR in MURE::BuildMCNPFile
	 Some nuclei have troubles, see transcript U5_1.3_8_93_P6_0.19_8_0.014_9_4.4_0_0.43_1_0.036_2_0.53_A1_0.26_P_19/inp041.err for more details.
ERROR in MURE::WriteMaterial(ostream &Out)
	 Some nuclei have troubles, see transcript U5_1.3_8_93_P6_0.19_8_0.014_9_4.4_0_0.43_1_0.036_2_0.53_A1_0.26_P_19/inp041.err for more details.
ERROR in MURE::BuildMCNPFile
	 Some nuclei have troubles, see transcript U5_1.3_8_93_P6_0.19_8_0.014_9_4.4_0_0.43_1_0.036_2_0.53_A1_0.26_P_19/inp042.err for more details.
ERROR in MURE::WriteMaterial(ostream &Out)
	 Some nuclei have troubles, see transcript U5_1.3_8_93_P6_0.19_8_0.014_9_4.4_0_0.43_1_0.036_2_0.53_A1_0.26_P_19/inp042.err for more details.
ERROR in MURE::BuildMCNPFile
	 Some nuclei have troubles, see transcript U5_1.3_8_93_P6_0.19_8_0.014_9_4.4_0_0.43_1_0.036_2_0.53_A1_0.26_P_19/inp043.err for more details.
ERROR in MURE::WriteMaterial(ostream &Out)
	 Some nuclei have troubles, see transcript U5_1.3_8_93_P6_0.19_8_0.014_9_4.4_0_0.43_1_0.036_2_0.53_A1_0.26_P_19/inp043.err for more details.
ERROR in MURE::BuildMCNPFile
	 Some nuclei have troubles, see transcript U5_1.3_8_93_P6_0.19_8_0.014_9_4.4_0_0.43_1_0.036_2_0.53_A1_0.26_P_19/inp044.err for more details.
ERROR in MURE::WriteMaterial(ostream &Out)
	 Some nuclei have troubles, see transcript U5_1.3_8_93_P6_0.19_8_0.014_9_4.4_0_0.43_1_0.036_2_0.53_A1_0.26_P_19/inp044.err for more details.
ERROR in MURE::BuildMCNPFile
	 Some nuclei have troubles, see transcript U5_1.3_8_93_P6_0.19_8_0.014_9_4.4_0_0.43_1_0.036_2_0.53_A1_0.26_P_19/inp045.err for more details.
ERROR in MURE::WriteMaterial(ostream &Out)
	 Some nuclei have troubles, see transcript U5_1.3_8_93_P6_0.19_8_0.014_9_4.4_0_0.43_1_0.036_2_0.53_A1_0.26_P_19/inp045.err for more details.
ERROR in MURE::BuildMCNPFile
	 Some nuclei have troubles, see transcript U5_1.3_8_93_P6_0.19_8_0.014_9_4.4_0_0.43_1_0.036_2_0.53_A1_0.26_P_19/inp046.err for more details.
ERROR in MURE::WriteMaterial(ostream &Out)
	 Some nuclei have troubles, see transcript U5_1.3_8_93_P6_0.19_8_0.014_9_4.4_0_0.43_1_0.036_2_0.53_A1_0.26_P_19/inp046.err for more details.
ERROR in MURE::BuildMCNPFile
	 Some nuclei have troubles, see transcript U5_1.3_8_93_P6_0.19_8_0.014_9_4.4_0_0.43_1_0.036_2_0.53_A1_0.26_P_19/inp047.err for more details.
ERROR in MURE::WriteMaterial(ostream &Out)
	 Some nuclei have troubles, see transcript U5_1.3_8_93_P6_0.19_8_0.014_9_4.4_0_0.43_1_0.036_2_0.53_A1_0.26_P_19/inp047.err for more details.
ERROR in MURE::BuildMCNPFile
	 Some nuclei have troubles, see transcript U5_1.3_8_93_P6_0.19_8_0.014_9_4.4_0_0.43_1_0.036_2_0.53_A1_0.26_P_19/inp048.err for more details.
ERROR in MURE::WriteMaterial(ostream &Out)
	 Some nuclei have troubles, see transcript U5_1.3_8_93_P6_0.19_8_0.014_9_4.4_0_0.43_1_0.036_2_0.53_A1_0.26_P_19/inp048.err for more details.
ERROR in MURE::BuildMCNPFile
	 Some nuclei have troubles, see transcript U5_1.3_8_93_P6_0.19_8_0.014_9_4.4_0_0.43_1_0.036_2_0.53_A1_0.26_P_19/inp049.err for more details.
ERROR in MURE::WriteMaterial(ostream &Out)
	 Some nuclei have troubles, see transcript U5_1.3_8_93_P6_0.19_8_0.014_9_4.4_0_0.43_1_0.036_2_0.53_A1_0.26_P_19/inp049.err for more details.
ERROR in MURE::BuildMCNPFile
	 Some nuclei have troubles, see transcript U5_1.3_8_93_P6_0.19_8_0.014_9_4.4_0_0.43_1_0.036_2_0.53_A1_0.26_P_19/inp050.err for more details.
ERROR in MURE::WriteMaterial(ostream &Out)
	 Some nuclei have troubles, see transcript U5_1.3_8_93_P6_0.19_8_0.014_9_4.4_0_0.43_1_0.036_2_0.53_A1_0.26_P_19/inp050.err for more details.
ERROR in MURE::BuildMCNPFile
	 Some nuclei have troubles, see transcript U5_1.3_8_93_P6_0.19_8_0.014_9_4.4_0_0.43_1_0.036_2_0.53_A1_0.26_P_19/inp051.err for more details.
ERROR in MURE::WriteMaterial(ostream &Out)
	 Some nuclei have troubles, see transcript U5_1.3_8_93_P6_0.19_8_0.014_9_4.4_0_0.43_1_0.036_2_0.53_A1_0.26_P_19/inp051.err for more details.
ERROR in MURE::BuildMCNPFile
	 Some nuclei have troubles, see transcript U5_1.3_8_93_P6_0.19_8_0.014_9_4.4_0_0.43_1_0.036_2_0.53_A1_0.26_P_19/inp052.err for more details.
ERROR in MURE::WriteMaterial(ostream &Out)
	 Some nuclei have troubles, see transcript U5_1.3_8_93_P6_0.19_8_0.014_9_4.4_0_0.43_1_0.036_2_0.53_A1_0.26_P_19/inp052.err for more details.
ERROR in MURE::BuildMCNPFile
	 Some nuclei have troubles, see transcript U5_1.3_8_93_P6_0.19_8_0.014_9_4.4_0_0.43_1_0.036_2_0.53_A1_0.26_P_19/inp053.err for more details.
ERROR in MURE::WriteMaterial(ostream &Out)
	 Some nuclei have troubles, see transcript U5_1.3_8_93_P6_0.19_8_0.014_9_4.4_0_0.43_1_0.036_2_0.53_A1_0.26_P_19/inp053.err for more details.
ERROR in MURE::BuildMCNPFile
	 Some nuclei have troubles, see transcript U5_1.3_8_93_P6_0.19_8_0.014_9_4.4_0_0.43_1_0.036_2_0.53_A1_0.26_P_19/inp054.err for more details.
ERROR in MURE::WriteMaterial(ostream &Out)
	 Some nuclei have troubles, see transcript U5_1.3_8_93_P6_0.19_8_0.014_9_4.4_0_0.43_1_0.036_2_0.53_A1_0.26_P_19/inp054.err for more details.
ERROR in MURE::BuildMCNPFile
	 Some nuclei have troubles, see transcript U5_1.3_8_93_P6_0.19_8_0.014_9_4.4_0_0.43_1_0.036_2_0.53_A1_0.26_P_19/inp055.err for more details.
ERROR in MURE::WriteMaterial(ostream &Out)
	 Some nuclei have troubles, see transcript U5_1.3_8_93_P6_0.19_8_0.014_9_4.4_0_0.43_1_0.036_2_0.53_A1_0.26_P_19/inp055.err for more details.
ERROR in MURE::BuildMCNPFile
	 Some nuclei have troubles, see transcript U5_1.3_8_93_P6_0.19_8_0.014_9_4.4_0_0.43_1_0.036_2_0.53_A1_0.26_P_19/inp056.err for more details.
ERROR in MURE::WriteMaterial(ostream &Out)
	 Some nuclei have troubles, see transcript U5_1.3_8_93_P6_0.19_8_0.014_9_4.4_0_0.43_1_0.036_2_0.53_A1_0.26_P_19/inp056.err for more details.
ERROR in MURE::BuildMCNPFile
	 Some nuclei have troubles, see transcript U5_1.3_8_93_P6_0.19_8_0.014_9_4.4_0_0.43_1_0.036_2_0.53_A1_0.26_P_19/inp057.err for more details.
ERROR in MURE::WriteMaterial(ostream &Out)
	 Some nuclei have troubles, see transcript U5_1.3_8_93_P6_0.19_8_0.014_9_4.4_0_0.43_1_0.036_2_0.53_A1_0.26_P_19/inp057.err for more details.
ERROR in MURE::BuildMCNPFile
	 Some nuclei have troubles, see transcript U5_1.3_8_93_P6_0.19_8_0.014_9_4.4_0_0.43_1_0.036_2_0.53_A1_0.26_P_19/inp058.err for more details.
ERROR in MURE::WriteMaterial(ostream &Out)
	 Some nuclei have troubles, see transcript U5_1.3_8_93_P6_0.19_8_0.014_9_4.4_0_0.43_1_0.036_2_0.53_A1_0.26_P_19/inp058.err for more details.
ERROR in MURE::BuildMCNPFile
	 Some nuclei have troubles, see transcript U5_1.3_8_93_P6_0.19_8_0.014_9_4.4_0_0.43_1_0.036_2_0.53_A1_0.26_P_19/inp059.err for more details.
ERROR in MURE::WriteMaterial(ostream &Out)
	 Some nuclei have troubles, see transcript U5_1.3_8_93_P6_0.19_8_0.014_9_4.4_0_0.43_1_0.036_2_0.53_A1_0.26_P_19/inp059.err for more details.
ERROR in MURE::BuildMCNPFile
	 Some nuclei have troubles, see transcript U5_1.3_8_93_P6_0.19_8_0.014_9_4.4_0_0.43_1_0.036_2_0.53_A1_0.26_P_19/inp060.err for more details.
ERROR in MURE::WriteMaterial(ostream &Out)
	 Some nuclei have troubles, see transcript U5_1.3_8_93_P6_0.19_8_0.014_9_4.4_0_0.43_1_0.036_2_0.53_A1_0.26_P_19/inp060.err for more details.
ERROR in MURE::BuildMCNPFile
	 Some nuclei have troubles, see transcript U5_1.3_8_93_P6_0.19_8_0.014_9_4.4_0_0.43_1_0.036_2_0.53_A1_0.26_P_19/inp061.err for more details.
ERROR in MURE::WriteMaterial(ostream &Out)
	 Some nuclei have troubles, see transcript U5_1.3_8_93_P6_0.19_8_0.014_9_4.4_0_0.43_1_0.036_2_0.53_A1_0.26_P_19/inp061.err for more details.
ERROR in MURE::BuildMCNPFile
	 Some nuclei have troubles, see transcript U5_1.3_8_93_P6_0.19_8_0.014_9_4.4_0_0.43_1_0.036_2_0.53_A1_0.26_P_19/inp062.err for more details.
ERROR in MURE::WriteMaterial(ostream &Out)
	 Some nuclei have troubles, see transcript U5_1.3_8_93_P6_0.19_8_0.014_9_4.4_0_0.43_1_0.036_2_0.53_A1_0.26_P_19/inp062.err for more details.
ERROR in MURE::BuildMCNPFile
	 Some nuclei have troubles, see transcript U5_1.3_8_93_P6_0.19_8_0.014_9_4.4_0_0.43_1_0.036_2_0.53_A1_0.26_P_19/inp063.err for more details.
ERROR in MURE::WriteMaterial(ostream &Out)
	 Some nuclei have troubles, see transcript U5_1.3_8_93_P6_0.19_8_0.014_9_4.4_0_0.43_1_0.036_2_0.53_A1_0.26_P_19/inp063.err for more details.
ERROR in MURE::BuildMCNPFile
	 Some nuclei have troubles, see transcript U5_1.3_8_93_P6_0.19_8_0.014_9_4.4_0_0.43_1_0.036_2_0.53_A1_0.26_P_19/inp064.err for more details.
ERROR in MURE::WriteMaterial(ostream &Out)
	 Some nuclei have troubles, see transcript U5_1.3_8_93_P6_0.19_8_0.014_9_4.4_0_0.43_1_0.036_2_0.53_A1_0.26_P_19/inp064.err for more details.
ERROR in MURE::BuildMCNPFile
	 Some nuclei have troubles, see transcript U5_1.3_8_93_P6_0.19_8_0.014_9_4.4_0_0.43_1_0.036_2_0.53_A1_0.26_P_19/inp065.err for more details.
ERROR in MURE::WriteMaterial(ostream &Out)
	 Some nuclei have troubles, see transcript U5_1.3_8_93_P6_0.19_8_0.014_9_4.4_0_0.43_1_0.036_2_0.53_A1_0.26_P_19/inp065.err for more details.
ERROR in MURE::BuildMCNPFile
	 Some nuclei have troubles, see transcript U5_1.3_8_93_P6_0.19_8_0.014_9_4.4_0_0.43_1_0.036_2_0.53_A1_0.26_P_19/inp066.err for more details.
ERROR in MURE::WriteMaterial(ostream &Out)
	 Some nuclei have troubles, see transcript U5_1.3_8_93_P6_0.19_8_0.014_9_4.4_0_0.43_1_0.036_2_0.53_A1_0.26_P_19/inp066.err for more details.
ERROR in MURE::BuildMCNPFile
	 Some nuclei have troubles, see transcript U5_1.3_8_93_P6_0.19_8_0.014_9_4.4_0_0.43_1_0.036_2_0.53_A1_0.26_P_19/inp067.err for more details.
ERROR in MURE::WriteMaterial(ostream &Out)
	 Some nuclei have troubles, see transcript U5_1.3_8_93_P6_0.19_8_0.014_9_4.4_0_0.43_1_0.036_2_0.53_A1_0.26_P_19/inp067.err for more details.
ERROR in MURE::BuildMCNPFile
	 Some nuclei have troubles, see transcript U5_1.3_8_93_P6_0.19_8_0.014_9_4.4_0_0.43_1_0.036_2_0.53_A1_0.26_P_19/inp068.err for more details.
ERROR in MURE::WriteMaterial(ostream &Out)
	 Some nuclei have troubles, see transcript U5_1.3_8_93_P6_0.19_8_0.014_9_4.4_0_0.43_1_0.036_2_0.53_A1_0.26_P_19/inp068.err for more details.
ERROR in MURE::BuildMCNPFile
	 Some nuclei have troubles, see transcript U5_1.3_8_93_P6_0.19_8_0.014_9_4.4_0_0.43_1_0.036_2_0.53_A1_0.26_P_19/inp069.err for more details.
ERROR in MURE::WriteMaterial(ostream &Out)
	 Some nuclei have troubles, see transcript U5_1.3_8_93_P6_0.19_8_0.014_9_4.4_0_0.43_1_0.036_2_0.53_A1_0.26_P_19/inp069.err for more details.
ERROR in MURE::BuildMCNPFile
	 Some nuclei have troubles, see transcript U5_1.3_8_93_P6_0.19_8_0.014_9_4.4_0_0.43_1_0.036_2_0.53_A1_0.26_P_19/inp070.err for more details.
ERROR in MURE::WriteMaterial(ostream &Out)
	 Some nuclei have troubles, see transcript U5_1.3_8_93_P6_0.19_8_0.014_9_4.4_0_0.43_1_0.036_2_0.53_A1_0.26_P_19/inp070.err for more details.
ERROR in MURE::BuildMCNPFile
	 Some nuclei have troubles, see transcript U5_1.3_8_93_P6_0.19_8_0.014_9_4.4_0_0.43_1_0.036_2_0.53_A1_0.26_P_19/inp071.err for more details.
ERROR in MURE::WriteMaterial(ostream &Out)
	 Some nuclei have troubles, see transcript U5_1.3_8_93_P6_0.19_8_0.014_9_4.4_0_0.43_1_0.036_2_0.53_A1_0.26_P_19/inp071.err for more details.
ERROR in MURE::BuildMCNPFile
	 Some nuclei have troubles, see transcript U5_1.3_8_93_P6_0.19_8_0.014_9_4.4_0_0.43_1_0.036_2_0.53_A1_0.26_P_19/inp072.err for more details.
ERROR in MURE::WriteMaterial(ostream &Out)
	 Some nuclei have troubles, see transcript U5_1.3_8_93_P6_0.19_8_0.014_9_4.4_0_0.43_1_0.036_2_0.53_A1_0.26_P_19/inp072.err for more details.
ERROR in MURE::BuildMCNPFile
	 Some nuclei have troubles, see transcript U5_1.3_8_93_P6_0.19_8_0.014_9_4.4_0_0.43_1_0.036_2_0.53_A1_0.26_P_19/inp073.err for more details.
ERROR in MURE::WriteMaterial(ostream &Out)
	 Some nuclei have troubles, see transcript U5_1.3_8_93_P6_0.19_8_0.014_9_4.4_0_0.43_1_0.036_2_0.53_A1_0.26_P_19/inp073.err for more details.
ERROR in MURE::BuildMCNPFile
	 Some nuclei have troubles, see transcript U5_1.3_8_93_P6_0.19_8_0.014_9_4.4_0_0.43_1_0.036_2_0.53_A1_0.26_P_19/inp074.err for more details.
ERROR in MURE::WriteMaterial(ostream &Out)
	 Some nuclei have troubles, see transcript U5_1.3_8_93_P6_0.19_8_0.014_9_4.4_0_0.43_1_0.036_2_0.53_A1_0.26_P_19/inp074.err for more details.
ERROR in MURE::BuildMCNPFile
	 Some nuclei have troubles, see transcript U5_1.3_8_93_P6_0.19_8_0.014_9_4.4_0_0.43_1_0.036_2_0.53_A1_0.26_P_19/inp075.err for more details.
ERROR in MURE::WriteMaterial(ostream &Out)
	 Some nuclei have troubles, see transcript U5_1.3_8_93_P6_0.19_8_0.014_9_4.4_0_0.43_1_0.036_2_0.53_A1_0.26_P_19/inp075.err for more details.
ERROR in MURE::BuildMCNPFile
	 Some nuclei have troubles, see transcript U5_1.3_8_93_P6_0.19_8_0.014_9_4.4_0_0.43_1_0.036_2_0.53_A1_0.26_P_19/inp076.err for more details.
ERROR in MURE::WriteMaterial(ostream &Out)
	 Some nuclei have troubles, see transcript U5_1.3_8_93_P6_0.19_8_0.014_9_4.4_0_0.43_1_0.036_2_0.53_A1_0.26_P_19/inp076.err for more details.
ERROR in MURE::BuildMCNPFile
	 Some nuclei have troubles, see transcript U5_1.3_8_93_P6_0.19_8_0.014_9_4.4_0_0.43_1_0.036_2_0.53_A1_0.26_P_19/inp077.err for more details.
ERROR in MURE::WriteMaterial(ostream &Out)
	 Some nuclei have troubles, see transcript U5_1.3_8_93_P6_0.19_8_0.014_9_4.4_0_0.43_1_0.036_2_0.53_A1_0.26_P_19/inp077.err for more details.
ERROR in MURE::BuildMCNPFile
	 Some nuclei have troubles, see transcript U5_1.3_8_93_P6_0.19_8_0.014_9_4.4_0_0.43_1_0.036_2_0.53_A1_0.26_P_19/inp078.err for more details.
ERROR in MURE::WriteMaterial(ostream &Out)
	 Some nuclei have troubles, see transcript U5_1.3_8_93_P6_0.19_8_0.014_9_4.4_0_0.43_1_0.036_2_0.53_A1_0.26_P_19/inp078.err for more details.
ERROR in MURE::BuildMCNPFile
	 Some nuclei have troubles, see transcript U5_1.3_8_93_P6_0.19_8_0.014_9_4.4_0_0.43_1_0.036_2_0.53_A1_0.26_P_19/inp079.err for more details.
ERROR in MURE::WriteMaterial(ostream &Out)
	 Some nuclei have troubles, see transcript U5_1.3_8_93_P6_0.19_8_0.014_9_4.4_0_0.43_1_0.036_2_0.53_A1_0.26_P_19/inp079.err for more details.
* About to connect() to ftp.box.com port 21 (#0)
*   Trying 74.112.186.81... connected
* Connected to ftp.box.com (74.112.186.81) port 21 (#0)
< 220 Service ready for new user.
> AUTH SSL
< 234 Command AUTH okay; starting SSL connection.
* Initializing NSS with certpath: sql:/etc/pki/nssdb
*   CAfile: /etc/pki/tls/certs/ca-bundle.crt
  CApath: none
* SSL connection using TLS_RSA_WITH_AES_128_CBC_SHA
* Server certificate:
* 	subject: CN=*.box.com,O="Box, Inc.",L=Los Altos,ST=California,C=US
* 	start date: Nov 13 19:22:20 2014 GMT
* 	expire date: Oct 23 02:42:03 2017 GMT
* 	common name: *.box.com
* 	issuer: CN=GeoTrust SSL CA - G4,O=GeoTrust Inc.,C=US
> USER mouginot@wisc.edu
< 331 User name okay, need password for mouginot@wisc.edu.
> PASS line150782
< 230 User logged in, proceed.
> PBSZ 0
< 200 Command PBSZ okay.
> PROT P
< 200 Command PROT okay.
> PWD
< 257 "/" is current directory.
* Entry path is '/'
> CWD MODEL_DATA
< 250 Directory changed to /MODEL_DATA
> CWD PWR_TRU_MOX_PSPEC
< 250 Directory changed to /MODEL_DATA/PWR_TRU_MOX_PSPEC
> CWD 1000
< 250 Directory changed to /MODEL_DATA/PWR_TRU_MOX_PSPEC/1000
> PASV
* Connect data stream passively
< 227 Entering Passive Mode (74,112,186,81,67,204)
* Skips 74.112.186.81 for data connection, uses 74.112.186.81 instead
*   Trying 74.112.186.81... connected
* Connecting to 74.112.186.81 (74.112.186.81) port 17356
> TYPE I
< 200 Command TYPE okay.
> STOR 742_raw.tar.gz
< 150 File status okay; about to open data connection.
* Doing the SSL/TLS handshake on the data stream
*   CAfile: /etc/pki/tls/certs/ca-bundle.crt
  CApath: none
* SSL connection using TLS_RSA_WITH_AES_128_CBC_SHA
* Server certificate:
* 	subject: CN=*.box.com,O="Box, Inc.",L=Los Altos,ST=California,C=US
* 	start date: Nov 13 19:22:20 2014 GMT
* 	expire date: Oct 23 02:42:03 2017 GMT
* 	common name: *.box.com
* 	issuer: CN=GeoTrust SSL CA - G4,O=GeoTrust Inc.,C=US
} [data not shown]
  % Total    % Received % Xferd  Average Speed   Time    Time     Time  Current
                                 Dload  Upload   Total   Spent    Left  Speed
  0 43.5M    0     0    0 16384      0   4143  3:03:46  0:00:03  3:03:43  4143  2 43.5M    0     0    2 1152k      0   242k  0:03:03  0:00:04  0:02:59 1441k  2 43.5M    0     0    2 1168k      0   199k  0:03:43  0:00:05  0:03:38  607k 23 43.5M    0     0   23 10.2M      0  1565k  0:00:28  0:00:06  0:00:22 3801k 71 43.5M    0     0   71 31.3M      0  4155k  0:00:10  0:00:07  0:00:03 8518k* Remembering we are in dir "MODEL_DATA/PWR_TRU_MOX_PSPEC/1000/"
< 226 Transfer complete.
100 43.5M    0     0  100 43.5M      0  4904k  0:00:09  0:00:09 --:--:-- 8674k* Connection #0 to host ftp.box.com left intact

> QUIT
< 221 Goodbye.
* Closing connection #0
