ERROR in MURE::BuildXSDIR()
	 Some nuclei have troubles, see transcript U5_0.074_8_85_P6_0.61_8_0.86_9_6.5_0_3.4_1_2.8_2_0.27_A1_0.21_P_32/inp000.err for more details.
ERROR in MURE::BuildMCNPFile
	 Some nuclei have troubles, see transcript U5_0.074_8_85_P6_0.61_8_0.86_9_6.5_0_3.4_1_2.8_2_0.27_A1_0.21_P_32/inp000.err for more details.
ERROR in MURE::WriteMaterial(ostream &Out)
	 Some nuclei have troubles, see transcript U5_0.074_8_85_P6_0.61_8_0.86_9_6.5_0_3.4_1_2.8_2_0.27_A1_0.21_P_32/inp000.err for more details.
ERROR in MURE::BuildMCNPFile
	 Some nuclei have troubles, see transcript U5_0.074_8_85_P6_0.61_8_0.86_9_6.5_0_3.4_1_2.8_2_0.27_A1_0.21_P_32/inp001.err for more details.
ERROR in MURE::WriteMaterial(ostream &Out)
	 Some nuclei have troubles, see transcript U5_0.074_8_85_P6_0.61_8_0.86_9_6.5_0_3.4_1_2.8_2_0.27_A1_0.21_P_32/inp001.err for more details.
ERROR in MURE::BuildMCNPFile
	 Some nuclei have troubles, see transcript U5_0.074_8_85_P6_0.61_8_0.86_9_6.5_0_3.4_1_2.8_2_0.27_A1_0.21_P_32/inp002.err for more details.
ERROR in MURE::WriteMaterial(ostream &Out)
	 Some nuclei have troubles, see transcript U5_0.074_8_85_P6_0.61_8_0.86_9_6.5_0_3.4_1_2.8_2_0.27_A1_0.21_P_32/inp002.err for more details.
ERROR in MURE::BuildMCNPFile
	 Some nuclei have troubles, see transcript U5_0.074_8_85_P6_0.61_8_0.86_9_6.5_0_3.4_1_2.8_2_0.27_A1_0.21_P_32/inp003.err for more details.
ERROR in MURE::WriteMaterial(ostream &Out)
	 Some nuclei have troubles, see transcript U5_0.074_8_85_P6_0.61_8_0.86_9_6.5_0_3.4_1_2.8_2_0.27_A1_0.21_P_32/inp003.err for more details.
ERROR in MURE::BuildMCNPFile
	 Some nuclei have troubles, see transcript U5_0.074_8_85_P6_0.61_8_0.86_9_6.5_0_3.4_1_2.8_2_0.27_A1_0.21_P_32/inp004.err for more details.
ERROR in MURE::WriteMaterial(ostream &Out)
	 Some nuclei have troubles, see transcript U5_0.074_8_85_P6_0.61_8_0.86_9_6.5_0_3.4_1_2.8_2_0.27_A1_0.21_P_32/inp004.err for more details.
ERROR in MURE::BuildMCNPFile
	 Some nuclei have troubles, see transcript U5_0.074_8_85_P6_0.61_8_0.86_9_6.5_0_3.4_1_2.8_2_0.27_A1_0.21_P_32/inp005.err for more details.
ERROR in MURE::WriteMaterial(ostream &Out)
	 Some nuclei have troubles, see transcript U5_0.074_8_85_P6_0.61_8_0.86_9_6.5_0_3.4_1_2.8_2_0.27_A1_0.21_P_32/inp005.err for more details.
ERROR in MURE::BuildMCNPFile
	 Some nuclei have troubles, see transcript U5_0.074_8_85_P6_0.61_8_0.86_9_6.5_0_3.4_1_2.8_2_0.27_A1_0.21_P_32/inp006.err for more details.
ERROR in MURE::WriteMaterial(ostream &Out)
	 Some nuclei have troubles, see transcript U5_0.074_8_85_P6_0.61_8_0.86_9_6.5_0_3.4_1_2.8_2_0.27_A1_0.21_P_32/inp006.err for more details.
ERROR in MURE::BuildMCNPFile
	 Some nuclei have troubles, see transcript U5_0.074_8_85_P6_0.61_8_0.86_9_6.5_0_3.4_1_2.8_2_0.27_A1_0.21_P_32/inp007.err for more details.
ERROR in MURE::WriteMaterial(ostream &Out)
	 Some nuclei have troubles, see transcript U5_0.074_8_85_P6_0.61_8_0.86_9_6.5_0_3.4_1_2.8_2_0.27_A1_0.21_P_32/inp007.err for more details.
ERROR in MURE::BuildMCNPFile
	 Some nuclei have troubles, see transcript U5_0.074_8_85_P6_0.61_8_0.86_9_6.5_0_3.4_1_2.8_2_0.27_A1_0.21_P_32/inp008.err for more details.
ERROR in MURE::WriteMaterial(ostream &Out)
	 Some nuclei have troubles, see transcript U5_0.074_8_85_P6_0.61_8_0.86_9_6.5_0_3.4_1_2.8_2_0.27_A1_0.21_P_32/inp008.err for more details.
ERROR in MURE::BuildMCNPFile
	 Some nuclei have troubles, see transcript U5_0.074_8_85_P6_0.61_8_0.86_9_6.5_0_3.4_1_2.8_2_0.27_A1_0.21_P_32/inp009.err for more details.
ERROR in MURE::WriteMaterial(ostream &Out)
	 Some nuclei have troubles, see transcript U5_0.074_8_85_P6_0.61_8_0.86_9_6.5_0_3.4_1_2.8_2_0.27_A1_0.21_P_32/inp009.err for more details.
ERROR in MURE::BuildMCNPFile
	 Some nuclei have troubles, see transcript U5_0.074_8_85_P6_0.61_8_0.86_9_6.5_0_3.4_1_2.8_2_0.27_A1_0.21_P_32/inp010.err for more details.
ERROR in MURE::WriteMaterial(ostream &Out)
	 Some nuclei have troubles, see transcript U5_0.074_8_85_P6_0.61_8_0.86_9_6.5_0_3.4_1_2.8_2_0.27_A1_0.21_P_32/inp010.err for more details.
ERROR in MURE::BuildMCNPFile
	 Some nuclei have troubles, see transcript U5_0.074_8_85_P6_0.61_8_0.86_9_6.5_0_3.4_1_2.8_2_0.27_A1_0.21_P_32/inp011.err for more details.
ERROR in MURE::WriteMaterial(ostream &Out)
	 Some nuclei have troubles, see transcript U5_0.074_8_85_P6_0.61_8_0.86_9_6.5_0_3.4_1_2.8_2_0.27_A1_0.21_P_32/inp011.err for more details.
ERROR in MURE::BuildMCNPFile
	 Some nuclei have troubles, see transcript U5_0.074_8_85_P6_0.61_8_0.86_9_6.5_0_3.4_1_2.8_2_0.27_A1_0.21_P_32/inp012.err for more details.
ERROR in MURE::WriteMaterial(ostream &Out)
	 Some nuclei have troubles, see transcript U5_0.074_8_85_P6_0.61_8_0.86_9_6.5_0_3.4_1_2.8_2_0.27_A1_0.21_P_32/inp012.err for more details.
ERROR in MURE::BuildMCNPFile
	 Some nuclei have troubles, see transcript U5_0.074_8_85_P6_0.61_8_0.86_9_6.5_0_3.4_1_2.8_2_0.27_A1_0.21_P_32/inp013.err for more details.
ERROR in MURE::WriteMaterial(ostream &Out)
	 Some nuclei have troubles, see transcript U5_0.074_8_85_P6_0.61_8_0.86_9_6.5_0_3.4_1_2.8_2_0.27_A1_0.21_P_32/inp013.err for more details.
ERROR in MURE::BuildMCNPFile
	 Some nuclei have troubles, see transcript U5_0.074_8_85_P6_0.61_8_0.86_9_6.5_0_3.4_1_2.8_2_0.27_A1_0.21_P_32/inp014.err for more details.
ERROR in MURE::WriteMaterial(ostream &Out)
	 Some nuclei have troubles, see transcript U5_0.074_8_85_P6_0.61_8_0.86_9_6.5_0_3.4_1_2.8_2_0.27_A1_0.21_P_32/inp014.err for more details.
ERROR in MURE::BuildMCNPFile
	 Some nuclei have troubles, see transcript U5_0.074_8_85_P6_0.61_8_0.86_9_6.5_0_3.4_1_2.8_2_0.27_A1_0.21_P_32/inp015.err for more details.
ERROR in MURE::WriteMaterial(ostream &Out)
	 Some nuclei have troubles, see transcript U5_0.074_8_85_P6_0.61_8_0.86_9_6.5_0_3.4_1_2.8_2_0.27_A1_0.21_P_32/inp015.err for more details.
ERROR in MURE::BuildMCNPFile
	 Some nuclei have troubles, see transcript U5_0.074_8_85_P6_0.61_8_0.86_9_6.5_0_3.4_1_2.8_2_0.27_A1_0.21_P_32/inp016.err for more details.
ERROR in MURE::WriteMaterial(ostream &Out)
	 Some nuclei have troubles, see transcript U5_0.074_8_85_P6_0.61_8_0.86_9_6.5_0_3.4_1_2.8_2_0.27_A1_0.21_P_32/inp016.err for more details.
ERROR in MURE::BuildMCNPFile
	 Some nuclei have troubles, see transcript U5_0.074_8_85_P6_0.61_8_0.86_9_6.5_0_3.4_1_2.8_2_0.27_A1_0.21_P_32/inp017.err for more details.
ERROR in MURE::WriteMaterial(ostream &Out)
	 Some nuclei have troubles, see transcript U5_0.074_8_85_P6_0.61_8_0.86_9_6.5_0_3.4_1_2.8_2_0.27_A1_0.21_P_32/inp017.err for more details.
ERROR in MURE::BuildMCNPFile
	 Some nuclei have troubles, see transcript U5_0.074_8_85_P6_0.61_8_0.86_9_6.5_0_3.4_1_2.8_2_0.27_A1_0.21_P_32/inp018.err for more details.
ERROR in MURE::WriteMaterial(ostream &Out)
	 Some nuclei have troubles, see transcript U5_0.074_8_85_P6_0.61_8_0.86_9_6.5_0_3.4_1_2.8_2_0.27_A1_0.21_P_32/inp018.err for more details.
ERROR in MURE::BuildMCNPFile
	 Some nuclei have troubles, see transcript U5_0.074_8_85_P6_0.61_8_0.86_9_6.5_0_3.4_1_2.8_2_0.27_A1_0.21_P_32/inp019.err for more details.
ERROR in MURE::WriteMaterial(ostream &Out)
	 Some nuclei have troubles, see transcript U5_0.074_8_85_P6_0.61_8_0.86_9_6.5_0_3.4_1_2.8_2_0.27_A1_0.21_P_32/inp019.err for more details.
ERROR in MURE::BuildMCNPFile
	 Some nuclei have troubles, see transcript U5_0.074_8_85_P6_0.61_8_0.86_9_6.5_0_3.4_1_2.8_2_0.27_A1_0.21_P_32/inp020.err for more details.
ERROR in MURE::WriteMaterial(ostream &Out)
	 Some nuclei have troubles, see transcript U5_0.074_8_85_P6_0.61_8_0.86_9_6.5_0_3.4_1_2.8_2_0.27_A1_0.21_P_32/inp020.err for more details.
ERROR in MURE::BuildMCNPFile
	 Some nuclei have troubles, see transcript U5_0.074_8_85_P6_0.61_8_0.86_9_6.5_0_3.4_1_2.8_2_0.27_A1_0.21_P_32/inp021.err for more details.
ERROR in MURE::WriteMaterial(ostream &Out)
	 Some nuclei have troubles, see transcript U5_0.074_8_85_P6_0.61_8_0.86_9_6.5_0_3.4_1_2.8_2_0.27_A1_0.21_P_32/inp021.err for more details.
ERROR in MURE::BuildMCNPFile
	 Some nuclei have troubles, see transcript U5_0.074_8_85_P6_0.61_8_0.86_9_6.5_0_3.4_1_2.8_2_0.27_A1_0.21_P_32/inp022.err for more details.
ERROR in MURE::WriteMaterial(ostream &Out)
	 Some nuclei have troubles, see transcript U5_0.074_8_85_P6_0.61_8_0.86_9_6.5_0_3.4_1_2.8_2_0.27_A1_0.21_P_32/inp022.err for more details.
ERROR in MURE::BuildMCNPFile
	 Some nuclei have troubles, see transcript U5_0.074_8_85_P6_0.61_8_0.86_9_6.5_0_3.4_1_2.8_2_0.27_A1_0.21_P_32/inp023.err for more details.
ERROR in MURE::WriteMaterial(ostream &Out)
	 Some nuclei have troubles, see transcript U5_0.074_8_85_P6_0.61_8_0.86_9_6.5_0_3.4_1_2.8_2_0.27_A1_0.21_P_32/inp023.err for more details.
ERROR in MURE::BuildMCNPFile
	 Some nuclei have troubles, see transcript U5_0.074_8_85_P6_0.61_8_0.86_9_6.5_0_3.4_1_2.8_2_0.27_A1_0.21_P_32/inp024.err for more details.
ERROR in MURE::WriteMaterial(ostream &Out)
	 Some nuclei have troubles, see transcript U5_0.074_8_85_P6_0.61_8_0.86_9_6.5_0_3.4_1_2.8_2_0.27_A1_0.21_P_32/inp024.err for more details.
ERROR in MURE::BuildMCNPFile
	 Some nuclei have troubles, see transcript U5_0.074_8_85_P6_0.61_8_0.86_9_6.5_0_3.4_1_2.8_2_0.27_A1_0.21_P_32/inp025.err for more details.
ERROR in MURE::WriteMaterial(ostream &Out)
	 Some nuclei have troubles, see transcript U5_0.074_8_85_P6_0.61_8_0.86_9_6.5_0_3.4_1_2.8_2_0.27_A1_0.21_P_32/inp025.err for more details.
ERROR in MURE::BuildMCNPFile
	 Some nuclei have troubles, see transcript U5_0.074_8_85_P6_0.61_8_0.86_9_6.5_0_3.4_1_2.8_2_0.27_A1_0.21_P_32/inp026.err for more details.
ERROR in MURE::WriteMaterial(ostream &Out)
	 Some nuclei have troubles, see transcript U5_0.074_8_85_P6_0.61_8_0.86_9_6.5_0_3.4_1_2.8_2_0.27_A1_0.21_P_32/inp026.err for more details.
ERROR in MURE::BuildMCNPFile
	 Some nuclei have troubles, see transcript U5_0.074_8_85_P6_0.61_8_0.86_9_6.5_0_3.4_1_2.8_2_0.27_A1_0.21_P_32/inp027.err for more details.
ERROR in MURE::WriteMaterial(ostream &Out)
	 Some nuclei have troubles, see transcript U5_0.074_8_85_P6_0.61_8_0.86_9_6.5_0_3.4_1_2.8_2_0.27_A1_0.21_P_32/inp027.err for more details.
ERROR in MURE::BuildMCNPFile
	 Some nuclei have troubles, see transcript U5_0.074_8_85_P6_0.61_8_0.86_9_6.5_0_3.4_1_2.8_2_0.27_A1_0.21_P_32/inp028.err for more details.
ERROR in MURE::WriteMaterial(ostream &Out)
	 Some nuclei have troubles, see transcript U5_0.074_8_85_P6_0.61_8_0.86_9_6.5_0_3.4_1_2.8_2_0.27_A1_0.21_P_32/inp028.err for more details.
ERROR in MURE::BuildMCNPFile
	 Some nuclei have troubles, see transcript U5_0.074_8_85_P6_0.61_8_0.86_9_6.5_0_3.4_1_2.8_2_0.27_A1_0.21_P_32/inp029.err for more details.
ERROR in MURE::WriteMaterial(ostream &Out)
	 Some nuclei have troubles, see transcript U5_0.074_8_85_P6_0.61_8_0.86_9_6.5_0_3.4_1_2.8_2_0.27_A1_0.21_P_32/inp029.err for more details.
ERROR in MURE::BuildMCNPFile
	 Some nuclei have troubles, see transcript U5_0.074_8_85_P6_0.61_8_0.86_9_6.5_0_3.4_1_2.8_2_0.27_A1_0.21_P_32/inp030.err for more details.
ERROR in MURE::WriteMaterial(ostream &Out)
	 Some nuclei have troubles, see transcript U5_0.074_8_85_P6_0.61_8_0.86_9_6.5_0_3.4_1_2.8_2_0.27_A1_0.21_P_32/inp030.err for more details.
ERROR in MURE::BuildMCNPFile
	 Some nuclei have troubles, see transcript U5_0.074_8_85_P6_0.61_8_0.86_9_6.5_0_3.4_1_2.8_2_0.27_A1_0.21_P_32/inp031.err for more details.
ERROR in MURE::WriteMaterial(ostream &Out)
	 Some nuclei have troubles, see transcript U5_0.074_8_85_P6_0.61_8_0.86_9_6.5_0_3.4_1_2.8_2_0.27_A1_0.21_P_32/inp031.err for more details.
ERROR in MURE::BuildMCNPFile
	 Some nuclei have troubles, see transcript U5_0.074_8_85_P6_0.61_8_0.86_9_6.5_0_3.4_1_2.8_2_0.27_A1_0.21_P_32/inp032.err for more details.
ERROR in MURE::WriteMaterial(ostream &Out)
	 Some nuclei have troubles, see transcript U5_0.074_8_85_P6_0.61_8_0.86_9_6.5_0_3.4_1_2.8_2_0.27_A1_0.21_P_32/inp032.err for more details.
ERROR in MURE::BuildMCNPFile
	 Some nuclei have troubles, see transcript U5_0.074_8_85_P6_0.61_8_0.86_9_6.5_0_3.4_1_2.8_2_0.27_A1_0.21_P_32/inp033.err for more details.
ERROR in MURE::WriteMaterial(ostream &Out)
	 Some nuclei have troubles, see transcript U5_0.074_8_85_P6_0.61_8_0.86_9_6.5_0_3.4_1_2.8_2_0.27_A1_0.21_P_32/inp033.err for more details.
ERROR in MURE::BuildMCNPFile
	 Some nuclei have troubles, see transcript U5_0.074_8_85_P6_0.61_8_0.86_9_6.5_0_3.4_1_2.8_2_0.27_A1_0.21_P_32/inp034.err for more details.
ERROR in MURE::WriteMaterial(ostream &Out)
	 Some nuclei have troubles, see transcript U5_0.074_8_85_P6_0.61_8_0.86_9_6.5_0_3.4_1_2.8_2_0.27_A1_0.21_P_32/inp034.err for more details.
ERROR in MURE::BuildMCNPFile
	 Some nuclei have troubles, see transcript U5_0.074_8_85_P6_0.61_8_0.86_9_6.5_0_3.4_1_2.8_2_0.27_A1_0.21_P_32/inp035.err for more details.
ERROR in MURE::WriteMaterial(ostream &Out)
	 Some nuclei have troubles, see transcript U5_0.074_8_85_P6_0.61_8_0.86_9_6.5_0_3.4_1_2.8_2_0.27_A1_0.21_P_32/inp035.err for more details.
ERROR in MURE::BuildMCNPFile
	 Some nuclei have troubles, see transcript U5_0.074_8_85_P6_0.61_8_0.86_9_6.5_0_3.4_1_2.8_2_0.27_A1_0.21_P_32/inp036.err for more details.
ERROR in MURE::WriteMaterial(ostream &Out)
	 Some nuclei have troubles, see transcript U5_0.074_8_85_P6_0.61_8_0.86_9_6.5_0_3.4_1_2.8_2_0.27_A1_0.21_P_32/inp036.err for more details.
ERROR in MURE::BuildMCNPFile
	 Some nuclei have troubles, see transcript U5_0.074_8_85_P6_0.61_8_0.86_9_6.5_0_3.4_1_2.8_2_0.27_A1_0.21_P_32/inp037.err for more details.
ERROR in MURE::WriteMaterial(ostream &Out)
	 Some nuclei have troubles, see transcript U5_0.074_8_85_P6_0.61_8_0.86_9_6.5_0_3.4_1_2.8_2_0.27_A1_0.21_P_32/inp037.err for more details.
ERROR in MURE::BuildMCNPFile
	 Some nuclei have troubles, see transcript U5_0.074_8_85_P6_0.61_8_0.86_9_6.5_0_3.4_1_2.8_2_0.27_A1_0.21_P_32/inp038.err for more details.
ERROR in MURE::WriteMaterial(ostream &Out)
	 Some nuclei have troubles, see transcript U5_0.074_8_85_P6_0.61_8_0.86_9_6.5_0_3.4_1_2.8_2_0.27_A1_0.21_P_32/inp038.err for more details.
ERROR in MURE::BuildMCNPFile
	 Some nuclei have troubles, see transcript U5_0.074_8_85_P6_0.61_8_0.86_9_6.5_0_3.4_1_2.8_2_0.27_A1_0.21_P_32/inp039.err for more details.
ERROR in MURE::WriteMaterial(ostream &Out)
	 Some nuclei have troubles, see transcript U5_0.074_8_85_P6_0.61_8_0.86_9_6.5_0_3.4_1_2.8_2_0.27_A1_0.21_P_32/inp039.err for more details.
ERROR in MURE::BuildMCNPFile
	 Some nuclei have troubles, see transcript U5_0.074_8_85_P6_0.61_8_0.86_9_6.5_0_3.4_1_2.8_2_0.27_A1_0.21_P_32/inp040.err for more details.
ERROR in MURE::WriteMaterial(ostream &Out)
	 Some nuclei have troubles, see transcript U5_0.074_8_85_P6_0.61_8_0.86_9_6.5_0_3.4_1_2.8_2_0.27_A1_0.21_P_32/inp040.err for more details.
ERROR in MURE::BuildMCNPFile
	 Some nuclei have troubles, see transcript U5_0.074_8_85_P6_0.61_8_0.86_9_6.5_0_3.4_1_2.8_2_0.27_A1_0.21_P_32/inp041.err for more details.
ERROR in MURE::WriteMaterial(ostream &Out)
	 Some nuclei have troubles, see transcript U5_0.074_8_85_P6_0.61_8_0.86_9_6.5_0_3.4_1_2.8_2_0.27_A1_0.21_P_32/inp041.err for more details.
ERROR in MURE::BuildMCNPFile
	 Some nuclei have troubles, see transcript U5_0.074_8_85_P6_0.61_8_0.86_9_6.5_0_3.4_1_2.8_2_0.27_A1_0.21_P_32/inp042.err for more details.
ERROR in MURE::WriteMaterial(ostream &Out)
	 Some nuclei have troubles, see transcript U5_0.074_8_85_P6_0.61_8_0.86_9_6.5_0_3.4_1_2.8_2_0.27_A1_0.21_P_32/inp042.err for more details.
ERROR in MURE::BuildMCNPFile
	 Some nuclei have troubles, see transcript U5_0.074_8_85_P6_0.61_8_0.86_9_6.5_0_3.4_1_2.8_2_0.27_A1_0.21_P_32/inp043.err for more details.
ERROR in MURE::WriteMaterial(ostream &Out)
	 Some nuclei have troubles, see transcript U5_0.074_8_85_P6_0.61_8_0.86_9_6.5_0_3.4_1_2.8_2_0.27_A1_0.21_P_32/inp043.err for more details.
ERROR in MURE::BuildMCNPFile
	 Some nuclei have troubles, see transcript U5_0.074_8_85_P6_0.61_8_0.86_9_6.5_0_3.4_1_2.8_2_0.27_A1_0.21_P_32/inp044.err for more details.
ERROR in MURE::WriteMaterial(ostream &Out)
	 Some nuclei have troubles, see transcript U5_0.074_8_85_P6_0.61_8_0.86_9_6.5_0_3.4_1_2.8_2_0.27_A1_0.21_P_32/inp044.err for more details.
ERROR in MURE::BuildMCNPFile
	 Some nuclei have troubles, see transcript U5_0.074_8_85_P6_0.61_8_0.86_9_6.5_0_3.4_1_2.8_2_0.27_A1_0.21_P_32/inp045.err for more details.
ERROR in MURE::WriteMaterial(ostream &Out)
	 Some nuclei have troubles, see transcript U5_0.074_8_85_P6_0.61_8_0.86_9_6.5_0_3.4_1_2.8_2_0.27_A1_0.21_P_32/inp045.err for more details.
ERROR in MURE::BuildMCNPFile
	 Some nuclei have troubles, see transcript U5_0.074_8_85_P6_0.61_8_0.86_9_6.5_0_3.4_1_2.8_2_0.27_A1_0.21_P_32/inp046.err for more details.
ERROR in MURE::WriteMaterial(ostream &Out)
	 Some nuclei have troubles, see transcript U5_0.074_8_85_P6_0.61_8_0.86_9_6.5_0_3.4_1_2.8_2_0.27_A1_0.21_P_32/inp046.err for more details.
ERROR in MURE::BuildMCNPFile
	 Some nuclei have troubles, see transcript U5_0.074_8_85_P6_0.61_8_0.86_9_6.5_0_3.4_1_2.8_2_0.27_A1_0.21_P_32/inp047.err for more details.
ERROR in MURE::WriteMaterial(ostream &Out)
	 Some nuclei have troubles, see transcript U5_0.074_8_85_P6_0.61_8_0.86_9_6.5_0_3.4_1_2.8_2_0.27_A1_0.21_P_32/inp047.err for more details.
ERROR in MURE::BuildMCNPFile
	 Some nuclei have troubles, see transcript U5_0.074_8_85_P6_0.61_8_0.86_9_6.5_0_3.4_1_2.8_2_0.27_A1_0.21_P_32/inp048.err for more details.
ERROR in MURE::WriteMaterial(ostream &Out)
	 Some nuclei have troubles, see transcript U5_0.074_8_85_P6_0.61_8_0.86_9_6.5_0_3.4_1_2.8_2_0.27_A1_0.21_P_32/inp048.err for more details.
ERROR in MURE::BuildMCNPFile
	 Some nuclei have troubles, see transcript U5_0.074_8_85_P6_0.61_8_0.86_9_6.5_0_3.4_1_2.8_2_0.27_A1_0.21_P_32/inp049.err for more details.
ERROR in MURE::WriteMaterial(ostream &Out)
	 Some nuclei have troubles, see transcript U5_0.074_8_85_P6_0.61_8_0.86_9_6.5_0_3.4_1_2.8_2_0.27_A1_0.21_P_32/inp049.err for more details.
ERROR in MURE::BuildMCNPFile
	 Some nuclei have troubles, see transcript U5_0.074_8_85_P6_0.61_8_0.86_9_6.5_0_3.4_1_2.8_2_0.27_A1_0.21_P_32/inp050.err for more details.
ERROR in MURE::WriteMaterial(ostream &Out)
	 Some nuclei have troubles, see transcript U5_0.074_8_85_P6_0.61_8_0.86_9_6.5_0_3.4_1_2.8_2_0.27_A1_0.21_P_32/inp050.err for more details.
ERROR in MURE::BuildMCNPFile
	 Some nuclei have troubles, see transcript U5_0.074_8_85_P6_0.61_8_0.86_9_6.5_0_3.4_1_2.8_2_0.27_A1_0.21_P_32/inp051.err for more details.
ERROR in MURE::WriteMaterial(ostream &Out)
	 Some nuclei have troubles, see transcript U5_0.074_8_85_P6_0.61_8_0.86_9_6.5_0_3.4_1_2.8_2_0.27_A1_0.21_P_32/inp051.err for more details.
ERROR in MURE::BuildMCNPFile
	 Some nuclei have troubles, see transcript U5_0.074_8_85_P6_0.61_8_0.86_9_6.5_0_3.4_1_2.8_2_0.27_A1_0.21_P_32/inp052.err for more details.
ERROR in MURE::WriteMaterial(ostream &Out)
	 Some nuclei have troubles, see transcript U5_0.074_8_85_P6_0.61_8_0.86_9_6.5_0_3.4_1_2.8_2_0.27_A1_0.21_P_32/inp052.err for more details.
ERROR in MURE::BuildMCNPFile
	 Some nuclei have troubles, see transcript U5_0.074_8_85_P6_0.61_8_0.86_9_6.5_0_3.4_1_2.8_2_0.27_A1_0.21_P_32/inp053.err for more details.
ERROR in MURE::WriteMaterial(ostream &Out)
	 Some nuclei have troubles, see transcript U5_0.074_8_85_P6_0.61_8_0.86_9_6.5_0_3.4_1_2.8_2_0.27_A1_0.21_P_32/inp053.err for more details.
ERROR in MURE::BuildMCNPFile
	 Some nuclei have troubles, see transcript U5_0.074_8_85_P6_0.61_8_0.86_9_6.5_0_3.4_1_2.8_2_0.27_A1_0.21_P_32/inp054.err for more details.
ERROR in MURE::WriteMaterial(ostream &Out)
	 Some nuclei have troubles, see transcript U5_0.074_8_85_P6_0.61_8_0.86_9_6.5_0_3.4_1_2.8_2_0.27_A1_0.21_P_32/inp054.err for more details.
ERROR in MURE::BuildMCNPFile
	 Some nuclei have troubles, see transcript U5_0.074_8_85_P6_0.61_8_0.86_9_6.5_0_3.4_1_2.8_2_0.27_A1_0.21_P_32/inp055.err for more details.
ERROR in MURE::WriteMaterial(ostream &Out)
	 Some nuclei have troubles, see transcript U5_0.074_8_85_P6_0.61_8_0.86_9_6.5_0_3.4_1_2.8_2_0.27_A1_0.21_P_32/inp055.err for more details.
ERROR in MURE::BuildMCNPFile
	 Some nuclei have troubles, see transcript U5_0.074_8_85_P6_0.61_8_0.86_9_6.5_0_3.4_1_2.8_2_0.27_A1_0.21_P_32/inp056.err for more details.
ERROR in MURE::WriteMaterial(ostream &Out)
	 Some nuclei have troubles, see transcript U5_0.074_8_85_P6_0.61_8_0.86_9_6.5_0_3.4_1_2.8_2_0.27_A1_0.21_P_32/inp056.err for more details.
ERROR in MURE::BuildMCNPFile
	 Some nuclei have troubles, see transcript U5_0.074_8_85_P6_0.61_8_0.86_9_6.5_0_3.4_1_2.8_2_0.27_A1_0.21_P_32/inp057.err for more details.
ERROR in MURE::WriteMaterial(ostream &Out)
	 Some nuclei have troubles, see transcript U5_0.074_8_85_P6_0.61_8_0.86_9_6.5_0_3.4_1_2.8_2_0.27_A1_0.21_P_32/inp057.err for more details.
ERROR in MURE::BuildMCNPFile
	 Some nuclei have troubles, see transcript U5_0.074_8_85_P6_0.61_8_0.86_9_6.5_0_3.4_1_2.8_2_0.27_A1_0.21_P_32/inp058.err for more details.
ERROR in MURE::WriteMaterial(ostream &Out)
	 Some nuclei have troubles, see transcript U5_0.074_8_85_P6_0.61_8_0.86_9_6.5_0_3.4_1_2.8_2_0.27_A1_0.21_P_32/inp058.err for more details.
ERROR in MURE::BuildMCNPFile
	 Some nuclei have troubles, see transcript U5_0.074_8_85_P6_0.61_8_0.86_9_6.5_0_3.4_1_2.8_2_0.27_A1_0.21_P_32/inp059.err for more details.
ERROR in MURE::WriteMaterial(ostream &Out)
	 Some nuclei have troubles, see transcript U5_0.074_8_85_P6_0.61_8_0.86_9_6.5_0_3.4_1_2.8_2_0.27_A1_0.21_P_32/inp059.err for more details.
ERROR in MURE::BuildMCNPFile
	 Some nuclei have troubles, see transcript U5_0.074_8_85_P6_0.61_8_0.86_9_6.5_0_3.4_1_2.8_2_0.27_A1_0.21_P_32/inp060.err for more details.
ERROR in MURE::WriteMaterial(ostream &Out)
	 Some nuclei have troubles, see transcript U5_0.074_8_85_P6_0.61_8_0.86_9_6.5_0_3.4_1_2.8_2_0.27_A1_0.21_P_32/inp060.err for more details.
ERROR in MURE::BuildMCNPFile
	 Some nuclei have troubles, see transcript U5_0.074_8_85_P6_0.61_8_0.86_9_6.5_0_3.4_1_2.8_2_0.27_A1_0.21_P_32/inp061.err for more details.
ERROR in MURE::WriteMaterial(ostream &Out)
	 Some nuclei have troubles, see transcript U5_0.074_8_85_P6_0.61_8_0.86_9_6.5_0_3.4_1_2.8_2_0.27_A1_0.21_P_32/inp061.err for more details.
ERROR in MURE::BuildMCNPFile
	 Some nuclei have troubles, see transcript U5_0.074_8_85_P6_0.61_8_0.86_9_6.5_0_3.4_1_2.8_2_0.27_A1_0.21_P_32/inp062.err for more details.
ERROR in MURE::WriteMaterial(ostream &Out)
	 Some nuclei have troubles, see transcript U5_0.074_8_85_P6_0.61_8_0.86_9_6.5_0_3.4_1_2.8_2_0.27_A1_0.21_P_32/inp062.err for more details.
ERROR in MURE::BuildMCNPFile
	 Some nuclei have troubles, see transcript U5_0.074_8_85_P6_0.61_8_0.86_9_6.5_0_3.4_1_2.8_2_0.27_A1_0.21_P_32/inp063.err for more details.
ERROR in MURE::WriteMaterial(ostream &Out)
	 Some nuclei have troubles, see transcript U5_0.074_8_85_P6_0.61_8_0.86_9_6.5_0_3.4_1_2.8_2_0.27_A1_0.21_P_32/inp063.err for more details.
ERROR in MURE::BuildMCNPFile
	 Some nuclei have troubles, see transcript U5_0.074_8_85_P6_0.61_8_0.86_9_6.5_0_3.4_1_2.8_2_0.27_A1_0.21_P_32/inp064.err for more details.
ERROR in MURE::WriteMaterial(ostream &Out)
	 Some nuclei have troubles, see transcript U5_0.074_8_85_P6_0.61_8_0.86_9_6.5_0_3.4_1_2.8_2_0.27_A1_0.21_P_32/inp064.err for more details.
ERROR in MURE::BuildMCNPFile
	 Some nuclei have troubles, see transcript U5_0.074_8_85_P6_0.61_8_0.86_9_6.5_0_3.4_1_2.8_2_0.27_A1_0.21_P_32/inp065.err for more details.
ERROR in MURE::WriteMaterial(ostream &Out)
	 Some nuclei have troubles, see transcript U5_0.074_8_85_P6_0.61_8_0.86_9_6.5_0_3.4_1_2.8_2_0.27_A1_0.21_P_32/inp065.err for more details.
ERROR in MURE::BuildMCNPFile
	 Some nuclei have troubles, see transcript U5_0.074_8_85_P6_0.61_8_0.86_9_6.5_0_3.4_1_2.8_2_0.27_A1_0.21_P_32/inp066.err for more details.
ERROR in MURE::WriteMaterial(ostream &Out)
	 Some nuclei have troubles, see transcript U5_0.074_8_85_P6_0.61_8_0.86_9_6.5_0_3.4_1_2.8_2_0.27_A1_0.21_P_32/inp066.err for more details.
ERROR in MURE::BuildMCNPFile
	 Some nuclei have troubles, see transcript U5_0.074_8_85_P6_0.61_8_0.86_9_6.5_0_3.4_1_2.8_2_0.27_A1_0.21_P_32/inp067.err for more details.
ERROR in MURE::WriteMaterial(ostream &Out)
	 Some nuclei have troubles, see transcript U5_0.074_8_85_P6_0.61_8_0.86_9_6.5_0_3.4_1_2.8_2_0.27_A1_0.21_P_32/inp067.err for more details.
ERROR in MURE::BuildMCNPFile
	 Some nuclei have troubles, see transcript U5_0.074_8_85_P6_0.61_8_0.86_9_6.5_0_3.4_1_2.8_2_0.27_A1_0.21_P_32/inp068.err for more details.
ERROR in MURE::WriteMaterial(ostream &Out)
	 Some nuclei have troubles, see transcript U5_0.074_8_85_P6_0.61_8_0.86_9_6.5_0_3.4_1_2.8_2_0.27_A1_0.21_P_32/inp068.err for more details.
ERROR in MURE::BuildMCNPFile
	 Some nuclei have troubles, see transcript U5_0.074_8_85_P6_0.61_8_0.86_9_6.5_0_3.4_1_2.8_2_0.27_A1_0.21_P_32/inp069.err for more details.
ERROR in MURE::WriteMaterial(ostream &Out)
	 Some nuclei have troubles, see transcript U5_0.074_8_85_P6_0.61_8_0.86_9_6.5_0_3.4_1_2.8_2_0.27_A1_0.21_P_32/inp069.err for more details.
ERROR in MURE::BuildMCNPFile
	 Some nuclei have troubles, see transcript U5_0.074_8_85_P6_0.61_8_0.86_9_6.5_0_3.4_1_2.8_2_0.27_A1_0.21_P_32/inp070.err for more details.
ERROR in MURE::WriteMaterial(ostream &Out)
	 Some nuclei have troubles, see transcript U5_0.074_8_85_P6_0.61_8_0.86_9_6.5_0_3.4_1_2.8_2_0.27_A1_0.21_P_32/inp070.err for more details.
ERROR in MURE::BuildMCNPFile
	 Some nuclei have troubles, see transcript U5_0.074_8_85_P6_0.61_8_0.86_9_6.5_0_3.4_1_2.8_2_0.27_A1_0.21_P_32/inp071.err for more details.
ERROR in MURE::WriteMaterial(ostream &Out)
	 Some nuclei have troubles, see transcript U5_0.074_8_85_P6_0.61_8_0.86_9_6.5_0_3.4_1_2.8_2_0.27_A1_0.21_P_32/inp071.err for more details.
ERROR in MURE::BuildMCNPFile
	 Some nuclei have troubles, see transcript U5_0.074_8_85_P6_0.61_8_0.86_9_6.5_0_3.4_1_2.8_2_0.27_A1_0.21_P_32/inp072.err for more details.
ERROR in MURE::WriteMaterial(ostream &Out)
	 Some nuclei have troubles, see transcript U5_0.074_8_85_P6_0.61_8_0.86_9_6.5_0_3.4_1_2.8_2_0.27_A1_0.21_P_32/inp072.err for more details.
ERROR in MURE::BuildMCNPFile
	 Some nuclei have troubles, see transcript U5_0.074_8_85_P6_0.61_8_0.86_9_6.5_0_3.4_1_2.8_2_0.27_A1_0.21_P_32/inp073.err for more details.
ERROR in MURE::WriteMaterial(ostream &Out)
	 Some nuclei have troubles, see transcript U5_0.074_8_85_P6_0.61_8_0.86_9_6.5_0_3.4_1_2.8_2_0.27_A1_0.21_P_32/inp073.err for more details.
ERROR in MURE::BuildMCNPFile
	 Some nuclei have troubles, see transcript U5_0.074_8_85_P6_0.61_8_0.86_9_6.5_0_3.4_1_2.8_2_0.27_A1_0.21_P_32/inp074.err for more details.
ERROR in MURE::WriteMaterial(ostream &Out)
	 Some nuclei have troubles, see transcript U5_0.074_8_85_P6_0.61_8_0.86_9_6.5_0_3.4_1_2.8_2_0.27_A1_0.21_P_32/inp074.err for more details.
ERROR in MURE::BuildMCNPFile
	 Some nuclei have troubles, see transcript U5_0.074_8_85_P6_0.61_8_0.86_9_6.5_0_3.4_1_2.8_2_0.27_A1_0.21_P_32/inp075.err for more details.
ERROR in MURE::WriteMaterial(ostream &Out)
	 Some nuclei have troubles, see transcript U5_0.074_8_85_P6_0.61_8_0.86_9_6.5_0_3.4_1_2.8_2_0.27_A1_0.21_P_32/inp075.err for more details.
ERROR in MURE::BuildMCNPFile
	 Some nuclei have troubles, see transcript U5_0.074_8_85_P6_0.61_8_0.86_9_6.5_0_3.4_1_2.8_2_0.27_A1_0.21_P_32/inp076.err for more details.
ERROR in MURE::WriteMaterial(ostream &Out)
	 Some nuclei have troubles, see transcript U5_0.074_8_85_P6_0.61_8_0.86_9_6.5_0_3.4_1_2.8_2_0.27_A1_0.21_P_32/inp076.err for more details.
ERROR in MURE::BuildMCNPFile
	 Some nuclei have troubles, see transcript U5_0.074_8_85_P6_0.61_8_0.86_9_6.5_0_3.4_1_2.8_2_0.27_A1_0.21_P_32/inp077.err for more details.
ERROR in MURE::WriteMaterial(ostream &Out)
	 Some nuclei have troubles, see transcript U5_0.074_8_85_P6_0.61_8_0.86_9_6.5_0_3.4_1_2.8_2_0.27_A1_0.21_P_32/inp077.err for more details.
ERROR in MURE::BuildMCNPFile
	 Some nuclei have troubles, see transcript U5_0.074_8_85_P6_0.61_8_0.86_9_6.5_0_3.4_1_2.8_2_0.27_A1_0.21_P_32/inp078.err for more details.
ERROR in MURE::WriteMaterial(ostream &Out)
	 Some nuclei have troubles, see transcript U5_0.074_8_85_P6_0.61_8_0.86_9_6.5_0_3.4_1_2.8_2_0.27_A1_0.21_P_32/inp078.err for more details.
ERROR in MURE::BuildMCNPFile
	 Some nuclei have troubles, see transcript U5_0.074_8_85_P6_0.61_8_0.86_9_6.5_0_3.4_1_2.8_2_0.27_A1_0.21_P_32/inp079.err for more details.
ERROR in MURE::WriteMaterial(ostream &Out)
	 Some nuclei have troubles, see transcript U5_0.074_8_85_P6_0.61_8_0.86_9_6.5_0_3.4_1_2.8_2_0.27_A1_0.21_P_32/inp079.err for more details.
* About to connect() to ftp.box.com port 21 (#0)
*   Trying 74.112.186.81... connected
* Connected to ftp.box.com (74.112.186.81) port 21 (#0)
< 220 Service ready for new user.
> AUTH SSL
< 234 Command AUTH okay; starting SSL connection.
* Initializing NSS with certpath: sql:/etc/pki/nssdb
*   CAfile: /etc/pki/tls/certs/ca-bundle.crt
  CApath: none
* SSL connection using TLS_RSA_WITH_AES_128_CBC_SHA
* Server certificate:
* 	subject: CN=*.box.com,O="Box, Inc.",L=Los Altos,ST=California,C=US
* 	start date: Nov 13 19:22:20 2014 GMT
* 	expire date: Oct 23 02:42:03 2017 GMT
* 	common name: *.box.com
* 	issuer: CN=GeoTrust SSL CA - G4,O=GeoTrust Inc.,C=US
> USER mouginot@wisc.edu
< 331 User name okay, need password for mouginot@wisc.edu.
> PASS line150782
< 230 User logged in, proceed.
> PBSZ 0
< 200 Command PBSZ okay.
> PROT P
< 200 Command PROT okay.
> PWD
< 257 "/" is current directory.
* Entry path is '/'
> CWD MODEL_DATA
< 250 Directory changed to /MODEL_DATA
> CWD PWR_TRU_MOX_PSPEC
< 250 Directory changed to /MODEL_DATA/PWR_TRU_MOX_PSPEC
> CWD 1000
< 250 Directory changed to /MODEL_DATA/PWR_TRU_MOX_PSPEC/1000
> PASV
* Connect data stream passively
< 227 Entering Passive Mode (74,112,186,81,106,49)
* Skips 74.112.186.81 for data connection, uses 74.112.186.81 instead
*   Trying 74.112.186.81... connected
* Connecting to 74.112.186.81 (74.112.186.81) port 27185
> TYPE I
< 200 Command TYPE okay.
> STOR 859_raw.tar.gz
< 150 File status okay; about to open data connection.
* Doing the SSL/TLS handshake on the data stream
*   CAfile: /etc/pki/tls/certs/ca-bundle.crt
  CApath: none
* SSL connection using TLS_RSA_WITH_AES_128_CBC_SHA
* Server certificate:
* 	subject: CN=*.box.com,O="Box, Inc.",L=Los Altos,ST=California,C=US
* 	start date: Nov 13 19:22:20 2014 GMT
* 	expire date: Oct 23 02:42:03 2017 GMT
* 	common name: *.box.com
* 	issuer: CN=GeoTrust SSL CA - G4,O=GeoTrust Inc.,C=US
} [data not shown]
  % Total    % Received % Xferd  Average Speed   Time    Time     Time  Current
                                 Dload  Upload   Total   Spent    Left  Speed
  0 43.5M    0     0    0 16384      0   1946  6:31:30  0:00:08  6:31:22  1946  5 43.5M    0     0    5 2448k      0   261k  0:02:50  0:00:09  0:02:41 2541k 27 43.5M    0     0   27 11.8M      0  1167k  0:00:38  0:00:10  0:00:28 6180k 47 43.5M    0     0   47 20.5M      0  1853k  0:00:24  0:00:11  0:00:13 7114k 65 43.5M    0     0   65 28.6M      0  2367k  0:00:18  0:00:12  0:00:06 7390k 85 43.5M    0     0   85 37.3M      0  2860k  0:00:15  0:00:13  0:00:02 7712k* Remembering we are in dir "MODEL_DATA/PWR_TRU_MOX_PSPEC/1000/"
< 226 Transfer complete.
100 43.5M    0     0  100 43.5M      0  2963k  0:00:15  0:00:15 --:--:-- 7411k* Connection #0 to host ftp.box.com left intact

> QUIT
< 221 Goodbye.
* Closing connection #0
