ERROR in MURE::BuildXSDIR()
	 Some nuclei have troubles, see transcript U5_0.99_8_93_P6_0.16_8_0.25_9_2.8_0_0.89_1_0.045_2_0.42_A1_1.1_P_16/inp000.err for more details.
ERROR in MURE::BuildMCNPFile
	 Some nuclei have troubles, see transcript U5_0.99_8_93_P6_0.16_8_0.25_9_2.8_0_0.89_1_0.045_2_0.42_A1_1.1_P_16/inp000.err for more details.
ERROR in MURE::WriteMaterial(ostream &Out)
	 Some nuclei have troubles, see transcript U5_0.99_8_93_P6_0.16_8_0.25_9_2.8_0_0.89_1_0.045_2_0.42_A1_1.1_P_16/inp000.err for more details.
ERROR in MURE::BuildMCNPFile
	 Some nuclei have troubles, see transcript U5_0.99_8_93_P6_0.16_8_0.25_9_2.8_0_0.89_1_0.045_2_0.42_A1_1.1_P_16/inp001.err for more details.
ERROR in MURE::WriteMaterial(ostream &Out)
	 Some nuclei have troubles, see transcript U5_0.99_8_93_P6_0.16_8_0.25_9_2.8_0_0.89_1_0.045_2_0.42_A1_1.1_P_16/inp001.err for more details.
ERROR in MURE::BuildMCNPFile
	 Some nuclei have troubles, see transcript U5_0.99_8_93_P6_0.16_8_0.25_9_2.8_0_0.89_1_0.045_2_0.42_A1_1.1_P_16/inp002.err for more details.
ERROR in MURE::WriteMaterial(ostream &Out)
	 Some nuclei have troubles, see transcript U5_0.99_8_93_P6_0.16_8_0.25_9_2.8_0_0.89_1_0.045_2_0.42_A1_1.1_P_16/inp002.err for more details.
ERROR in MURE::BuildMCNPFile
	 Some nuclei have troubles, see transcript U5_0.99_8_93_P6_0.16_8_0.25_9_2.8_0_0.89_1_0.045_2_0.42_A1_1.1_P_16/inp003.err for more details.
ERROR in MURE::WriteMaterial(ostream &Out)
	 Some nuclei have troubles, see transcript U5_0.99_8_93_P6_0.16_8_0.25_9_2.8_0_0.89_1_0.045_2_0.42_A1_1.1_P_16/inp003.err for more details.
ERROR in MURE::BuildMCNPFile
	 Some nuclei have troubles, see transcript U5_0.99_8_93_P6_0.16_8_0.25_9_2.8_0_0.89_1_0.045_2_0.42_A1_1.1_P_16/inp004.err for more details.
ERROR in MURE::WriteMaterial(ostream &Out)
	 Some nuclei have troubles, see transcript U5_0.99_8_93_P6_0.16_8_0.25_9_2.8_0_0.89_1_0.045_2_0.42_A1_1.1_P_16/inp004.err for more details.
ERROR in MURE::BuildMCNPFile
	 Some nuclei have troubles, see transcript U5_0.99_8_93_P6_0.16_8_0.25_9_2.8_0_0.89_1_0.045_2_0.42_A1_1.1_P_16/inp005.err for more details.
ERROR in MURE::WriteMaterial(ostream &Out)
	 Some nuclei have troubles, see transcript U5_0.99_8_93_P6_0.16_8_0.25_9_2.8_0_0.89_1_0.045_2_0.42_A1_1.1_P_16/inp005.err for more details.
ERROR in MURE::BuildMCNPFile
	 Some nuclei have troubles, see transcript U5_0.99_8_93_P6_0.16_8_0.25_9_2.8_0_0.89_1_0.045_2_0.42_A1_1.1_P_16/inp006.err for more details.
ERROR in MURE::WriteMaterial(ostream &Out)
	 Some nuclei have troubles, see transcript U5_0.99_8_93_P6_0.16_8_0.25_9_2.8_0_0.89_1_0.045_2_0.42_A1_1.1_P_16/inp006.err for more details.
ERROR in MURE::BuildMCNPFile
	 Some nuclei have troubles, see transcript U5_0.99_8_93_P6_0.16_8_0.25_9_2.8_0_0.89_1_0.045_2_0.42_A1_1.1_P_16/inp007.err for more details.
ERROR in MURE::WriteMaterial(ostream &Out)
	 Some nuclei have troubles, see transcript U5_0.99_8_93_P6_0.16_8_0.25_9_2.8_0_0.89_1_0.045_2_0.42_A1_1.1_P_16/inp007.err for more details.
ERROR in MURE::BuildMCNPFile
	 Some nuclei have troubles, see transcript U5_0.99_8_93_P6_0.16_8_0.25_9_2.8_0_0.89_1_0.045_2_0.42_A1_1.1_P_16/inp008.err for more details.
ERROR in MURE::WriteMaterial(ostream &Out)
	 Some nuclei have troubles, see transcript U5_0.99_8_93_P6_0.16_8_0.25_9_2.8_0_0.89_1_0.045_2_0.42_A1_1.1_P_16/inp008.err for more details.
ERROR in MURE::BuildMCNPFile
	 Some nuclei have troubles, see transcript U5_0.99_8_93_P6_0.16_8_0.25_9_2.8_0_0.89_1_0.045_2_0.42_A1_1.1_P_16/inp009.err for more details.
ERROR in MURE::WriteMaterial(ostream &Out)
	 Some nuclei have troubles, see transcript U5_0.99_8_93_P6_0.16_8_0.25_9_2.8_0_0.89_1_0.045_2_0.42_A1_1.1_P_16/inp009.err for more details.
ERROR in MURE::BuildMCNPFile
	 Some nuclei have troubles, see transcript U5_0.99_8_93_P6_0.16_8_0.25_9_2.8_0_0.89_1_0.045_2_0.42_A1_1.1_P_16/inp010.err for more details.
ERROR in MURE::WriteMaterial(ostream &Out)
	 Some nuclei have troubles, see transcript U5_0.99_8_93_P6_0.16_8_0.25_9_2.8_0_0.89_1_0.045_2_0.42_A1_1.1_P_16/inp010.err for more details.
ERROR in MURE::BuildMCNPFile
	 Some nuclei have troubles, see transcript U5_0.99_8_93_P6_0.16_8_0.25_9_2.8_0_0.89_1_0.045_2_0.42_A1_1.1_P_16/inp011.err for more details.
ERROR in MURE::WriteMaterial(ostream &Out)
	 Some nuclei have troubles, see transcript U5_0.99_8_93_P6_0.16_8_0.25_9_2.8_0_0.89_1_0.045_2_0.42_A1_1.1_P_16/inp011.err for more details.
ERROR in MURE::BuildMCNPFile
	 Some nuclei have troubles, see transcript U5_0.99_8_93_P6_0.16_8_0.25_9_2.8_0_0.89_1_0.045_2_0.42_A1_1.1_P_16/inp012.err for more details.
ERROR in MURE::WriteMaterial(ostream &Out)
	 Some nuclei have troubles, see transcript U5_0.99_8_93_P6_0.16_8_0.25_9_2.8_0_0.89_1_0.045_2_0.42_A1_1.1_P_16/inp012.err for more details.
ERROR in MURE::BuildMCNPFile
	 Some nuclei have troubles, see transcript U5_0.99_8_93_P6_0.16_8_0.25_9_2.8_0_0.89_1_0.045_2_0.42_A1_1.1_P_16/inp013.err for more details.
ERROR in MURE::WriteMaterial(ostream &Out)
	 Some nuclei have troubles, see transcript U5_0.99_8_93_P6_0.16_8_0.25_9_2.8_0_0.89_1_0.045_2_0.42_A1_1.1_P_16/inp013.err for more details.
ERROR in MURE::BuildMCNPFile
	 Some nuclei have troubles, see transcript U5_0.99_8_93_P6_0.16_8_0.25_9_2.8_0_0.89_1_0.045_2_0.42_A1_1.1_P_16/inp014.err for more details.
ERROR in MURE::WriteMaterial(ostream &Out)
	 Some nuclei have troubles, see transcript U5_0.99_8_93_P6_0.16_8_0.25_9_2.8_0_0.89_1_0.045_2_0.42_A1_1.1_P_16/inp014.err for more details.
ERROR in MURE::BuildMCNPFile
	 Some nuclei have troubles, see transcript U5_0.99_8_93_P6_0.16_8_0.25_9_2.8_0_0.89_1_0.045_2_0.42_A1_1.1_P_16/inp015.err for more details.
ERROR in MURE::WriteMaterial(ostream &Out)
	 Some nuclei have troubles, see transcript U5_0.99_8_93_P6_0.16_8_0.25_9_2.8_0_0.89_1_0.045_2_0.42_A1_1.1_P_16/inp015.err for more details.
ERROR in MURE::BuildMCNPFile
	 Some nuclei have troubles, see transcript U5_0.99_8_93_P6_0.16_8_0.25_9_2.8_0_0.89_1_0.045_2_0.42_A1_1.1_P_16/inp016.err for more details.
ERROR in MURE::WriteMaterial(ostream &Out)
	 Some nuclei have troubles, see transcript U5_0.99_8_93_P6_0.16_8_0.25_9_2.8_0_0.89_1_0.045_2_0.42_A1_1.1_P_16/inp016.err for more details.
ERROR in MURE::BuildMCNPFile
	 Some nuclei have troubles, see transcript U5_0.99_8_93_P6_0.16_8_0.25_9_2.8_0_0.89_1_0.045_2_0.42_A1_1.1_P_16/inp017.err for more details.
ERROR in MURE::WriteMaterial(ostream &Out)
	 Some nuclei have troubles, see transcript U5_0.99_8_93_P6_0.16_8_0.25_9_2.8_0_0.89_1_0.045_2_0.42_A1_1.1_P_16/inp017.err for more details.
ERROR in MURE::BuildMCNPFile
	 Some nuclei have troubles, see transcript U5_0.99_8_93_P6_0.16_8_0.25_9_2.8_0_0.89_1_0.045_2_0.42_A1_1.1_P_16/inp018.err for more details.
ERROR in MURE::WriteMaterial(ostream &Out)
	 Some nuclei have troubles, see transcript U5_0.99_8_93_P6_0.16_8_0.25_9_2.8_0_0.89_1_0.045_2_0.42_A1_1.1_P_16/inp018.err for more details.
ERROR in MURE::BuildMCNPFile
	 Some nuclei have troubles, see transcript U5_0.99_8_93_P6_0.16_8_0.25_9_2.8_0_0.89_1_0.045_2_0.42_A1_1.1_P_16/inp019.err for more details.
ERROR in MURE::WriteMaterial(ostream &Out)
	 Some nuclei have troubles, see transcript U5_0.99_8_93_P6_0.16_8_0.25_9_2.8_0_0.89_1_0.045_2_0.42_A1_1.1_P_16/inp019.err for more details.
ERROR in MURE::BuildMCNPFile
	 Some nuclei have troubles, see transcript U5_0.99_8_93_P6_0.16_8_0.25_9_2.8_0_0.89_1_0.045_2_0.42_A1_1.1_P_16/inp020.err for more details.
ERROR in MURE::WriteMaterial(ostream &Out)
	 Some nuclei have troubles, see transcript U5_0.99_8_93_P6_0.16_8_0.25_9_2.8_0_0.89_1_0.045_2_0.42_A1_1.1_P_16/inp020.err for more details.
ERROR in MURE::BuildMCNPFile
	 Some nuclei have troubles, see transcript U5_0.99_8_93_P6_0.16_8_0.25_9_2.8_0_0.89_1_0.045_2_0.42_A1_1.1_P_16/inp021.err for more details.
ERROR in MURE::WriteMaterial(ostream &Out)
	 Some nuclei have troubles, see transcript U5_0.99_8_93_P6_0.16_8_0.25_9_2.8_0_0.89_1_0.045_2_0.42_A1_1.1_P_16/inp021.err for more details.
ERROR in MURE::BuildMCNPFile
	 Some nuclei have troubles, see transcript U5_0.99_8_93_P6_0.16_8_0.25_9_2.8_0_0.89_1_0.045_2_0.42_A1_1.1_P_16/inp022.err for more details.
ERROR in MURE::WriteMaterial(ostream &Out)
	 Some nuclei have troubles, see transcript U5_0.99_8_93_P6_0.16_8_0.25_9_2.8_0_0.89_1_0.045_2_0.42_A1_1.1_P_16/inp022.err for more details.
ERROR in MURE::BuildMCNPFile
	 Some nuclei have troubles, see transcript U5_0.99_8_93_P6_0.16_8_0.25_9_2.8_0_0.89_1_0.045_2_0.42_A1_1.1_P_16/inp023.err for more details.
ERROR in MURE::WriteMaterial(ostream &Out)
	 Some nuclei have troubles, see transcript U5_0.99_8_93_P6_0.16_8_0.25_9_2.8_0_0.89_1_0.045_2_0.42_A1_1.1_P_16/inp023.err for more details.
ERROR in MURE::BuildMCNPFile
	 Some nuclei have troubles, see transcript U5_0.99_8_93_P6_0.16_8_0.25_9_2.8_0_0.89_1_0.045_2_0.42_A1_1.1_P_16/inp024.err for more details.
ERROR in MURE::WriteMaterial(ostream &Out)
	 Some nuclei have troubles, see transcript U5_0.99_8_93_P6_0.16_8_0.25_9_2.8_0_0.89_1_0.045_2_0.42_A1_1.1_P_16/inp024.err for more details.
ERROR in MURE::BuildMCNPFile
	 Some nuclei have troubles, see transcript U5_0.99_8_93_P6_0.16_8_0.25_9_2.8_0_0.89_1_0.045_2_0.42_A1_1.1_P_16/inp025.err for more details.
ERROR in MURE::WriteMaterial(ostream &Out)
	 Some nuclei have troubles, see transcript U5_0.99_8_93_P6_0.16_8_0.25_9_2.8_0_0.89_1_0.045_2_0.42_A1_1.1_P_16/inp025.err for more details.
ERROR in MURE::BuildMCNPFile
	 Some nuclei have troubles, see transcript U5_0.99_8_93_P6_0.16_8_0.25_9_2.8_0_0.89_1_0.045_2_0.42_A1_1.1_P_16/inp026.err for more details.
ERROR in MURE::WriteMaterial(ostream &Out)
	 Some nuclei have troubles, see transcript U5_0.99_8_93_P6_0.16_8_0.25_9_2.8_0_0.89_1_0.045_2_0.42_A1_1.1_P_16/inp026.err for more details.
ERROR in MURE::BuildMCNPFile
	 Some nuclei have troubles, see transcript U5_0.99_8_93_P6_0.16_8_0.25_9_2.8_0_0.89_1_0.045_2_0.42_A1_1.1_P_16/inp027.err for more details.
ERROR in MURE::WriteMaterial(ostream &Out)
	 Some nuclei have troubles, see transcript U5_0.99_8_93_P6_0.16_8_0.25_9_2.8_0_0.89_1_0.045_2_0.42_A1_1.1_P_16/inp027.err for more details.
ERROR in MURE::BuildMCNPFile
	 Some nuclei have troubles, see transcript U5_0.99_8_93_P6_0.16_8_0.25_9_2.8_0_0.89_1_0.045_2_0.42_A1_1.1_P_16/inp028.err for more details.
ERROR in MURE::WriteMaterial(ostream &Out)
	 Some nuclei have troubles, see transcript U5_0.99_8_93_P6_0.16_8_0.25_9_2.8_0_0.89_1_0.045_2_0.42_A1_1.1_P_16/inp028.err for more details.
ERROR in MURE::BuildMCNPFile
	 Some nuclei have troubles, see transcript U5_0.99_8_93_P6_0.16_8_0.25_9_2.8_0_0.89_1_0.045_2_0.42_A1_1.1_P_16/inp029.err for more details.
ERROR in MURE::WriteMaterial(ostream &Out)
	 Some nuclei have troubles, see transcript U5_0.99_8_93_P6_0.16_8_0.25_9_2.8_0_0.89_1_0.045_2_0.42_A1_1.1_P_16/inp029.err for more details.
ERROR in MURE::BuildMCNPFile
	 Some nuclei have troubles, see transcript U5_0.99_8_93_P6_0.16_8_0.25_9_2.8_0_0.89_1_0.045_2_0.42_A1_1.1_P_16/inp030.err for more details.
ERROR in MURE::WriteMaterial(ostream &Out)
	 Some nuclei have troubles, see transcript U5_0.99_8_93_P6_0.16_8_0.25_9_2.8_0_0.89_1_0.045_2_0.42_A1_1.1_P_16/inp030.err for more details.
ERROR in MURE::BuildMCNPFile
	 Some nuclei have troubles, see transcript U5_0.99_8_93_P6_0.16_8_0.25_9_2.8_0_0.89_1_0.045_2_0.42_A1_1.1_P_16/inp031.err for more details.
ERROR in MURE::WriteMaterial(ostream &Out)
	 Some nuclei have troubles, see transcript U5_0.99_8_93_P6_0.16_8_0.25_9_2.8_0_0.89_1_0.045_2_0.42_A1_1.1_P_16/inp031.err for more details.
ERROR in MURE::BuildMCNPFile
	 Some nuclei have troubles, see transcript U5_0.99_8_93_P6_0.16_8_0.25_9_2.8_0_0.89_1_0.045_2_0.42_A1_1.1_P_16/inp032.err for more details.
ERROR in MURE::WriteMaterial(ostream &Out)
	 Some nuclei have troubles, see transcript U5_0.99_8_93_P6_0.16_8_0.25_9_2.8_0_0.89_1_0.045_2_0.42_A1_1.1_P_16/inp032.err for more details.
ERROR in MURE::BuildMCNPFile
	 Some nuclei have troubles, see transcript U5_0.99_8_93_P6_0.16_8_0.25_9_2.8_0_0.89_1_0.045_2_0.42_A1_1.1_P_16/inp033.err for more details.
ERROR in MURE::WriteMaterial(ostream &Out)
	 Some nuclei have troubles, see transcript U5_0.99_8_93_P6_0.16_8_0.25_9_2.8_0_0.89_1_0.045_2_0.42_A1_1.1_P_16/inp033.err for more details.
ERROR in MURE::BuildMCNPFile
	 Some nuclei have troubles, see transcript U5_0.99_8_93_P6_0.16_8_0.25_9_2.8_0_0.89_1_0.045_2_0.42_A1_1.1_P_16/inp034.err for more details.
ERROR in MURE::WriteMaterial(ostream &Out)
	 Some nuclei have troubles, see transcript U5_0.99_8_93_P6_0.16_8_0.25_9_2.8_0_0.89_1_0.045_2_0.42_A1_1.1_P_16/inp034.err for more details.
ERROR in MURE::BuildMCNPFile
	 Some nuclei have troubles, see transcript U5_0.99_8_93_P6_0.16_8_0.25_9_2.8_0_0.89_1_0.045_2_0.42_A1_1.1_P_16/inp035.err for more details.
ERROR in MURE::WriteMaterial(ostream &Out)
	 Some nuclei have troubles, see transcript U5_0.99_8_93_P6_0.16_8_0.25_9_2.8_0_0.89_1_0.045_2_0.42_A1_1.1_P_16/inp035.err for more details.
ERROR in MURE::BuildMCNPFile
	 Some nuclei have troubles, see transcript U5_0.99_8_93_P6_0.16_8_0.25_9_2.8_0_0.89_1_0.045_2_0.42_A1_1.1_P_16/inp036.err for more details.
ERROR in MURE::WriteMaterial(ostream &Out)
	 Some nuclei have troubles, see transcript U5_0.99_8_93_P6_0.16_8_0.25_9_2.8_0_0.89_1_0.045_2_0.42_A1_1.1_P_16/inp036.err for more details.
ERROR in MURE::BuildMCNPFile
	 Some nuclei have troubles, see transcript U5_0.99_8_93_P6_0.16_8_0.25_9_2.8_0_0.89_1_0.045_2_0.42_A1_1.1_P_16/inp037.err for more details.
ERROR in MURE::WriteMaterial(ostream &Out)
	 Some nuclei have troubles, see transcript U5_0.99_8_93_P6_0.16_8_0.25_9_2.8_0_0.89_1_0.045_2_0.42_A1_1.1_P_16/inp037.err for more details.
ERROR in MURE::BuildMCNPFile
	 Some nuclei have troubles, see transcript U5_0.99_8_93_P6_0.16_8_0.25_9_2.8_0_0.89_1_0.045_2_0.42_A1_1.1_P_16/inp038.err for more details.
ERROR in MURE::WriteMaterial(ostream &Out)
	 Some nuclei have troubles, see transcript U5_0.99_8_93_P6_0.16_8_0.25_9_2.8_0_0.89_1_0.045_2_0.42_A1_1.1_P_16/inp038.err for more details.
ERROR in MURE::BuildMCNPFile
	 Some nuclei have troubles, see transcript U5_0.99_8_93_P6_0.16_8_0.25_9_2.8_0_0.89_1_0.045_2_0.42_A1_1.1_P_16/inp039.err for more details.
ERROR in MURE::WriteMaterial(ostream &Out)
	 Some nuclei have troubles, see transcript U5_0.99_8_93_P6_0.16_8_0.25_9_2.8_0_0.89_1_0.045_2_0.42_A1_1.1_P_16/inp039.err for more details.
ERROR in MURE::BuildMCNPFile
	 Some nuclei have troubles, see transcript U5_0.99_8_93_P6_0.16_8_0.25_9_2.8_0_0.89_1_0.045_2_0.42_A1_1.1_P_16/inp040.err for more details.
ERROR in MURE::WriteMaterial(ostream &Out)
	 Some nuclei have troubles, see transcript U5_0.99_8_93_P6_0.16_8_0.25_9_2.8_0_0.89_1_0.045_2_0.42_A1_1.1_P_16/inp040.err for more details.
ERROR in MURE::BuildMCNPFile
	 Some nuclei have troubles, see transcript U5_0.99_8_93_P6_0.16_8_0.25_9_2.8_0_0.89_1_0.045_2_0.42_A1_1.1_P_16/inp041.err for more details.
ERROR in MURE::WriteMaterial(ostream &Out)
	 Some nuclei have troubles, see transcript U5_0.99_8_93_P6_0.16_8_0.25_9_2.8_0_0.89_1_0.045_2_0.42_A1_1.1_P_16/inp041.err for more details.
ERROR in MURE::BuildMCNPFile
	 Some nuclei have troubles, see transcript U5_0.99_8_93_P6_0.16_8_0.25_9_2.8_0_0.89_1_0.045_2_0.42_A1_1.1_P_16/inp042.err for more details.
ERROR in MURE::WriteMaterial(ostream &Out)
	 Some nuclei have troubles, see transcript U5_0.99_8_93_P6_0.16_8_0.25_9_2.8_0_0.89_1_0.045_2_0.42_A1_1.1_P_16/inp042.err for more details.
ERROR in MURE::BuildMCNPFile
	 Some nuclei have troubles, see transcript U5_0.99_8_93_P6_0.16_8_0.25_9_2.8_0_0.89_1_0.045_2_0.42_A1_1.1_P_16/inp043.err for more details.
ERROR in MURE::WriteMaterial(ostream &Out)
	 Some nuclei have troubles, see transcript U5_0.99_8_93_P6_0.16_8_0.25_9_2.8_0_0.89_1_0.045_2_0.42_A1_1.1_P_16/inp043.err for more details.
ERROR in MURE::BuildMCNPFile
	 Some nuclei have troubles, see transcript U5_0.99_8_93_P6_0.16_8_0.25_9_2.8_0_0.89_1_0.045_2_0.42_A1_1.1_P_16/inp044.err for more details.
ERROR in MURE::WriteMaterial(ostream &Out)
	 Some nuclei have troubles, see transcript U5_0.99_8_93_P6_0.16_8_0.25_9_2.8_0_0.89_1_0.045_2_0.42_A1_1.1_P_16/inp044.err for more details.
ERROR in MURE::BuildMCNPFile
	 Some nuclei have troubles, see transcript U5_0.99_8_93_P6_0.16_8_0.25_9_2.8_0_0.89_1_0.045_2_0.42_A1_1.1_P_16/inp045.err for more details.
ERROR in MURE::WriteMaterial(ostream &Out)
	 Some nuclei have troubles, see transcript U5_0.99_8_93_P6_0.16_8_0.25_9_2.8_0_0.89_1_0.045_2_0.42_A1_1.1_P_16/inp045.err for more details.
ERROR in MURE::BuildMCNPFile
	 Some nuclei have troubles, see transcript U5_0.99_8_93_P6_0.16_8_0.25_9_2.8_0_0.89_1_0.045_2_0.42_A1_1.1_P_16/inp046.err for more details.
ERROR in MURE::WriteMaterial(ostream &Out)
	 Some nuclei have troubles, see transcript U5_0.99_8_93_P6_0.16_8_0.25_9_2.8_0_0.89_1_0.045_2_0.42_A1_1.1_P_16/inp046.err for more details.
ERROR in MURE::BuildMCNPFile
	 Some nuclei have troubles, see transcript U5_0.99_8_93_P6_0.16_8_0.25_9_2.8_0_0.89_1_0.045_2_0.42_A1_1.1_P_16/inp047.err for more details.
ERROR in MURE::WriteMaterial(ostream &Out)
	 Some nuclei have troubles, see transcript U5_0.99_8_93_P6_0.16_8_0.25_9_2.8_0_0.89_1_0.045_2_0.42_A1_1.1_P_16/inp047.err for more details.
ERROR in MURE::BuildMCNPFile
	 Some nuclei have troubles, see transcript U5_0.99_8_93_P6_0.16_8_0.25_9_2.8_0_0.89_1_0.045_2_0.42_A1_1.1_P_16/inp048.err for more details.
ERROR in MURE::WriteMaterial(ostream &Out)
	 Some nuclei have troubles, see transcript U5_0.99_8_93_P6_0.16_8_0.25_9_2.8_0_0.89_1_0.045_2_0.42_A1_1.1_P_16/inp048.err for more details.
ERROR in MURE::BuildMCNPFile
	 Some nuclei have troubles, see transcript U5_0.99_8_93_P6_0.16_8_0.25_9_2.8_0_0.89_1_0.045_2_0.42_A1_1.1_P_16/inp049.err for more details.
ERROR in MURE::WriteMaterial(ostream &Out)
	 Some nuclei have troubles, see transcript U5_0.99_8_93_P6_0.16_8_0.25_9_2.8_0_0.89_1_0.045_2_0.42_A1_1.1_P_16/inp049.err for more details.
ERROR in MURE::BuildMCNPFile
	 Some nuclei have troubles, see transcript U5_0.99_8_93_P6_0.16_8_0.25_9_2.8_0_0.89_1_0.045_2_0.42_A1_1.1_P_16/inp050.err for more details.
ERROR in MURE::WriteMaterial(ostream &Out)
	 Some nuclei have troubles, see transcript U5_0.99_8_93_P6_0.16_8_0.25_9_2.8_0_0.89_1_0.045_2_0.42_A1_1.1_P_16/inp050.err for more details.
ERROR in MURE::BuildMCNPFile
	 Some nuclei have troubles, see transcript U5_0.99_8_93_P6_0.16_8_0.25_9_2.8_0_0.89_1_0.045_2_0.42_A1_1.1_P_16/inp051.err for more details.
ERROR in MURE::WriteMaterial(ostream &Out)
	 Some nuclei have troubles, see transcript U5_0.99_8_93_P6_0.16_8_0.25_9_2.8_0_0.89_1_0.045_2_0.42_A1_1.1_P_16/inp051.err for more details.
ERROR in MURE::BuildMCNPFile
	 Some nuclei have troubles, see transcript U5_0.99_8_93_P6_0.16_8_0.25_9_2.8_0_0.89_1_0.045_2_0.42_A1_1.1_P_16/inp052.err for more details.
ERROR in MURE::WriteMaterial(ostream &Out)
	 Some nuclei have troubles, see transcript U5_0.99_8_93_P6_0.16_8_0.25_9_2.8_0_0.89_1_0.045_2_0.42_A1_1.1_P_16/inp052.err for more details.
ERROR in MURE::BuildMCNPFile
	 Some nuclei have troubles, see transcript U5_0.99_8_93_P6_0.16_8_0.25_9_2.8_0_0.89_1_0.045_2_0.42_A1_1.1_P_16/inp053.err for more details.
ERROR in MURE::WriteMaterial(ostream &Out)
	 Some nuclei have troubles, see transcript U5_0.99_8_93_P6_0.16_8_0.25_9_2.8_0_0.89_1_0.045_2_0.42_A1_1.1_P_16/inp053.err for more details.
ERROR in MURE::BuildMCNPFile
	 Some nuclei have troubles, see transcript U5_0.99_8_93_P6_0.16_8_0.25_9_2.8_0_0.89_1_0.045_2_0.42_A1_1.1_P_16/inp054.err for more details.
ERROR in MURE::WriteMaterial(ostream &Out)
	 Some nuclei have troubles, see transcript U5_0.99_8_93_P6_0.16_8_0.25_9_2.8_0_0.89_1_0.045_2_0.42_A1_1.1_P_16/inp054.err for more details.
ERROR in MURE::BuildMCNPFile
	 Some nuclei have troubles, see transcript U5_0.99_8_93_P6_0.16_8_0.25_9_2.8_0_0.89_1_0.045_2_0.42_A1_1.1_P_16/inp055.err for more details.
ERROR in MURE::WriteMaterial(ostream &Out)
	 Some nuclei have troubles, see transcript U5_0.99_8_93_P6_0.16_8_0.25_9_2.8_0_0.89_1_0.045_2_0.42_A1_1.1_P_16/inp055.err for more details.
ERROR in MURE::BuildMCNPFile
	 Some nuclei have troubles, see transcript U5_0.99_8_93_P6_0.16_8_0.25_9_2.8_0_0.89_1_0.045_2_0.42_A1_1.1_P_16/inp056.err for more details.
ERROR in MURE::WriteMaterial(ostream &Out)
	 Some nuclei have troubles, see transcript U5_0.99_8_93_P6_0.16_8_0.25_9_2.8_0_0.89_1_0.045_2_0.42_A1_1.1_P_16/inp056.err for more details.
ERROR in MURE::BuildMCNPFile
	 Some nuclei have troubles, see transcript U5_0.99_8_93_P6_0.16_8_0.25_9_2.8_0_0.89_1_0.045_2_0.42_A1_1.1_P_16/inp057.err for more details.
ERROR in MURE::WriteMaterial(ostream &Out)
	 Some nuclei have troubles, see transcript U5_0.99_8_93_P6_0.16_8_0.25_9_2.8_0_0.89_1_0.045_2_0.42_A1_1.1_P_16/inp057.err for more details.
ERROR in MURE::BuildMCNPFile
	 Some nuclei have troubles, see transcript U5_0.99_8_93_P6_0.16_8_0.25_9_2.8_0_0.89_1_0.045_2_0.42_A1_1.1_P_16/inp058.err for more details.
ERROR in MURE::WriteMaterial(ostream &Out)
	 Some nuclei have troubles, see transcript U5_0.99_8_93_P6_0.16_8_0.25_9_2.8_0_0.89_1_0.045_2_0.42_A1_1.1_P_16/inp058.err for more details.
ERROR in MURE::BuildMCNPFile
	 Some nuclei have troubles, see transcript U5_0.99_8_93_P6_0.16_8_0.25_9_2.8_0_0.89_1_0.045_2_0.42_A1_1.1_P_16/inp059.err for more details.
ERROR in MURE::WriteMaterial(ostream &Out)
	 Some nuclei have troubles, see transcript U5_0.99_8_93_P6_0.16_8_0.25_9_2.8_0_0.89_1_0.045_2_0.42_A1_1.1_P_16/inp059.err for more details.
ERROR in MURE::BuildMCNPFile
	 Some nuclei have troubles, see transcript U5_0.99_8_93_P6_0.16_8_0.25_9_2.8_0_0.89_1_0.045_2_0.42_A1_1.1_P_16/inp060.err for more details.
ERROR in MURE::WriteMaterial(ostream &Out)
	 Some nuclei have troubles, see transcript U5_0.99_8_93_P6_0.16_8_0.25_9_2.8_0_0.89_1_0.045_2_0.42_A1_1.1_P_16/inp060.err for more details.
ERROR in MURE::BuildMCNPFile
	 Some nuclei have troubles, see transcript U5_0.99_8_93_P6_0.16_8_0.25_9_2.8_0_0.89_1_0.045_2_0.42_A1_1.1_P_16/inp061.err for more details.
ERROR in MURE::WriteMaterial(ostream &Out)
	 Some nuclei have troubles, see transcript U5_0.99_8_93_P6_0.16_8_0.25_9_2.8_0_0.89_1_0.045_2_0.42_A1_1.1_P_16/inp061.err for more details.
ERROR in MURE::BuildMCNPFile
	 Some nuclei have troubles, see transcript U5_0.99_8_93_P6_0.16_8_0.25_9_2.8_0_0.89_1_0.045_2_0.42_A1_1.1_P_16/inp062.err for more details.
ERROR in MURE::WriteMaterial(ostream &Out)
	 Some nuclei have troubles, see transcript U5_0.99_8_93_P6_0.16_8_0.25_9_2.8_0_0.89_1_0.045_2_0.42_A1_1.1_P_16/inp062.err for more details.
ERROR in MURE::BuildMCNPFile
	 Some nuclei have troubles, see transcript U5_0.99_8_93_P6_0.16_8_0.25_9_2.8_0_0.89_1_0.045_2_0.42_A1_1.1_P_16/inp063.err for more details.
ERROR in MURE::WriteMaterial(ostream &Out)
	 Some nuclei have troubles, see transcript U5_0.99_8_93_P6_0.16_8_0.25_9_2.8_0_0.89_1_0.045_2_0.42_A1_1.1_P_16/inp063.err for more details.
ERROR in MURE::BuildMCNPFile
	 Some nuclei have troubles, see transcript U5_0.99_8_93_P6_0.16_8_0.25_9_2.8_0_0.89_1_0.045_2_0.42_A1_1.1_P_16/inp064.err for more details.
ERROR in MURE::WriteMaterial(ostream &Out)
	 Some nuclei have troubles, see transcript U5_0.99_8_93_P6_0.16_8_0.25_9_2.8_0_0.89_1_0.045_2_0.42_A1_1.1_P_16/inp064.err for more details.
ERROR in MURE::BuildMCNPFile
	 Some nuclei have troubles, see transcript U5_0.99_8_93_P6_0.16_8_0.25_9_2.8_0_0.89_1_0.045_2_0.42_A1_1.1_P_16/inp065.err for more details.
ERROR in MURE::WriteMaterial(ostream &Out)
	 Some nuclei have troubles, see transcript U5_0.99_8_93_P6_0.16_8_0.25_9_2.8_0_0.89_1_0.045_2_0.42_A1_1.1_P_16/inp065.err for more details.
ERROR in MURE::BuildMCNPFile
	 Some nuclei have troubles, see transcript U5_0.99_8_93_P6_0.16_8_0.25_9_2.8_0_0.89_1_0.045_2_0.42_A1_1.1_P_16/inp066.err for more details.
ERROR in MURE::WriteMaterial(ostream &Out)
	 Some nuclei have troubles, see transcript U5_0.99_8_93_P6_0.16_8_0.25_9_2.8_0_0.89_1_0.045_2_0.42_A1_1.1_P_16/inp066.err for more details.
ERROR in MURE::BuildMCNPFile
	 Some nuclei have troubles, see transcript U5_0.99_8_93_P6_0.16_8_0.25_9_2.8_0_0.89_1_0.045_2_0.42_A1_1.1_P_16/inp067.err for more details.
ERROR in MURE::WriteMaterial(ostream &Out)
	 Some nuclei have troubles, see transcript U5_0.99_8_93_P6_0.16_8_0.25_9_2.8_0_0.89_1_0.045_2_0.42_A1_1.1_P_16/inp067.err for more details.
ERROR in MURE::BuildMCNPFile
	 Some nuclei have troubles, see transcript U5_0.99_8_93_P6_0.16_8_0.25_9_2.8_0_0.89_1_0.045_2_0.42_A1_1.1_P_16/inp068.err for more details.
ERROR in MURE::WriteMaterial(ostream &Out)
	 Some nuclei have troubles, see transcript U5_0.99_8_93_P6_0.16_8_0.25_9_2.8_0_0.89_1_0.045_2_0.42_A1_1.1_P_16/inp068.err for more details.
ERROR in MURE::BuildMCNPFile
	 Some nuclei have troubles, see transcript U5_0.99_8_93_P6_0.16_8_0.25_9_2.8_0_0.89_1_0.045_2_0.42_A1_1.1_P_16/inp069.err for more details.
ERROR in MURE::WriteMaterial(ostream &Out)
	 Some nuclei have troubles, see transcript U5_0.99_8_93_P6_0.16_8_0.25_9_2.8_0_0.89_1_0.045_2_0.42_A1_1.1_P_16/inp069.err for more details.
ERROR in MURE::BuildMCNPFile
	 Some nuclei have troubles, see transcript U5_0.99_8_93_P6_0.16_8_0.25_9_2.8_0_0.89_1_0.045_2_0.42_A1_1.1_P_16/inp070.err for more details.
ERROR in MURE::WriteMaterial(ostream &Out)
	 Some nuclei have troubles, see transcript U5_0.99_8_93_P6_0.16_8_0.25_9_2.8_0_0.89_1_0.045_2_0.42_A1_1.1_P_16/inp070.err for more details.
ERROR in MURE::BuildMCNPFile
	 Some nuclei have troubles, see transcript U5_0.99_8_93_P6_0.16_8_0.25_9_2.8_0_0.89_1_0.045_2_0.42_A1_1.1_P_16/inp071.err for more details.
ERROR in MURE::WriteMaterial(ostream &Out)
	 Some nuclei have troubles, see transcript U5_0.99_8_93_P6_0.16_8_0.25_9_2.8_0_0.89_1_0.045_2_0.42_A1_1.1_P_16/inp071.err for more details.
ERROR in MURE::BuildMCNPFile
	 Some nuclei have troubles, see transcript U5_0.99_8_93_P6_0.16_8_0.25_9_2.8_0_0.89_1_0.045_2_0.42_A1_1.1_P_16/inp072.err for more details.
ERROR in MURE::WriteMaterial(ostream &Out)
	 Some nuclei have troubles, see transcript U5_0.99_8_93_P6_0.16_8_0.25_9_2.8_0_0.89_1_0.045_2_0.42_A1_1.1_P_16/inp072.err for more details.
ERROR in MURE::BuildMCNPFile
	 Some nuclei have troubles, see transcript U5_0.99_8_93_P6_0.16_8_0.25_9_2.8_0_0.89_1_0.045_2_0.42_A1_1.1_P_16/inp073.err for more details.
ERROR in MURE::WriteMaterial(ostream &Out)
	 Some nuclei have troubles, see transcript U5_0.99_8_93_P6_0.16_8_0.25_9_2.8_0_0.89_1_0.045_2_0.42_A1_1.1_P_16/inp073.err for more details.
ERROR in MURE::BuildMCNPFile
	 Some nuclei have troubles, see transcript U5_0.99_8_93_P6_0.16_8_0.25_9_2.8_0_0.89_1_0.045_2_0.42_A1_1.1_P_16/inp074.err for more details.
ERROR in MURE::WriteMaterial(ostream &Out)
	 Some nuclei have troubles, see transcript U5_0.99_8_93_P6_0.16_8_0.25_9_2.8_0_0.89_1_0.045_2_0.42_A1_1.1_P_16/inp074.err for more details.
ERROR in MURE::BuildMCNPFile
	 Some nuclei have troubles, see transcript U5_0.99_8_93_P6_0.16_8_0.25_9_2.8_0_0.89_1_0.045_2_0.42_A1_1.1_P_16/inp075.err for more details.
ERROR in MURE::WriteMaterial(ostream &Out)
	 Some nuclei have troubles, see transcript U5_0.99_8_93_P6_0.16_8_0.25_9_2.8_0_0.89_1_0.045_2_0.42_A1_1.1_P_16/inp075.err for more details.
ERROR in MURE::BuildMCNPFile
	 Some nuclei have troubles, see transcript U5_0.99_8_93_P6_0.16_8_0.25_9_2.8_0_0.89_1_0.045_2_0.42_A1_1.1_P_16/inp076.err for more details.
ERROR in MURE::WriteMaterial(ostream &Out)
	 Some nuclei have troubles, see transcript U5_0.99_8_93_P6_0.16_8_0.25_9_2.8_0_0.89_1_0.045_2_0.42_A1_1.1_P_16/inp076.err for more details.
ERROR in MURE::BuildMCNPFile
	 Some nuclei have troubles, see transcript U5_0.99_8_93_P6_0.16_8_0.25_9_2.8_0_0.89_1_0.045_2_0.42_A1_1.1_P_16/inp077.err for more details.
ERROR in MURE::WriteMaterial(ostream &Out)
	 Some nuclei have troubles, see transcript U5_0.99_8_93_P6_0.16_8_0.25_9_2.8_0_0.89_1_0.045_2_0.42_A1_1.1_P_16/inp077.err for more details.
ERROR in MURE::BuildMCNPFile
	 Some nuclei have troubles, see transcript U5_0.99_8_93_P6_0.16_8_0.25_9_2.8_0_0.89_1_0.045_2_0.42_A1_1.1_P_16/inp078.err for more details.
ERROR in MURE::WriteMaterial(ostream &Out)
	 Some nuclei have troubles, see transcript U5_0.99_8_93_P6_0.16_8_0.25_9_2.8_0_0.89_1_0.045_2_0.42_A1_1.1_P_16/inp078.err for more details.
ERROR in MURE::BuildMCNPFile
	 Some nuclei have troubles, see transcript U5_0.99_8_93_P6_0.16_8_0.25_9_2.8_0_0.89_1_0.045_2_0.42_A1_1.1_P_16/inp079.err for more details.
ERROR in MURE::WriteMaterial(ostream &Out)
	 Some nuclei have troubles, see transcript U5_0.99_8_93_P6_0.16_8_0.25_9_2.8_0_0.89_1_0.045_2_0.42_A1_1.1_P_16/inp079.err for more details.
* About to connect() to ftp.box.com port 21 (#0)
*   Trying 107.152.25.220... connected
* Connected to ftp.box.com (107.152.25.220) port 21 (#0)
< 220 Service ready for new user.
> AUTH SSL
< 234 Command AUTH okay; starting SSL connection.
* Initializing NSS with certpath: sql:/etc/pki/nssdb
*   CAfile: /etc/pki/tls/certs/ca-bundle.crt
  CApath: none
* SSL connection using TLS_RSA_WITH_AES_128_CBC_SHA
* Server certificate:
* 	subject: CN=*.box.com,O="Box, Inc.",L=Los Altos,ST=California,C=US
* 	start date: Nov 13 19:22:20 2014 GMT
* 	expire date: Oct 23 02:42:03 2017 GMT
* 	common name: *.box.com
* 	issuer: CN=GeoTrust SSL CA - G4,O=GeoTrust Inc.,C=US
> USER mouginot@wisc.edu
< 331 User name okay, need password for mouginot@wisc.edu.
> PASS line150782
< 230 User logged in, proceed.
> PBSZ 0
< 200 Command PBSZ okay.
> PROT P
< 200 Command PROT okay.
> PWD
< 257 "/" is current directory.
* Entry path is '/'
> CWD MODEL_DATA
< 250 Directory changed to /MODEL_DATA
> CWD PWR_TRU_MOX_PSPEC
< 250 Directory changed to /MODEL_DATA/PWR_TRU_MOX_PSPEC
> CWD 1000
< 250 Directory changed to /MODEL_DATA/PWR_TRU_MOX_PSPEC/1000
> PASV
* Connect data stream passively
< 227 Entering Passive Mode (107,152,25,220,79,117)
* Skips 107.152.25.220 for data connection, uses 107.152.25.220 instead
*   Trying 107.152.25.220... connected
* Connecting to 107.152.25.220 (107.152.25.220) port 20341
> TYPE I
< 200 Command TYPE okay.
> STOR 499_raw.tar.gz
< 150 File status okay; about to open data connection.
* Doing the SSL/TLS handshake on the data stream
*   CAfile: /etc/pki/tls/certs/ca-bundle.crt
  CApath: none
* SSL connection using TLS_RSA_WITH_AES_128_CBC_SHA
* Server certificate:
* 	subject: CN=*.box.com,O="Box, Inc.",L=Los Altos,ST=California,C=US
* 	start date: Nov 13 19:22:20 2014 GMT
* 	expire date: Oct 23 02:42:03 2017 GMT
* 	common name: *.box.com
* 	issuer: CN=GeoTrust SSL CA - G4,O=GeoTrust Inc.,C=US
} [data not shown]
  % Total    % Received % Xferd  Average Speed   Time    Time     Time  Current
                                 Dload  Upload   Total   Spent    Left  Speed
  0 43.5M    0     0    0 16384      0   3777  3:21:38  0:00:04  3:21:34  3777  2 43.5M    0     0    2  992k      0   201k  0:03:41  0:00:04  0:03:37 1643k 28 43.5M    0     0   28 12.4M      0  2142k  0:00:20  0:00:05  0:00:15 7944k 55 43.5M    0     0   55 24.1M      0  3568k  0:00:12  0:00:06  0:00:06 9513k 84 43.5M    0     0   84 36.6M      0  4725k  0:00:09  0:00:07  0:00:02 10.1M* Remembering we are in dir "MODEL_DATA/PWR_TRU_MOX_PSPEC/1000/"
< 226 Transfer complete.
100 43.5M    0     0  100 43.5M      0  4733k  0:00:09  0:00:09 --:--:-- 8764k* Connection #0 to host ftp.box.com left intact

> QUIT
< 221 Goodbye.
* Closing connection #0
