ERROR in MURE::BuildXSDIR()
	 Some nuclei have troubles, see transcript U5_1.5_8_88_P6_0.26_8_0.7_9_3.6_0_2.6_1_0.18_2_1.9_A1_0.83_P_33/inp000.err for more details.
ERROR in MURE::BuildMCNPFile
	 Some nuclei have troubles, see transcript U5_1.5_8_88_P6_0.26_8_0.7_9_3.6_0_2.6_1_0.18_2_1.9_A1_0.83_P_33/inp000.err for more details.
ERROR in MURE::WriteMaterial(ostream &Out)
	 Some nuclei have troubles, see transcript U5_1.5_8_88_P6_0.26_8_0.7_9_3.6_0_2.6_1_0.18_2_1.9_A1_0.83_P_33/inp000.err for more details.
ERROR in MURE::BuildMCNPFile
	 Some nuclei have troubles, see transcript U5_1.5_8_88_P6_0.26_8_0.7_9_3.6_0_2.6_1_0.18_2_1.9_A1_0.83_P_33/inp001.err for more details.
ERROR in MURE::WriteMaterial(ostream &Out)
	 Some nuclei have troubles, see transcript U5_1.5_8_88_P6_0.26_8_0.7_9_3.6_0_2.6_1_0.18_2_1.9_A1_0.83_P_33/inp001.err for more details.
ERROR in MURE::BuildMCNPFile
	 Some nuclei have troubles, see transcript U5_1.5_8_88_P6_0.26_8_0.7_9_3.6_0_2.6_1_0.18_2_1.9_A1_0.83_P_33/inp002.err for more details.
ERROR in MURE::WriteMaterial(ostream &Out)
	 Some nuclei have troubles, see transcript U5_1.5_8_88_P6_0.26_8_0.7_9_3.6_0_2.6_1_0.18_2_1.9_A1_0.83_P_33/inp002.err for more details.
ERROR in MURE::BuildMCNPFile
	 Some nuclei have troubles, see transcript U5_1.5_8_88_P6_0.26_8_0.7_9_3.6_0_2.6_1_0.18_2_1.9_A1_0.83_P_33/inp003.err for more details.
ERROR in MURE::WriteMaterial(ostream &Out)
	 Some nuclei have troubles, see transcript U5_1.5_8_88_P6_0.26_8_0.7_9_3.6_0_2.6_1_0.18_2_1.9_A1_0.83_P_33/inp003.err for more details.
ERROR in MURE::BuildMCNPFile
	 Some nuclei have troubles, see transcript U5_1.5_8_88_P6_0.26_8_0.7_9_3.6_0_2.6_1_0.18_2_1.9_A1_0.83_P_33/inp004.err for more details.
ERROR in MURE::WriteMaterial(ostream &Out)
	 Some nuclei have troubles, see transcript U5_1.5_8_88_P6_0.26_8_0.7_9_3.6_0_2.6_1_0.18_2_1.9_A1_0.83_P_33/inp004.err for more details.
ERROR in MURE::BuildMCNPFile
	 Some nuclei have troubles, see transcript U5_1.5_8_88_P6_0.26_8_0.7_9_3.6_0_2.6_1_0.18_2_1.9_A1_0.83_P_33/inp005.err for more details.
ERROR in MURE::WriteMaterial(ostream &Out)
	 Some nuclei have troubles, see transcript U5_1.5_8_88_P6_0.26_8_0.7_9_3.6_0_2.6_1_0.18_2_1.9_A1_0.83_P_33/inp005.err for more details.
ERROR in MURE::BuildMCNPFile
	 Some nuclei have troubles, see transcript U5_1.5_8_88_P6_0.26_8_0.7_9_3.6_0_2.6_1_0.18_2_1.9_A1_0.83_P_33/inp006.err for more details.
ERROR in MURE::WriteMaterial(ostream &Out)
	 Some nuclei have troubles, see transcript U5_1.5_8_88_P6_0.26_8_0.7_9_3.6_0_2.6_1_0.18_2_1.9_A1_0.83_P_33/inp006.err for more details.
ERROR in MURE::BuildMCNPFile
	 Some nuclei have troubles, see transcript U5_1.5_8_88_P6_0.26_8_0.7_9_3.6_0_2.6_1_0.18_2_1.9_A1_0.83_P_33/inp007.err for more details.
ERROR in MURE::WriteMaterial(ostream &Out)
	 Some nuclei have troubles, see transcript U5_1.5_8_88_P6_0.26_8_0.7_9_3.6_0_2.6_1_0.18_2_1.9_A1_0.83_P_33/inp007.err for more details.
ERROR in MURE::BuildMCNPFile
	 Some nuclei have troubles, see transcript U5_1.5_8_88_P6_0.26_8_0.7_9_3.6_0_2.6_1_0.18_2_1.9_A1_0.83_P_33/inp008.err for more details.
ERROR in MURE::WriteMaterial(ostream &Out)
	 Some nuclei have troubles, see transcript U5_1.5_8_88_P6_0.26_8_0.7_9_3.6_0_2.6_1_0.18_2_1.9_A1_0.83_P_33/inp008.err for more details.
ERROR in MURE::BuildMCNPFile
	 Some nuclei have troubles, see transcript U5_1.5_8_88_P6_0.26_8_0.7_9_3.6_0_2.6_1_0.18_2_1.9_A1_0.83_P_33/inp009.err for more details.
ERROR in MURE::WriteMaterial(ostream &Out)
	 Some nuclei have troubles, see transcript U5_1.5_8_88_P6_0.26_8_0.7_9_3.6_0_2.6_1_0.18_2_1.9_A1_0.83_P_33/inp009.err for more details.
ERROR in MURE::BuildMCNPFile
	 Some nuclei have troubles, see transcript U5_1.5_8_88_P6_0.26_8_0.7_9_3.6_0_2.6_1_0.18_2_1.9_A1_0.83_P_33/inp010.err for more details.
ERROR in MURE::WriteMaterial(ostream &Out)
	 Some nuclei have troubles, see transcript U5_1.5_8_88_P6_0.26_8_0.7_9_3.6_0_2.6_1_0.18_2_1.9_A1_0.83_P_33/inp010.err for more details.
ERROR in MURE::BuildMCNPFile
	 Some nuclei have troubles, see transcript U5_1.5_8_88_P6_0.26_8_0.7_9_3.6_0_2.6_1_0.18_2_1.9_A1_0.83_P_33/inp011.err for more details.
ERROR in MURE::WriteMaterial(ostream &Out)
	 Some nuclei have troubles, see transcript U5_1.5_8_88_P6_0.26_8_0.7_9_3.6_0_2.6_1_0.18_2_1.9_A1_0.83_P_33/inp011.err for more details.
ERROR in MURE::BuildMCNPFile
	 Some nuclei have troubles, see transcript U5_1.5_8_88_P6_0.26_8_0.7_9_3.6_0_2.6_1_0.18_2_1.9_A1_0.83_P_33/inp012.err for more details.
ERROR in MURE::WriteMaterial(ostream &Out)
	 Some nuclei have troubles, see transcript U5_1.5_8_88_P6_0.26_8_0.7_9_3.6_0_2.6_1_0.18_2_1.9_A1_0.83_P_33/inp012.err for more details.
ERROR in MURE::BuildMCNPFile
	 Some nuclei have troubles, see transcript U5_1.5_8_88_P6_0.26_8_0.7_9_3.6_0_2.6_1_0.18_2_1.9_A1_0.83_P_33/inp013.err for more details.
ERROR in MURE::WriteMaterial(ostream &Out)
	 Some nuclei have troubles, see transcript U5_1.5_8_88_P6_0.26_8_0.7_9_3.6_0_2.6_1_0.18_2_1.9_A1_0.83_P_33/inp013.err for more details.
ERROR in MURE::BuildMCNPFile
	 Some nuclei have troubles, see transcript U5_1.5_8_88_P6_0.26_8_0.7_9_3.6_0_2.6_1_0.18_2_1.9_A1_0.83_P_33/inp014.err for more details.
ERROR in MURE::WriteMaterial(ostream &Out)
	 Some nuclei have troubles, see transcript U5_1.5_8_88_P6_0.26_8_0.7_9_3.6_0_2.6_1_0.18_2_1.9_A1_0.83_P_33/inp014.err for more details.
ERROR in MURE::BuildMCNPFile
	 Some nuclei have troubles, see transcript U5_1.5_8_88_P6_0.26_8_0.7_9_3.6_0_2.6_1_0.18_2_1.9_A1_0.83_P_33/inp015.err for more details.
ERROR in MURE::WriteMaterial(ostream &Out)
	 Some nuclei have troubles, see transcript U5_1.5_8_88_P6_0.26_8_0.7_9_3.6_0_2.6_1_0.18_2_1.9_A1_0.83_P_33/inp015.err for more details.
ERROR in MURE::BuildMCNPFile
	 Some nuclei have troubles, see transcript U5_1.5_8_88_P6_0.26_8_0.7_9_3.6_0_2.6_1_0.18_2_1.9_A1_0.83_P_33/inp016.err for more details.
ERROR in MURE::WriteMaterial(ostream &Out)
	 Some nuclei have troubles, see transcript U5_1.5_8_88_P6_0.26_8_0.7_9_3.6_0_2.6_1_0.18_2_1.9_A1_0.83_P_33/inp016.err for more details.
ERROR in MURE::BuildMCNPFile
	 Some nuclei have troubles, see transcript U5_1.5_8_88_P6_0.26_8_0.7_9_3.6_0_2.6_1_0.18_2_1.9_A1_0.83_P_33/inp017.err for more details.
ERROR in MURE::WriteMaterial(ostream &Out)
	 Some nuclei have troubles, see transcript U5_1.5_8_88_P6_0.26_8_0.7_9_3.6_0_2.6_1_0.18_2_1.9_A1_0.83_P_33/inp017.err for more details.
ERROR in MURE::BuildMCNPFile
	 Some nuclei have troubles, see transcript U5_1.5_8_88_P6_0.26_8_0.7_9_3.6_0_2.6_1_0.18_2_1.9_A1_0.83_P_33/inp018.err for more details.
ERROR in MURE::WriteMaterial(ostream &Out)
	 Some nuclei have troubles, see transcript U5_1.5_8_88_P6_0.26_8_0.7_9_3.6_0_2.6_1_0.18_2_1.9_A1_0.83_P_33/inp018.err for more details.
ERROR in MURE::BuildMCNPFile
	 Some nuclei have troubles, see transcript U5_1.5_8_88_P6_0.26_8_0.7_9_3.6_0_2.6_1_0.18_2_1.9_A1_0.83_P_33/inp019.err for more details.
ERROR in MURE::WriteMaterial(ostream &Out)
	 Some nuclei have troubles, see transcript U5_1.5_8_88_P6_0.26_8_0.7_9_3.6_0_2.6_1_0.18_2_1.9_A1_0.83_P_33/inp019.err for more details.
ERROR in MURE::BuildMCNPFile
	 Some nuclei have troubles, see transcript U5_1.5_8_88_P6_0.26_8_0.7_9_3.6_0_2.6_1_0.18_2_1.9_A1_0.83_P_33/inp020.err for more details.
ERROR in MURE::WriteMaterial(ostream &Out)
	 Some nuclei have troubles, see transcript U5_1.5_8_88_P6_0.26_8_0.7_9_3.6_0_2.6_1_0.18_2_1.9_A1_0.83_P_33/inp020.err for more details.
ERROR in MURE::BuildMCNPFile
	 Some nuclei have troubles, see transcript U5_1.5_8_88_P6_0.26_8_0.7_9_3.6_0_2.6_1_0.18_2_1.9_A1_0.83_P_33/inp021.err for more details.
ERROR in MURE::WriteMaterial(ostream &Out)
	 Some nuclei have troubles, see transcript U5_1.5_8_88_P6_0.26_8_0.7_9_3.6_0_2.6_1_0.18_2_1.9_A1_0.83_P_33/inp021.err for more details.
ERROR in MURE::BuildMCNPFile
	 Some nuclei have troubles, see transcript U5_1.5_8_88_P6_0.26_8_0.7_9_3.6_0_2.6_1_0.18_2_1.9_A1_0.83_P_33/inp022.err for more details.
ERROR in MURE::WriteMaterial(ostream &Out)
	 Some nuclei have troubles, see transcript U5_1.5_8_88_P6_0.26_8_0.7_9_3.6_0_2.6_1_0.18_2_1.9_A1_0.83_P_33/inp022.err for more details.
ERROR in MURE::BuildMCNPFile
	 Some nuclei have troubles, see transcript U5_1.5_8_88_P6_0.26_8_0.7_9_3.6_0_2.6_1_0.18_2_1.9_A1_0.83_P_33/inp023.err for more details.
ERROR in MURE::WriteMaterial(ostream &Out)
	 Some nuclei have troubles, see transcript U5_1.5_8_88_P6_0.26_8_0.7_9_3.6_0_2.6_1_0.18_2_1.9_A1_0.83_P_33/inp023.err for more details.
ERROR in MURE::BuildMCNPFile
	 Some nuclei have troubles, see transcript U5_1.5_8_88_P6_0.26_8_0.7_9_3.6_0_2.6_1_0.18_2_1.9_A1_0.83_P_33/inp024.err for more details.
ERROR in MURE::WriteMaterial(ostream &Out)
	 Some nuclei have troubles, see transcript U5_1.5_8_88_P6_0.26_8_0.7_9_3.6_0_2.6_1_0.18_2_1.9_A1_0.83_P_33/inp024.err for more details.
ERROR in MURE::BuildMCNPFile
	 Some nuclei have troubles, see transcript U5_1.5_8_88_P6_0.26_8_0.7_9_3.6_0_2.6_1_0.18_2_1.9_A1_0.83_P_33/inp025.err for more details.
ERROR in MURE::WriteMaterial(ostream &Out)
	 Some nuclei have troubles, see transcript U5_1.5_8_88_P6_0.26_8_0.7_9_3.6_0_2.6_1_0.18_2_1.9_A1_0.83_P_33/inp025.err for more details.
ERROR in MURE::BuildMCNPFile
	 Some nuclei have troubles, see transcript U5_1.5_8_88_P6_0.26_8_0.7_9_3.6_0_2.6_1_0.18_2_1.9_A1_0.83_P_33/inp026.err for more details.
ERROR in MURE::WriteMaterial(ostream &Out)
	 Some nuclei have troubles, see transcript U5_1.5_8_88_P6_0.26_8_0.7_9_3.6_0_2.6_1_0.18_2_1.9_A1_0.83_P_33/inp026.err for more details.
ERROR in MURE::BuildMCNPFile
	 Some nuclei have troubles, see transcript U5_1.5_8_88_P6_0.26_8_0.7_9_3.6_0_2.6_1_0.18_2_1.9_A1_0.83_P_33/inp027.err for more details.
ERROR in MURE::WriteMaterial(ostream &Out)
	 Some nuclei have troubles, see transcript U5_1.5_8_88_P6_0.26_8_0.7_9_3.6_0_2.6_1_0.18_2_1.9_A1_0.83_P_33/inp027.err for more details.
ERROR in MURE::BuildMCNPFile
	 Some nuclei have troubles, see transcript U5_1.5_8_88_P6_0.26_8_0.7_9_3.6_0_2.6_1_0.18_2_1.9_A1_0.83_P_33/inp028.err for more details.
ERROR in MURE::WriteMaterial(ostream &Out)
	 Some nuclei have troubles, see transcript U5_1.5_8_88_P6_0.26_8_0.7_9_3.6_0_2.6_1_0.18_2_1.9_A1_0.83_P_33/inp028.err for more details.
ERROR in MURE::BuildMCNPFile
	 Some nuclei have troubles, see transcript U5_1.5_8_88_P6_0.26_8_0.7_9_3.6_0_2.6_1_0.18_2_1.9_A1_0.83_P_33/inp029.err for more details.
ERROR in MURE::WriteMaterial(ostream &Out)
	 Some nuclei have troubles, see transcript U5_1.5_8_88_P6_0.26_8_0.7_9_3.6_0_2.6_1_0.18_2_1.9_A1_0.83_P_33/inp029.err for more details.
ERROR in MURE::BuildMCNPFile
	 Some nuclei have troubles, see transcript U5_1.5_8_88_P6_0.26_8_0.7_9_3.6_0_2.6_1_0.18_2_1.9_A1_0.83_P_33/inp030.err for more details.
ERROR in MURE::WriteMaterial(ostream &Out)
	 Some nuclei have troubles, see transcript U5_1.5_8_88_P6_0.26_8_0.7_9_3.6_0_2.6_1_0.18_2_1.9_A1_0.83_P_33/inp030.err for more details.
ERROR in MURE::BuildMCNPFile
	 Some nuclei have troubles, see transcript U5_1.5_8_88_P6_0.26_8_0.7_9_3.6_0_2.6_1_0.18_2_1.9_A1_0.83_P_33/inp031.err for more details.
ERROR in MURE::WriteMaterial(ostream &Out)
	 Some nuclei have troubles, see transcript U5_1.5_8_88_P6_0.26_8_0.7_9_3.6_0_2.6_1_0.18_2_1.9_A1_0.83_P_33/inp031.err for more details.
ERROR in MURE::BuildMCNPFile
	 Some nuclei have troubles, see transcript U5_1.5_8_88_P6_0.26_8_0.7_9_3.6_0_2.6_1_0.18_2_1.9_A1_0.83_P_33/inp032.err for more details.
ERROR in MURE::WriteMaterial(ostream &Out)
	 Some nuclei have troubles, see transcript U5_1.5_8_88_P6_0.26_8_0.7_9_3.6_0_2.6_1_0.18_2_1.9_A1_0.83_P_33/inp032.err for more details.
ERROR in MURE::BuildMCNPFile
	 Some nuclei have troubles, see transcript U5_1.5_8_88_P6_0.26_8_0.7_9_3.6_0_2.6_1_0.18_2_1.9_A1_0.83_P_33/inp033.err for more details.
ERROR in MURE::WriteMaterial(ostream &Out)
	 Some nuclei have troubles, see transcript U5_1.5_8_88_P6_0.26_8_0.7_9_3.6_0_2.6_1_0.18_2_1.9_A1_0.83_P_33/inp033.err for more details.
ERROR in MURE::BuildMCNPFile
	 Some nuclei have troubles, see transcript U5_1.5_8_88_P6_0.26_8_0.7_9_3.6_0_2.6_1_0.18_2_1.9_A1_0.83_P_33/inp034.err for more details.
ERROR in MURE::WriteMaterial(ostream &Out)
	 Some nuclei have troubles, see transcript U5_1.5_8_88_P6_0.26_8_0.7_9_3.6_0_2.6_1_0.18_2_1.9_A1_0.83_P_33/inp034.err for more details.
ERROR in MURE::BuildMCNPFile
	 Some nuclei have troubles, see transcript U5_1.5_8_88_P6_0.26_8_0.7_9_3.6_0_2.6_1_0.18_2_1.9_A1_0.83_P_33/inp035.err for more details.
ERROR in MURE::WriteMaterial(ostream &Out)
	 Some nuclei have troubles, see transcript U5_1.5_8_88_P6_0.26_8_0.7_9_3.6_0_2.6_1_0.18_2_1.9_A1_0.83_P_33/inp035.err for more details.
ERROR in MURE::BuildMCNPFile
	 Some nuclei have troubles, see transcript U5_1.5_8_88_P6_0.26_8_0.7_9_3.6_0_2.6_1_0.18_2_1.9_A1_0.83_P_33/inp036.err for more details.
ERROR in MURE::WriteMaterial(ostream &Out)
	 Some nuclei have troubles, see transcript U5_1.5_8_88_P6_0.26_8_0.7_9_3.6_0_2.6_1_0.18_2_1.9_A1_0.83_P_33/inp036.err for more details.
ERROR in MURE::BuildMCNPFile
	 Some nuclei have troubles, see transcript U5_1.5_8_88_P6_0.26_8_0.7_9_3.6_0_2.6_1_0.18_2_1.9_A1_0.83_P_33/inp037.err for more details.
ERROR in MURE::WriteMaterial(ostream &Out)
	 Some nuclei have troubles, see transcript U5_1.5_8_88_P6_0.26_8_0.7_9_3.6_0_2.6_1_0.18_2_1.9_A1_0.83_P_33/inp037.err for more details.
ERROR in MURE::BuildMCNPFile
	 Some nuclei have troubles, see transcript U5_1.5_8_88_P6_0.26_8_0.7_9_3.6_0_2.6_1_0.18_2_1.9_A1_0.83_P_33/inp038.err for more details.
ERROR in MURE::WriteMaterial(ostream &Out)
	 Some nuclei have troubles, see transcript U5_1.5_8_88_P6_0.26_8_0.7_9_3.6_0_2.6_1_0.18_2_1.9_A1_0.83_P_33/inp038.err for more details.
ERROR in MURE::BuildMCNPFile
	 Some nuclei have troubles, see transcript U5_1.5_8_88_P6_0.26_8_0.7_9_3.6_0_2.6_1_0.18_2_1.9_A1_0.83_P_33/inp039.err for more details.
ERROR in MURE::WriteMaterial(ostream &Out)
	 Some nuclei have troubles, see transcript U5_1.5_8_88_P6_0.26_8_0.7_9_3.6_0_2.6_1_0.18_2_1.9_A1_0.83_P_33/inp039.err for more details.
ERROR in MURE::BuildMCNPFile
	 Some nuclei have troubles, see transcript U5_1.5_8_88_P6_0.26_8_0.7_9_3.6_0_2.6_1_0.18_2_1.9_A1_0.83_P_33/inp040.err for more details.
ERROR in MURE::WriteMaterial(ostream &Out)
	 Some nuclei have troubles, see transcript U5_1.5_8_88_P6_0.26_8_0.7_9_3.6_0_2.6_1_0.18_2_1.9_A1_0.83_P_33/inp040.err for more details.
ERROR in MURE::BuildMCNPFile
	 Some nuclei have troubles, see transcript U5_1.5_8_88_P6_0.26_8_0.7_9_3.6_0_2.6_1_0.18_2_1.9_A1_0.83_P_33/inp041.err for more details.
ERROR in MURE::WriteMaterial(ostream &Out)
	 Some nuclei have troubles, see transcript U5_1.5_8_88_P6_0.26_8_0.7_9_3.6_0_2.6_1_0.18_2_1.9_A1_0.83_P_33/inp041.err for more details.
ERROR in MURE::BuildMCNPFile
	 Some nuclei have troubles, see transcript U5_1.5_8_88_P6_0.26_8_0.7_9_3.6_0_2.6_1_0.18_2_1.9_A1_0.83_P_33/inp042.err for more details.
ERROR in MURE::WriteMaterial(ostream &Out)
	 Some nuclei have troubles, see transcript U5_1.5_8_88_P6_0.26_8_0.7_9_3.6_0_2.6_1_0.18_2_1.9_A1_0.83_P_33/inp042.err for more details.
ERROR in MURE::BuildMCNPFile
	 Some nuclei have troubles, see transcript U5_1.5_8_88_P6_0.26_8_0.7_9_3.6_0_2.6_1_0.18_2_1.9_A1_0.83_P_33/inp043.err for more details.
ERROR in MURE::WriteMaterial(ostream &Out)
	 Some nuclei have troubles, see transcript U5_1.5_8_88_P6_0.26_8_0.7_9_3.6_0_2.6_1_0.18_2_1.9_A1_0.83_P_33/inp043.err for more details.
ERROR in MURE::BuildMCNPFile
	 Some nuclei have troubles, see transcript U5_1.5_8_88_P6_0.26_8_0.7_9_3.6_0_2.6_1_0.18_2_1.9_A1_0.83_P_33/inp044.err for more details.
ERROR in MURE::WriteMaterial(ostream &Out)
	 Some nuclei have troubles, see transcript U5_1.5_8_88_P6_0.26_8_0.7_9_3.6_0_2.6_1_0.18_2_1.9_A1_0.83_P_33/inp044.err for more details.
ERROR in MURE::BuildMCNPFile
	 Some nuclei have troubles, see transcript U5_1.5_8_88_P6_0.26_8_0.7_9_3.6_0_2.6_1_0.18_2_1.9_A1_0.83_P_33/inp045.err for more details.
ERROR in MURE::WriteMaterial(ostream &Out)
	 Some nuclei have troubles, see transcript U5_1.5_8_88_P6_0.26_8_0.7_9_3.6_0_2.6_1_0.18_2_1.9_A1_0.83_P_33/inp045.err for more details.
ERROR in MURE::BuildMCNPFile
	 Some nuclei have troubles, see transcript U5_1.5_8_88_P6_0.26_8_0.7_9_3.6_0_2.6_1_0.18_2_1.9_A1_0.83_P_33/inp046.err for more details.
ERROR in MURE::WriteMaterial(ostream &Out)
	 Some nuclei have troubles, see transcript U5_1.5_8_88_P6_0.26_8_0.7_9_3.6_0_2.6_1_0.18_2_1.9_A1_0.83_P_33/inp046.err for more details.
ERROR in MURE::BuildMCNPFile
	 Some nuclei have troubles, see transcript U5_1.5_8_88_P6_0.26_8_0.7_9_3.6_0_2.6_1_0.18_2_1.9_A1_0.83_P_33/inp047.err for more details.
ERROR in MURE::WriteMaterial(ostream &Out)
	 Some nuclei have troubles, see transcript U5_1.5_8_88_P6_0.26_8_0.7_9_3.6_0_2.6_1_0.18_2_1.9_A1_0.83_P_33/inp047.err for more details.
ERROR in MURE::BuildMCNPFile
	 Some nuclei have troubles, see transcript U5_1.5_8_88_P6_0.26_8_0.7_9_3.6_0_2.6_1_0.18_2_1.9_A1_0.83_P_33/inp048.err for more details.
ERROR in MURE::WriteMaterial(ostream &Out)
	 Some nuclei have troubles, see transcript U5_1.5_8_88_P6_0.26_8_0.7_9_3.6_0_2.6_1_0.18_2_1.9_A1_0.83_P_33/inp048.err for more details.
ERROR in MURE::BuildMCNPFile
	 Some nuclei have troubles, see transcript U5_1.5_8_88_P6_0.26_8_0.7_9_3.6_0_2.6_1_0.18_2_1.9_A1_0.83_P_33/inp049.err for more details.
ERROR in MURE::WriteMaterial(ostream &Out)
	 Some nuclei have troubles, see transcript U5_1.5_8_88_P6_0.26_8_0.7_9_3.6_0_2.6_1_0.18_2_1.9_A1_0.83_P_33/inp049.err for more details.
ERROR in MURE::BuildMCNPFile
	 Some nuclei have troubles, see transcript U5_1.5_8_88_P6_0.26_8_0.7_9_3.6_0_2.6_1_0.18_2_1.9_A1_0.83_P_33/inp050.err for more details.
ERROR in MURE::WriteMaterial(ostream &Out)
	 Some nuclei have troubles, see transcript U5_1.5_8_88_P6_0.26_8_0.7_9_3.6_0_2.6_1_0.18_2_1.9_A1_0.83_P_33/inp050.err for more details.
ERROR in MURE::BuildMCNPFile
	 Some nuclei have troubles, see transcript U5_1.5_8_88_P6_0.26_8_0.7_9_3.6_0_2.6_1_0.18_2_1.9_A1_0.83_P_33/inp051.err for more details.
ERROR in MURE::WriteMaterial(ostream &Out)
	 Some nuclei have troubles, see transcript U5_1.5_8_88_P6_0.26_8_0.7_9_3.6_0_2.6_1_0.18_2_1.9_A1_0.83_P_33/inp051.err for more details.
ERROR in MURE::BuildMCNPFile
	 Some nuclei have troubles, see transcript U5_1.5_8_88_P6_0.26_8_0.7_9_3.6_0_2.6_1_0.18_2_1.9_A1_0.83_P_33/inp052.err for more details.
ERROR in MURE::WriteMaterial(ostream &Out)
	 Some nuclei have troubles, see transcript U5_1.5_8_88_P6_0.26_8_0.7_9_3.6_0_2.6_1_0.18_2_1.9_A1_0.83_P_33/inp052.err for more details.
ERROR in MURE::BuildMCNPFile
	 Some nuclei have troubles, see transcript U5_1.5_8_88_P6_0.26_8_0.7_9_3.6_0_2.6_1_0.18_2_1.9_A1_0.83_P_33/inp053.err for more details.
ERROR in MURE::WriteMaterial(ostream &Out)
	 Some nuclei have troubles, see transcript U5_1.5_8_88_P6_0.26_8_0.7_9_3.6_0_2.6_1_0.18_2_1.9_A1_0.83_P_33/inp053.err for more details.
ERROR in MURE::BuildMCNPFile
	 Some nuclei have troubles, see transcript U5_1.5_8_88_P6_0.26_8_0.7_9_3.6_0_2.6_1_0.18_2_1.9_A1_0.83_P_33/inp054.err for more details.
ERROR in MURE::WriteMaterial(ostream &Out)
	 Some nuclei have troubles, see transcript U5_1.5_8_88_P6_0.26_8_0.7_9_3.6_0_2.6_1_0.18_2_1.9_A1_0.83_P_33/inp054.err for more details.
ERROR in MURE::BuildMCNPFile
	 Some nuclei have troubles, see transcript U5_1.5_8_88_P6_0.26_8_0.7_9_3.6_0_2.6_1_0.18_2_1.9_A1_0.83_P_33/inp055.err for more details.
ERROR in MURE::WriteMaterial(ostream &Out)
	 Some nuclei have troubles, see transcript U5_1.5_8_88_P6_0.26_8_0.7_9_3.6_0_2.6_1_0.18_2_1.9_A1_0.83_P_33/inp055.err for more details.
ERROR in MURE::BuildMCNPFile
	 Some nuclei have troubles, see transcript U5_1.5_8_88_P6_0.26_8_0.7_9_3.6_0_2.6_1_0.18_2_1.9_A1_0.83_P_33/inp056.err for more details.
ERROR in MURE::WriteMaterial(ostream &Out)
	 Some nuclei have troubles, see transcript U5_1.5_8_88_P6_0.26_8_0.7_9_3.6_0_2.6_1_0.18_2_1.9_A1_0.83_P_33/inp056.err for more details.
ERROR in MURE::BuildMCNPFile
	 Some nuclei have troubles, see transcript U5_1.5_8_88_P6_0.26_8_0.7_9_3.6_0_2.6_1_0.18_2_1.9_A1_0.83_P_33/inp057.err for more details.
ERROR in MURE::WriteMaterial(ostream &Out)
	 Some nuclei have troubles, see transcript U5_1.5_8_88_P6_0.26_8_0.7_9_3.6_0_2.6_1_0.18_2_1.9_A1_0.83_P_33/inp057.err for more details.
ERROR in MURE::BuildMCNPFile
	 Some nuclei have troubles, see transcript U5_1.5_8_88_P6_0.26_8_0.7_9_3.6_0_2.6_1_0.18_2_1.9_A1_0.83_P_33/inp058.err for more details.
ERROR in MURE::WriteMaterial(ostream &Out)
	 Some nuclei have troubles, see transcript U5_1.5_8_88_P6_0.26_8_0.7_9_3.6_0_2.6_1_0.18_2_1.9_A1_0.83_P_33/inp058.err for more details.
ERROR in MURE::BuildMCNPFile
	 Some nuclei have troubles, see transcript U5_1.5_8_88_P6_0.26_8_0.7_9_3.6_0_2.6_1_0.18_2_1.9_A1_0.83_P_33/inp059.err for more details.
ERROR in MURE::WriteMaterial(ostream &Out)
	 Some nuclei have troubles, see transcript U5_1.5_8_88_P6_0.26_8_0.7_9_3.6_0_2.6_1_0.18_2_1.9_A1_0.83_P_33/inp059.err for more details.
ERROR in MURE::BuildMCNPFile
	 Some nuclei have troubles, see transcript U5_1.5_8_88_P6_0.26_8_0.7_9_3.6_0_2.6_1_0.18_2_1.9_A1_0.83_P_33/inp060.err for more details.
ERROR in MURE::WriteMaterial(ostream &Out)
	 Some nuclei have troubles, see transcript U5_1.5_8_88_P6_0.26_8_0.7_9_3.6_0_2.6_1_0.18_2_1.9_A1_0.83_P_33/inp060.err for more details.
ERROR in MURE::BuildMCNPFile
	 Some nuclei have troubles, see transcript U5_1.5_8_88_P6_0.26_8_0.7_9_3.6_0_2.6_1_0.18_2_1.9_A1_0.83_P_33/inp061.err for more details.
ERROR in MURE::WriteMaterial(ostream &Out)
	 Some nuclei have troubles, see transcript U5_1.5_8_88_P6_0.26_8_0.7_9_3.6_0_2.6_1_0.18_2_1.9_A1_0.83_P_33/inp061.err for more details.
ERROR in MURE::BuildMCNPFile
	 Some nuclei have troubles, see transcript U5_1.5_8_88_P6_0.26_8_0.7_9_3.6_0_2.6_1_0.18_2_1.9_A1_0.83_P_33/inp062.err for more details.
ERROR in MURE::WriteMaterial(ostream &Out)
	 Some nuclei have troubles, see transcript U5_1.5_8_88_P6_0.26_8_0.7_9_3.6_0_2.6_1_0.18_2_1.9_A1_0.83_P_33/inp062.err for more details.
ERROR in MURE::BuildMCNPFile
	 Some nuclei have troubles, see transcript U5_1.5_8_88_P6_0.26_8_0.7_9_3.6_0_2.6_1_0.18_2_1.9_A1_0.83_P_33/inp063.err for more details.
ERROR in MURE::WriteMaterial(ostream &Out)
	 Some nuclei have troubles, see transcript U5_1.5_8_88_P6_0.26_8_0.7_9_3.6_0_2.6_1_0.18_2_1.9_A1_0.83_P_33/inp063.err for more details.
ERROR in MURE::BuildMCNPFile
	 Some nuclei have troubles, see transcript U5_1.5_8_88_P6_0.26_8_0.7_9_3.6_0_2.6_1_0.18_2_1.9_A1_0.83_P_33/inp064.err for more details.
ERROR in MURE::WriteMaterial(ostream &Out)
	 Some nuclei have troubles, see transcript U5_1.5_8_88_P6_0.26_8_0.7_9_3.6_0_2.6_1_0.18_2_1.9_A1_0.83_P_33/inp064.err for more details.
ERROR in MURE::BuildMCNPFile
	 Some nuclei have troubles, see transcript U5_1.5_8_88_P6_0.26_8_0.7_9_3.6_0_2.6_1_0.18_2_1.9_A1_0.83_P_33/inp065.err for more details.
ERROR in MURE::WriteMaterial(ostream &Out)
	 Some nuclei have troubles, see transcript U5_1.5_8_88_P6_0.26_8_0.7_9_3.6_0_2.6_1_0.18_2_1.9_A1_0.83_P_33/inp065.err for more details.
ERROR in MURE::BuildMCNPFile
	 Some nuclei have troubles, see transcript U5_1.5_8_88_P6_0.26_8_0.7_9_3.6_0_2.6_1_0.18_2_1.9_A1_0.83_P_33/inp066.err for more details.
ERROR in MURE::WriteMaterial(ostream &Out)
	 Some nuclei have troubles, see transcript U5_1.5_8_88_P6_0.26_8_0.7_9_3.6_0_2.6_1_0.18_2_1.9_A1_0.83_P_33/inp066.err for more details.
ERROR in MURE::BuildMCNPFile
	 Some nuclei have troubles, see transcript U5_1.5_8_88_P6_0.26_8_0.7_9_3.6_0_2.6_1_0.18_2_1.9_A1_0.83_P_33/inp067.err for more details.
ERROR in MURE::WriteMaterial(ostream &Out)
	 Some nuclei have troubles, see transcript U5_1.5_8_88_P6_0.26_8_0.7_9_3.6_0_2.6_1_0.18_2_1.9_A1_0.83_P_33/inp067.err for more details.
ERROR in MURE::BuildMCNPFile
	 Some nuclei have troubles, see transcript U5_1.5_8_88_P6_0.26_8_0.7_9_3.6_0_2.6_1_0.18_2_1.9_A1_0.83_P_33/inp068.err for more details.
ERROR in MURE::WriteMaterial(ostream &Out)
	 Some nuclei have troubles, see transcript U5_1.5_8_88_P6_0.26_8_0.7_9_3.6_0_2.6_1_0.18_2_1.9_A1_0.83_P_33/inp068.err for more details.
ERROR in MURE::BuildMCNPFile
	 Some nuclei have troubles, see transcript U5_1.5_8_88_P6_0.26_8_0.7_9_3.6_0_2.6_1_0.18_2_1.9_A1_0.83_P_33/inp069.err for more details.
ERROR in MURE::WriteMaterial(ostream &Out)
	 Some nuclei have troubles, see transcript U5_1.5_8_88_P6_0.26_8_0.7_9_3.6_0_2.6_1_0.18_2_1.9_A1_0.83_P_33/inp069.err for more details.
ERROR in MURE::BuildMCNPFile
	 Some nuclei have troubles, see transcript U5_1.5_8_88_P6_0.26_8_0.7_9_3.6_0_2.6_1_0.18_2_1.9_A1_0.83_P_33/inp070.err for more details.
ERROR in MURE::WriteMaterial(ostream &Out)
	 Some nuclei have troubles, see transcript U5_1.5_8_88_P6_0.26_8_0.7_9_3.6_0_2.6_1_0.18_2_1.9_A1_0.83_P_33/inp070.err for more details.
ERROR in MURE::BuildMCNPFile
	 Some nuclei have troubles, see transcript U5_1.5_8_88_P6_0.26_8_0.7_9_3.6_0_2.6_1_0.18_2_1.9_A1_0.83_P_33/inp071.err for more details.
ERROR in MURE::WriteMaterial(ostream &Out)
	 Some nuclei have troubles, see transcript U5_1.5_8_88_P6_0.26_8_0.7_9_3.6_0_2.6_1_0.18_2_1.9_A1_0.83_P_33/inp071.err for more details.
ERROR in MURE::BuildMCNPFile
	 Some nuclei have troubles, see transcript U5_1.5_8_88_P6_0.26_8_0.7_9_3.6_0_2.6_1_0.18_2_1.9_A1_0.83_P_33/inp072.err for more details.
ERROR in MURE::WriteMaterial(ostream &Out)
	 Some nuclei have troubles, see transcript U5_1.5_8_88_P6_0.26_8_0.7_9_3.6_0_2.6_1_0.18_2_1.9_A1_0.83_P_33/inp072.err for more details.
ERROR in MURE::BuildMCNPFile
	 Some nuclei have troubles, see transcript U5_1.5_8_88_P6_0.26_8_0.7_9_3.6_0_2.6_1_0.18_2_1.9_A1_0.83_P_33/inp073.err for more details.
ERROR in MURE::WriteMaterial(ostream &Out)
	 Some nuclei have troubles, see transcript U5_1.5_8_88_P6_0.26_8_0.7_9_3.6_0_2.6_1_0.18_2_1.9_A1_0.83_P_33/inp073.err for more details.
ERROR in MURE::BuildMCNPFile
	 Some nuclei have troubles, see transcript U5_1.5_8_88_P6_0.26_8_0.7_9_3.6_0_2.6_1_0.18_2_1.9_A1_0.83_P_33/inp074.err for more details.
ERROR in MURE::WriteMaterial(ostream &Out)
	 Some nuclei have troubles, see transcript U5_1.5_8_88_P6_0.26_8_0.7_9_3.6_0_2.6_1_0.18_2_1.9_A1_0.83_P_33/inp074.err for more details.
ERROR in MURE::BuildMCNPFile
	 Some nuclei have troubles, see transcript U5_1.5_8_88_P6_0.26_8_0.7_9_3.6_0_2.6_1_0.18_2_1.9_A1_0.83_P_33/inp075.err for more details.
ERROR in MURE::WriteMaterial(ostream &Out)
	 Some nuclei have troubles, see transcript U5_1.5_8_88_P6_0.26_8_0.7_9_3.6_0_2.6_1_0.18_2_1.9_A1_0.83_P_33/inp075.err for more details.
ERROR in MURE::BuildMCNPFile
	 Some nuclei have troubles, see transcript U5_1.5_8_88_P6_0.26_8_0.7_9_3.6_0_2.6_1_0.18_2_1.9_A1_0.83_P_33/inp076.err for more details.
ERROR in MURE::WriteMaterial(ostream &Out)
	 Some nuclei have troubles, see transcript U5_1.5_8_88_P6_0.26_8_0.7_9_3.6_0_2.6_1_0.18_2_1.9_A1_0.83_P_33/inp076.err for more details.
ERROR in MURE::BuildMCNPFile
	 Some nuclei have troubles, see transcript U5_1.5_8_88_P6_0.26_8_0.7_9_3.6_0_2.6_1_0.18_2_1.9_A1_0.83_P_33/inp077.err for more details.
ERROR in MURE::WriteMaterial(ostream &Out)
	 Some nuclei have troubles, see transcript U5_1.5_8_88_P6_0.26_8_0.7_9_3.6_0_2.6_1_0.18_2_1.9_A1_0.83_P_33/inp077.err for more details.
ERROR in MURE::BuildMCNPFile
	 Some nuclei have troubles, see transcript U5_1.5_8_88_P6_0.26_8_0.7_9_3.6_0_2.6_1_0.18_2_1.9_A1_0.83_P_33/inp078.err for more details.
ERROR in MURE::WriteMaterial(ostream &Out)
	 Some nuclei have troubles, see transcript U5_1.5_8_88_P6_0.26_8_0.7_9_3.6_0_2.6_1_0.18_2_1.9_A1_0.83_P_33/inp078.err for more details.
ERROR in MURE::BuildMCNPFile
	 Some nuclei have troubles, see transcript U5_1.5_8_88_P6_0.26_8_0.7_9_3.6_0_2.6_1_0.18_2_1.9_A1_0.83_P_33/inp079.err for more details.
ERROR in MURE::WriteMaterial(ostream &Out)
	 Some nuclei have troubles, see transcript U5_1.5_8_88_P6_0.26_8_0.7_9_3.6_0_2.6_1_0.18_2_1.9_A1_0.83_P_33/inp079.err for more details.
* About to connect() to ftp.box.com port 21 (#0)
*   Trying 74.112.186.81... connected
* Connected to ftp.box.com (74.112.186.81) port 21 (#0)
< 220 Service ready for new user.
> AUTH SSL
< 234 Command AUTH okay; starting SSL connection.
* Initializing NSS with certpath: sql:/etc/pki/nssdb
*   CAfile: /etc/pki/tls/certs/ca-bundle.crt
  CApath: none
* SSL connection using TLS_RSA_WITH_AES_128_CBC_SHA
* Server certificate:
* 	subject: CN=*.box.com,O="Box, Inc.",L=Los Altos,ST=California,C=US
* 	start date: Nov 13 19:22:20 2014 GMT
* 	expire date: Oct 23 02:42:03 2017 GMT
* 	common name: *.box.com
* 	issuer: CN=GeoTrust SSL CA - G4,O=GeoTrust Inc.,C=US
> USER mouginot@wisc.edu
< 331 User name okay, need password for mouginot@wisc.edu.
> PASS line150782
< 230 User logged in, proceed.
> PBSZ 0
< 200 Command PBSZ okay.
> PROT P
< 200 Command PROT okay.
> PWD
< 257 "/" is current directory.
* Entry path is '/'
> CWD MODEL_DATA
< 250 Directory changed to /MODEL_DATA
> CWD PWR_TRU_MOX_PSPEC
< 250 Directory changed to /MODEL_DATA/PWR_TRU_MOX_PSPEC
> CWD 1000
< 250 Directory changed to /MODEL_DATA/PWR_TRU_MOX_PSPEC/1000
> PASV
* Connect data stream passively
< 227 Entering Passive Mode (74,112,186,81,65,214)
* Skips 74.112.186.81 for data connection, uses 74.112.186.81 instead
*   Trying 74.112.186.81... connected
* Connecting to 74.112.186.81 (74.112.186.81) port 16854
> TYPE I
< 200 Command TYPE okay.
> STOR 613_raw.tar.gz
< 150 File status okay; about to open data connection.
* Doing the SSL/TLS handshake on the data stream
*   CAfile: /etc/pki/tls/certs/ca-bundle.crt
  CApath: none
* SSL connection using TLS_RSA_WITH_AES_128_CBC_SHA
* Server certificate:
* 	subject: CN=*.box.com,O="Box, Inc.",L=Los Altos,ST=California,C=US
* 	start date: Nov 13 19:22:20 2014 GMT
* 	expire date: Oct 23 02:42:03 2017 GMT
* 	common name: *.box.com
* 	issuer: CN=GeoTrust SSL CA - G4,O=GeoTrust Inc.,C=US
} [data not shown]
  % Total    % Received % Xferd  Average Speed   Time    Time     Time  Current
                                 Dload  Upload   Total   Spent    Left  Speed
  0 43.5M    0     0    0 16384      0   2932  4:19:49  0:00:05  4:19:44  2932  0 43.5M    0     0    0  144k      0  25132  0:30:18  0:00:05  0:30:13  455k  6 43.5M    0     0    6 2880k      0   418k  0:01:46  0:00:06  0:01:40 2220k 32 43.5M    0     0   32 14.0M      0  1828k  0:00:24  0:00:07  0:00:17 6355k 75 43.5M    0     0   75 33.1M      0  3837k  0:00:11  0:00:08  0:00:03 10.1M* Remembering we are in dir "MODEL_DATA/PWR_TRU_MOX_PSPEC/1000/"
100 43.5M    0     0  100 43.5M      0  4291k  0:00:10  0:00:10 --:--:-- 9267k< 226 Transfer complete.
100 43.5M    0     0  100 43.5M      0  4185k  0:00:10  0:00:10 --:--:-- 9273k* Connection #0 to host ftp.box.com left intact

> QUIT
< 221 Goodbye.
* Closing connection #0
