ERROR in MURE::BuildXSDIR()
	 Some nuclei have troubles, see transcript U5_0.51_8_94_P6_0.051_8_0.018_9_2.8_0_0.77_1_0.95_2_1.2_A1_0.17_P_40/inp000.err for more details.
ERROR in MURE::BuildMCNPFile
	 Some nuclei have troubles, see transcript U5_0.51_8_94_P6_0.051_8_0.018_9_2.8_0_0.77_1_0.95_2_1.2_A1_0.17_P_40/inp000.err for more details.
ERROR in MURE::WriteMaterial(ostream &Out)
	 Some nuclei have troubles, see transcript U5_0.51_8_94_P6_0.051_8_0.018_9_2.8_0_0.77_1_0.95_2_1.2_A1_0.17_P_40/inp000.err for more details.
ERROR in MURE::BuildMCNPFile
	 Some nuclei have troubles, see transcript U5_0.51_8_94_P6_0.051_8_0.018_9_2.8_0_0.77_1_0.95_2_1.2_A1_0.17_P_40/inp001.err for more details.
ERROR in MURE::WriteMaterial(ostream &Out)
	 Some nuclei have troubles, see transcript U5_0.51_8_94_P6_0.051_8_0.018_9_2.8_0_0.77_1_0.95_2_1.2_A1_0.17_P_40/inp001.err for more details.
ERROR in MURE::BuildMCNPFile
	 Some nuclei have troubles, see transcript U5_0.51_8_94_P6_0.051_8_0.018_9_2.8_0_0.77_1_0.95_2_1.2_A1_0.17_P_40/inp002.err for more details.
ERROR in MURE::WriteMaterial(ostream &Out)
	 Some nuclei have troubles, see transcript U5_0.51_8_94_P6_0.051_8_0.018_9_2.8_0_0.77_1_0.95_2_1.2_A1_0.17_P_40/inp002.err for more details.
ERROR in MURE::BuildMCNPFile
	 Some nuclei have troubles, see transcript U5_0.51_8_94_P6_0.051_8_0.018_9_2.8_0_0.77_1_0.95_2_1.2_A1_0.17_P_40/inp003.err for more details.
ERROR in MURE::WriteMaterial(ostream &Out)
	 Some nuclei have troubles, see transcript U5_0.51_8_94_P6_0.051_8_0.018_9_2.8_0_0.77_1_0.95_2_1.2_A1_0.17_P_40/inp003.err for more details.
ERROR in MURE::BuildMCNPFile
	 Some nuclei have troubles, see transcript U5_0.51_8_94_P6_0.051_8_0.018_9_2.8_0_0.77_1_0.95_2_1.2_A1_0.17_P_40/inp004.err for more details.
ERROR in MURE::WriteMaterial(ostream &Out)
	 Some nuclei have troubles, see transcript U5_0.51_8_94_P6_0.051_8_0.018_9_2.8_0_0.77_1_0.95_2_1.2_A1_0.17_P_40/inp004.err for more details.
ERROR in MURE::BuildMCNPFile
	 Some nuclei have troubles, see transcript U5_0.51_8_94_P6_0.051_8_0.018_9_2.8_0_0.77_1_0.95_2_1.2_A1_0.17_P_40/inp005.err for more details.
ERROR in MURE::WriteMaterial(ostream &Out)
	 Some nuclei have troubles, see transcript U5_0.51_8_94_P6_0.051_8_0.018_9_2.8_0_0.77_1_0.95_2_1.2_A1_0.17_P_40/inp005.err for more details.
ERROR in MURE::BuildMCNPFile
	 Some nuclei have troubles, see transcript U5_0.51_8_94_P6_0.051_8_0.018_9_2.8_0_0.77_1_0.95_2_1.2_A1_0.17_P_40/inp006.err for more details.
ERROR in MURE::WriteMaterial(ostream &Out)
	 Some nuclei have troubles, see transcript U5_0.51_8_94_P6_0.051_8_0.018_9_2.8_0_0.77_1_0.95_2_1.2_A1_0.17_P_40/inp006.err for more details.
ERROR in MURE::BuildMCNPFile
	 Some nuclei have troubles, see transcript U5_0.51_8_94_P6_0.051_8_0.018_9_2.8_0_0.77_1_0.95_2_1.2_A1_0.17_P_40/inp007.err for more details.
ERROR in MURE::WriteMaterial(ostream &Out)
	 Some nuclei have troubles, see transcript U5_0.51_8_94_P6_0.051_8_0.018_9_2.8_0_0.77_1_0.95_2_1.2_A1_0.17_P_40/inp007.err for more details.
ERROR in MURE::BuildMCNPFile
	 Some nuclei have troubles, see transcript U5_0.51_8_94_P6_0.051_8_0.018_9_2.8_0_0.77_1_0.95_2_1.2_A1_0.17_P_40/inp008.err for more details.
ERROR in MURE::WriteMaterial(ostream &Out)
	 Some nuclei have troubles, see transcript U5_0.51_8_94_P6_0.051_8_0.018_9_2.8_0_0.77_1_0.95_2_1.2_A1_0.17_P_40/inp008.err for more details.
ERROR in MURE::BuildMCNPFile
	 Some nuclei have troubles, see transcript U5_0.51_8_94_P6_0.051_8_0.018_9_2.8_0_0.77_1_0.95_2_1.2_A1_0.17_P_40/inp009.err for more details.
ERROR in MURE::WriteMaterial(ostream &Out)
	 Some nuclei have troubles, see transcript U5_0.51_8_94_P6_0.051_8_0.018_9_2.8_0_0.77_1_0.95_2_1.2_A1_0.17_P_40/inp009.err for more details.
ERROR in MURE::BuildMCNPFile
	 Some nuclei have troubles, see transcript U5_0.51_8_94_P6_0.051_8_0.018_9_2.8_0_0.77_1_0.95_2_1.2_A1_0.17_P_40/inp010.err for more details.
ERROR in MURE::WriteMaterial(ostream &Out)
	 Some nuclei have troubles, see transcript U5_0.51_8_94_P6_0.051_8_0.018_9_2.8_0_0.77_1_0.95_2_1.2_A1_0.17_P_40/inp010.err for more details.
ERROR in MURE::BuildMCNPFile
	 Some nuclei have troubles, see transcript U5_0.51_8_94_P6_0.051_8_0.018_9_2.8_0_0.77_1_0.95_2_1.2_A1_0.17_P_40/inp011.err for more details.
ERROR in MURE::WriteMaterial(ostream &Out)
	 Some nuclei have troubles, see transcript U5_0.51_8_94_P6_0.051_8_0.018_9_2.8_0_0.77_1_0.95_2_1.2_A1_0.17_P_40/inp011.err for more details.
ERROR in MURE::BuildMCNPFile
	 Some nuclei have troubles, see transcript U5_0.51_8_94_P6_0.051_8_0.018_9_2.8_0_0.77_1_0.95_2_1.2_A1_0.17_P_40/inp012.err for more details.
ERROR in MURE::WriteMaterial(ostream &Out)
	 Some nuclei have troubles, see transcript U5_0.51_8_94_P6_0.051_8_0.018_9_2.8_0_0.77_1_0.95_2_1.2_A1_0.17_P_40/inp012.err for more details.
ERROR in MURE::BuildMCNPFile
	 Some nuclei have troubles, see transcript U5_0.51_8_94_P6_0.051_8_0.018_9_2.8_0_0.77_1_0.95_2_1.2_A1_0.17_P_40/inp013.err for more details.
ERROR in MURE::WriteMaterial(ostream &Out)
	 Some nuclei have troubles, see transcript U5_0.51_8_94_P6_0.051_8_0.018_9_2.8_0_0.77_1_0.95_2_1.2_A1_0.17_P_40/inp013.err for more details.
ERROR in MURE::BuildMCNPFile
	 Some nuclei have troubles, see transcript U5_0.51_8_94_P6_0.051_8_0.018_9_2.8_0_0.77_1_0.95_2_1.2_A1_0.17_P_40/inp014.err for more details.
ERROR in MURE::WriteMaterial(ostream &Out)
	 Some nuclei have troubles, see transcript U5_0.51_8_94_P6_0.051_8_0.018_9_2.8_0_0.77_1_0.95_2_1.2_A1_0.17_P_40/inp014.err for more details.
ERROR in MURE::BuildMCNPFile
	 Some nuclei have troubles, see transcript U5_0.51_8_94_P6_0.051_8_0.018_9_2.8_0_0.77_1_0.95_2_1.2_A1_0.17_P_40/inp015.err for more details.
ERROR in MURE::WriteMaterial(ostream &Out)
	 Some nuclei have troubles, see transcript U5_0.51_8_94_P6_0.051_8_0.018_9_2.8_0_0.77_1_0.95_2_1.2_A1_0.17_P_40/inp015.err for more details.
ERROR in MURE::BuildMCNPFile
	 Some nuclei have troubles, see transcript U5_0.51_8_94_P6_0.051_8_0.018_9_2.8_0_0.77_1_0.95_2_1.2_A1_0.17_P_40/inp016.err for more details.
ERROR in MURE::WriteMaterial(ostream &Out)
	 Some nuclei have troubles, see transcript U5_0.51_8_94_P6_0.051_8_0.018_9_2.8_0_0.77_1_0.95_2_1.2_A1_0.17_P_40/inp016.err for more details.
ERROR in MURE::BuildMCNPFile
	 Some nuclei have troubles, see transcript U5_0.51_8_94_P6_0.051_8_0.018_9_2.8_0_0.77_1_0.95_2_1.2_A1_0.17_P_40/inp017.err for more details.
ERROR in MURE::WriteMaterial(ostream &Out)
	 Some nuclei have troubles, see transcript U5_0.51_8_94_P6_0.051_8_0.018_9_2.8_0_0.77_1_0.95_2_1.2_A1_0.17_P_40/inp017.err for more details.
ERROR in MURE::BuildMCNPFile
	 Some nuclei have troubles, see transcript U5_0.51_8_94_P6_0.051_8_0.018_9_2.8_0_0.77_1_0.95_2_1.2_A1_0.17_P_40/inp018.err for more details.
ERROR in MURE::WriteMaterial(ostream &Out)
	 Some nuclei have troubles, see transcript U5_0.51_8_94_P6_0.051_8_0.018_9_2.8_0_0.77_1_0.95_2_1.2_A1_0.17_P_40/inp018.err for more details.
ERROR in MURE::BuildMCNPFile
	 Some nuclei have troubles, see transcript U5_0.51_8_94_P6_0.051_8_0.018_9_2.8_0_0.77_1_0.95_2_1.2_A1_0.17_P_40/inp019.err for more details.
ERROR in MURE::WriteMaterial(ostream &Out)
	 Some nuclei have troubles, see transcript U5_0.51_8_94_P6_0.051_8_0.018_9_2.8_0_0.77_1_0.95_2_1.2_A1_0.17_P_40/inp019.err for more details.
ERROR in MURE::BuildMCNPFile
	 Some nuclei have troubles, see transcript U5_0.51_8_94_P6_0.051_8_0.018_9_2.8_0_0.77_1_0.95_2_1.2_A1_0.17_P_40/inp020.err for more details.
ERROR in MURE::WriteMaterial(ostream &Out)
	 Some nuclei have troubles, see transcript U5_0.51_8_94_P6_0.051_8_0.018_9_2.8_0_0.77_1_0.95_2_1.2_A1_0.17_P_40/inp020.err for more details.
ERROR in MURE::BuildMCNPFile
	 Some nuclei have troubles, see transcript U5_0.51_8_94_P6_0.051_8_0.018_9_2.8_0_0.77_1_0.95_2_1.2_A1_0.17_P_40/inp021.err for more details.
ERROR in MURE::WriteMaterial(ostream &Out)
	 Some nuclei have troubles, see transcript U5_0.51_8_94_P6_0.051_8_0.018_9_2.8_0_0.77_1_0.95_2_1.2_A1_0.17_P_40/inp021.err for more details.
ERROR in MURE::BuildMCNPFile
	 Some nuclei have troubles, see transcript U5_0.51_8_94_P6_0.051_8_0.018_9_2.8_0_0.77_1_0.95_2_1.2_A1_0.17_P_40/inp022.err for more details.
ERROR in MURE::WriteMaterial(ostream &Out)
	 Some nuclei have troubles, see transcript U5_0.51_8_94_P6_0.051_8_0.018_9_2.8_0_0.77_1_0.95_2_1.2_A1_0.17_P_40/inp022.err for more details.
ERROR in MURE::BuildMCNPFile
	 Some nuclei have troubles, see transcript U5_0.51_8_94_P6_0.051_8_0.018_9_2.8_0_0.77_1_0.95_2_1.2_A1_0.17_P_40/inp023.err for more details.
ERROR in MURE::WriteMaterial(ostream &Out)
	 Some nuclei have troubles, see transcript U5_0.51_8_94_P6_0.051_8_0.018_9_2.8_0_0.77_1_0.95_2_1.2_A1_0.17_P_40/inp023.err for more details.
ERROR in MURE::BuildMCNPFile
	 Some nuclei have troubles, see transcript U5_0.51_8_94_P6_0.051_8_0.018_9_2.8_0_0.77_1_0.95_2_1.2_A1_0.17_P_40/inp024.err for more details.
ERROR in MURE::WriteMaterial(ostream &Out)
	 Some nuclei have troubles, see transcript U5_0.51_8_94_P6_0.051_8_0.018_9_2.8_0_0.77_1_0.95_2_1.2_A1_0.17_P_40/inp024.err for more details.
ERROR in MURE::BuildMCNPFile
	 Some nuclei have troubles, see transcript U5_0.51_8_94_P6_0.051_8_0.018_9_2.8_0_0.77_1_0.95_2_1.2_A1_0.17_P_40/inp025.err for more details.
ERROR in MURE::WriteMaterial(ostream &Out)
	 Some nuclei have troubles, see transcript U5_0.51_8_94_P6_0.051_8_0.018_9_2.8_0_0.77_1_0.95_2_1.2_A1_0.17_P_40/inp025.err for more details.
ERROR in MURE::BuildMCNPFile
	 Some nuclei have troubles, see transcript U5_0.51_8_94_P6_0.051_8_0.018_9_2.8_0_0.77_1_0.95_2_1.2_A1_0.17_P_40/inp026.err for more details.
ERROR in MURE::WriteMaterial(ostream &Out)
	 Some nuclei have troubles, see transcript U5_0.51_8_94_P6_0.051_8_0.018_9_2.8_0_0.77_1_0.95_2_1.2_A1_0.17_P_40/inp026.err for more details.
ERROR in MURE::BuildMCNPFile
	 Some nuclei have troubles, see transcript U5_0.51_8_94_P6_0.051_8_0.018_9_2.8_0_0.77_1_0.95_2_1.2_A1_0.17_P_40/inp027.err for more details.
ERROR in MURE::WriteMaterial(ostream &Out)
	 Some nuclei have troubles, see transcript U5_0.51_8_94_P6_0.051_8_0.018_9_2.8_0_0.77_1_0.95_2_1.2_A1_0.17_P_40/inp027.err for more details.
ERROR in MURE::BuildMCNPFile
	 Some nuclei have troubles, see transcript U5_0.51_8_94_P6_0.051_8_0.018_9_2.8_0_0.77_1_0.95_2_1.2_A1_0.17_P_40/inp028.err for more details.
ERROR in MURE::WriteMaterial(ostream &Out)
	 Some nuclei have troubles, see transcript U5_0.51_8_94_P6_0.051_8_0.018_9_2.8_0_0.77_1_0.95_2_1.2_A1_0.17_P_40/inp028.err for more details.
ERROR in MURE::BuildMCNPFile
	 Some nuclei have troubles, see transcript U5_0.51_8_94_P6_0.051_8_0.018_9_2.8_0_0.77_1_0.95_2_1.2_A1_0.17_P_40/inp029.err for more details.
ERROR in MURE::WriteMaterial(ostream &Out)
	 Some nuclei have troubles, see transcript U5_0.51_8_94_P6_0.051_8_0.018_9_2.8_0_0.77_1_0.95_2_1.2_A1_0.17_P_40/inp029.err for more details.
ERROR in MURE::BuildMCNPFile
	 Some nuclei have troubles, see transcript U5_0.51_8_94_P6_0.051_8_0.018_9_2.8_0_0.77_1_0.95_2_1.2_A1_0.17_P_40/inp030.err for more details.
ERROR in MURE::WriteMaterial(ostream &Out)
	 Some nuclei have troubles, see transcript U5_0.51_8_94_P6_0.051_8_0.018_9_2.8_0_0.77_1_0.95_2_1.2_A1_0.17_P_40/inp030.err for more details.
ERROR in MURE::BuildMCNPFile
	 Some nuclei have troubles, see transcript U5_0.51_8_94_P6_0.051_8_0.018_9_2.8_0_0.77_1_0.95_2_1.2_A1_0.17_P_40/inp031.err for more details.
ERROR in MURE::WriteMaterial(ostream &Out)
	 Some nuclei have troubles, see transcript U5_0.51_8_94_P6_0.051_8_0.018_9_2.8_0_0.77_1_0.95_2_1.2_A1_0.17_P_40/inp031.err for more details.
ERROR in MURE::BuildMCNPFile
	 Some nuclei have troubles, see transcript U5_0.51_8_94_P6_0.051_8_0.018_9_2.8_0_0.77_1_0.95_2_1.2_A1_0.17_P_40/inp032.err for more details.
ERROR in MURE::WriteMaterial(ostream &Out)
	 Some nuclei have troubles, see transcript U5_0.51_8_94_P6_0.051_8_0.018_9_2.8_0_0.77_1_0.95_2_1.2_A1_0.17_P_40/inp032.err for more details.
ERROR in MURE::BuildMCNPFile
	 Some nuclei have troubles, see transcript U5_0.51_8_94_P6_0.051_8_0.018_9_2.8_0_0.77_1_0.95_2_1.2_A1_0.17_P_40/inp033.err for more details.
ERROR in MURE::WriteMaterial(ostream &Out)
	 Some nuclei have troubles, see transcript U5_0.51_8_94_P6_0.051_8_0.018_9_2.8_0_0.77_1_0.95_2_1.2_A1_0.17_P_40/inp033.err for more details.
ERROR in MURE::BuildMCNPFile
	 Some nuclei have troubles, see transcript U5_0.51_8_94_P6_0.051_8_0.018_9_2.8_0_0.77_1_0.95_2_1.2_A1_0.17_P_40/inp034.err for more details.
ERROR in MURE::WriteMaterial(ostream &Out)
	 Some nuclei have troubles, see transcript U5_0.51_8_94_P6_0.051_8_0.018_9_2.8_0_0.77_1_0.95_2_1.2_A1_0.17_P_40/inp034.err for more details.
ERROR in MURE::BuildMCNPFile
	 Some nuclei have troubles, see transcript U5_0.51_8_94_P6_0.051_8_0.018_9_2.8_0_0.77_1_0.95_2_1.2_A1_0.17_P_40/inp035.err for more details.
ERROR in MURE::WriteMaterial(ostream &Out)
	 Some nuclei have troubles, see transcript U5_0.51_8_94_P6_0.051_8_0.018_9_2.8_0_0.77_1_0.95_2_1.2_A1_0.17_P_40/inp035.err for more details.
ERROR in MURE::BuildMCNPFile
	 Some nuclei have troubles, see transcript U5_0.51_8_94_P6_0.051_8_0.018_9_2.8_0_0.77_1_0.95_2_1.2_A1_0.17_P_40/inp036.err for more details.
ERROR in MURE::WriteMaterial(ostream &Out)
	 Some nuclei have troubles, see transcript U5_0.51_8_94_P6_0.051_8_0.018_9_2.8_0_0.77_1_0.95_2_1.2_A1_0.17_P_40/inp036.err for more details.
ERROR in MURE::BuildMCNPFile
	 Some nuclei have troubles, see transcript U5_0.51_8_94_P6_0.051_8_0.018_9_2.8_0_0.77_1_0.95_2_1.2_A1_0.17_P_40/inp037.err for more details.
ERROR in MURE::WriteMaterial(ostream &Out)
	 Some nuclei have troubles, see transcript U5_0.51_8_94_P6_0.051_8_0.018_9_2.8_0_0.77_1_0.95_2_1.2_A1_0.17_P_40/inp037.err for more details.
ERROR in MURE::BuildMCNPFile
	 Some nuclei have troubles, see transcript U5_0.51_8_94_P6_0.051_8_0.018_9_2.8_0_0.77_1_0.95_2_1.2_A1_0.17_P_40/inp038.err for more details.
ERROR in MURE::WriteMaterial(ostream &Out)
	 Some nuclei have troubles, see transcript U5_0.51_8_94_P6_0.051_8_0.018_9_2.8_0_0.77_1_0.95_2_1.2_A1_0.17_P_40/inp038.err for more details.
ERROR in MURE::BuildMCNPFile
	 Some nuclei have troubles, see transcript U5_0.51_8_94_P6_0.051_8_0.018_9_2.8_0_0.77_1_0.95_2_1.2_A1_0.17_P_40/inp039.err for more details.
ERROR in MURE::WriteMaterial(ostream &Out)
	 Some nuclei have troubles, see transcript U5_0.51_8_94_P6_0.051_8_0.018_9_2.8_0_0.77_1_0.95_2_1.2_A1_0.17_P_40/inp039.err for more details.
ERROR in MURE::BuildMCNPFile
	 Some nuclei have troubles, see transcript U5_0.51_8_94_P6_0.051_8_0.018_9_2.8_0_0.77_1_0.95_2_1.2_A1_0.17_P_40/inp040.err for more details.
ERROR in MURE::WriteMaterial(ostream &Out)
	 Some nuclei have troubles, see transcript U5_0.51_8_94_P6_0.051_8_0.018_9_2.8_0_0.77_1_0.95_2_1.2_A1_0.17_P_40/inp040.err for more details.
ERROR in MURE::BuildMCNPFile
	 Some nuclei have troubles, see transcript U5_0.51_8_94_P6_0.051_8_0.018_9_2.8_0_0.77_1_0.95_2_1.2_A1_0.17_P_40/inp041.err for more details.
ERROR in MURE::WriteMaterial(ostream &Out)
	 Some nuclei have troubles, see transcript U5_0.51_8_94_P6_0.051_8_0.018_9_2.8_0_0.77_1_0.95_2_1.2_A1_0.17_P_40/inp041.err for more details.
ERROR in MURE::BuildMCNPFile
	 Some nuclei have troubles, see transcript U5_0.51_8_94_P6_0.051_8_0.018_9_2.8_0_0.77_1_0.95_2_1.2_A1_0.17_P_40/inp042.err for more details.
ERROR in MURE::WriteMaterial(ostream &Out)
	 Some nuclei have troubles, see transcript U5_0.51_8_94_P6_0.051_8_0.018_9_2.8_0_0.77_1_0.95_2_1.2_A1_0.17_P_40/inp042.err for more details.
ERROR in MURE::BuildMCNPFile
	 Some nuclei have troubles, see transcript U5_0.51_8_94_P6_0.051_8_0.018_9_2.8_0_0.77_1_0.95_2_1.2_A1_0.17_P_40/inp043.err for more details.
ERROR in MURE::WriteMaterial(ostream &Out)
	 Some nuclei have troubles, see transcript U5_0.51_8_94_P6_0.051_8_0.018_9_2.8_0_0.77_1_0.95_2_1.2_A1_0.17_P_40/inp043.err for more details.
ERROR in MURE::BuildMCNPFile
	 Some nuclei have troubles, see transcript U5_0.51_8_94_P6_0.051_8_0.018_9_2.8_0_0.77_1_0.95_2_1.2_A1_0.17_P_40/inp044.err for more details.
ERROR in MURE::WriteMaterial(ostream &Out)
	 Some nuclei have troubles, see transcript U5_0.51_8_94_P6_0.051_8_0.018_9_2.8_0_0.77_1_0.95_2_1.2_A1_0.17_P_40/inp044.err for more details.
ERROR in MURE::BuildMCNPFile
	 Some nuclei have troubles, see transcript U5_0.51_8_94_P6_0.051_8_0.018_9_2.8_0_0.77_1_0.95_2_1.2_A1_0.17_P_40/inp045.err for more details.
ERROR in MURE::WriteMaterial(ostream &Out)
	 Some nuclei have troubles, see transcript U5_0.51_8_94_P6_0.051_8_0.018_9_2.8_0_0.77_1_0.95_2_1.2_A1_0.17_P_40/inp045.err for more details.
ERROR in MURE::BuildMCNPFile
	 Some nuclei have troubles, see transcript U5_0.51_8_94_P6_0.051_8_0.018_9_2.8_0_0.77_1_0.95_2_1.2_A1_0.17_P_40/inp046.err for more details.
ERROR in MURE::WriteMaterial(ostream &Out)
	 Some nuclei have troubles, see transcript U5_0.51_8_94_P6_0.051_8_0.018_9_2.8_0_0.77_1_0.95_2_1.2_A1_0.17_P_40/inp046.err for more details.
ERROR in MURE::BuildMCNPFile
	 Some nuclei have troubles, see transcript U5_0.51_8_94_P6_0.051_8_0.018_9_2.8_0_0.77_1_0.95_2_1.2_A1_0.17_P_40/inp047.err for more details.
ERROR in MURE::WriteMaterial(ostream &Out)
	 Some nuclei have troubles, see transcript U5_0.51_8_94_P6_0.051_8_0.018_9_2.8_0_0.77_1_0.95_2_1.2_A1_0.17_P_40/inp047.err for more details.
ERROR in MURE::BuildMCNPFile
	 Some nuclei have troubles, see transcript U5_0.51_8_94_P6_0.051_8_0.018_9_2.8_0_0.77_1_0.95_2_1.2_A1_0.17_P_40/inp048.err for more details.
ERROR in MURE::WriteMaterial(ostream &Out)
	 Some nuclei have troubles, see transcript U5_0.51_8_94_P6_0.051_8_0.018_9_2.8_0_0.77_1_0.95_2_1.2_A1_0.17_P_40/inp048.err for more details.
ERROR in MURE::BuildMCNPFile
	 Some nuclei have troubles, see transcript U5_0.51_8_94_P6_0.051_8_0.018_9_2.8_0_0.77_1_0.95_2_1.2_A1_0.17_P_40/inp049.err for more details.
ERROR in MURE::WriteMaterial(ostream &Out)
	 Some nuclei have troubles, see transcript U5_0.51_8_94_P6_0.051_8_0.018_9_2.8_0_0.77_1_0.95_2_1.2_A1_0.17_P_40/inp049.err for more details.
ERROR in MURE::BuildMCNPFile
	 Some nuclei have troubles, see transcript U5_0.51_8_94_P6_0.051_8_0.018_9_2.8_0_0.77_1_0.95_2_1.2_A1_0.17_P_40/inp050.err for more details.
ERROR in MURE::WriteMaterial(ostream &Out)
	 Some nuclei have troubles, see transcript U5_0.51_8_94_P6_0.051_8_0.018_9_2.8_0_0.77_1_0.95_2_1.2_A1_0.17_P_40/inp050.err for more details.
ERROR in MURE::BuildMCNPFile
	 Some nuclei have troubles, see transcript U5_0.51_8_94_P6_0.051_8_0.018_9_2.8_0_0.77_1_0.95_2_1.2_A1_0.17_P_40/inp051.err for more details.
ERROR in MURE::WriteMaterial(ostream &Out)
	 Some nuclei have troubles, see transcript U5_0.51_8_94_P6_0.051_8_0.018_9_2.8_0_0.77_1_0.95_2_1.2_A1_0.17_P_40/inp051.err for more details.
ERROR in MURE::BuildMCNPFile
	 Some nuclei have troubles, see transcript U5_0.51_8_94_P6_0.051_8_0.018_9_2.8_0_0.77_1_0.95_2_1.2_A1_0.17_P_40/inp052.err for more details.
ERROR in MURE::WriteMaterial(ostream &Out)
	 Some nuclei have troubles, see transcript U5_0.51_8_94_P6_0.051_8_0.018_9_2.8_0_0.77_1_0.95_2_1.2_A1_0.17_P_40/inp052.err for more details.
ERROR in MURE::BuildMCNPFile
	 Some nuclei have troubles, see transcript U5_0.51_8_94_P6_0.051_8_0.018_9_2.8_0_0.77_1_0.95_2_1.2_A1_0.17_P_40/inp053.err for more details.
ERROR in MURE::WriteMaterial(ostream &Out)
	 Some nuclei have troubles, see transcript U5_0.51_8_94_P6_0.051_8_0.018_9_2.8_0_0.77_1_0.95_2_1.2_A1_0.17_P_40/inp053.err for more details.
ERROR in MURE::BuildMCNPFile
	 Some nuclei have troubles, see transcript U5_0.51_8_94_P6_0.051_8_0.018_9_2.8_0_0.77_1_0.95_2_1.2_A1_0.17_P_40/inp054.err for more details.
ERROR in MURE::WriteMaterial(ostream &Out)
	 Some nuclei have troubles, see transcript U5_0.51_8_94_P6_0.051_8_0.018_9_2.8_0_0.77_1_0.95_2_1.2_A1_0.17_P_40/inp054.err for more details.
ERROR in MURE::BuildMCNPFile
	 Some nuclei have troubles, see transcript U5_0.51_8_94_P6_0.051_8_0.018_9_2.8_0_0.77_1_0.95_2_1.2_A1_0.17_P_40/inp055.err for more details.
ERROR in MURE::WriteMaterial(ostream &Out)
	 Some nuclei have troubles, see transcript U5_0.51_8_94_P6_0.051_8_0.018_9_2.8_0_0.77_1_0.95_2_1.2_A1_0.17_P_40/inp055.err for more details.
ERROR in MURE::BuildMCNPFile
	 Some nuclei have troubles, see transcript U5_0.51_8_94_P6_0.051_8_0.018_9_2.8_0_0.77_1_0.95_2_1.2_A1_0.17_P_40/inp056.err for more details.
ERROR in MURE::WriteMaterial(ostream &Out)
	 Some nuclei have troubles, see transcript U5_0.51_8_94_P6_0.051_8_0.018_9_2.8_0_0.77_1_0.95_2_1.2_A1_0.17_P_40/inp056.err for more details.
ERROR in MURE::BuildMCNPFile
	 Some nuclei have troubles, see transcript U5_0.51_8_94_P6_0.051_8_0.018_9_2.8_0_0.77_1_0.95_2_1.2_A1_0.17_P_40/inp057.err for more details.
ERROR in MURE::WriteMaterial(ostream &Out)
	 Some nuclei have troubles, see transcript U5_0.51_8_94_P6_0.051_8_0.018_9_2.8_0_0.77_1_0.95_2_1.2_A1_0.17_P_40/inp057.err for more details.
ERROR in MURE::BuildMCNPFile
	 Some nuclei have troubles, see transcript U5_0.51_8_94_P6_0.051_8_0.018_9_2.8_0_0.77_1_0.95_2_1.2_A1_0.17_P_40/inp058.err for more details.
ERROR in MURE::WriteMaterial(ostream &Out)
	 Some nuclei have troubles, see transcript U5_0.51_8_94_P6_0.051_8_0.018_9_2.8_0_0.77_1_0.95_2_1.2_A1_0.17_P_40/inp058.err for more details.
ERROR in MURE::BuildMCNPFile
	 Some nuclei have troubles, see transcript U5_0.51_8_94_P6_0.051_8_0.018_9_2.8_0_0.77_1_0.95_2_1.2_A1_0.17_P_40/inp059.err for more details.
ERROR in MURE::WriteMaterial(ostream &Out)
	 Some nuclei have troubles, see transcript U5_0.51_8_94_P6_0.051_8_0.018_9_2.8_0_0.77_1_0.95_2_1.2_A1_0.17_P_40/inp059.err for more details.
ERROR in MURE::BuildMCNPFile
	 Some nuclei have troubles, see transcript U5_0.51_8_94_P6_0.051_8_0.018_9_2.8_0_0.77_1_0.95_2_1.2_A1_0.17_P_40/inp060.err for more details.
ERROR in MURE::WriteMaterial(ostream &Out)
	 Some nuclei have troubles, see transcript U5_0.51_8_94_P6_0.051_8_0.018_9_2.8_0_0.77_1_0.95_2_1.2_A1_0.17_P_40/inp060.err for more details.
ERROR in MURE::BuildMCNPFile
	 Some nuclei have troubles, see transcript U5_0.51_8_94_P6_0.051_8_0.018_9_2.8_0_0.77_1_0.95_2_1.2_A1_0.17_P_40/inp061.err for more details.
ERROR in MURE::WriteMaterial(ostream &Out)
	 Some nuclei have troubles, see transcript U5_0.51_8_94_P6_0.051_8_0.018_9_2.8_0_0.77_1_0.95_2_1.2_A1_0.17_P_40/inp061.err for more details.
ERROR in MURE::BuildMCNPFile
	 Some nuclei have troubles, see transcript U5_0.51_8_94_P6_0.051_8_0.018_9_2.8_0_0.77_1_0.95_2_1.2_A1_0.17_P_40/inp062.err for more details.
ERROR in MURE::WriteMaterial(ostream &Out)
	 Some nuclei have troubles, see transcript U5_0.51_8_94_P6_0.051_8_0.018_9_2.8_0_0.77_1_0.95_2_1.2_A1_0.17_P_40/inp062.err for more details.
ERROR in MURE::BuildMCNPFile
	 Some nuclei have troubles, see transcript U5_0.51_8_94_P6_0.051_8_0.018_9_2.8_0_0.77_1_0.95_2_1.2_A1_0.17_P_40/inp063.err for more details.
ERROR in MURE::WriteMaterial(ostream &Out)
	 Some nuclei have troubles, see transcript U5_0.51_8_94_P6_0.051_8_0.018_9_2.8_0_0.77_1_0.95_2_1.2_A1_0.17_P_40/inp063.err for more details.
ERROR in MURE::BuildMCNPFile
	 Some nuclei have troubles, see transcript U5_0.51_8_94_P6_0.051_8_0.018_9_2.8_0_0.77_1_0.95_2_1.2_A1_0.17_P_40/inp064.err for more details.
ERROR in MURE::WriteMaterial(ostream &Out)
	 Some nuclei have troubles, see transcript U5_0.51_8_94_P6_0.051_8_0.018_9_2.8_0_0.77_1_0.95_2_1.2_A1_0.17_P_40/inp064.err for more details.
ERROR in MURE::BuildMCNPFile
	 Some nuclei have troubles, see transcript U5_0.51_8_94_P6_0.051_8_0.018_9_2.8_0_0.77_1_0.95_2_1.2_A1_0.17_P_40/inp065.err for more details.
ERROR in MURE::WriteMaterial(ostream &Out)
	 Some nuclei have troubles, see transcript U5_0.51_8_94_P6_0.051_8_0.018_9_2.8_0_0.77_1_0.95_2_1.2_A1_0.17_P_40/inp065.err for more details.
ERROR in MURE::BuildMCNPFile
	 Some nuclei have troubles, see transcript U5_0.51_8_94_P6_0.051_8_0.018_9_2.8_0_0.77_1_0.95_2_1.2_A1_0.17_P_40/inp066.err for more details.
ERROR in MURE::WriteMaterial(ostream &Out)
	 Some nuclei have troubles, see transcript U5_0.51_8_94_P6_0.051_8_0.018_9_2.8_0_0.77_1_0.95_2_1.2_A1_0.17_P_40/inp066.err for more details.
ERROR in MURE::BuildMCNPFile
	 Some nuclei have troubles, see transcript U5_0.51_8_94_P6_0.051_8_0.018_9_2.8_0_0.77_1_0.95_2_1.2_A1_0.17_P_40/inp067.err for more details.
ERROR in MURE::WriteMaterial(ostream &Out)
	 Some nuclei have troubles, see transcript U5_0.51_8_94_P6_0.051_8_0.018_9_2.8_0_0.77_1_0.95_2_1.2_A1_0.17_P_40/inp067.err for more details.
ERROR in MURE::BuildMCNPFile
	 Some nuclei have troubles, see transcript U5_0.51_8_94_P6_0.051_8_0.018_9_2.8_0_0.77_1_0.95_2_1.2_A1_0.17_P_40/inp068.err for more details.
ERROR in MURE::WriteMaterial(ostream &Out)
	 Some nuclei have troubles, see transcript U5_0.51_8_94_P6_0.051_8_0.018_9_2.8_0_0.77_1_0.95_2_1.2_A1_0.17_P_40/inp068.err for more details.
ERROR in MURE::BuildMCNPFile
	 Some nuclei have troubles, see transcript U5_0.51_8_94_P6_0.051_8_0.018_9_2.8_0_0.77_1_0.95_2_1.2_A1_0.17_P_40/inp069.err for more details.
ERROR in MURE::WriteMaterial(ostream &Out)
	 Some nuclei have troubles, see transcript U5_0.51_8_94_P6_0.051_8_0.018_9_2.8_0_0.77_1_0.95_2_1.2_A1_0.17_P_40/inp069.err for more details.
ERROR in MURE::BuildMCNPFile
	 Some nuclei have troubles, see transcript U5_0.51_8_94_P6_0.051_8_0.018_9_2.8_0_0.77_1_0.95_2_1.2_A1_0.17_P_40/inp070.err for more details.
ERROR in MURE::WriteMaterial(ostream &Out)
	 Some nuclei have troubles, see transcript U5_0.51_8_94_P6_0.051_8_0.018_9_2.8_0_0.77_1_0.95_2_1.2_A1_0.17_P_40/inp070.err for more details.
ERROR in MURE::BuildMCNPFile
	 Some nuclei have troubles, see transcript U5_0.51_8_94_P6_0.051_8_0.018_9_2.8_0_0.77_1_0.95_2_1.2_A1_0.17_P_40/inp071.err for more details.
ERROR in MURE::WriteMaterial(ostream &Out)
	 Some nuclei have troubles, see transcript U5_0.51_8_94_P6_0.051_8_0.018_9_2.8_0_0.77_1_0.95_2_1.2_A1_0.17_P_40/inp071.err for more details.
ERROR in MURE::BuildMCNPFile
	 Some nuclei have troubles, see transcript U5_0.51_8_94_P6_0.051_8_0.018_9_2.8_0_0.77_1_0.95_2_1.2_A1_0.17_P_40/inp072.err for more details.
ERROR in MURE::WriteMaterial(ostream &Out)
	 Some nuclei have troubles, see transcript U5_0.51_8_94_P6_0.051_8_0.018_9_2.8_0_0.77_1_0.95_2_1.2_A1_0.17_P_40/inp072.err for more details.
ERROR in MURE::BuildMCNPFile
	 Some nuclei have troubles, see transcript U5_0.51_8_94_P6_0.051_8_0.018_9_2.8_0_0.77_1_0.95_2_1.2_A1_0.17_P_40/inp073.err for more details.
ERROR in MURE::WriteMaterial(ostream &Out)
	 Some nuclei have troubles, see transcript U5_0.51_8_94_P6_0.051_8_0.018_9_2.8_0_0.77_1_0.95_2_1.2_A1_0.17_P_40/inp073.err for more details.
ERROR in MURE::BuildMCNPFile
	 Some nuclei have troubles, see transcript U5_0.51_8_94_P6_0.051_8_0.018_9_2.8_0_0.77_1_0.95_2_1.2_A1_0.17_P_40/inp074.err for more details.
ERROR in MURE::WriteMaterial(ostream &Out)
	 Some nuclei have troubles, see transcript U5_0.51_8_94_P6_0.051_8_0.018_9_2.8_0_0.77_1_0.95_2_1.2_A1_0.17_P_40/inp074.err for more details.
ERROR in MURE::BuildMCNPFile
	 Some nuclei have troubles, see transcript U5_0.51_8_94_P6_0.051_8_0.018_9_2.8_0_0.77_1_0.95_2_1.2_A1_0.17_P_40/inp075.err for more details.
ERROR in MURE::WriteMaterial(ostream &Out)
	 Some nuclei have troubles, see transcript U5_0.51_8_94_P6_0.051_8_0.018_9_2.8_0_0.77_1_0.95_2_1.2_A1_0.17_P_40/inp075.err for more details.
ERROR in MURE::BuildMCNPFile
	 Some nuclei have troubles, see transcript U5_0.51_8_94_P6_0.051_8_0.018_9_2.8_0_0.77_1_0.95_2_1.2_A1_0.17_P_40/inp076.err for more details.
ERROR in MURE::WriteMaterial(ostream &Out)
	 Some nuclei have troubles, see transcript U5_0.51_8_94_P6_0.051_8_0.018_9_2.8_0_0.77_1_0.95_2_1.2_A1_0.17_P_40/inp076.err for more details.
ERROR in MURE::BuildMCNPFile
	 Some nuclei have troubles, see transcript U5_0.51_8_94_P6_0.051_8_0.018_9_2.8_0_0.77_1_0.95_2_1.2_A1_0.17_P_40/inp077.err for more details.
ERROR in MURE::WriteMaterial(ostream &Out)
	 Some nuclei have troubles, see transcript U5_0.51_8_94_P6_0.051_8_0.018_9_2.8_0_0.77_1_0.95_2_1.2_A1_0.17_P_40/inp077.err for more details.
ERROR in MURE::BuildMCNPFile
	 Some nuclei have troubles, see transcript U5_0.51_8_94_P6_0.051_8_0.018_9_2.8_0_0.77_1_0.95_2_1.2_A1_0.17_P_40/inp078.err for more details.
ERROR in MURE::WriteMaterial(ostream &Out)
	 Some nuclei have troubles, see transcript U5_0.51_8_94_P6_0.051_8_0.018_9_2.8_0_0.77_1_0.95_2_1.2_A1_0.17_P_40/inp078.err for more details.
ERROR in MURE::BuildMCNPFile
	 Some nuclei have troubles, see transcript U5_0.51_8_94_P6_0.051_8_0.018_9_2.8_0_0.77_1_0.95_2_1.2_A1_0.17_P_40/inp079.err for more details.
ERROR in MURE::WriteMaterial(ostream &Out)
	 Some nuclei have troubles, see transcript U5_0.51_8_94_P6_0.051_8_0.018_9_2.8_0_0.77_1_0.95_2_1.2_A1_0.17_P_40/inp079.err for more details.
* About to connect() to ftp.box.com port 21 (#0)
*   Trying 107.152.25.220... connected
* Connected to ftp.box.com (107.152.25.220) port 21 (#0)
< 220 Service ready for new user.
> AUTH SSL
< 234 Command AUTH okay; starting SSL connection.
* Initializing NSS with certpath: sql:/etc/pki/nssdb
*   CAfile: /etc/pki/tls/certs/ca-bundle.crt
  CApath: none
* SSL connection using TLS_RSA_WITH_AES_128_CBC_SHA
* Server certificate:
* 	subject: CN=*.box.com,O="Box, Inc.",L=Los Altos,ST=California,C=US
* 	start date: Nov 13 19:22:20 2014 GMT
* 	expire date: Oct 23 02:42:03 2017 GMT
* 	common name: *.box.com
* 	issuer: CN=GeoTrust SSL CA - G4,O=GeoTrust Inc.,C=US
> USER mouginot@wisc.edu
< 331 User name okay, need password for mouginot@wisc.edu.
> PASS line150782
< 230 User logged in, proceed.
> PBSZ 0
< 200 Command PBSZ okay.
> PROT P
< 200 Command PROT okay.
> PWD
< 257 "/" is current directory.
* Entry path is '/'
> CWD MODEL_DATA
< 250 Directory changed to /MODEL_DATA
> CWD PWR_TRU_MOX_PSPEC
< 250 Directory changed to /MODEL_DATA/PWR_TRU_MOX_PSPEC
> CWD 1000
< 250 Directory changed to /MODEL_DATA/PWR_TRU_MOX_PSPEC/1000
> PASV
* Connect data stream passively
< 227 Entering Passive Mode (107,152,25,220,40,176)
* Skips 107.152.25.220 for data connection, uses 107.152.25.220 instead
*   Trying 107.152.25.220... connected
* Connecting to 107.152.25.220 (107.152.25.220) port 10416
> TYPE I
< 200 Command TYPE okay.
> STOR 852_raw.tar.gz
< 150 File status okay; about to open data connection.
* Doing the SSL/TLS handshake on the data stream
*   CAfile: /etc/pki/tls/certs/ca-bundle.crt
  CApath: none
* SSL connection using TLS_RSA_WITH_AES_128_CBC_SHA
* Server certificate:
* 	subject: CN=*.box.com,O="Box, Inc.",L=Los Altos,ST=California,C=US
* 	start date: Nov 13 19:22:20 2014 GMT
* 	expire date: Oct 23 02:42:03 2017 GMT
* 	common name: *.box.com
* 	issuer: CN=GeoTrust SSL CA - G4,O=GeoTrust Inc.,C=US
} [data not shown]
  % Total    % Received % Xferd  Average Speed   Time    Time     Time  Current
                                 Dload  Upload   Total   Spent    Left  Speed
  0 43.5M    0     0    0 16384      0   3810  3:19:49  0:00:04  3:19:45  3810  0 43.5M    0     0    0  416k      0  90321  0:08:25  0:00:04  0:08:21  959k  9 43.5M    0     0    9 4112k      0   719k  0:01:02  0:00:05  0:00:57 2892k 17 43.5M    0     0   17 7936k      0  1184k  0:00:37  0:00:06  0:00:31 3297k 26 43.5M    0     0   26 11.4M      0  1524k  0:00:29  0:00:07  0:00:22 3442k 35 43.5M    0     0   35 15.2M      0  1798k  0:00:24  0:00:08  0:00:16 3550k 45 43.5M    0     0   45 19.6M      0  2070k  0:00:21  0:00:09  0:00:12 3945k 55 43.5M    0     0   55 24.0M      0  2296k  0:00:19  0:00:10  0:00:09 4104k 64 43.5M    0     0   64 27.9M      0  2443k  0:00:18  0:00:11  0:00:07 4130k 73 43.5M    0     0   73 32.0M      0  2582k  0:00:17  0:00:12  0:00:05 4214k 81 43.5M    0     0   81 35.7M      0  2669k  0:00:16  0:00:13  0:00:03 4185k 89 43.5M    0     0   89 38.9M      0  2709k  0:00:16  0:00:14  0:00:02 3949k 98 43.5M    0     0   98 42.7M      0  2789k  0:00:15  0:00:15 --:--:-- 3845k* Remembering we are in dir "MODEL_DATA/PWR_TRU_MOX_PSPEC/1000/"
< 226 Transfer complete.
100 43.5M    0     0  100 43.5M      0  2686k  0:00:16  0:00:16 --:--:-- 3268k* Connection #0 to host ftp.box.com left intact

> QUIT
< 221 Goodbye.
* Closing connection #0
