ERROR in MURE::BuildXSDIR()
	 Some nuclei have troubles, see transcript U5_1.1_8_80_P6_0.15_8_1.2_9_9.8_0_5.1_1_0.72_2_0.72_A1_0.75_P_30/inp000.err for more details.
ERROR in MURE::BuildMCNPFile
	 Some nuclei have troubles, see transcript U5_1.1_8_80_P6_0.15_8_1.2_9_9.8_0_5.1_1_0.72_2_0.72_A1_0.75_P_30/inp000.err for more details.
ERROR in MURE::WriteMaterial(ostream &Out)
	 Some nuclei have troubles, see transcript U5_1.1_8_80_P6_0.15_8_1.2_9_9.8_0_5.1_1_0.72_2_0.72_A1_0.75_P_30/inp000.err for more details.
ERROR in MURE::BuildMCNPFile
	 Some nuclei have troubles, see transcript U5_1.1_8_80_P6_0.15_8_1.2_9_9.8_0_5.1_1_0.72_2_0.72_A1_0.75_P_30/inp001.err for more details.
ERROR in MURE::WriteMaterial(ostream &Out)
	 Some nuclei have troubles, see transcript U5_1.1_8_80_P6_0.15_8_1.2_9_9.8_0_5.1_1_0.72_2_0.72_A1_0.75_P_30/inp001.err for more details.
ERROR in MURE::BuildMCNPFile
	 Some nuclei have troubles, see transcript U5_1.1_8_80_P6_0.15_8_1.2_9_9.8_0_5.1_1_0.72_2_0.72_A1_0.75_P_30/inp002.err for more details.
ERROR in MURE::WriteMaterial(ostream &Out)
	 Some nuclei have troubles, see transcript U5_1.1_8_80_P6_0.15_8_1.2_9_9.8_0_5.1_1_0.72_2_0.72_A1_0.75_P_30/inp002.err for more details.
ERROR in MURE::BuildMCNPFile
	 Some nuclei have troubles, see transcript U5_1.1_8_80_P6_0.15_8_1.2_9_9.8_0_5.1_1_0.72_2_0.72_A1_0.75_P_30/inp003.err for more details.
ERROR in MURE::WriteMaterial(ostream &Out)
	 Some nuclei have troubles, see transcript U5_1.1_8_80_P6_0.15_8_1.2_9_9.8_0_5.1_1_0.72_2_0.72_A1_0.75_P_30/inp003.err for more details.
ERROR in MURE::BuildMCNPFile
	 Some nuclei have troubles, see transcript U5_1.1_8_80_P6_0.15_8_1.2_9_9.8_0_5.1_1_0.72_2_0.72_A1_0.75_P_30/inp004.err for more details.
ERROR in MURE::WriteMaterial(ostream &Out)
	 Some nuclei have troubles, see transcript U5_1.1_8_80_P6_0.15_8_1.2_9_9.8_0_5.1_1_0.72_2_0.72_A1_0.75_P_30/inp004.err for more details.
ERROR in MURE::BuildMCNPFile
	 Some nuclei have troubles, see transcript U5_1.1_8_80_P6_0.15_8_1.2_9_9.8_0_5.1_1_0.72_2_0.72_A1_0.75_P_30/inp005.err for more details.
ERROR in MURE::WriteMaterial(ostream &Out)
	 Some nuclei have troubles, see transcript U5_1.1_8_80_P6_0.15_8_1.2_9_9.8_0_5.1_1_0.72_2_0.72_A1_0.75_P_30/inp005.err for more details.
ERROR in MURE::BuildMCNPFile
	 Some nuclei have troubles, see transcript U5_1.1_8_80_P6_0.15_8_1.2_9_9.8_0_5.1_1_0.72_2_0.72_A1_0.75_P_30/inp006.err for more details.
ERROR in MURE::WriteMaterial(ostream &Out)
	 Some nuclei have troubles, see transcript U5_1.1_8_80_P6_0.15_8_1.2_9_9.8_0_5.1_1_0.72_2_0.72_A1_0.75_P_30/inp006.err for more details.
ERROR in MURE::BuildMCNPFile
	 Some nuclei have troubles, see transcript U5_1.1_8_80_P6_0.15_8_1.2_9_9.8_0_5.1_1_0.72_2_0.72_A1_0.75_P_30/inp007.err for more details.
ERROR in MURE::WriteMaterial(ostream &Out)
	 Some nuclei have troubles, see transcript U5_1.1_8_80_P6_0.15_8_1.2_9_9.8_0_5.1_1_0.72_2_0.72_A1_0.75_P_30/inp007.err for more details.
ERROR in MURE::BuildMCNPFile
	 Some nuclei have troubles, see transcript U5_1.1_8_80_P6_0.15_8_1.2_9_9.8_0_5.1_1_0.72_2_0.72_A1_0.75_P_30/inp008.err for more details.
ERROR in MURE::WriteMaterial(ostream &Out)
	 Some nuclei have troubles, see transcript U5_1.1_8_80_P6_0.15_8_1.2_9_9.8_0_5.1_1_0.72_2_0.72_A1_0.75_P_30/inp008.err for more details.
ERROR in MURE::BuildMCNPFile
	 Some nuclei have troubles, see transcript U5_1.1_8_80_P6_0.15_8_1.2_9_9.8_0_5.1_1_0.72_2_0.72_A1_0.75_P_30/inp009.err for more details.
ERROR in MURE::WriteMaterial(ostream &Out)
	 Some nuclei have troubles, see transcript U5_1.1_8_80_P6_0.15_8_1.2_9_9.8_0_5.1_1_0.72_2_0.72_A1_0.75_P_30/inp009.err for more details.
ERROR in MURE::BuildMCNPFile
	 Some nuclei have troubles, see transcript U5_1.1_8_80_P6_0.15_8_1.2_9_9.8_0_5.1_1_0.72_2_0.72_A1_0.75_P_30/inp010.err for more details.
ERROR in MURE::WriteMaterial(ostream &Out)
	 Some nuclei have troubles, see transcript U5_1.1_8_80_P6_0.15_8_1.2_9_9.8_0_5.1_1_0.72_2_0.72_A1_0.75_P_30/inp010.err for more details.
ERROR in MURE::BuildMCNPFile
	 Some nuclei have troubles, see transcript U5_1.1_8_80_P6_0.15_8_1.2_9_9.8_0_5.1_1_0.72_2_0.72_A1_0.75_P_30/inp011.err for more details.
ERROR in MURE::WriteMaterial(ostream &Out)
	 Some nuclei have troubles, see transcript U5_1.1_8_80_P6_0.15_8_1.2_9_9.8_0_5.1_1_0.72_2_0.72_A1_0.75_P_30/inp011.err for more details.
ERROR in MURE::BuildMCNPFile
	 Some nuclei have troubles, see transcript U5_1.1_8_80_P6_0.15_8_1.2_9_9.8_0_5.1_1_0.72_2_0.72_A1_0.75_P_30/inp012.err for more details.
ERROR in MURE::WriteMaterial(ostream &Out)
	 Some nuclei have troubles, see transcript U5_1.1_8_80_P6_0.15_8_1.2_9_9.8_0_5.1_1_0.72_2_0.72_A1_0.75_P_30/inp012.err for more details.
ERROR in MURE::BuildMCNPFile
	 Some nuclei have troubles, see transcript U5_1.1_8_80_P6_0.15_8_1.2_9_9.8_0_5.1_1_0.72_2_0.72_A1_0.75_P_30/inp013.err for more details.
ERROR in MURE::WriteMaterial(ostream &Out)
	 Some nuclei have troubles, see transcript U5_1.1_8_80_P6_0.15_8_1.2_9_9.8_0_5.1_1_0.72_2_0.72_A1_0.75_P_30/inp013.err for more details.
ERROR in MURE::BuildMCNPFile
	 Some nuclei have troubles, see transcript U5_1.1_8_80_P6_0.15_8_1.2_9_9.8_0_5.1_1_0.72_2_0.72_A1_0.75_P_30/inp014.err for more details.
ERROR in MURE::WriteMaterial(ostream &Out)
	 Some nuclei have troubles, see transcript U5_1.1_8_80_P6_0.15_8_1.2_9_9.8_0_5.1_1_0.72_2_0.72_A1_0.75_P_30/inp014.err for more details.
ERROR in MURE::BuildMCNPFile
	 Some nuclei have troubles, see transcript U5_1.1_8_80_P6_0.15_8_1.2_9_9.8_0_5.1_1_0.72_2_0.72_A1_0.75_P_30/inp015.err for more details.
ERROR in MURE::WriteMaterial(ostream &Out)
	 Some nuclei have troubles, see transcript U5_1.1_8_80_P6_0.15_8_1.2_9_9.8_0_5.1_1_0.72_2_0.72_A1_0.75_P_30/inp015.err for more details.
ERROR in MURE::BuildMCNPFile
	 Some nuclei have troubles, see transcript U5_1.1_8_80_P6_0.15_8_1.2_9_9.8_0_5.1_1_0.72_2_0.72_A1_0.75_P_30/inp016.err for more details.
ERROR in MURE::WriteMaterial(ostream &Out)
	 Some nuclei have troubles, see transcript U5_1.1_8_80_P6_0.15_8_1.2_9_9.8_0_5.1_1_0.72_2_0.72_A1_0.75_P_30/inp016.err for more details.
ERROR in MURE::BuildMCNPFile
	 Some nuclei have troubles, see transcript U5_1.1_8_80_P6_0.15_8_1.2_9_9.8_0_5.1_1_0.72_2_0.72_A1_0.75_P_30/inp017.err for more details.
ERROR in MURE::WriteMaterial(ostream &Out)
	 Some nuclei have troubles, see transcript U5_1.1_8_80_P6_0.15_8_1.2_9_9.8_0_5.1_1_0.72_2_0.72_A1_0.75_P_30/inp017.err for more details.
ERROR in MURE::BuildMCNPFile
	 Some nuclei have troubles, see transcript U5_1.1_8_80_P6_0.15_8_1.2_9_9.8_0_5.1_1_0.72_2_0.72_A1_0.75_P_30/inp018.err for more details.
ERROR in MURE::WriteMaterial(ostream &Out)
	 Some nuclei have troubles, see transcript U5_1.1_8_80_P6_0.15_8_1.2_9_9.8_0_5.1_1_0.72_2_0.72_A1_0.75_P_30/inp018.err for more details.
ERROR in MURE::BuildMCNPFile
	 Some nuclei have troubles, see transcript U5_1.1_8_80_P6_0.15_8_1.2_9_9.8_0_5.1_1_0.72_2_0.72_A1_0.75_P_30/inp019.err for more details.
ERROR in MURE::WriteMaterial(ostream &Out)
	 Some nuclei have troubles, see transcript U5_1.1_8_80_P6_0.15_8_1.2_9_9.8_0_5.1_1_0.72_2_0.72_A1_0.75_P_30/inp019.err for more details.
ERROR in MURE::BuildMCNPFile
	 Some nuclei have troubles, see transcript U5_1.1_8_80_P6_0.15_8_1.2_9_9.8_0_5.1_1_0.72_2_0.72_A1_0.75_P_30/inp020.err for more details.
ERROR in MURE::WriteMaterial(ostream &Out)
	 Some nuclei have troubles, see transcript U5_1.1_8_80_P6_0.15_8_1.2_9_9.8_0_5.1_1_0.72_2_0.72_A1_0.75_P_30/inp020.err for more details.
ERROR in MURE::BuildMCNPFile
	 Some nuclei have troubles, see transcript U5_1.1_8_80_P6_0.15_8_1.2_9_9.8_0_5.1_1_0.72_2_0.72_A1_0.75_P_30/inp021.err for more details.
ERROR in MURE::WriteMaterial(ostream &Out)
	 Some nuclei have troubles, see transcript U5_1.1_8_80_P6_0.15_8_1.2_9_9.8_0_5.1_1_0.72_2_0.72_A1_0.75_P_30/inp021.err for more details.
ERROR in MURE::BuildMCNPFile
	 Some nuclei have troubles, see transcript U5_1.1_8_80_P6_0.15_8_1.2_9_9.8_0_5.1_1_0.72_2_0.72_A1_0.75_P_30/inp022.err for more details.
ERROR in MURE::WriteMaterial(ostream &Out)
	 Some nuclei have troubles, see transcript U5_1.1_8_80_P6_0.15_8_1.2_9_9.8_0_5.1_1_0.72_2_0.72_A1_0.75_P_30/inp022.err for more details.
ERROR in MURE::BuildMCNPFile
	 Some nuclei have troubles, see transcript U5_1.1_8_80_P6_0.15_8_1.2_9_9.8_0_5.1_1_0.72_2_0.72_A1_0.75_P_30/inp023.err for more details.
ERROR in MURE::WriteMaterial(ostream &Out)
	 Some nuclei have troubles, see transcript U5_1.1_8_80_P6_0.15_8_1.2_9_9.8_0_5.1_1_0.72_2_0.72_A1_0.75_P_30/inp023.err for more details.
ERROR in MURE::BuildMCNPFile
	 Some nuclei have troubles, see transcript U5_1.1_8_80_P6_0.15_8_1.2_9_9.8_0_5.1_1_0.72_2_0.72_A1_0.75_P_30/inp024.err for more details.
ERROR in MURE::WriteMaterial(ostream &Out)
	 Some nuclei have troubles, see transcript U5_1.1_8_80_P6_0.15_8_1.2_9_9.8_0_5.1_1_0.72_2_0.72_A1_0.75_P_30/inp024.err for more details.
ERROR in MURE::BuildMCNPFile
	 Some nuclei have troubles, see transcript U5_1.1_8_80_P6_0.15_8_1.2_9_9.8_0_5.1_1_0.72_2_0.72_A1_0.75_P_30/inp025.err for more details.
ERROR in MURE::WriteMaterial(ostream &Out)
	 Some nuclei have troubles, see transcript U5_1.1_8_80_P6_0.15_8_1.2_9_9.8_0_5.1_1_0.72_2_0.72_A1_0.75_P_30/inp025.err for more details.
ERROR in MURE::BuildMCNPFile
	 Some nuclei have troubles, see transcript U5_1.1_8_80_P6_0.15_8_1.2_9_9.8_0_5.1_1_0.72_2_0.72_A1_0.75_P_30/inp026.err for more details.
ERROR in MURE::WriteMaterial(ostream &Out)
	 Some nuclei have troubles, see transcript U5_1.1_8_80_P6_0.15_8_1.2_9_9.8_0_5.1_1_0.72_2_0.72_A1_0.75_P_30/inp026.err for more details.
ERROR in MURE::BuildMCNPFile
	 Some nuclei have troubles, see transcript U5_1.1_8_80_P6_0.15_8_1.2_9_9.8_0_5.1_1_0.72_2_0.72_A1_0.75_P_30/inp027.err for more details.
ERROR in MURE::WriteMaterial(ostream &Out)
	 Some nuclei have troubles, see transcript U5_1.1_8_80_P6_0.15_8_1.2_9_9.8_0_5.1_1_0.72_2_0.72_A1_0.75_P_30/inp027.err for more details.
ERROR in MURE::BuildMCNPFile
	 Some nuclei have troubles, see transcript U5_1.1_8_80_P6_0.15_8_1.2_9_9.8_0_5.1_1_0.72_2_0.72_A1_0.75_P_30/inp028.err for more details.
ERROR in MURE::WriteMaterial(ostream &Out)
	 Some nuclei have troubles, see transcript U5_1.1_8_80_P6_0.15_8_1.2_9_9.8_0_5.1_1_0.72_2_0.72_A1_0.75_P_30/inp028.err for more details.
ERROR in MURE::BuildMCNPFile
	 Some nuclei have troubles, see transcript U5_1.1_8_80_P6_0.15_8_1.2_9_9.8_0_5.1_1_0.72_2_0.72_A1_0.75_P_30/inp029.err for more details.
ERROR in MURE::WriteMaterial(ostream &Out)
	 Some nuclei have troubles, see transcript U5_1.1_8_80_P6_0.15_8_1.2_9_9.8_0_5.1_1_0.72_2_0.72_A1_0.75_P_30/inp029.err for more details.
ERROR in MURE::BuildMCNPFile
	 Some nuclei have troubles, see transcript U5_1.1_8_80_P6_0.15_8_1.2_9_9.8_0_5.1_1_0.72_2_0.72_A1_0.75_P_30/inp030.err for more details.
ERROR in MURE::WriteMaterial(ostream &Out)
	 Some nuclei have troubles, see transcript U5_1.1_8_80_P6_0.15_8_1.2_9_9.8_0_5.1_1_0.72_2_0.72_A1_0.75_P_30/inp030.err for more details.
ERROR in MURE::BuildMCNPFile
	 Some nuclei have troubles, see transcript U5_1.1_8_80_P6_0.15_8_1.2_9_9.8_0_5.1_1_0.72_2_0.72_A1_0.75_P_30/inp031.err for more details.
ERROR in MURE::WriteMaterial(ostream &Out)
	 Some nuclei have troubles, see transcript U5_1.1_8_80_P6_0.15_8_1.2_9_9.8_0_5.1_1_0.72_2_0.72_A1_0.75_P_30/inp031.err for more details.
ERROR in MURE::BuildMCNPFile
	 Some nuclei have troubles, see transcript U5_1.1_8_80_P6_0.15_8_1.2_9_9.8_0_5.1_1_0.72_2_0.72_A1_0.75_P_30/inp032.err for more details.
ERROR in MURE::WriteMaterial(ostream &Out)
	 Some nuclei have troubles, see transcript U5_1.1_8_80_P6_0.15_8_1.2_9_9.8_0_5.1_1_0.72_2_0.72_A1_0.75_P_30/inp032.err for more details.
ERROR in MURE::BuildMCNPFile
	 Some nuclei have troubles, see transcript U5_1.1_8_80_P6_0.15_8_1.2_9_9.8_0_5.1_1_0.72_2_0.72_A1_0.75_P_30/inp033.err for more details.
ERROR in MURE::WriteMaterial(ostream &Out)
	 Some nuclei have troubles, see transcript U5_1.1_8_80_P6_0.15_8_1.2_9_9.8_0_5.1_1_0.72_2_0.72_A1_0.75_P_30/inp033.err for more details.
ERROR in MURE::BuildMCNPFile
	 Some nuclei have troubles, see transcript U5_1.1_8_80_P6_0.15_8_1.2_9_9.8_0_5.1_1_0.72_2_0.72_A1_0.75_P_30/inp034.err for more details.
ERROR in MURE::WriteMaterial(ostream &Out)
	 Some nuclei have troubles, see transcript U5_1.1_8_80_P6_0.15_8_1.2_9_9.8_0_5.1_1_0.72_2_0.72_A1_0.75_P_30/inp034.err for more details.
ERROR in MURE::BuildMCNPFile
	 Some nuclei have troubles, see transcript U5_1.1_8_80_P6_0.15_8_1.2_9_9.8_0_5.1_1_0.72_2_0.72_A1_0.75_P_30/inp035.err for more details.
ERROR in MURE::WriteMaterial(ostream &Out)
	 Some nuclei have troubles, see transcript U5_1.1_8_80_P6_0.15_8_1.2_9_9.8_0_5.1_1_0.72_2_0.72_A1_0.75_P_30/inp035.err for more details.
ERROR in MURE::BuildMCNPFile
	 Some nuclei have troubles, see transcript U5_1.1_8_80_P6_0.15_8_1.2_9_9.8_0_5.1_1_0.72_2_0.72_A1_0.75_P_30/inp036.err for more details.
ERROR in MURE::WriteMaterial(ostream &Out)
	 Some nuclei have troubles, see transcript U5_1.1_8_80_P6_0.15_8_1.2_9_9.8_0_5.1_1_0.72_2_0.72_A1_0.75_P_30/inp036.err for more details.
ERROR in MURE::BuildMCNPFile
	 Some nuclei have troubles, see transcript U5_1.1_8_80_P6_0.15_8_1.2_9_9.8_0_5.1_1_0.72_2_0.72_A1_0.75_P_30/inp037.err for more details.
ERROR in MURE::WriteMaterial(ostream &Out)
	 Some nuclei have troubles, see transcript U5_1.1_8_80_P6_0.15_8_1.2_9_9.8_0_5.1_1_0.72_2_0.72_A1_0.75_P_30/inp037.err for more details.
ERROR in MURE::BuildMCNPFile
	 Some nuclei have troubles, see transcript U5_1.1_8_80_P6_0.15_8_1.2_9_9.8_0_5.1_1_0.72_2_0.72_A1_0.75_P_30/inp038.err for more details.
ERROR in MURE::WriteMaterial(ostream &Out)
	 Some nuclei have troubles, see transcript U5_1.1_8_80_P6_0.15_8_1.2_9_9.8_0_5.1_1_0.72_2_0.72_A1_0.75_P_30/inp038.err for more details.
ERROR in MURE::BuildMCNPFile
	 Some nuclei have troubles, see transcript U5_1.1_8_80_P6_0.15_8_1.2_9_9.8_0_5.1_1_0.72_2_0.72_A1_0.75_P_30/inp039.err for more details.
ERROR in MURE::WriteMaterial(ostream &Out)
	 Some nuclei have troubles, see transcript U5_1.1_8_80_P6_0.15_8_1.2_9_9.8_0_5.1_1_0.72_2_0.72_A1_0.75_P_30/inp039.err for more details.
ERROR in MURE::BuildMCNPFile
	 Some nuclei have troubles, see transcript U5_1.1_8_80_P6_0.15_8_1.2_9_9.8_0_5.1_1_0.72_2_0.72_A1_0.75_P_30/inp040.err for more details.
ERROR in MURE::WriteMaterial(ostream &Out)
	 Some nuclei have troubles, see transcript U5_1.1_8_80_P6_0.15_8_1.2_9_9.8_0_5.1_1_0.72_2_0.72_A1_0.75_P_30/inp040.err for more details.
ERROR in MURE::BuildMCNPFile
	 Some nuclei have troubles, see transcript U5_1.1_8_80_P6_0.15_8_1.2_9_9.8_0_5.1_1_0.72_2_0.72_A1_0.75_P_30/inp041.err for more details.
ERROR in MURE::WriteMaterial(ostream &Out)
	 Some nuclei have troubles, see transcript U5_1.1_8_80_P6_0.15_8_1.2_9_9.8_0_5.1_1_0.72_2_0.72_A1_0.75_P_30/inp041.err for more details.
ERROR in MURE::BuildMCNPFile
	 Some nuclei have troubles, see transcript U5_1.1_8_80_P6_0.15_8_1.2_9_9.8_0_5.1_1_0.72_2_0.72_A1_0.75_P_30/inp042.err for more details.
ERROR in MURE::WriteMaterial(ostream &Out)
	 Some nuclei have troubles, see transcript U5_1.1_8_80_P6_0.15_8_1.2_9_9.8_0_5.1_1_0.72_2_0.72_A1_0.75_P_30/inp042.err for more details.
ERROR in MURE::BuildMCNPFile
	 Some nuclei have troubles, see transcript U5_1.1_8_80_P6_0.15_8_1.2_9_9.8_0_5.1_1_0.72_2_0.72_A1_0.75_P_30/inp043.err for more details.
ERROR in MURE::WriteMaterial(ostream &Out)
	 Some nuclei have troubles, see transcript U5_1.1_8_80_P6_0.15_8_1.2_9_9.8_0_5.1_1_0.72_2_0.72_A1_0.75_P_30/inp043.err for more details.
ERROR in MURE::BuildMCNPFile
	 Some nuclei have troubles, see transcript U5_1.1_8_80_P6_0.15_8_1.2_9_9.8_0_5.1_1_0.72_2_0.72_A1_0.75_P_30/inp044.err for more details.
ERROR in MURE::WriteMaterial(ostream &Out)
	 Some nuclei have troubles, see transcript U5_1.1_8_80_P6_0.15_8_1.2_9_9.8_0_5.1_1_0.72_2_0.72_A1_0.75_P_30/inp044.err for more details.
ERROR in MURE::BuildMCNPFile
	 Some nuclei have troubles, see transcript U5_1.1_8_80_P6_0.15_8_1.2_9_9.8_0_5.1_1_0.72_2_0.72_A1_0.75_P_30/inp045.err for more details.
ERROR in MURE::WriteMaterial(ostream &Out)
	 Some nuclei have troubles, see transcript U5_1.1_8_80_P6_0.15_8_1.2_9_9.8_0_5.1_1_0.72_2_0.72_A1_0.75_P_30/inp045.err for more details.
ERROR in MURE::BuildMCNPFile
	 Some nuclei have troubles, see transcript U5_1.1_8_80_P6_0.15_8_1.2_9_9.8_0_5.1_1_0.72_2_0.72_A1_0.75_P_30/inp046.err for more details.
ERROR in MURE::WriteMaterial(ostream &Out)
	 Some nuclei have troubles, see transcript U5_1.1_8_80_P6_0.15_8_1.2_9_9.8_0_5.1_1_0.72_2_0.72_A1_0.75_P_30/inp046.err for more details.
ERROR in MURE::BuildMCNPFile
	 Some nuclei have troubles, see transcript U5_1.1_8_80_P6_0.15_8_1.2_9_9.8_0_5.1_1_0.72_2_0.72_A1_0.75_P_30/inp047.err for more details.
ERROR in MURE::WriteMaterial(ostream &Out)
	 Some nuclei have troubles, see transcript U5_1.1_8_80_P6_0.15_8_1.2_9_9.8_0_5.1_1_0.72_2_0.72_A1_0.75_P_30/inp047.err for more details.
ERROR in MURE::BuildMCNPFile
	 Some nuclei have troubles, see transcript U5_1.1_8_80_P6_0.15_8_1.2_9_9.8_0_5.1_1_0.72_2_0.72_A1_0.75_P_30/inp048.err for more details.
ERROR in MURE::WriteMaterial(ostream &Out)
	 Some nuclei have troubles, see transcript U5_1.1_8_80_P6_0.15_8_1.2_9_9.8_0_5.1_1_0.72_2_0.72_A1_0.75_P_30/inp048.err for more details.
ERROR in MURE::BuildMCNPFile
	 Some nuclei have troubles, see transcript U5_1.1_8_80_P6_0.15_8_1.2_9_9.8_0_5.1_1_0.72_2_0.72_A1_0.75_P_30/inp049.err for more details.
ERROR in MURE::WriteMaterial(ostream &Out)
	 Some nuclei have troubles, see transcript U5_1.1_8_80_P6_0.15_8_1.2_9_9.8_0_5.1_1_0.72_2_0.72_A1_0.75_P_30/inp049.err for more details.
ERROR in MURE::BuildMCNPFile
	 Some nuclei have troubles, see transcript U5_1.1_8_80_P6_0.15_8_1.2_9_9.8_0_5.1_1_0.72_2_0.72_A1_0.75_P_30/inp050.err for more details.
ERROR in MURE::WriteMaterial(ostream &Out)
	 Some nuclei have troubles, see transcript U5_1.1_8_80_P6_0.15_8_1.2_9_9.8_0_5.1_1_0.72_2_0.72_A1_0.75_P_30/inp050.err for more details.
ERROR in MURE::BuildMCNPFile
	 Some nuclei have troubles, see transcript U5_1.1_8_80_P6_0.15_8_1.2_9_9.8_0_5.1_1_0.72_2_0.72_A1_0.75_P_30/inp051.err for more details.
ERROR in MURE::WriteMaterial(ostream &Out)
	 Some nuclei have troubles, see transcript U5_1.1_8_80_P6_0.15_8_1.2_9_9.8_0_5.1_1_0.72_2_0.72_A1_0.75_P_30/inp051.err for more details.
ERROR in MURE::BuildMCNPFile
	 Some nuclei have troubles, see transcript U5_1.1_8_80_P6_0.15_8_1.2_9_9.8_0_5.1_1_0.72_2_0.72_A1_0.75_P_30/inp052.err for more details.
ERROR in MURE::WriteMaterial(ostream &Out)
	 Some nuclei have troubles, see transcript U5_1.1_8_80_P6_0.15_8_1.2_9_9.8_0_5.1_1_0.72_2_0.72_A1_0.75_P_30/inp052.err for more details.
ERROR in MURE::BuildMCNPFile
	 Some nuclei have troubles, see transcript U5_1.1_8_80_P6_0.15_8_1.2_9_9.8_0_5.1_1_0.72_2_0.72_A1_0.75_P_30/inp053.err for more details.
ERROR in MURE::WriteMaterial(ostream &Out)
	 Some nuclei have troubles, see transcript U5_1.1_8_80_P6_0.15_8_1.2_9_9.8_0_5.1_1_0.72_2_0.72_A1_0.75_P_30/inp053.err for more details.
ERROR in MURE::BuildMCNPFile
	 Some nuclei have troubles, see transcript U5_1.1_8_80_P6_0.15_8_1.2_9_9.8_0_5.1_1_0.72_2_0.72_A1_0.75_P_30/inp054.err for more details.
ERROR in MURE::WriteMaterial(ostream &Out)
	 Some nuclei have troubles, see transcript U5_1.1_8_80_P6_0.15_8_1.2_9_9.8_0_5.1_1_0.72_2_0.72_A1_0.75_P_30/inp054.err for more details.
ERROR in MURE::BuildMCNPFile
	 Some nuclei have troubles, see transcript U5_1.1_8_80_P6_0.15_8_1.2_9_9.8_0_5.1_1_0.72_2_0.72_A1_0.75_P_30/inp055.err for more details.
ERROR in MURE::WriteMaterial(ostream &Out)
	 Some nuclei have troubles, see transcript U5_1.1_8_80_P6_0.15_8_1.2_9_9.8_0_5.1_1_0.72_2_0.72_A1_0.75_P_30/inp055.err for more details.
ERROR in MURE::BuildMCNPFile
	 Some nuclei have troubles, see transcript U5_1.1_8_80_P6_0.15_8_1.2_9_9.8_0_5.1_1_0.72_2_0.72_A1_0.75_P_30/inp056.err for more details.
ERROR in MURE::WriteMaterial(ostream &Out)
	 Some nuclei have troubles, see transcript U5_1.1_8_80_P6_0.15_8_1.2_9_9.8_0_5.1_1_0.72_2_0.72_A1_0.75_P_30/inp056.err for more details.
ERROR in MURE::BuildMCNPFile
	 Some nuclei have troubles, see transcript U5_1.1_8_80_P6_0.15_8_1.2_9_9.8_0_5.1_1_0.72_2_0.72_A1_0.75_P_30/inp057.err for more details.
ERROR in MURE::WriteMaterial(ostream &Out)
	 Some nuclei have troubles, see transcript U5_1.1_8_80_P6_0.15_8_1.2_9_9.8_0_5.1_1_0.72_2_0.72_A1_0.75_P_30/inp057.err for more details.
ERROR in MURE::BuildMCNPFile
	 Some nuclei have troubles, see transcript U5_1.1_8_80_P6_0.15_8_1.2_9_9.8_0_5.1_1_0.72_2_0.72_A1_0.75_P_30/inp058.err for more details.
ERROR in MURE::WriteMaterial(ostream &Out)
	 Some nuclei have troubles, see transcript U5_1.1_8_80_P6_0.15_8_1.2_9_9.8_0_5.1_1_0.72_2_0.72_A1_0.75_P_30/inp058.err for more details.
ERROR in MURE::BuildMCNPFile
	 Some nuclei have troubles, see transcript U5_1.1_8_80_P6_0.15_8_1.2_9_9.8_0_5.1_1_0.72_2_0.72_A1_0.75_P_30/inp059.err for more details.
ERROR in MURE::WriteMaterial(ostream &Out)
	 Some nuclei have troubles, see transcript U5_1.1_8_80_P6_0.15_8_1.2_9_9.8_0_5.1_1_0.72_2_0.72_A1_0.75_P_30/inp059.err for more details.
ERROR in MURE::BuildMCNPFile
	 Some nuclei have troubles, see transcript U5_1.1_8_80_P6_0.15_8_1.2_9_9.8_0_5.1_1_0.72_2_0.72_A1_0.75_P_30/inp060.err for more details.
ERROR in MURE::WriteMaterial(ostream &Out)
	 Some nuclei have troubles, see transcript U5_1.1_8_80_P6_0.15_8_1.2_9_9.8_0_5.1_1_0.72_2_0.72_A1_0.75_P_30/inp060.err for more details.
ERROR in MURE::BuildMCNPFile
	 Some nuclei have troubles, see transcript U5_1.1_8_80_P6_0.15_8_1.2_9_9.8_0_5.1_1_0.72_2_0.72_A1_0.75_P_30/inp061.err for more details.
ERROR in MURE::WriteMaterial(ostream &Out)
	 Some nuclei have troubles, see transcript U5_1.1_8_80_P6_0.15_8_1.2_9_9.8_0_5.1_1_0.72_2_0.72_A1_0.75_P_30/inp061.err for more details.
ERROR in MURE::BuildMCNPFile
	 Some nuclei have troubles, see transcript U5_1.1_8_80_P6_0.15_8_1.2_9_9.8_0_5.1_1_0.72_2_0.72_A1_0.75_P_30/inp062.err for more details.
ERROR in MURE::WriteMaterial(ostream &Out)
	 Some nuclei have troubles, see transcript U5_1.1_8_80_P6_0.15_8_1.2_9_9.8_0_5.1_1_0.72_2_0.72_A1_0.75_P_30/inp062.err for more details.
ERROR in MURE::BuildMCNPFile
	 Some nuclei have troubles, see transcript U5_1.1_8_80_P6_0.15_8_1.2_9_9.8_0_5.1_1_0.72_2_0.72_A1_0.75_P_30/inp063.err for more details.
ERROR in MURE::WriteMaterial(ostream &Out)
	 Some nuclei have troubles, see transcript U5_1.1_8_80_P6_0.15_8_1.2_9_9.8_0_5.1_1_0.72_2_0.72_A1_0.75_P_30/inp063.err for more details.
ERROR in MURE::BuildMCNPFile
	 Some nuclei have troubles, see transcript U5_1.1_8_80_P6_0.15_8_1.2_9_9.8_0_5.1_1_0.72_2_0.72_A1_0.75_P_30/inp064.err for more details.
ERROR in MURE::WriteMaterial(ostream &Out)
	 Some nuclei have troubles, see transcript U5_1.1_8_80_P6_0.15_8_1.2_9_9.8_0_5.1_1_0.72_2_0.72_A1_0.75_P_30/inp064.err for more details.
ERROR in MURE::BuildMCNPFile
	 Some nuclei have troubles, see transcript U5_1.1_8_80_P6_0.15_8_1.2_9_9.8_0_5.1_1_0.72_2_0.72_A1_0.75_P_30/inp065.err for more details.
ERROR in MURE::WriteMaterial(ostream &Out)
	 Some nuclei have troubles, see transcript U5_1.1_8_80_P6_0.15_8_1.2_9_9.8_0_5.1_1_0.72_2_0.72_A1_0.75_P_30/inp065.err for more details.
ERROR in MURE::BuildMCNPFile
	 Some nuclei have troubles, see transcript U5_1.1_8_80_P6_0.15_8_1.2_9_9.8_0_5.1_1_0.72_2_0.72_A1_0.75_P_30/inp066.err for more details.
ERROR in MURE::WriteMaterial(ostream &Out)
	 Some nuclei have troubles, see transcript U5_1.1_8_80_P6_0.15_8_1.2_9_9.8_0_5.1_1_0.72_2_0.72_A1_0.75_P_30/inp066.err for more details.
ERROR in MURE::BuildMCNPFile
	 Some nuclei have troubles, see transcript U5_1.1_8_80_P6_0.15_8_1.2_9_9.8_0_5.1_1_0.72_2_0.72_A1_0.75_P_30/inp067.err for more details.
ERROR in MURE::WriteMaterial(ostream &Out)
	 Some nuclei have troubles, see transcript U5_1.1_8_80_P6_0.15_8_1.2_9_9.8_0_5.1_1_0.72_2_0.72_A1_0.75_P_30/inp067.err for more details.
ERROR in MURE::BuildMCNPFile
	 Some nuclei have troubles, see transcript U5_1.1_8_80_P6_0.15_8_1.2_9_9.8_0_5.1_1_0.72_2_0.72_A1_0.75_P_30/inp068.err for more details.
ERROR in MURE::WriteMaterial(ostream &Out)
	 Some nuclei have troubles, see transcript U5_1.1_8_80_P6_0.15_8_1.2_9_9.8_0_5.1_1_0.72_2_0.72_A1_0.75_P_30/inp068.err for more details.
ERROR in MURE::BuildMCNPFile
	 Some nuclei have troubles, see transcript U5_1.1_8_80_P6_0.15_8_1.2_9_9.8_0_5.1_1_0.72_2_0.72_A1_0.75_P_30/inp069.err for more details.
ERROR in MURE::WriteMaterial(ostream &Out)
	 Some nuclei have troubles, see transcript U5_1.1_8_80_P6_0.15_8_1.2_9_9.8_0_5.1_1_0.72_2_0.72_A1_0.75_P_30/inp069.err for more details.
ERROR in MURE::BuildMCNPFile
	 Some nuclei have troubles, see transcript U5_1.1_8_80_P6_0.15_8_1.2_9_9.8_0_5.1_1_0.72_2_0.72_A1_0.75_P_30/inp070.err for more details.
ERROR in MURE::WriteMaterial(ostream &Out)
	 Some nuclei have troubles, see transcript U5_1.1_8_80_P6_0.15_8_1.2_9_9.8_0_5.1_1_0.72_2_0.72_A1_0.75_P_30/inp070.err for more details.
ERROR in MURE::BuildMCNPFile
	 Some nuclei have troubles, see transcript U5_1.1_8_80_P6_0.15_8_1.2_9_9.8_0_5.1_1_0.72_2_0.72_A1_0.75_P_30/inp071.err for more details.
ERROR in MURE::WriteMaterial(ostream &Out)
	 Some nuclei have troubles, see transcript U5_1.1_8_80_P6_0.15_8_1.2_9_9.8_0_5.1_1_0.72_2_0.72_A1_0.75_P_30/inp071.err for more details.
ERROR in MURE::BuildMCNPFile
	 Some nuclei have troubles, see transcript U5_1.1_8_80_P6_0.15_8_1.2_9_9.8_0_5.1_1_0.72_2_0.72_A1_0.75_P_30/inp072.err for more details.
ERROR in MURE::WriteMaterial(ostream &Out)
	 Some nuclei have troubles, see transcript U5_1.1_8_80_P6_0.15_8_1.2_9_9.8_0_5.1_1_0.72_2_0.72_A1_0.75_P_30/inp072.err for more details.
ERROR in MURE::BuildMCNPFile
	 Some nuclei have troubles, see transcript U5_1.1_8_80_P6_0.15_8_1.2_9_9.8_0_5.1_1_0.72_2_0.72_A1_0.75_P_30/inp073.err for more details.
ERROR in MURE::WriteMaterial(ostream &Out)
	 Some nuclei have troubles, see transcript U5_1.1_8_80_P6_0.15_8_1.2_9_9.8_0_5.1_1_0.72_2_0.72_A1_0.75_P_30/inp073.err for more details.
ERROR in MURE::BuildMCNPFile
	 Some nuclei have troubles, see transcript U5_1.1_8_80_P6_0.15_8_1.2_9_9.8_0_5.1_1_0.72_2_0.72_A1_0.75_P_30/inp074.err for more details.
ERROR in MURE::WriteMaterial(ostream &Out)
	 Some nuclei have troubles, see transcript U5_1.1_8_80_P6_0.15_8_1.2_9_9.8_0_5.1_1_0.72_2_0.72_A1_0.75_P_30/inp074.err for more details.
ERROR in MURE::BuildMCNPFile
	 Some nuclei have troubles, see transcript U5_1.1_8_80_P6_0.15_8_1.2_9_9.8_0_5.1_1_0.72_2_0.72_A1_0.75_P_30/inp075.err for more details.
ERROR in MURE::WriteMaterial(ostream &Out)
	 Some nuclei have troubles, see transcript U5_1.1_8_80_P6_0.15_8_1.2_9_9.8_0_5.1_1_0.72_2_0.72_A1_0.75_P_30/inp075.err for more details.
ERROR in MURE::BuildMCNPFile
	 Some nuclei have troubles, see transcript U5_1.1_8_80_P6_0.15_8_1.2_9_9.8_0_5.1_1_0.72_2_0.72_A1_0.75_P_30/inp076.err for more details.
ERROR in MURE::WriteMaterial(ostream &Out)
	 Some nuclei have troubles, see transcript U5_1.1_8_80_P6_0.15_8_1.2_9_9.8_0_5.1_1_0.72_2_0.72_A1_0.75_P_30/inp076.err for more details.
ERROR in MURE::BuildMCNPFile
	 Some nuclei have troubles, see transcript U5_1.1_8_80_P6_0.15_8_1.2_9_9.8_0_5.1_1_0.72_2_0.72_A1_0.75_P_30/inp077.err for more details.
ERROR in MURE::WriteMaterial(ostream &Out)
	 Some nuclei have troubles, see transcript U5_1.1_8_80_P6_0.15_8_1.2_9_9.8_0_5.1_1_0.72_2_0.72_A1_0.75_P_30/inp077.err for more details.
ERROR in MURE::BuildMCNPFile
	 Some nuclei have troubles, see transcript U5_1.1_8_80_P6_0.15_8_1.2_9_9.8_0_5.1_1_0.72_2_0.72_A1_0.75_P_30/inp078.err for more details.
ERROR in MURE::WriteMaterial(ostream &Out)
	 Some nuclei have troubles, see transcript U5_1.1_8_80_P6_0.15_8_1.2_9_9.8_0_5.1_1_0.72_2_0.72_A1_0.75_P_30/inp078.err for more details.
ERROR in MURE::BuildMCNPFile
	 Some nuclei have troubles, see transcript U5_1.1_8_80_P6_0.15_8_1.2_9_9.8_0_5.1_1_0.72_2_0.72_A1_0.75_P_30/inp079.err for more details.
ERROR in MURE::WriteMaterial(ostream &Out)
	 Some nuclei have troubles, see transcript U5_1.1_8_80_P6_0.15_8_1.2_9_9.8_0_5.1_1_0.72_2_0.72_A1_0.75_P_30/inp079.err for more details.
* About to connect() to ftp.box.com port 21 (#0)
*   Trying 107.152.25.220... connected
* Connected to ftp.box.com (107.152.25.220) port 21 (#0)
< 220 Service ready for new user.
> AUTH SSL
< 234 Command AUTH okay; starting SSL connection.
* Initializing NSS with certpath: sql:/etc/pki/nssdb
*   CAfile: /etc/pki/tls/certs/ca-bundle.crt
  CApath: none
* SSL connection using TLS_RSA_WITH_AES_128_CBC_SHA
* Server certificate:
* 	subject: CN=*.box.com,O="Box, Inc.",L=Los Altos,ST=California,C=US
* 	start date: Nov 13 19:22:20 2014 GMT
* 	expire date: Oct 23 02:42:03 2017 GMT
* 	common name: *.box.com
* 	issuer: CN=GeoTrust SSL CA - G4,O=GeoTrust Inc.,C=US
> USER mouginot@wisc.edu
< 331 User name okay, need password for mouginot@wisc.edu.
> PASS line150782
< 230 User logged in, proceed.
> PBSZ 0
< 200 Command PBSZ okay.
> PROT P
< 200 Command PROT okay.
> PWD
< 257 "/" is current directory.
* Entry path is '/'
> CWD MODEL_DATA
< 250 Directory changed to /MODEL_DATA
> CWD PWR_TRU_MOX_PSPEC
< 250 Directory changed to /MODEL_DATA/PWR_TRU_MOX_PSPEC
> CWD 1000
< 250 Directory changed to /MODEL_DATA/PWR_TRU_MOX_PSPEC/1000
> PASV
* Connect data stream passively
< 227 Entering Passive Mode (107,152,25,220,51,125)
* Skips 107.152.25.220 for data connection, uses 107.152.25.220 instead
*   Trying 107.152.25.220... connected
* Connecting to 107.152.25.220 (107.152.25.220) port 13181
> TYPE I
< 200 Command TYPE okay.
> STOR 644_raw.tar.gz
< 150 File status okay; about to open data connection.
* Doing the SSL/TLS handshake on the data stream
*   CAfile: /etc/pki/tls/certs/ca-bundle.crt
  CApath: none
* SSL connection using TLS_RSA_WITH_AES_128_CBC_SHA
* Server certificate:
* 	subject: CN=*.box.com,O="Box, Inc.",L=Los Altos,ST=California,C=US
* 	start date: Nov 13 19:22:20 2014 GMT
* 	expire date: Oct 23 02:42:03 2017 GMT
* 	common name: *.box.com
* 	issuer: CN=GeoTrust SSL CA - G4,O=GeoTrust Inc.,C=US
} [data not shown]
  % Total    % Received % Xferd  Average Speed   Time    Time     Time  Current
                                 Dload  Upload   Total   Spent    Left  Speed
  0 43.5M    0     0    0 16384      0   2887  4:23:48  0:00:05  4:23:43  2887  2 43.5M    0     0    2 1248k      0   197k  0:03:45  0:00:06  0:03:39 1955k 31 43.5M    0     0   31 13.5M      0  1904k  0:00:23  0:00:07  0:00:16 8503k 42 43.5M    0     0   42 18.3M      0  2250k  0:00:19  0:00:08  0:00:11 7048k 59 43.5M    0     0   59 26.0M      0  2859k  0:00:15  0:00:09  0:00:06 7295k 86 43.5M    0     0   86 37.6M      0  3737k  0:00:11  0:00:10  0:00:01 8308k* Remembering we are in dir "MODEL_DATA/PWR_TRU_MOX_PSPEC/1000/"
< 226 Transfer complete.
100 43.5M    0     0  100 43.5M      0  3850k  0:00:11  0:00:11 --:--:-- 8206k* Connection #0 to host ftp.box.com left intact

> QUIT
< 221 Goodbye.
* Closing connection #0
