ERROR in MURE::BuildXSDIR()
	 Some nuclei have troubles, see transcript U5_0.86_8_81_P6_0.2_8_1.1_9_9.6_0_3.7_1_1.1_2_2.4_A1_0.17_P_24/inp000.err for more details.
ERROR in MURE::BuildMCNPFile
	 Some nuclei have troubles, see transcript U5_0.86_8_81_P6_0.2_8_1.1_9_9.6_0_3.7_1_1.1_2_2.4_A1_0.17_P_24/inp000.err for more details.
ERROR in MURE::WriteMaterial(ostream &Out)
	 Some nuclei have troubles, see transcript U5_0.86_8_81_P6_0.2_8_1.1_9_9.6_0_3.7_1_1.1_2_2.4_A1_0.17_P_24/inp000.err for more details.
ERROR in MURE::BuildMCNPFile
	 Some nuclei have troubles, see transcript U5_0.86_8_81_P6_0.2_8_1.1_9_9.6_0_3.7_1_1.1_2_2.4_A1_0.17_P_24/inp001.err for more details.
ERROR in MURE::WriteMaterial(ostream &Out)
	 Some nuclei have troubles, see transcript U5_0.86_8_81_P6_0.2_8_1.1_9_9.6_0_3.7_1_1.1_2_2.4_A1_0.17_P_24/inp001.err for more details.
ERROR in MURE::BuildMCNPFile
	 Some nuclei have troubles, see transcript U5_0.86_8_81_P6_0.2_8_1.1_9_9.6_0_3.7_1_1.1_2_2.4_A1_0.17_P_24/inp002.err for more details.
ERROR in MURE::WriteMaterial(ostream &Out)
	 Some nuclei have troubles, see transcript U5_0.86_8_81_P6_0.2_8_1.1_9_9.6_0_3.7_1_1.1_2_2.4_A1_0.17_P_24/inp002.err for more details.
ERROR in MURE::BuildMCNPFile
	 Some nuclei have troubles, see transcript U5_0.86_8_81_P6_0.2_8_1.1_9_9.6_0_3.7_1_1.1_2_2.4_A1_0.17_P_24/inp003.err for more details.
ERROR in MURE::WriteMaterial(ostream &Out)
	 Some nuclei have troubles, see transcript U5_0.86_8_81_P6_0.2_8_1.1_9_9.6_0_3.7_1_1.1_2_2.4_A1_0.17_P_24/inp003.err for more details.
ERROR in MURE::BuildMCNPFile
	 Some nuclei have troubles, see transcript U5_0.86_8_81_P6_0.2_8_1.1_9_9.6_0_3.7_1_1.1_2_2.4_A1_0.17_P_24/inp004.err for more details.
ERROR in MURE::WriteMaterial(ostream &Out)
	 Some nuclei have troubles, see transcript U5_0.86_8_81_P6_0.2_8_1.1_9_9.6_0_3.7_1_1.1_2_2.4_A1_0.17_P_24/inp004.err for more details.
ERROR in MURE::BuildMCNPFile
	 Some nuclei have troubles, see transcript U5_0.86_8_81_P6_0.2_8_1.1_9_9.6_0_3.7_1_1.1_2_2.4_A1_0.17_P_24/inp005.err for more details.
ERROR in MURE::WriteMaterial(ostream &Out)
	 Some nuclei have troubles, see transcript U5_0.86_8_81_P6_0.2_8_1.1_9_9.6_0_3.7_1_1.1_2_2.4_A1_0.17_P_24/inp005.err for more details.
ERROR in MURE::BuildMCNPFile
	 Some nuclei have troubles, see transcript U5_0.86_8_81_P6_0.2_8_1.1_9_9.6_0_3.7_1_1.1_2_2.4_A1_0.17_P_24/inp006.err for more details.
ERROR in MURE::WriteMaterial(ostream &Out)
	 Some nuclei have troubles, see transcript U5_0.86_8_81_P6_0.2_8_1.1_9_9.6_0_3.7_1_1.1_2_2.4_A1_0.17_P_24/inp006.err for more details.
ERROR in MURE::BuildMCNPFile
	 Some nuclei have troubles, see transcript U5_0.86_8_81_P6_0.2_8_1.1_9_9.6_0_3.7_1_1.1_2_2.4_A1_0.17_P_24/inp007.err for more details.
ERROR in MURE::WriteMaterial(ostream &Out)
	 Some nuclei have troubles, see transcript U5_0.86_8_81_P6_0.2_8_1.1_9_9.6_0_3.7_1_1.1_2_2.4_A1_0.17_P_24/inp007.err for more details.
ERROR in MURE::BuildMCNPFile
	 Some nuclei have troubles, see transcript U5_0.86_8_81_P6_0.2_8_1.1_9_9.6_0_3.7_1_1.1_2_2.4_A1_0.17_P_24/inp008.err for more details.
ERROR in MURE::WriteMaterial(ostream &Out)
	 Some nuclei have troubles, see transcript U5_0.86_8_81_P6_0.2_8_1.1_9_9.6_0_3.7_1_1.1_2_2.4_A1_0.17_P_24/inp008.err for more details.
ERROR in MURE::BuildMCNPFile
	 Some nuclei have troubles, see transcript U5_0.86_8_81_P6_0.2_8_1.1_9_9.6_0_3.7_1_1.1_2_2.4_A1_0.17_P_24/inp009.err for more details.
ERROR in MURE::WriteMaterial(ostream &Out)
	 Some nuclei have troubles, see transcript U5_0.86_8_81_P6_0.2_8_1.1_9_9.6_0_3.7_1_1.1_2_2.4_A1_0.17_P_24/inp009.err for more details.
ERROR in MURE::BuildMCNPFile
	 Some nuclei have troubles, see transcript U5_0.86_8_81_P6_0.2_8_1.1_9_9.6_0_3.7_1_1.1_2_2.4_A1_0.17_P_24/inp010.err for more details.
ERROR in MURE::WriteMaterial(ostream &Out)
	 Some nuclei have troubles, see transcript U5_0.86_8_81_P6_0.2_8_1.1_9_9.6_0_3.7_1_1.1_2_2.4_A1_0.17_P_24/inp010.err for more details.
ERROR in MURE::BuildMCNPFile
	 Some nuclei have troubles, see transcript U5_0.86_8_81_P6_0.2_8_1.1_9_9.6_0_3.7_1_1.1_2_2.4_A1_0.17_P_24/inp011.err for more details.
ERROR in MURE::WriteMaterial(ostream &Out)
	 Some nuclei have troubles, see transcript U5_0.86_8_81_P6_0.2_8_1.1_9_9.6_0_3.7_1_1.1_2_2.4_A1_0.17_P_24/inp011.err for more details.
ERROR in MURE::BuildMCNPFile
	 Some nuclei have troubles, see transcript U5_0.86_8_81_P6_0.2_8_1.1_9_9.6_0_3.7_1_1.1_2_2.4_A1_0.17_P_24/inp012.err for more details.
ERROR in MURE::WriteMaterial(ostream &Out)
	 Some nuclei have troubles, see transcript U5_0.86_8_81_P6_0.2_8_1.1_9_9.6_0_3.7_1_1.1_2_2.4_A1_0.17_P_24/inp012.err for more details.
ERROR in MURE::BuildMCNPFile
	 Some nuclei have troubles, see transcript U5_0.86_8_81_P6_0.2_8_1.1_9_9.6_0_3.7_1_1.1_2_2.4_A1_0.17_P_24/inp013.err for more details.
ERROR in MURE::WriteMaterial(ostream &Out)
	 Some nuclei have troubles, see transcript U5_0.86_8_81_P6_0.2_8_1.1_9_9.6_0_3.7_1_1.1_2_2.4_A1_0.17_P_24/inp013.err for more details.
ERROR in MURE::BuildMCNPFile
	 Some nuclei have troubles, see transcript U5_0.86_8_81_P6_0.2_8_1.1_9_9.6_0_3.7_1_1.1_2_2.4_A1_0.17_P_24/inp014.err for more details.
ERROR in MURE::WriteMaterial(ostream &Out)
	 Some nuclei have troubles, see transcript U5_0.86_8_81_P6_0.2_8_1.1_9_9.6_0_3.7_1_1.1_2_2.4_A1_0.17_P_24/inp014.err for more details.
ERROR in MURE::BuildMCNPFile
	 Some nuclei have troubles, see transcript U5_0.86_8_81_P6_0.2_8_1.1_9_9.6_0_3.7_1_1.1_2_2.4_A1_0.17_P_24/inp015.err for more details.
ERROR in MURE::WriteMaterial(ostream &Out)
	 Some nuclei have troubles, see transcript U5_0.86_8_81_P6_0.2_8_1.1_9_9.6_0_3.7_1_1.1_2_2.4_A1_0.17_P_24/inp015.err for more details.
ERROR in MURE::BuildMCNPFile
	 Some nuclei have troubles, see transcript U5_0.86_8_81_P6_0.2_8_1.1_9_9.6_0_3.7_1_1.1_2_2.4_A1_0.17_P_24/inp016.err for more details.
ERROR in MURE::WriteMaterial(ostream &Out)
	 Some nuclei have troubles, see transcript U5_0.86_8_81_P6_0.2_8_1.1_9_9.6_0_3.7_1_1.1_2_2.4_A1_0.17_P_24/inp016.err for more details.
ERROR in MURE::BuildMCNPFile
	 Some nuclei have troubles, see transcript U5_0.86_8_81_P6_0.2_8_1.1_9_9.6_0_3.7_1_1.1_2_2.4_A1_0.17_P_24/inp017.err for more details.
ERROR in MURE::WriteMaterial(ostream &Out)
	 Some nuclei have troubles, see transcript U5_0.86_8_81_P6_0.2_8_1.1_9_9.6_0_3.7_1_1.1_2_2.4_A1_0.17_P_24/inp017.err for more details.
ERROR in MURE::BuildMCNPFile
	 Some nuclei have troubles, see transcript U5_0.86_8_81_P6_0.2_8_1.1_9_9.6_0_3.7_1_1.1_2_2.4_A1_0.17_P_24/inp018.err for more details.
ERROR in MURE::WriteMaterial(ostream &Out)
	 Some nuclei have troubles, see transcript U5_0.86_8_81_P6_0.2_8_1.1_9_9.6_0_3.7_1_1.1_2_2.4_A1_0.17_P_24/inp018.err for more details.
ERROR in MURE::BuildMCNPFile
	 Some nuclei have troubles, see transcript U5_0.86_8_81_P6_0.2_8_1.1_9_9.6_0_3.7_1_1.1_2_2.4_A1_0.17_P_24/inp019.err for more details.
ERROR in MURE::WriteMaterial(ostream &Out)
	 Some nuclei have troubles, see transcript U5_0.86_8_81_P6_0.2_8_1.1_9_9.6_0_3.7_1_1.1_2_2.4_A1_0.17_P_24/inp019.err for more details.
ERROR in MURE::BuildMCNPFile
	 Some nuclei have troubles, see transcript U5_0.86_8_81_P6_0.2_8_1.1_9_9.6_0_3.7_1_1.1_2_2.4_A1_0.17_P_24/inp020.err for more details.
ERROR in MURE::WriteMaterial(ostream &Out)
	 Some nuclei have troubles, see transcript U5_0.86_8_81_P6_0.2_8_1.1_9_9.6_0_3.7_1_1.1_2_2.4_A1_0.17_P_24/inp020.err for more details.
ERROR in MURE::BuildMCNPFile
	 Some nuclei have troubles, see transcript U5_0.86_8_81_P6_0.2_8_1.1_9_9.6_0_3.7_1_1.1_2_2.4_A1_0.17_P_24/inp021.err for more details.
ERROR in MURE::WriteMaterial(ostream &Out)
	 Some nuclei have troubles, see transcript U5_0.86_8_81_P6_0.2_8_1.1_9_9.6_0_3.7_1_1.1_2_2.4_A1_0.17_P_24/inp021.err for more details.
ERROR in MURE::BuildMCNPFile
	 Some nuclei have troubles, see transcript U5_0.86_8_81_P6_0.2_8_1.1_9_9.6_0_3.7_1_1.1_2_2.4_A1_0.17_P_24/inp022.err for more details.
ERROR in MURE::WriteMaterial(ostream &Out)
	 Some nuclei have troubles, see transcript U5_0.86_8_81_P6_0.2_8_1.1_9_9.6_0_3.7_1_1.1_2_2.4_A1_0.17_P_24/inp022.err for more details.
ERROR in MURE::BuildMCNPFile
	 Some nuclei have troubles, see transcript U5_0.86_8_81_P6_0.2_8_1.1_9_9.6_0_3.7_1_1.1_2_2.4_A1_0.17_P_24/inp023.err for more details.
ERROR in MURE::WriteMaterial(ostream &Out)
	 Some nuclei have troubles, see transcript U5_0.86_8_81_P6_0.2_8_1.1_9_9.6_0_3.7_1_1.1_2_2.4_A1_0.17_P_24/inp023.err for more details.
ERROR in MURE::BuildMCNPFile
	 Some nuclei have troubles, see transcript U5_0.86_8_81_P6_0.2_8_1.1_9_9.6_0_3.7_1_1.1_2_2.4_A1_0.17_P_24/inp024.err for more details.
ERROR in MURE::WriteMaterial(ostream &Out)
	 Some nuclei have troubles, see transcript U5_0.86_8_81_P6_0.2_8_1.1_9_9.6_0_3.7_1_1.1_2_2.4_A1_0.17_P_24/inp024.err for more details.
ERROR in MURE::BuildMCNPFile
	 Some nuclei have troubles, see transcript U5_0.86_8_81_P6_0.2_8_1.1_9_9.6_0_3.7_1_1.1_2_2.4_A1_0.17_P_24/inp025.err for more details.
ERROR in MURE::WriteMaterial(ostream &Out)
	 Some nuclei have troubles, see transcript U5_0.86_8_81_P6_0.2_8_1.1_9_9.6_0_3.7_1_1.1_2_2.4_A1_0.17_P_24/inp025.err for more details.
ERROR in MURE::BuildMCNPFile
	 Some nuclei have troubles, see transcript U5_0.86_8_81_P6_0.2_8_1.1_9_9.6_0_3.7_1_1.1_2_2.4_A1_0.17_P_24/inp026.err for more details.
ERROR in MURE::WriteMaterial(ostream &Out)
	 Some nuclei have troubles, see transcript U5_0.86_8_81_P6_0.2_8_1.1_9_9.6_0_3.7_1_1.1_2_2.4_A1_0.17_P_24/inp026.err for more details.
ERROR in MURE::BuildMCNPFile
	 Some nuclei have troubles, see transcript U5_0.86_8_81_P6_0.2_8_1.1_9_9.6_0_3.7_1_1.1_2_2.4_A1_0.17_P_24/inp027.err for more details.
ERROR in MURE::WriteMaterial(ostream &Out)
	 Some nuclei have troubles, see transcript U5_0.86_8_81_P6_0.2_8_1.1_9_9.6_0_3.7_1_1.1_2_2.4_A1_0.17_P_24/inp027.err for more details.
ERROR in MURE::BuildMCNPFile
	 Some nuclei have troubles, see transcript U5_0.86_8_81_P6_0.2_8_1.1_9_9.6_0_3.7_1_1.1_2_2.4_A1_0.17_P_24/inp028.err for more details.
ERROR in MURE::WriteMaterial(ostream &Out)
	 Some nuclei have troubles, see transcript U5_0.86_8_81_P6_0.2_8_1.1_9_9.6_0_3.7_1_1.1_2_2.4_A1_0.17_P_24/inp028.err for more details.
ERROR in MURE::BuildMCNPFile
	 Some nuclei have troubles, see transcript U5_0.86_8_81_P6_0.2_8_1.1_9_9.6_0_3.7_1_1.1_2_2.4_A1_0.17_P_24/inp029.err for more details.
ERROR in MURE::WriteMaterial(ostream &Out)
	 Some nuclei have troubles, see transcript U5_0.86_8_81_P6_0.2_8_1.1_9_9.6_0_3.7_1_1.1_2_2.4_A1_0.17_P_24/inp029.err for more details.
ERROR in MURE::BuildMCNPFile
	 Some nuclei have troubles, see transcript U5_0.86_8_81_P6_0.2_8_1.1_9_9.6_0_3.7_1_1.1_2_2.4_A1_0.17_P_24/inp030.err for more details.
ERROR in MURE::WriteMaterial(ostream &Out)
	 Some nuclei have troubles, see transcript U5_0.86_8_81_P6_0.2_8_1.1_9_9.6_0_3.7_1_1.1_2_2.4_A1_0.17_P_24/inp030.err for more details.
ERROR in MURE::BuildMCNPFile
	 Some nuclei have troubles, see transcript U5_0.86_8_81_P6_0.2_8_1.1_9_9.6_0_3.7_1_1.1_2_2.4_A1_0.17_P_24/inp031.err for more details.
ERROR in MURE::WriteMaterial(ostream &Out)
	 Some nuclei have troubles, see transcript U5_0.86_8_81_P6_0.2_8_1.1_9_9.6_0_3.7_1_1.1_2_2.4_A1_0.17_P_24/inp031.err for more details.
ERROR in MURE::BuildMCNPFile
	 Some nuclei have troubles, see transcript U5_0.86_8_81_P6_0.2_8_1.1_9_9.6_0_3.7_1_1.1_2_2.4_A1_0.17_P_24/inp032.err for more details.
ERROR in MURE::WriteMaterial(ostream &Out)
	 Some nuclei have troubles, see transcript U5_0.86_8_81_P6_0.2_8_1.1_9_9.6_0_3.7_1_1.1_2_2.4_A1_0.17_P_24/inp032.err for more details.
ERROR in MURE::BuildMCNPFile
	 Some nuclei have troubles, see transcript U5_0.86_8_81_P6_0.2_8_1.1_9_9.6_0_3.7_1_1.1_2_2.4_A1_0.17_P_24/inp033.err for more details.
ERROR in MURE::WriteMaterial(ostream &Out)
	 Some nuclei have troubles, see transcript U5_0.86_8_81_P6_0.2_8_1.1_9_9.6_0_3.7_1_1.1_2_2.4_A1_0.17_P_24/inp033.err for more details.
ERROR in MURE::BuildMCNPFile
	 Some nuclei have troubles, see transcript U5_0.86_8_81_P6_0.2_8_1.1_9_9.6_0_3.7_1_1.1_2_2.4_A1_0.17_P_24/inp034.err for more details.
ERROR in MURE::WriteMaterial(ostream &Out)
	 Some nuclei have troubles, see transcript U5_0.86_8_81_P6_0.2_8_1.1_9_9.6_0_3.7_1_1.1_2_2.4_A1_0.17_P_24/inp034.err for more details.
ERROR in MURE::BuildMCNPFile
	 Some nuclei have troubles, see transcript U5_0.86_8_81_P6_0.2_8_1.1_9_9.6_0_3.7_1_1.1_2_2.4_A1_0.17_P_24/inp035.err for more details.
ERROR in MURE::WriteMaterial(ostream &Out)
	 Some nuclei have troubles, see transcript U5_0.86_8_81_P6_0.2_8_1.1_9_9.6_0_3.7_1_1.1_2_2.4_A1_0.17_P_24/inp035.err for more details.
ERROR in MURE::BuildMCNPFile
	 Some nuclei have troubles, see transcript U5_0.86_8_81_P6_0.2_8_1.1_9_9.6_0_3.7_1_1.1_2_2.4_A1_0.17_P_24/inp036.err for more details.
ERROR in MURE::WriteMaterial(ostream &Out)
	 Some nuclei have troubles, see transcript U5_0.86_8_81_P6_0.2_8_1.1_9_9.6_0_3.7_1_1.1_2_2.4_A1_0.17_P_24/inp036.err for more details.
ERROR in MURE::BuildMCNPFile
	 Some nuclei have troubles, see transcript U5_0.86_8_81_P6_0.2_8_1.1_9_9.6_0_3.7_1_1.1_2_2.4_A1_0.17_P_24/inp037.err for more details.
ERROR in MURE::WriteMaterial(ostream &Out)
	 Some nuclei have troubles, see transcript U5_0.86_8_81_P6_0.2_8_1.1_9_9.6_0_3.7_1_1.1_2_2.4_A1_0.17_P_24/inp037.err for more details.
ERROR in MURE::BuildMCNPFile
	 Some nuclei have troubles, see transcript U5_0.86_8_81_P6_0.2_8_1.1_9_9.6_0_3.7_1_1.1_2_2.4_A1_0.17_P_24/inp038.err for more details.
ERROR in MURE::WriteMaterial(ostream &Out)
	 Some nuclei have troubles, see transcript U5_0.86_8_81_P6_0.2_8_1.1_9_9.6_0_3.7_1_1.1_2_2.4_A1_0.17_P_24/inp038.err for more details.
ERROR in MURE::BuildMCNPFile
	 Some nuclei have troubles, see transcript U5_0.86_8_81_P6_0.2_8_1.1_9_9.6_0_3.7_1_1.1_2_2.4_A1_0.17_P_24/inp039.err for more details.
ERROR in MURE::WriteMaterial(ostream &Out)
	 Some nuclei have troubles, see transcript U5_0.86_8_81_P6_0.2_8_1.1_9_9.6_0_3.7_1_1.1_2_2.4_A1_0.17_P_24/inp039.err for more details.
ERROR in MURE::BuildMCNPFile
	 Some nuclei have troubles, see transcript U5_0.86_8_81_P6_0.2_8_1.1_9_9.6_0_3.7_1_1.1_2_2.4_A1_0.17_P_24/inp040.err for more details.
ERROR in MURE::WriteMaterial(ostream &Out)
	 Some nuclei have troubles, see transcript U5_0.86_8_81_P6_0.2_8_1.1_9_9.6_0_3.7_1_1.1_2_2.4_A1_0.17_P_24/inp040.err for more details.
ERROR in MURE::BuildMCNPFile
	 Some nuclei have troubles, see transcript U5_0.86_8_81_P6_0.2_8_1.1_9_9.6_0_3.7_1_1.1_2_2.4_A1_0.17_P_24/inp041.err for more details.
ERROR in MURE::WriteMaterial(ostream &Out)
	 Some nuclei have troubles, see transcript U5_0.86_8_81_P6_0.2_8_1.1_9_9.6_0_3.7_1_1.1_2_2.4_A1_0.17_P_24/inp041.err for more details.
ERROR in MURE::BuildMCNPFile
	 Some nuclei have troubles, see transcript U5_0.86_8_81_P6_0.2_8_1.1_9_9.6_0_3.7_1_1.1_2_2.4_A1_0.17_P_24/inp042.err for more details.
ERROR in MURE::WriteMaterial(ostream &Out)
	 Some nuclei have troubles, see transcript U5_0.86_8_81_P6_0.2_8_1.1_9_9.6_0_3.7_1_1.1_2_2.4_A1_0.17_P_24/inp042.err for more details.
ERROR in MURE::BuildMCNPFile
	 Some nuclei have troubles, see transcript U5_0.86_8_81_P6_0.2_8_1.1_9_9.6_0_3.7_1_1.1_2_2.4_A1_0.17_P_24/inp043.err for more details.
ERROR in MURE::WriteMaterial(ostream &Out)
	 Some nuclei have troubles, see transcript U5_0.86_8_81_P6_0.2_8_1.1_9_9.6_0_3.7_1_1.1_2_2.4_A1_0.17_P_24/inp043.err for more details.
ERROR in MURE::BuildMCNPFile
	 Some nuclei have troubles, see transcript U5_0.86_8_81_P6_0.2_8_1.1_9_9.6_0_3.7_1_1.1_2_2.4_A1_0.17_P_24/inp044.err for more details.
ERROR in MURE::WriteMaterial(ostream &Out)
	 Some nuclei have troubles, see transcript U5_0.86_8_81_P6_0.2_8_1.1_9_9.6_0_3.7_1_1.1_2_2.4_A1_0.17_P_24/inp044.err for more details.
ERROR in MURE::BuildMCNPFile
	 Some nuclei have troubles, see transcript U5_0.86_8_81_P6_0.2_8_1.1_9_9.6_0_3.7_1_1.1_2_2.4_A1_0.17_P_24/inp045.err for more details.
ERROR in MURE::WriteMaterial(ostream &Out)
	 Some nuclei have troubles, see transcript U5_0.86_8_81_P6_0.2_8_1.1_9_9.6_0_3.7_1_1.1_2_2.4_A1_0.17_P_24/inp045.err for more details.
ERROR in MURE::BuildMCNPFile
	 Some nuclei have troubles, see transcript U5_0.86_8_81_P6_0.2_8_1.1_9_9.6_0_3.7_1_1.1_2_2.4_A1_0.17_P_24/inp046.err for more details.
ERROR in MURE::WriteMaterial(ostream &Out)
	 Some nuclei have troubles, see transcript U5_0.86_8_81_P6_0.2_8_1.1_9_9.6_0_3.7_1_1.1_2_2.4_A1_0.17_P_24/inp046.err for more details.
ERROR in MURE::BuildMCNPFile
	 Some nuclei have troubles, see transcript U5_0.86_8_81_P6_0.2_8_1.1_9_9.6_0_3.7_1_1.1_2_2.4_A1_0.17_P_24/inp047.err for more details.
ERROR in MURE::WriteMaterial(ostream &Out)
	 Some nuclei have troubles, see transcript U5_0.86_8_81_P6_0.2_8_1.1_9_9.6_0_3.7_1_1.1_2_2.4_A1_0.17_P_24/inp047.err for more details.
ERROR in MURE::BuildMCNPFile
	 Some nuclei have troubles, see transcript U5_0.86_8_81_P6_0.2_8_1.1_9_9.6_0_3.7_1_1.1_2_2.4_A1_0.17_P_24/inp048.err for more details.
ERROR in MURE::WriteMaterial(ostream &Out)
	 Some nuclei have troubles, see transcript U5_0.86_8_81_P6_0.2_8_1.1_9_9.6_0_3.7_1_1.1_2_2.4_A1_0.17_P_24/inp048.err for more details.
ERROR in MURE::BuildMCNPFile
	 Some nuclei have troubles, see transcript U5_0.86_8_81_P6_0.2_8_1.1_9_9.6_0_3.7_1_1.1_2_2.4_A1_0.17_P_24/inp049.err for more details.
ERROR in MURE::WriteMaterial(ostream &Out)
	 Some nuclei have troubles, see transcript U5_0.86_8_81_P6_0.2_8_1.1_9_9.6_0_3.7_1_1.1_2_2.4_A1_0.17_P_24/inp049.err for more details.
ERROR in MURE::BuildMCNPFile
	 Some nuclei have troubles, see transcript U5_0.86_8_81_P6_0.2_8_1.1_9_9.6_0_3.7_1_1.1_2_2.4_A1_0.17_P_24/inp050.err for more details.
ERROR in MURE::WriteMaterial(ostream &Out)
	 Some nuclei have troubles, see transcript U5_0.86_8_81_P6_0.2_8_1.1_9_9.6_0_3.7_1_1.1_2_2.4_A1_0.17_P_24/inp050.err for more details.
ERROR in MURE::BuildMCNPFile
	 Some nuclei have troubles, see transcript U5_0.86_8_81_P6_0.2_8_1.1_9_9.6_0_3.7_1_1.1_2_2.4_A1_0.17_P_24/inp051.err for more details.
ERROR in MURE::WriteMaterial(ostream &Out)
	 Some nuclei have troubles, see transcript U5_0.86_8_81_P6_0.2_8_1.1_9_9.6_0_3.7_1_1.1_2_2.4_A1_0.17_P_24/inp051.err for more details.
ERROR in MURE::BuildMCNPFile
	 Some nuclei have troubles, see transcript U5_0.86_8_81_P6_0.2_8_1.1_9_9.6_0_3.7_1_1.1_2_2.4_A1_0.17_P_24/inp052.err for more details.
ERROR in MURE::WriteMaterial(ostream &Out)
	 Some nuclei have troubles, see transcript U5_0.86_8_81_P6_0.2_8_1.1_9_9.6_0_3.7_1_1.1_2_2.4_A1_0.17_P_24/inp052.err for more details.
ERROR in MURE::BuildMCNPFile
	 Some nuclei have troubles, see transcript U5_0.86_8_81_P6_0.2_8_1.1_9_9.6_0_3.7_1_1.1_2_2.4_A1_0.17_P_24/inp053.err for more details.
ERROR in MURE::WriteMaterial(ostream &Out)
	 Some nuclei have troubles, see transcript U5_0.86_8_81_P6_0.2_8_1.1_9_9.6_0_3.7_1_1.1_2_2.4_A1_0.17_P_24/inp053.err for more details.
ERROR in MURE::BuildMCNPFile
	 Some nuclei have troubles, see transcript U5_0.86_8_81_P6_0.2_8_1.1_9_9.6_0_3.7_1_1.1_2_2.4_A1_0.17_P_24/inp054.err for more details.
ERROR in MURE::WriteMaterial(ostream &Out)
	 Some nuclei have troubles, see transcript U5_0.86_8_81_P6_0.2_8_1.1_9_9.6_0_3.7_1_1.1_2_2.4_A1_0.17_P_24/inp054.err for more details.
ERROR in MURE::BuildMCNPFile
	 Some nuclei have troubles, see transcript U5_0.86_8_81_P6_0.2_8_1.1_9_9.6_0_3.7_1_1.1_2_2.4_A1_0.17_P_24/inp055.err for more details.
ERROR in MURE::WriteMaterial(ostream &Out)
	 Some nuclei have troubles, see transcript U5_0.86_8_81_P6_0.2_8_1.1_9_9.6_0_3.7_1_1.1_2_2.4_A1_0.17_P_24/inp055.err for more details.
ERROR in MURE::BuildMCNPFile
	 Some nuclei have troubles, see transcript U5_0.86_8_81_P6_0.2_8_1.1_9_9.6_0_3.7_1_1.1_2_2.4_A1_0.17_P_24/inp056.err for more details.
ERROR in MURE::WriteMaterial(ostream &Out)
	 Some nuclei have troubles, see transcript U5_0.86_8_81_P6_0.2_8_1.1_9_9.6_0_3.7_1_1.1_2_2.4_A1_0.17_P_24/inp056.err for more details.
ERROR in MURE::BuildMCNPFile
	 Some nuclei have troubles, see transcript U5_0.86_8_81_P6_0.2_8_1.1_9_9.6_0_3.7_1_1.1_2_2.4_A1_0.17_P_24/inp057.err for more details.
ERROR in MURE::WriteMaterial(ostream &Out)
	 Some nuclei have troubles, see transcript U5_0.86_8_81_P6_0.2_8_1.1_9_9.6_0_3.7_1_1.1_2_2.4_A1_0.17_P_24/inp057.err for more details.
ERROR in MURE::BuildMCNPFile
	 Some nuclei have troubles, see transcript U5_0.86_8_81_P6_0.2_8_1.1_9_9.6_0_3.7_1_1.1_2_2.4_A1_0.17_P_24/inp058.err for more details.
ERROR in MURE::WriteMaterial(ostream &Out)
	 Some nuclei have troubles, see transcript U5_0.86_8_81_P6_0.2_8_1.1_9_9.6_0_3.7_1_1.1_2_2.4_A1_0.17_P_24/inp058.err for more details.
ERROR in MURE::BuildMCNPFile
	 Some nuclei have troubles, see transcript U5_0.86_8_81_P6_0.2_8_1.1_9_9.6_0_3.7_1_1.1_2_2.4_A1_0.17_P_24/inp059.err for more details.
ERROR in MURE::WriteMaterial(ostream &Out)
	 Some nuclei have troubles, see transcript U5_0.86_8_81_P6_0.2_8_1.1_9_9.6_0_3.7_1_1.1_2_2.4_A1_0.17_P_24/inp059.err for more details.
ERROR in MURE::BuildMCNPFile
	 Some nuclei have troubles, see transcript U5_0.86_8_81_P6_0.2_8_1.1_9_9.6_0_3.7_1_1.1_2_2.4_A1_0.17_P_24/inp060.err for more details.
ERROR in MURE::WriteMaterial(ostream &Out)
	 Some nuclei have troubles, see transcript U5_0.86_8_81_P6_0.2_8_1.1_9_9.6_0_3.7_1_1.1_2_2.4_A1_0.17_P_24/inp060.err for more details.
ERROR in MURE::BuildMCNPFile
	 Some nuclei have troubles, see transcript U5_0.86_8_81_P6_0.2_8_1.1_9_9.6_0_3.7_1_1.1_2_2.4_A1_0.17_P_24/inp061.err for more details.
ERROR in MURE::WriteMaterial(ostream &Out)
	 Some nuclei have troubles, see transcript U5_0.86_8_81_P6_0.2_8_1.1_9_9.6_0_3.7_1_1.1_2_2.4_A1_0.17_P_24/inp061.err for more details.
ERROR in MURE::BuildMCNPFile
	 Some nuclei have troubles, see transcript U5_0.86_8_81_P6_0.2_8_1.1_9_9.6_0_3.7_1_1.1_2_2.4_A1_0.17_P_24/inp062.err for more details.
ERROR in MURE::WriteMaterial(ostream &Out)
	 Some nuclei have troubles, see transcript U5_0.86_8_81_P6_0.2_8_1.1_9_9.6_0_3.7_1_1.1_2_2.4_A1_0.17_P_24/inp062.err for more details.
ERROR in MURE::BuildMCNPFile
	 Some nuclei have troubles, see transcript U5_0.86_8_81_P6_0.2_8_1.1_9_9.6_0_3.7_1_1.1_2_2.4_A1_0.17_P_24/inp063.err for more details.
ERROR in MURE::WriteMaterial(ostream &Out)
	 Some nuclei have troubles, see transcript U5_0.86_8_81_P6_0.2_8_1.1_9_9.6_0_3.7_1_1.1_2_2.4_A1_0.17_P_24/inp063.err for more details.
ERROR in MURE::BuildMCNPFile
	 Some nuclei have troubles, see transcript U5_0.86_8_81_P6_0.2_8_1.1_9_9.6_0_3.7_1_1.1_2_2.4_A1_0.17_P_24/inp064.err for more details.
ERROR in MURE::WriteMaterial(ostream &Out)
	 Some nuclei have troubles, see transcript U5_0.86_8_81_P6_0.2_8_1.1_9_9.6_0_3.7_1_1.1_2_2.4_A1_0.17_P_24/inp064.err for more details.
ERROR in MURE::BuildMCNPFile
	 Some nuclei have troubles, see transcript U5_0.86_8_81_P6_0.2_8_1.1_9_9.6_0_3.7_1_1.1_2_2.4_A1_0.17_P_24/inp065.err for more details.
ERROR in MURE::WriteMaterial(ostream &Out)
	 Some nuclei have troubles, see transcript U5_0.86_8_81_P6_0.2_8_1.1_9_9.6_0_3.7_1_1.1_2_2.4_A1_0.17_P_24/inp065.err for more details.
ERROR in MURE::BuildMCNPFile
	 Some nuclei have troubles, see transcript U5_0.86_8_81_P6_0.2_8_1.1_9_9.6_0_3.7_1_1.1_2_2.4_A1_0.17_P_24/inp066.err for more details.
ERROR in MURE::WriteMaterial(ostream &Out)
	 Some nuclei have troubles, see transcript U5_0.86_8_81_P6_0.2_8_1.1_9_9.6_0_3.7_1_1.1_2_2.4_A1_0.17_P_24/inp066.err for more details.
ERROR in MURE::BuildMCNPFile
	 Some nuclei have troubles, see transcript U5_0.86_8_81_P6_0.2_8_1.1_9_9.6_0_3.7_1_1.1_2_2.4_A1_0.17_P_24/inp067.err for more details.
ERROR in MURE::WriteMaterial(ostream &Out)
	 Some nuclei have troubles, see transcript U5_0.86_8_81_P6_0.2_8_1.1_9_9.6_0_3.7_1_1.1_2_2.4_A1_0.17_P_24/inp067.err for more details.
ERROR in MURE::BuildMCNPFile
	 Some nuclei have troubles, see transcript U5_0.86_8_81_P6_0.2_8_1.1_9_9.6_0_3.7_1_1.1_2_2.4_A1_0.17_P_24/inp068.err for more details.
ERROR in MURE::WriteMaterial(ostream &Out)
	 Some nuclei have troubles, see transcript U5_0.86_8_81_P6_0.2_8_1.1_9_9.6_0_3.7_1_1.1_2_2.4_A1_0.17_P_24/inp068.err for more details.
ERROR in MURE::BuildMCNPFile
	 Some nuclei have troubles, see transcript U5_0.86_8_81_P6_0.2_8_1.1_9_9.6_0_3.7_1_1.1_2_2.4_A1_0.17_P_24/inp069.err for more details.
ERROR in MURE::WriteMaterial(ostream &Out)
	 Some nuclei have troubles, see transcript U5_0.86_8_81_P6_0.2_8_1.1_9_9.6_0_3.7_1_1.1_2_2.4_A1_0.17_P_24/inp069.err for more details.
ERROR in MURE::BuildMCNPFile
	 Some nuclei have troubles, see transcript U5_0.86_8_81_P6_0.2_8_1.1_9_9.6_0_3.7_1_1.1_2_2.4_A1_0.17_P_24/inp070.err for more details.
ERROR in MURE::WriteMaterial(ostream &Out)
	 Some nuclei have troubles, see transcript U5_0.86_8_81_P6_0.2_8_1.1_9_9.6_0_3.7_1_1.1_2_2.4_A1_0.17_P_24/inp070.err for more details.
ERROR in MURE::BuildMCNPFile
	 Some nuclei have troubles, see transcript U5_0.86_8_81_P6_0.2_8_1.1_9_9.6_0_3.7_1_1.1_2_2.4_A1_0.17_P_24/inp071.err for more details.
ERROR in MURE::WriteMaterial(ostream &Out)
	 Some nuclei have troubles, see transcript U5_0.86_8_81_P6_0.2_8_1.1_9_9.6_0_3.7_1_1.1_2_2.4_A1_0.17_P_24/inp071.err for more details.
ERROR in MURE::BuildMCNPFile
	 Some nuclei have troubles, see transcript U5_0.86_8_81_P6_0.2_8_1.1_9_9.6_0_3.7_1_1.1_2_2.4_A1_0.17_P_24/inp072.err for more details.
ERROR in MURE::WriteMaterial(ostream &Out)
	 Some nuclei have troubles, see transcript U5_0.86_8_81_P6_0.2_8_1.1_9_9.6_0_3.7_1_1.1_2_2.4_A1_0.17_P_24/inp072.err for more details.
ERROR in MURE::BuildMCNPFile
	 Some nuclei have troubles, see transcript U5_0.86_8_81_P6_0.2_8_1.1_9_9.6_0_3.7_1_1.1_2_2.4_A1_0.17_P_24/inp073.err for more details.
ERROR in MURE::WriteMaterial(ostream &Out)
	 Some nuclei have troubles, see transcript U5_0.86_8_81_P6_0.2_8_1.1_9_9.6_0_3.7_1_1.1_2_2.4_A1_0.17_P_24/inp073.err for more details.
ERROR in MURE::BuildMCNPFile
	 Some nuclei have troubles, see transcript U5_0.86_8_81_P6_0.2_8_1.1_9_9.6_0_3.7_1_1.1_2_2.4_A1_0.17_P_24/inp074.err for more details.
ERROR in MURE::WriteMaterial(ostream &Out)
	 Some nuclei have troubles, see transcript U5_0.86_8_81_P6_0.2_8_1.1_9_9.6_0_3.7_1_1.1_2_2.4_A1_0.17_P_24/inp074.err for more details.
ERROR in MURE::BuildMCNPFile
	 Some nuclei have troubles, see transcript U5_0.86_8_81_P6_0.2_8_1.1_9_9.6_0_3.7_1_1.1_2_2.4_A1_0.17_P_24/inp075.err for more details.
ERROR in MURE::WriteMaterial(ostream &Out)
	 Some nuclei have troubles, see transcript U5_0.86_8_81_P6_0.2_8_1.1_9_9.6_0_3.7_1_1.1_2_2.4_A1_0.17_P_24/inp075.err for more details.
ERROR in MURE::BuildMCNPFile
	 Some nuclei have troubles, see transcript U5_0.86_8_81_P6_0.2_8_1.1_9_9.6_0_3.7_1_1.1_2_2.4_A1_0.17_P_24/inp076.err for more details.
ERROR in MURE::WriteMaterial(ostream &Out)
	 Some nuclei have troubles, see transcript U5_0.86_8_81_P6_0.2_8_1.1_9_9.6_0_3.7_1_1.1_2_2.4_A1_0.17_P_24/inp076.err for more details.
ERROR in MURE::BuildMCNPFile
	 Some nuclei have troubles, see transcript U5_0.86_8_81_P6_0.2_8_1.1_9_9.6_0_3.7_1_1.1_2_2.4_A1_0.17_P_24/inp077.err for more details.
ERROR in MURE::WriteMaterial(ostream &Out)
	 Some nuclei have troubles, see transcript U5_0.86_8_81_P6_0.2_8_1.1_9_9.6_0_3.7_1_1.1_2_2.4_A1_0.17_P_24/inp077.err for more details.
ERROR in MURE::BuildMCNPFile
	 Some nuclei have troubles, see transcript U5_0.86_8_81_P6_0.2_8_1.1_9_9.6_0_3.7_1_1.1_2_2.4_A1_0.17_P_24/inp078.err for more details.
ERROR in MURE::WriteMaterial(ostream &Out)
	 Some nuclei have troubles, see transcript U5_0.86_8_81_P6_0.2_8_1.1_9_9.6_0_3.7_1_1.1_2_2.4_A1_0.17_P_24/inp078.err for more details.
ERROR in MURE::BuildMCNPFile
	 Some nuclei have troubles, see transcript U5_0.86_8_81_P6_0.2_8_1.1_9_9.6_0_3.7_1_1.1_2_2.4_A1_0.17_P_24/inp079.err for more details.
ERROR in MURE::WriteMaterial(ostream &Out)
	 Some nuclei have troubles, see transcript U5_0.86_8_81_P6_0.2_8_1.1_9_9.6_0_3.7_1_1.1_2_2.4_A1_0.17_P_24/inp079.err for more details.
* About to connect() to ftp.box.com port 21 (#0)
*   Trying 107.152.25.220... connected
* Connected to ftp.box.com (107.152.25.220) port 21 (#0)
< 220 Service ready for new user.
> AUTH SSL
< 234 Command AUTH okay; starting SSL connection.
* Initializing NSS with certpath: sql:/etc/pki/nssdb
*   CAfile: /etc/pki/tls/certs/ca-bundle.crt
  CApath: none
* SSL connection using TLS_RSA_WITH_AES_128_CBC_SHA
* Server certificate:
* 	subject: CN=*.box.com,O="Box, Inc.",L=Los Altos,ST=California,C=US
* 	start date: Nov 13 19:22:20 2014 GMT
* 	expire date: Oct 23 02:42:03 2017 GMT
* 	common name: *.box.com
* 	issuer: CN=GeoTrust SSL CA - G4,O=GeoTrust Inc.,C=US
> USER mouginot@wisc.edu
< 331 User name okay, need password for mouginot@wisc.edu.
> PASS line150782
< 230 User logged in, proceed.
> PBSZ 0
< 200 Command PBSZ okay.
> PROT P
< 200 Command PROT okay.
> PWD
< 257 "/" is current directory.
* Entry path is '/'
> CWD MODEL_DATA
< 250 Directory changed to /MODEL_DATA
> CWD PWR_TRU_MOX_PSPEC
< 250 Directory changed to /MODEL_DATA/PWR_TRU_MOX_PSPEC
> CWD 1000
< 250 Directory changed to /MODEL_DATA/PWR_TRU_MOX_PSPEC/1000
> PASV
* Connect data stream passively
< 227 Entering Passive Mode (107,152,25,220,83,63)
* Skips 107.152.25.220 for data connection, uses 107.152.25.220 instead
*   Trying 107.152.25.220... connected
* Connecting to 107.152.25.220 (107.152.25.220) port 21311
> TYPE I
< 200 Command TYPE okay.
> STOR 684_raw.tar.gz
< 150 File status okay; about to open data connection.
* Doing the SSL/TLS handshake on the data stream
*   CAfile: /etc/pki/tls/certs/ca-bundle.crt
  CApath: none
* SSL connection using TLS_RSA_WITH_AES_128_CBC_SHA
* Server certificate:
* 	subject: CN=*.box.com,O="Box, Inc.",L=Los Altos,ST=California,C=US
* 	start date: Nov 13 19:22:20 2014 GMT
* 	expire date: Oct 23 02:42:03 2017 GMT
* 	common name: *.box.com
* 	issuer: CN=GeoTrust SSL CA - G4,O=GeoTrust Inc.,C=US
} [data not shown]
  % Total    % Received % Xferd  Average Speed   Time    Time     Time  Current
                                 Dload  Upload   Total   Spent    Left  Speed
  0 43.5M    0     0    0 16384      0   3232  3:55:41  0:00:05  3:55:36  3232  2 43.5M    0     0    2 1056k      0   180k  0:04:07  0:00:05  0:04:02 1324k  4 43.5M    0     0    4 1904k      0   277k  0:02:40  0:00:06  0:02:34 1058k  8 43.5M    0     0    8 3792k      0   482k  0:01:32  0:00:07  0:01:25 1355k 27 43.5M    0     0   27 12.1M      0  1408k  0:00:31  0:00:08  0:00:23 3298k 41 43.5M    0     0   41 18.0M      0  1877k  0:00:23  0:00:09  0:00:14 3868k 58 43.5M    0     0   58 25.5M      0  2415k  0:00:18  0:00:10  0:00:08 5036k 77 43.5M    0     0   77 33.7M      0  2916k  0:00:15  0:00:11  0:00:04 6531k 92 43.5M    0     0   92 40.4M      0  3223k  0:00:13  0:00:12  0:00:01 7533k* Remembering we are in dir "MODEL_DATA/PWR_TRU_MOX_PSPEC/1000/"
< 226 Transfer complete.
100 43.5M    0     0  100 43.5M      0  3144k  0:00:14  0:00:14 --:--:-- 6007k* Connection #0 to host ftp.box.com left intact

> QUIT
< 221 Goodbye.
* Closing connection #0
