ERROR in MURE::BuildXSDIR()
	 Some nuclei have troubles, see transcript U5_0.12_8_82_P6_0.67_8_0.021_9_9.9_0_2.7_1_3.1_2_1.8_A1_0.22_P_36/inp000.err for more details.
ERROR in MURE::BuildMCNPFile
	 Some nuclei have troubles, see transcript U5_0.12_8_82_P6_0.67_8_0.021_9_9.9_0_2.7_1_3.1_2_1.8_A1_0.22_P_36/inp000.err for more details.
ERROR in MURE::WriteMaterial(ostream &Out)
	 Some nuclei have troubles, see transcript U5_0.12_8_82_P6_0.67_8_0.021_9_9.9_0_2.7_1_3.1_2_1.8_A1_0.22_P_36/inp000.err for more details.
ERROR in MURE::BuildMCNPFile
	 Some nuclei have troubles, see transcript U5_0.12_8_82_P6_0.67_8_0.021_9_9.9_0_2.7_1_3.1_2_1.8_A1_0.22_P_36/inp001.err for more details.
ERROR in MURE::WriteMaterial(ostream &Out)
	 Some nuclei have troubles, see transcript U5_0.12_8_82_P6_0.67_8_0.021_9_9.9_0_2.7_1_3.1_2_1.8_A1_0.22_P_36/inp001.err for more details.
ERROR in MURE::BuildMCNPFile
	 Some nuclei have troubles, see transcript U5_0.12_8_82_P6_0.67_8_0.021_9_9.9_0_2.7_1_3.1_2_1.8_A1_0.22_P_36/inp002.err for more details.
ERROR in MURE::WriteMaterial(ostream &Out)
	 Some nuclei have troubles, see transcript U5_0.12_8_82_P6_0.67_8_0.021_9_9.9_0_2.7_1_3.1_2_1.8_A1_0.22_P_36/inp002.err for more details.
ERROR in MURE::BuildMCNPFile
	 Some nuclei have troubles, see transcript U5_0.12_8_82_P6_0.67_8_0.021_9_9.9_0_2.7_1_3.1_2_1.8_A1_0.22_P_36/inp003.err for more details.
ERROR in MURE::WriteMaterial(ostream &Out)
	 Some nuclei have troubles, see transcript U5_0.12_8_82_P6_0.67_8_0.021_9_9.9_0_2.7_1_3.1_2_1.8_A1_0.22_P_36/inp003.err for more details.
ERROR in MURE::BuildMCNPFile
	 Some nuclei have troubles, see transcript U5_0.12_8_82_P6_0.67_8_0.021_9_9.9_0_2.7_1_3.1_2_1.8_A1_0.22_P_36/inp004.err for more details.
ERROR in MURE::WriteMaterial(ostream &Out)
	 Some nuclei have troubles, see transcript U5_0.12_8_82_P6_0.67_8_0.021_9_9.9_0_2.7_1_3.1_2_1.8_A1_0.22_P_36/inp004.err for more details.
ERROR in MURE::BuildMCNPFile
	 Some nuclei have troubles, see transcript U5_0.12_8_82_P6_0.67_8_0.021_9_9.9_0_2.7_1_3.1_2_1.8_A1_0.22_P_36/inp005.err for more details.
ERROR in MURE::WriteMaterial(ostream &Out)
	 Some nuclei have troubles, see transcript U5_0.12_8_82_P6_0.67_8_0.021_9_9.9_0_2.7_1_3.1_2_1.8_A1_0.22_P_36/inp005.err for more details.
ERROR in MURE::BuildMCNPFile
	 Some nuclei have troubles, see transcript U5_0.12_8_82_P6_0.67_8_0.021_9_9.9_0_2.7_1_3.1_2_1.8_A1_0.22_P_36/inp006.err for more details.
ERROR in MURE::WriteMaterial(ostream &Out)
	 Some nuclei have troubles, see transcript U5_0.12_8_82_P6_0.67_8_0.021_9_9.9_0_2.7_1_3.1_2_1.8_A1_0.22_P_36/inp006.err for more details.
ERROR in MURE::BuildMCNPFile
	 Some nuclei have troubles, see transcript U5_0.12_8_82_P6_0.67_8_0.021_9_9.9_0_2.7_1_3.1_2_1.8_A1_0.22_P_36/inp007.err for more details.
ERROR in MURE::WriteMaterial(ostream &Out)
	 Some nuclei have troubles, see transcript U5_0.12_8_82_P6_0.67_8_0.021_9_9.9_0_2.7_1_3.1_2_1.8_A1_0.22_P_36/inp007.err for more details.
ERROR in MURE::BuildMCNPFile
	 Some nuclei have troubles, see transcript U5_0.12_8_82_P6_0.67_8_0.021_9_9.9_0_2.7_1_3.1_2_1.8_A1_0.22_P_36/inp008.err for more details.
ERROR in MURE::WriteMaterial(ostream &Out)
	 Some nuclei have troubles, see transcript U5_0.12_8_82_P6_0.67_8_0.021_9_9.9_0_2.7_1_3.1_2_1.8_A1_0.22_P_36/inp008.err for more details.
ERROR in MURE::BuildMCNPFile
	 Some nuclei have troubles, see transcript U5_0.12_8_82_P6_0.67_8_0.021_9_9.9_0_2.7_1_3.1_2_1.8_A1_0.22_P_36/inp009.err for more details.
ERROR in MURE::WriteMaterial(ostream &Out)
	 Some nuclei have troubles, see transcript U5_0.12_8_82_P6_0.67_8_0.021_9_9.9_0_2.7_1_3.1_2_1.8_A1_0.22_P_36/inp009.err for more details.
ERROR in MURE::BuildMCNPFile
	 Some nuclei have troubles, see transcript U5_0.12_8_82_P6_0.67_8_0.021_9_9.9_0_2.7_1_3.1_2_1.8_A1_0.22_P_36/inp010.err for more details.
ERROR in MURE::WriteMaterial(ostream &Out)
	 Some nuclei have troubles, see transcript U5_0.12_8_82_P6_0.67_8_0.021_9_9.9_0_2.7_1_3.1_2_1.8_A1_0.22_P_36/inp010.err for more details.
ERROR in MURE::BuildMCNPFile
	 Some nuclei have troubles, see transcript U5_0.12_8_82_P6_0.67_8_0.021_9_9.9_0_2.7_1_3.1_2_1.8_A1_0.22_P_36/inp011.err for more details.
ERROR in MURE::WriteMaterial(ostream &Out)
	 Some nuclei have troubles, see transcript U5_0.12_8_82_P6_0.67_8_0.021_9_9.9_0_2.7_1_3.1_2_1.8_A1_0.22_P_36/inp011.err for more details.
ERROR in MURE::BuildMCNPFile
	 Some nuclei have troubles, see transcript U5_0.12_8_82_P6_0.67_8_0.021_9_9.9_0_2.7_1_3.1_2_1.8_A1_0.22_P_36/inp012.err for more details.
ERROR in MURE::WriteMaterial(ostream &Out)
	 Some nuclei have troubles, see transcript U5_0.12_8_82_P6_0.67_8_0.021_9_9.9_0_2.7_1_3.1_2_1.8_A1_0.22_P_36/inp012.err for more details.
ERROR in MURE::BuildMCNPFile
	 Some nuclei have troubles, see transcript U5_0.12_8_82_P6_0.67_8_0.021_9_9.9_0_2.7_1_3.1_2_1.8_A1_0.22_P_36/inp013.err for more details.
ERROR in MURE::WriteMaterial(ostream &Out)
	 Some nuclei have troubles, see transcript U5_0.12_8_82_P6_0.67_8_0.021_9_9.9_0_2.7_1_3.1_2_1.8_A1_0.22_P_36/inp013.err for more details.
ERROR in MURE::BuildMCNPFile
	 Some nuclei have troubles, see transcript U5_0.12_8_82_P6_0.67_8_0.021_9_9.9_0_2.7_1_3.1_2_1.8_A1_0.22_P_36/inp014.err for more details.
ERROR in MURE::WriteMaterial(ostream &Out)
	 Some nuclei have troubles, see transcript U5_0.12_8_82_P6_0.67_8_0.021_9_9.9_0_2.7_1_3.1_2_1.8_A1_0.22_P_36/inp014.err for more details.
ERROR in MURE::BuildMCNPFile
	 Some nuclei have troubles, see transcript U5_0.12_8_82_P6_0.67_8_0.021_9_9.9_0_2.7_1_3.1_2_1.8_A1_0.22_P_36/inp015.err for more details.
ERROR in MURE::WriteMaterial(ostream &Out)
	 Some nuclei have troubles, see transcript U5_0.12_8_82_P6_0.67_8_0.021_9_9.9_0_2.7_1_3.1_2_1.8_A1_0.22_P_36/inp015.err for more details.
ERROR in MURE::BuildMCNPFile
	 Some nuclei have troubles, see transcript U5_0.12_8_82_P6_0.67_8_0.021_9_9.9_0_2.7_1_3.1_2_1.8_A1_0.22_P_36/inp016.err for more details.
ERROR in MURE::WriteMaterial(ostream &Out)
	 Some nuclei have troubles, see transcript U5_0.12_8_82_P6_0.67_8_0.021_9_9.9_0_2.7_1_3.1_2_1.8_A1_0.22_P_36/inp016.err for more details.
ERROR in MURE::BuildMCNPFile
	 Some nuclei have troubles, see transcript U5_0.12_8_82_P6_0.67_8_0.021_9_9.9_0_2.7_1_3.1_2_1.8_A1_0.22_P_36/inp017.err for more details.
ERROR in MURE::WriteMaterial(ostream &Out)
	 Some nuclei have troubles, see transcript U5_0.12_8_82_P6_0.67_8_0.021_9_9.9_0_2.7_1_3.1_2_1.8_A1_0.22_P_36/inp017.err for more details.
ERROR in MURE::BuildMCNPFile
	 Some nuclei have troubles, see transcript U5_0.12_8_82_P6_0.67_8_0.021_9_9.9_0_2.7_1_3.1_2_1.8_A1_0.22_P_36/inp018.err for more details.
ERROR in MURE::WriteMaterial(ostream &Out)
	 Some nuclei have troubles, see transcript U5_0.12_8_82_P6_0.67_8_0.021_9_9.9_0_2.7_1_3.1_2_1.8_A1_0.22_P_36/inp018.err for more details.
ERROR in MURE::BuildMCNPFile
	 Some nuclei have troubles, see transcript U5_0.12_8_82_P6_0.67_8_0.021_9_9.9_0_2.7_1_3.1_2_1.8_A1_0.22_P_36/inp019.err for more details.
ERROR in MURE::WriteMaterial(ostream &Out)
	 Some nuclei have troubles, see transcript U5_0.12_8_82_P6_0.67_8_0.021_9_9.9_0_2.7_1_3.1_2_1.8_A1_0.22_P_36/inp019.err for more details.
ERROR in MURE::BuildMCNPFile
	 Some nuclei have troubles, see transcript U5_0.12_8_82_P6_0.67_8_0.021_9_9.9_0_2.7_1_3.1_2_1.8_A1_0.22_P_36/inp020.err for more details.
ERROR in MURE::WriteMaterial(ostream &Out)
	 Some nuclei have troubles, see transcript U5_0.12_8_82_P6_0.67_8_0.021_9_9.9_0_2.7_1_3.1_2_1.8_A1_0.22_P_36/inp020.err for more details.
ERROR in MURE::BuildMCNPFile
	 Some nuclei have troubles, see transcript U5_0.12_8_82_P6_0.67_8_0.021_9_9.9_0_2.7_1_3.1_2_1.8_A1_0.22_P_36/inp021.err for more details.
ERROR in MURE::WriteMaterial(ostream &Out)
	 Some nuclei have troubles, see transcript U5_0.12_8_82_P6_0.67_8_0.021_9_9.9_0_2.7_1_3.1_2_1.8_A1_0.22_P_36/inp021.err for more details.
ERROR in MURE::BuildMCNPFile
	 Some nuclei have troubles, see transcript U5_0.12_8_82_P6_0.67_8_0.021_9_9.9_0_2.7_1_3.1_2_1.8_A1_0.22_P_36/inp022.err for more details.
ERROR in MURE::WriteMaterial(ostream &Out)
	 Some nuclei have troubles, see transcript U5_0.12_8_82_P6_0.67_8_0.021_9_9.9_0_2.7_1_3.1_2_1.8_A1_0.22_P_36/inp022.err for more details.
ERROR in MURE::BuildMCNPFile
	 Some nuclei have troubles, see transcript U5_0.12_8_82_P6_0.67_8_0.021_9_9.9_0_2.7_1_3.1_2_1.8_A1_0.22_P_36/inp023.err for more details.
ERROR in MURE::WriteMaterial(ostream &Out)
	 Some nuclei have troubles, see transcript U5_0.12_8_82_P6_0.67_8_0.021_9_9.9_0_2.7_1_3.1_2_1.8_A1_0.22_P_36/inp023.err for more details.
ERROR in MURE::BuildMCNPFile
	 Some nuclei have troubles, see transcript U5_0.12_8_82_P6_0.67_8_0.021_9_9.9_0_2.7_1_3.1_2_1.8_A1_0.22_P_36/inp024.err for more details.
ERROR in MURE::WriteMaterial(ostream &Out)
	 Some nuclei have troubles, see transcript U5_0.12_8_82_P6_0.67_8_0.021_9_9.9_0_2.7_1_3.1_2_1.8_A1_0.22_P_36/inp024.err for more details.
ERROR in MURE::BuildMCNPFile
	 Some nuclei have troubles, see transcript U5_0.12_8_82_P6_0.67_8_0.021_9_9.9_0_2.7_1_3.1_2_1.8_A1_0.22_P_36/inp025.err for more details.
ERROR in MURE::WriteMaterial(ostream &Out)
	 Some nuclei have troubles, see transcript U5_0.12_8_82_P6_0.67_8_0.021_9_9.9_0_2.7_1_3.1_2_1.8_A1_0.22_P_36/inp025.err for more details.
ERROR in MURE::BuildMCNPFile
	 Some nuclei have troubles, see transcript U5_0.12_8_82_P6_0.67_8_0.021_9_9.9_0_2.7_1_3.1_2_1.8_A1_0.22_P_36/inp026.err for more details.
ERROR in MURE::WriteMaterial(ostream &Out)
	 Some nuclei have troubles, see transcript U5_0.12_8_82_P6_0.67_8_0.021_9_9.9_0_2.7_1_3.1_2_1.8_A1_0.22_P_36/inp026.err for more details.
ERROR in MURE::BuildMCNPFile
	 Some nuclei have troubles, see transcript U5_0.12_8_82_P6_0.67_8_0.021_9_9.9_0_2.7_1_3.1_2_1.8_A1_0.22_P_36/inp027.err for more details.
ERROR in MURE::WriteMaterial(ostream &Out)
	 Some nuclei have troubles, see transcript U5_0.12_8_82_P6_0.67_8_0.021_9_9.9_0_2.7_1_3.1_2_1.8_A1_0.22_P_36/inp027.err for more details.
ERROR in MURE::BuildMCNPFile
	 Some nuclei have troubles, see transcript U5_0.12_8_82_P6_0.67_8_0.021_9_9.9_0_2.7_1_3.1_2_1.8_A1_0.22_P_36/inp028.err for more details.
ERROR in MURE::WriteMaterial(ostream &Out)
	 Some nuclei have troubles, see transcript U5_0.12_8_82_P6_0.67_8_0.021_9_9.9_0_2.7_1_3.1_2_1.8_A1_0.22_P_36/inp028.err for more details.
ERROR in MURE::BuildMCNPFile
	 Some nuclei have troubles, see transcript U5_0.12_8_82_P6_0.67_8_0.021_9_9.9_0_2.7_1_3.1_2_1.8_A1_0.22_P_36/inp029.err for more details.
ERROR in MURE::WriteMaterial(ostream &Out)
	 Some nuclei have troubles, see transcript U5_0.12_8_82_P6_0.67_8_0.021_9_9.9_0_2.7_1_3.1_2_1.8_A1_0.22_P_36/inp029.err for more details.
ERROR in MURE::BuildMCNPFile
	 Some nuclei have troubles, see transcript U5_0.12_8_82_P6_0.67_8_0.021_9_9.9_0_2.7_1_3.1_2_1.8_A1_0.22_P_36/inp030.err for more details.
ERROR in MURE::WriteMaterial(ostream &Out)
	 Some nuclei have troubles, see transcript U5_0.12_8_82_P6_0.67_8_0.021_9_9.9_0_2.7_1_3.1_2_1.8_A1_0.22_P_36/inp030.err for more details.
ERROR in MURE::BuildMCNPFile
	 Some nuclei have troubles, see transcript U5_0.12_8_82_P6_0.67_8_0.021_9_9.9_0_2.7_1_3.1_2_1.8_A1_0.22_P_36/inp031.err for more details.
ERROR in MURE::WriteMaterial(ostream &Out)
	 Some nuclei have troubles, see transcript U5_0.12_8_82_P6_0.67_8_0.021_9_9.9_0_2.7_1_3.1_2_1.8_A1_0.22_P_36/inp031.err for more details.
ERROR in MURE::BuildMCNPFile
	 Some nuclei have troubles, see transcript U5_0.12_8_82_P6_0.67_8_0.021_9_9.9_0_2.7_1_3.1_2_1.8_A1_0.22_P_36/inp032.err for more details.
ERROR in MURE::WriteMaterial(ostream &Out)
	 Some nuclei have troubles, see transcript U5_0.12_8_82_P6_0.67_8_0.021_9_9.9_0_2.7_1_3.1_2_1.8_A1_0.22_P_36/inp032.err for more details.
ERROR in MURE::BuildMCNPFile
	 Some nuclei have troubles, see transcript U5_0.12_8_82_P6_0.67_8_0.021_9_9.9_0_2.7_1_3.1_2_1.8_A1_0.22_P_36/inp033.err for more details.
ERROR in MURE::WriteMaterial(ostream &Out)
	 Some nuclei have troubles, see transcript U5_0.12_8_82_P6_0.67_8_0.021_9_9.9_0_2.7_1_3.1_2_1.8_A1_0.22_P_36/inp033.err for more details.
ERROR in MURE::BuildMCNPFile
	 Some nuclei have troubles, see transcript U5_0.12_8_82_P6_0.67_8_0.021_9_9.9_0_2.7_1_3.1_2_1.8_A1_0.22_P_36/inp034.err for more details.
ERROR in MURE::WriteMaterial(ostream &Out)
	 Some nuclei have troubles, see transcript U5_0.12_8_82_P6_0.67_8_0.021_9_9.9_0_2.7_1_3.1_2_1.8_A1_0.22_P_36/inp034.err for more details.
ERROR in MURE::BuildMCNPFile
	 Some nuclei have troubles, see transcript U5_0.12_8_82_P6_0.67_8_0.021_9_9.9_0_2.7_1_3.1_2_1.8_A1_0.22_P_36/inp035.err for more details.
ERROR in MURE::WriteMaterial(ostream &Out)
	 Some nuclei have troubles, see transcript U5_0.12_8_82_P6_0.67_8_0.021_9_9.9_0_2.7_1_3.1_2_1.8_A1_0.22_P_36/inp035.err for more details.
ERROR in MURE::BuildMCNPFile
	 Some nuclei have troubles, see transcript U5_0.12_8_82_P6_0.67_8_0.021_9_9.9_0_2.7_1_3.1_2_1.8_A1_0.22_P_36/inp036.err for more details.
ERROR in MURE::WriteMaterial(ostream &Out)
	 Some nuclei have troubles, see transcript U5_0.12_8_82_P6_0.67_8_0.021_9_9.9_0_2.7_1_3.1_2_1.8_A1_0.22_P_36/inp036.err for more details.
ERROR in MURE::BuildMCNPFile
	 Some nuclei have troubles, see transcript U5_0.12_8_82_P6_0.67_8_0.021_9_9.9_0_2.7_1_3.1_2_1.8_A1_0.22_P_36/inp037.err for more details.
ERROR in MURE::WriteMaterial(ostream &Out)
	 Some nuclei have troubles, see transcript U5_0.12_8_82_P6_0.67_8_0.021_9_9.9_0_2.7_1_3.1_2_1.8_A1_0.22_P_36/inp037.err for more details.
ERROR in MURE::BuildMCNPFile
	 Some nuclei have troubles, see transcript U5_0.12_8_82_P6_0.67_8_0.021_9_9.9_0_2.7_1_3.1_2_1.8_A1_0.22_P_36/inp038.err for more details.
ERROR in MURE::WriteMaterial(ostream &Out)
	 Some nuclei have troubles, see transcript U5_0.12_8_82_P6_0.67_8_0.021_9_9.9_0_2.7_1_3.1_2_1.8_A1_0.22_P_36/inp038.err for more details.
ERROR in MURE::BuildMCNPFile
	 Some nuclei have troubles, see transcript U5_0.12_8_82_P6_0.67_8_0.021_9_9.9_0_2.7_1_3.1_2_1.8_A1_0.22_P_36/inp039.err for more details.
ERROR in MURE::WriteMaterial(ostream &Out)
	 Some nuclei have troubles, see transcript U5_0.12_8_82_P6_0.67_8_0.021_9_9.9_0_2.7_1_3.1_2_1.8_A1_0.22_P_36/inp039.err for more details.
ERROR in MURE::BuildMCNPFile
	 Some nuclei have troubles, see transcript U5_0.12_8_82_P6_0.67_8_0.021_9_9.9_0_2.7_1_3.1_2_1.8_A1_0.22_P_36/inp040.err for more details.
ERROR in MURE::WriteMaterial(ostream &Out)
	 Some nuclei have troubles, see transcript U5_0.12_8_82_P6_0.67_8_0.021_9_9.9_0_2.7_1_3.1_2_1.8_A1_0.22_P_36/inp040.err for more details.
ERROR in MURE::BuildMCNPFile
	 Some nuclei have troubles, see transcript U5_0.12_8_82_P6_0.67_8_0.021_9_9.9_0_2.7_1_3.1_2_1.8_A1_0.22_P_36/inp041.err for more details.
ERROR in MURE::WriteMaterial(ostream &Out)
	 Some nuclei have troubles, see transcript U5_0.12_8_82_P6_0.67_8_0.021_9_9.9_0_2.7_1_3.1_2_1.8_A1_0.22_P_36/inp041.err for more details.
ERROR in MURE::BuildMCNPFile
	 Some nuclei have troubles, see transcript U5_0.12_8_82_P6_0.67_8_0.021_9_9.9_0_2.7_1_3.1_2_1.8_A1_0.22_P_36/inp042.err for more details.
ERROR in MURE::WriteMaterial(ostream &Out)
	 Some nuclei have troubles, see transcript U5_0.12_8_82_P6_0.67_8_0.021_9_9.9_0_2.7_1_3.1_2_1.8_A1_0.22_P_36/inp042.err for more details.
ERROR in MURE::BuildMCNPFile
	 Some nuclei have troubles, see transcript U5_0.12_8_82_P6_0.67_8_0.021_9_9.9_0_2.7_1_3.1_2_1.8_A1_0.22_P_36/inp043.err for more details.
ERROR in MURE::WriteMaterial(ostream &Out)
	 Some nuclei have troubles, see transcript U5_0.12_8_82_P6_0.67_8_0.021_9_9.9_0_2.7_1_3.1_2_1.8_A1_0.22_P_36/inp043.err for more details.
ERROR in MURE::BuildMCNPFile
	 Some nuclei have troubles, see transcript U5_0.12_8_82_P6_0.67_8_0.021_9_9.9_0_2.7_1_3.1_2_1.8_A1_0.22_P_36/inp044.err for more details.
ERROR in MURE::WriteMaterial(ostream &Out)
	 Some nuclei have troubles, see transcript U5_0.12_8_82_P6_0.67_8_0.021_9_9.9_0_2.7_1_3.1_2_1.8_A1_0.22_P_36/inp044.err for more details.
ERROR in MURE::BuildMCNPFile
	 Some nuclei have troubles, see transcript U5_0.12_8_82_P6_0.67_8_0.021_9_9.9_0_2.7_1_3.1_2_1.8_A1_0.22_P_36/inp045.err for more details.
ERROR in MURE::WriteMaterial(ostream &Out)
	 Some nuclei have troubles, see transcript U5_0.12_8_82_P6_0.67_8_0.021_9_9.9_0_2.7_1_3.1_2_1.8_A1_0.22_P_36/inp045.err for more details.
ERROR in MURE::BuildMCNPFile
	 Some nuclei have troubles, see transcript U5_0.12_8_82_P6_0.67_8_0.021_9_9.9_0_2.7_1_3.1_2_1.8_A1_0.22_P_36/inp046.err for more details.
ERROR in MURE::WriteMaterial(ostream &Out)
	 Some nuclei have troubles, see transcript U5_0.12_8_82_P6_0.67_8_0.021_9_9.9_0_2.7_1_3.1_2_1.8_A1_0.22_P_36/inp046.err for more details.
ERROR in MURE::BuildMCNPFile
	 Some nuclei have troubles, see transcript U5_0.12_8_82_P6_0.67_8_0.021_9_9.9_0_2.7_1_3.1_2_1.8_A1_0.22_P_36/inp047.err for more details.
ERROR in MURE::WriteMaterial(ostream &Out)
	 Some nuclei have troubles, see transcript U5_0.12_8_82_P6_0.67_8_0.021_9_9.9_0_2.7_1_3.1_2_1.8_A1_0.22_P_36/inp047.err for more details.
ERROR in MURE::BuildMCNPFile
	 Some nuclei have troubles, see transcript U5_0.12_8_82_P6_0.67_8_0.021_9_9.9_0_2.7_1_3.1_2_1.8_A1_0.22_P_36/inp048.err for more details.
ERROR in MURE::WriteMaterial(ostream &Out)
	 Some nuclei have troubles, see transcript U5_0.12_8_82_P6_0.67_8_0.021_9_9.9_0_2.7_1_3.1_2_1.8_A1_0.22_P_36/inp048.err for more details.
ERROR in MURE::BuildMCNPFile
	 Some nuclei have troubles, see transcript U5_0.12_8_82_P6_0.67_8_0.021_9_9.9_0_2.7_1_3.1_2_1.8_A1_0.22_P_36/inp049.err for more details.
ERROR in MURE::WriteMaterial(ostream &Out)
	 Some nuclei have troubles, see transcript U5_0.12_8_82_P6_0.67_8_0.021_9_9.9_0_2.7_1_3.1_2_1.8_A1_0.22_P_36/inp049.err for more details.
ERROR in MURE::BuildMCNPFile
	 Some nuclei have troubles, see transcript U5_0.12_8_82_P6_0.67_8_0.021_9_9.9_0_2.7_1_3.1_2_1.8_A1_0.22_P_36/inp050.err for more details.
ERROR in MURE::WriteMaterial(ostream &Out)
	 Some nuclei have troubles, see transcript U5_0.12_8_82_P6_0.67_8_0.021_9_9.9_0_2.7_1_3.1_2_1.8_A1_0.22_P_36/inp050.err for more details.
ERROR in MURE::BuildMCNPFile
	 Some nuclei have troubles, see transcript U5_0.12_8_82_P6_0.67_8_0.021_9_9.9_0_2.7_1_3.1_2_1.8_A1_0.22_P_36/inp051.err for more details.
ERROR in MURE::WriteMaterial(ostream &Out)
	 Some nuclei have troubles, see transcript U5_0.12_8_82_P6_0.67_8_0.021_9_9.9_0_2.7_1_3.1_2_1.8_A1_0.22_P_36/inp051.err for more details.
ERROR in MURE::BuildMCNPFile
	 Some nuclei have troubles, see transcript U5_0.12_8_82_P6_0.67_8_0.021_9_9.9_0_2.7_1_3.1_2_1.8_A1_0.22_P_36/inp052.err for more details.
ERROR in MURE::WriteMaterial(ostream &Out)
	 Some nuclei have troubles, see transcript U5_0.12_8_82_P6_0.67_8_0.021_9_9.9_0_2.7_1_3.1_2_1.8_A1_0.22_P_36/inp052.err for more details.
ERROR in MURE::BuildMCNPFile
	 Some nuclei have troubles, see transcript U5_0.12_8_82_P6_0.67_8_0.021_9_9.9_0_2.7_1_3.1_2_1.8_A1_0.22_P_36/inp053.err for more details.
ERROR in MURE::WriteMaterial(ostream &Out)
	 Some nuclei have troubles, see transcript U5_0.12_8_82_P6_0.67_8_0.021_9_9.9_0_2.7_1_3.1_2_1.8_A1_0.22_P_36/inp053.err for more details.
ERROR in MURE::BuildMCNPFile
	 Some nuclei have troubles, see transcript U5_0.12_8_82_P6_0.67_8_0.021_9_9.9_0_2.7_1_3.1_2_1.8_A1_0.22_P_36/inp054.err for more details.
ERROR in MURE::WriteMaterial(ostream &Out)
	 Some nuclei have troubles, see transcript U5_0.12_8_82_P6_0.67_8_0.021_9_9.9_0_2.7_1_3.1_2_1.8_A1_0.22_P_36/inp054.err for more details.
ERROR in MURE::BuildMCNPFile
	 Some nuclei have troubles, see transcript U5_0.12_8_82_P6_0.67_8_0.021_9_9.9_0_2.7_1_3.1_2_1.8_A1_0.22_P_36/inp055.err for more details.
ERROR in MURE::WriteMaterial(ostream &Out)
	 Some nuclei have troubles, see transcript U5_0.12_8_82_P6_0.67_8_0.021_9_9.9_0_2.7_1_3.1_2_1.8_A1_0.22_P_36/inp055.err for more details.
ERROR in MURE::BuildMCNPFile
	 Some nuclei have troubles, see transcript U5_0.12_8_82_P6_0.67_8_0.021_9_9.9_0_2.7_1_3.1_2_1.8_A1_0.22_P_36/inp056.err for more details.
ERROR in MURE::WriteMaterial(ostream &Out)
	 Some nuclei have troubles, see transcript U5_0.12_8_82_P6_0.67_8_0.021_9_9.9_0_2.7_1_3.1_2_1.8_A1_0.22_P_36/inp056.err for more details.
ERROR in MURE::BuildMCNPFile
	 Some nuclei have troubles, see transcript U5_0.12_8_82_P6_0.67_8_0.021_9_9.9_0_2.7_1_3.1_2_1.8_A1_0.22_P_36/inp057.err for more details.
ERROR in MURE::WriteMaterial(ostream &Out)
	 Some nuclei have troubles, see transcript U5_0.12_8_82_P6_0.67_8_0.021_9_9.9_0_2.7_1_3.1_2_1.8_A1_0.22_P_36/inp057.err for more details.
ERROR in MURE::BuildMCNPFile
	 Some nuclei have troubles, see transcript U5_0.12_8_82_P6_0.67_8_0.021_9_9.9_0_2.7_1_3.1_2_1.8_A1_0.22_P_36/inp058.err for more details.
ERROR in MURE::WriteMaterial(ostream &Out)
	 Some nuclei have troubles, see transcript U5_0.12_8_82_P6_0.67_8_0.021_9_9.9_0_2.7_1_3.1_2_1.8_A1_0.22_P_36/inp058.err for more details.
ERROR in MURE::BuildMCNPFile
	 Some nuclei have troubles, see transcript U5_0.12_8_82_P6_0.67_8_0.021_9_9.9_0_2.7_1_3.1_2_1.8_A1_0.22_P_36/inp059.err for more details.
ERROR in MURE::WriteMaterial(ostream &Out)
	 Some nuclei have troubles, see transcript U5_0.12_8_82_P6_0.67_8_0.021_9_9.9_0_2.7_1_3.1_2_1.8_A1_0.22_P_36/inp059.err for more details.
ERROR in MURE::BuildMCNPFile
	 Some nuclei have troubles, see transcript U5_0.12_8_82_P6_0.67_8_0.021_9_9.9_0_2.7_1_3.1_2_1.8_A1_0.22_P_36/inp060.err for more details.
ERROR in MURE::WriteMaterial(ostream &Out)
	 Some nuclei have troubles, see transcript U5_0.12_8_82_P6_0.67_8_0.021_9_9.9_0_2.7_1_3.1_2_1.8_A1_0.22_P_36/inp060.err for more details.
ERROR in MURE::BuildMCNPFile
	 Some nuclei have troubles, see transcript U5_0.12_8_82_P6_0.67_8_0.021_9_9.9_0_2.7_1_3.1_2_1.8_A1_0.22_P_36/inp061.err for more details.
ERROR in MURE::WriteMaterial(ostream &Out)
	 Some nuclei have troubles, see transcript U5_0.12_8_82_P6_0.67_8_0.021_9_9.9_0_2.7_1_3.1_2_1.8_A1_0.22_P_36/inp061.err for more details.
ERROR in MURE::BuildMCNPFile
	 Some nuclei have troubles, see transcript U5_0.12_8_82_P6_0.67_8_0.021_9_9.9_0_2.7_1_3.1_2_1.8_A1_0.22_P_36/inp062.err for more details.
ERROR in MURE::WriteMaterial(ostream &Out)
	 Some nuclei have troubles, see transcript U5_0.12_8_82_P6_0.67_8_0.021_9_9.9_0_2.7_1_3.1_2_1.8_A1_0.22_P_36/inp062.err for more details.
ERROR in MURE::BuildMCNPFile
	 Some nuclei have troubles, see transcript U5_0.12_8_82_P6_0.67_8_0.021_9_9.9_0_2.7_1_3.1_2_1.8_A1_0.22_P_36/inp063.err for more details.
ERROR in MURE::WriteMaterial(ostream &Out)
	 Some nuclei have troubles, see transcript U5_0.12_8_82_P6_0.67_8_0.021_9_9.9_0_2.7_1_3.1_2_1.8_A1_0.22_P_36/inp063.err for more details.
ERROR in MURE::BuildMCNPFile
	 Some nuclei have troubles, see transcript U5_0.12_8_82_P6_0.67_8_0.021_9_9.9_0_2.7_1_3.1_2_1.8_A1_0.22_P_36/inp064.err for more details.
ERROR in MURE::WriteMaterial(ostream &Out)
	 Some nuclei have troubles, see transcript U5_0.12_8_82_P6_0.67_8_0.021_9_9.9_0_2.7_1_3.1_2_1.8_A1_0.22_P_36/inp064.err for more details.
ERROR in MURE::BuildMCNPFile
	 Some nuclei have troubles, see transcript U5_0.12_8_82_P6_0.67_8_0.021_9_9.9_0_2.7_1_3.1_2_1.8_A1_0.22_P_36/inp065.err for more details.
ERROR in MURE::WriteMaterial(ostream &Out)
	 Some nuclei have troubles, see transcript U5_0.12_8_82_P6_0.67_8_0.021_9_9.9_0_2.7_1_3.1_2_1.8_A1_0.22_P_36/inp065.err for more details.
ERROR in MURE::BuildMCNPFile
	 Some nuclei have troubles, see transcript U5_0.12_8_82_P6_0.67_8_0.021_9_9.9_0_2.7_1_3.1_2_1.8_A1_0.22_P_36/inp066.err for more details.
ERROR in MURE::WriteMaterial(ostream &Out)
	 Some nuclei have troubles, see transcript U5_0.12_8_82_P6_0.67_8_0.021_9_9.9_0_2.7_1_3.1_2_1.8_A1_0.22_P_36/inp066.err for more details.
ERROR in MURE::BuildMCNPFile
	 Some nuclei have troubles, see transcript U5_0.12_8_82_P6_0.67_8_0.021_9_9.9_0_2.7_1_3.1_2_1.8_A1_0.22_P_36/inp067.err for more details.
ERROR in MURE::WriteMaterial(ostream &Out)
	 Some nuclei have troubles, see transcript U5_0.12_8_82_P6_0.67_8_0.021_9_9.9_0_2.7_1_3.1_2_1.8_A1_0.22_P_36/inp067.err for more details.
ERROR in MURE::BuildMCNPFile
	 Some nuclei have troubles, see transcript U5_0.12_8_82_P6_0.67_8_0.021_9_9.9_0_2.7_1_3.1_2_1.8_A1_0.22_P_36/inp068.err for more details.
ERROR in MURE::WriteMaterial(ostream &Out)
	 Some nuclei have troubles, see transcript U5_0.12_8_82_P6_0.67_8_0.021_9_9.9_0_2.7_1_3.1_2_1.8_A1_0.22_P_36/inp068.err for more details.
ERROR in MURE::BuildMCNPFile
	 Some nuclei have troubles, see transcript U5_0.12_8_82_P6_0.67_8_0.021_9_9.9_0_2.7_1_3.1_2_1.8_A1_0.22_P_36/inp069.err for more details.
ERROR in MURE::WriteMaterial(ostream &Out)
	 Some nuclei have troubles, see transcript U5_0.12_8_82_P6_0.67_8_0.021_9_9.9_0_2.7_1_3.1_2_1.8_A1_0.22_P_36/inp069.err for more details.
ERROR in MURE::BuildMCNPFile
	 Some nuclei have troubles, see transcript U5_0.12_8_82_P6_0.67_8_0.021_9_9.9_0_2.7_1_3.1_2_1.8_A1_0.22_P_36/inp070.err for more details.
ERROR in MURE::WriteMaterial(ostream &Out)
	 Some nuclei have troubles, see transcript U5_0.12_8_82_P6_0.67_8_0.021_9_9.9_0_2.7_1_3.1_2_1.8_A1_0.22_P_36/inp070.err for more details.
ERROR in MURE::BuildMCNPFile
	 Some nuclei have troubles, see transcript U5_0.12_8_82_P6_0.67_8_0.021_9_9.9_0_2.7_1_3.1_2_1.8_A1_0.22_P_36/inp071.err for more details.
ERROR in MURE::WriteMaterial(ostream &Out)
	 Some nuclei have troubles, see transcript U5_0.12_8_82_P6_0.67_8_0.021_9_9.9_0_2.7_1_3.1_2_1.8_A1_0.22_P_36/inp071.err for more details.
ERROR in MURE::BuildMCNPFile
	 Some nuclei have troubles, see transcript U5_0.12_8_82_P6_0.67_8_0.021_9_9.9_0_2.7_1_3.1_2_1.8_A1_0.22_P_36/inp072.err for more details.
ERROR in MURE::WriteMaterial(ostream &Out)
	 Some nuclei have troubles, see transcript U5_0.12_8_82_P6_0.67_8_0.021_9_9.9_0_2.7_1_3.1_2_1.8_A1_0.22_P_36/inp072.err for more details.
ERROR in MURE::BuildMCNPFile
	 Some nuclei have troubles, see transcript U5_0.12_8_82_P6_0.67_8_0.021_9_9.9_0_2.7_1_3.1_2_1.8_A1_0.22_P_36/inp073.err for more details.
ERROR in MURE::WriteMaterial(ostream &Out)
	 Some nuclei have troubles, see transcript U5_0.12_8_82_P6_0.67_8_0.021_9_9.9_0_2.7_1_3.1_2_1.8_A1_0.22_P_36/inp073.err for more details.
ERROR in MURE::BuildMCNPFile
	 Some nuclei have troubles, see transcript U5_0.12_8_82_P6_0.67_8_0.021_9_9.9_0_2.7_1_3.1_2_1.8_A1_0.22_P_36/inp074.err for more details.
ERROR in MURE::WriteMaterial(ostream &Out)
	 Some nuclei have troubles, see transcript U5_0.12_8_82_P6_0.67_8_0.021_9_9.9_0_2.7_1_3.1_2_1.8_A1_0.22_P_36/inp074.err for more details.
ERROR in MURE::BuildMCNPFile
	 Some nuclei have troubles, see transcript U5_0.12_8_82_P6_0.67_8_0.021_9_9.9_0_2.7_1_3.1_2_1.8_A1_0.22_P_36/inp075.err for more details.
ERROR in MURE::WriteMaterial(ostream &Out)
	 Some nuclei have troubles, see transcript U5_0.12_8_82_P6_0.67_8_0.021_9_9.9_0_2.7_1_3.1_2_1.8_A1_0.22_P_36/inp075.err for more details.
ERROR in MURE::BuildMCNPFile
	 Some nuclei have troubles, see transcript U5_0.12_8_82_P6_0.67_8_0.021_9_9.9_0_2.7_1_3.1_2_1.8_A1_0.22_P_36/inp076.err for more details.
ERROR in MURE::WriteMaterial(ostream &Out)
	 Some nuclei have troubles, see transcript U5_0.12_8_82_P6_0.67_8_0.021_9_9.9_0_2.7_1_3.1_2_1.8_A1_0.22_P_36/inp076.err for more details.
ERROR in MURE::BuildMCNPFile
	 Some nuclei have troubles, see transcript U5_0.12_8_82_P6_0.67_8_0.021_9_9.9_0_2.7_1_3.1_2_1.8_A1_0.22_P_36/inp077.err for more details.
ERROR in MURE::WriteMaterial(ostream &Out)
	 Some nuclei have troubles, see transcript U5_0.12_8_82_P6_0.67_8_0.021_9_9.9_0_2.7_1_3.1_2_1.8_A1_0.22_P_36/inp077.err for more details.
ERROR in MURE::BuildMCNPFile
	 Some nuclei have troubles, see transcript U5_0.12_8_82_P6_0.67_8_0.021_9_9.9_0_2.7_1_3.1_2_1.8_A1_0.22_P_36/inp078.err for more details.
ERROR in MURE::WriteMaterial(ostream &Out)
	 Some nuclei have troubles, see transcript U5_0.12_8_82_P6_0.67_8_0.021_9_9.9_0_2.7_1_3.1_2_1.8_A1_0.22_P_36/inp078.err for more details.
ERROR in MURE::BuildMCNPFile
	 Some nuclei have troubles, see transcript U5_0.12_8_82_P6_0.67_8_0.021_9_9.9_0_2.7_1_3.1_2_1.8_A1_0.22_P_36/inp079.err for more details.
ERROR in MURE::WriteMaterial(ostream &Out)
	 Some nuclei have troubles, see transcript U5_0.12_8_82_P6_0.67_8_0.021_9_9.9_0_2.7_1_3.1_2_1.8_A1_0.22_P_36/inp079.err for more details.
* About to connect() to ftp.box.com port 21 (#0)
*   Trying 107.152.25.220... connected
* Connected to ftp.box.com (107.152.25.220) port 21 (#0)
< 220 Service ready for new user.
> AUTH SSL
< 234 Command AUTH okay; starting SSL connection.
* Initializing NSS with certpath: sql:/etc/pki/nssdb
*   CAfile: /etc/pki/tls/certs/ca-bundle.crt
  CApath: none
* SSL connection using TLS_RSA_WITH_AES_128_CBC_SHA
* Server certificate:
* 	subject: CN=*.box.com,O="Box, Inc.",L=Los Altos,ST=California,C=US
* 	start date: Nov 13 19:22:20 2014 GMT
* 	expire date: Oct 23 02:42:03 2017 GMT
* 	common name: *.box.com
* 	issuer: CN=GeoTrust SSL CA - G4,O=GeoTrust Inc.,C=US
> USER mouginot@wisc.edu
< 331 User name okay, need password for mouginot@wisc.edu.
> PASS line150782
< 230 User logged in, proceed.
> PBSZ 0
< 200 Command PBSZ okay.
> PROT P
< 200 Command PROT okay.
> PWD
< 257 "/" is current directory.
* Entry path is '/'
> CWD MODEL_DATA
< 250 Directory changed to /MODEL_DATA
> CWD PWR_TRU_MOX_PSPEC
< 250 Directory changed to /MODEL_DATA/PWR_TRU_MOX_PSPEC
> CWD 1000
< 250 Directory changed to /MODEL_DATA/PWR_TRU_MOX_PSPEC/1000
> PASV
* Connect data stream passively
< 227 Entering Passive Mode (107,152,25,220,94,210)
* Skips 107.152.25.220 for data connection, uses 107.152.25.220 instead
*   Trying 107.152.25.220... connected
* Connecting to 107.152.25.220 (107.152.25.220) port 24274
> TYPE I
< 200 Command TYPE okay.
> STOR 326_raw.tar.gz
< 150 File status okay; about to open data connection.
* Doing the SSL/TLS handshake on the data stream
*   CAfile: /etc/pki/tls/certs/ca-bundle.crt
  CApath: none
* SSL connection using TLS_RSA_WITH_AES_128_CBC_SHA
* Server certificate:
* 	subject: CN=*.box.com,O="Box, Inc.",L=Los Altos,ST=California,C=US
* 	start date: Nov 13 19:22:20 2014 GMT
* 	expire date: Oct 23 02:42:03 2017 GMT
* 	common name: *.box.com
* 	issuer: CN=GeoTrust SSL CA - G4,O=GeoTrust Inc.,C=US
} [data not shown]
  % Total    % Received % Xferd  Average Speed   Time    Time     Time  Current
                                 Dload  Upload   Total   Spent    Left  Speed
  0 43.5M    0     0    0 16384      0   3417  3:42:58  0:00:04  3:42:54  3417  1 43.5M    0     0    1  816k      0   150k  0:04:57  0:00:05  0:04:52 1255k 26 43.5M    0     0   26 11.4M      0  1828k  0:00:24  0:00:06  0:00:18 7203k 65 43.5M    0     0   65 28.7M      0  3963k  0:00:11  0:00:07  0:00:04 10.8M* Remembering we are in dir "MODEL_DATA/PWR_TRU_MOX_PSPEC/1000/"
100 43.5M    0     0  100 43.5M      0  4765k  0:00:09  0:00:09 --:--:-- 9758k< 226 Transfer complete.
100 43.5M    0     0  100 43.5M      0  4508k  0:00:09  0:00:09 --:--:-- 8738k* Connection #0 to host ftp.box.com left intact

> QUIT
< 221 Goodbye.
* Closing connection #0
