ERROR in MURE::BuildXSDIR()
	 Some nuclei have troubles, see transcript U5_1.3_8_87_P6_0.42_8_0.6_9_4.7_0_3.4_1_0.96_2_0.8_A1_1.4_P_27/inp000.err for more details.
ERROR in MURE::BuildMCNPFile
	 Some nuclei have troubles, see transcript U5_1.3_8_87_P6_0.42_8_0.6_9_4.7_0_3.4_1_0.96_2_0.8_A1_1.4_P_27/inp000.err for more details.
ERROR in MURE::WriteMaterial(ostream &Out)
	 Some nuclei have troubles, see transcript U5_1.3_8_87_P6_0.42_8_0.6_9_4.7_0_3.4_1_0.96_2_0.8_A1_1.4_P_27/inp000.err for more details.
ERROR in MURE::BuildMCNPFile
	 Some nuclei have troubles, see transcript U5_1.3_8_87_P6_0.42_8_0.6_9_4.7_0_3.4_1_0.96_2_0.8_A1_1.4_P_27/inp001.err for more details.
ERROR in MURE::WriteMaterial(ostream &Out)
	 Some nuclei have troubles, see transcript U5_1.3_8_87_P6_0.42_8_0.6_9_4.7_0_3.4_1_0.96_2_0.8_A1_1.4_P_27/inp001.err for more details.
ERROR in MURE::BuildMCNPFile
	 Some nuclei have troubles, see transcript U5_1.3_8_87_P6_0.42_8_0.6_9_4.7_0_3.4_1_0.96_2_0.8_A1_1.4_P_27/inp002.err for more details.
ERROR in MURE::WriteMaterial(ostream &Out)
	 Some nuclei have troubles, see transcript U5_1.3_8_87_P6_0.42_8_0.6_9_4.7_0_3.4_1_0.96_2_0.8_A1_1.4_P_27/inp002.err for more details.
ERROR in MURE::BuildMCNPFile
	 Some nuclei have troubles, see transcript U5_1.3_8_87_P6_0.42_8_0.6_9_4.7_0_3.4_1_0.96_2_0.8_A1_1.4_P_27/inp003.err for more details.
ERROR in MURE::WriteMaterial(ostream &Out)
	 Some nuclei have troubles, see transcript U5_1.3_8_87_P6_0.42_8_0.6_9_4.7_0_3.4_1_0.96_2_0.8_A1_1.4_P_27/inp003.err for more details.
ERROR in MURE::BuildMCNPFile
	 Some nuclei have troubles, see transcript U5_1.3_8_87_P6_0.42_8_0.6_9_4.7_0_3.4_1_0.96_2_0.8_A1_1.4_P_27/inp004.err for more details.
ERROR in MURE::WriteMaterial(ostream &Out)
	 Some nuclei have troubles, see transcript U5_1.3_8_87_P6_0.42_8_0.6_9_4.7_0_3.4_1_0.96_2_0.8_A1_1.4_P_27/inp004.err for more details.
ERROR in MURE::BuildMCNPFile
	 Some nuclei have troubles, see transcript U5_1.3_8_87_P6_0.42_8_0.6_9_4.7_0_3.4_1_0.96_2_0.8_A1_1.4_P_27/inp005.err for more details.
ERROR in MURE::WriteMaterial(ostream &Out)
	 Some nuclei have troubles, see transcript U5_1.3_8_87_P6_0.42_8_0.6_9_4.7_0_3.4_1_0.96_2_0.8_A1_1.4_P_27/inp005.err for more details.
ERROR in MURE::BuildMCNPFile
	 Some nuclei have troubles, see transcript U5_1.3_8_87_P6_0.42_8_0.6_9_4.7_0_3.4_1_0.96_2_0.8_A1_1.4_P_27/inp006.err for more details.
ERROR in MURE::WriteMaterial(ostream &Out)
	 Some nuclei have troubles, see transcript U5_1.3_8_87_P6_0.42_8_0.6_9_4.7_0_3.4_1_0.96_2_0.8_A1_1.4_P_27/inp006.err for more details.
ERROR in MURE::BuildMCNPFile
	 Some nuclei have troubles, see transcript U5_1.3_8_87_P6_0.42_8_0.6_9_4.7_0_3.4_1_0.96_2_0.8_A1_1.4_P_27/inp007.err for more details.
ERROR in MURE::WriteMaterial(ostream &Out)
	 Some nuclei have troubles, see transcript U5_1.3_8_87_P6_0.42_8_0.6_9_4.7_0_3.4_1_0.96_2_0.8_A1_1.4_P_27/inp007.err for more details.
ERROR in MURE::BuildMCNPFile
	 Some nuclei have troubles, see transcript U5_1.3_8_87_P6_0.42_8_0.6_9_4.7_0_3.4_1_0.96_2_0.8_A1_1.4_P_27/inp008.err for more details.
ERROR in MURE::WriteMaterial(ostream &Out)
	 Some nuclei have troubles, see transcript U5_1.3_8_87_P6_0.42_8_0.6_9_4.7_0_3.4_1_0.96_2_0.8_A1_1.4_P_27/inp008.err for more details.
ERROR in MURE::BuildMCNPFile
	 Some nuclei have troubles, see transcript U5_1.3_8_87_P6_0.42_8_0.6_9_4.7_0_3.4_1_0.96_2_0.8_A1_1.4_P_27/inp009.err for more details.
ERROR in MURE::WriteMaterial(ostream &Out)
	 Some nuclei have troubles, see transcript U5_1.3_8_87_P6_0.42_8_0.6_9_4.7_0_3.4_1_0.96_2_0.8_A1_1.4_P_27/inp009.err for more details.
ERROR in MURE::BuildMCNPFile
	 Some nuclei have troubles, see transcript U5_1.3_8_87_P6_0.42_8_0.6_9_4.7_0_3.4_1_0.96_2_0.8_A1_1.4_P_27/inp010.err for more details.
ERROR in MURE::WriteMaterial(ostream &Out)
	 Some nuclei have troubles, see transcript U5_1.3_8_87_P6_0.42_8_0.6_9_4.7_0_3.4_1_0.96_2_0.8_A1_1.4_P_27/inp010.err for more details.
ERROR in MURE::BuildMCNPFile
	 Some nuclei have troubles, see transcript U5_1.3_8_87_P6_0.42_8_0.6_9_4.7_0_3.4_1_0.96_2_0.8_A1_1.4_P_27/inp011.err for more details.
ERROR in MURE::WriteMaterial(ostream &Out)
	 Some nuclei have troubles, see transcript U5_1.3_8_87_P6_0.42_8_0.6_9_4.7_0_3.4_1_0.96_2_0.8_A1_1.4_P_27/inp011.err for more details.
ERROR in MURE::BuildMCNPFile
	 Some nuclei have troubles, see transcript U5_1.3_8_87_P6_0.42_8_0.6_9_4.7_0_3.4_1_0.96_2_0.8_A1_1.4_P_27/inp012.err for more details.
ERROR in MURE::WriteMaterial(ostream &Out)
	 Some nuclei have troubles, see transcript U5_1.3_8_87_P6_0.42_8_0.6_9_4.7_0_3.4_1_0.96_2_0.8_A1_1.4_P_27/inp012.err for more details.
ERROR in MURE::BuildMCNPFile
	 Some nuclei have troubles, see transcript U5_1.3_8_87_P6_0.42_8_0.6_9_4.7_0_3.4_1_0.96_2_0.8_A1_1.4_P_27/inp013.err for more details.
ERROR in MURE::WriteMaterial(ostream &Out)
	 Some nuclei have troubles, see transcript U5_1.3_8_87_P6_0.42_8_0.6_9_4.7_0_3.4_1_0.96_2_0.8_A1_1.4_P_27/inp013.err for more details.
ERROR in MURE::BuildMCNPFile
	 Some nuclei have troubles, see transcript U5_1.3_8_87_P6_0.42_8_0.6_9_4.7_0_3.4_1_0.96_2_0.8_A1_1.4_P_27/inp014.err for more details.
ERROR in MURE::WriteMaterial(ostream &Out)
	 Some nuclei have troubles, see transcript U5_1.3_8_87_P6_0.42_8_0.6_9_4.7_0_3.4_1_0.96_2_0.8_A1_1.4_P_27/inp014.err for more details.
ERROR in MURE::BuildMCNPFile
	 Some nuclei have troubles, see transcript U5_1.3_8_87_P6_0.42_8_0.6_9_4.7_0_3.4_1_0.96_2_0.8_A1_1.4_P_27/inp015.err for more details.
ERROR in MURE::WriteMaterial(ostream &Out)
	 Some nuclei have troubles, see transcript U5_1.3_8_87_P6_0.42_8_0.6_9_4.7_0_3.4_1_0.96_2_0.8_A1_1.4_P_27/inp015.err for more details.
ERROR in MURE::BuildMCNPFile
	 Some nuclei have troubles, see transcript U5_1.3_8_87_P6_0.42_8_0.6_9_4.7_0_3.4_1_0.96_2_0.8_A1_1.4_P_27/inp016.err for more details.
ERROR in MURE::WriteMaterial(ostream &Out)
	 Some nuclei have troubles, see transcript U5_1.3_8_87_P6_0.42_8_0.6_9_4.7_0_3.4_1_0.96_2_0.8_A1_1.4_P_27/inp016.err for more details.
ERROR in MURE::BuildMCNPFile
	 Some nuclei have troubles, see transcript U5_1.3_8_87_P6_0.42_8_0.6_9_4.7_0_3.4_1_0.96_2_0.8_A1_1.4_P_27/inp017.err for more details.
ERROR in MURE::WriteMaterial(ostream &Out)
	 Some nuclei have troubles, see transcript U5_1.3_8_87_P6_0.42_8_0.6_9_4.7_0_3.4_1_0.96_2_0.8_A1_1.4_P_27/inp017.err for more details.
ERROR in MURE::BuildMCNPFile
	 Some nuclei have troubles, see transcript U5_1.3_8_87_P6_0.42_8_0.6_9_4.7_0_3.4_1_0.96_2_0.8_A1_1.4_P_27/inp018.err for more details.
ERROR in MURE::WriteMaterial(ostream &Out)
	 Some nuclei have troubles, see transcript U5_1.3_8_87_P6_0.42_8_0.6_9_4.7_0_3.4_1_0.96_2_0.8_A1_1.4_P_27/inp018.err for more details.
ERROR in MURE::BuildMCNPFile
	 Some nuclei have troubles, see transcript U5_1.3_8_87_P6_0.42_8_0.6_9_4.7_0_3.4_1_0.96_2_0.8_A1_1.4_P_27/inp019.err for more details.
ERROR in MURE::WriteMaterial(ostream &Out)
	 Some nuclei have troubles, see transcript U5_1.3_8_87_P6_0.42_8_0.6_9_4.7_0_3.4_1_0.96_2_0.8_A1_1.4_P_27/inp019.err for more details.
ERROR in MURE::BuildMCNPFile
	 Some nuclei have troubles, see transcript U5_1.3_8_87_P6_0.42_8_0.6_9_4.7_0_3.4_1_0.96_2_0.8_A1_1.4_P_27/inp020.err for more details.
ERROR in MURE::WriteMaterial(ostream &Out)
	 Some nuclei have troubles, see transcript U5_1.3_8_87_P6_0.42_8_0.6_9_4.7_0_3.4_1_0.96_2_0.8_A1_1.4_P_27/inp020.err for more details.
ERROR in MURE::BuildMCNPFile
	 Some nuclei have troubles, see transcript U5_1.3_8_87_P6_0.42_8_0.6_9_4.7_0_3.4_1_0.96_2_0.8_A1_1.4_P_27/inp021.err for more details.
ERROR in MURE::WriteMaterial(ostream &Out)
	 Some nuclei have troubles, see transcript U5_1.3_8_87_P6_0.42_8_0.6_9_4.7_0_3.4_1_0.96_2_0.8_A1_1.4_P_27/inp021.err for more details.
ERROR in MURE::BuildMCNPFile
	 Some nuclei have troubles, see transcript U5_1.3_8_87_P6_0.42_8_0.6_9_4.7_0_3.4_1_0.96_2_0.8_A1_1.4_P_27/inp022.err for more details.
ERROR in MURE::WriteMaterial(ostream &Out)
	 Some nuclei have troubles, see transcript U5_1.3_8_87_P6_0.42_8_0.6_9_4.7_0_3.4_1_0.96_2_0.8_A1_1.4_P_27/inp022.err for more details.
ERROR in MURE::BuildMCNPFile
	 Some nuclei have troubles, see transcript U5_1.3_8_87_P6_0.42_8_0.6_9_4.7_0_3.4_1_0.96_2_0.8_A1_1.4_P_27/inp023.err for more details.
ERROR in MURE::WriteMaterial(ostream &Out)
	 Some nuclei have troubles, see transcript U5_1.3_8_87_P6_0.42_8_0.6_9_4.7_0_3.4_1_0.96_2_0.8_A1_1.4_P_27/inp023.err for more details.
ERROR in MURE::BuildMCNPFile
	 Some nuclei have troubles, see transcript U5_1.3_8_87_P6_0.42_8_0.6_9_4.7_0_3.4_1_0.96_2_0.8_A1_1.4_P_27/inp024.err for more details.
ERROR in MURE::WriteMaterial(ostream &Out)
	 Some nuclei have troubles, see transcript U5_1.3_8_87_P6_0.42_8_0.6_9_4.7_0_3.4_1_0.96_2_0.8_A1_1.4_P_27/inp024.err for more details.
ERROR in MURE::BuildMCNPFile
	 Some nuclei have troubles, see transcript U5_1.3_8_87_P6_0.42_8_0.6_9_4.7_0_3.4_1_0.96_2_0.8_A1_1.4_P_27/inp025.err for more details.
ERROR in MURE::WriteMaterial(ostream &Out)
	 Some nuclei have troubles, see transcript U5_1.3_8_87_P6_0.42_8_0.6_9_4.7_0_3.4_1_0.96_2_0.8_A1_1.4_P_27/inp025.err for more details.
ERROR in MURE::BuildMCNPFile
	 Some nuclei have troubles, see transcript U5_1.3_8_87_P6_0.42_8_0.6_9_4.7_0_3.4_1_0.96_2_0.8_A1_1.4_P_27/inp026.err for more details.
ERROR in MURE::WriteMaterial(ostream &Out)
	 Some nuclei have troubles, see transcript U5_1.3_8_87_P6_0.42_8_0.6_9_4.7_0_3.4_1_0.96_2_0.8_A1_1.4_P_27/inp026.err for more details.
ERROR in MURE::BuildMCNPFile
	 Some nuclei have troubles, see transcript U5_1.3_8_87_P6_0.42_8_0.6_9_4.7_0_3.4_1_0.96_2_0.8_A1_1.4_P_27/inp027.err for more details.
ERROR in MURE::WriteMaterial(ostream &Out)
	 Some nuclei have troubles, see transcript U5_1.3_8_87_P6_0.42_8_0.6_9_4.7_0_3.4_1_0.96_2_0.8_A1_1.4_P_27/inp027.err for more details.
ERROR in MURE::BuildMCNPFile
	 Some nuclei have troubles, see transcript U5_1.3_8_87_P6_0.42_8_0.6_9_4.7_0_3.4_1_0.96_2_0.8_A1_1.4_P_27/inp028.err for more details.
ERROR in MURE::WriteMaterial(ostream &Out)
	 Some nuclei have troubles, see transcript U5_1.3_8_87_P6_0.42_8_0.6_9_4.7_0_3.4_1_0.96_2_0.8_A1_1.4_P_27/inp028.err for more details.
ERROR in MURE::BuildMCNPFile
	 Some nuclei have troubles, see transcript U5_1.3_8_87_P6_0.42_8_0.6_9_4.7_0_3.4_1_0.96_2_0.8_A1_1.4_P_27/inp029.err for more details.
ERROR in MURE::WriteMaterial(ostream &Out)
	 Some nuclei have troubles, see transcript U5_1.3_8_87_P6_0.42_8_0.6_9_4.7_0_3.4_1_0.96_2_0.8_A1_1.4_P_27/inp029.err for more details.
ERROR in MURE::BuildMCNPFile
	 Some nuclei have troubles, see transcript U5_1.3_8_87_P6_0.42_8_0.6_9_4.7_0_3.4_1_0.96_2_0.8_A1_1.4_P_27/inp030.err for more details.
ERROR in MURE::WriteMaterial(ostream &Out)
	 Some nuclei have troubles, see transcript U5_1.3_8_87_P6_0.42_8_0.6_9_4.7_0_3.4_1_0.96_2_0.8_A1_1.4_P_27/inp030.err for more details.
ERROR in MURE::BuildMCNPFile
	 Some nuclei have troubles, see transcript U5_1.3_8_87_P6_0.42_8_0.6_9_4.7_0_3.4_1_0.96_2_0.8_A1_1.4_P_27/inp031.err for more details.
ERROR in MURE::WriteMaterial(ostream &Out)
	 Some nuclei have troubles, see transcript U5_1.3_8_87_P6_0.42_8_0.6_9_4.7_0_3.4_1_0.96_2_0.8_A1_1.4_P_27/inp031.err for more details.
ERROR in MURE::BuildMCNPFile
	 Some nuclei have troubles, see transcript U5_1.3_8_87_P6_0.42_8_0.6_9_4.7_0_3.4_1_0.96_2_0.8_A1_1.4_P_27/inp032.err for more details.
ERROR in MURE::WriteMaterial(ostream &Out)
	 Some nuclei have troubles, see transcript U5_1.3_8_87_P6_0.42_8_0.6_9_4.7_0_3.4_1_0.96_2_0.8_A1_1.4_P_27/inp032.err for more details.
ERROR in MURE::BuildMCNPFile
	 Some nuclei have troubles, see transcript U5_1.3_8_87_P6_0.42_8_0.6_9_4.7_0_3.4_1_0.96_2_0.8_A1_1.4_P_27/inp033.err for more details.
ERROR in MURE::WriteMaterial(ostream &Out)
	 Some nuclei have troubles, see transcript U5_1.3_8_87_P6_0.42_8_0.6_9_4.7_0_3.4_1_0.96_2_0.8_A1_1.4_P_27/inp033.err for more details.
ERROR in MURE::BuildMCNPFile
	 Some nuclei have troubles, see transcript U5_1.3_8_87_P6_0.42_8_0.6_9_4.7_0_3.4_1_0.96_2_0.8_A1_1.4_P_27/inp034.err for more details.
ERROR in MURE::WriteMaterial(ostream &Out)
	 Some nuclei have troubles, see transcript U5_1.3_8_87_P6_0.42_8_0.6_9_4.7_0_3.4_1_0.96_2_0.8_A1_1.4_P_27/inp034.err for more details.
ERROR in MURE::BuildMCNPFile
	 Some nuclei have troubles, see transcript U5_1.3_8_87_P6_0.42_8_0.6_9_4.7_0_3.4_1_0.96_2_0.8_A1_1.4_P_27/inp035.err for more details.
ERROR in MURE::WriteMaterial(ostream &Out)
	 Some nuclei have troubles, see transcript U5_1.3_8_87_P6_0.42_8_0.6_9_4.7_0_3.4_1_0.96_2_0.8_A1_1.4_P_27/inp035.err for more details.
ERROR in MURE::BuildMCNPFile
	 Some nuclei have troubles, see transcript U5_1.3_8_87_P6_0.42_8_0.6_9_4.7_0_3.4_1_0.96_2_0.8_A1_1.4_P_27/inp036.err for more details.
ERROR in MURE::WriteMaterial(ostream &Out)
	 Some nuclei have troubles, see transcript U5_1.3_8_87_P6_0.42_8_0.6_9_4.7_0_3.4_1_0.96_2_0.8_A1_1.4_P_27/inp036.err for more details.
ERROR in MURE::BuildMCNPFile
	 Some nuclei have troubles, see transcript U5_1.3_8_87_P6_0.42_8_0.6_9_4.7_0_3.4_1_0.96_2_0.8_A1_1.4_P_27/inp037.err for more details.
ERROR in MURE::WriteMaterial(ostream &Out)
	 Some nuclei have troubles, see transcript U5_1.3_8_87_P6_0.42_8_0.6_9_4.7_0_3.4_1_0.96_2_0.8_A1_1.4_P_27/inp037.err for more details.
ERROR in MURE::BuildMCNPFile
	 Some nuclei have troubles, see transcript U5_1.3_8_87_P6_0.42_8_0.6_9_4.7_0_3.4_1_0.96_2_0.8_A1_1.4_P_27/inp038.err for more details.
ERROR in MURE::WriteMaterial(ostream &Out)
	 Some nuclei have troubles, see transcript U5_1.3_8_87_P6_0.42_8_0.6_9_4.7_0_3.4_1_0.96_2_0.8_A1_1.4_P_27/inp038.err for more details.
ERROR in MURE::BuildMCNPFile
	 Some nuclei have troubles, see transcript U5_1.3_8_87_P6_0.42_8_0.6_9_4.7_0_3.4_1_0.96_2_0.8_A1_1.4_P_27/inp039.err for more details.
ERROR in MURE::WriteMaterial(ostream &Out)
	 Some nuclei have troubles, see transcript U5_1.3_8_87_P6_0.42_8_0.6_9_4.7_0_3.4_1_0.96_2_0.8_A1_1.4_P_27/inp039.err for more details.
ERROR in MURE::BuildMCNPFile
	 Some nuclei have troubles, see transcript U5_1.3_8_87_P6_0.42_8_0.6_9_4.7_0_3.4_1_0.96_2_0.8_A1_1.4_P_27/inp040.err for more details.
ERROR in MURE::WriteMaterial(ostream &Out)
	 Some nuclei have troubles, see transcript U5_1.3_8_87_P6_0.42_8_0.6_9_4.7_0_3.4_1_0.96_2_0.8_A1_1.4_P_27/inp040.err for more details.
ERROR in MURE::BuildMCNPFile
	 Some nuclei have troubles, see transcript U5_1.3_8_87_P6_0.42_8_0.6_9_4.7_0_3.4_1_0.96_2_0.8_A1_1.4_P_27/inp041.err for more details.
ERROR in MURE::WriteMaterial(ostream &Out)
	 Some nuclei have troubles, see transcript U5_1.3_8_87_P6_0.42_8_0.6_9_4.7_0_3.4_1_0.96_2_0.8_A1_1.4_P_27/inp041.err for more details.
ERROR in MURE::BuildMCNPFile
	 Some nuclei have troubles, see transcript U5_1.3_8_87_P6_0.42_8_0.6_9_4.7_0_3.4_1_0.96_2_0.8_A1_1.4_P_27/inp042.err for more details.
ERROR in MURE::WriteMaterial(ostream &Out)
	 Some nuclei have troubles, see transcript U5_1.3_8_87_P6_0.42_8_0.6_9_4.7_0_3.4_1_0.96_2_0.8_A1_1.4_P_27/inp042.err for more details.
ERROR in MURE::BuildMCNPFile
	 Some nuclei have troubles, see transcript U5_1.3_8_87_P6_0.42_8_0.6_9_4.7_0_3.4_1_0.96_2_0.8_A1_1.4_P_27/inp043.err for more details.
ERROR in MURE::WriteMaterial(ostream &Out)
	 Some nuclei have troubles, see transcript U5_1.3_8_87_P6_0.42_8_0.6_9_4.7_0_3.4_1_0.96_2_0.8_A1_1.4_P_27/inp043.err for more details.
ERROR in MURE::BuildMCNPFile
	 Some nuclei have troubles, see transcript U5_1.3_8_87_P6_0.42_8_0.6_9_4.7_0_3.4_1_0.96_2_0.8_A1_1.4_P_27/inp044.err for more details.
ERROR in MURE::WriteMaterial(ostream &Out)
	 Some nuclei have troubles, see transcript U5_1.3_8_87_P6_0.42_8_0.6_9_4.7_0_3.4_1_0.96_2_0.8_A1_1.4_P_27/inp044.err for more details.
ERROR in MURE::BuildMCNPFile
	 Some nuclei have troubles, see transcript U5_1.3_8_87_P6_0.42_8_0.6_9_4.7_0_3.4_1_0.96_2_0.8_A1_1.4_P_27/inp045.err for more details.
ERROR in MURE::WriteMaterial(ostream &Out)
	 Some nuclei have troubles, see transcript U5_1.3_8_87_P6_0.42_8_0.6_9_4.7_0_3.4_1_0.96_2_0.8_A1_1.4_P_27/inp045.err for more details.
ERROR in MURE::BuildMCNPFile
	 Some nuclei have troubles, see transcript U5_1.3_8_87_P6_0.42_8_0.6_9_4.7_0_3.4_1_0.96_2_0.8_A1_1.4_P_27/inp046.err for more details.
ERROR in MURE::WriteMaterial(ostream &Out)
	 Some nuclei have troubles, see transcript U5_1.3_8_87_P6_0.42_8_0.6_9_4.7_0_3.4_1_0.96_2_0.8_A1_1.4_P_27/inp046.err for more details.
ERROR in MURE::BuildMCNPFile
	 Some nuclei have troubles, see transcript U5_1.3_8_87_P6_0.42_8_0.6_9_4.7_0_3.4_1_0.96_2_0.8_A1_1.4_P_27/inp047.err for more details.
ERROR in MURE::WriteMaterial(ostream &Out)
	 Some nuclei have troubles, see transcript U5_1.3_8_87_P6_0.42_8_0.6_9_4.7_0_3.4_1_0.96_2_0.8_A1_1.4_P_27/inp047.err for more details.
ERROR in MURE::BuildMCNPFile
	 Some nuclei have troubles, see transcript U5_1.3_8_87_P6_0.42_8_0.6_9_4.7_0_3.4_1_0.96_2_0.8_A1_1.4_P_27/inp048.err for more details.
ERROR in MURE::WriteMaterial(ostream &Out)
	 Some nuclei have troubles, see transcript U5_1.3_8_87_P6_0.42_8_0.6_9_4.7_0_3.4_1_0.96_2_0.8_A1_1.4_P_27/inp048.err for more details.
ERROR in MURE::BuildMCNPFile
	 Some nuclei have troubles, see transcript U5_1.3_8_87_P6_0.42_8_0.6_9_4.7_0_3.4_1_0.96_2_0.8_A1_1.4_P_27/inp049.err for more details.
ERROR in MURE::WriteMaterial(ostream &Out)
	 Some nuclei have troubles, see transcript U5_1.3_8_87_P6_0.42_8_0.6_9_4.7_0_3.4_1_0.96_2_0.8_A1_1.4_P_27/inp049.err for more details.
ERROR in MURE::BuildMCNPFile
	 Some nuclei have troubles, see transcript U5_1.3_8_87_P6_0.42_8_0.6_9_4.7_0_3.4_1_0.96_2_0.8_A1_1.4_P_27/inp050.err for more details.
ERROR in MURE::WriteMaterial(ostream &Out)
	 Some nuclei have troubles, see transcript U5_1.3_8_87_P6_0.42_8_0.6_9_4.7_0_3.4_1_0.96_2_0.8_A1_1.4_P_27/inp050.err for more details.
ERROR in MURE::BuildMCNPFile
	 Some nuclei have troubles, see transcript U5_1.3_8_87_P6_0.42_8_0.6_9_4.7_0_3.4_1_0.96_2_0.8_A1_1.4_P_27/inp051.err for more details.
ERROR in MURE::WriteMaterial(ostream &Out)
	 Some nuclei have troubles, see transcript U5_1.3_8_87_P6_0.42_8_0.6_9_4.7_0_3.4_1_0.96_2_0.8_A1_1.4_P_27/inp051.err for more details.
ERROR in MURE::BuildMCNPFile
	 Some nuclei have troubles, see transcript U5_1.3_8_87_P6_0.42_8_0.6_9_4.7_0_3.4_1_0.96_2_0.8_A1_1.4_P_27/inp052.err for more details.
ERROR in MURE::WriteMaterial(ostream &Out)
	 Some nuclei have troubles, see transcript U5_1.3_8_87_P6_0.42_8_0.6_9_4.7_0_3.4_1_0.96_2_0.8_A1_1.4_P_27/inp052.err for more details.
ERROR in MURE::BuildMCNPFile
	 Some nuclei have troubles, see transcript U5_1.3_8_87_P6_0.42_8_0.6_9_4.7_0_3.4_1_0.96_2_0.8_A1_1.4_P_27/inp053.err for more details.
ERROR in MURE::WriteMaterial(ostream &Out)
	 Some nuclei have troubles, see transcript U5_1.3_8_87_P6_0.42_8_0.6_9_4.7_0_3.4_1_0.96_2_0.8_A1_1.4_P_27/inp053.err for more details.
ERROR in MURE::BuildMCNPFile
	 Some nuclei have troubles, see transcript U5_1.3_8_87_P6_0.42_8_0.6_9_4.7_0_3.4_1_0.96_2_0.8_A1_1.4_P_27/inp054.err for more details.
ERROR in MURE::WriteMaterial(ostream &Out)
	 Some nuclei have troubles, see transcript U5_1.3_8_87_P6_0.42_8_0.6_9_4.7_0_3.4_1_0.96_2_0.8_A1_1.4_P_27/inp054.err for more details.
ERROR in MURE::BuildMCNPFile
	 Some nuclei have troubles, see transcript U5_1.3_8_87_P6_0.42_8_0.6_9_4.7_0_3.4_1_0.96_2_0.8_A1_1.4_P_27/inp055.err for more details.
ERROR in MURE::WriteMaterial(ostream &Out)
	 Some nuclei have troubles, see transcript U5_1.3_8_87_P6_0.42_8_0.6_9_4.7_0_3.4_1_0.96_2_0.8_A1_1.4_P_27/inp055.err for more details.
ERROR in MURE::BuildMCNPFile
	 Some nuclei have troubles, see transcript U5_1.3_8_87_P6_0.42_8_0.6_9_4.7_0_3.4_1_0.96_2_0.8_A1_1.4_P_27/inp056.err for more details.
ERROR in MURE::WriteMaterial(ostream &Out)
	 Some nuclei have troubles, see transcript U5_1.3_8_87_P6_0.42_8_0.6_9_4.7_0_3.4_1_0.96_2_0.8_A1_1.4_P_27/inp056.err for more details.
ERROR in MURE::BuildMCNPFile
	 Some nuclei have troubles, see transcript U5_1.3_8_87_P6_0.42_8_0.6_9_4.7_0_3.4_1_0.96_2_0.8_A1_1.4_P_27/inp057.err for more details.
ERROR in MURE::WriteMaterial(ostream &Out)
	 Some nuclei have troubles, see transcript U5_1.3_8_87_P6_0.42_8_0.6_9_4.7_0_3.4_1_0.96_2_0.8_A1_1.4_P_27/inp057.err for more details.
ERROR in MURE::BuildMCNPFile
	 Some nuclei have troubles, see transcript U5_1.3_8_87_P6_0.42_8_0.6_9_4.7_0_3.4_1_0.96_2_0.8_A1_1.4_P_27/inp058.err for more details.
ERROR in MURE::WriteMaterial(ostream &Out)
	 Some nuclei have troubles, see transcript U5_1.3_8_87_P6_0.42_8_0.6_9_4.7_0_3.4_1_0.96_2_0.8_A1_1.4_P_27/inp058.err for more details.
ERROR in MURE::BuildMCNPFile
	 Some nuclei have troubles, see transcript U5_1.3_8_87_P6_0.42_8_0.6_9_4.7_0_3.4_1_0.96_2_0.8_A1_1.4_P_27/inp059.err for more details.
ERROR in MURE::WriteMaterial(ostream &Out)
	 Some nuclei have troubles, see transcript U5_1.3_8_87_P6_0.42_8_0.6_9_4.7_0_3.4_1_0.96_2_0.8_A1_1.4_P_27/inp059.err for more details.
ERROR in MURE::BuildMCNPFile
	 Some nuclei have troubles, see transcript U5_1.3_8_87_P6_0.42_8_0.6_9_4.7_0_3.4_1_0.96_2_0.8_A1_1.4_P_27/inp060.err for more details.
ERROR in MURE::WriteMaterial(ostream &Out)
	 Some nuclei have troubles, see transcript U5_1.3_8_87_P6_0.42_8_0.6_9_4.7_0_3.4_1_0.96_2_0.8_A1_1.4_P_27/inp060.err for more details.
ERROR in MURE::BuildMCNPFile
	 Some nuclei have troubles, see transcript U5_1.3_8_87_P6_0.42_8_0.6_9_4.7_0_3.4_1_0.96_2_0.8_A1_1.4_P_27/inp061.err for more details.
ERROR in MURE::WriteMaterial(ostream &Out)
	 Some nuclei have troubles, see transcript U5_1.3_8_87_P6_0.42_8_0.6_9_4.7_0_3.4_1_0.96_2_0.8_A1_1.4_P_27/inp061.err for more details.
ERROR in MURE::BuildMCNPFile
	 Some nuclei have troubles, see transcript U5_1.3_8_87_P6_0.42_8_0.6_9_4.7_0_3.4_1_0.96_2_0.8_A1_1.4_P_27/inp062.err for more details.
ERROR in MURE::WriteMaterial(ostream &Out)
	 Some nuclei have troubles, see transcript U5_1.3_8_87_P6_0.42_8_0.6_9_4.7_0_3.4_1_0.96_2_0.8_A1_1.4_P_27/inp062.err for more details.
ERROR in MURE::BuildMCNPFile
	 Some nuclei have troubles, see transcript U5_1.3_8_87_P6_0.42_8_0.6_9_4.7_0_3.4_1_0.96_2_0.8_A1_1.4_P_27/inp063.err for more details.
ERROR in MURE::WriteMaterial(ostream &Out)
	 Some nuclei have troubles, see transcript U5_1.3_8_87_P6_0.42_8_0.6_9_4.7_0_3.4_1_0.96_2_0.8_A1_1.4_P_27/inp063.err for more details.
ERROR in MURE::BuildMCNPFile
	 Some nuclei have troubles, see transcript U5_1.3_8_87_P6_0.42_8_0.6_9_4.7_0_3.4_1_0.96_2_0.8_A1_1.4_P_27/inp064.err for more details.
ERROR in MURE::WriteMaterial(ostream &Out)
	 Some nuclei have troubles, see transcript U5_1.3_8_87_P6_0.42_8_0.6_9_4.7_0_3.4_1_0.96_2_0.8_A1_1.4_P_27/inp064.err for more details.
ERROR in MURE::BuildMCNPFile
	 Some nuclei have troubles, see transcript U5_1.3_8_87_P6_0.42_8_0.6_9_4.7_0_3.4_1_0.96_2_0.8_A1_1.4_P_27/inp065.err for more details.
ERROR in MURE::WriteMaterial(ostream &Out)
	 Some nuclei have troubles, see transcript U5_1.3_8_87_P6_0.42_8_0.6_9_4.7_0_3.4_1_0.96_2_0.8_A1_1.4_P_27/inp065.err for more details.
ERROR in MURE::BuildMCNPFile
	 Some nuclei have troubles, see transcript U5_1.3_8_87_P6_0.42_8_0.6_9_4.7_0_3.4_1_0.96_2_0.8_A1_1.4_P_27/inp066.err for more details.
ERROR in MURE::WriteMaterial(ostream &Out)
	 Some nuclei have troubles, see transcript U5_1.3_8_87_P6_0.42_8_0.6_9_4.7_0_3.4_1_0.96_2_0.8_A1_1.4_P_27/inp066.err for more details.
ERROR in MURE::BuildMCNPFile
	 Some nuclei have troubles, see transcript U5_1.3_8_87_P6_0.42_8_0.6_9_4.7_0_3.4_1_0.96_2_0.8_A1_1.4_P_27/inp067.err for more details.
ERROR in MURE::WriteMaterial(ostream &Out)
	 Some nuclei have troubles, see transcript U5_1.3_8_87_P6_0.42_8_0.6_9_4.7_0_3.4_1_0.96_2_0.8_A1_1.4_P_27/inp067.err for more details.
ERROR in MURE::BuildMCNPFile
	 Some nuclei have troubles, see transcript U5_1.3_8_87_P6_0.42_8_0.6_9_4.7_0_3.4_1_0.96_2_0.8_A1_1.4_P_27/inp068.err for more details.
ERROR in MURE::WriteMaterial(ostream &Out)
	 Some nuclei have troubles, see transcript U5_1.3_8_87_P6_0.42_8_0.6_9_4.7_0_3.4_1_0.96_2_0.8_A1_1.4_P_27/inp068.err for more details.
ERROR in MURE::BuildMCNPFile
	 Some nuclei have troubles, see transcript U5_1.3_8_87_P6_0.42_8_0.6_9_4.7_0_3.4_1_0.96_2_0.8_A1_1.4_P_27/inp069.err for more details.
ERROR in MURE::WriteMaterial(ostream &Out)
	 Some nuclei have troubles, see transcript U5_1.3_8_87_P6_0.42_8_0.6_9_4.7_0_3.4_1_0.96_2_0.8_A1_1.4_P_27/inp069.err for more details.
ERROR in MURE::BuildMCNPFile
	 Some nuclei have troubles, see transcript U5_1.3_8_87_P6_0.42_8_0.6_9_4.7_0_3.4_1_0.96_2_0.8_A1_1.4_P_27/inp070.err for more details.
ERROR in MURE::WriteMaterial(ostream &Out)
	 Some nuclei have troubles, see transcript U5_1.3_8_87_P6_0.42_8_0.6_9_4.7_0_3.4_1_0.96_2_0.8_A1_1.4_P_27/inp070.err for more details.
ERROR in MURE::BuildMCNPFile
	 Some nuclei have troubles, see transcript U5_1.3_8_87_P6_0.42_8_0.6_9_4.7_0_3.4_1_0.96_2_0.8_A1_1.4_P_27/inp071.err for more details.
ERROR in MURE::WriteMaterial(ostream &Out)
	 Some nuclei have troubles, see transcript U5_1.3_8_87_P6_0.42_8_0.6_9_4.7_0_3.4_1_0.96_2_0.8_A1_1.4_P_27/inp071.err for more details.
ERROR in MURE::BuildMCNPFile
	 Some nuclei have troubles, see transcript U5_1.3_8_87_P6_0.42_8_0.6_9_4.7_0_3.4_1_0.96_2_0.8_A1_1.4_P_27/inp072.err for more details.
ERROR in MURE::WriteMaterial(ostream &Out)
	 Some nuclei have troubles, see transcript U5_1.3_8_87_P6_0.42_8_0.6_9_4.7_0_3.4_1_0.96_2_0.8_A1_1.4_P_27/inp072.err for more details.
ERROR in MURE::BuildMCNPFile
	 Some nuclei have troubles, see transcript U5_1.3_8_87_P6_0.42_8_0.6_9_4.7_0_3.4_1_0.96_2_0.8_A1_1.4_P_27/inp073.err for more details.
ERROR in MURE::WriteMaterial(ostream &Out)
	 Some nuclei have troubles, see transcript U5_1.3_8_87_P6_0.42_8_0.6_9_4.7_0_3.4_1_0.96_2_0.8_A1_1.4_P_27/inp073.err for more details.
ERROR in MURE::BuildMCNPFile
	 Some nuclei have troubles, see transcript U5_1.3_8_87_P6_0.42_8_0.6_9_4.7_0_3.4_1_0.96_2_0.8_A1_1.4_P_27/inp074.err for more details.
ERROR in MURE::WriteMaterial(ostream &Out)
	 Some nuclei have troubles, see transcript U5_1.3_8_87_P6_0.42_8_0.6_9_4.7_0_3.4_1_0.96_2_0.8_A1_1.4_P_27/inp074.err for more details.
ERROR in MURE::BuildMCNPFile
	 Some nuclei have troubles, see transcript U5_1.3_8_87_P6_0.42_8_0.6_9_4.7_0_3.4_1_0.96_2_0.8_A1_1.4_P_27/inp075.err for more details.
ERROR in MURE::WriteMaterial(ostream &Out)
	 Some nuclei have troubles, see transcript U5_1.3_8_87_P6_0.42_8_0.6_9_4.7_0_3.4_1_0.96_2_0.8_A1_1.4_P_27/inp075.err for more details.
ERROR in MURE::BuildMCNPFile
	 Some nuclei have troubles, see transcript U5_1.3_8_87_P6_0.42_8_0.6_9_4.7_0_3.4_1_0.96_2_0.8_A1_1.4_P_27/inp076.err for more details.
ERROR in MURE::WriteMaterial(ostream &Out)
	 Some nuclei have troubles, see transcript U5_1.3_8_87_P6_0.42_8_0.6_9_4.7_0_3.4_1_0.96_2_0.8_A1_1.4_P_27/inp076.err for more details.
ERROR in MURE::BuildMCNPFile
	 Some nuclei have troubles, see transcript U5_1.3_8_87_P6_0.42_8_0.6_9_4.7_0_3.4_1_0.96_2_0.8_A1_1.4_P_27/inp077.err for more details.
ERROR in MURE::WriteMaterial(ostream &Out)
	 Some nuclei have troubles, see transcript U5_1.3_8_87_P6_0.42_8_0.6_9_4.7_0_3.4_1_0.96_2_0.8_A1_1.4_P_27/inp077.err for more details.
ERROR in MURE::BuildMCNPFile
	 Some nuclei have troubles, see transcript U5_1.3_8_87_P6_0.42_8_0.6_9_4.7_0_3.4_1_0.96_2_0.8_A1_1.4_P_27/inp078.err for more details.
ERROR in MURE::WriteMaterial(ostream &Out)
	 Some nuclei have troubles, see transcript U5_1.3_8_87_P6_0.42_8_0.6_9_4.7_0_3.4_1_0.96_2_0.8_A1_1.4_P_27/inp078.err for more details.
ERROR in MURE::BuildMCNPFile
	 Some nuclei have troubles, see transcript U5_1.3_8_87_P6_0.42_8_0.6_9_4.7_0_3.4_1_0.96_2_0.8_A1_1.4_P_27/inp079.err for more details.
ERROR in MURE::WriteMaterial(ostream &Out)
	 Some nuclei have troubles, see transcript U5_1.3_8_87_P6_0.42_8_0.6_9_4.7_0_3.4_1_0.96_2_0.8_A1_1.4_P_27/inp079.err for more details.
* About to connect() to ftp.box.com port 21 (#0)
*   Trying 74.112.186.81... connected
* Connected to ftp.box.com (74.112.186.81) port 21 (#0)
< 220 Service ready for new user.
> AUTH SSL
< 234 Command AUTH okay; starting SSL connection.
* Initializing NSS with certpath: sql:/etc/pki/nssdb
*   CAfile: /etc/pki/tls/certs/ca-bundle.crt
  CApath: none
* SSL connection using TLS_RSA_WITH_AES_128_CBC_SHA
* Server certificate:
* 	subject: CN=*.box.com,O="Box, Inc.",L=Los Altos,ST=California,C=US
* 	start date: Nov 13 19:22:20 2014 GMT
* 	expire date: Oct 23 02:42:03 2017 GMT
* 	common name: *.box.com
* 	issuer: CN=GeoTrust SSL CA - G4,O=GeoTrust Inc.,C=US
> USER mouginot@wisc.edu
< 331 User name okay, need password for mouginot@wisc.edu.
> PASS line150782
< 230 User logged in, proceed.
> PBSZ 0
< 200 Command PBSZ okay.
> PROT P
< 200 Command PROT okay.
> PWD
< 257 "/" is current directory.
* Entry path is '/'
> CWD MODEL_DATA
< 250 Directory changed to /MODEL_DATA
> CWD PWR_TRU_MOX_PSPEC
< 250 Directory changed to /MODEL_DATA/PWR_TRU_MOX_PSPEC
> CWD 1000
< 250 Directory changed to /MODEL_DATA/PWR_TRU_MOX_PSPEC/1000
> PASV
* Connect data stream passively
< 227 Entering Passive Mode (74,112,186,81,76,219)
* Skips 74.112.186.81 for data connection, uses 74.112.186.81 instead
*   Trying 74.112.186.81... connected
* Connecting to 74.112.186.81 (74.112.186.81) port 19675
> TYPE I
< 200 Command TYPE okay.
> STOR 303_raw.tar.gz
< 150 File status okay; about to open data connection.
* Doing the SSL/TLS handshake on the data stream
*   CAfile: /etc/pki/tls/certs/ca-bundle.crt
  CApath: none
* SSL connection using TLS_RSA_WITH_AES_128_CBC_SHA
* Server certificate:
* 	subject: CN=*.box.com,O="Box, Inc.",L=Los Altos,ST=California,C=US
* 	start date: Nov 13 19:22:20 2014 GMT
* 	expire date: Oct 23 02:42:03 2017 GMT
* 	common name: *.box.com
* 	issuer: CN=GeoTrust SSL CA - G4,O=GeoTrust Inc.,C=US
} [data not shown]
  % Total    % Received % Xferd  Average Speed   Time    Time     Time  Current
                                 Dload  Upload   Total   Spent    Left  Speed
  0 43.5M    0     0    0 16384      0   4233  2:59:55  0:00:03  2:59:52  4233  0 43.5M    0     0    0  336k      0  78628  0:09:41  0:00:04  0:09:37  632k  8 43.5M    0     0    8 3632k      0   681k  0:01:05  0:00:05  0:01:00 2473k 37 43.5M    0     0   37 16.3M      0  2639k  0:00:16  0:00:06  0:00:10 6769k 88 43.5M    0     0   88 38.4M      0  5363k  0:00:08  0:00:07  0:00:01 11.0M* Remembering we are in dir "MODEL_DATA/PWR_TRU_MOX_PSPEC/1000/"
100 43.5M    0     0  100 43.5M      0  5203k  0:00:08  0:00:08 --:--:-- 9477k< 226 Transfer complete.
100 43.5M    0     0  100 43.5M      0  4830k  0:00:09  0:00:09 --:--:-- 9111k* Connection #0 to host ftp.box.com left intact

> QUIT
< 221 Goodbye.
* Closing connection #0
