ERROR in MURE::BuildXSDIR()
	 Some nuclei have troubles, see transcript U5_1.2_8_87_P6_0.062_8_0.33_9_6.3_0_1.8_1_0.27_2_1.3_A1_1.5_P_25/inp000.err for more details.
ERROR in MURE::BuildMCNPFile
	 Some nuclei have troubles, see transcript U5_1.2_8_87_P6_0.062_8_0.33_9_6.3_0_1.8_1_0.27_2_1.3_A1_1.5_P_25/inp000.err for more details.
ERROR in MURE::WriteMaterial(ostream &Out)
	 Some nuclei have troubles, see transcript U5_1.2_8_87_P6_0.062_8_0.33_9_6.3_0_1.8_1_0.27_2_1.3_A1_1.5_P_25/inp000.err for more details.
ERROR in MURE::BuildMCNPFile
	 Some nuclei have troubles, see transcript U5_1.2_8_87_P6_0.062_8_0.33_9_6.3_0_1.8_1_0.27_2_1.3_A1_1.5_P_25/inp001.err for more details.
ERROR in MURE::WriteMaterial(ostream &Out)
	 Some nuclei have troubles, see transcript U5_1.2_8_87_P6_0.062_8_0.33_9_6.3_0_1.8_1_0.27_2_1.3_A1_1.5_P_25/inp001.err for more details.
ERROR in MURE::BuildMCNPFile
	 Some nuclei have troubles, see transcript U5_1.2_8_87_P6_0.062_8_0.33_9_6.3_0_1.8_1_0.27_2_1.3_A1_1.5_P_25/inp002.err for more details.
ERROR in MURE::WriteMaterial(ostream &Out)
	 Some nuclei have troubles, see transcript U5_1.2_8_87_P6_0.062_8_0.33_9_6.3_0_1.8_1_0.27_2_1.3_A1_1.5_P_25/inp002.err for more details.
ERROR in MURE::BuildMCNPFile
	 Some nuclei have troubles, see transcript U5_1.2_8_87_P6_0.062_8_0.33_9_6.3_0_1.8_1_0.27_2_1.3_A1_1.5_P_25/inp003.err for more details.
ERROR in MURE::WriteMaterial(ostream &Out)
	 Some nuclei have troubles, see transcript U5_1.2_8_87_P6_0.062_8_0.33_9_6.3_0_1.8_1_0.27_2_1.3_A1_1.5_P_25/inp003.err for more details.
ERROR in MURE::BuildMCNPFile
	 Some nuclei have troubles, see transcript U5_1.2_8_87_P6_0.062_8_0.33_9_6.3_0_1.8_1_0.27_2_1.3_A1_1.5_P_25/inp004.err for more details.
ERROR in MURE::WriteMaterial(ostream &Out)
	 Some nuclei have troubles, see transcript U5_1.2_8_87_P6_0.062_8_0.33_9_6.3_0_1.8_1_0.27_2_1.3_A1_1.5_P_25/inp004.err for more details.
ERROR in MURE::BuildMCNPFile
	 Some nuclei have troubles, see transcript U5_1.2_8_87_P6_0.062_8_0.33_9_6.3_0_1.8_1_0.27_2_1.3_A1_1.5_P_25/inp005.err for more details.
ERROR in MURE::WriteMaterial(ostream &Out)
	 Some nuclei have troubles, see transcript U5_1.2_8_87_P6_0.062_8_0.33_9_6.3_0_1.8_1_0.27_2_1.3_A1_1.5_P_25/inp005.err for more details.
ERROR in MURE::BuildMCNPFile
	 Some nuclei have troubles, see transcript U5_1.2_8_87_P6_0.062_8_0.33_9_6.3_0_1.8_1_0.27_2_1.3_A1_1.5_P_25/inp006.err for more details.
ERROR in MURE::WriteMaterial(ostream &Out)
	 Some nuclei have troubles, see transcript U5_1.2_8_87_P6_0.062_8_0.33_9_6.3_0_1.8_1_0.27_2_1.3_A1_1.5_P_25/inp006.err for more details.
ERROR in MURE::BuildMCNPFile
	 Some nuclei have troubles, see transcript U5_1.2_8_87_P6_0.062_8_0.33_9_6.3_0_1.8_1_0.27_2_1.3_A1_1.5_P_25/inp007.err for more details.
ERROR in MURE::WriteMaterial(ostream &Out)
	 Some nuclei have troubles, see transcript U5_1.2_8_87_P6_0.062_8_0.33_9_6.3_0_1.8_1_0.27_2_1.3_A1_1.5_P_25/inp007.err for more details.
ERROR in MURE::BuildMCNPFile
	 Some nuclei have troubles, see transcript U5_1.2_8_87_P6_0.062_8_0.33_9_6.3_0_1.8_1_0.27_2_1.3_A1_1.5_P_25/inp008.err for more details.
ERROR in MURE::WriteMaterial(ostream &Out)
	 Some nuclei have troubles, see transcript U5_1.2_8_87_P6_0.062_8_0.33_9_6.3_0_1.8_1_0.27_2_1.3_A1_1.5_P_25/inp008.err for more details.
ERROR in MURE::BuildMCNPFile
	 Some nuclei have troubles, see transcript U5_1.2_8_87_P6_0.062_8_0.33_9_6.3_0_1.8_1_0.27_2_1.3_A1_1.5_P_25/inp009.err for more details.
ERROR in MURE::WriteMaterial(ostream &Out)
	 Some nuclei have troubles, see transcript U5_1.2_8_87_P6_0.062_8_0.33_9_6.3_0_1.8_1_0.27_2_1.3_A1_1.5_P_25/inp009.err for more details.
ERROR in MURE::BuildMCNPFile
	 Some nuclei have troubles, see transcript U5_1.2_8_87_P6_0.062_8_0.33_9_6.3_0_1.8_1_0.27_2_1.3_A1_1.5_P_25/inp010.err for more details.
ERROR in MURE::WriteMaterial(ostream &Out)
	 Some nuclei have troubles, see transcript U5_1.2_8_87_P6_0.062_8_0.33_9_6.3_0_1.8_1_0.27_2_1.3_A1_1.5_P_25/inp010.err for more details.
ERROR in MURE::BuildMCNPFile
	 Some nuclei have troubles, see transcript U5_1.2_8_87_P6_0.062_8_0.33_9_6.3_0_1.8_1_0.27_2_1.3_A1_1.5_P_25/inp011.err for more details.
ERROR in MURE::WriteMaterial(ostream &Out)
	 Some nuclei have troubles, see transcript U5_1.2_8_87_P6_0.062_8_0.33_9_6.3_0_1.8_1_0.27_2_1.3_A1_1.5_P_25/inp011.err for more details.
ERROR in MURE::BuildMCNPFile
	 Some nuclei have troubles, see transcript U5_1.2_8_87_P6_0.062_8_0.33_9_6.3_0_1.8_1_0.27_2_1.3_A1_1.5_P_25/inp012.err for more details.
ERROR in MURE::WriteMaterial(ostream &Out)
	 Some nuclei have troubles, see transcript U5_1.2_8_87_P6_0.062_8_0.33_9_6.3_0_1.8_1_0.27_2_1.3_A1_1.5_P_25/inp012.err for more details.
ERROR in MURE::BuildMCNPFile
	 Some nuclei have troubles, see transcript U5_1.2_8_87_P6_0.062_8_0.33_9_6.3_0_1.8_1_0.27_2_1.3_A1_1.5_P_25/inp013.err for more details.
ERROR in MURE::WriteMaterial(ostream &Out)
	 Some nuclei have troubles, see transcript U5_1.2_8_87_P6_0.062_8_0.33_9_6.3_0_1.8_1_0.27_2_1.3_A1_1.5_P_25/inp013.err for more details.
ERROR in MURE::BuildMCNPFile
	 Some nuclei have troubles, see transcript U5_1.2_8_87_P6_0.062_8_0.33_9_6.3_0_1.8_1_0.27_2_1.3_A1_1.5_P_25/inp014.err for more details.
ERROR in MURE::WriteMaterial(ostream &Out)
	 Some nuclei have troubles, see transcript U5_1.2_8_87_P6_0.062_8_0.33_9_6.3_0_1.8_1_0.27_2_1.3_A1_1.5_P_25/inp014.err for more details.
ERROR in MURE::BuildMCNPFile
	 Some nuclei have troubles, see transcript U5_1.2_8_87_P6_0.062_8_0.33_9_6.3_0_1.8_1_0.27_2_1.3_A1_1.5_P_25/inp015.err for more details.
ERROR in MURE::WriteMaterial(ostream &Out)
	 Some nuclei have troubles, see transcript U5_1.2_8_87_P6_0.062_8_0.33_9_6.3_0_1.8_1_0.27_2_1.3_A1_1.5_P_25/inp015.err for more details.
ERROR in MURE::BuildMCNPFile
	 Some nuclei have troubles, see transcript U5_1.2_8_87_P6_0.062_8_0.33_9_6.3_0_1.8_1_0.27_2_1.3_A1_1.5_P_25/inp016.err for more details.
ERROR in MURE::WriteMaterial(ostream &Out)
	 Some nuclei have troubles, see transcript U5_1.2_8_87_P6_0.062_8_0.33_9_6.3_0_1.8_1_0.27_2_1.3_A1_1.5_P_25/inp016.err for more details.
ERROR in MURE::BuildMCNPFile
	 Some nuclei have troubles, see transcript U5_1.2_8_87_P6_0.062_8_0.33_9_6.3_0_1.8_1_0.27_2_1.3_A1_1.5_P_25/inp017.err for more details.
ERROR in MURE::WriteMaterial(ostream &Out)
	 Some nuclei have troubles, see transcript U5_1.2_8_87_P6_0.062_8_0.33_9_6.3_0_1.8_1_0.27_2_1.3_A1_1.5_P_25/inp017.err for more details.
ERROR in MURE::BuildMCNPFile
	 Some nuclei have troubles, see transcript U5_1.2_8_87_P6_0.062_8_0.33_9_6.3_0_1.8_1_0.27_2_1.3_A1_1.5_P_25/inp018.err for more details.
ERROR in MURE::WriteMaterial(ostream &Out)
	 Some nuclei have troubles, see transcript U5_1.2_8_87_P6_0.062_8_0.33_9_6.3_0_1.8_1_0.27_2_1.3_A1_1.5_P_25/inp018.err for more details.
ERROR in MURE::BuildMCNPFile
	 Some nuclei have troubles, see transcript U5_1.2_8_87_P6_0.062_8_0.33_9_6.3_0_1.8_1_0.27_2_1.3_A1_1.5_P_25/inp019.err for more details.
ERROR in MURE::WriteMaterial(ostream &Out)
	 Some nuclei have troubles, see transcript U5_1.2_8_87_P6_0.062_8_0.33_9_6.3_0_1.8_1_0.27_2_1.3_A1_1.5_P_25/inp019.err for more details.
ERROR in MURE::BuildMCNPFile
	 Some nuclei have troubles, see transcript U5_1.2_8_87_P6_0.062_8_0.33_9_6.3_0_1.8_1_0.27_2_1.3_A1_1.5_P_25/inp020.err for more details.
ERROR in MURE::WriteMaterial(ostream &Out)
	 Some nuclei have troubles, see transcript U5_1.2_8_87_P6_0.062_8_0.33_9_6.3_0_1.8_1_0.27_2_1.3_A1_1.5_P_25/inp020.err for more details.
ERROR in MURE::BuildMCNPFile
	 Some nuclei have troubles, see transcript U5_1.2_8_87_P6_0.062_8_0.33_9_6.3_0_1.8_1_0.27_2_1.3_A1_1.5_P_25/inp021.err for more details.
ERROR in MURE::WriteMaterial(ostream &Out)
	 Some nuclei have troubles, see transcript U5_1.2_8_87_P6_0.062_8_0.33_9_6.3_0_1.8_1_0.27_2_1.3_A1_1.5_P_25/inp021.err for more details.
ERROR in MURE::BuildMCNPFile
	 Some nuclei have troubles, see transcript U5_1.2_8_87_P6_0.062_8_0.33_9_6.3_0_1.8_1_0.27_2_1.3_A1_1.5_P_25/inp022.err for more details.
ERROR in MURE::WriteMaterial(ostream &Out)
	 Some nuclei have troubles, see transcript U5_1.2_8_87_P6_0.062_8_0.33_9_6.3_0_1.8_1_0.27_2_1.3_A1_1.5_P_25/inp022.err for more details.
ERROR in MURE::BuildMCNPFile
	 Some nuclei have troubles, see transcript U5_1.2_8_87_P6_0.062_8_0.33_9_6.3_0_1.8_1_0.27_2_1.3_A1_1.5_P_25/inp023.err for more details.
ERROR in MURE::WriteMaterial(ostream &Out)
	 Some nuclei have troubles, see transcript U5_1.2_8_87_P6_0.062_8_0.33_9_6.3_0_1.8_1_0.27_2_1.3_A1_1.5_P_25/inp023.err for more details.
ERROR in MURE::BuildMCNPFile
	 Some nuclei have troubles, see transcript U5_1.2_8_87_P6_0.062_8_0.33_9_6.3_0_1.8_1_0.27_2_1.3_A1_1.5_P_25/inp024.err for more details.
ERROR in MURE::WriteMaterial(ostream &Out)
	 Some nuclei have troubles, see transcript U5_1.2_8_87_P6_0.062_8_0.33_9_6.3_0_1.8_1_0.27_2_1.3_A1_1.5_P_25/inp024.err for more details.
ERROR in MURE::BuildMCNPFile
	 Some nuclei have troubles, see transcript U5_1.2_8_87_P6_0.062_8_0.33_9_6.3_0_1.8_1_0.27_2_1.3_A1_1.5_P_25/inp025.err for more details.
ERROR in MURE::WriteMaterial(ostream &Out)
	 Some nuclei have troubles, see transcript U5_1.2_8_87_P6_0.062_8_0.33_9_6.3_0_1.8_1_0.27_2_1.3_A1_1.5_P_25/inp025.err for more details.
ERROR in MURE::BuildMCNPFile
	 Some nuclei have troubles, see transcript U5_1.2_8_87_P6_0.062_8_0.33_9_6.3_0_1.8_1_0.27_2_1.3_A1_1.5_P_25/inp026.err for more details.
ERROR in MURE::WriteMaterial(ostream &Out)
	 Some nuclei have troubles, see transcript U5_1.2_8_87_P6_0.062_8_0.33_9_6.3_0_1.8_1_0.27_2_1.3_A1_1.5_P_25/inp026.err for more details.
ERROR in MURE::BuildMCNPFile
	 Some nuclei have troubles, see transcript U5_1.2_8_87_P6_0.062_8_0.33_9_6.3_0_1.8_1_0.27_2_1.3_A1_1.5_P_25/inp027.err for more details.
ERROR in MURE::WriteMaterial(ostream &Out)
	 Some nuclei have troubles, see transcript U5_1.2_8_87_P6_0.062_8_0.33_9_6.3_0_1.8_1_0.27_2_1.3_A1_1.5_P_25/inp027.err for more details.
ERROR in MURE::BuildMCNPFile
	 Some nuclei have troubles, see transcript U5_1.2_8_87_P6_0.062_8_0.33_9_6.3_0_1.8_1_0.27_2_1.3_A1_1.5_P_25/inp028.err for more details.
ERROR in MURE::WriteMaterial(ostream &Out)
	 Some nuclei have troubles, see transcript U5_1.2_8_87_P6_0.062_8_0.33_9_6.3_0_1.8_1_0.27_2_1.3_A1_1.5_P_25/inp028.err for more details.
ERROR in MURE::BuildMCNPFile
	 Some nuclei have troubles, see transcript U5_1.2_8_87_P6_0.062_8_0.33_9_6.3_0_1.8_1_0.27_2_1.3_A1_1.5_P_25/inp029.err for more details.
ERROR in MURE::WriteMaterial(ostream &Out)
	 Some nuclei have troubles, see transcript U5_1.2_8_87_P6_0.062_8_0.33_9_6.3_0_1.8_1_0.27_2_1.3_A1_1.5_P_25/inp029.err for more details.
ERROR in MURE::BuildMCNPFile
	 Some nuclei have troubles, see transcript U5_1.2_8_87_P6_0.062_8_0.33_9_6.3_0_1.8_1_0.27_2_1.3_A1_1.5_P_25/inp030.err for more details.
ERROR in MURE::WriteMaterial(ostream &Out)
	 Some nuclei have troubles, see transcript U5_1.2_8_87_P6_0.062_8_0.33_9_6.3_0_1.8_1_0.27_2_1.3_A1_1.5_P_25/inp030.err for more details.
ERROR in MURE::BuildMCNPFile
	 Some nuclei have troubles, see transcript U5_1.2_8_87_P6_0.062_8_0.33_9_6.3_0_1.8_1_0.27_2_1.3_A1_1.5_P_25/inp031.err for more details.
ERROR in MURE::WriteMaterial(ostream &Out)
	 Some nuclei have troubles, see transcript U5_1.2_8_87_P6_0.062_8_0.33_9_6.3_0_1.8_1_0.27_2_1.3_A1_1.5_P_25/inp031.err for more details.
ERROR in MURE::BuildMCNPFile
	 Some nuclei have troubles, see transcript U5_1.2_8_87_P6_0.062_8_0.33_9_6.3_0_1.8_1_0.27_2_1.3_A1_1.5_P_25/inp032.err for more details.
ERROR in MURE::WriteMaterial(ostream &Out)
	 Some nuclei have troubles, see transcript U5_1.2_8_87_P6_0.062_8_0.33_9_6.3_0_1.8_1_0.27_2_1.3_A1_1.5_P_25/inp032.err for more details.
ERROR in MURE::BuildMCNPFile
	 Some nuclei have troubles, see transcript U5_1.2_8_87_P6_0.062_8_0.33_9_6.3_0_1.8_1_0.27_2_1.3_A1_1.5_P_25/inp033.err for more details.
ERROR in MURE::WriteMaterial(ostream &Out)
	 Some nuclei have troubles, see transcript U5_1.2_8_87_P6_0.062_8_0.33_9_6.3_0_1.8_1_0.27_2_1.3_A1_1.5_P_25/inp033.err for more details.
ERROR in MURE::BuildMCNPFile
	 Some nuclei have troubles, see transcript U5_1.2_8_87_P6_0.062_8_0.33_9_6.3_0_1.8_1_0.27_2_1.3_A1_1.5_P_25/inp034.err for more details.
ERROR in MURE::WriteMaterial(ostream &Out)
	 Some nuclei have troubles, see transcript U5_1.2_8_87_P6_0.062_8_0.33_9_6.3_0_1.8_1_0.27_2_1.3_A1_1.5_P_25/inp034.err for more details.
ERROR in MURE::BuildMCNPFile
	 Some nuclei have troubles, see transcript U5_1.2_8_87_P6_0.062_8_0.33_9_6.3_0_1.8_1_0.27_2_1.3_A1_1.5_P_25/inp035.err for more details.
ERROR in MURE::WriteMaterial(ostream &Out)
	 Some nuclei have troubles, see transcript U5_1.2_8_87_P6_0.062_8_0.33_9_6.3_0_1.8_1_0.27_2_1.3_A1_1.5_P_25/inp035.err for more details.
ERROR in MURE::BuildMCNPFile
	 Some nuclei have troubles, see transcript U5_1.2_8_87_P6_0.062_8_0.33_9_6.3_0_1.8_1_0.27_2_1.3_A1_1.5_P_25/inp036.err for more details.
ERROR in MURE::WriteMaterial(ostream &Out)
	 Some nuclei have troubles, see transcript U5_1.2_8_87_P6_0.062_8_0.33_9_6.3_0_1.8_1_0.27_2_1.3_A1_1.5_P_25/inp036.err for more details.
ERROR in MURE::BuildMCNPFile
	 Some nuclei have troubles, see transcript U5_1.2_8_87_P6_0.062_8_0.33_9_6.3_0_1.8_1_0.27_2_1.3_A1_1.5_P_25/inp037.err for more details.
ERROR in MURE::WriteMaterial(ostream &Out)
	 Some nuclei have troubles, see transcript U5_1.2_8_87_P6_0.062_8_0.33_9_6.3_0_1.8_1_0.27_2_1.3_A1_1.5_P_25/inp037.err for more details.
ERROR in MURE::BuildMCNPFile
	 Some nuclei have troubles, see transcript U5_1.2_8_87_P6_0.062_8_0.33_9_6.3_0_1.8_1_0.27_2_1.3_A1_1.5_P_25/inp038.err for more details.
ERROR in MURE::WriteMaterial(ostream &Out)
	 Some nuclei have troubles, see transcript U5_1.2_8_87_P6_0.062_8_0.33_9_6.3_0_1.8_1_0.27_2_1.3_A1_1.5_P_25/inp038.err for more details.
ERROR in MURE::BuildMCNPFile
	 Some nuclei have troubles, see transcript U5_1.2_8_87_P6_0.062_8_0.33_9_6.3_0_1.8_1_0.27_2_1.3_A1_1.5_P_25/inp039.err for more details.
ERROR in MURE::WriteMaterial(ostream &Out)
	 Some nuclei have troubles, see transcript U5_1.2_8_87_P6_0.062_8_0.33_9_6.3_0_1.8_1_0.27_2_1.3_A1_1.5_P_25/inp039.err for more details.
ERROR in MURE::BuildMCNPFile
	 Some nuclei have troubles, see transcript U5_1.2_8_87_P6_0.062_8_0.33_9_6.3_0_1.8_1_0.27_2_1.3_A1_1.5_P_25/inp040.err for more details.
ERROR in MURE::WriteMaterial(ostream &Out)
	 Some nuclei have troubles, see transcript U5_1.2_8_87_P6_0.062_8_0.33_9_6.3_0_1.8_1_0.27_2_1.3_A1_1.5_P_25/inp040.err for more details.
ERROR in MURE::BuildMCNPFile
	 Some nuclei have troubles, see transcript U5_1.2_8_87_P6_0.062_8_0.33_9_6.3_0_1.8_1_0.27_2_1.3_A1_1.5_P_25/inp041.err for more details.
ERROR in MURE::WriteMaterial(ostream &Out)
	 Some nuclei have troubles, see transcript U5_1.2_8_87_P6_0.062_8_0.33_9_6.3_0_1.8_1_0.27_2_1.3_A1_1.5_P_25/inp041.err for more details.
ERROR in MURE::BuildMCNPFile
	 Some nuclei have troubles, see transcript U5_1.2_8_87_P6_0.062_8_0.33_9_6.3_0_1.8_1_0.27_2_1.3_A1_1.5_P_25/inp042.err for more details.
ERROR in MURE::WriteMaterial(ostream &Out)
	 Some nuclei have troubles, see transcript U5_1.2_8_87_P6_0.062_8_0.33_9_6.3_0_1.8_1_0.27_2_1.3_A1_1.5_P_25/inp042.err for more details.
ERROR in MURE::BuildMCNPFile
	 Some nuclei have troubles, see transcript U5_1.2_8_87_P6_0.062_8_0.33_9_6.3_0_1.8_1_0.27_2_1.3_A1_1.5_P_25/inp043.err for more details.
ERROR in MURE::WriteMaterial(ostream &Out)
	 Some nuclei have troubles, see transcript U5_1.2_8_87_P6_0.062_8_0.33_9_6.3_0_1.8_1_0.27_2_1.3_A1_1.5_P_25/inp043.err for more details.
ERROR in MURE::BuildMCNPFile
	 Some nuclei have troubles, see transcript U5_1.2_8_87_P6_0.062_8_0.33_9_6.3_0_1.8_1_0.27_2_1.3_A1_1.5_P_25/inp044.err for more details.
ERROR in MURE::WriteMaterial(ostream &Out)
	 Some nuclei have troubles, see transcript U5_1.2_8_87_P6_0.062_8_0.33_9_6.3_0_1.8_1_0.27_2_1.3_A1_1.5_P_25/inp044.err for more details.
ERROR in MURE::BuildMCNPFile
	 Some nuclei have troubles, see transcript U5_1.2_8_87_P6_0.062_8_0.33_9_6.3_0_1.8_1_0.27_2_1.3_A1_1.5_P_25/inp045.err for more details.
ERROR in MURE::WriteMaterial(ostream &Out)
	 Some nuclei have troubles, see transcript U5_1.2_8_87_P6_0.062_8_0.33_9_6.3_0_1.8_1_0.27_2_1.3_A1_1.5_P_25/inp045.err for more details.
ERROR in MURE::BuildMCNPFile
	 Some nuclei have troubles, see transcript U5_1.2_8_87_P6_0.062_8_0.33_9_6.3_0_1.8_1_0.27_2_1.3_A1_1.5_P_25/inp046.err for more details.
ERROR in MURE::WriteMaterial(ostream &Out)
	 Some nuclei have troubles, see transcript U5_1.2_8_87_P6_0.062_8_0.33_9_6.3_0_1.8_1_0.27_2_1.3_A1_1.5_P_25/inp046.err for more details.
ERROR in MURE::BuildMCNPFile
	 Some nuclei have troubles, see transcript U5_1.2_8_87_P6_0.062_8_0.33_9_6.3_0_1.8_1_0.27_2_1.3_A1_1.5_P_25/inp047.err for more details.
ERROR in MURE::WriteMaterial(ostream &Out)
	 Some nuclei have troubles, see transcript U5_1.2_8_87_P6_0.062_8_0.33_9_6.3_0_1.8_1_0.27_2_1.3_A1_1.5_P_25/inp047.err for more details.
ERROR in MURE::BuildMCNPFile
	 Some nuclei have troubles, see transcript U5_1.2_8_87_P6_0.062_8_0.33_9_6.3_0_1.8_1_0.27_2_1.3_A1_1.5_P_25/inp048.err for more details.
ERROR in MURE::WriteMaterial(ostream &Out)
	 Some nuclei have troubles, see transcript U5_1.2_8_87_P6_0.062_8_0.33_9_6.3_0_1.8_1_0.27_2_1.3_A1_1.5_P_25/inp048.err for more details.
ERROR in MURE::BuildMCNPFile
	 Some nuclei have troubles, see transcript U5_1.2_8_87_P6_0.062_8_0.33_9_6.3_0_1.8_1_0.27_2_1.3_A1_1.5_P_25/inp049.err for more details.
ERROR in MURE::WriteMaterial(ostream &Out)
	 Some nuclei have troubles, see transcript U5_1.2_8_87_P6_0.062_8_0.33_9_6.3_0_1.8_1_0.27_2_1.3_A1_1.5_P_25/inp049.err for more details.
ERROR in MURE::BuildMCNPFile
	 Some nuclei have troubles, see transcript U5_1.2_8_87_P6_0.062_8_0.33_9_6.3_0_1.8_1_0.27_2_1.3_A1_1.5_P_25/inp050.err for more details.
ERROR in MURE::WriteMaterial(ostream &Out)
	 Some nuclei have troubles, see transcript U5_1.2_8_87_P6_0.062_8_0.33_9_6.3_0_1.8_1_0.27_2_1.3_A1_1.5_P_25/inp050.err for more details.
ERROR in MURE::BuildMCNPFile
	 Some nuclei have troubles, see transcript U5_1.2_8_87_P6_0.062_8_0.33_9_6.3_0_1.8_1_0.27_2_1.3_A1_1.5_P_25/inp051.err for more details.
ERROR in MURE::WriteMaterial(ostream &Out)
	 Some nuclei have troubles, see transcript U5_1.2_8_87_P6_0.062_8_0.33_9_6.3_0_1.8_1_0.27_2_1.3_A1_1.5_P_25/inp051.err for more details.
ERROR in MURE::BuildMCNPFile
	 Some nuclei have troubles, see transcript U5_1.2_8_87_P6_0.062_8_0.33_9_6.3_0_1.8_1_0.27_2_1.3_A1_1.5_P_25/inp052.err for more details.
ERROR in MURE::WriteMaterial(ostream &Out)
	 Some nuclei have troubles, see transcript U5_1.2_8_87_P6_0.062_8_0.33_9_6.3_0_1.8_1_0.27_2_1.3_A1_1.5_P_25/inp052.err for more details.
ERROR in MURE::BuildMCNPFile
	 Some nuclei have troubles, see transcript U5_1.2_8_87_P6_0.062_8_0.33_9_6.3_0_1.8_1_0.27_2_1.3_A1_1.5_P_25/inp053.err for more details.
ERROR in MURE::WriteMaterial(ostream &Out)
	 Some nuclei have troubles, see transcript U5_1.2_8_87_P6_0.062_8_0.33_9_6.3_0_1.8_1_0.27_2_1.3_A1_1.5_P_25/inp053.err for more details.
ERROR in MURE::BuildMCNPFile
	 Some nuclei have troubles, see transcript U5_1.2_8_87_P6_0.062_8_0.33_9_6.3_0_1.8_1_0.27_2_1.3_A1_1.5_P_25/inp054.err for more details.
ERROR in MURE::WriteMaterial(ostream &Out)
	 Some nuclei have troubles, see transcript U5_1.2_8_87_P6_0.062_8_0.33_9_6.3_0_1.8_1_0.27_2_1.3_A1_1.5_P_25/inp054.err for more details.
ERROR in MURE::BuildMCNPFile
	 Some nuclei have troubles, see transcript U5_1.2_8_87_P6_0.062_8_0.33_9_6.3_0_1.8_1_0.27_2_1.3_A1_1.5_P_25/inp055.err for more details.
ERROR in MURE::WriteMaterial(ostream &Out)
	 Some nuclei have troubles, see transcript U5_1.2_8_87_P6_0.062_8_0.33_9_6.3_0_1.8_1_0.27_2_1.3_A1_1.5_P_25/inp055.err for more details.
ERROR in MURE::BuildMCNPFile
	 Some nuclei have troubles, see transcript U5_1.2_8_87_P6_0.062_8_0.33_9_6.3_0_1.8_1_0.27_2_1.3_A1_1.5_P_25/inp056.err for more details.
ERROR in MURE::WriteMaterial(ostream &Out)
	 Some nuclei have troubles, see transcript U5_1.2_8_87_P6_0.062_8_0.33_9_6.3_0_1.8_1_0.27_2_1.3_A1_1.5_P_25/inp056.err for more details.
ERROR in MURE::BuildMCNPFile
	 Some nuclei have troubles, see transcript U5_1.2_8_87_P6_0.062_8_0.33_9_6.3_0_1.8_1_0.27_2_1.3_A1_1.5_P_25/inp057.err for more details.
ERROR in MURE::WriteMaterial(ostream &Out)
	 Some nuclei have troubles, see transcript U5_1.2_8_87_P6_0.062_8_0.33_9_6.3_0_1.8_1_0.27_2_1.3_A1_1.5_P_25/inp057.err for more details.
ERROR in MURE::BuildMCNPFile
	 Some nuclei have troubles, see transcript U5_1.2_8_87_P6_0.062_8_0.33_9_6.3_0_1.8_1_0.27_2_1.3_A1_1.5_P_25/inp058.err for more details.
ERROR in MURE::WriteMaterial(ostream &Out)
	 Some nuclei have troubles, see transcript U5_1.2_8_87_P6_0.062_8_0.33_9_6.3_0_1.8_1_0.27_2_1.3_A1_1.5_P_25/inp058.err for more details.
ERROR in MURE::BuildMCNPFile
	 Some nuclei have troubles, see transcript U5_1.2_8_87_P6_0.062_8_0.33_9_6.3_0_1.8_1_0.27_2_1.3_A1_1.5_P_25/inp059.err for more details.
ERROR in MURE::WriteMaterial(ostream &Out)
	 Some nuclei have troubles, see transcript U5_1.2_8_87_P6_0.062_8_0.33_9_6.3_0_1.8_1_0.27_2_1.3_A1_1.5_P_25/inp059.err for more details.
ERROR in MURE::BuildMCNPFile
	 Some nuclei have troubles, see transcript U5_1.2_8_87_P6_0.062_8_0.33_9_6.3_0_1.8_1_0.27_2_1.3_A1_1.5_P_25/inp060.err for more details.
ERROR in MURE::WriteMaterial(ostream &Out)
	 Some nuclei have troubles, see transcript U5_1.2_8_87_P6_0.062_8_0.33_9_6.3_0_1.8_1_0.27_2_1.3_A1_1.5_P_25/inp060.err for more details.
ERROR in MURE::BuildMCNPFile
	 Some nuclei have troubles, see transcript U5_1.2_8_87_P6_0.062_8_0.33_9_6.3_0_1.8_1_0.27_2_1.3_A1_1.5_P_25/inp061.err for more details.
ERROR in MURE::WriteMaterial(ostream &Out)
	 Some nuclei have troubles, see transcript U5_1.2_8_87_P6_0.062_8_0.33_9_6.3_0_1.8_1_0.27_2_1.3_A1_1.5_P_25/inp061.err for more details.
ERROR in MURE::BuildMCNPFile
	 Some nuclei have troubles, see transcript U5_1.2_8_87_P6_0.062_8_0.33_9_6.3_0_1.8_1_0.27_2_1.3_A1_1.5_P_25/inp062.err for more details.
ERROR in MURE::WriteMaterial(ostream &Out)
	 Some nuclei have troubles, see transcript U5_1.2_8_87_P6_0.062_8_0.33_9_6.3_0_1.8_1_0.27_2_1.3_A1_1.5_P_25/inp062.err for more details.
ERROR in MURE::BuildMCNPFile
	 Some nuclei have troubles, see transcript U5_1.2_8_87_P6_0.062_8_0.33_9_6.3_0_1.8_1_0.27_2_1.3_A1_1.5_P_25/inp063.err for more details.
ERROR in MURE::WriteMaterial(ostream &Out)
	 Some nuclei have troubles, see transcript U5_1.2_8_87_P6_0.062_8_0.33_9_6.3_0_1.8_1_0.27_2_1.3_A1_1.5_P_25/inp063.err for more details.
ERROR in MURE::BuildMCNPFile
	 Some nuclei have troubles, see transcript U5_1.2_8_87_P6_0.062_8_0.33_9_6.3_0_1.8_1_0.27_2_1.3_A1_1.5_P_25/inp064.err for more details.
ERROR in MURE::WriteMaterial(ostream &Out)
	 Some nuclei have troubles, see transcript U5_1.2_8_87_P6_0.062_8_0.33_9_6.3_0_1.8_1_0.27_2_1.3_A1_1.5_P_25/inp064.err for more details.
ERROR in MURE::BuildMCNPFile
	 Some nuclei have troubles, see transcript U5_1.2_8_87_P6_0.062_8_0.33_9_6.3_0_1.8_1_0.27_2_1.3_A1_1.5_P_25/inp065.err for more details.
ERROR in MURE::WriteMaterial(ostream &Out)
	 Some nuclei have troubles, see transcript U5_1.2_8_87_P6_0.062_8_0.33_9_6.3_0_1.8_1_0.27_2_1.3_A1_1.5_P_25/inp065.err for more details.
ERROR in MURE::BuildMCNPFile
	 Some nuclei have troubles, see transcript U5_1.2_8_87_P6_0.062_8_0.33_9_6.3_0_1.8_1_0.27_2_1.3_A1_1.5_P_25/inp066.err for more details.
ERROR in MURE::WriteMaterial(ostream &Out)
	 Some nuclei have troubles, see transcript U5_1.2_8_87_P6_0.062_8_0.33_9_6.3_0_1.8_1_0.27_2_1.3_A1_1.5_P_25/inp066.err for more details.
ERROR in MURE::BuildMCNPFile
	 Some nuclei have troubles, see transcript U5_1.2_8_87_P6_0.062_8_0.33_9_6.3_0_1.8_1_0.27_2_1.3_A1_1.5_P_25/inp067.err for more details.
ERROR in MURE::WriteMaterial(ostream &Out)
	 Some nuclei have troubles, see transcript U5_1.2_8_87_P6_0.062_8_0.33_9_6.3_0_1.8_1_0.27_2_1.3_A1_1.5_P_25/inp067.err for more details.
ERROR in MURE::BuildMCNPFile
	 Some nuclei have troubles, see transcript U5_1.2_8_87_P6_0.062_8_0.33_9_6.3_0_1.8_1_0.27_2_1.3_A1_1.5_P_25/inp068.err for more details.
ERROR in MURE::WriteMaterial(ostream &Out)
	 Some nuclei have troubles, see transcript U5_1.2_8_87_P6_0.062_8_0.33_9_6.3_0_1.8_1_0.27_2_1.3_A1_1.5_P_25/inp068.err for more details.
ERROR in MURE::BuildMCNPFile
	 Some nuclei have troubles, see transcript U5_1.2_8_87_P6_0.062_8_0.33_9_6.3_0_1.8_1_0.27_2_1.3_A1_1.5_P_25/inp069.err for more details.
ERROR in MURE::WriteMaterial(ostream &Out)
	 Some nuclei have troubles, see transcript U5_1.2_8_87_P6_0.062_8_0.33_9_6.3_0_1.8_1_0.27_2_1.3_A1_1.5_P_25/inp069.err for more details.
ERROR in MURE::BuildMCNPFile
	 Some nuclei have troubles, see transcript U5_1.2_8_87_P6_0.062_8_0.33_9_6.3_0_1.8_1_0.27_2_1.3_A1_1.5_P_25/inp070.err for more details.
ERROR in MURE::WriteMaterial(ostream &Out)
	 Some nuclei have troubles, see transcript U5_1.2_8_87_P6_0.062_8_0.33_9_6.3_0_1.8_1_0.27_2_1.3_A1_1.5_P_25/inp070.err for more details.
ERROR in MURE::BuildMCNPFile
	 Some nuclei have troubles, see transcript U5_1.2_8_87_P6_0.062_8_0.33_9_6.3_0_1.8_1_0.27_2_1.3_A1_1.5_P_25/inp071.err for more details.
ERROR in MURE::WriteMaterial(ostream &Out)
	 Some nuclei have troubles, see transcript U5_1.2_8_87_P6_0.062_8_0.33_9_6.3_0_1.8_1_0.27_2_1.3_A1_1.5_P_25/inp071.err for more details.
ERROR in MURE::BuildMCNPFile
	 Some nuclei have troubles, see transcript U5_1.2_8_87_P6_0.062_8_0.33_9_6.3_0_1.8_1_0.27_2_1.3_A1_1.5_P_25/inp072.err for more details.
ERROR in MURE::WriteMaterial(ostream &Out)
	 Some nuclei have troubles, see transcript U5_1.2_8_87_P6_0.062_8_0.33_9_6.3_0_1.8_1_0.27_2_1.3_A1_1.5_P_25/inp072.err for more details.
ERROR in MURE::BuildMCNPFile
	 Some nuclei have troubles, see transcript U5_1.2_8_87_P6_0.062_8_0.33_9_6.3_0_1.8_1_0.27_2_1.3_A1_1.5_P_25/inp073.err for more details.
ERROR in MURE::WriteMaterial(ostream &Out)
	 Some nuclei have troubles, see transcript U5_1.2_8_87_P6_0.062_8_0.33_9_6.3_0_1.8_1_0.27_2_1.3_A1_1.5_P_25/inp073.err for more details.
ERROR in MURE::BuildMCNPFile
	 Some nuclei have troubles, see transcript U5_1.2_8_87_P6_0.062_8_0.33_9_6.3_0_1.8_1_0.27_2_1.3_A1_1.5_P_25/inp074.err for more details.
ERROR in MURE::WriteMaterial(ostream &Out)
	 Some nuclei have troubles, see transcript U5_1.2_8_87_P6_0.062_8_0.33_9_6.3_0_1.8_1_0.27_2_1.3_A1_1.5_P_25/inp074.err for more details.
ERROR in MURE::BuildMCNPFile
	 Some nuclei have troubles, see transcript U5_1.2_8_87_P6_0.062_8_0.33_9_6.3_0_1.8_1_0.27_2_1.3_A1_1.5_P_25/inp075.err for more details.
ERROR in MURE::WriteMaterial(ostream &Out)
	 Some nuclei have troubles, see transcript U5_1.2_8_87_P6_0.062_8_0.33_9_6.3_0_1.8_1_0.27_2_1.3_A1_1.5_P_25/inp075.err for more details.
ERROR in MURE::BuildMCNPFile
	 Some nuclei have troubles, see transcript U5_1.2_8_87_P6_0.062_8_0.33_9_6.3_0_1.8_1_0.27_2_1.3_A1_1.5_P_25/inp076.err for more details.
ERROR in MURE::WriteMaterial(ostream &Out)
	 Some nuclei have troubles, see transcript U5_1.2_8_87_P6_0.062_8_0.33_9_6.3_0_1.8_1_0.27_2_1.3_A1_1.5_P_25/inp076.err for more details.
ERROR in MURE::BuildMCNPFile
	 Some nuclei have troubles, see transcript U5_1.2_8_87_P6_0.062_8_0.33_9_6.3_0_1.8_1_0.27_2_1.3_A1_1.5_P_25/inp077.err for more details.
ERROR in MURE::WriteMaterial(ostream &Out)
	 Some nuclei have troubles, see transcript U5_1.2_8_87_P6_0.062_8_0.33_9_6.3_0_1.8_1_0.27_2_1.3_A1_1.5_P_25/inp077.err for more details.
ERROR in MURE::BuildMCNPFile
	 Some nuclei have troubles, see transcript U5_1.2_8_87_P6_0.062_8_0.33_9_6.3_0_1.8_1_0.27_2_1.3_A1_1.5_P_25/inp078.err for more details.
ERROR in MURE::WriteMaterial(ostream &Out)
	 Some nuclei have troubles, see transcript U5_1.2_8_87_P6_0.062_8_0.33_9_6.3_0_1.8_1_0.27_2_1.3_A1_1.5_P_25/inp078.err for more details.
ERROR in MURE::BuildMCNPFile
	 Some nuclei have troubles, see transcript U5_1.2_8_87_P6_0.062_8_0.33_9_6.3_0_1.8_1_0.27_2_1.3_A1_1.5_P_25/inp079.err for more details.
ERROR in MURE::WriteMaterial(ostream &Out)
	 Some nuclei have troubles, see transcript U5_1.2_8_87_P6_0.062_8_0.33_9_6.3_0_1.8_1_0.27_2_1.3_A1_1.5_P_25/inp079.err for more details.
* About to connect() to ftp.box.com port 21 (#0)
*   Trying 107.152.25.220... connected
* Connected to ftp.box.com (107.152.25.220) port 21 (#0)
< 220 Service ready for new user.
> AUTH SSL
< 234 Command AUTH okay; starting SSL connection.
* Initializing NSS with certpath: sql:/etc/pki/nssdb
*   CAfile: /etc/pki/tls/certs/ca-bundle.crt
  CApath: none
* SSL connection using TLS_RSA_WITH_AES_128_CBC_SHA
* Server certificate:
* 	subject: CN=*.box.com,O="Box, Inc.",L=Los Altos,ST=California,C=US
* 	start date: Nov 13 19:22:20 2014 GMT
* 	expire date: Oct 23 02:42:03 2017 GMT
* 	common name: *.box.com
* 	issuer: CN=GeoTrust SSL CA - G4,O=GeoTrust Inc.,C=US
> USER mouginot@wisc.edu
< 331 User name okay, need password for mouginot@wisc.edu.
> PASS line150782
< 230 User logged in, proceed.
> PBSZ 0
< 200 Command PBSZ okay.
> PROT P
< 200 Command PROT okay.
> PWD
< 257 "/" is current directory.
* Entry path is '/'
> CWD MODEL_DATA
< 250 Directory changed to /MODEL_DATA
> CWD PWR_TRU_MOX_PSPEC
< 250 Directory changed to /MODEL_DATA/PWR_TRU_MOX_PSPEC
> CWD 1000
< 250 Directory changed to /MODEL_DATA/PWR_TRU_MOX_PSPEC/1000
> PASV
* Connect data stream passively
< 227 Entering Passive Mode (107,152,25,220,85,79)
* Skips 107.152.25.220 for data connection, uses 107.152.25.220 instead
*   Trying 107.152.25.220... connected
* Connecting to 107.152.25.220 (107.152.25.220) port 21839
> TYPE I
< 200 Command TYPE okay.
> STOR 142_raw.tar.gz
< 150 File status okay; about to open data connection.
* Doing the SSL/TLS handshake on the data stream
*   CAfile: /etc/pki/tls/certs/ca-bundle.crt
  CApath: none
* SSL connection using TLS_RSA_WITH_AES_128_CBC_SHA
* Server certificate:
* 	subject: CN=*.box.com,O="Box, Inc.",L=Los Altos,ST=California,C=US
* 	start date: Nov 13 19:22:20 2014 GMT
* 	expire date: Oct 23 02:42:03 2017 GMT
* 	common name: *.box.com
* 	issuer: CN=GeoTrust SSL CA - G4,O=GeoTrust Inc.,C=US
} [data not shown]
  % Total    % Received % Xferd  Average Speed   Time    Time     Time  Current
                                 Dload  Upload   Total   Spent    Left  Speed
  0 43.5M    0     0    0 16384      0   5272  2:24:24  0:00:03  2:24:21  5272  1 43.5M    0     0    1  544k      0   138k  0:05:22  0:00:03  0:05:19  640k  2 43.5M    0     0    2 1088k      0   222k  0:03:20  0:00:04  0:03:16  601k  4 43.5M    0     0    4 2160k      0   367k  0:02:01  0:00:05  0:01:56  775k  7 43.5M    0     0    7 3264k      0   475k  0:01:33  0:00:06  0:01:27  866k  9 43.5M    0     0    9 4384k      0   556k  0:01:20  0:00:07  0:01:13  916k 12 43.5M    0     0   12 5488k      0   618k  0:01:12  0:00:08  0:01:04 1001k 14 43.5M    0     0   14 6560k      0   665k  0:01:07  0:00:09  0:00:58 1101k 17 43.5M    0     0   17 7600k      0   699k  0:01:03  0:00:10  0:00:53 1090k 19 43.5M    0     0   19 8608k      0   725k  0:01:01  0:00:11  0:00:50 1067k 21 43.5M    0     0   21 9568k      0   743k  0:00:59  0:00:12  0:00:47 1038k 23 43.5M    0     0   23 10.0M      0   743k  0:01:00  0:00:13  0:00:47  963k 31 43.5M    0     0   31 13.5M      0   933k  0:00:47  0:00:14  0:00:33 1461k 41 43.5M    0     0   41 18.2M      0  1177k  0:00:37  0:00:15  0:00:22 2213k 50 43.5M    0     0   50 22.1M      0  1346k  0:00:33  0:00:16  0:00:17 2823k 64 43.5M    0     0   64 28.0M      0  1605k  0:00:27  0:00:17  0:00:10 3820k 76 43.5M    0     0   76 33.2M      0  1805k  0:00:24  0:00:18  0:00:06 4769k 87 43.5M    0     0   87 38.1M      0  1966k  0:00:22  0:00:19  0:00:03 5042k* Remembering we are in dir "MODEL_DATA/PWR_TRU_MOX_PSPEC/1000/"
< 226 Transfer complete.
100 43.5M    0     0  100 43.5M      0  2068k  0:00:21  0:00:21 --:--:-- 4545k* Connection #0 to host ftp.box.com left intact

> QUIT
< 221 Goodbye.
* Closing connection #0
