ERROR in MURE::BuildXSDIR()
	 Some nuclei have troubles, see transcript U5_0.0048_8_96_P6_0.078_8_0.2_9_1.9_0_0.33_1_0.35_2_0.62_A1_0.12_P_16/inp000.err for more details.
ERROR in MURE::BuildMCNPFile
	 Some nuclei have troubles, see transcript U5_0.0048_8_96_P6_0.078_8_0.2_9_1.9_0_0.33_1_0.35_2_0.62_A1_0.12_P_16/inp000.err for more details.
ERROR in MURE::WriteMaterial(ostream &Out)
	 Some nuclei have troubles, see transcript U5_0.0048_8_96_P6_0.078_8_0.2_9_1.9_0_0.33_1_0.35_2_0.62_A1_0.12_P_16/inp000.err for more details.
ERROR in MURE::BuildMCNPFile
	 Some nuclei have troubles, see transcript U5_0.0048_8_96_P6_0.078_8_0.2_9_1.9_0_0.33_1_0.35_2_0.62_A1_0.12_P_16/inp001.err for more details.
ERROR in MURE::WriteMaterial(ostream &Out)
	 Some nuclei have troubles, see transcript U5_0.0048_8_96_P6_0.078_8_0.2_9_1.9_0_0.33_1_0.35_2_0.62_A1_0.12_P_16/inp001.err for more details.
ERROR in MURE::BuildMCNPFile
	 Some nuclei have troubles, see transcript U5_0.0048_8_96_P6_0.078_8_0.2_9_1.9_0_0.33_1_0.35_2_0.62_A1_0.12_P_16/inp002.err for more details.
ERROR in MURE::WriteMaterial(ostream &Out)
	 Some nuclei have troubles, see transcript U5_0.0048_8_96_P6_0.078_8_0.2_9_1.9_0_0.33_1_0.35_2_0.62_A1_0.12_P_16/inp002.err for more details.
ERROR in MURE::BuildMCNPFile
	 Some nuclei have troubles, see transcript U5_0.0048_8_96_P6_0.078_8_0.2_9_1.9_0_0.33_1_0.35_2_0.62_A1_0.12_P_16/inp003.err for more details.
ERROR in MURE::WriteMaterial(ostream &Out)
	 Some nuclei have troubles, see transcript U5_0.0048_8_96_P6_0.078_8_0.2_9_1.9_0_0.33_1_0.35_2_0.62_A1_0.12_P_16/inp003.err for more details.
ERROR in MURE::BuildMCNPFile
	 Some nuclei have troubles, see transcript U5_0.0048_8_96_P6_0.078_8_0.2_9_1.9_0_0.33_1_0.35_2_0.62_A1_0.12_P_16/inp004.err for more details.
ERROR in MURE::WriteMaterial(ostream &Out)
	 Some nuclei have troubles, see transcript U5_0.0048_8_96_P6_0.078_8_0.2_9_1.9_0_0.33_1_0.35_2_0.62_A1_0.12_P_16/inp004.err for more details.
ERROR in MURE::BuildMCNPFile
	 Some nuclei have troubles, see transcript U5_0.0048_8_96_P6_0.078_8_0.2_9_1.9_0_0.33_1_0.35_2_0.62_A1_0.12_P_16/inp005.err for more details.
ERROR in MURE::WriteMaterial(ostream &Out)
	 Some nuclei have troubles, see transcript U5_0.0048_8_96_P6_0.078_8_0.2_9_1.9_0_0.33_1_0.35_2_0.62_A1_0.12_P_16/inp005.err for more details.
ERROR in MURE::BuildMCNPFile
	 Some nuclei have troubles, see transcript U5_0.0048_8_96_P6_0.078_8_0.2_9_1.9_0_0.33_1_0.35_2_0.62_A1_0.12_P_16/inp006.err for more details.
ERROR in MURE::WriteMaterial(ostream &Out)
	 Some nuclei have troubles, see transcript U5_0.0048_8_96_P6_0.078_8_0.2_9_1.9_0_0.33_1_0.35_2_0.62_A1_0.12_P_16/inp006.err for more details.
ERROR in MURE::BuildMCNPFile
	 Some nuclei have troubles, see transcript U5_0.0048_8_96_P6_0.078_8_0.2_9_1.9_0_0.33_1_0.35_2_0.62_A1_0.12_P_16/inp007.err for more details.
ERROR in MURE::WriteMaterial(ostream &Out)
	 Some nuclei have troubles, see transcript U5_0.0048_8_96_P6_0.078_8_0.2_9_1.9_0_0.33_1_0.35_2_0.62_A1_0.12_P_16/inp007.err for more details.
ERROR in MURE::BuildMCNPFile
	 Some nuclei have troubles, see transcript U5_0.0048_8_96_P6_0.078_8_0.2_9_1.9_0_0.33_1_0.35_2_0.62_A1_0.12_P_16/inp008.err for more details.
ERROR in MURE::WriteMaterial(ostream &Out)
	 Some nuclei have troubles, see transcript U5_0.0048_8_96_P6_0.078_8_0.2_9_1.9_0_0.33_1_0.35_2_0.62_A1_0.12_P_16/inp008.err for more details.
ERROR in MURE::BuildMCNPFile
	 Some nuclei have troubles, see transcript U5_0.0048_8_96_P6_0.078_8_0.2_9_1.9_0_0.33_1_0.35_2_0.62_A1_0.12_P_16/inp009.err for more details.
ERROR in MURE::WriteMaterial(ostream &Out)
	 Some nuclei have troubles, see transcript U5_0.0048_8_96_P6_0.078_8_0.2_9_1.9_0_0.33_1_0.35_2_0.62_A1_0.12_P_16/inp009.err for more details.
ERROR in MURE::BuildMCNPFile
	 Some nuclei have troubles, see transcript U5_0.0048_8_96_P6_0.078_8_0.2_9_1.9_0_0.33_1_0.35_2_0.62_A1_0.12_P_16/inp010.err for more details.
ERROR in MURE::WriteMaterial(ostream &Out)
	 Some nuclei have troubles, see transcript U5_0.0048_8_96_P6_0.078_8_0.2_9_1.9_0_0.33_1_0.35_2_0.62_A1_0.12_P_16/inp010.err for more details.
ERROR in MURE::BuildMCNPFile
	 Some nuclei have troubles, see transcript U5_0.0048_8_96_P6_0.078_8_0.2_9_1.9_0_0.33_1_0.35_2_0.62_A1_0.12_P_16/inp011.err for more details.
ERROR in MURE::WriteMaterial(ostream &Out)
	 Some nuclei have troubles, see transcript U5_0.0048_8_96_P6_0.078_8_0.2_9_1.9_0_0.33_1_0.35_2_0.62_A1_0.12_P_16/inp011.err for more details.
ERROR in MURE::BuildMCNPFile
	 Some nuclei have troubles, see transcript U5_0.0048_8_96_P6_0.078_8_0.2_9_1.9_0_0.33_1_0.35_2_0.62_A1_0.12_P_16/inp012.err for more details.
ERROR in MURE::WriteMaterial(ostream &Out)
	 Some nuclei have troubles, see transcript U5_0.0048_8_96_P6_0.078_8_0.2_9_1.9_0_0.33_1_0.35_2_0.62_A1_0.12_P_16/inp012.err for more details.
ERROR in MURE::BuildMCNPFile
	 Some nuclei have troubles, see transcript U5_0.0048_8_96_P6_0.078_8_0.2_9_1.9_0_0.33_1_0.35_2_0.62_A1_0.12_P_16/inp013.err for more details.
ERROR in MURE::WriteMaterial(ostream &Out)
	 Some nuclei have troubles, see transcript U5_0.0048_8_96_P6_0.078_8_0.2_9_1.9_0_0.33_1_0.35_2_0.62_A1_0.12_P_16/inp013.err for more details.
ERROR in MURE::BuildMCNPFile
	 Some nuclei have troubles, see transcript U5_0.0048_8_96_P6_0.078_8_0.2_9_1.9_0_0.33_1_0.35_2_0.62_A1_0.12_P_16/inp014.err for more details.
ERROR in MURE::WriteMaterial(ostream &Out)
	 Some nuclei have troubles, see transcript U5_0.0048_8_96_P6_0.078_8_0.2_9_1.9_0_0.33_1_0.35_2_0.62_A1_0.12_P_16/inp014.err for more details.
ERROR in MURE::BuildMCNPFile
	 Some nuclei have troubles, see transcript U5_0.0048_8_96_P6_0.078_8_0.2_9_1.9_0_0.33_1_0.35_2_0.62_A1_0.12_P_16/inp015.err for more details.
ERROR in MURE::WriteMaterial(ostream &Out)
	 Some nuclei have troubles, see transcript U5_0.0048_8_96_P6_0.078_8_0.2_9_1.9_0_0.33_1_0.35_2_0.62_A1_0.12_P_16/inp015.err for more details.
ERROR in MURE::BuildMCNPFile
	 Some nuclei have troubles, see transcript U5_0.0048_8_96_P6_0.078_8_0.2_9_1.9_0_0.33_1_0.35_2_0.62_A1_0.12_P_16/inp016.err for more details.
ERROR in MURE::WriteMaterial(ostream &Out)
	 Some nuclei have troubles, see transcript U5_0.0048_8_96_P6_0.078_8_0.2_9_1.9_0_0.33_1_0.35_2_0.62_A1_0.12_P_16/inp016.err for more details.
ERROR in MURE::BuildMCNPFile
	 Some nuclei have troubles, see transcript U5_0.0048_8_96_P6_0.078_8_0.2_9_1.9_0_0.33_1_0.35_2_0.62_A1_0.12_P_16/inp017.err for more details.
ERROR in MURE::WriteMaterial(ostream &Out)
	 Some nuclei have troubles, see transcript U5_0.0048_8_96_P6_0.078_8_0.2_9_1.9_0_0.33_1_0.35_2_0.62_A1_0.12_P_16/inp017.err for more details.
ERROR in MURE::BuildMCNPFile
	 Some nuclei have troubles, see transcript U5_0.0048_8_96_P6_0.078_8_0.2_9_1.9_0_0.33_1_0.35_2_0.62_A1_0.12_P_16/inp018.err for more details.
ERROR in MURE::WriteMaterial(ostream &Out)
	 Some nuclei have troubles, see transcript U5_0.0048_8_96_P6_0.078_8_0.2_9_1.9_0_0.33_1_0.35_2_0.62_A1_0.12_P_16/inp018.err for more details.
ERROR in MURE::BuildMCNPFile
	 Some nuclei have troubles, see transcript U5_0.0048_8_96_P6_0.078_8_0.2_9_1.9_0_0.33_1_0.35_2_0.62_A1_0.12_P_16/inp019.err for more details.
ERROR in MURE::WriteMaterial(ostream &Out)
	 Some nuclei have troubles, see transcript U5_0.0048_8_96_P6_0.078_8_0.2_9_1.9_0_0.33_1_0.35_2_0.62_A1_0.12_P_16/inp019.err for more details.
ERROR in MURE::BuildMCNPFile
	 Some nuclei have troubles, see transcript U5_0.0048_8_96_P6_0.078_8_0.2_9_1.9_0_0.33_1_0.35_2_0.62_A1_0.12_P_16/inp020.err for more details.
ERROR in MURE::WriteMaterial(ostream &Out)
	 Some nuclei have troubles, see transcript U5_0.0048_8_96_P6_0.078_8_0.2_9_1.9_0_0.33_1_0.35_2_0.62_A1_0.12_P_16/inp020.err for more details.
ERROR in MURE::BuildMCNPFile
	 Some nuclei have troubles, see transcript U5_0.0048_8_96_P6_0.078_8_0.2_9_1.9_0_0.33_1_0.35_2_0.62_A1_0.12_P_16/inp021.err for more details.
ERROR in MURE::WriteMaterial(ostream &Out)
	 Some nuclei have troubles, see transcript U5_0.0048_8_96_P6_0.078_8_0.2_9_1.9_0_0.33_1_0.35_2_0.62_A1_0.12_P_16/inp021.err for more details.
ERROR in MURE::BuildMCNPFile
	 Some nuclei have troubles, see transcript U5_0.0048_8_96_P6_0.078_8_0.2_9_1.9_0_0.33_1_0.35_2_0.62_A1_0.12_P_16/inp022.err for more details.
ERROR in MURE::WriteMaterial(ostream &Out)
	 Some nuclei have troubles, see transcript U5_0.0048_8_96_P6_0.078_8_0.2_9_1.9_0_0.33_1_0.35_2_0.62_A1_0.12_P_16/inp022.err for more details.
ERROR in MURE::BuildMCNPFile
	 Some nuclei have troubles, see transcript U5_0.0048_8_96_P6_0.078_8_0.2_9_1.9_0_0.33_1_0.35_2_0.62_A1_0.12_P_16/inp023.err for more details.
ERROR in MURE::WriteMaterial(ostream &Out)
	 Some nuclei have troubles, see transcript U5_0.0048_8_96_P6_0.078_8_0.2_9_1.9_0_0.33_1_0.35_2_0.62_A1_0.12_P_16/inp023.err for more details.
ERROR in MURE::BuildMCNPFile
	 Some nuclei have troubles, see transcript U5_0.0048_8_96_P6_0.078_8_0.2_9_1.9_0_0.33_1_0.35_2_0.62_A1_0.12_P_16/inp024.err for more details.
ERROR in MURE::WriteMaterial(ostream &Out)
	 Some nuclei have troubles, see transcript U5_0.0048_8_96_P6_0.078_8_0.2_9_1.9_0_0.33_1_0.35_2_0.62_A1_0.12_P_16/inp024.err for more details.
ERROR in MURE::BuildMCNPFile
	 Some nuclei have troubles, see transcript U5_0.0048_8_96_P6_0.078_8_0.2_9_1.9_0_0.33_1_0.35_2_0.62_A1_0.12_P_16/inp025.err for more details.
ERROR in MURE::WriteMaterial(ostream &Out)
	 Some nuclei have troubles, see transcript U5_0.0048_8_96_P6_0.078_8_0.2_9_1.9_0_0.33_1_0.35_2_0.62_A1_0.12_P_16/inp025.err for more details.
ERROR in MURE::BuildMCNPFile
	 Some nuclei have troubles, see transcript U5_0.0048_8_96_P6_0.078_8_0.2_9_1.9_0_0.33_1_0.35_2_0.62_A1_0.12_P_16/inp026.err for more details.
ERROR in MURE::WriteMaterial(ostream &Out)
	 Some nuclei have troubles, see transcript U5_0.0048_8_96_P6_0.078_8_0.2_9_1.9_0_0.33_1_0.35_2_0.62_A1_0.12_P_16/inp026.err for more details.
ERROR in MURE::BuildMCNPFile
	 Some nuclei have troubles, see transcript U5_0.0048_8_96_P6_0.078_8_0.2_9_1.9_0_0.33_1_0.35_2_0.62_A1_0.12_P_16/inp027.err for more details.
ERROR in MURE::WriteMaterial(ostream &Out)
	 Some nuclei have troubles, see transcript U5_0.0048_8_96_P6_0.078_8_0.2_9_1.9_0_0.33_1_0.35_2_0.62_A1_0.12_P_16/inp027.err for more details.
ERROR in MURE::BuildMCNPFile
	 Some nuclei have troubles, see transcript U5_0.0048_8_96_P6_0.078_8_0.2_9_1.9_0_0.33_1_0.35_2_0.62_A1_0.12_P_16/inp028.err for more details.
ERROR in MURE::WriteMaterial(ostream &Out)
	 Some nuclei have troubles, see transcript U5_0.0048_8_96_P6_0.078_8_0.2_9_1.9_0_0.33_1_0.35_2_0.62_A1_0.12_P_16/inp028.err for more details.
ERROR in MURE::BuildMCNPFile
	 Some nuclei have troubles, see transcript U5_0.0048_8_96_P6_0.078_8_0.2_9_1.9_0_0.33_1_0.35_2_0.62_A1_0.12_P_16/inp029.err for more details.
ERROR in MURE::WriteMaterial(ostream &Out)
	 Some nuclei have troubles, see transcript U5_0.0048_8_96_P6_0.078_8_0.2_9_1.9_0_0.33_1_0.35_2_0.62_A1_0.12_P_16/inp029.err for more details.
ERROR in MURE::BuildMCNPFile
	 Some nuclei have troubles, see transcript U5_0.0048_8_96_P6_0.078_8_0.2_9_1.9_0_0.33_1_0.35_2_0.62_A1_0.12_P_16/inp030.err for more details.
ERROR in MURE::WriteMaterial(ostream &Out)
	 Some nuclei have troubles, see transcript U5_0.0048_8_96_P6_0.078_8_0.2_9_1.9_0_0.33_1_0.35_2_0.62_A1_0.12_P_16/inp030.err for more details.
ERROR in MURE::BuildMCNPFile
	 Some nuclei have troubles, see transcript U5_0.0048_8_96_P6_0.078_8_0.2_9_1.9_0_0.33_1_0.35_2_0.62_A1_0.12_P_16/inp031.err for more details.
ERROR in MURE::WriteMaterial(ostream &Out)
	 Some nuclei have troubles, see transcript U5_0.0048_8_96_P6_0.078_8_0.2_9_1.9_0_0.33_1_0.35_2_0.62_A1_0.12_P_16/inp031.err for more details.
ERROR in MURE::BuildMCNPFile
	 Some nuclei have troubles, see transcript U5_0.0048_8_96_P6_0.078_8_0.2_9_1.9_0_0.33_1_0.35_2_0.62_A1_0.12_P_16/inp032.err for more details.
ERROR in MURE::WriteMaterial(ostream &Out)
	 Some nuclei have troubles, see transcript U5_0.0048_8_96_P6_0.078_8_0.2_9_1.9_0_0.33_1_0.35_2_0.62_A1_0.12_P_16/inp032.err for more details.
ERROR in MURE::BuildMCNPFile
	 Some nuclei have troubles, see transcript U5_0.0048_8_96_P6_0.078_8_0.2_9_1.9_0_0.33_1_0.35_2_0.62_A1_0.12_P_16/inp033.err for more details.
ERROR in MURE::WriteMaterial(ostream &Out)
	 Some nuclei have troubles, see transcript U5_0.0048_8_96_P6_0.078_8_0.2_9_1.9_0_0.33_1_0.35_2_0.62_A1_0.12_P_16/inp033.err for more details.
ERROR in MURE::BuildMCNPFile
	 Some nuclei have troubles, see transcript U5_0.0048_8_96_P6_0.078_8_0.2_9_1.9_0_0.33_1_0.35_2_0.62_A1_0.12_P_16/inp034.err for more details.
ERROR in MURE::WriteMaterial(ostream &Out)
	 Some nuclei have troubles, see transcript U5_0.0048_8_96_P6_0.078_8_0.2_9_1.9_0_0.33_1_0.35_2_0.62_A1_0.12_P_16/inp034.err for more details.
ERROR in MURE::BuildMCNPFile
	 Some nuclei have troubles, see transcript U5_0.0048_8_96_P6_0.078_8_0.2_9_1.9_0_0.33_1_0.35_2_0.62_A1_0.12_P_16/inp035.err for more details.
ERROR in MURE::WriteMaterial(ostream &Out)
	 Some nuclei have troubles, see transcript U5_0.0048_8_96_P6_0.078_8_0.2_9_1.9_0_0.33_1_0.35_2_0.62_A1_0.12_P_16/inp035.err for more details.
ERROR in MURE::BuildMCNPFile
	 Some nuclei have troubles, see transcript U5_0.0048_8_96_P6_0.078_8_0.2_9_1.9_0_0.33_1_0.35_2_0.62_A1_0.12_P_16/inp036.err for more details.
ERROR in MURE::WriteMaterial(ostream &Out)
	 Some nuclei have troubles, see transcript U5_0.0048_8_96_P6_0.078_8_0.2_9_1.9_0_0.33_1_0.35_2_0.62_A1_0.12_P_16/inp036.err for more details.
ERROR in MURE::BuildMCNPFile
	 Some nuclei have troubles, see transcript U5_0.0048_8_96_P6_0.078_8_0.2_9_1.9_0_0.33_1_0.35_2_0.62_A1_0.12_P_16/inp037.err for more details.
ERROR in MURE::WriteMaterial(ostream &Out)
	 Some nuclei have troubles, see transcript U5_0.0048_8_96_P6_0.078_8_0.2_9_1.9_0_0.33_1_0.35_2_0.62_A1_0.12_P_16/inp037.err for more details.
ERROR in MURE::BuildMCNPFile
	 Some nuclei have troubles, see transcript U5_0.0048_8_96_P6_0.078_8_0.2_9_1.9_0_0.33_1_0.35_2_0.62_A1_0.12_P_16/inp038.err for more details.
ERROR in MURE::WriteMaterial(ostream &Out)
	 Some nuclei have troubles, see transcript U5_0.0048_8_96_P6_0.078_8_0.2_9_1.9_0_0.33_1_0.35_2_0.62_A1_0.12_P_16/inp038.err for more details.
ERROR in MURE::BuildMCNPFile
	 Some nuclei have troubles, see transcript U5_0.0048_8_96_P6_0.078_8_0.2_9_1.9_0_0.33_1_0.35_2_0.62_A1_0.12_P_16/inp039.err for more details.
ERROR in MURE::WriteMaterial(ostream &Out)
	 Some nuclei have troubles, see transcript U5_0.0048_8_96_P6_0.078_8_0.2_9_1.9_0_0.33_1_0.35_2_0.62_A1_0.12_P_16/inp039.err for more details.
ERROR in MURE::BuildMCNPFile
	 Some nuclei have troubles, see transcript U5_0.0048_8_96_P6_0.078_8_0.2_9_1.9_0_0.33_1_0.35_2_0.62_A1_0.12_P_16/inp040.err for more details.
ERROR in MURE::WriteMaterial(ostream &Out)
	 Some nuclei have troubles, see transcript U5_0.0048_8_96_P6_0.078_8_0.2_9_1.9_0_0.33_1_0.35_2_0.62_A1_0.12_P_16/inp040.err for more details.
ERROR in MURE::BuildMCNPFile
	 Some nuclei have troubles, see transcript U5_0.0048_8_96_P6_0.078_8_0.2_9_1.9_0_0.33_1_0.35_2_0.62_A1_0.12_P_16/inp041.err for more details.
ERROR in MURE::WriteMaterial(ostream &Out)
	 Some nuclei have troubles, see transcript U5_0.0048_8_96_P6_0.078_8_0.2_9_1.9_0_0.33_1_0.35_2_0.62_A1_0.12_P_16/inp041.err for more details.
ERROR in MURE::BuildMCNPFile
	 Some nuclei have troubles, see transcript U5_0.0048_8_96_P6_0.078_8_0.2_9_1.9_0_0.33_1_0.35_2_0.62_A1_0.12_P_16/inp042.err for more details.
ERROR in MURE::WriteMaterial(ostream &Out)
	 Some nuclei have troubles, see transcript U5_0.0048_8_96_P6_0.078_8_0.2_9_1.9_0_0.33_1_0.35_2_0.62_A1_0.12_P_16/inp042.err for more details.
ERROR in MURE::BuildMCNPFile
	 Some nuclei have troubles, see transcript U5_0.0048_8_96_P6_0.078_8_0.2_9_1.9_0_0.33_1_0.35_2_0.62_A1_0.12_P_16/inp043.err for more details.
ERROR in MURE::WriteMaterial(ostream &Out)
	 Some nuclei have troubles, see transcript U5_0.0048_8_96_P6_0.078_8_0.2_9_1.9_0_0.33_1_0.35_2_0.62_A1_0.12_P_16/inp043.err for more details.
ERROR in MURE::BuildMCNPFile
	 Some nuclei have troubles, see transcript U5_0.0048_8_96_P6_0.078_8_0.2_9_1.9_0_0.33_1_0.35_2_0.62_A1_0.12_P_16/inp044.err for more details.
ERROR in MURE::WriteMaterial(ostream &Out)
	 Some nuclei have troubles, see transcript U5_0.0048_8_96_P6_0.078_8_0.2_9_1.9_0_0.33_1_0.35_2_0.62_A1_0.12_P_16/inp044.err for more details.
ERROR in MURE::BuildMCNPFile
	 Some nuclei have troubles, see transcript U5_0.0048_8_96_P6_0.078_8_0.2_9_1.9_0_0.33_1_0.35_2_0.62_A1_0.12_P_16/inp045.err for more details.
ERROR in MURE::WriteMaterial(ostream &Out)
	 Some nuclei have troubles, see transcript U5_0.0048_8_96_P6_0.078_8_0.2_9_1.9_0_0.33_1_0.35_2_0.62_A1_0.12_P_16/inp045.err for more details.
ERROR in MURE::BuildMCNPFile
	 Some nuclei have troubles, see transcript U5_0.0048_8_96_P6_0.078_8_0.2_9_1.9_0_0.33_1_0.35_2_0.62_A1_0.12_P_16/inp046.err for more details.
ERROR in MURE::WriteMaterial(ostream &Out)
	 Some nuclei have troubles, see transcript U5_0.0048_8_96_P6_0.078_8_0.2_9_1.9_0_0.33_1_0.35_2_0.62_A1_0.12_P_16/inp046.err for more details.
ERROR in MURE::BuildMCNPFile
	 Some nuclei have troubles, see transcript U5_0.0048_8_96_P6_0.078_8_0.2_9_1.9_0_0.33_1_0.35_2_0.62_A1_0.12_P_16/inp047.err for more details.
ERROR in MURE::WriteMaterial(ostream &Out)
	 Some nuclei have troubles, see transcript U5_0.0048_8_96_P6_0.078_8_0.2_9_1.9_0_0.33_1_0.35_2_0.62_A1_0.12_P_16/inp047.err for more details.
ERROR in MURE::BuildMCNPFile
	 Some nuclei have troubles, see transcript U5_0.0048_8_96_P6_0.078_8_0.2_9_1.9_0_0.33_1_0.35_2_0.62_A1_0.12_P_16/inp048.err for more details.
ERROR in MURE::WriteMaterial(ostream &Out)
	 Some nuclei have troubles, see transcript U5_0.0048_8_96_P6_0.078_8_0.2_9_1.9_0_0.33_1_0.35_2_0.62_A1_0.12_P_16/inp048.err for more details.
ERROR in MURE::BuildMCNPFile
	 Some nuclei have troubles, see transcript U5_0.0048_8_96_P6_0.078_8_0.2_9_1.9_0_0.33_1_0.35_2_0.62_A1_0.12_P_16/inp049.err for more details.
ERROR in MURE::WriteMaterial(ostream &Out)
	 Some nuclei have troubles, see transcript U5_0.0048_8_96_P6_0.078_8_0.2_9_1.9_0_0.33_1_0.35_2_0.62_A1_0.12_P_16/inp049.err for more details.
ERROR in MURE::BuildMCNPFile
	 Some nuclei have troubles, see transcript U5_0.0048_8_96_P6_0.078_8_0.2_9_1.9_0_0.33_1_0.35_2_0.62_A1_0.12_P_16/inp050.err for more details.
ERROR in MURE::WriteMaterial(ostream &Out)
	 Some nuclei have troubles, see transcript U5_0.0048_8_96_P6_0.078_8_0.2_9_1.9_0_0.33_1_0.35_2_0.62_A1_0.12_P_16/inp050.err for more details.
ERROR in MURE::BuildMCNPFile
	 Some nuclei have troubles, see transcript U5_0.0048_8_96_P6_0.078_8_0.2_9_1.9_0_0.33_1_0.35_2_0.62_A1_0.12_P_16/inp051.err for more details.
ERROR in MURE::WriteMaterial(ostream &Out)
	 Some nuclei have troubles, see transcript U5_0.0048_8_96_P6_0.078_8_0.2_9_1.9_0_0.33_1_0.35_2_0.62_A1_0.12_P_16/inp051.err for more details.
ERROR in MURE::BuildMCNPFile
	 Some nuclei have troubles, see transcript U5_0.0048_8_96_P6_0.078_8_0.2_9_1.9_0_0.33_1_0.35_2_0.62_A1_0.12_P_16/inp052.err for more details.
ERROR in MURE::WriteMaterial(ostream &Out)
	 Some nuclei have troubles, see transcript U5_0.0048_8_96_P6_0.078_8_0.2_9_1.9_0_0.33_1_0.35_2_0.62_A1_0.12_P_16/inp052.err for more details.
ERROR in MURE::BuildMCNPFile
	 Some nuclei have troubles, see transcript U5_0.0048_8_96_P6_0.078_8_0.2_9_1.9_0_0.33_1_0.35_2_0.62_A1_0.12_P_16/inp053.err for more details.
ERROR in MURE::WriteMaterial(ostream &Out)
	 Some nuclei have troubles, see transcript U5_0.0048_8_96_P6_0.078_8_0.2_9_1.9_0_0.33_1_0.35_2_0.62_A1_0.12_P_16/inp053.err for more details.
ERROR in MURE::BuildMCNPFile
	 Some nuclei have troubles, see transcript U5_0.0048_8_96_P6_0.078_8_0.2_9_1.9_0_0.33_1_0.35_2_0.62_A1_0.12_P_16/inp054.err for more details.
ERROR in MURE::WriteMaterial(ostream &Out)
	 Some nuclei have troubles, see transcript U5_0.0048_8_96_P6_0.078_8_0.2_9_1.9_0_0.33_1_0.35_2_0.62_A1_0.12_P_16/inp054.err for more details.
ERROR in MURE::BuildMCNPFile
	 Some nuclei have troubles, see transcript U5_0.0048_8_96_P6_0.078_8_0.2_9_1.9_0_0.33_1_0.35_2_0.62_A1_0.12_P_16/inp055.err for more details.
ERROR in MURE::WriteMaterial(ostream &Out)
	 Some nuclei have troubles, see transcript U5_0.0048_8_96_P6_0.078_8_0.2_9_1.9_0_0.33_1_0.35_2_0.62_A1_0.12_P_16/inp055.err for more details.
ERROR in MURE::BuildMCNPFile
	 Some nuclei have troubles, see transcript U5_0.0048_8_96_P6_0.078_8_0.2_9_1.9_0_0.33_1_0.35_2_0.62_A1_0.12_P_16/inp056.err for more details.
ERROR in MURE::WriteMaterial(ostream &Out)
	 Some nuclei have troubles, see transcript U5_0.0048_8_96_P6_0.078_8_0.2_9_1.9_0_0.33_1_0.35_2_0.62_A1_0.12_P_16/inp056.err for more details.
ERROR in MURE::BuildMCNPFile
	 Some nuclei have troubles, see transcript U5_0.0048_8_96_P6_0.078_8_0.2_9_1.9_0_0.33_1_0.35_2_0.62_A1_0.12_P_16/inp057.err for more details.
ERROR in MURE::WriteMaterial(ostream &Out)
	 Some nuclei have troubles, see transcript U5_0.0048_8_96_P6_0.078_8_0.2_9_1.9_0_0.33_1_0.35_2_0.62_A1_0.12_P_16/inp057.err for more details.
ERROR in MURE::BuildMCNPFile
	 Some nuclei have troubles, see transcript U5_0.0048_8_96_P6_0.078_8_0.2_9_1.9_0_0.33_1_0.35_2_0.62_A1_0.12_P_16/inp058.err for more details.
ERROR in MURE::WriteMaterial(ostream &Out)
	 Some nuclei have troubles, see transcript U5_0.0048_8_96_P6_0.078_8_0.2_9_1.9_0_0.33_1_0.35_2_0.62_A1_0.12_P_16/inp058.err for more details.
ERROR in MURE::BuildMCNPFile
	 Some nuclei have troubles, see transcript U5_0.0048_8_96_P6_0.078_8_0.2_9_1.9_0_0.33_1_0.35_2_0.62_A1_0.12_P_16/inp059.err for more details.
ERROR in MURE::WriteMaterial(ostream &Out)
	 Some nuclei have troubles, see transcript U5_0.0048_8_96_P6_0.078_8_0.2_9_1.9_0_0.33_1_0.35_2_0.62_A1_0.12_P_16/inp059.err for more details.
ERROR in MURE::BuildMCNPFile
	 Some nuclei have troubles, see transcript U5_0.0048_8_96_P6_0.078_8_0.2_9_1.9_0_0.33_1_0.35_2_0.62_A1_0.12_P_16/inp060.err for more details.
ERROR in MURE::WriteMaterial(ostream &Out)
	 Some nuclei have troubles, see transcript U5_0.0048_8_96_P6_0.078_8_0.2_9_1.9_0_0.33_1_0.35_2_0.62_A1_0.12_P_16/inp060.err for more details.
ERROR in MURE::BuildMCNPFile
	 Some nuclei have troubles, see transcript U5_0.0048_8_96_P6_0.078_8_0.2_9_1.9_0_0.33_1_0.35_2_0.62_A1_0.12_P_16/inp061.err for more details.
ERROR in MURE::WriteMaterial(ostream &Out)
	 Some nuclei have troubles, see transcript U5_0.0048_8_96_P6_0.078_8_0.2_9_1.9_0_0.33_1_0.35_2_0.62_A1_0.12_P_16/inp061.err for more details.
ERROR in MURE::BuildMCNPFile
	 Some nuclei have troubles, see transcript U5_0.0048_8_96_P6_0.078_8_0.2_9_1.9_0_0.33_1_0.35_2_0.62_A1_0.12_P_16/inp062.err for more details.
ERROR in MURE::WriteMaterial(ostream &Out)
	 Some nuclei have troubles, see transcript U5_0.0048_8_96_P6_0.078_8_0.2_9_1.9_0_0.33_1_0.35_2_0.62_A1_0.12_P_16/inp062.err for more details.
ERROR in MURE::BuildMCNPFile
	 Some nuclei have troubles, see transcript U5_0.0048_8_96_P6_0.078_8_0.2_9_1.9_0_0.33_1_0.35_2_0.62_A1_0.12_P_16/inp063.err for more details.
ERROR in MURE::WriteMaterial(ostream &Out)
	 Some nuclei have troubles, see transcript U5_0.0048_8_96_P6_0.078_8_0.2_9_1.9_0_0.33_1_0.35_2_0.62_A1_0.12_P_16/inp063.err for more details.
ERROR in MURE::BuildMCNPFile
	 Some nuclei have troubles, see transcript U5_0.0048_8_96_P6_0.078_8_0.2_9_1.9_0_0.33_1_0.35_2_0.62_A1_0.12_P_16/inp064.err for more details.
ERROR in MURE::WriteMaterial(ostream &Out)
	 Some nuclei have troubles, see transcript U5_0.0048_8_96_P6_0.078_8_0.2_9_1.9_0_0.33_1_0.35_2_0.62_A1_0.12_P_16/inp064.err for more details.
ERROR in MURE::BuildMCNPFile
	 Some nuclei have troubles, see transcript U5_0.0048_8_96_P6_0.078_8_0.2_9_1.9_0_0.33_1_0.35_2_0.62_A1_0.12_P_16/inp065.err for more details.
ERROR in MURE::WriteMaterial(ostream &Out)
	 Some nuclei have troubles, see transcript U5_0.0048_8_96_P6_0.078_8_0.2_9_1.9_0_0.33_1_0.35_2_0.62_A1_0.12_P_16/inp065.err for more details.
ERROR in MURE::BuildMCNPFile
	 Some nuclei have troubles, see transcript U5_0.0048_8_96_P6_0.078_8_0.2_9_1.9_0_0.33_1_0.35_2_0.62_A1_0.12_P_16/inp066.err for more details.
ERROR in MURE::WriteMaterial(ostream &Out)
	 Some nuclei have troubles, see transcript U5_0.0048_8_96_P6_0.078_8_0.2_9_1.9_0_0.33_1_0.35_2_0.62_A1_0.12_P_16/inp066.err for more details.
ERROR in MURE::BuildMCNPFile
	 Some nuclei have troubles, see transcript U5_0.0048_8_96_P6_0.078_8_0.2_9_1.9_0_0.33_1_0.35_2_0.62_A1_0.12_P_16/inp067.err for more details.
ERROR in MURE::WriteMaterial(ostream &Out)
	 Some nuclei have troubles, see transcript U5_0.0048_8_96_P6_0.078_8_0.2_9_1.9_0_0.33_1_0.35_2_0.62_A1_0.12_P_16/inp067.err for more details.
ERROR in MURE::BuildMCNPFile
	 Some nuclei have troubles, see transcript U5_0.0048_8_96_P6_0.078_8_0.2_9_1.9_0_0.33_1_0.35_2_0.62_A1_0.12_P_16/inp068.err for more details.
ERROR in MURE::WriteMaterial(ostream &Out)
	 Some nuclei have troubles, see transcript U5_0.0048_8_96_P6_0.078_8_0.2_9_1.9_0_0.33_1_0.35_2_0.62_A1_0.12_P_16/inp068.err for more details.
ERROR in MURE::BuildMCNPFile
	 Some nuclei have troubles, see transcript U5_0.0048_8_96_P6_0.078_8_0.2_9_1.9_0_0.33_1_0.35_2_0.62_A1_0.12_P_16/inp069.err for more details.
ERROR in MURE::WriteMaterial(ostream &Out)
	 Some nuclei have troubles, see transcript U5_0.0048_8_96_P6_0.078_8_0.2_9_1.9_0_0.33_1_0.35_2_0.62_A1_0.12_P_16/inp069.err for more details.
ERROR in MURE::BuildMCNPFile
	 Some nuclei have troubles, see transcript U5_0.0048_8_96_P6_0.078_8_0.2_9_1.9_0_0.33_1_0.35_2_0.62_A1_0.12_P_16/inp070.err for more details.
ERROR in MURE::WriteMaterial(ostream &Out)
	 Some nuclei have troubles, see transcript U5_0.0048_8_96_P6_0.078_8_0.2_9_1.9_0_0.33_1_0.35_2_0.62_A1_0.12_P_16/inp070.err for more details.
ERROR in MURE::BuildMCNPFile
	 Some nuclei have troubles, see transcript U5_0.0048_8_96_P6_0.078_8_0.2_9_1.9_0_0.33_1_0.35_2_0.62_A1_0.12_P_16/inp071.err for more details.
ERROR in MURE::WriteMaterial(ostream &Out)
	 Some nuclei have troubles, see transcript U5_0.0048_8_96_P6_0.078_8_0.2_9_1.9_0_0.33_1_0.35_2_0.62_A1_0.12_P_16/inp071.err for more details.
ERROR in MURE::BuildMCNPFile
	 Some nuclei have troubles, see transcript U5_0.0048_8_96_P6_0.078_8_0.2_9_1.9_0_0.33_1_0.35_2_0.62_A1_0.12_P_16/inp072.err for more details.
ERROR in MURE::WriteMaterial(ostream &Out)
	 Some nuclei have troubles, see transcript U5_0.0048_8_96_P6_0.078_8_0.2_9_1.9_0_0.33_1_0.35_2_0.62_A1_0.12_P_16/inp072.err for more details.
ERROR in MURE::BuildMCNPFile
	 Some nuclei have troubles, see transcript U5_0.0048_8_96_P6_0.078_8_0.2_9_1.9_0_0.33_1_0.35_2_0.62_A1_0.12_P_16/inp073.err for more details.
ERROR in MURE::WriteMaterial(ostream &Out)
	 Some nuclei have troubles, see transcript U5_0.0048_8_96_P6_0.078_8_0.2_9_1.9_0_0.33_1_0.35_2_0.62_A1_0.12_P_16/inp073.err for more details.
ERROR in MURE::BuildMCNPFile
	 Some nuclei have troubles, see transcript U5_0.0048_8_96_P6_0.078_8_0.2_9_1.9_0_0.33_1_0.35_2_0.62_A1_0.12_P_16/inp074.err for more details.
ERROR in MURE::WriteMaterial(ostream &Out)
	 Some nuclei have troubles, see transcript U5_0.0048_8_96_P6_0.078_8_0.2_9_1.9_0_0.33_1_0.35_2_0.62_A1_0.12_P_16/inp074.err for more details.
ERROR in MURE::BuildMCNPFile
	 Some nuclei have troubles, see transcript U5_0.0048_8_96_P6_0.078_8_0.2_9_1.9_0_0.33_1_0.35_2_0.62_A1_0.12_P_16/inp075.err for more details.
ERROR in MURE::WriteMaterial(ostream &Out)
	 Some nuclei have troubles, see transcript U5_0.0048_8_96_P6_0.078_8_0.2_9_1.9_0_0.33_1_0.35_2_0.62_A1_0.12_P_16/inp075.err for more details.
ERROR in MURE::BuildMCNPFile
	 Some nuclei have troubles, see transcript U5_0.0048_8_96_P6_0.078_8_0.2_9_1.9_0_0.33_1_0.35_2_0.62_A1_0.12_P_16/inp076.err for more details.
ERROR in MURE::WriteMaterial(ostream &Out)
	 Some nuclei have troubles, see transcript U5_0.0048_8_96_P6_0.078_8_0.2_9_1.9_0_0.33_1_0.35_2_0.62_A1_0.12_P_16/inp076.err for more details.
ERROR in MURE::BuildMCNPFile
	 Some nuclei have troubles, see transcript U5_0.0048_8_96_P6_0.078_8_0.2_9_1.9_0_0.33_1_0.35_2_0.62_A1_0.12_P_16/inp077.err for more details.
ERROR in MURE::WriteMaterial(ostream &Out)
	 Some nuclei have troubles, see transcript U5_0.0048_8_96_P6_0.078_8_0.2_9_1.9_0_0.33_1_0.35_2_0.62_A1_0.12_P_16/inp077.err for more details.
ERROR in MURE::BuildMCNPFile
	 Some nuclei have troubles, see transcript U5_0.0048_8_96_P6_0.078_8_0.2_9_1.9_0_0.33_1_0.35_2_0.62_A1_0.12_P_16/inp078.err for more details.
ERROR in MURE::WriteMaterial(ostream &Out)
	 Some nuclei have troubles, see transcript U5_0.0048_8_96_P6_0.078_8_0.2_9_1.9_0_0.33_1_0.35_2_0.62_A1_0.12_P_16/inp078.err for more details.
ERROR in MURE::BuildMCNPFile
	 Some nuclei have troubles, see transcript U5_0.0048_8_96_P6_0.078_8_0.2_9_1.9_0_0.33_1_0.35_2_0.62_A1_0.12_P_16/inp079.err for more details.
ERROR in MURE::WriteMaterial(ostream &Out)
	 Some nuclei have troubles, see transcript U5_0.0048_8_96_P6_0.078_8_0.2_9_1.9_0_0.33_1_0.35_2_0.62_A1_0.12_P_16/inp079.err for more details.
* About to connect() to ftp.box.com port 21 (#0)
*   Trying 74.112.186.81... connected
* Connected to ftp.box.com (74.112.186.81) port 21 (#0)
< 220 Service ready for new user.
> AUTH SSL
< 234 Command AUTH okay; starting SSL connection.
* Initializing NSS with certpath: sql:/etc/pki/nssdb
*   CAfile: /etc/pki/tls/certs/ca-bundle.crt
  CApath: none
* SSL connection using TLS_RSA_WITH_AES_128_CBC_SHA
* Server certificate:
* 	subject: CN=*.box.com,O="Box, Inc.",L=Los Altos,ST=California,C=US
* 	start date: Nov 13 19:22:20 2014 GMT
* 	expire date: Oct 23 02:42:03 2017 GMT
* 	common name: *.box.com
* 	issuer: CN=GeoTrust SSL CA - G4,O=GeoTrust Inc.,C=US
> USER mouginot@wisc.edu
< 331 User name okay, need password for mouginot@wisc.edu.
> PASS line150782
< 230 User logged in, proceed.
> PBSZ 0
< 200 Command PBSZ okay.
> PROT P
< 200 Command PROT okay.
> PWD
< 257 "/" is current directory.
* Entry path is '/'
> CWD MODEL_DATA
< 250 Directory changed to /MODEL_DATA
> CWD PWR_TRU_MOX_PSPEC
< 250 Directory changed to /MODEL_DATA/PWR_TRU_MOX_PSPEC
> CWD 1000
< 250 Directory changed to /MODEL_DATA/PWR_TRU_MOX_PSPEC/1000
> PASV
* Connect data stream passively
< 227 Entering Passive Mode (74,112,186,81,46,84)
* Skips 74.112.186.81 for data connection, uses 74.112.186.81 instead
*   Trying 74.112.186.81... connected
* Connecting to 74.112.186.81 (74.112.186.81) port 11860
> TYPE I
< 200 Command TYPE okay.
> STOR 0_raw.tar.gz
< 150 File status okay; about to open data connection.
* Doing the SSL/TLS handshake on the data stream
*   CAfile: /etc/pki/tls/certs/ca-bundle.crt
  CApath: none
* SSL connection using TLS_RSA_WITH_AES_128_CBC_SHA
* Server certificate:
* 	subject: CN=*.box.com,O="Box, Inc.",L=Los Altos,ST=California,C=US
* 	start date: Nov 13 19:22:20 2014 GMT
* 	expire date: Oct 23 02:42:03 2017 GMT
* 	common name: *.box.com
* 	issuer: CN=GeoTrust SSL CA - G4,O=GeoTrust Inc.,C=US
} [data not shown]
  % Total    % Received % Xferd  Average Speed   Time    Time     Time  Current
                                 Dload  Upload   Total   Spent    Left  Speed
  0 43.6M    0     0    0 16384      0   3508  3:37:14  0:00:04  3:37:10  3508  0 43.6M    0     0    0 81920      0  16931  0:45:00  0:00:04  0:44:56  378k  4 43.6M    0     0    4 2016k      0   344k  0:02:09  0:00:05  0:02:04 1694k 21 43.6M    0     0   21 9568k      0  1406k  0:00:31  0:00:06  0:00:25 4474k 64 43.6M    0     0   64 28.2M      0  3697k  0:00:12  0:00:07  0:00:05 9179k* Remembering we are in dir "MODEL_DATA/PWR_TRU_MOX_PSPEC/1000/"
< 226 Transfer complete.
100 43.6M    0     0  100 43.6M      0  4786k  0:00:09  0:00:09 --:--:-- 9578k* Connection #0 to host ftp.box.com left intact

> QUIT
< 221 Goodbye.
* Closing connection #0
