ERROR in MURE::BuildXSDIR()
	 Some nuclei have troubles, see transcript U5_0.17_8_81_P6_0.45_8_0.33_9_8.3_0_5.1_1_0.49_2_1.3_A1_2.7_P_31/inp000.err for more details.
ERROR in MURE::BuildMCNPFile
	 Some nuclei have troubles, see transcript U5_0.17_8_81_P6_0.45_8_0.33_9_8.3_0_5.1_1_0.49_2_1.3_A1_2.7_P_31/inp000.err for more details.
ERROR in MURE::WriteMaterial(ostream &Out)
	 Some nuclei have troubles, see transcript U5_0.17_8_81_P6_0.45_8_0.33_9_8.3_0_5.1_1_0.49_2_1.3_A1_2.7_P_31/inp000.err for more details.
ERROR in MURE::BuildMCNPFile
	 Some nuclei have troubles, see transcript U5_0.17_8_81_P6_0.45_8_0.33_9_8.3_0_5.1_1_0.49_2_1.3_A1_2.7_P_31/inp001.err for more details.
ERROR in MURE::WriteMaterial(ostream &Out)
	 Some nuclei have troubles, see transcript U5_0.17_8_81_P6_0.45_8_0.33_9_8.3_0_5.1_1_0.49_2_1.3_A1_2.7_P_31/inp001.err for more details.
ERROR in MURE::BuildMCNPFile
	 Some nuclei have troubles, see transcript U5_0.17_8_81_P6_0.45_8_0.33_9_8.3_0_5.1_1_0.49_2_1.3_A1_2.7_P_31/inp002.err for more details.
ERROR in MURE::WriteMaterial(ostream &Out)
	 Some nuclei have troubles, see transcript U5_0.17_8_81_P6_0.45_8_0.33_9_8.3_0_5.1_1_0.49_2_1.3_A1_2.7_P_31/inp002.err for more details.
ERROR in MURE::BuildMCNPFile
	 Some nuclei have troubles, see transcript U5_0.17_8_81_P6_0.45_8_0.33_9_8.3_0_5.1_1_0.49_2_1.3_A1_2.7_P_31/inp003.err for more details.
ERROR in MURE::WriteMaterial(ostream &Out)
	 Some nuclei have troubles, see transcript U5_0.17_8_81_P6_0.45_8_0.33_9_8.3_0_5.1_1_0.49_2_1.3_A1_2.7_P_31/inp003.err for more details.
ERROR in MURE::BuildMCNPFile
	 Some nuclei have troubles, see transcript U5_0.17_8_81_P6_0.45_8_0.33_9_8.3_0_5.1_1_0.49_2_1.3_A1_2.7_P_31/inp004.err for more details.
ERROR in MURE::WriteMaterial(ostream &Out)
	 Some nuclei have troubles, see transcript U5_0.17_8_81_P6_0.45_8_0.33_9_8.3_0_5.1_1_0.49_2_1.3_A1_2.7_P_31/inp004.err for more details.
ERROR in MURE::BuildMCNPFile
	 Some nuclei have troubles, see transcript U5_0.17_8_81_P6_0.45_8_0.33_9_8.3_0_5.1_1_0.49_2_1.3_A1_2.7_P_31/inp005.err for more details.
ERROR in MURE::WriteMaterial(ostream &Out)
	 Some nuclei have troubles, see transcript U5_0.17_8_81_P6_0.45_8_0.33_9_8.3_0_5.1_1_0.49_2_1.3_A1_2.7_P_31/inp005.err for more details.
ERROR in MURE::BuildMCNPFile
	 Some nuclei have troubles, see transcript U5_0.17_8_81_P6_0.45_8_0.33_9_8.3_0_5.1_1_0.49_2_1.3_A1_2.7_P_31/inp006.err for more details.
ERROR in MURE::WriteMaterial(ostream &Out)
	 Some nuclei have troubles, see transcript U5_0.17_8_81_P6_0.45_8_0.33_9_8.3_0_5.1_1_0.49_2_1.3_A1_2.7_P_31/inp006.err for more details.
ERROR in MURE::BuildMCNPFile
	 Some nuclei have troubles, see transcript U5_0.17_8_81_P6_0.45_8_0.33_9_8.3_0_5.1_1_0.49_2_1.3_A1_2.7_P_31/inp007.err for more details.
ERROR in MURE::WriteMaterial(ostream &Out)
	 Some nuclei have troubles, see transcript U5_0.17_8_81_P6_0.45_8_0.33_9_8.3_0_5.1_1_0.49_2_1.3_A1_2.7_P_31/inp007.err for more details.
ERROR in MURE::BuildMCNPFile
	 Some nuclei have troubles, see transcript U5_0.17_8_81_P6_0.45_8_0.33_9_8.3_0_5.1_1_0.49_2_1.3_A1_2.7_P_31/inp008.err for more details.
ERROR in MURE::WriteMaterial(ostream &Out)
	 Some nuclei have troubles, see transcript U5_0.17_8_81_P6_0.45_8_0.33_9_8.3_0_5.1_1_0.49_2_1.3_A1_2.7_P_31/inp008.err for more details.
ERROR in MURE::BuildMCNPFile
	 Some nuclei have troubles, see transcript U5_0.17_8_81_P6_0.45_8_0.33_9_8.3_0_5.1_1_0.49_2_1.3_A1_2.7_P_31/inp009.err for more details.
ERROR in MURE::WriteMaterial(ostream &Out)
	 Some nuclei have troubles, see transcript U5_0.17_8_81_P6_0.45_8_0.33_9_8.3_0_5.1_1_0.49_2_1.3_A1_2.7_P_31/inp009.err for more details.
ERROR in MURE::BuildMCNPFile
	 Some nuclei have troubles, see transcript U5_0.17_8_81_P6_0.45_8_0.33_9_8.3_0_5.1_1_0.49_2_1.3_A1_2.7_P_31/inp010.err for more details.
ERROR in MURE::WriteMaterial(ostream &Out)
	 Some nuclei have troubles, see transcript U5_0.17_8_81_P6_0.45_8_0.33_9_8.3_0_5.1_1_0.49_2_1.3_A1_2.7_P_31/inp010.err for more details.
ERROR in MURE::BuildMCNPFile
	 Some nuclei have troubles, see transcript U5_0.17_8_81_P6_0.45_8_0.33_9_8.3_0_5.1_1_0.49_2_1.3_A1_2.7_P_31/inp011.err for more details.
ERROR in MURE::WriteMaterial(ostream &Out)
	 Some nuclei have troubles, see transcript U5_0.17_8_81_P6_0.45_8_0.33_9_8.3_0_5.1_1_0.49_2_1.3_A1_2.7_P_31/inp011.err for more details.
ERROR in MURE::BuildMCNPFile
	 Some nuclei have troubles, see transcript U5_0.17_8_81_P6_0.45_8_0.33_9_8.3_0_5.1_1_0.49_2_1.3_A1_2.7_P_31/inp012.err for more details.
ERROR in MURE::WriteMaterial(ostream &Out)
	 Some nuclei have troubles, see transcript U5_0.17_8_81_P6_0.45_8_0.33_9_8.3_0_5.1_1_0.49_2_1.3_A1_2.7_P_31/inp012.err for more details.
ERROR in MURE::BuildMCNPFile
	 Some nuclei have troubles, see transcript U5_0.17_8_81_P6_0.45_8_0.33_9_8.3_0_5.1_1_0.49_2_1.3_A1_2.7_P_31/inp013.err for more details.
ERROR in MURE::WriteMaterial(ostream &Out)
	 Some nuclei have troubles, see transcript U5_0.17_8_81_P6_0.45_8_0.33_9_8.3_0_5.1_1_0.49_2_1.3_A1_2.7_P_31/inp013.err for more details.
ERROR in MURE::BuildMCNPFile
	 Some nuclei have troubles, see transcript U5_0.17_8_81_P6_0.45_8_0.33_9_8.3_0_5.1_1_0.49_2_1.3_A1_2.7_P_31/inp014.err for more details.
ERROR in MURE::WriteMaterial(ostream &Out)
	 Some nuclei have troubles, see transcript U5_0.17_8_81_P6_0.45_8_0.33_9_8.3_0_5.1_1_0.49_2_1.3_A1_2.7_P_31/inp014.err for more details.
ERROR in MURE::BuildMCNPFile
	 Some nuclei have troubles, see transcript U5_0.17_8_81_P6_0.45_8_0.33_9_8.3_0_5.1_1_0.49_2_1.3_A1_2.7_P_31/inp015.err for more details.
ERROR in MURE::WriteMaterial(ostream &Out)
	 Some nuclei have troubles, see transcript U5_0.17_8_81_P6_0.45_8_0.33_9_8.3_0_5.1_1_0.49_2_1.3_A1_2.7_P_31/inp015.err for more details.
ERROR in MURE::BuildMCNPFile
	 Some nuclei have troubles, see transcript U5_0.17_8_81_P6_0.45_8_0.33_9_8.3_0_5.1_1_0.49_2_1.3_A1_2.7_P_31/inp016.err for more details.
ERROR in MURE::WriteMaterial(ostream &Out)
	 Some nuclei have troubles, see transcript U5_0.17_8_81_P6_0.45_8_0.33_9_8.3_0_5.1_1_0.49_2_1.3_A1_2.7_P_31/inp016.err for more details.
ERROR in MURE::BuildMCNPFile
	 Some nuclei have troubles, see transcript U5_0.17_8_81_P6_0.45_8_0.33_9_8.3_0_5.1_1_0.49_2_1.3_A1_2.7_P_31/inp017.err for more details.
ERROR in MURE::WriteMaterial(ostream &Out)
	 Some nuclei have troubles, see transcript U5_0.17_8_81_P6_0.45_8_0.33_9_8.3_0_5.1_1_0.49_2_1.3_A1_2.7_P_31/inp017.err for more details.
ERROR in MURE::BuildMCNPFile
	 Some nuclei have troubles, see transcript U5_0.17_8_81_P6_0.45_8_0.33_9_8.3_0_5.1_1_0.49_2_1.3_A1_2.7_P_31/inp018.err for more details.
ERROR in MURE::WriteMaterial(ostream &Out)
	 Some nuclei have troubles, see transcript U5_0.17_8_81_P6_0.45_8_0.33_9_8.3_0_5.1_1_0.49_2_1.3_A1_2.7_P_31/inp018.err for more details.
ERROR in MURE::BuildMCNPFile
	 Some nuclei have troubles, see transcript U5_0.17_8_81_P6_0.45_8_0.33_9_8.3_0_5.1_1_0.49_2_1.3_A1_2.7_P_31/inp019.err for more details.
ERROR in MURE::WriteMaterial(ostream &Out)
	 Some nuclei have troubles, see transcript U5_0.17_8_81_P6_0.45_8_0.33_9_8.3_0_5.1_1_0.49_2_1.3_A1_2.7_P_31/inp019.err for more details.
ERROR in MURE::BuildMCNPFile
	 Some nuclei have troubles, see transcript U5_0.17_8_81_P6_0.45_8_0.33_9_8.3_0_5.1_1_0.49_2_1.3_A1_2.7_P_31/inp020.err for more details.
ERROR in MURE::WriteMaterial(ostream &Out)
	 Some nuclei have troubles, see transcript U5_0.17_8_81_P6_0.45_8_0.33_9_8.3_0_5.1_1_0.49_2_1.3_A1_2.7_P_31/inp020.err for more details.
ERROR in MURE::BuildMCNPFile
	 Some nuclei have troubles, see transcript U5_0.17_8_81_P6_0.45_8_0.33_9_8.3_0_5.1_1_0.49_2_1.3_A1_2.7_P_31/inp021.err for more details.
ERROR in MURE::WriteMaterial(ostream &Out)
	 Some nuclei have troubles, see transcript U5_0.17_8_81_P6_0.45_8_0.33_9_8.3_0_5.1_1_0.49_2_1.3_A1_2.7_P_31/inp021.err for more details.
ERROR in MURE::BuildMCNPFile
	 Some nuclei have troubles, see transcript U5_0.17_8_81_P6_0.45_8_0.33_9_8.3_0_5.1_1_0.49_2_1.3_A1_2.7_P_31/inp022.err for more details.
ERROR in MURE::WriteMaterial(ostream &Out)
	 Some nuclei have troubles, see transcript U5_0.17_8_81_P6_0.45_8_0.33_9_8.3_0_5.1_1_0.49_2_1.3_A1_2.7_P_31/inp022.err for more details.
ERROR in MURE::BuildMCNPFile
	 Some nuclei have troubles, see transcript U5_0.17_8_81_P6_0.45_8_0.33_9_8.3_0_5.1_1_0.49_2_1.3_A1_2.7_P_31/inp023.err for more details.
ERROR in MURE::WriteMaterial(ostream &Out)
	 Some nuclei have troubles, see transcript U5_0.17_8_81_P6_0.45_8_0.33_9_8.3_0_5.1_1_0.49_2_1.3_A1_2.7_P_31/inp023.err for more details.
ERROR in MURE::BuildMCNPFile
	 Some nuclei have troubles, see transcript U5_0.17_8_81_P6_0.45_8_0.33_9_8.3_0_5.1_1_0.49_2_1.3_A1_2.7_P_31/inp024.err for more details.
ERROR in MURE::WriteMaterial(ostream &Out)
	 Some nuclei have troubles, see transcript U5_0.17_8_81_P6_0.45_8_0.33_9_8.3_0_5.1_1_0.49_2_1.3_A1_2.7_P_31/inp024.err for more details.
ERROR in MURE::BuildMCNPFile
	 Some nuclei have troubles, see transcript U5_0.17_8_81_P6_0.45_8_0.33_9_8.3_0_5.1_1_0.49_2_1.3_A1_2.7_P_31/inp025.err for more details.
ERROR in MURE::WriteMaterial(ostream &Out)
	 Some nuclei have troubles, see transcript U5_0.17_8_81_P6_0.45_8_0.33_9_8.3_0_5.1_1_0.49_2_1.3_A1_2.7_P_31/inp025.err for more details.
ERROR in MURE::BuildMCNPFile
	 Some nuclei have troubles, see transcript U5_0.17_8_81_P6_0.45_8_0.33_9_8.3_0_5.1_1_0.49_2_1.3_A1_2.7_P_31/inp026.err for more details.
ERROR in MURE::WriteMaterial(ostream &Out)
	 Some nuclei have troubles, see transcript U5_0.17_8_81_P6_0.45_8_0.33_9_8.3_0_5.1_1_0.49_2_1.3_A1_2.7_P_31/inp026.err for more details.
ERROR in MURE::BuildMCNPFile
	 Some nuclei have troubles, see transcript U5_0.17_8_81_P6_0.45_8_0.33_9_8.3_0_5.1_1_0.49_2_1.3_A1_2.7_P_31/inp027.err for more details.
ERROR in MURE::WriteMaterial(ostream &Out)
	 Some nuclei have troubles, see transcript U5_0.17_8_81_P6_0.45_8_0.33_9_8.3_0_5.1_1_0.49_2_1.3_A1_2.7_P_31/inp027.err for more details.
ERROR in MURE::BuildMCNPFile
	 Some nuclei have troubles, see transcript U5_0.17_8_81_P6_0.45_8_0.33_9_8.3_0_5.1_1_0.49_2_1.3_A1_2.7_P_31/inp028.err for more details.
ERROR in MURE::WriteMaterial(ostream &Out)
	 Some nuclei have troubles, see transcript U5_0.17_8_81_P6_0.45_8_0.33_9_8.3_0_5.1_1_0.49_2_1.3_A1_2.7_P_31/inp028.err for more details.
ERROR in MURE::BuildMCNPFile
	 Some nuclei have troubles, see transcript U5_0.17_8_81_P6_0.45_8_0.33_9_8.3_0_5.1_1_0.49_2_1.3_A1_2.7_P_31/inp029.err for more details.
ERROR in MURE::WriteMaterial(ostream &Out)
	 Some nuclei have troubles, see transcript U5_0.17_8_81_P6_0.45_8_0.33_9_8.3_0_5.1_1_0.49_2_1.3_A1_2.7_P_31/inp029.err for more details.
ERROR in MURE::BuildMCNPFile
	 Some nuclei have troubles, see transcript U5_0.17_8_81_P6_0.45_8_0.33_9_8.3_0_5.1_1_0.49_2_1.3_A1_2.7_P_31/inp030.err for more details.
ERROR in MURE::WriteMaterial(ostream &Out)
	 Some nuclei have troubles, see transcript U5_0.17_8_81_P6_0.45_8_0.33_9_8.3_0_5.1_1_0.49_2_1.3_A1_2.7_P_31/inp030.err for more details.
ERROR in MURE::BuildMCNPFile
	 Some nuclei have troubles, see transcript U5_0.17_8_81_P6_0.45_8_0.33_9_8.3_0_5.1_1_0.49_2_1.3_A1_2.7_P_31/inp031.err for more details.
ERROR in MURE::WriteMaterial(ostream &Out)
	 Some nuclei have troubles, see transcript U5_0.17_8_81_P6_0.45_8_0.33_9_8.3_0_5.1_1_0.49_2_1.3_A1_2.7_P_31/inp031.err for more details.
ERROR in MURE::BuildMCNPFile
	 Some nuclei have troubles, see transcript U5_0.17_8_81_P6_0.45_8_0.33_9_8.3_0_5.1_1_0.49_2_1.3_A1_2.7_P_31/inp032.err for more details.
ERROR in MURE::WriteMaterial(ostream &Out)
	 Some nuclei have troubles, see transcript U5_0.17_8_81_P6_0.45_8_0.33_9_8.3_0_5.1_1_0.49_2_1.3_A1_2.7_P_31/inp032.err for more details.
ERROR in MURE::BuildMCNPFile
	 Some nuclei have troubles, see transcript U5_0.17_8_81_P6_0.45_8_0.33_9_8.3_0_5.1_1_0.49_2_1.3_A1_2.7_P_31/inp033.err for more details.
ERROR in MURE::WriteMaterial(ostream &Out)
	 Some nuclei have troubles, see transcript U5_0.17_8_81_P6_0.45_8_0.33_9_8.3_0_5.1_1_0.49_2_1.3_A1_2.7_P_31/inp033.err for more details.
ERROR in MURE::BuildMCNPFile
	 Some nuclei have troubles, see transcript U5_0.17_8_81_P6_0.45_8_0.33_9_8.3_0_5.1_1_0.49_2_1.3_A1_2.7_P_31/inp034.err for more details.
ERROR in MURE::WriteMaterial(ostream &Out)
	 Some nuclei have troubles, see transcript U5_0.17_8_81_P6_0.45_8_0.33_9_8.3_0_5.1_1_0.49_2_1.3_A1_2.7_P_31/inp034.err for more details.
ERROR in MURE::BuildMCNPFile
	 Some nuclei have troubles, see transcript U5_0.17_8_81_P6_0.45_8_0.33_9_8.3_0_5.1_1_0.49_2_1.3_A1_2.7_P_31/inp035.err for more details.
ERROR in MURE::WriteMaterial(ostream &Out)
	 Some nuclei have troubles, see transcript U5_0.17_8_81_P6_0.45_8_0.33_9_8.3_0_5.1_1_0.49_2_1.3_A1_2.7_P_31/inp035.err for more details.
ERROR in MURE::BuildMCNPFile
	 Some nuclei have troubles, see transcript U5_0.17_8_81_P6_0.45_8_0.33_9_8.3_0_5.1_1_0.49_2_1.3_A1_2.7_P_31/inp036.err for more details.
ERROR in MURE::WriteMaterial(ostream &Out)
	 Some nuclei have troubles, see transcript U5_0.17_8_81_P6_0.45_8_0.33_9_8.3_0_5.1_1_0.49_2_1.3_A1_2.7_P_31/inp036.err for more details.
ERROR in MURE::BuildMCNPFile
	 Some nuclei have troubles, see transcript U5_0.17_8_81_P6_0.45_8_0.33_9_8.3_0_5.1_1_0.49_2_1.3_A1_2.7_P_31/inp037.err for more details.
ERROR in MURE::WriteMaterial(ostream &Out)
	 Some nuclei have troubles, see transcript U5_0.17_8_81_P6_0.45_8_0.33_9_8.3_0_5.1_1_0.49_2_1.3_A1_2.7_P_31/inp037.err for more details.
ERROR in MURE::BuildMCNPFile
	 Some nuclei have troubles, see transcript U5_0.17_8_81_P6_0.45_8_0.33_9_8.3_0_5.1_1_0.49_2_1.3_A1_2.7_P_31/inp038.err for more details.
ERROR in MURE::WriteMaterial(ostream &Out)
	 Some nuclei have troubles, see transcript U5_0.17_8_81_P6_0.45_8_0.33_9_8.3_0_5.1_1_0.49_2_1.3_A1_2.7_P_31/inp038.err for more details.
ERROR in MURE::BuildMCNPFile
	 Some nuclei have troubles, see transcript U5_0.17_8_81_P6_0.45_8_0.33_9_8.3_0_5.1_1_0.49_2_1.3_A1_2.7_P_31/inp039.err for more details.
ERROR in MURE::WriteMaterial(ostream &Out)
	 Some nuclei have troubles, see transcript U5_0.17_8_81_P6_0.45_8_0.33_9_8.3_0_5.1_1_0.49_2_1.3_A1_2.7_P_31/inp039.err for more details.
ERROR in MURE::BuildMCNPFile
	 Some nuclei have troubles, see transcript U5_0.17_8_81_P6_0.45_8_0.33_9_8.3_0_5.1_1_0.49_2_1.3_A1_2.7_P_31/inp040.err for more details.
ERROR in MURE::WriteMaterial(ostream &Out)
	 Some nuclei have troubles, see transcript U5_0.17_8_81_P6_0.45_8_0.33_9_8.3_0_5.1_1_0.49_2_1.3_A1_2.7_P_31/inp040.err for more details.
ERROR in MURE::BuildMCNPFile
	 Some nuclei have troubles, see transcript U5_0.17_8_81_P6_0.45_8_0.33_9_8.3_0_5.1_1_0.49_2_1.3_A1_2.7_P_31/inp041.err for more details.
ERROR in MURE::WriteMaterial(ostream &Out)
	 Some nuclei have troubles, see transcript U5_0.17_8_81_P6_0.45_8_0.33_9_8.3_0_5.1_1_0.49_2_1.3_A1_2.7_P_31/inp041.err for more details.
ERROR in MURE::BuildMCNPFile
	 Some nuclei have troubles, see transcript U5_0.17_8_81_P6_0.45_8_0.33_9_8.3_0_5.1_1_0.49_2_1.3_A1_2.7_P_31/inp042.err for more details.
ERROR in MURE::WriteMaterial(ostream &Out)
	 Some nuclei have troubles, see transcript U5_0.17_8_81_P6_0.45_8_0.33_9_8.3_0_5.1_1_0.49_2_1.3_A1_2.7_P_31/inp042.err for more details.
ERROR in MURE::BuildMCNPFile
	 Some nuclei have troubles, see transcript U5_0.17_8_81_P6_0.45_8_0.33_9_8.3_0_5.1_1_0.49_2_1.3_A1_2.7_P_31/inp043.err for more details.
ERROR in MURE::WriteMaterial(ostream &Out)
	 Some nuclei have troubles, see transcript U5_0.17_8_81_P6_0.45_8_0.33_9_8.3_0_5.1_1_0.49_2_1.3_A1_2.7_P_31/inp043.err for more details.
ERROR in MURE::BuildMCNPFile
	 Some nuclei have troubles, see transcript U5_0.17_8_81_P6_0.45_8_0.33_9_8.3_0_5.1_1_0.49_2_1.3_A1_2.7_P_31/inp044.err for more details.
ERROR in MURE::WriteMaterial(ostream &Out)
	 Some nuclei have troubles, see transcript U5_0.17_8_81_P6_0.45_8_0.33_9_8.3_0_5.1_1_0.49_2_1.3_A1_2.7_P_31/inp044.err for more details.
ERROR in MURE::BuildMCNPFile
	 Some nuclei have troubles, see transcript U5_0.17_8_81_P6_0.45_8_0.33_9_8.3_0_5.1_1_0.49_2_1.3_A1_2.7_P_31/inp045.err for more details.
ERROR in MURE::WriteMaterial(ostream &Out)
	 Some nuclei have troubles, see transcript U5_0.17_8_81_P6_0.45_8_0.33_9_8.3_0_5.1_1_0.49_2_1.3_A1_2.7_P_31/inp045.err for more details.
ERROR in MURE::BuildMCNPFile
	 Some nuclei have troubles, see transcript U5_0.17_8_81_P6_0.45_8_0.33_9_8.3_0_5.1_1_0.49_2_1.3_A1_2.7_P_31/inp046.err for more details.
ERROR in MURE::WriteMaterial(ostream &Out)
	 Some nuclei have troubles, see transcript U5_0.17_8_81_P6_0.45_8_0.33_9_8.3_0_5.1_1_0.49_2_1.3_A1_2.7_P_31/inp046.err for more details.
ERROR in MURE::BuildMCNPFile
	 Some nuclei have troubles, see transcript U5_0.17_8_81_P6_0.45_8_0.33_9_8.3_0_5.1_1_0.49_2_1.3_A1_2.7_P_31/inp047.err for more details.
ERROR in MURE::WriteMaterial(ostream &Out)
	 Some nuclei have troubles, see transcript U5_0.17_8_81_P6_0.45_8_0.33_9_8.3_0_5.1_1_0.49_2_1.3_A1_2.7_P_31/inp047.err for more details.
ERROR in MURE::BuildMCNPFile
	 Some nuclei have troubles, see transcript U5_0.17_8_81_P6_0.45_8_0.33_9_8.3_0_5.1_1_0.49_2_1.3_A1_2.7_P_31/inp048.err for more details.
ERROR in MURE::WriteMaterial(ostream &Out)
	 Some nuclei have troubles, see transcript U5_0.17_8_81_P6_0.45_8_0.33_9_8.3_0_5.1_1_0.49_2_1.3_A1_2.7_P_31/inp048.err for more details.
ERROR in MURE::BuildMCNPFile
	 Some nuclei have troubles, see transcript U5_0.17_8_81_P6_0.45_8_0.33_9_8.3_0_5.1_1_0.49_2_1.3_A1_2.7_P_31/inp049.err for more details.
ERROR in MURE::WriteMaterial(ostream &Out)
	 Some nuclei have troubles, see transcript U5_0.17_8_81_P6_0.45_8_0.33_9_8.3_0_5.1_1_0.49_2_1.3_A1_2.7_P_31/inp049.err for more details.
ERROR in MURE::BuildMCNPFile
	 Some nuclei have troubles, see transcript U5_0.17_8_81_P6_0.45_8_0.33_9_8.3_0_5.1_1_0.49_2_1.3_A1_2.7_P_31/inp050.err for more details.
ERROR in MURE::WriteMaterial(ostream &Out)
	 Some nuclei have troubles, see transcript U5_0.17_8_81_P6_0.45_8_0.33_9_8.3_0_5.1_1_0.49_2_1.3_A1_2.7_P_31/inp050.err for more details.
ERROR in MURE::BuildMCNPFile
	 Some nuclei have troubles, see transcript U5_0.17_8_81_P6_0.45_8_0.33_9_8.3_0_5.1_1_0.49_2_1.3_A1_2.7_P_31/inp051.err for more details.
ERROR in MURE::WriteMaterial(ostream &Out)
	 Some nuclei have troubles, see transcript U5_0.17_8_81_P6_0.45_8_0.33_9_8.3_0_5.1_1_0.49_2_1.3_A1_2.7_P_31/inp051.err for more details.
ERROR in MURE::BuildMCNPFile
	 Some nuclei have troubles, see transcript U5_0.17_8_81_P6_0.45_8_0.33_9_8.3_0_5.1_1_0.49_2_1.3_A1_2.7_P_31/inp052.err for more details.
ERROR in MURE::WriteMaterial(ostream &Out)
	 Some nuclei have troubles, see transcript U5_0.17_8_81_P6_0.45_8_0.33_9_8.3_0_5.1_1_0.49_2_1.3_A1_2.7_P_31/inp052.err for more details.
ERROR in MURE::BuildMCNPFile
	 Some nuclei have troubles, see transcript U5_0.17_8_81_P6_0.45_8_0.33_9_8.3_0_5.1_1_0.49_2_1.3_A1_2.7_P_31/inp053.err for more details.
ERROR in MURE::WriteMaterial(ostream &Out)
	 Some nuclei have troubles, see transcript U5_0.17_8_81_P6_0.45_8_0.33_9_8.3_0_5.1_1_0.49_2_1.3_A1_2.7_P_31/inp053.err for more details.
ERROR in MURE::BuildMCNPFile
	 Some nuclei have troubles, see transcript U5_0.17_8_81_P6_0.45_8_0.33_9_8.3_0_5.1_1_0.49_2_1.3_A1_2.7_P_31/inp054.err for more details.
ERROR in MURE::WriteMaterial(ostream &Out)
	 Some nuclei have troubles, see transcript U5_0.17_8_81_P6_0.45_8_0.33_9_8.3_0_5.1_1_0.49_2_1.3_A1_2.7_P_31/inp054.err for more details.
ERROR in MURE::BuildMCNPFile
	 Some nuclei have troubles, see transcript U5_0.17_8_81_P6_0.45_8_0.33_9_8.3_0_5.1_1_0.49_2_1.3_A1_2.7_P_31/inp055.err for more details.
ERROR in MURE::WriteMaterial(ostream &Out)
	 Some nuclei have troubles, see transcript U5_0.17_8_81_P6_0.45_8_0.33_9_8.3_0_5.1_1_0.49_2_1.3_A1_2.7_P_31/inp055.err for more details.
ERROR in MURE::BuildMCNPFile
	 Some nuclei have troubles, see transcript U5_0.17_8_81_P6_0.45_8_0.33_9_8.3_0_5.1_1_0.49_2_1.3_A1_2.7_P_31/inp056.err for more details.
ERROR in MURE::WriteMaterial(ostream &Out)
	 Some nuclei have troubles, see transcript U5_0.17_8_81_P6_0.45_8_0.33_9_8.3_0_5.1_1_0.49_2_1.3_A1_2.7_P_31/inp056.err for more details.
ERROR in MURE::BuildMCNPFile
	 Some nuclei have troubles, see transcript U5_0.17_8_81_P6_0.45_8_0.33_9_8.3_0_5.1_1_0.49_2_1.3_A1_2.7_P_31/inp057.err for more details.
ERROR in MURE::WriteMaterial(ostream &Out)
	 Some nuclei have troubles, see transcript U5_0.17_8_81_P6_0.45_8_0.33_9_8.3_0_5.1_1_0.49_2_1.3_A1_2.7_P_31/inp057.err for more details.
ERROR in MURE::BuildMCNPFile
	 Some nuclei have troubles, see transcript U5_0.17_8_81_P6_0.45_8_0.33_9_8.3_0_5.1_1_0.49_2_1.3_A1_2.7_P_31/inp058.err for more details.
ERROR in MURE::WriteMaterial(ostream &Out)
	 Some nuclei have troubles, see transcript U5_0.17_8_81_P6_0.45_8_0.33_9_8.3_0_5.1_1_0.49_2_1.3_A1_2.7_P_31/inp058.err for more details.
ERROR in MURE::BuildMCNPFile
	 Some nuclei have troubles, see transcript U5_0.17_8_81_P6_0.45_8_0.33_9_8.3_0_5.1_1_0.49_2_1.3_A1_2.7_P_31/inp059.err for more details.
ERROR in MURE::WriteMaterial(ostream &Out)
	 Some nuclei have troubles, see transcript U5_0.17_8_81_P6_0.45_8_0.33_9_8.3_0_5.1_1_0.49_2_1.3_A1_2.7_P_31/inp059.err for more details.
ERROR in MURE::BuildMCNPFile
	 Some nuclei have troubles, see transcript U5_0.17_8_81_P6_0.45_8_0.33_9_8.3_0_5.1_1_0.49_2_1.3_A1_2.7_P_31/inp060.err for more details.
ERROR in MURE::WriteMaterial(ostream &Out)
	 Some nuclei have troubles, see transcript U5_0.17_8_81_P6_0.45_8_0.33_9_8.3_0_5.1_1_0.49_2_1.3_A1_2.7_P_31/inp060.err for more details.
ERROR in MURE::BuildMCNPFile
	 Some nuclei have troubles, see transcript U5_0.17_8_81_P6_0.45_8_0.33_9_8.3_0_5.1_1_0.49_2_1.3_A1_2.7_P_31/inp061.err for more details.
ERROR in MURE::WriteMaterial(ostream &Out)
	 Some nuclei have troubles, see transcript U5_0.17_8_81_P6_0.45_8_0.33_9_8.3_0_5.1_1_0.49_2_1.3_A1_2.7_P_31/inp061.err for more details.
ERROR in MURE::BuildMCNPFile
	 Some nuclei have troubles, see transcript U5_0.17_8_81_P6_0.45_8_0.33_9_8.3_0_5.1_1_0.49_2_1.3_A1_2.7_P_31/inp062.err for more details.
ERROR in MURE::WriteMaterial(ostream &Out)
	 Some nuclei have troubles, see transcript U5_0.17_8_81_P6_0.45_8_0.33_9_8.3_0_5.1_1_0.49_2_1.3_A1_2.7_P_31/inp062.err for more details.
ERROR in MURE::BuildMCNPFile
	 Some nuclei have troubles, see transcript U5_0.17_8_81_P6_0.45_8_0.33_9_8.3_0_5.1_1_0.49_2_1.3_A1_2.7_P_31/inp063.err for more details.
ERROR in MURE::WriteMaterial(ostream &Out)
	 Some nuclei have troubles, see transcript U5_0.17_8_81_P6_0.45_8_0.33_9_8.3_0_5.1_1_0.49_2_1.3_A1_2.7_P_31/inp063.err for more details.
ERROR in MURE::BuildMCNPFile
	 Some nuclei have troubles, see transcript U5_0.17_8_81_P6_0.45_8_0.33_9_8.3_0_5.1_1_0.49_2_1.3_A1_2.7_P_31/inp064.err for more details.
ERROR in MURE::WriteMaterial(ostream &Out)
	 Some nuclei have troubles, see transcript U5_0.17_8_81_P6_0.45_8_0.33_9_8.3_0_5.1_1_0.49_2_1.3_A1_2.7_P_31/inp064.err for more details.
ERROR in MURE::BuildMCNPFile
	 Some nuclei have troubles, see transcript U5_0.17_8_81_P6_0.45_8_0.33_9_8.3_0_5.1_1_0.49_2_1.3_A1_2.7_P_31/inp065.err for more details.
ERROR in MURE::WriteMaterial(ostream &Out)
	 Some nuclei have troubles, see transcript U5_0.17_8_81_P6_0.45_8_0.33_9_8.3_0_5.1_1_0.49_2_1.3_A1_2.7_P_31/inp065.err for more details.
ERROR in MURE::BuildMCNPFile
	 Some nuclei have troubles, see transcript U5_0.17_8_81_P6_0.45_8_0.33_9_8.3_0_5.1_1_0.49_2_1.3_A1_2.7_P_31/inp066.err for more details.
ERROR in MURE::WriteMaterial(ostream &Out)
	 Some nuclei have troubles, see transcript U5_0.17_8_81_P6_0.45_8_0.33_9_8.3_0_5.1_1_0.49_2_1.3_A1_2.7_P_31/inp066.err for more details.
ERROR in MURE::BuildMCNPFile
	 Some nuclei have troubles, see transcript U5_0.17_8_81_P6_0.45_8_0.33_9_8.3_0_5.1_1_0.49_2_1.3_A1_2.7_P_31/inp067.err for more details.
ERROR in MURE::WriteMaterial(ostream &Out)
	 Some nuclei have troubles, see transcript U5_0.17_8_81_P6_0.45_8_0.33_9_8.3_0_5.1_1_0.49_2_1.3_A1_2.7_P_31/inp067.err for more details.
ERROR in MURE::BuildMCNPFile
	 Some nuclei have troubles, see transcript U5_0.17_8_81_P6_0.45_8_0.33_9_8.3_0_5.1_1_0.49_2_1.3_A1_2.7_P_31/inp068.err for more details.
ERROR in MURE::WriteMaterial(ostream &Out)
	 Some nuclei have troubles, see transcript U5_0.17_8_81_P6_0.45_8_0.33_9_8.3_0_5.1_1_0.49_2_1.3_A1_2.7_P_31/inp068.err for more details.
ERROR in MURE::BuildMCNPFile
	 Some nuclei have troubles, see transcript U5_0.17_8_81_P6_0.45_8_0.33_9_8.3_0_5.1_1_0.49_2_1.3_A1_2.7_P_31/inp069.err for more details.
ERROR in MURE::WriteMaterial(ostream &Out)
	 Some nuclei have troubles, see transcript U5_0.17_8_81_P6_0.45_8_0.33_9_8.3_0_5.1_1_0.49_2_1.3_A1_2.7_P_31/inp069.err for more details.
ERROR in MURE::BuildMCNPFile
	 Some nuclei have troubles, see transcript U5_0.17_8_81_P6_0.45_8_0.33_9_8.3_0_5.1_1_0.49_2_1.3_A1_2.7_P_31/inp070.err for more details.
ERROR in MURE::WriteMaterial(ostream &Out)
	 Some nuclei have troubles, see transcript U5_0.17_8_81_P6_0.45_8_0.33_9_8.3_0_5.1_1_0.49_2_1.3_A1_2.7_P_31/inp070.err for more details.
ERROR in MURE::BuildMCNPFile
	 Some nuclei have troubles, see transcript U5_0.17_8_81_P6_0.45_8_0.33_9_8.3_0_5.1_1_0.49_2_1.3_A1_2.7_P_31/inp071.err for more details.
ERROR in MURE::WriteMaterial(ostream &Out)
	 Some nuclei have troubles, see transcript U5_0.17_8_81_P6_0.45_8_0.33_9_8.3_0_5.1_1_0.49_2_1.3_A1_2.7_P_31/inp071.err for more details.
ERROR in MURE::BuildMCNPFile
	 Some nuclei have troubles, see transcript U5_0.17_8_81_P6_0.45_8_0.33_9_8.3_0_5.1_1_0.49_2_1.3_A1_2.7_P_31/inp072.err for more details.
ERROR in MURE::WriteMaterial(ostream &Out)
	 Some nuclei have troubles, see transcript U5_0.17_8_81_P6_0.45_8_0.33_9_8.3_0_5.1_1_0.49_2_1.3_A1_2.7_P_31/inp072.err for more details.
ERROR in MURE::BuildMCNPFile
	 Some nuclei have troubles, see transcript U5_0.17_8_81_P6_0.45_8_0.33_9_8.3_0_5.1_1_0.49_2_1.3_A1_2.7_P_31/inp073.err for more details.
ERROR in MURE::WriteMaterial(ostream &Out)
	 Some nuclei have troubles, see transcript U5_0.17_8_81_P6_0.45_8_0.33_9_8.3_0_5.1_1_0.49_2_1.3_A1_2.7_P_31/inp073.err for more details.
ERROR in MURE::BuildMCNPFile
	 Some nuclei have troubles, see transcript U5_0.17_8_81_P6_0.45_8_0.33_9_8.3_0_5.1_1_0.49_2_1.3_A1_2.7_P_31/inp074.err for more details.
ERROR in MURE::WriteMaterial(ostream &Out)
	 Some nuclei have troubles, see transcript U5_0.17_8_81_P6_0.45_8_0.33_9_8.3_0_5.1_1_0.49_2_1.3_A1_2.7_P_31/inp074.err for more details.
ERROR in MURE::BuildMCNPFile
	 Some nuclei have troubles, see transcript U5_0.17_8_81_P6_0.45_8_0.33_9_8.3_0_5.1_1_0.49_2_1.3_A1_2.7_P_31/inp075.err for more details.
ERROR in MURE::WriteMaterial(ostream &Out)
	 Some nuclei have troubles, see transcript U5_0.17_8_81_P6_0.45_8_0.33_9_8.3_0_5.1_1_0.49_2_1.3_A1_2.7_P_31/inp075.err for more details.
ERROR in MURE::BuildMCNPFile
	 Some nuclei have troubles, see transcript U5_0.17_8_81_P6_0.45_8_0.33_9_8.3_0_5.1_1_0.49_2_1.3_A1_2.7_P_31/inp076.err for more details.
ERROR in MURE::WriteMaterial(ostream &Out)
	 Some nuclei have troubles, see transcript U5_0.17_8_81_P6_0.45_8_0.33_9_8.3_0_5.1_1_0.49_2_1.3_A1_2.7_P_31/inp076.err for more details.
ERROR in MURE::BuildMCNPFile
	 Some nuclei have troubles, see transcript U5_0.17_8_81_P6_0.45_8_0.33_9_8.3_0_5.1_1_0.49_2_1.3_A1_2.7_P_31/inp077.err for more details.
ERROR in MURE::WriteMaterial(ostream &Out)
	 Some nuclei have troubles, see transcript U5_0.17_8_81_P6_0.45_8_0.33_9_8.3_0_5.1_1_0.49_2_1.3_A1_2.7_P_31/inp077.err for more details.
ERROR in MURE::BuildMCNPFile
	 Some nuclei have troubles, see transcript U5_0.17_8_81_P6_0.45_8_0.33_9_8.3_0_5.1_1_0.49_2_1.3_A1_2.7_P_31/inp078.err for more details.
ERROR in MURE::WriteMaterial(ostream &Out)
	 Some nuclei have troubles, see transcript U5_0.17_8_81_P6_0.45_8_0.33_9_8.3_0_5.1_1_0.49_2_1.3_A1_2.7_P_31/inp078.err for more details.
ERROR in MURE::BuildMCNPFile
	 Some nuclei have troubles, see transcript U5_0.17_8_81_P6_0.45_8_0.33_9_8.3_0_5.1_1_0.49_2_1.3_A1_2.7_P_31/inp079.err for more details.
ERROR in MURE::WriteMaterial(ostream &Out)
	 Some nuclei have troubles, see transcript U5_0.17_8_81_P6_0.45_8_0.33_9_8.3_0_5.1_1_0.49_2_1.3_A1_2.7_P_31/inp079.err for more details.
* About to connect() to ftp.box.com port 21 (#0)
*   Trying 107.152.25.220... connected
* Connected to ftp.box.com (107.152.25.220) port 21 (#0)
< 220 Service ready for new user.
> AUTH SSL
< 234 Command AUTH okay; starting SSL connection.
* Initializing NSS with certpath: sql:/etc/pki/nssdb
*   CAfile: /etc/pki/tls/certs/ca-bundle.crt
  CApath: none
* SSL connection using TLS_RSA_WITH_AES_128_CBC_SHA
* Server certificate:
* 	subject: CN=*.box.com,O="Box, Inc.",L=Los Altos,ST=California,C=US
* 	start date: Nov 13 19:22:20 2014 GMT
* 	expire date: Oct 23 02:42:03 2017 GMT
* 	common name: *.box.com
* 	issuer: CN=GeoTrust SSL CA - G4,O=GeoTrust Inc.,C=US
> USER mouginot@wisc.edu
< 331 User name okay, need password for mouginot@wisc.edu.
> PASS line150782
< 230 User logged in, proceed.
> PBSZ 0
< 200 Command PBSZ okay.
> PROT P
< 200 Command PROT okay.
> PWD
< 257 "/" is current directory.
* Entry path is '/'
> CWD MODEL_DATA
< 250 Directory changed to /MODEL_DATA
> CWD PWR_TRU_MOX_PSPEC
< 250 Directory changed to /MODEL_DATA/PWR_TRU_MOX_PSPEC
> CWD 1000
< 250 Directory changed to /MODEL_DATA/PWR_TRU_MOX_PSPEC/1000
> PASV
* Connect data stream passively
< 227 Entering Passive Mode (107,152,25,220,56,13)
* Skips 107.152.25.220 for data connection, uses 107.152.25.220 instead
*   Trying 107.152.25.220... connected
* Connecting to 107.152.25.220 (107.152.25.220) port 14349
> TYPE I
< 200 Command TYPE okay.
> STOR 434_raw.tar.gz
< 150 File status okay; about to open data connection.
* Doing the SSL/TLS handshake on the data stream
*   CAfile: /etc/pki/tls/certs/ca-bundle.crt
  CApath: none
* SSL connection using TLS_RSA_WITH_AES_128_CBC_SHA
* Server certificate:
* 	subject: CN=*.box.com,O="Box, Inc.",L=Los Altos,ST=California,C=US
* 	start date: Nov 13 19:22:20 2014 GMT
* 	expire date: Oct 23 02:42:03 2017 GMT
* 	common name: *.box.com
* 	issuer: CN=GeoTrust SSL CA - G4,O=GeoTrust Inc.,C=US
} [data not shown]
  % Total    % Received % Xferd  Average Speed   Time    Time     Time  Current
                                 Dload  Upload   Total   Spent    Left  Speed
  0 43.5M    0     0    0 16384      0   5468  2:19:20  0:00:02  2:19:18  5468  1 43.5M    0     0    1  768k      0   210k  0:03:31  0:00:03  0:03:28 1156k 12 43.5M    0     0   12 5520k      0  1185k  0:00:37  0:00:04  0:00:33 3311k 22 43.5M    0     0   22  9.9M      0  1809k  0:00:24  0:00:05  0:00:19 3851k 34 43.5M    0     0   34 14.8M      0  2290k  0:00:19  0:00:06  0:00:13 4163k 46 43.5M    0     0   46 20.3M      0  2726k  0:00:16  0:00:07  0:00:09 4473k 58 43.5M    0     0   58 25.3M      0  3003k  0:00:14  0:00:08  0:00:06 5040k 69 43.5M    0     0   69 30.1M      0  3193k  0:00:13  0:00:09  0:00:04 5065k 78 43.5M    0     0   78 34.4M      0  3310k  0:00:13  0:00:10  0:00:03 5002k 88 43.5M    0     0   88 38.4M      0  3378k  0:00:13  0:00:11  0:00:02 4824k 98 43.5M    0     0   98 43.0M      0  3489k  0:00:12  0:00:12 --:--:-- 4664k* Remembering we are in dir "MODEL_DATA/PWR_TRU_MOX_PSPEC/1000/"
< 226 Transfer complete.
100 43.5M    0     0  100 43.5M      0  3243k  0:00:13  0:00:13 --:--:-- 3649k* Connection #0 to host ftp.box.com left intact

> QUIT
< 221 Goodbye.
* Closing connection #0
