ERROR in MURE::BuildXSDIR()
	 Some nuclei have troubles, see transcript U5_0.46_8_94_P6_0.034_8_0.089_9_2.6_0_1.7_1_0.79_2_0.43_A1_0.15_P_31/inp000.err for more details.
ERROR in MURE::BuildMCNPFile
	 Some nuclei have troubles, see transcript U5_0.46_8_94_P6_0.034_8_0.089_9_2.6_0_1.7_1_0.79_2_0.43_A1_0.15_P_31/inp000.err for more details.
ERROR in MURE::WriteMaterial(ostream &Out)
	 Some nuclei have troubles, see transcript U5_0.46_8_94_P6_0.034_8_0.089_9_2.6_0_1.7_1_0.79_2_0.43_A1_0.15_P_31/inp000.err for more details.
ERROR in MURE::BuildMCNPFile
	 Some nuclei have troubles, see transcript U5_0.46_8_94_P6_0.034_8_0.089_9_2.6_0_1.7_1_0.79_2_0.43_A1_0.15_P_31/inp001.err for more details.
ERROR in MURE::WriteMaterial(ostream &Out)
	 Some nuclei have troubles, see transcript U5_0.46_8_94_P6_0.034_8_0.089_9_2.6_0_1.7_1_0.79_2_0.43_A1_0.15_P_31/inp001.err for more details.
ERROR in MURE::BuildMCNPFile
	 Some nuclei have troubles, see transcript U5_0.46_8_94_P6_0.034_8_0.089_9_2.6_0_1.7_1_0.79_2_0.43_A1_0.15_P_31/inp002.err for more details.
ERROR in MURE::WriteMaterial(ostream &Out)
	 Some nuclei have troubles, see transcript U5_0.46_8_94_P6_0.034_8_0.089_9_2.6_0_1.7_1_0.79_2_0.43_A1_0.15_P_31/inp002.err for more details.
ERROR in MURE::BuildMCNPFile
	 Some nuclei have troubles, see transcript U5_0.46_8_94_P6_0.034_8_0.089_9_2.6_0_1.7_1_0.79_2_0.43_A1_0.15_P_31/inp003.err for more details.
ERROR in MURE::WriteMaterial(ostream &Out)
	 Some nuclei have troubles, see transcript U5_0.46_8_94_P6_0.034_8_0.089_9_2.6_0_1.7_1_0.79_2_0.43_A1_0.15_P_31/inp003.err for more details.
ERROR in MURE::BuildMCNPFile
	 Some nuclei have troubles, see transcript U5_0.46_8_94_P6_0.034_8_0.089_9_2.6_0_1.7_1_0.79_2_0.43_A1_0.15_P_31/inp004.err for more details.
ERROR in MURE::WriteMaterial(ostream &Out)
	 Some nuclei have troubles, see transcript U5_0.46_8_94_P6_0.034_8_0.089_9_2.6_0_1.7_1_0.79_2_0.43_A1_0.15_P_31/inp004.err for more details.
ERROR in MURE::BuildMCNPFile
	 Some nuclei have troubles, see transcript U5_0.46_8_94_P6_0.034_8_0.089_9_2.6_0_1.7_1_0.79_2_0.43_A1_0.15_P_31/inp005.err for more details.
ERROR in MURE::WriteMaterial(ostream &Out)
	 Some nuclei have troubles, see transcript U5_0.46_8_94_P6_0.034_8_0.089_9_2.6_0_1.7_1_0.79_2_0.43_A1_0.15_P_31/inp005.err for more details.
ERROR in MURE::BuildMCNPFile
	 Some nuclei have troubles, see transcript U5_0.46_8_94_P6_0.034_8_0.089_9_2.6_0_1.7_1_0.79_2_0.43_A1_0.15_P_31/inp006.err for more details.
ERROR in MURE::WriteMaterial(ostream &Out)
	 Some nuclei have troubles, see transcript U5_0.46_8_94_P6_0.034_8_0.089_9_2.6_0_1.7_1_0.79_2_0.43_A1_0.15_P_31/inp006.err for more details.
ERROR in MURE::BuildMCNPFile
	 Some nuclei have troubles, see transcript U5_0.46_8_94_P6_0.034_8_0.089_9_2.6_0_1.7_1_0.79_2_0.43_A1_0.15_P_31/inp007.err for more details.
ERROR in MURE::WriteMaterial(ostream &Out)
	 Some nuclei have troubles, see transcript U5_0.46_8_94_P6_0.034_8_0.089_9_2.6_0_1.7_1_0.79_2_0.43_A1_0.15_P_31/inp007.err for more details.
ERROR in MURE::BuildMCNPFile
	 Some nuclei have troubles, see transcript U5_0.46_8_94_P6_0.034_8_0.089_9_2.6_0_1.7_1_0.79_2_0.43_A1_0.15_P_31/inp008.err for more details.
ERROR in MURE::WriteMaterial(ostream &Out)
	 Some nuclei have troubles, see transcript U5_0.46_8_94_P6_0.034_8_0.089_9_2.6_0_1.7_1_0.79_2_0.43_A1_0.15_P_31/inp008.err for more details.
ERROR in MURE::BuildMCNPFile
	 Some nuclei have troubles, see transcript U5_0.46_8_94_P6_0.034_8_0.089_9_2.6_0_1.7_1_0.79_2_0.43_A1_0.15_P_31/inp009.err for more details.
ERROR in MURE::WriteMaterial(ostream &Out)
	 Some nuclei have troubles, see transcript U5_0.46_8_94_P6_0.034_8_0.089_9_2.6_0_1.7_1_0.79_2_0.43_A1_0.15_P_31/inp009.err for more details.
ERROR in MURE::BuildMCNPFile
	 Some nuclei have troubles, see transcript U5_0.46_8_94_P6_0.034_8_0.089_9_2.6_0_1.7_1_0.79_2_0.43_A1_0.15_P_31/inp010.err for more details.
ERROR in MURE::WriteMaterial(ostream &Out)
	 Some nuclei have troubles, see transcript U5_0.46_8_94_P6_0.034_8_0.089_9_2.6_0_1.7_1_0.79_2_0.43_A1_0.15_P_31/inp010.err for more details.
ERROR in MURE::BuildMCNPFile
	 Some nuclei have troubles, see transcript U5_0.46_8_94_P6_0.034_8_0.089_9_2.6_0_1.7_1_0.79_2_0.43_A1_0.15_P_31/inp011.err for more details.
ERROR in MURE::WriteMaterial(ostream &Out)
	 Some nuclei have troubles, see transcript U5_0.46_8_94_P6_0.034_8_0.089_9_2.6_0_1.7_1_0.79_2_0.43_A1_0.15_P_31/inp011.err for more details.
ERROR in MURE::BuildMCNPFile
	 Some nuclei have troubles, see transcript U5_0.46_8_94_P6_0.034_8_0.089_9_2.6_0_1.7_1_0.79_2_0.43_A1_0.15_P_31/inp012.err for more details.
ERROR in MURE::WriteMaterial(ostream &Out)
	 Some nuclei have troubles, see transcript U5_0.46_8_94_P6_0.034_8_0.089_9_2.6_0_1.7_1_0.79_2_0.43_A1_0.15_P_31/inp012.err for more details.
ERROR in MURE::BuildMCNPFile
	 Some nuclei have troubles, see transcript U5_0.46_8_94_P6_0.034_8_0.089_9_2.6_0_1.7_1_0.79_2_0.43_A1_0.15_P_31/inp013.err for more details.
ERROR in MURE::WriteMaterial(ostream &Out)
	 Some nuclei have troubles, see transcript U5_0.46_8_94_P6_0.034_8_0.089_9_2.6_0_1.7_1_0.79_2_0.43_A1_0.15_P_31/inp013.err for more details.
ERROR in MURE::BuildMCNPFile
	 Some nuclei have troubles, see transcript U5_0.46_8_94_P6_0.034_8_0.089_9_2.6_0_1.7_1_0.79_2_0.43_A1_0.15_P_31/inp014.err for more details.
ERROR in MURE::WriteMaterial(ostream &Out)
	 Some nuclei have troubles, see transcript U5_0.46_8_94_P6_0.034_8_0.089_9_2.6_0_1.7_1_0.79_2_0.43_A1_0.15_P_31/inp014.err for more details.
ERROR in MURE::BuildMCNPFile
	 Some nuclei have troubles, see transcript U5_0.46_8_94_P6_0.034_8_0.089_9_2.6_0_1.7_1_0.79_2_0.43_A1_0.15_P_31/inp015.err for more details.
ERROR in MURE::WriteMaterial(ostream &Out)
	 Some nuclei have troubles, see transcript U5_0.46_8_94_P6_0.034_8_0.089_9_2.6_0_1.7_1_0.79_2_0.43_A1_0.15_P_31/inp015.err for more details.
ERROR in MURE::BuildMCNPFile
	 Some nuclei have troubles, see transcript U5_0.46_8_94_P6_0.034_8_0.089_9_2.6_0_1.7_1_0.79_2_0.43_A1_0.15_P_31/inp016.err for more details.
ERROR in MURE::WriteMaterial(ostream &Out)
	 Some nuclei have troubles, see transcript U5_0.46_8_94_P6_0.034_8_0.089_9_2.6_0_1.7_1_0.79_2_0.43_A1_0.15_P_31/inp016.err for more details.
ERROR in MURE::BuildMCNPFile
	 Some nuclei have troubles, see transcript U5_0.46_8_94_P6_0.034_8_0.089_9_2.6_0_1.7_1_0.79_2_0.43_A1_0.15_P_31/inp017.err for more details.
ERROR in MURE::WriteMaterial(ostream &Out)
	 Some nuclei have troubles, see transcript U5_0.46_8_94_P6_0.034_8_0.089_9_2.6_0_1.7_1_0.79_2_0.43_A1_0.15_P_31/inp017.err for more details.
ERROR in MURE::BuildMCNPFile
	 Some nuclei have troubles, see transcript U5_0.46_8_94_P6_0.034_8_0.089_9_2.6_0_1.7_1_0.79_2_0.43_A1_0.15_P_31/inp018.err for more details.
ERROR in MURE::WriteMaterial(ostream &Out)
	 Some nuclei have troubles, see transcript U5_0.46_8_94_P6_0.034_8_0.089_9_2.6_0_1.7_1_0.79_2_0.43_A1_0.15_P_31/inp018.err for more details.
ERROR in MURE::BuildMCNPFile
	 Some nuclei have troubles, see transcript U5_0.46_8_94_P6_0.034_8_0.089_9_2.6_0_1.7_1_0.79_2_0.43_A1_0.15_P_31/inp019.err for more details.
ERROR in MURE::WriteMaterial(ostream &Out)
	 Some nuclei have troubles, see transcript U5_0.46_8_94_P6_0.034_8_0.089_9_2.6_0_1.7_1_0.79_2_0.43_A1_0.15_P_31/inp019.err for more details.
ERROR in MURE::BuildMCNPFile
	 Some nuclei have troubles, see transcript U5_0.46_8_94_P6_0.034_8_0.089_9_2.6_0_1.7_1_0.79_2_0.43_A1_0.15_P_31/inp020.err for more details.
ERROR in MURE::WriteMaterial(ostream &Out)
	 Some nuclei have troubles, see transcript U5_0.46_8_94_P6_0.034_8_0.089_9_2.6_0_1.7_1_0.79_2_0.43_A1_0.15_P_31/inp020.err for more details.
ERROR in MURE::BuildMCNPFile
	 Some nuclei have troubles, see transcript U5_0.46_8_94_P6_0.034_8_0.089_9_2.6_0_1.7_1_0.79_2_0.43_A1_0.15_P_31/inp021.err for more details.
ERROR in MURE::WriteMaterial(ostream &Out)
	 Some nuclei have troubles, see transcript U5_0.46_8_94_P6_0.034_8_0.089_9_2.6_0_1.7_1_0.79_2_0.43_A1_0.15_P_31/inp021.err for more details.
ERROR in MURE::BuildMCNPFile
	 Some nuclei have troubles, see transcript U5_0.46_8_94_P6_0.034_8_0.089_9_2.6_0_1.7_1_0.79_2_0.43_A1_0.15_P_31/inp022.err for more details.
ERROR in MURE::WriteMaterial(ostream &Out)
	 Some nuclei have troubles, see transcript U5_0.46_8_94_P6_0.034_8_0.089_9_2.6_0_1.7_1_0.79_2_0.43_A1_0.15_P_31/inp022.err for more details.
ERROR in MURE::BuildMCNPFile
	 Some nuclei have troubles, see transcript U5_0.46_8_94_P6_0.034_8_0.089_9_2.6_0_1.7_1_0.79_2_0.43_A1_0.15_P_31/inp023.err for more details.
ERROR in MURE::WriteMaterial(ostream &Out)
	 Some nuclei have troubles, see transcript U5_0.46_8_94_P6_0.034_8_0.089_9_2.6_0_1.7_1_0.79_2_0.43_A1_0.15_P_31/inp023.err for more details.
ERROR in MURE::BuildMCNPFile
	 Some nuclei have troubles, see transcript U5_0.46_8_94_P6_0.034_8_0.089_9_2.6_0_1.7_1_0.79_2_0.43_A1_0.15_P_31/inp024.err for more details.
ERROR in MURE::WriteMaterial(ostream &Out)
	 Some nuclei have troubles, see transcript U5_0.46_8_94_P6_0.034_8_0.089_9_2.6_0_1.7_1_0.79_2_0.43_A1_0.15_P_31/inp024.err for more details.
ERROR in MURE::BuildMCNPFile
	 Some nuclei have troubles, see transcript U5_0.46_8_94_P6_0.034_8_0.089_9_2.6_0_1.7_1_0.79_2_0.43_A1_0.15_P_31/inp025.err for more details.
ERROR in MURE::WriteMaterial(ostream &Out)
	 Some nuclei have troubles, see transcript U5_0.46_8_94_P6_0.034_8_0.089_9_2.6_0_1.7_1_0.79_2_0.43_A1_0.15_P_31/inp025.err for more details.
ERROR in MURE::BuildMCNPFile
	 Some nuclei have troubles, see transcript U5_0.46_8_94_P6_0.034_8_0.089_9_2.6_0_1.7_1_0.79_2_0.43_A1_0.15_P_31/inp026.err for more details.
ERROR in MURE::WriteMaterial(ostream &Out)
	 Some nuclei have troubles, see transcript U5_0.46_8_94_P6_0.034_8_0.089_9_2.6_0_1.7_1_0.79_2_0.43_A1_0.15_P_31/inp026.err for more details.
ERROR in MURE::BuildMCNPFile
	 Some nuclei have troubles, see transcript U5_0.46_8_94_P6_0.034_8_0.089_9_2.6_0_1.7_1_0.79_2_0.43_A1_0.15_P_31/inp027.err for more details.
ERROR in MURE::WriteMaterial(ostream &Out)
	 Some nuclei have troubles, see transcript U5_0.46_8_94_P6_0.034_8_0.089_9_2.6_0_1.7_1_0.79_2_0.43_A1_0.15_P_31/inp027.err for more details.
ERROR in MURE::BuildMCNPFile
	 Some nuclei have troubles, see transcript U5_0.46_8_94_P6_0.034_8_0.089_9_2.6_0_1.7_1_0.79_2_0.43_A1_0.15_P_31/inp028.err for more details.
ERROR in MURE::WriteMaterial(ostream &Out)
	 Some nuclei have troubles, see transcript U5_0.46_8_94_P6_0.034_8_0.089_9_2.6_0_1.7_1_0.79_2_0.43_A1_0.15_P_31/inp028.err for more details.
ERROR in MURE::BuildMCNPFile
	 Some nuclei have troubles, see transcript U5_0.46_8_94_P6_0.034_8_0.089_9_2.6_0_1.7_1_0.79_2_0.43_A1_0.15_P_31/inp029.err for more details.
ERROR in MURE::WriteMaterial(ostream &Out)
	 Some nuclei have troubles, see transcript U5_0.46_8_94_P6_0.034_8_0.089_9_2.6_0_1.7_1_0.79_2_0.43_A1_0.15_P_31/inp029.err for more details.
ERROR in MURE::BuildMCNPFile
	 Some nuclei have troubles, see transcript U5_0.46_8_94_P6_0.034_8_0.089_9_2.6_0_1.7_1_0.79_2_0.43_A1_0.15_P_31/inp030.err for more details.
ERROR in MURE::WriteMaterial(ostream &Out)
	 Some nuclei have troubles, see transcript U5_0.46_8_94_P6_0.034_8_0.089_9_2.6_0_1.7_1_0.79_2_0.43_A1_0.15_P_31/inp030.err for more details.
ERROR in MURE::BuildMCNPFile
	 Some nuclei have troubles, see transcript U5_0.46_8_94_P6_0.034_8_0.089_9_2.6_0_1.7_1_0.79_2_0.43_A1_0.15_P_31/inp031.err for more details.
ERROR in MURE::WriteMaterial(ostream &Out)
	 Some nuclei have troubles, see transcript U5_0.46_8_94_P6_0.034_8_0.089_9_2.6_0_1.7_1_0.79_2_0.43_A1_0.15_P_31/inp031.err for more details.
ERROR in MURE::BuildMCNPFile
	 Some nuclei have troubles, see transcript U5_0.46_8_94_P6_0.034_8_0.089_9_2.6_0_1.7_1_0.79_2_0.43_A1_0.15_P_31/inp032.err for more details.
ERROR in MURE::WriteMaterial(ostream &Out)
	 Some nuclei have troubles, see transcript U5_0.46_8_94_P6_0.034_8_0.089_9_2.6_0_1.7_1_0.79_2_0.43_A1_0.15_P_31/inp032.err for more details.
ERROR in MURE::BuildMCNPFile
	 Some nuclei have troubles, see transcript U5_0.46_8_94_P6_0.034_8_0.089_9_2.6_0_1.7_1_0.79_2_0.43_A1_0.15_P_31/inp033.err for more details.
ERROR in MURE::WriteMaterial(ostream &Out)
	 Some nuclei have troubles, see transcript U5_0.46_8_94_P6_0.034_8_0.089_9_2.6_0_1.7_1_0.79_2_0.43_A1_0.15_P_31/inp033.err for more details.
ERROR in MURE::BuildMCNPFile
	 Some nuclei have troubles, see transcript U5_0.46_8_94_P6_0.034_8_0.089_9_2.6_0_1.7_1_0.79_2_0.43_A1_0.15_P_31/inp034.err for more details.
ERROR in MURE::WriteMaterial(ostream &Out)
	 Some nuclei have troubles, see transcript U5_0.46_8_94_P6_0.034_8_0.089_9_2.6_0_1.7_1_0.79_2_0.43_A1_0.15_P_31/inp034.err for more details.
ERROR in MURE::BuildMCNPFile
	 Some nuclei have troubles, see transcript U5_0.46_8_94_P6_0.034_8_0.089_9_2.6_0_1.7_1_0.79_2_0.43_A1_0.15_P_31/inp035.err for more details.
ERROR in MURE::WriteMaterial(ostream &Out)
	 Some nuclei have troubles, see transcript U5_0.46_8_94_P6_0.034_8_0.089_9_2.6_0_1.7_1_0.79_2_0.43_A1_0.15_P_31/inp035.err for more details.
ERROR in MURE::BuildMCNPFile
	 Some nuclei have troubles, see transcript U5_0.46_8_94_P6_0.034_8_0.089_9_2.6_0_1.7_1_0.79_2_0.43_A1_0.15_P_31/inp036.err for more details.
ERROR in MURE::WriteMaterial(ostream &Out)
	 Some nuclei have troubles, see transcript U5_0.46_8_94_P6_0.034_8_0.089_9_2.6_0_1.7_1_0.79_2_0.43_A1_0.15_P_31/inp036.err for more details.
ERROR in MURE::BuildMCNPFile
	 Some nuclei have troubles, see transcript U5_0.46_8_94_P6_0.034_8_0.089_9_2.6_0_1.7_1_0.79_2_0.43_A1_0.15_P_31/inp037.err for more details.
ERROR in MURE::WriteMaterial(ostream &Out)
	 Some nuclei have troubles, see transcript U5_0.46_8_94_P6_0.034_8_0.089_9_2.6_0_1.7_1_0.79_2_0.43_A1_0.15_P_31/inp037.err for more details.
ERROR in MURE::BuildMCNPFile
	 Some nuclei have troubles, see transcript U5_0.46_8_94_P6_0.034_8_0.089_9_2.6_0_1.7_1_0.79_2_0.43_A1_0.15_P_31/inp038.err for more details.
ERROR in MURE::WriteMaterial(ostream &Out)
	 Some nuclei have troubles, see transcript U5_0.46_8_94_P6_0.034_8_0.089_9_2.6_0_1.7_1_0.79_2_0.43_A1_0.15_P_31/inp038.err for more details.
ERROR in MURE::BuildMCNPFile
	 Some nuclei have troubles, see transcript U5_0.46_8_94_P6_0.034_8_0.089_9_2.6_0_1.7_1_0.79_2_0.43_A1_0.15_P_31/inp039.err for more details.
ERROR in MURE::WriteMaterial(ostream &Out)
	 Some nuclei have troubles, see transcript U5_0.46_8_94_P6_0.034_8_0.089_9_2.6_0_1.7_1_0.79_2_0.43_A1_0.15_P_31/inp039.err for more details.
ERROR in MURE::BuildMCNPFile
	 Some nuclei have troubles, see transcript U5_0.46_8_94_P6_0.034_8_0.089_9_2.6_0_1.7_1_0.79_2_0.43_A1_0.15_P_31/inp040.err for more details.
ERROR in MURE::WriteMaterial(ostream &Out)
	 Some nuclei have troubles, see transcript U5_0.46_8_94_P6_0.034_8_0.089_9_2.6_0_1.7_1_0.79_2_0.43_A1_0.15_P_31/inp040.err for more details.
ERROR in MURE::BuildMCNPFile
	 Some nuclei have troubles, see transcript U5_0.46_8_94_P6_0.034_8_0.089_9_2.6_0_1.7_1_0.79_2_0.43_A1_0.15_P_31/inp041.err for more details.
ERROR in MURE::WriteMaterial(ostream &Out)
	 Some nuclei have troubles, see transcript U5_0.46_8_94_P6_0.034_8_0.089_9_2.6_0_1.7_1_0.79_2_0.43_A1_0.15_P_31/inp041.err for more details.
ERROR in MURE::BuildMCNPFile
	 Some nuclei have troubles, see transcript U5_0.46_8_94_P6_0.034_8_0.089_9_2.6_0_1.7_1_0.79_2_0.43_A1_0.15_P_31/inp042.err for more details.
ERROR in MURE::WriteMaterial(ostream &Out)
	 Some nuclei have troubles, see transcript U5_0.46_8_94_P6_0.034_8_0.089_9_2.6_0_1.7_1_0.79_2_0.43_A1_0.15_P_31/inp042.err for more details.
ERROR in MURE::BuildMCNPFile
	 Some nuclei have troubles, see transcript U5_0.46_8_94_P6_0.034_8_0.089_9_2.6_0_1.7_1_0.79_2_0.43_A1_0.15_P_31/inp043.err for more details.
ERROR in MURE::WriteMaterial(ostream &Out)
	 Some nuclei have troubles, see transcript U5_0.46_8_94_P6_0.034_8_0.089_9_2.6_0_1.7_1_0.79_2_0.43_A1_0.15_P_31/inp043.err for more details.
ERROR in MURE::BuildMCNPFile
	 Some nuclei have troubles, see transcript U5_0.46_8_94_P6_0.034_8_0.089_9_2.6_0_1.7_1_0.79_2_0.43_A1_0.15_P_31/inp044.err for more details.
ERROR in MURE::WriteMaterial(ostream &Out)
	 Some nuclei have troubles, see transcript U5_0.46_8_94_P6_0.034_8_0.089_9_2.6_0_1.7_1_0.79_2_0.43_A1_0.15_P_31/inp044.err for more details.
ERROR in MURE::BuildMCNPFile
	 Some nuclei have troubles, see transcript U5_0.46_8_94_P6_0.034_8_0.089_9_2.6_0_1.7_1_0.79_2_0.43_A1_0.15_P_31/inp045.err for more details.
ERROR in MURE::WriteMaterial(ostream &Out)
	 Some nuclei have troubles, see transcript U5_0.46_8_94_P6_0.034_8_0.089_9_2.6_0_1.7_1_0.79_2_0.43_A1_0.15_P_31/inp045.err for more details.
ERROR in MURE::BuildMCNPFile
	 Some nuclei have troubles, see transcript U5_0.46_8_94_P6_0.034_8_0.089_9_2.6_0_1.7_1_0.79_2_0.43_A1_0.15_P_31/inp046.err for more details.
ERROR in MURE::WriteMaterial(ostream &Out)
	 Some nuclei have troubles, see transcript U5_0.46_8_94_P6_0.034_8_0.089_9_2.6_0_1.7_1_0.79_2_0.43_A1_0.15_P_31/inp046.err for more details.
ERROR in MURE::BuildMCNPFile
	 Some nuclei have troubles, see transcript U5_0.46_8_94_P6_0.034_8_0.089_9_2.6_0_1.7_1_0.79_2_0.43_A1_0.15_P_31/inp047.err for more details.
ERROR in MURE::WriteMaterial(ostream &Out)
	 Some nuclei have troubles, see transcript U5_0.46_8_94_P6_0.034_8_0.089_9_2.6_0_1.7_1_0.79_2_0.43_A1_0.15_P_31/inp047.err for more details.
ERROR in MURE::BuildMCNPFile
	 Some nuclei have troubles, see transcript U5_0.46_8_94_P6_0.034_8_0.089_9_2.6_0_1.7_1_0.79_2_0.43_A1_0.15_P_31/inp048.err for more details.
ERROR in MURE::WriteMaterial(ostream &Out)
	 Some nuclei have troubles, see transcript U5_0.46_8_94_P6_0.034_8_0.089_9_2.6_0_1.7_1_0.79_2_0.43_A1_0.15_P_31/inp048.err for more details.
ERROR in MURE::BuildMCNPFile
	 Some nuclei have troubles, see transcript U5_0.46_8_94_P6_0.034_8_0.089_9_2.6_0_1.7_1_0.79_2_0.43_A1_0.15_P_31/inp049.err for more details.
ERROR in MURE::WriteMaterial(ostream &Out)
	 Some nuclei have troubles, see transcript U5_0.46_8_94_P6_0.034_8_0.089_9_2.6_0_1.7_1_0.79_2_0.43_A1_0.15_P_31/inp049.err for more details.
ERROR in MURE::BuildMCNPFile
	 Some nuclei have troubles, see transcript U5_0.46_8_94_P6_0.034_8_0.089_9_2.6_0_1.7_1_0.79_2_0.43_A1_0.15_P_31/inp050.err for more details.
ERROR in MURE::WriteMaterial(ostream &Out)
	 Some nuclei have troubles, see transcript U5_0.46_8_94_P6_0.034_8_0.089_9_2.6_0_1.7_1_0.79_2_0.43_A1_0.15_P_31/inp050.err for more details.
ERROR in MURE::BuildMCNPFile
	 Some nuclei have troubles, see transcript U5_0.46_8_94_P6_0.034_8_0.089_9_2.6_0_1.7_1_0.79_2_0.43_A1_0.15_P_31/inp051.err for more details.
ERROR in MURE::WriteMaterial(ostream &Out)
	 Some nuclei have troubles, see transcript U5_0.46_8_94_P6_0.034_8_0.089_9_2.6_0_1.7_1_0.79_2_0.43_A1_0.15_P_31/inp051.err for more details.
ERROR in MURE::BuildMCNPFile
	 Some nuclei have troubles, see transcript U5_0.46_8_94_P6_0.034_8_0.089_9_2.6_0_1.7_1_0.79_2_0.43_A1_0.15_P_31/inp052.err for more details.
ERROR in MURE::WriteMaterial(ostream &Out)
	 Some nuclei have troubles, see transcript U5_0.46_8_94_P6_0.034_8_0.089_9_2.6_0_1.7_1_0.79_2_0.43_A1_0.15_P_31/inp052.err for more details.
ERROR in MURE::BuildMCNPFile
	 Some nuclei have troubles, see transcript U5_0.46_8_94_P6_0.034_8_0.089_9_2.6_0_1.7_1_0.79_2_0.43_A1_0.15_P_31/inp053.err for more details.
ERROR in MURE::WriteMaterial(ostream &Out)
	 Some nuclei have troubles, see transcript U5_0.46_8_94_P6_0.034_8_0.089_9_2.6_0_1.7_1_0.79_2_0.43_A1_0.15_P_31/inp053.err for more details.
ERROR in MURE::BuildMCNPFile
	 Some nuclei have troubles, see transcript U5_0.46_8_94_P6_0.034_8_0.089_9_2.6_0_1.7_1_0.79_2_0.43_A1_0.15_P_31/inp054.err for more details.
ERROR in MURE::WriteMaterial(ostream &Out)
	 Some nuclei have troubles, see transcript U5_0.46_8_94_P6_0.034_8_0.089_9_2.6_0_1.7_1_0.79_2_0.43_A1_0.15_P_31/inp054.err for more details.
ERROR in MURE::BuildMCNPFile
	 Some nuclei have troubles, see transcript U5_0.46_8_94_P6_0.034_8_0.089_9_2.6_0_1.7_1_0.79_2_0.43_A1_0.15_P_31/inp055.err for more details.
ERROR in MURE::WriteMaterial(ostream &Out)
	 Some nuclei have troubles, see transcript U5_0.46_8_94_P6_0.034_8_0.089_9_2.6_0_1.7_1_0.79_2_0.43_A1_0.15_P_31/inp055.err for more details.
ERROR in MURE::BuildMCNPFile
	 Some nuclei have troubles, see transcript U5_0.46_8_94_P6_0.034_8_0.089_9_2.6_0_1.7_1_0.79_2_0.43_A1_0.15_P_31/inp056.err for more details.
ERROR in MURE::WriteMaterial(ostream &Out)
	 Some nuclei have troubles, see transcript U5_0.46_8_94_P6_0.034_8_0.089_9_2.6_0_1.7_1_0.79_2_0.43_A1_0.15_P_31/inp056.err for more details.
ERROR in MURE::BuildMCNPFile
	 Some nuclei have troubles, see transcript U5_0.46_8_94_P6_0.034_8_0.089_9_2.6_0_1.7_1_0.79_2_0.43_A1_0.15_P_31/inp057.err for more details.
ERROR in MURE::WriteMaterial(ostream &Out)
	 Some nuclei have troubles, see transcript U5_0.46_8_94_P6_0.034_8_0.089_9_2.6_0_1.7_1_0.79_2_0.43_A1_0.15_P_31/inp057.err for more details.
ERROR in MURE::BuildMCNPFile
	 Some nuclei have troubles, see transcript U5_0.46_8_94_P6_0.034_8_0.089_9_2.6_0_1.7_1_0.79_2_0.43_A1_0.15_P_31/inp058.err for more details.
ERROR in MURE::WriteMaterial(ostream &Out)
	 Some nuclei have troubles, see transcript U5_0.46_8_94_P6_0.034_8_0.089_9_2.6_0_1.7_1_0.79_2_0.43_A1_0.15_P_31/inp058.err for more details.
ERROR in MURE::BuildMCNPFile
	 Some nuclei have troubles, see transcript U5_0.46_8_94_P6_0.034_8_0.089_9_2.6_0_1.7_1_0.79_2_0.43_A1_0.15_P_31/inp059.err for more details.
ERROR in MURE::WriteMaterial(ostream &Out)
	 Some nuclei have troubles, see transcript U5_0.46_8_94_P6_0.034_8_0.089_9_2.6_0_1.7_1_0.79_2_0.43_A1_0.15_P_31/inp059.err for more details.
ERROR in MURE::BuildMCNPFile
	 Some nuclei have troubles, see transcript U5_0.46_8_94_P6_0.034_8_0.089_9_2.6_0_1.7_1_0.79_2_0.43_A1_0.15_P_31/inp060.err for more details.
ERROR in MURE::WriteMaterial(ostream &Out)
	 Some nuclei have troubles, see transcript U5_0.46_8_94_P6_0.034_8_0.089_9_2.6_0_1.7_1_0.79_2_0.43_A1_0.15_P_31/inp060.err for more details.
ERROR in MURE::BuildMCNPFile
	 Some nuclei have troubles, see transcript U5_0.46_8_94_P6_0.034_8_0.089_9_2.6_0_1.7_1_0.79_2_0.43_A1_0.15_P_31/inp061.err for more details.
ERROR in MURE::WriteMaterial(ostream &Out)
	 Some nuclei have troubles, see transcript U5_0.46_8_94_P6_0.034_8_0.089_9_2.6_0_1.7_1_0.79_2_0.43_A1_0.15_P_31/inp061.err for more details.
ERROR in MURE::BuildMCNPFile
	 Some nuclei have troubles, see transcript U5_0.46_8_94_P6_0.034_8_0.089_9_2.6_0_1.7_1_0.79_2_0.43_A1_0.15_P_31/inp062.err for more details.
ERROR in MURE::WriteMaterial(ostream &Out)
	 Some nuclei have troubles, see transcript U5_0.46_8_94_P6_0.034_8_0.089_9_2.6_0_1.7_1_0.79_2_0.43_A1_0.15_P_31/inp062.err for more details.
ERROR in MURE::BuildMCNPFile
	 Some nuclei have troubles, see transcript U5_0.46_8_94_P6_0.034_8_0.089_9_2.6_0_1.7_1_0.79_2_0.43_A1_0.15_P_31/inp063.err for more details.
ERROR in MURE::WriteMaterial(ostream &Out)
	 Some nuclei have troubles, see transcript U5_0.46_8_94_P6_0.034_8_0.089_9_2.6_0_1.7_1_0.79_2_0.43_A1_0.15_P_31/inp063.err for more details.
ERROR in MURE::BuildMCNPFile
	 Some nuclei have troubles, see transcript U5_0.46_8_94_P6_0.034_8_0.089_9_2.6_0_1.7_1_0.79_2_0.43_A1_0.15_P_31/inp064.err for more details.
ERROR in MURE::WriteMaterial(ostream &Out)
	 Some nuclei have troubles, see transcript U5_0.46_8_94_P6_0.034_8_0.089_9_2.6_0_1.7_1_0.79_2_0.43_A1_0.15_P_31/inp064.err for more details.
ERROR in MURE::BuildMCNPFile
	 Some nuclei have troubles, see transcript U5_0.46_8_94_P6_0.034_8_0.089_9_2.6_0_1.7_1_0.79_2_0.43_A1_0.15_P_31/inp065.err for more details.
ERROR in MURE::WriteMaterial(ostream &Out)
	 Some nuclei have troubles, see transcript U5_0.46_8_94_P6_0.034_8_0.089_9_2.6_0_1.7_1_0.79_2_0.43_A1_0.15_P_31/inp065.err for more details.
ERROR in MURE::BuildMCNPFile
	 Some nuclei have troubles, see transcript U5_0.46_8_94_P6_0.034_8_0.089_9_2.6_0_1.7_1_0.79_2_0.43_A1_0.15_P_31/inp066.err for more details.
ERROR in MURE::WriteMaterial(ostream &Out)
	 Some nuclei have troubles, see transcript U5_0.46_8_94_P6_0.034_8_0.089_9_2.6_0_1.7_1_0.79_2_0.43_A1_0.15_P_31/inp066.err for more details.
ERROR in MURE::BuildMCNPFile
	 Some nuclei have troubles, see transcript U5_0.46_8_94_P6_0.034_8_0.089_9_2.6_0_1.7_1_0.79_2_0.43_A1_0.15_P_31/inp067.err for more details.
ERROR in MURE::WriteMaterial(ostream &Out)
	 Some nuclei have troubles, see transcript U5_0.46_8_94_P6_0.034_8_0.089_9_2.6_0_1.7_1_0.79_2_0.43_A1_0.15_P_31/inp067.err for more details.
ERROR in MURE::BuildMCNPFile
	 Some nuclei have troubles, see transcript U5_0.46_8_94_P6_0.034_8_0.089_9_2.6_0_1.7_1_0.79_2_0.43_A1_0.15_P_31/inp068.err for more details.
ERROR in MURE::WriteMaterial(ostream &Out)
	 Some nuclei have troubles, see transcript U5_0.46_8_94_P6_0.034_8_0.089_9_2.6_0_1.7_1_0.79_2_0.43_A1_0.15_P_31/inp068.err for more details.
ERROR in MURE::BuildMCNPFile
	 Some nuclei have troubles, see transcript U5_0.46_8_94_P6_0.034_8_0.089_9_2.6_0_1.7_1_0.79_2_0.43_A1_0.15_P_31/inp069.err for more details.
ERROR in MURE::WriteMaterial(ostream &Out)
	 Some nuclei have troubles, see transcript U5_0.46_8_94_P6_0.034_8_0.089_9_2.6_0_1.7_1_0.79_2_0.43_A1_0.15_P_31/inp069.err for more details.
ERROR in MURE::BuildMCNPFile
	 Some nuclei have troubles, see transcript U5_0.46_8_94_P6_0.034_8_0.089_9_2.6_0_1.7_1_0.79_2_0.43_A1_0.15_P_31/inp070.err for more details.
ERROR in MURE::WriteMaterial(ostream &Out)
	 Some nuclei have troubles, see transcript U5_0.46_8_94_P6_0.034_8_0.089_9_2.6_0_1.7_1_0.79_2_0.43_A1_0.15_P_31/inp070.err for more details.
ERROR in MURE::BuildMCNPFile
	 Some nuclei have troubles, see transcript U5_0.46_8_94_P6_0.034_8_0.089_9_2.6_0_1.7_1_0.79_2_0.43_A1_0.15_P_31/inp071.err for more details.
ERROR in MURE::WriteMaterial(ostream &Out)
	 Some nuclei have troubles, see transcript U5_0.46_8_94_P6_0.034_8_0.089_9_2.6_0_1.7_1_0.79_2_0.43_A1_0.15_P_31/inp071.err for more details.
ERROR in MURE::BuildMCNPFile
	 Some nuclei have troubles, see transcript U5_0.46_8_94_P6_0.034_8_0.089_9_2.6_0_1.7_1_0.79_2_0.43_A1_0.15_P_31/inp072.err for more details.
ERROR in MURE::WriteMaterial(ostream &Out)
	 Some nuclei have troubles, see transcript U5_0.46_8_94_P6_0.034_8_0.089_9_2.6_0_1.7_1_0.79_2_0.43_A1_0.15_P_31/inp072.err for more details.
ERROR in MURE::BuildMCNPFile
	 Some nuclei have troubles, see transcript U5_0.46_8_94_P6_0.034_8_0.089_9_2.6_0_1.7_1_0.79_2_0.43_A1_0.15_P_31/inp073.err for more details.
ERROR in MURE::WriteMaterial(ostream &Out)
	 Some nuclei have troubles, see transcript U5_0.46_8_94_P6_0.034_8_0.089_9_2.6_0_1.7_1_0.79_2_0.43_A1_0.15_P_31/inp073.err for more details.
ERROR in MURE::BuildMCNPFile
	 Some nuclei have troubles, see transcript U5_0.46_8_94_P6_0.034_8_0.089_9_2.6_0_1.7_1_0.79_2_0.43_A1_0.15_P_31/inp074.err for more details.
ERROR in MURE::WriteMaterial(ostream &Out)
	 Some nuclei have troubles, see transcript U5_0.46_8_94_P6_0.034_8_0.089_9_2.6_0_1.7_1_0.79_2_0.43_A1_0.15_P_31/inp074.err for more details.
ERROR in MURE::BuildMCNPFile
	 Some nuclei have troubles, see transcript U5_0.46_8_94_P6_0.034_8_0.089_9_2.6_0_1.7_1_0.79_2_0.43_A1_0.15_P_31/inp075.err for more details.
ERROR in MURE::WriteMaterial(ostream &Out)
	 Some nuclei have troubles, see transcript U5_0.46_8_94_P6_0.034_8_0.089_9_2.6_0_1.7_1_0.79_2_0.43_A1_0.15_P_31/inp075.err for more details.
ERROR in MURE::BuildMCNPFile
	 Some nuclei have troubles, see transcript U5_0.46_8_94_P6_0.034_8_0.089_9_2.6_0_1.7_1_0.79_2_0.43_A1_0.15_P_31/inp076.err for more details.
ERROR in MURE::WriteMaterial(ostream &Out)
	 Some nuclei have troubles, see transcript U5_0.46_8_94_P6_0.034_8_0.089_9_2.6_0_1.7_1_0.79_2_0.43_A1_0.15_P_31/inp076.err for more details.
ERROR in MURE::BuildMCNPFile
	 Some nuclei have troubles, see transcript U5_0.46_8_94_P6_0.034_8_0.089_9_2.6_0_1.7_1_0.79_2_0.43_A1_0.15_P_31/inp077.err for more details.
ERROR in MURE::WriteMaterial(ostream &Out)
	 Some nuclei have troubles, see transcript U5_0.46_8_94_P6_0.034_8_0.089_9_2.6_0_1.7_1_0.79_2_0.43_A1_0.15_P_31/inp077.err for more details.
ERROR in MURE::BuildMCNPFile
	 Some nuclei have troubles, see transcript U5_0.46_8_94_P6_0.034_8_0.089_9_2.6_0_1.7_1_0.79_2_0.43_A1_0.15_P_31/inp078.err for more details.
ERROR in MURE::WriteMaterial(ostream &Out)
	 Some nuclei have troubles, see transcript U5_0.46_8_94_P6_0.034_8_0.089_9_2.6_0_1.7_1_0.79_2_0.43_A1_0.15_P_31/inp078.err for more details.
ERROR in MURE::BuildMCNPFile
	 Some nuclei have troubles, see transcript U5_0.46_8_94_P6_0.034_8_0.089_9_2.6_0_1.7_1_0.79_2_0.43_A1_0.15_P_31/inp079.err for more details.
ERROR in MURE::WriteMaterial(ostream &Out)
	 Some nuclei have troubles, see transcript U5_0.46_8_94_P6_0.034_8_0.089_9_2.6_0_1.7_1_0.79_2_0.43_A1_0.15_P_31/inp079.err for more details.
* About to connect() to ftp.box.com port 21 (#0)
*   Trying 74.112.186.81... connected
* Connected to ftp.box.com (74.112.186.81) port 21 (#0)
< 220 Service ready for new user.
> AUTH SSL
< 234 Command AUTH okay; starting SSL connection.
* Initializing NSS with certpath: sql:/etc/pki/nssdb
*   CAfile: /etc/pki/tls/certs/ca-bundle.crt
  CApath: none
* SSL connection using TLS_RSA_WITH_AES_128_CBC_SHA
* Server certificate:
* 	subject: CN=*.box.com,O="Box, Inc.",L=Los Altos,ST=California,C=US
* 	start date: Nov 13 19:22:20 2014 GMT
* 	expire date: Oct 23 02:42:03 2017 GMT
* 	common name: *.box.com
* 	issuer: CN=GeoTrust SSL CA - G4,O=GeoTrust Inc.,C=US
> USER mouginot@wisc.edu
< 331 User name okay, need password for mouginot@wisc.edu.
> PASS line150782
< 230 User logged in, proceed.
> PBSZ 0
< 200 Command PBSZ okay.
> PROT P
< 200 Command PROT okay.
> PWD
< 257 "/" is current directory.
* Entry path is '/'
> CWD MODEL_DATA
< 250 Directory changed to /MODEL_DATA
> CWD PWR_TRU_MOX_PSPEC
< 250 Directory changed to /MODEL_DATA/PWR_TRU_MOX_PSPEC
> CWD 1000
< 250 Directory changed to /MODEL_DATA/PWR_TRU_MOX_PSPEC/1000
> PASV
* Connect data stream passively
< 227 Entering Passive Mode (74,112,186,81,90,170)
* Skips 74.112.186.81 for data connection, uses 74.112.186.81 instead
*   Trying 74.112.186.81... connected
* Connecting to 74.112.186.81 (74.112.186.81) port 23210
> TYPE I
< 200 Command TYPE okay.
> STOR 935_raw.tar.gz
< 150 File status okay; about to open data connection.
* Doing the SSL/TLS handshake on the data stream
*   CAfile: /etc/pki/tls/certs/ca-bundle.crt
  CApath: none
* SSL connection using TLS_RSA_WITH_AES_128_CBC_SHA
* Server certificate:
* 	subject: CN=*.box.com,O="Box, Inc.",L=Los Altos,ST=California,C=US
* 	start date: Nov 13 19:22:20 2014 GMT
* 	expire date: Oct 23 02:42:03 2017 GMT
* 	common name: *.box.com
* 	issuer: CN=GeoTrust SSL CA - G4,O=GeoTrust Inc.,C=US
} [data not shown]
  % Total    % Received % Xferd  Average Speed   Time    Time     Time  Current
                                 Dload  Upload   Total   Spent    Left  Speed
  0 43.6M    0     0    0 16384      0   2401  5:17:21  0:00:06  5:17:15  2401  0 43.6M    0     0    0 81920      0  11716  1:05:02  0:00:06  1:04:56  378k  8 43.6M    0     0    8 3760k      0   473k  0:01:34  0:00:07  0:01:27 3328k 51 43.6M    0     0   51 22.5M      0  2579k  0:00:17  0:00:08  0:00:09 10.6M 95 43.6M    0     0   95 41.7M      0  4294k  0:00:10  0:00:09  0:00:01 13.3M* Remembering we are in dir "MODEL_DATA/PWR_TRU_MOX_PSPEC/1000/"
100 43.6M    0     0  100 43.6M      0  4043k  0:00:11  0:00:11 --:--:-- 10.3M< 226 Transfer complete.
100 43.6M    0     0  100 43.6M      0  3910k  0:00:11  0:00:11 --:--:--  9.8M* Connection #0 to host ftp.box.com left intact

> QUIT
< 221 Goodbye.
* Closing connection #0
