ERROR in MURE::BuildXSDIR()
	 Some nuclei have troubles, see transcript U5_1.4_8_84_P6_0.05_8_0.95_9_8.7_0_3.8_1_0.37_2_0.82_A1_0.17_P_23/inp000.err for more details.
ERROR in MURE::BuildMCNPFile
	 Some nuclei have troubles, see transcript U5_1.4_8_84_P6_0.05_8_0.95_9_8.7_0_3.8_1_0.37_2_0.82_A1_0.17_P_23/inp000.err for more details.
ERROR in MURE::WriteMaterial(ostream &Out)
	 Some nuclei have troubles, see transcript U5_1.4_8_84_P6_0.05_8_0.95_9_8.7_0_3.8_1_0.37_2_0.82_A1_0.17_P_23/inp000.err for more details.
ERROR in MURE::BuildMCNPFile
	 Some nuclei have troubles, see transcript U5_1.4_8_84_P6_0.05_8_0.95_9_8.7_0_3.8_1_0.37_2_0.82_A1_0.17_P_23/inp001.err for more details.
ERROR in MURE::WriteMaterial(ostream &Out)
	 Some nuclei have troubles, see transcript U5_1.4_8_84_P6_0.05_8_0.95_9_8.7_0_3.8_1_0.37_2_0.82_A1_0.17_P_23/inp001.err for more details.
ERROR in MURE::BuildMCNPFile
	 Some nuclei have troubles, see transcript U5_1.4_8_84_P6_0.05_8_0.95_9_8.7_0_3.8_1_0.37_2_0.82_A1_0.17_P_23/inp002.err for more details.
ERROR in MURE::WriteMaterial(ostream &Out)
	 Some nuclei have troubles, see transcript U5_1.4_8_84_P6_0.05_8_0.95_9_8.7_0_3.8_1_0.37_2_0.82_A1_0.17_P_23/inp002.err for more details.
ERROR in MURE::BuildMCNPFile
	 Some nuclei have troubles, see transcript U5_1.4_8_84_P6_0.05_8_0.95_9_8.7_0_3.8_1_0.37_2_0.82_A1_0.17_P_23/inp003.err for more details.
ERROR in MURE::WriteMaterial(ostream &Out)
	 Some nuclei have troubles, see transcript U5_1.4_8_84_P6_0.05_8_0.95_9_8.7_0_3.8_1_0.37_2_0.82_A1_0.17_P_23/inp003.err for more details.
ERROR in MURE::BuildMCNPFile
	 Some nuclei have troubles, see transcript U5_1.4_8_84_P6_0.05_8_0.95_9_8.7_0_3.8_1_0.37_2_0.82_A1_0.17_P_23/inp004.err for more details.
ERROR in MURE::WriteMaterial(ostream &Out)
	 Some nuclei have troubles, see transcript U5_1.4_8_84_P6_0.05_8_0.95_9_8.7_0_3.8_1_0.37_2_0.82_A1_0.17_P_23/inp004.err for more details.
ERROR in MURE::BuildMCNPFile
	 Some nuclei have troubles, see transcript U5_1.4_8_84_P6_0.05_8_0.95_9_8.7_0_3.8_1_0.37_2_0.82_A1_0.17_P_23/inp005.err for more details.
ERROR in MURE::WriteMaterial(ostream &Out)
	 Some nuclei have troubles, see transcript U5_1.4_8_84_P6_0.05_8_0.95_9_8.7_0_3.8_1_0.37_2_0.82_A1_0.17_P_23/inp005.err for more details.
ERROR in MURE::BuildMCNPFile
	 Some nuclei have troubles, see transcript U5_1.4_8_84_P6_0.05_8_0.95_9_8.7_0_3.8_1_0.37_2_0.82_A1_0.17_P_23/inp006.err for more details.
ERROR in MURE::WriteMaterial(ostream &Out)
	 Some nuclei have troubles, see transcript U5_1.4_8_84_P6_0.05_8_0.95_9_8.7_0_3.8_1_0.37_2_0.82_A1_0.17_P_23/inp006.err for more details.
ERROR in MURE::BuildMCNPFile
	 Some nuclei have troubles, see transcript U5_1.4_8_84_P6_0.05_8_0.95_9_8.7_0_3.8_1_0.37_2_0.82_A1_0.17_P_23/inp007.err for more details.
ERROR in MURE::WriteMaterial(ostream &Out)
	 Some nuclei have troubles, see transcript U5_1.4_8_84_P6_0.05_8_0.95_9_8.7_0_3.8_1_0.37_2_0.82_A1_0.17_P_23/inp007.err for more details.
ERROR in MURE::BuildMCNPFile
	 Some nuclei have troubles, see transcript U5_1.4_8_84_P6_0.05_8_0.95_9_8.7_0_3.8_1_0.37_2_0.82_A1_0.17_P_23/inp008.err for more details.
ERROR in MURE::WriteMaterial(ostream &Out)
	 Some nuclei have troubles, see transcript U5_1.4_8_84_P6_0.05_8_0.95_9_8.7_0_3.8_1_0.37_2_0.82_A1_0.17_P_23/inp008.err for more details.
ERROR in MURE::BuildMCNPFile
	 Some nuclei have troubles, see transcript U5_1.4_8_84_P6_0.05_8_0.95_9_8.7_0_3.8_1_0.37_2_0.82_A1_0.17_P_23/inp009.err for more details.
ERROR in MURE::WriteMaterial(ostream &Out)
	 Some nuclei have troubles, see transcript U5_1.4_8_84_P6_0.05_8_0.95_9_8.7_0_3.8_1_0.37_2_0.82_A1_0.17_P_23/inp009.err for more details.
ERROR in MURE::BuildMCNPFile
	 Some nuclei have troubles, see transcript U5_1.4_8_84_P6_0.05_8_0.95_9_8.7_0_3.8_1_0.37_2_0.82_A1_0.17_P_23/inp010.err for more details.
ERROR in MURE::WriteMaterial(ostream &Out)
	 Some nuclei have troubles, see transcript U5_1.4_8_84_P6_0.05_8_0.95_9_8.7_0_3.8_1_0.37_2_0.82_A1_0.17_P_23/inp010.err for more details.
ERROR in MURE::BuildMCNPFile
	 Some nuclei have troubles, see transcript U5_1.4_8_84_P6_0.05_8_0.95_9_8.7_0_3.8_1_0.37_2_0.82_A1_0.17_P_23/inp011.err for more details.
ERROR in MURE::WriteMaterial(ostream &Out)
	 Some nuclei have troubles, see transcript U5_1.4_8_84_P6_0.05_8_0.95_9_8.7_0_3.8_1_0.37_2_0.82_A1_0.17_P_23/inp011.err for more details.
ERROR in MURE::BuildMCNPFile
	 Some nuclei have troubles, see transcript U5_1.4_8_84_P6_0.05_8_0.95_9_8.7_0_3.8_1_0.37_2_0.82_A1_0.17_P_23/inp012.err for more details.
ERROR in MURE::WriteMaterial(ostream &Out)
	 Some nuclei have troubles, see transcript U5_1.4_8_84_P6_0.05_8_0.95_9_8.7_0_3.8_1_0.37_2_0.82_A1_0.17_P_23/inp012.err for more details.
ERROR in MURE::BuildMCNPFile
	 Some nuclei have troubles, see transcript U5_1.4_8_84_P6_0.05_8_0.95_9_8.7_0_3.8_1_0.37_2_0.82_A1_0.17_P_23/inp013.err for more details.
ERROR in MURE::WriteMaterial(ostream &Out)
	 Some nuclei have troubles, see transcript U5_1.4_8_84_P6_0.05_8_0.95_9_8.7_0_3.8_1_0.37_2_0.82_A1_0.17_P_23/inp013.err for more details.
ERROR in MURE::BuildMCNPFile
	 Some nuclei have troubles, see transcript U5_1.4_8_84_P6_0.05_8_0.95_9_8.7_0_3.8_1_0.37_2_0.82_A1_0.17_P_23/inp014.err for more details.
ERROR in MURE::WriteMaterial(ostream &Out)
	 Some nuclei have troubles, see transcript U5_1.4_8_84_P6_0.05_8_0.95_9_8.7_0_3.8_1_0.37_2_0.82_A1_0.17_P_23/inp014.err for more details.
ERROR in MURE::BuildMCNPFile
	 Some nuclei have troubles, see transcript U5_1.4_8_84_P6_0.05_8_0.95_9_8.7_0_3.8_1_0.37_2_0.82_A1_0.17_P_23/inp015.err for more details.
ERROR in MURE::WriteMaterial(ostream &Out)
	 Some nuclei have troubles, see transcript U5_1.4_8_84_P6_0.05_8_0.95_9_8.7_0_3.8_1_0.37_2_0.82_A1_0.17_P_23/inp015.err for more details.
ERROR in MURE::BuildMCNPFile
	 Some nuclei have troubles, see transcript U5_1.4_8_84_P6_0.05_8_0.95_9_8.7_0_3.8_1_0.37_2_0.82_A1_0.17_P_23/inp016.err for more details.
ERROR in MURE::WriteMaterial(ostream &Out)
	 Some nuclei have troubles, see transcript U5_1.4_8_84_P6_0.05_8_0.95_9_8.7_0_3.8_1_0.37_2_0.82_A1_0.17_P_23/inp016.err for more details.
ERROR in MURE::BuildMCNPFile
	 Some nuclei have troubles, see transcript U5_1.4_8_84_P6_0.05_8_0.95_9_8.7_0_3.8_1_0.37_2_0.82_A1_0.17_P_23/inp017.err for more details.
ERROR in MURE::WriteMaterial(ostream &Out)
	 Some nuclei have troubles, see transcript U5_1.4_8_84_P6_0.05_8_0.95_9_8.7_0_3.8_1_0.37_2_0.82_A1_0.17_P_23/inp017.err for more details.
ERROR in MURE::BuildMCNPFile
	 Some nuclei have troubles, see transcript U5_1.4_8_84_P6_0.05_8_0.95_9_8.7_0_3.8_1_0.37_2_0.82_A1_0.17_P_23/inp018.err for more details.
ERROR in MURE::WriteMaterial(ostream &Out)
	 Some nuclei have troubles, see transcript U5_1.4_8_84_P6_0.05_8_0.95_9_8.7_0_3.8_1_0.37_2_0.82_A1_0.17_P_23/inp018.err for more details.
ERROR in MURE::BuildMCNPFile
	 Some nuclei have troubles, see transcript U5_1.4_8_84_P6_0.05_8_0.95_9_8.7_0_3.8_1_0.37_2_0.82_A1_0.17_P_23/inp019.err for more details.
ERROR in MURE::WriteMaterial(ostream &Out)
	 Some nuclei have troubles, see transcript U5_1.4_8_84_P6_0.05_8_0.95_9_8.7_0_3.8_1_0.37_2_0.82_A1_0.17_P_23/inp019.err for more details.
ERROR in MURE::BuildMCNPFile
	 Some nuclei have troubles, see transcript U5_1.4_8_84_P6_0.05_8_0.95_9_8.7_0_3.8_1_0.37_2_0.82_A1_0.17_P_23/inp020.err for more details.
ERROR in MURE::WriteMaterial(ostream &Out)
	 Some nuclei have troubles, see transcript U5_1.4_8_84_P6_0.05_8_0.95_9_8.7_0_3.8_1_0.37_2_0.82_A1_0.17_P_23/inp020.err for more details.
ERROR in MURE::BuildMCNPFile
	 Some nuclei have troubles, see transcript U5_1.4_8_84_P6_0.05_8_0.95_9_8.7_0_3.8_1_0.37_2_0.82_A1_0.17_P_23/inp021.err for more details.
ERROR in MURE::WriteMaterial(ostream &Out)
	 Some nuclei have troubles, see transcript U5_1.4_8_84_P6_0.05_8_0.95_9_8.7_0_3.8_1_0.37_2_0.82_A1_0.17_P_23/inp021.err for more details.
ERROR in MURE::BuildMCNPFile
	 Some nuclei have troubles, see transcript U5_1.4_8_84_P6_0.05_8_0.95_9_8.7_0_3.8_1_0.37_2_0.82_A1_0.17_P_23/inp022.err for more details.
ERROR in MURE::WriteMaterial(ostream &Out)
	 Some nuclei have troubles, see transcript U5_1.4_8_84_P6_0.05_8_0.95_9_8.7_0_3.8_1_0.37_2_0.82_A1_0.17_P_23/inp022.err for more details.
ERROR in MURE::BuildMCNPFile
	 Some nuclei have troubles, see transcript U5_1.4_8_84_P6_0.05_8_0.95_9_8.7_0_3.8_1_0.37_2_0.82_A1_0.17_P_23/inp023.err for more details.
ERROR in MURE::WriteMaterial(ostream &Out)
	 Some nuclei have troubles, see transcript U5_1.4_8_84_P6_0.05_8_0.95_9_8.7_0_3.8_1_0.37_2_0.82_A1_0.17_P_23/inp023.err for more details.
ERROR in MURE::BuildMCNPFile
	 Some nuclei have troubles, see transcript U5_1.4_8_84_P6_0.05_8_0.95_9_8.7_0_3.8_1_0.37_2_0.82_A1_0.17_P_23/inp024.err for more details.
ERROR in MURE::WriteMaterial(ostream &Out)
	 Some nuclei have troubles, see transcript U5_1.4_8_84_P6_0.05_8_0.95_9_8.7_0_3.8_1_0.37_2_0.82_A1_0.17_P_23/inp024.err for more details.
ERROR in MURE::BuildMCNPFile
	 Some nuclei have troubles, see transcript U5_1.4_8_84_P6_0.05_8_0.95_9_8.7_0_3.8_1_0.37_2_0.82_A1_0.17_P_23/inp025.err for more details.
ERROR in MURE::WriteMaterial(ostream &Out)
	 Some nuclei have troubles, see transcript U5_1.4_8_84_P6_0.05_8_0.95_9_8.7_0_3.8_1_0.37_2_0.82_A1_0.17_P_23/inp025.err for more details.
ERROR in MURE::BuildMCNPFile
	 Some nuclei have troubles, see transcript U5_1.4_8_84_P6_0.05_8_0.95_9_8.7_0_3.8_1_0.37_2_0.82_A1_0.17_P_23/inp026.err for more details.
ERROR in MURE::WriteMaterial(ostream &Out)
	 Some nuclei have troubles, see transcript U5_1.4_8_84_P6_0.05_8_0.95_9_8.7_0_3.8_1_0.37_2_0.82_A1_0.17_P_23/inp026.err for more details.
ERROR in MURE::BuildMCNPFile
	 Some nuclei have troubles, see transcript U5_1.4_8_84_P6_0.05_8_0.95_9_8.7_0_3.8_1_0.37_2_0.82_A1_0.17_P_23/inp027.err for more details.
ERROR in MURE::WriteMaterial(ostream &Out)
	 Some nuclei have troubles, see transcript U5_1.4_8_84_P6_0.05_8_0.95_9_8.7_0_3.8_1_0.37_2_0.82_A1_0.17_P_23/inp027.err for more details.
ERROR in MURE::BuildMCNPFile
	 Some nuclei have troubles, see transcript U5_1.4_8_84_P6_0.05_8_0.95_9_8.7_0_3.8_1_0.37_2_0.82_A1_0.17_P_23/inp028.err for more details.
ERROR in MURE::WriteMaterial(ostream &Out)
	 Some nuclei have troubles, see transcript U5_1.4_8_84_P6_0.05_8_0.95_9_8.7_0_3.8_1_0.37_2_0.82_A1_0.17_P_23/inp028.err for more details.
ERROR in MURE::BuildMCNPFile
	 Some nuclei have troubles, see transcript U5_1.4_8_84_P6_0.05_8_0.95_9_8.7_0_3.8_1_0.37_2_0.82_A1_0.17_P_23/inp029.err for more details.
ERROR in MURE::WriteMaterial(ostream &Out)
	 Some nuclei have troubles, see transcript U5_1.4_8_84_P6_0.05_8_0.95_9_8.7_0_3.8_1_0.37_2_0.82_A1_0.17_P_23/inp029.err for more details.
ERROR in MURE::BuildMCNPFile
	 Some nuclei have troubles, see transcript U5_1.4_8_84_P6_0.05_8_0.95_9_8.7_0_3.8_1_0.37_2_0.82_A1_0.17_P_23/inp030.err for more details.
ERROR in MURE::WriteMaterial(ostream &Out)
	 Some nuclei have troubles, see transcript U5_1.4_8_84_P6_0.05_8_0.95_9_8.7_0_3.8_1_0.37_2_0.82_A1_0.17_P_23/inp030.err for more details.
ERROR in MURE::BuildMCNPFile
	 Some nuclei have troubles, see transcript U5_1.4_8_84_P6_0.05_8_0.95_9_8.7_0_3.8_1_0.37_2_0.82_A1_0.17_P_23/inp031.err for more details.
ERROR in MURE::WriteMaterial(ostream &Out)
	 Some nuclei have troubles, see transcript U5_1.4_8_84_P6_0.05_8_0.95_9_8.7_0_3.8_1_0.37_2_0.82_A1_0.17_P_23/inp031.err for more details.
ERROR in MURE::BuildMCNPFile
	 Some nuclei have troubles, see transcript U5_1.4_8_84_P6_0.05_8_0.95_9_8.7_0_3.8_1_0.37_2_0.82_A1_0.17_P_23/inp032.err for more details.
ERROR in MURE::WriteMaterial(ostream &Out)
	 Some nuclei have troubles, see transcript U5_1.4_8_84_P6_0.05_8_0.95_9_8.7_0_3.8_1_0.37_2_0.82_A1_0.17_P_23/inp032.err for more details.
ERROR in MURE::BuildMCNPFile
	 Some nuclei have troubles, see transcript U5_1.4_8_84_P6_0.05_8_0.95_9_8.7_0_3.8_1_0.37_2_0.82_A1_0.17_P_23/inp033.err for more details.
ERROR in MURE::WriteMaterial(ostream &Out)
	 Some nuclei have troubles, see transcript U5_1.4_8_84_P6_0.05_8_0.95_9_8.7_0_3.8_1_0.37_2_0.82_A1_0.17_P_23/inp033.err for more details.
ERROR in MURE::BuildMCNPFile
	 Some nuclei have troubles, see transcript U5_1.4_8_84_P6_0.05_8_0.95_9_8.7_0_3.8_1_0.37_2_0.82_A1_0.17_P_23/inp034.err for more details.
ERROR in MURE::WriteMaterial(ostream &Out)
	 Some nuclei have troubles, see transcript U5_1.4_8_84_P6_0.05_8_0.95_9_8.7_0_3.8_1_0.37_2_0.82_A1_0.17_P_23/inp034.err for more details.
ERROR in MURE::BuildMCNPFile
	 Some nuclei have troubles, see transcript U5_1.4_8_84_P6_0.05_8_0.95_9_8.7_0_3.8_1_0.37_2_0.82_A1_0.17_P_23/inp035.err for more details.
ERROR in MURE::WriteMaterial(ostream &Out)
	 Some nuclei have troubles, see transcript U5_1.4_8_84_P6_0.05_8_0.95_9_8.7_0_3.8_1_0.37_2_0.82_A1_0.17_P_23/inp035.err for more details.
ERROR in MURE::BuildMCNPFile
	 Some nuclei have troubles, see transcript U5_1.4_8_84_P6_0.05_8_0.95_9_8.7_0_3.8_1_0.37_2_0.82_A1_0.17_P_23/inp036.err for more details.
ERROR in MURE::WriteMaterial(ostream &Out)
	 Some nuclei have troubles, see transcript U5_1.4_8_84_P6_0.05_8_0.95_9_8.7_0_3.8_1_0.37_2_0.82_A1_0.17_P_23/inp036.err for more details.
ERROR in MURE::BuildMCNPFile
	 Some nuclei have troubles, see transcript U5_1.4_8_84_P6_0.05_8_0.95_9_8.7_0_3.8_1_0.37_2_0.82_A1_0.17_P_23/inp037.err for more details.
ERROR in MURE::WriteMaterial(ostream &Out)
	 Some nuclei have troubles, see transcript U5_1.4_8_84_P6_0.05_8_0.95_9_8.7_0_3.8_1_0.37_2_0.82_A1_0.17_P_23/inp037.err for more details.
ERROR in MURE::BuildMCNPFile
	 Some nuclei have troubles, see transcript U5_1.4_8_84_P6_0.05_8_0.95_9_8.7_0_3.8_1_0.37_2_0.82_A1_0.17_P_23/inp038.err for more details.
ERROR in MURE::WriteMaterial(ostream &Out)
	 Some nuclei have troubles, see transcript U5_1.4_8_84_P6_0.05_8_0.95_9_8.7_0_3.8_1_0.37_2_0.82_A1_0.17_P_23/inp038.err for more details.
ERROR in MURE::BuildMCNPFile
	 Some nuclei have troubles, see transcript U5_1.4_8_84_P6_0.05_8_0.95_9_8.7_0_3.8_1_0.37_2_0.82_A1_0.17_P_23/inp039.err for more details.
ERROR in MURE::WriteMaterial(ostream &Out)
	 Some nuclei have troubles, see transcript U5_1.4_8_84_P6_0.05_8_0.95_9_8.7_0_3.8_1_0.37_2_0.82_A1_0.17_P_23/inp039.err for more details.
ERROR in MURE::BuildMCNPFile
	 Some nuclei have troubles, see transcript U5_1.4_8_84_P6_0.05_8_0.95_9_8.7_0_3.8_1_0.37_2_0.82_A1_0.17_P_23/inp040.err for more details.
ERROR in MURE::WriteMaterial(ostream &Out)
	 Some nuclei have troubles, see transcript U5_1.4_8_84_P6_0.05_8_0.95_9_8.7_0_3.8_1_0.37_2_0.82_A1_0.17_P_23/inp040.err for more details.
ERROR in MURE::BuildMCNPFile
	 Some nuclei have troubles, see transcript U5_1.4_8_84_P6_0.05_8_0.95_9_8.7_0_3.8_1_0.37_2_0.82_A1_0.17_P_23/inp041.err for more details.
ERROR in MURE::WriteMaterial(ostream &Out)
	 Some nuclei have troubles, see transcript U5_1.4_8_84_P6_0.05_8_0.95_9_8.7_0_3.8_1_0.37_2_0.82_A1_0.17_P_23/inp041.err for more details.
ERROR in MURE::BuildMCNPFile
	 Some nuclei have troubles, see transcript U5_1.4_8_84_P6_0.05_8_0.95_9_8.7_0_3.8_1_0.37_2_0.82_A1_0.17_P_23/inp042.err for more details.
ERROR in MURE::WriteMaterial(ostream &Out)
	 Some nuclei have troubles, see transcript U5_1.4_8_84_P6_0.05_8_0.95_9_8.7_0_3.8_1_0.37_2_0.82_A1_0.17_P_23/inp042.err for more details.
ERROR in MURE::BuildMCNPFile
	 Some nuclei have troubles, see transcript U5_1.4_8_84_P6_0.05_8_0.95_9_8.7_0_3.8_1_0.37_2_0.82_A1_0.17_P_23/inp043.err for more details.
ERROR in MURE::WriteMaterial(ostream &Out)
	 Some nuclei have troubles, see transcript U5_1.4_8_84_P6_0.05_8_0.95_9_8.7_0_3.8_1_0.37_2_0.82_A1_0.17_P_23/inp043.err for more details.
ERROR in MURE::BuildMCNPFile
	 Some nuclei have troubles, see transcript U5_1.4_8_84_P6_0.05_8_0.95_9_8.7_0_3.8_1_0.37_2_0.82_A1_0.17_P_23/inp044.err for more details.
ERROR in MURE::WriteMaterial(ostream &Out)
	 Some nuclei have troubles, see transcript U5_1.4_8_84_P6_0.05_8_0.95_9_8.7_0_3.8_1_0.37_2_0.82_A1_0.17_P_23/inp044.err for more details.
ERROR in MURE::BuildMCNPFile
	 Some nuclei have troubles, see transcript U5_1.4_8_84_P6_0.05_8_0.95_9_8.7_0_3.8_1_0.37_2_0.82_A1_0.17_P_23/inp045.err for more details.
ERROR in MURE::WriteMaterial(ostream &Out)
	 Some nuclei have troubles, see transcript U5_1.4_8_84_P6_0.05_8_0.95_9_8.7_0_3.8_1_0.37_2_0.82_A1_0.17_P_23/inp045.err for more details.
ERROR in MURE::BuildMCNPFile
	 Some nuclei have troubles, see transcript U5_1.4_8_84_P6_0.05_8_0.95_9_8.7_0_3.8_1_0.37_2_0.82_A1_0.17_P_23/inp046.err for more details.
ERROR in MURE::WriteMaterial(ostream &Out)
	 Some nuclei have troubles, see transcript U5_1.4_8_84_P6_0.05_8_0.95_9_8.7_0_3.8_1_0.37_2_0.82_A1_0.17_P_23/inp046.err for more details.
ERROR in MURE::BuildMCNPFile
	 Some nuclei have troubles, see transcript U5_1.4_8_84_P6_0.05_8_0.95_9_8.7_0_3.8_1_0.37_2_0.82_A1_0.17_P_23/inp047.err for more details.
ERROR in MURE::WriteMaterial(ostream &Out)
	 Some nuclei have troubles, see transcript U5_1.4_8_84_P6_0.05_8_0.95_9_8.7_0_3.8_1_0.37_2_0.82_A1_0.17_P_23/inp047.err for more details.
ERROR in MURE::BuildMCNPFile
	 Some nuclei have troubles, see transcript U5_1.4_8_84_P6_0.05_8_0.95_9_8.7_0_3.8_1_0.37_2_0.82_A1_0.17_P_23/inp048.err for more details.
ERROR in MURE::WriteMaterial(ostream &Out)
	 Some nuclei have troubles, see transcript U5_1.4_8_84_P6_0.05_8_0.95_9_8.7_0_3.8_1_0.37_2_0.82_A1_0.17_P_23/inp048.err for more details.
ERROR in MURE::BuildMCNPFile
	 Some nuclei have troubles, see transcript U5_1.4_8_84_P6_0.05_8_0.95_9_8.7_0_3.8_1_0.37_2_0.82_A1_0.17_P_23/inp049.err for more details.
ERROR in MURE::WriteMaterial(ostream &Out)
	 Some nuclei have troubles, see transcript U5_1.4_8_84_P6_0.05_8_0.95_9_8.7_0_3.8_1_0.37_2_0.82_A1_0.17_P_23/inp049.err for more details.
ERROR in MURE::BuildMCNPFile
	 Some nuclei have troubles, see transcript U5_1.4_8_84_P6_0.05_8_0.95_9_8.7_0_3.8_1_0.37_2_0.82_A1_0.17_P_23/inp050.err for more details.
ERROR in MURE::WriteMaterial(ostream &Out)
	 Some nuclei have troubles, see transcript U5_1.4_8_84_P6_0.05_8_0.95_9_8.7_0_3.8_1_0.37_2_0.82_A1_0.17_P_23/inp050.err for more details.
ERROR in MURE::BuildMCNPFile
	 Some nuclei have troubles, see transcript U5_1.4_8_84_P6_0.05_8_0.95_9_8.7_0_3.8_1_0.37_2_0.82_A1_0.17_P_23/inp051.err for more details.
ERROR in MURE::WriteMaterial(ostream &Out)
	 Some nuclei have troubles, see transcript U5_1.4_8_84_P6_0.05_8_0.95_9_8.7_0_3.8_1_0.37_2_0.82_A1_0.17_P_23/inp051.err for more details.
ERROR in MURE::BuildMCNPFile
	 Some nuclei have troubles, see transcript U5_1.4_8_84_P6_0.05_8_0.95_9_8.7_0_3.8_1_0.37_2_0.82_A1_0.17_P_23/inp052.err for more details.
ERROR in MURE::WriteMaterial(ostream &Out)
	 Some nuclei have troubles, see transcript U5_1.4_8_84_P6_0.05_8_0.95_9_8.7_0_3.8_1_0.37_2_0.82_A1_0.17_P_23/inp052.err for more details.
ERROR in MURE::BuildMCNPFile
	 Some nuclei have troubles, see transcript U5_1.4_8_84_P6_0.05_8_0.95_9_8.7_0_3.8_1_0.37_2_0.82_A1_0.17_P_23/inp053.err for more details.
ERROR in MURE::WriteMaterial(ostream &Out)
	 Some nuclei have troubles, see transcript U5_1.4_8_84_P6_0.05_8_0.95_9_8.7_0_3.8_1_0.37_2_0.82_A1_0.17_P_23/inp053.err for more details.
ERROR in MURE::BuildMCNPFile
	 Some nuclei have troubles, see transcript U5_1.4_8_84_P6_0.05_8_0.95_9_8.7_0_3.8_1_0.37_2_0.82_A1_0.17_P_23/inp054.err for more details.
ERROR in MURE::WriteMaterial(ostream &Out)
	 Some nuclei have troubles, see transcript U5_1.4_8_84_P6_0.05_8_0.95_9_8.7_0_3.8_1_0.37_2_0.82_A1_0.17_P_23/inp054.err for more details.
ERROR in MURE::BuildMCNPFile
	 Some nuclei have troubles, see transcript U5_1.4_8_84_P6_0.05_8_0.95_9_8.7_0_3.8_1_0.37_2_0.82_A1_0.17_P_23/inp055.err for more details.
ERROR in MURE::WriteMaterial(ostream &Out)
	 Some nuclei have troubles, see transcript U5_1.4_8_84_P6_0.05_8_0.95_9_8.7_0_3.8_1_0.37_2_0.82_A1_0.17_P_23/inp055.err for more details.
ERROR in MURE::BuildMCNPFile
	 Some nuclei have troubles, see transcript U5_1.4_8_84_P6_0.05_8_0.95_9_8.7_0_3.8_1_0.37_2_0.82_A1_0.17_P_23/inp056.err for more details.
ERROR in MURE::WriteMaterial(ostream &Out)
	 Some nuclei have troubles, see transcript U5_1.4_8_84_P6_0.05_8_0.95_9_8.7_0_3.8_1_0.37_2_0.82_A1_0.17_P_23/inp056.err for more details.
ERROR in MURE::BuildMCNPFile
	 Some nuclei have troubles, see transcript U5_1.4_8_84_P6_0.05_8_0.95_9_8.7_0_3.8_1_0.37_2_0.82_A1_0.17_P_23/inp057.err for more details.
ERROR in MURE::WriteMaterial(ostream &Out)
	 Some nuclei have troubles, see transcript U5_1.4_8_84_P6_0.05_8_0.95_9_8.7_0_3.8_1_0.37_2_0.82_A1_0.17_P_23/inp057.err for more details.
ERROR in MURE::BuildMCNPFile
	 Some nuclei have troubles, see transcript U5_1.4_8_84_P6_0.05_8_0.95_9_8.7_0_3.8_1_0.37_2_0.82_A1_0.17_P_23/inp058.err for more details.
ERROR in MURE::WriteMaterial(ostream &Out)
	 Some nuclei have troubles, see transcript U5_1.4_8_84_P6_0.05_8_0.95_9_8.7_0_3.8_1_0.37_2_0.82_A1_0.17_P_23/inp058.err for more details.
ERROR in MURE::BuildMCNPFile
	 Some nuclei have troubles, see transcript U5_1.4_8_84_P6_0.05_8_0.95_9_8.7_0_3.8_1_0.37_2_0.82_A1_0.17_P_23/inp059.err for more details.
ERROR in MURE::WriteMaterial(ostream &Out)
	 Some nuclei have troubles, see transcript U5_1.4_8_84_P6_0.05_8_0.95_9_8.7_0_3.8_1_0.37_2_0.82_A1_0.17_P_23/inp059.err for more details.
ERROR in MURE::BuildMCNPFile
	 Some nuclei have troubles, see transcript U5_1.4_8_84_P6_0.05_8_0.95_9_8.7_0_3.8_1_0.37_2_0.82_A1_0.17_P_23/inp060.err for more details.
ERROR in MURE::WriteMaterial(ostream &Out)
	 Some nuclei have troubles, see transcript U5_1.4_8_84_P6_0.05_8_0.95_9_8.7_0_3.8_1_0.37_2_0.82_A1_0.17_P_23/inp060.err for more details.
ERROR in MURE::BuildMCNPFile
	 Some nuclei have troubles, see transcript U5_1.4_8_84_P6_0.05_8_0.95_9_8.7_0_3.8_1_0.37_2_0.82_A1_0.17_P_23/inp061.err for more details.
ERROR in MURE::WriteMaterial(ostream &Out)
	 Some nuclei have troubles, see transcript U5_1.4_8_84_P6_0.05_8_0.95_9_8.7_0_3.8_1_0.37_2_0.82_A1_0.17_P_23/inp061.err for more details.
ERROR in MURE::BuildMCNPFile
	 Some nuclei have troubles, see transcript U5_1.4_8_84_P6_0.05_8_0.95_9_8.7_0_3.8_1_0.37_2_0.82_A1_0.17_P_23/inp062.err for more details.
ERROR in MURE::WriteMaterial(ostream &Out)
	 Some nuclei have troubles, see transcript U5_1.4_8_84_P6_0.05_8_0.95_9_8.7_0_3.8_1_0.37_2_0.82_A1_0.17_P_23/inp062.err for more details.
ERROR in MURE::BuildMCNPFile
	 Some nuclei have troubles, see transcript U5_1.4_8_84_P6_0.05_8_0.95_9_8.7_0_3.8_1_0.37_2_0.82_A1_0.17_P_23/inp063.err for more details.
ERROR in MURE::WriteMaterial(ostream &Out)
	 Some nuclei have troubles, see transcript U5_1.4_8_84_P6_0.05_8_0.95_9_8.7_0_3.8_1_0.37_2_0.82_A1_0.17_P_23/inp063.err for more details.
ERROR in MURE::BuildMCNPFile
	 Some nuclei have troubles, see transcript U5_1.4_8_84_P6_0.05_8_0.95_9_8.7_0_3.8_1_0.37_2_0.82_A1_0.17_P_23/inp064.err for more details.
ERROR in MURE::WriteMaterial(ostream &Out)
	 Some nuclei have troubles, see transcript U5_1.4_8_84_P6_0.05_8_0.95_9_8.7_0_3.8_1_0.37_2_0.82_A1_0.17_P_23/inp064.err for more details.
ERROR in MURE::BuildMCNPFile
	 Some nuclei have troubles, see transcript U5_1.4_8_84_P6_0.05_8_0.95_9_8.7_0_3.8_1_0.37_2_0.82_A1_0.17_P_23/inp065.err for more details.
ERROR in MURE::WriteMaterial(ostream &Out)
	 Some nuclei have troubles, see transcript U5_1.4_8_84_P6_0.05_8_0.95_9_8.7_0_3.8_1_0.37_2_0.82_A1_0.17_P_23/inp065.err for more details.
ERROR in MURE::BuildMCNPFile
	 Some nuclei have troubles, see transcript U5_1.4_8_84_P6_0.05_8_0.95_9_8.7_0_3.8_1_0.37_2_0.82_A1_0.17_P_23/inp066.err for more details.
ERROR in MURE::WriteMaterial(ostream &Out)
	 Some nuclei have troubles, see transcript U5_1.4_8_84_P6_0.05_8_0.95_9_8.7_0_3.8_1_0.37_2_0.82_A1_0.17_P_23/inp066.err for more details.
ERROR in MURE::BuildMCNPFile
	 Some nuclei have troubles, see transcript U5_1.4_8_84_P6_0.05_8_0.95_9_8.7_0_3.8_1_0.37_2_0.82_A1_0.17_P_23/inp067.err for more details.
ERROR in MURE::WriteMaterial(ostream &Out)
	 Some nuclei have troubles, see transcript U5_1.4_8_84_P6_0.05_8_0.95_9_8.7_0_3.8_1_0.37_2_0.82_A1_0.17_P_23/inp067.err for more details.
ERROR in MURE::BuildMCNPFile
	 Some nuclei have troubles, see transcript U5_1.4_8_84_P6_0.05_8_0.95_9_8.7_0_3.8_1_0.37_2_0.82_A1_0.17_P_23/inp068.err for more details.
ERROR in MURE::WriteMaterial(ostream &Out)
	 Some nuclei have troubles, see transcript U5_1.4_8_84_P6_0.05_8_0.95_9_8.7_0_3.8_1_0.37_2_0.82_A1_0.17_P_23/inp068.err for more details.
ERROR in MURE::BuildMCNPFile
	 Some nuclei have troubles, see transcript U5_1.4_8_84_P6_0.05_8_0.95_9_8.7_0_3.8_1_0.37_2_0.82_A1_0.17_P_23/inp069.err for more details.
ERROR in MURE::WriteMaterial(ostream &Out)
	 Some nuclei have troubles, see transcript U5_1.4_8_84_P6_0.05_8_0.95_9_8.7_0_3.8_1_0.37_2_0.82_A1_0.17_P_23/inp069.err for more details.
ERROR in MURE::BuildMCNPFile
	 Some nuclei have troubles, see transcript U5_1.4_8_84_P6_0.05_8_0.95_9_8.7_0_3.8_1_0.37_2_0.82_A1_0.17_P_23/inp070.err for more details.
ERROR in MURE::WriteMaterial(ostream &Out)
	 Some nuclei have troubles, see transcript U5_1.4_8_84_P6_0.05_8_0.95_9_8.7_0_3.8_1_0.37_2_0.82_A1_0.17_P_23/inp070.err for more details.
ERROR in MURE::BuildMCNPFile
	 Some nuclei have troubles, see transcript U5_1.4_8_84_P6_0.05_8_0.95_9_8.7_0_3.8_1_0.37_2_0.82_A1_0.17_P_23/inp071.err for more details.
ERROR in MURE::WriteMaterial(ostream &Out)
	 Some nuclei have troubles, see transcript U5_1.4_8_84_P6_0.05_8_0.95_9_8.7_0_3.8_1_0.37_2_0.82_A1_0.17_P_23/inp071.err for more details.
ERROR in MURE::BuildMCNPFile
	 Some nuclei have troubles, see transcript U5_1.4_8_84_P6_0.05_8_0.95_9_8.7_0_3.8_1_0.37_2_0.82_A1_0.17_P_23/inp072.err for more details.
ERROR in MURE::WriteMaterial(ostream &Out)
	 Some nuclei have troubles, see transcript U5_1.4_8_84_P6_0.05_8_0.95_9_8.7_0_3.8_1_0.37_2_0.82_A1_0.17_P_23/inp072.err for more details.
ERROR in MURE::BuildMCNPFile
	 Some nuclei have troubles, see transcript U5_1.4_8_84_P6_0.05_8_0.95_9_8.7_0_3.8_1_0.37_2_0.82_A1_0.17_P_23/inp073.err for more details.
ERROR in MURE::WriteMaterial(ostream &Out)
	 Some nuclei have troubles, see transcript U5_1.4_8_84_P6_0.05_8_0.95_9_8.7_0_3.8_1_0.37_2_0.82_A1_0.17_P_23/inp073.err for more details.
ERROR in MURE::BuildMCNPFile
	 Some nuclei have troubles, see transcript U5_1.4_8_84_P6_0.05_8_0.95_9_8.7_0_3.8_1_0.37_2_0.82_A1_0.17_P_23/inp074.err for more details.
ERROR in MURE::WriteMaterial(ostream &Out)
	 Some nuclei have troubles, see transcript U5_1.4_8_84_P6_0.05_8_0.95_9_8.7_0_3.8_1_0.37_2_0.82_A1_0.17_P_23/inp074.err for more details.
ERROR in MURE::BuildMCNPFile
	 Some nuclei have troubles, see transcript U5_1.4_8_84_P6_0.05_8_0.95_9_8.7_0_3.8_1_0.37_2_0.82_A1_0.17_P_23/inp075.err for more details.
ERROR in MURE::WriteMaterial(ostream &Out)
	 Some nuclei have troubles, see transcript U5_1.4_8_84_P6_0.05_8_0.95_9_8.7_0_3.8_1_0.37_2_0.82_A1_0.17_P_23/inp075.err for more details.
ERROR in MURE::BuildMCNPFile
	 Some nuclei have troubles, see transcript U5_1.4_8_84_P6_0.05_8_0.95_9_8.7_0_3.8_1_0.37_2_0.82_A1_0.17_P_23/inp076.err for more details.
ERROR in MURE::WriteMaterial(ostream &Out)
	 Some nuclei have troubles, see transcript U5_1.4_8_84_P6_0.05_8_0.95_9_8.7_0_3.8_1_0.37_2_0.82_A1_0.17_P_23/inp076.err for more details.
ERROR in MURE::BuildMCNPFile
	 Some nuclei have troubles, see transcript U5_1.4_8_84_P6_0.05_8_0.95_9_8.7_0_3.8_1_0.37_2_0.82_A1_0.17_P_23/inp077.err for more details.
ERROR in MURE::WriteMaterial(ostream &Out)
	 Some nuclei have troubles, see transcript U5_1.4_8_84_P6_0.05_8_0.95_9_8.7_0_3.8_1_0.37_2_0.82_A1_0.17_P_23/inp077.err for more details.
ERROR in MURE::BuildMCNPFile
	 Some nuclei have troubles, see transcript U5_1.4_8_84_P6_0.05_8_0.95_9_8.7_0_3.8_1_0.37_2_0.82_A1_0.17_P_23/inp078.err for more details.
ERROR in MURE::WriteMaterial(ostream &Out)
	 Some nuclei have troubles, see transcript U5_1.4_8_84_P6_0.05_8_0.95_9_8.7_0_3.8_1_0.37_2_0.82_A1_0.17_P_23/inp078.err for more details.
ERROR in MURE::BuildMCNPFile
	 Some nuclei have troubles, see transcript U5_1.4_8_84_P6_0.05_8_0.95_9_8.7_0_3.8_1_0.37_2_0.82_A1_0.17_P_23/inp079.err for more details.
ERROR in MURE::WriteMaterial(ostream &Out)
	 Some nuclei have troubles, see transcript U5_1.4_8_84_P6_0.05_8_0.95_9_8.7_0_3.8_1_0.37_2_0.82_A1_0.17_P_23/inp079.err for more details.
* About to connect() to ftp.box.com port 21 (#0)
*   Trying 107.152.25.220... connected
* Connected to ftp.box.com (107.152.25.220) port 21 (#0)
< 220 Service ready for new user.
> AUTH SSL
< 234 Command AUTH okay; starting SSL connection.
* Initializing NSS with certpath: sql:/etc/pki/nssdb
*   CAfile: /etc/pki/tls/certs/ca-bundle.crt
  CApath: none
* SSL connection using TLS_RSA_WITH_AES_128_CBC_SHA
* Server certificate:
* 	subject: CN=*.box.com,O="Box, Inc.",L=Los Altos,ST=California,C=US
* 	start date: Nov 13 19:22:20 2014 GMT
* 	expire date: Oct 23 02:42:03 2017 GMT
* 	common name: *.box.com
* 	issuer: CN=GeoTrust SSL CA - G4,O=GeoTrust Inc.,C=US
> USER mouginot@wisc.edu
< 331 User name okay, need password for mouginot@wisc.edu.
> PASS line150782
< 230 User logged in, proceed.
> PBSZ 0
< 200 Command PBSZ okay.
> PROT P
< 200 Command PROT okay.
> PWD
< 257 "/" is current directory.
* Entry path is '/'
> CWD MODEL_DATA
< 250 Directory changed to /MODEL_DATA
> CWD PWR_TRU_MOX_PSPEC
< 250 Directory changed to /MODEL_DATA/PWR_TRU_MOX_PSPEC
> CWD 1000
< 250 Directory changed to /MODEL_DATA/PWR_TRU_MOX_PSPEC/1000
> PASV
* Connect data stream passively
< 227 Entering Passive Mode (107,152,25,220,94,171)
* Skips 107.152.25.220 for data connection, uses 107.152.25.220 instead
*   Trying 107.152.25.220... connected
* Connecting to 107.152.25.220 (107.152.25.220) port 24235
> TYPE I
< 200 Command TYPE okay.
> STOR 554_raw.tar.gz
< 150 File status okay; about to open data connection.
* Doing the SSL/TLS handshake on the data stream
*   CAfile: /etc/pki/tls/certs/ca-bundle.crt
  CApath: none
* SSL connection using TLS_RSA_WITH_AES_128_CBC_SHA
* Server certificate:
* 	subject: CN=*.box.com,O="Box, Inc.",L=Los Altos,ST=California,C=US
* 	start date: Nov 13 19:22:20 2014 GMT
* 	expire date: Oct 23 02:42:03 2017 GMT
* 	common name: *.box.com
* 	issuer: CN=GeoTrust SSL CA - G4,O=GeoTrust Inc.,C=US
} [data not shown]
  % Total    % Received % Xferd  Average Speed   Time    Time     Time  Current
                                 Dload  Upload   Total   Spent    Left  Speed
  0 43.5M    0     0    0 16384      0   4220  3:00:26  0:00:03  3:00:23  4220  0 43.5M    0     0    0  224k      0  54253  0:14:02  0:00:04  0:13:58  599k  4 43.5M    0     0    4 1968k      0   376k  0:01:58  0:00:05  0:01:53 1453k  8 43.5M    0     0    8 3696k      0   592k  0:01:15  0:00:06  0:01:09 1562k 11 43.5M    0     0   11 5184k      0   715k  0:01:02  0:00:07  0:00:55 1536k 14 43.5M    0     0   14 6624k      0   804k  0:00:55  0:00:08  0:00:47 1516k 17 43.5M    0     0   17 8000k      0   865k  0:00:51  0:00:09  0:00:42 1550k 21 43.5M    0     0   21 9616k      0   940k  0:00:47  0:00:10  0:00:37 1531k 25 43.5M    0     0   25 11.0M      0  1009k  0:00:44  0:00:11  0:00:33 1530k 28 43.5M    0     0   28 12.5M      0  1048k  0:00:42  0:00:12  0:00:30 1532k 35 43.5M    0     0   35 15.4M      0  1197k  0:00:37  0:00:13  0:00:24 1849k 42 43.5M    0     0   42 18.5M      0  1333k  0:00:33  0:00:14  0:00:19 2201k 62 43.5M    0     0   62 27.2M      0  1829k  0:00:24  0:00:15  0:00:09 3637k 83 43.5M    0     0   83 36.3M      0  2293k  0:00:19  0:00:16  0:00:03 5171k* Remembering we are in dir "MODEL_DATA/PWR_TRU_MOX_PSPEC/1000/"
< 226 Transfer complete.
100 43.5M    0     0  100 43.5M      0  2488k  0:00:17  0:00:17 --:--:-- 5583k* Connection #0 to host ftp.box.com left intact

> QUIT
< 221 Goodbye.
* Closing connection #0
