ERROR in MURE::BuildXSDIR()
	 Some nuclei have troubles, see transcript U5_1.5_8_80_P6_0.33_8_1.1_9_6.3_0_5.8_1_1.1_2_1.8_A1_2.2_P_39/inp000.err for more details.
ERROR in MURE::BuildMCNPFile
	 Some nuclei have troubles, see transcript U5_1.5_8_80_P6_0.33_8_1.1_9_6.3_0_5.8_1_1.1_2_1.8_A1_2.2_P_39/inp000.err for more details.
ERROR in MURE::WriteMaterial(ostream &Out)
	 Some nuclei have troubles, see transcript U5_1.5_8_80_P6_0.33_8_1.1_9_6.3_0_5.8_1_1.1_2_1.8_A1_2.2_P_39/inp000.err for more details.
ERROR in MURE::BuildMCNPFile
	 Some nuclei have troubles, see transcript U5_1.5_8_80_P6_0.33_8_1.1_9_6.3_0_5.8_1_1.1_2_1.8_A1_2.2_P_39/inp001.err for more details.
ERROR in MURE::WriteMaterial(ostream &Out)
	 Some nuclei have troubles, see transcript U5_1.5_8_80_P6_0.33_8_1.1_9_6.3_0_5.8_1_1.1_2_1.8_A1_2.2_P_39/inp001.err for more details.
ERROR in MURE::BuildMCNPFile
	 Some nuclei have troubles, see transcript U5_1.5_8_80_P6_0.33_8_1.1_9_6.3_0_5.8_1_1.1_2_1.8_A1_2.2_P_39/inp002.err for more details.
ERROR in MURE::WriteMaterial(ostream &Out)
	 Some nuclei have troubles, see transcript U5_1.5_8_80_P6_0.33_8_1.1_9_6.3_0_5.8_1_1.1_2_1.8_A1_2.2_P_39/inp002.err for more details.
ERROR in MURE::BuildMCNPFile
	 Some nuclei have troubles, see transcript U5_1.5_8_80_P6_0.33_8_1.1_9_6.3_0_5.8_1_1.1_2_1.8_A1_2.2_P_39/inp003.err for more details.
ERROR in MURE::WriteMaterial(ostream &Out)
	 Some nuclei have troubles, see transcript U5_1.5_8_80_P6_0.33_8_1.1_9_6.3_0_5.8_1_1.1_2_1.8_A1_2.2_P_39/inp003.err for more details.
ERROR in MURE::BuildMCNPFile
	 Some nuclei have troubles, see transcript U5_1.5_8_80_P6_0.33_8_1.1_9_6.3_0_5.8_1_1.1_2_1.8_A1_2.2_P_39/inp004.err for more details.
ERROR in MURE::WriteMaterial(ostream &Out)
	 Some nuclei have troubles, see transcript U5_1.5_8_80_P6_0.33_8_1.1_9_6.3_0_5.8_1_1.1_2_1.8_A1_2.2_P_39/inp004.err for more details.
ERROR in MURE::BuildMCNPFile
	 Some nuclei have troubles, see transcript U5_1.5_8_80_P6_0.33_8_1.1_9_6.3_0_5.8_1_1.1_2_1.8_A1_2.2_P_39/inp005.err for more details.
ERROR in MURE::WriteMaterial(ostream &Out)
	 Some nuclei have troubles, see transcript U5_1.5_8_80_P6_0.33_8_1.1_9_6.3_0_5.8_1_1.1_2_1.8_A1_2.2_P_39/inp005.err for more details.
ERROR in MURE::BuildMCNPFile
	 Some nuclei have troubles, see transcript U5_1.5_8_80_P6_0.33_8_1.1_9_6.3_0_5.8_1_1.1_2_1.8_A1_2.2_P_39/inp006.err for more details.
ERROR in MURE::WriteMaterial(ostream &Out)
	 Some nuclei have troubles, see transcript U5_1.5_8_80_P6_0.33_8_1.1_9_6.3_0_5.8_1_1.1_2_1.8_A1_2.2_P_39/inp006.err for more details.
ERROR in MURE::BuildMCNPFile
	 Some nuclei have troubles, see transcript U5_1.5_8_80_P6_0.33_8_1.1_9_6.3_0_5.8_1_1.1_2_1.8_A1_2.2_P_39/inp007.err for more details.
ERROR in MURE::WriteMaterial(ostream &Out)
	 Some nuclei have troubles, see transcript U5_1.5_8_80_P6_0.33_8_1.1_9_6.3_0_5.8_1_1.1_2_1.8_A1_2.2_P_39/inp007.err for more details.
ERROR in MURE::BuildMCNPFile
	 Some nuclei have troubles, see transcript U5_1.5_8_80_P6_0.33_8_1.1_9_6.3_0_5.8_1_1.1_2_1.8_A1_2.2_P_39/inp008.err for more details.
ERROR in MURE::WriteMaterial(ostream &Out)
	 Some nuclei have troubles, see transcript U5_1.5_8_80_P6_0.33_8_1.1_9_6.3_0_5.8_1_1.1_2_1.8_A1_2.2_P_39/inp008.err for more details.
ERROR in MURE::BuildMCNPFile
	 Some nuclei have troubles, see transcript U5_1.5_8_80_P6_0.33_8_1.1_9_6.3_0_5.8_1_1.1_2_1.8_A1_2.2_P_39/inp009.err for more details.
ERROR in MURE::WriteMaterial(ostream &Out)
	 Some nuclei have troubles, see transcript U5_1.5_8_80_P6_0.33_8_1.1_9_6.3_0_5.8_1_1.1_2_1.8_A1_2.2_P_39/inp009.err for more details.
ERROR in MURE::BuildMCNPFile
	 Some nuclei have troubles, see transcript U5_1.5_8_80_P6_0.33_8_1.1_9_6.3_0_5.8_1_1.1_2_1.8_A1_2.2_P_39/inp010.err for more details.
ERROR in MURE::WriteMaterial(ostream &Out)
	 Some nuclei have troubles, see transcript U5_1.5_8_80_P6_0.33_8_1.1_9_6.3_0_5.8_1_1.1_2_1.8_A1_2.2_P_39/inp010.err for more details.
ERROR in MURE::BuildMCNPFile
	 Some nuclei have troubles, see transcript U5_1.5_8_80_P6_0.33_8_1.1_9_6.3_0_5.8_1_1.1_2_1.8_A1_2.2_P_39/inp011.err for more details.
ERROR in MURE::WriteMaterial(ostream &Out)
	 Some nuclei have troubles, see transcript U5_1.5_8_80_P6_0.33_8_1.1_9_6.3_0_5.8_1_1.1_2_1.8_A1_2.2_P_39/inp011.err for more details.
ERROR in MURE::BuildMCNPFile
	 Some nuclei have troubles, see transcript U5_1.5_8_80_P6_0.33_8_1.1_9_6.3_0_5.8_1_1.1_2_1.8_A1_2.2_P_39/inp012.err for more details.
ERROR in MURE::WriteMaterial(ostream &Out)
	 Some nuclei have troubles, see transcript U5_1.5_8_80_P6_0.33_8_1.1_9_6.3_0_5.8_1_1.1_2_1.8_A1_2.2_P_39/inp012.err for more details.
ERROR in MURE::BuildMCNPFile
	 Some nuclei have troubles, see transcript U5_1.5_8_80_P6_0.33_8_1.1_9_6.3_0_5.8_1_1.1_2_1.8_A1_2.2_P_39/inp013.err for more details.
ERROR in MURE::WriteMaterial(ostream &Out)
	 Some nuclei have troubles, see transcript U5_1.5_8_80_P6_0.33_8_1.1_9_6.3_0_5.8_1_1.1_2_1.8_A1_2.2_P_39/inp013.err for more details.
ERROR in MURE::BuildMCNPFile
	 Some nuclei have troubles, see transcript U5_1.5_8_80_P6_0.33_8_1.1_9_6.3_0_5.8_1_1.1_2_1.8_A1_2.2_P_39/inp014.err for more details.
ERROR in MURE::WriteMaterial(ostream &Out)
	 Some nuclei have troubles, see transcript U5_1.5_8_80_P6_0.33_8_1.1_9_6.3_0_5.8_1_1.1_2_1.8_A1_2.2_P_39/inp014.err for more details.
ERROR in MURE::BuildMCNPFile
	 Some nuclei have troubles, see transcript U5_1.5_8_80_P6_0.33_8_1.1_9_6.3_0_5.8_1_1.1_2_1.8_A1_2.2_P_39/inp015.err for more details.
ERROR in MURE::WriteMaterial(ostream &Out)
	 Some nuclei have troubles, see transcript U5_1.5_8_80_P6_0.33_8_1.1_9_6.3_0_5.8_1_1.1_2_1.8_A1_2.2_P_39/inp015.err for more details.
ERROR in MURE::BuildMCNPFile
	 Some nuclei have troubles, see transcript U5_1.5_8_80_P6_0.33_8_1.1_9_6.3_0_5.8_1_1.1_2_1.8_A1_2.2_P_39/inp016.err for more details.
ERROR in MURE::WriteMaterial(ostream &Out)
	 Some nuclei have troubles, see transcript U5_1.5_8_80_P6_0.33_8_1.1_9_6.3_0_5.8_1_1.1_2_1.8_A1_2.2_P_39/inp016.err for more details.
ERROR in MURE::BuildMCNPFile
	 Some nuclei have troubles, see transcript U5_1.5_8_80_P6_0.33_8_1.1_9_6.3_0_5.8_1_1.1_2_1.8_A1_2.2_P_39/inp017.err for more details.
ERROR in MURE::WriteMaterial(ostream &Out)
	 Some nuclei have troubles, see transcript U5_1.5_8_80_P6_0.33_8_1.1_9_6.3_0_5.8_1_1.1_2_1.8_A1_2.2_P_39/inp017.err for more details.
ERROR in MURE::BuildMCNPFile
	 Some nuclei have troubles, see transcript U5_1.5_8_80_P6_0.33_8_1.1_9_6.3_0_5.8_1_1.1_2_1.8_A1_2.2_P_39/inp018.err for more details.
ERROR in MURE::WriteMaterial(ostream &Out)
	 Some nuclei have troubles, see transcript U5_1.5_8_80_P6_0.33_8_1.1_9_6.3_0_5.8_1_1.1_2_1.8_A1_2.2_P_39/inp018.err for more details.
ERROR in MURE::BuildMCNPFile
	 Some nuclei have troubles, see transcript U5_1.5_8_80_P6_0.33_8_1.1_9_6.3_0_5.8_1_1.1_2_1.8_A1_2.2_P_39/inp019.err for more details.
ERROR in MURE::WriteMaterial(ostream &Out)
	 Some nuclei have troubles, see transcript U5_1.5_8_80_P6_0.33_8_1.1_9_6.3_0_5.8_1_1.1_2_1.8_A1_2.2_P_39/inp019.err for more details.
ERROR in MURE::BuildMCNPFile
	 Some nuclei have troubles, see transcript U5_1.5_8_80_P6_0.33_8_1.1_9_6.3_0_5.8_1_1.1_2_1.8_A1_2.2_P_39/inp020.err for more details.
ERROR in MURE::WriteMaterial(ostream &Out)
	 Some nuclei have troubles, see transcript U5_1.5_8_80_P6_0.33_8_1.1_9_6.3_0_5.8_1_1.1_2_1.8_A1_2.2_P_39/inp020.err for more details.
ERROR in MURE::BuildMCNPFile
	 Some nuclei have troubles, see transcript U5_1.5_8_80_P6_0.33_8_1.1_9_6.3_0_5.8_1_1.1_2_1.8_A1_2.2_P_39/inp021.err for more details.
ERROR in MURE::WriteMaterial(ostream &Out)
	 Some nuclei have troubles, see transcript U5_1.5_8_80_P6_0.33_8_1.1_9_6.3_0_5.8_1_1.1_2_1.8_A1_2.2_P_39/inp021.err for more details.
ERROR in MURE::BuildMCNPFile
	 Some nuclei have troubles, see transcript U5_1.5_8_80_P6_0.33_8_1.1_9_6.3_0_5.8_1_1.1_2_1.8_A1_2.2_P_39/inp022.err for more details.
ERROR in MURE::WriteMaterial(ostream &Out)
	 Some nuclei have troubles, see transcript U5_1.5_8_80_P6_0.33_8_1.1_9_6.3_0_5.8_1_1.1_2_1.8_A1_2.2_P_39/inp022.err for more details.
ERROR in MURE::BuildMCNPFile
	 Some nuclei have troubles, see transcript U5_1.5_8_80_P6_0.33_8_1.1_9_6.3_0_5.8_1_1.1_2_1.8_A1_2.2_P_39/inp023.err for more details.
ERROR in MURE::WriteMaterial(ostream &Out)
	 Some nuclei have troubles, see transcript U5_1.5_8_80_P6_0.33_8_1.1_9_6.3_0_5.8_1_1.1_2_1.8_A1_2.2_P_39/inp023.err for more details.
ERROR in MURE::BuildMCNPFile
	 Some nuclei have troubles, see transcript U5_1.5_8_80_P6_0.33_8_1.1_9_6.3_0_5.8_1_1.1_2_1.8_A1_2.2_P_39/inp024.err for more details.
ERROR in MURE::WriteMaterial(ostream &Out)
	 Some nuclei have troubles, see transcript U5_1.5_8_80_P6_0.33_8_1.1_9_6.3_0_5.8_1_1.1_2_1.8_A1_2.2_P_39/inp024.err for more details.
ERROR in MURE::BuildMCNPFile
	 Some nuclei have troubles, see transcript U5_1.5_8_80_P6_0.33_8_1.1_9_6.3_0_5.8_1_1.1_2_1.8_A1_2.2_P_39/inp025.err for more details.
ERROR in MURE::WriteMaterial(ostream &Out)
	 Some nuclei have troubles, see transcript U5_1.5_8_80_P6_0.33_8_1.1_9_6.3_0_5.8_1_1.1_2_1.8_A1_2.2_P_39/inp025.err for more details.
ERROR in MURE::BuildMCNPFile
	 Some nuclei have troubles, see transcript U5_1.5_8_80_P6_0.33_8_1.1_9_6.3_0_5.8_1_1.1_2_1.8_A1_2.2_P_39/inp026.err for more details.
ERROR in MURE::WriteMaterial(ostream &Out)
	 Some nuclei have troubles, see transcript U5_1.5_8_80_P6_0.33_8_1.1_9_6.3_0_5.8_1_1.1_2_1.8_A1_2.2_P_39/inp026.err for more details.
ERROR in MURE::BuildMCNPFile
	 Some nuclei have troubles, see transcript U5_1.5_8_80_P6_0.33_8_1.1_9_6.3_0_5.8_1_1.1_2_1.8_A1_2.2_P_39/inp027.err for more details.
ERROR in MURE::WriteMaterial(ostream &Out)
	 Some nuclei have troubles, see transcript U5_1.5_8_80_P6_0.33_8_1.1_9_6.3_0_5.8_1_1.1_2_1.8_A1_2.2_P_39/inp027.err for more details.
ERROR in MURE::BuildMCNPFile
	 Some nuclei have troubles, see transcript U5_1.5_8_80_P6_0.33_8_1.1_9_6.3_0_5.8_1_1.1_2_1.8_A1_2.2_P_39/inp028.err for more details.
ERROR in MURE::WriteMaterial(ostream &Out)
	 Some nuclei have troubles, see transcript U5_1.5_8_80_P6_0.33_8_1.1_9_6.3_0_5.8_1_1.1_2_1.8_A1_2.2_P_39/inp028.err for more details.
ERROR in MURE::BuildMCNPFile
	 Some nuclei have troubles, see transcript U5_1.5_8_80_P6_0.33_8_1.1_9_6.3_0_5.8_1_1.1_2_1.8_A1_2.2_P_39/inp029.err for more details.
ERROR in MURE::WriteMaterial(ostream &Out)
	 Some nuclei have troubles, see transcript U5_1.5_8_80_P6_0.33_8_1.1_9_6.3_0_5.8_1_1.1_2_1.8_A1_2.2_P_39/inp029.err for more details.
ERROR in MURE::BuildMCNPFile
	 Some nuclei have troubles, see transcript U5_1.5_8_80_P6_0.33_8_1.1_9_6.3_0_5.8_1_1.1_2_1.8_A1_2.2_P_39/inp030.err for more details.
ERROR in MURE::WriteMaterial(ostream &Out)
	 Some nuclei have troubles, see transcript U5_1.5_8_80_P6_0.33_8_1.1_9_6.3_0_5.8_1_1.1_2_1.8_A1_2.2_P_39/inp030.err for more details.
ERROR in MURE::BuildMCNPFile
	 Some nuclei have troubles, see transcript U5_1.5_8_80_P6_0.33_8_1.1_9_6.3_0_5.8_1_1.1_2_1.8_A1_2.2_P_39/inp031.err for more details.
ERROR in MURE::WriteMaterial(ostream &Out)
	 Some nuclei have troubles, see transcript U5_1.5_8_80_P6_0.33_8_1.1_9_6.3_0_5.8_1_1.1_2_1.8_A1_2.2_P_39/inp031.err for more details.
ERROR in MURE::BuildMCNPFile
	 Some nuclei have troubles, see transcript U5_1.5_8_80_P6_0.33_8_1.1_9_6.3_0_5.8_1_1.1_2_1.8_A1_2.2_P_39/inp032.err for more details.
ERROR in MURE::WriteMaterial(ostream &Out)
	 Some nuclei have troubles, see transcript U5_1.5_8_80_P6_0.33_8_1.1_9_6.3_0_5.8_1_1.1_2_1.8_A1_2.2_P_39/inp032.err for more details.
ERROR in MURE::BuildMCNPFile
	 Some nuclei have troubles, see transcript U5_1.5_8_80_P6_0.33_8_1.1_9_6.3_0_5.8_1_1.1_2_1.8_A1_2.2_P_39/inp033.err for more details.
ERROR in MURE::WriteMaterial(ostream &Out)
	 Some nuclei have troubles, see transcript U5_1.5_8_80_P6_0.33_8_1.1_9_6.3_0_5.8_1_1.1_2_1.8_A1_2.2_P_39/inp033.err for more details.
ERROR in MURE::BuildMCNPFile
	 Some nuclei have troubles, see transcript U5_1.5_8_80_P6_0.33_8_1.1_9_6.3_0_5.8_1_1.1_2_1.8_A1_2.2_P_39/inp034.err for more details.
ERROR in MURE::WriteMaterial(ostream &Out)
	 Some nuclei have troubles, see transcript U5_1.5_8_80_P6_0.33_8_1.1_9_6.3_0_5.8_1_1.1_2_1.8_A1_2.2_P_39/inp034.err for more details.
ERROR in MURE::BuildMCNPFile
	 Some nuclei have troubles, see transcript U5_1.5_8_80_P6_0.33_8_1.1_9_6.3_0_5.8_1_1.1_2_1.8_A1_2.2_P_39/inp035.err for more details.
ERROR in MURE::WriteMaterial(ostream &Out)
	 Some nuclei have troubles, see transcript U5_1.5_8_80_P6_0.33_8_1.1_9_6.3_0_5.8_1_1.1_2_1.8_A1_2.2_P_39/inp035.err for more details.
ERROR in MURE::BuildMCNPFile
	 Some nuclei have troubles, see transcript U5_1.5_8_80_P6_0.33_8_1.1_9_6.3_0_5.8_1_1.1_2_1.8_A1_2.2_P_39/inp036.err for more details.
ERROR in MURE::WriteMaterial(ostream &Out)
	 Some nuclei have troubles, see transcript U5_1.5_8_80_P6_0.33_8_1.1_9_6.3_0_5.8_1_1.1_2_1.8_A1_2.2_P_39/inp036.err for more details.
ERROR in MURE::BuildMCNPFile
	 Some nuclei have troubles, see transcript U5_1.5_8_80_P6_0.33_8_1.1_9_6.3_0_5.8_1_1.1_2_1.8_A1_2.2_P_39/inp037.err for more details.
ERROR in MURE::WriteMaterial(ostream &Out)
	 Some nuclei have troubles, see transcript U5_1.5_8_80_P6_0.33_8_1.1_9_6.3_0_5.8_1_1.1_2_1.8_A1_2.2_P_39/inp037.err for more details.
ERROR in MURE::BuildMCNPFile
	 Some nuclei have troubles, see transcript U5_1.5_8_80_P6_0.33_8_1.1_9_6.3_0_5.8_1_1.1_2_1.8_A1_2.2_P_39/inp038.err for more details.
ERROR in MURE::WriteMaterial(ostream &Out)
	 Some nuclei have troubles, see transcript U5_1.5_8_80_P6_0.33_8_1.1_9_6.3_0_5.8_1_1.1_2_1.8_A1_2.2_P_39/inp038.err for more details.
ERROR in MURE::BuildMCNPFile
	 Some nuclei have troubles, see transcript U5_1.5_8_80_P6_0.33_8_1.1_9_6.3_0_5.8_1_1.1_2_1.8_A1_2.2_P_39/inp039.err for more details.
ERROR in MURE::WriteMaterial(ostream &Out)
	 Some nuclei have troubles, see transcript U5_1.5_8_80_P6_0.33_8_1.1_9_6.3_0_5.8_1_1.1_2_1.8_A1_2.2_P_39/inp039.err for more details.
ERROR in MURE::BuildMCNPFile
	 Some nuclei have troubles, see transcript U5_1.5_8_80_P6_0.33_8_1.1_9_6.3_0_5.8_1_1.1_2_1.8_A1_2.2_P_39/inp040.err for more details.
ERROR in MURE::WriteMaterial(ostream &Out)
	 Some nuclei have troubles, see transcript U5_1.5_8_80_P6_0.33_8_1.1_9_6.3_0_5.8_1_1.1_2_1.8_A1_2.2_P_39/inp040.err for more details.
ERROR in MURE::BuildMCNPFile
	 Some nuclei have troubles, see transcript U5_1.5_8_80_P6_0.33_8_1.1_9_6.3_0_5.8_1_1.1_2_1.8_A1_2.2_P_39/inp041.err for more details.
ERROR in MURE::WriteMaterial(ostream &Out)
	 Some nuclei have troubles, see transcript U5_1.5_8_80_P6_0.33_8_1.1_9_6.3_0_5.8_1_1.1_2_1.8_A1_2.2_P_39/inp041.err for more details.
ERROR in MURE::BuildMCNPFile
	 Some nuclei have troubles, see transcript U5_1.5_8_80_P6_0.33_8_1.1_9_6.3_0_5.8_1_1.1_2_1.8_A1_2.2_P_39/inp042.err for more details.
ERROR in MURE::WriteMaterial(ostream &Out)
	 Some nuclei have troubles, see transcript U5_1.5_8_80_P6_0.33_8_1.1_9_6.3_0_5.8_1_1.1_2_1.8_A1_2.2_P_39/inp042.err for more details.
ERROR in MURE::BuildMCNPFile
	 Some nuclei have troubles, see transcript U5_1.5_8_80_P6_0.33_8_1.1_9_6.3_0_5.8_1_1.1_2_1.8_A1_2.2_P_39/inp043.err for more details.
ERROR in MURE::WriteMaterial(ostream &Out)
	 Some nuclei have troubles, see transcript U5_1.5_8_80_P6_0.33_8_1.1_9_6.3_0_5.8_1_1.1_2_1.8_A1_2.2_P_39/inp043.err for more details.
ERROR in MURE::BuildMCNPFile
	 Some nuclei have troubles, see transcript U5_1.5_8_80_P6_0.33_8_1.1_9_6.3_0_5.8_1_1.1_2_1.8_A1_2.2_P_39/inp044.err for more details.
ERROR in MURE::WriteMaterial(ostream &Out)
	 Some nuclei have troubles, see transcript U5_1.5_8_80_P6_0.33_8_1.1_9_6.3_0_5.8_1_1.1_2_1.8_A1_2.2_P_39/inp044.err for more details.
ERROR in MURE::BuildMCNPFile
	 Some nuclei have troubles, see transcript U5_1.5_8_80_P6_0.33_8_1.1_9_6.3_0_5.8_1_1.1_2_1.8_A1_2.2_P_39/inp045.err for more details.
ERROR in MURE::WriteMaterial(ostream &Out)
	 Some nuclei have troubles, see transcript U5_1.5_8_80_P6_0.33_8_1.1_9_6.3_0_5.8_1_1.1_2_1.8_A1_2.2_P_39/inp045.err for more details.
ERROR in MURE::BuildMCNPFile
	 Some nuclei have troubles, see transcript U5_1.5_8_80_P6_0.33_8_1.1_9_6.3_0_5.8_1_1.1_2_1.8_A1_2.2_P_39/inp046.err for more details.
ERROR in MURE::WriteMaterial(ostream &Out)
	 Some nuclei have troubles, see transcript U5_1.5_8_80_P6_0.33_8_1.1_9_6.3_0_5.8_1_1.1_2_1.8_A1_2.2_P_39/inp046.err for more details.
ERROR in MURE::BuildMCNPFile
	 Some nuclei have troubles, see transcript U5_1.5_8_80_P6_0.33_8_1.1_9_6.3_0_5.8_1_1.1_2_1.8_A1_2.2_P_39/inp047.err for more details.
ERROR in MURE::WriteMaterial(ostream &Out)
	 Some nuclei have troubles, see transcript U5_1.5_8_80_P6_0.33_8_1.1_9_6.3_0_5.8_1_1.1_2_1.8_A1_2.2_P_39/inp047.err for more details.
ERROR in MURE::BuildMCNPFile
	 Some nuclei have troubles, see transcript U5_1.5_8_80_P6_0.33_8_1.1_9_6.3_0_5.8_1_1.1_2_1.8_A1_2.2_P_39/inp048.err for more details.
ERROR in MURE::WriteMaterial(ostream &Out)
	 Some nuclei have troubles, see transcript U5_1.5_8_80_P6_0.33_8_1.1_9_6.3_0_5.8_1_1.1_2_1.8_A1_2.2_P_39/inp048.err for more details.
ERROR in MURE::BuildMCNPFile
	 Some nuclei have troubles, see transcript U5_1.5_8_80_P6_0.33_8_1.1_9_6.3_0_5.8_1_1.1_2_1.8_A1_2.2_P_39/inp049.err for more details.
ERROR in MURE::WriteMaterial(ostream &Out)
	 Some nuclei have troubles, see transcript U5_1.5_8_80_P6_0.33_8_1.1_9_6.3_0_5.8_1_1.1_2_1.8_A1_2.2_P_39/inp049.err for more details.
ERROR in MURE::BuildMCNPFile
	 Some nuclei have troubles, see transcript U5_1.5_8_80_P6_0.33_8_1.1_9_6.3_0_5.8_1_1.1_2_1.8_A1_2.2_P_39/inp050.err for more details.
ERROR in MURE::WriteMaterial(ostream &Out)
	 Some nuclei have troubles, see transcript U5_1.5_8_80_P6_0.33_8_1.1_9_6.3_0_5.8_1_1.1_2_1.8_A1_2.2_P_39/inp050.err for more details.
ERROR in MURE::BuildMCNPFile
	 Some nuclei have troubles, see transcript U5_1.5_8_80_P6_0.33_8_1.1_9_6.3_0_5.8_1_1.1_2_1.8_A1_2.2_P_39/inp051.err for more details.
ERROR in MURE::WriteMaterial(ostream &Out)
	 Some nuclei have troubles, see transcript U5_1.5_8_80_P6_0.33_8_1.1_9_6.3_0_5.8_1_1.1_2_1.8_A1_2.2_P_39/inp051.err for more details.
ERROR in MURE::BuildMCNPFile
	 Some nuclei have troubles, see transcript U5_1.5_8_80_P6_0.33_8_1.1_9_6.3_0_5.8_1_1.1_2_1.8_A1_2.2_P_39/inp052.err for more details.
ERROR in MURE::WriteMaterial(ostream &Out)
	 Some nuclei have troubles, see transcript U5_1.5_8_80_P6_0.33_8_1.1_9_6.3_0_5.8_1_1.1_2_1.8_A1_2.2_P_39/inp052.err for more details.
ERROR in MURE::BuildMCNPFile
	 Some nuclei have troubles, see transcript U5_1.5_8_80_P6_0.33_8_1.1_9_6.3_0_5.8_1_1.1_2_1.8_A1_2.2_P_39/inp053.err for more details.
ERROR in MURE::WriteMaterial(ostream &Out)
	 Some nuclei have troubles, see transcript U5_1.5_8_80_P6_0.33_8_1.1_9_6.3_0_5.8_1_1.1_2_1.8_A1_2.2_P_39/inp053.err for more details.
ERROR in MURE::BuildMCNPFile
	 Some nuclei have troubles, see transcript U5_1.5_8_80_P6_0.33_8_1.1_9_6.3_0_5.8_1_1.1_2_1.8_A1_2.2_P_39/inp054.err for more details.
ERROR in MURE::WriteMaterial(ostream &Out)
	 Some nuclei have troubles, see transcript U5_1.5_8_80_P6_0.33_8_1.1_9_6.3_0_5.8_1_1.1_2_1.8_A1_2.2_P_39/inp054.err for more details.
ERROR in MURE::BuildMCNPFile
	 Some nuclei have troubles, see transcript U5_1.5_8_80_P6_0.33_8_1.1_9_6.3_0_5.8_1_1.1_2_1.8_A1_2.2_P_39/inp055.err for more details.
ERROR in MURE::WriteMaterial(ostream &Out)
	 Some nuclei have troubles, see transcript U5_1.5_8_80_P6_0.33_8_1.1_9_6.3_0_5.8_1_1.1_2_1.8_A1_2.2_P_39/inp055.err for more details.
ERROR in MURE::BuildMCNPFile
	 Some nuclei have troubles, see transcript U5_1.5_8_80_P6_0.33_8_1.1_9_6.3_0_5.8_1_1.1_2_1.8_A1_2.2_P_39/inp056.err for more details.
ERROR in MURE::WriteMaterial(ostream &Out)
	 Some nuclei have troubles, see transcript U5_1.5_8_80_P6_0.33_8_1.1_9_6.3_0_5.8_1_1.1_2_1.8_A1_2.2_P_39/inp056.err for more details.
ERROR in MURE::BuildMCNPFile
	 Some nuclei have troubles, see transcript U5_1.5_8_80_P6_0.33_8_1.1_9_6.3_0_5.8_1_1.1_2_1.8_A1_2.2_P_39/inp057.err for more details.
ERROR in MURE::WriteMaterial(ostream &Out)
	 Some nuclei have troubles, see transcript U5_1.5_8_80_P6_0.33_8_1.1_9_6.3_0_5.8_1_1.1_2_1.8_A1_2.2_P_39/inp057.err for more details.
ERROR in MURE::BuildMCNPFile
	 Some nuclei have troubles, see transcript U5_1.5_8_80_P6_0.33_8_1.1_9_6.3_0_5.8_1_1.1_2_1.8_A1_2.2_P_39/inp058.err for more details.
ERROR in MURE::WriteMaterial(ostream &Out)
	 Some nuclei have troubles, see transcript U5_1.5_8_80_P6_0.33_8_1.1_9_6.3_0_5.8_1_1.1_2_1.8_A1_2.2_P_39/inp058.err for more details.
ERROR in MURE::BuildMCNPFile
	 Some nuclei have troubles, see transcript U5_1.5_8_80_P6_0.33_8_1.1_9_6.3_0_5.8_1_1.1_2_1.8_A1_2.2_P_39/inp059.err for more details.
ERROR in MURE::WriteMaterial(ostream &Out)
	 Some nuclei have troubles, see transcript U5_1.5_8_80_P6_0.33_8_1.1_9_6.3_0_5.8_1_1.1_2_1.8_A1_2.2_P_39/inp059.err for more details.
ERROR in MURE::BuildMCNPFile
	 Some nuclei have troubles, see transcript U5_1.5_8_80_P6_0.33_8_1.1_9_6.3_0_5.8_1_1.1_2_1.8_A1_2.2_P_39/inp060.err for more details.
ERROR in MURE::WriteMaterial(ostream &Out)
	 Some nuclei have troubles, see transcript U5_1.5_8_80_P6_0.33_8_1.1_9_6.3_0_5.8_1_1.1_2_1.8_A1_2.2_P_39/inp060.err for more details.
ERROR in MURE::BuildMCNPFile
	 Some nuclei have troubles, see transcript U5_1.5_8_80_P6_0.33_8_1.1_9_6.3_0_5.8_1_1.1_2_1.8_A1_2.2_P_39/inp061.err for more details.
ERROR in MURE::WriteMaterial(ostream &Out)
	 Some nuclei have troubles, see transcript U5_1.5_8_80_P6_0.33_8_1.1_9_6.3_0_5.8_1_1.1_2_1.8_A1_2.2_P_39/inp061.err for more details.
ERROR in MURE::BuildMCNPFile
	 Some nuclei have troubles, see transcript U5_1.5_8_80_P6_0.33_8_1.1_9_6.3_0_5.8_1_1.1_2_1.8_A1_2.2_P_39/inp062.err for more details.
ERROR in MURE::WriteMaterial(ostream &Out)
	 Some nuclei have troubles, see transcript U5_1.5_8_80_P6_0.33_8_1.1_9_6.3_0_5.8_1_1.1_2_1.8_A1_2.2_P_39/inp062.err for more details.
ERROR in MURE::BuildMCNPFile
	 Some nuclei have troubles, see transcript U5_1.5_8_80_P6_0.33_8_1.1_9_6.3_0_5.8_1_1.1_2_1.8_A1_2.2_P_39/inp063.err for more details.
ERROR in MURE::WriteMaterial(ostream &Out)
	 Some nuclei have troubles, see transcript U5_1.5_8_80_P6_0.33_8_1.1_9_6.3_0_5.8_1_1.1_2_1.8_A1_2.2_P_39/inp063.err for more details.
ERROR in MURE::BuildMCNPFile
	 Some nuclei have troubles, see transcript U5_1.5_8_80_P6_0.33_8_1.1_9_6.3_0_5.8_1_1.1_2_1.8_A1_2.2_P_39/inp064.err for more details.
ERROR in MURE::WriteMaterial(ostream &Out)
	 Some nuclei have troubles, see transcript U5_1.5_8_80_P6_0.33_8_1.1_9_6.3_0_5.8_1_1.1_2_1.8_A1_2.2_P_39/inp064.err for more details.
ERROR in MURE::BuildMCNPFile
	 Some nuclei have troubles, see transcript U5_1.5_8_80_P6_0.33_8_1.1_9_6.3_0_5.8_1_1.1_2_1.8_A1_2.2_P_39/inp065.err for more details.
ERROR in MURE::WriteMaterial(ostream &Out)
	 Some nuclei have troubles, see transcript U5_1.5_8_80_P6_0.33_8_1.1_9_6.3_0_5.8_1_1.1_2_1.8_A1_2.2_P_39/inp065.err for more details.
ERROR in MURE::BuildMCNPFile
	 Some nuclei have troubles, see transcript U5_1.5_8_80_P6_0.33_8_1.1_9_6.3_0_5.8_1_1.1_2_1.8_A1_2.2_P_39/inp066.err for more details.
ERROR in MURE::WriteMaterial(ostream &Out)
	 Some nuclei have troubles, see transcript U5_1.5_8_80_P6_0.33_8_1.1_9_6.3_0_5.8_1_1.1_2_1.8_A1_2.2_P_39/inp066.err for more details.
ERROR in MURE::BuildMCNPFile
	 Some nuclei have troubles, see transcript U5_1.5_8_80_P6_0.33_8_1.1_9_6.3_0_5.8_1_1.1_2_1.8_A1_2.2_P_39/inp067.err for more details.
ERROR in MURE::WriteMaterial(ostream &Out)
	 Some nuclei have troubles, see transcript U5_1.5_8_80_P6_0.33_8_1.1_9_6.3_0_5.8_1_1.1_2_1.8_A1_2.2_P_39/inp067.err for more details.
ERROR in MURE::BuildMCNPFile
	 Some nuclei have troubles, see transcript U5_1.5_8_80_P6_0.33_8_1.1_9_6.3_0_5.8_1_1.1_2_1.8_A1_2.2_P_39/inp068.err for more details.
ERROR in MURE::WriteMaterial(ostream &Out)
	 Some nuclei have troubles, see transcript U5_1.5_8_80_P6_0.33_8_1.1_9_6.3_0_5.8_1_1.1_2_1.8_A1_2.2_P_39/inp068.err for more details.
ERROR in MURE::BuildMCNPFile
	 Some nuclei have troubles, see transcript U5_1.5_8_80_P6_0.33_8_1.1_9_6.3_0_5.8_1_1.1_2_1.8_A1_2.2_P_39/inp069.err for more details.
ERROR in MURE::WriteMaterial(ostream &Out)
	 Some nuclei have troubles, see transcript U5_1.5_8_80_P6_0.33_8_1.1_9_6.3_0_5.8_1_1.1_2_1.8_A1_2.2_P_39/inp069.err for more details.
ERROR in MURE::BuildMCNPFile
	 Some nuclei have troubles, see transcript U5_1.5_8_80_P6_0.33_8_1.1_9_6.3_0_5.8_1_1.1_2_1.8_A1_2.2_P_39/inp070.err for more details.
ERROR in MURE::WriteMaterial(ostream &Out)
	 Some nuclei have troubles, see transcript U5_1.5_8_80_P6_0.33_8_1.1_9_6.3_0_5.8_1_1.1_2_1.8_A1_2.2_P_39/inp070.err for more details.
ERROR in MURE::BuildMCNPFile
	 Some nuclei have troubles, see transcript U5_1.5_8_80_P6_0.33_8_1.1_9_6.3_0_5.8_1_1.1_2_1.8_A1_2.2_P_39/inp071.err for more details.
ERROR in MURE::WriteMaterial(ostream &Out)
	 Some nuclei have troubles, see transcript U5_1.5_8_80_P6_0.33_8_1.1_9_6.3_0_5.8_1_1.1_2_1.8_A1_2.2_P_39/inp071.err for more details.
ERROR in MURE::BuildMCNPFile
	 Some nuclei have troubles, see transcript U5_1.5_8_80_P6_0.33_8_1.1_9_6.3_0_5.8_1_1.1_2_1.8_A1_2.2_P_39/inp072.err for more details.
ERROR in MURE::WriteMaterial(ostream &Out)
	 Some nuclei have troubles, see transcript U5_1.5_8_80_P6_0.33_8_1.1_9_6.3_0_5.8_1_1.1_2_1.8_A1_2.2_P_39/inp072.err for more details.
ERROR in MURE::BuildMCNPFile
	 Some nuclei have troubles, see transcript U5_1.5_8_80_P6_0.33_8_1.1_9_6.3_0_5.8_1_1.1_2_1.8_A1_2.2_P_39/inp073.err for more details.
ERROR in MURE::WriteMaterial(ostream &Out)
	 Some nuclei have troubles, see transcript U5_1.5_8_80_P6_0.33_8_1.1_9_6.3_0_5.8_1_1.1_2_1.8_A1_2.2_P_39/inp073.err for more details.
ERROR in MURE::BuildMCNPFile
	 Some nuclei have troubles, see transcript U5_1.5_8_80_P6_0.33_8_1.1_9_6.3_0_5.8_1_1.1_2_1.8_A1_2.2_P_39/inp074.err for more details.
ERROR in MURE::WriteMaterial(ostream &Out)
	 Some nuclei have troubles, see transcript U5_1.5_8_80_P6_0.33_8_1.1_9_6.3_0_5.8_1_1.1_2_1.8_A1_2.2_P_39/inp074.err for more details.
ERROR in MURE::BuildMCNPFile
	 Some nuclei have troubles, see transcript U5_1.5_8_80_P6_0.33_8_1.1_9_6.3_0_5.8_1_1.1_2_1.8_A1_2.2_P_39/inp075.err for more details.
ERROR in MURE::WriteMaterial(ostream &Out)
	 Some nuclei have troubles, see transcript U5_1.5_8_80_P6_0.33_8_1.1_9_6.3_0_5.8_1_1.1_2_1.8_A1_2.2_P_39/inp075.err for more details.
ERROR in MURE::BuildMCNPFile
	 Some nuclei have troubles, see transcript U5_1.5_8_80_P6_0.33_8_1.1_9_6.3_0_5.8_1_1.1_2_1.8_A1_2.2_P_39/inp076.err for more details.
ERROR in MURE::WriteMaterial(ostream &Out)
	 Some nuclei have troubles, see transcript U5_1.5_8_80_P6_0.33_8_1.1_9_6.3_0_5.8_1_1.1_2_1.8_A1_2.2_P_39/inp076.err for more details.
ERROR in MURE::BuildMCNPFile
	 Some nuclei have troubles, see transcript U5_1.5_8_80_P6_0.33_8_1.1_9_6.3_0_5.8_1_1.1_2_1.8_A1_2.2_P_39/inp077.err for more details.
ERROR in MURE::WriteMaterial(ostream &Out)
	 Some nuclei have troubles, see transcript U5_1.5_8_80_P6_0.33_8_1.1_9_6.3_0_5.8_1_1.1_2_1.8_A1_2.2_P_39/inp077.err for more details.
ERROR in MURE::BuildMCNPFile
	 Some nuclei have troubles, see transcript U5_1.5_8_80_P6_0.33_8_1.1_9_6.3_0_5.8_1_1.1_2_1.8_A1_2.2_P_39/inp078.err for more details.
ERROR in MURE::WriteMaterial(ostream &Out)
	 Some nuclei have troubles, see transcript U5_1.5_8_80_P6_0.33_8_1.1_9_6.3_0_5.8_1_1.1_2_1.8_A1_2.2_P_39/inp078.err for more details.
ERROR in MURE::BuildMCNPFile
	 Some nuclei have troubles, see transcript U5_1.5_8_80_P6_0.33_8_1.1_9_6.3_0_5.8_1_1.1_2_1.8_A1_2.2_P_39/inp079.err for more details.
ERROR in MURE::WriteMaterial(ostream &Out)
	 Some nuclei have troubles, see transcript U5_1.5_8_80_P6_0.33_8_1.1_9_6.3_0_5.8_1_1.1_2_1.8_A1_2.2_P_39/inp079.err for more details.
* About to connect() to ftp.box.com port 21 (#0)
*   Trying 107.152.25.220... connected
* Connected to ftp.box.com (107.152.25.220) port 21 (#0)
< 220 Service ready for new user.
> AUTH SSL
< 234 Command AUTH okay; starting SSL connection.
* Initializing NSS with certpath: sql:/etc/pki/nssdb
*   CAfile: /etc/pki/tls/certs/ca-bundle.crt
  CApath: none
* SSL connection using TLS_RSA_WITH_AES_128_CBC_SHA
* Server certificate:
* 	subject: CN=*.box.com,O="Box, Inc.",L=Los Altos,ST=California,C=US
* 	start date: Nov 13 19:22:20 2014 GMT
* 	expire date: Oct 23 02:42:03 2017 GMT
* 	common name: *.box.com
* 	issuer: CN=GeoTrust SSL CA - G4,O=GeoTrust Inc.,C=US
> USER mouginot@wisc.edu
< 331 User name okay, need password for mouginot@wisc.edu.
> PASS line150782
< 230 User logged in, proceed.
> PBSZ 0
< 200 Command PBSZ okay.
> PROT P
< 200 Command PROT okay.
> PWD
< 257 "/" is current directory.
* Entry path is '/'
> CWD MODEL_DATA
< 250 Directory changed to /MODEL_DATA
> CWD PWR_TRU_MOX_PSPEC
< 250 Directory changed to /MODEL_DATA/PWR_TRU_MOX_PSPEC
> CWD 1000
< 250 Directory changed to /MODEL_DATA/PWR_TRU_MOX_PSPEC/1000
> PASV
* Connect data stream passively
< 227 Entering Passive Mode (107,152,25,220,58,161)
* Skips 107.152.25.220 for data connection, uses 107.152.25.220 instead
*   Trying 107.152.25.220... connected
* Connecting to 107.152.25.220 (107.152.25.220) port 15009
> TYPE I
< 200 Command TYPE okay.
> STOR 197_raw.tar.gz
< 150 File status okay; about to open data connection.
* Doing the SSL/TLS handshake on the data stream
*   CAfile: /etc/pki/tls/certs/ca-bundle.crt
  CApath: none
* SSL connection using TLS_RSA_WITH_AES_128_CBC_SHA
* Server certificate:
* 	subject: CN=*.box.com,O="Box, Inc.",L=Los Altos,ST=California,C=US
* 	start date: Nov 13 19:22:20 2014 GMT
* 	expire date: Oct 23 02:42:03 2017 GMT
* 	common name: *.box.com
* 	issuer: CN=GeoTrust SSL CA - G4,O=GeoTrust Inc.,C=US
} [data not shown]
  % Total    % Received % Xferd  Average Speed   Time    Time     Time  Current
                                 Dload  Upload   Total   Spent    Left  Speed
  0 43.5M    0     0    0 16384      0   2946  4:18:35  0:00:05  4:18:30  2946  3 43.5M    0     0    3 1568k      0   251k  0:02:57  0:00:06  0:02:51 2285k 37 43.5M    0     0   37 16.3M      0  2306k  0:00:19  0:00:07  0:00:12 9884k 77 43.5M    0     0   77 33.6M      0  4183k  0:00:10  0:00:08  0:00:02 12.5M* Remembering we are in dir "MODEL_DATA/PWR_TRU_MOX_PSPEC/1000/"
< 226 Transfer complete.
100 43.5M    0     0  100 43.5M      0  4698k  0:00:09  0:00:09 --:--:-- 11.0M* Connection #0 to host ftp.box.com left intact

> QUIT
< 221 Goodbye.
* Closing connection #0
