ERROR in MURE::BuildXSDIR()
	 Some nuclei have troubles, see transcript U5_1.7_8_87_P6_0.2_8_0.26_9_6.8_0_0.49_1_0.35_2_2.1_A1_0.82_P_12/inp000.err for more details.
ERROR in MURE::BuildMCNPFile
	 Some nuclei have troubles, see transcript U5_1.7_8_87_P6_0.2_8_0.26_9_6.8_0_0.49_1_0.35_2_2.1_A1_0.82_P_12/inp000.err for more details.
ERROR in MURE::WriteMaterial(ostream &Out)
	 Some nuclei have troubles, see transcript U5_1.7_8_87_P6_0.2_8_0.26_9_6.8_0_0.49_1_0.35_2_2.1_A1_0.82_P_12/inp000.err for more details.
ERROR in MURE::BuildMCNPFile
	 Some nuclei have troubles, see transcript U5_1.7_8_87_P6_0.2_8_0.26_9_6.8_0_0.49_1_0.35_2_2.1_A1_0.82_P_12/inp001.err for more details.
ERROR in MURE::WriteMaterial(ostream &Out)
	 Some nuclei have troubles, see transcript U5_1.7_8_87_P6_0.2_8_0.26_9_6.8_0_0.49_1_0.35_2_2.1_A1_0.82_P_12/inp001.err for more details.
ERROR in MURE::BuildMCNPFile
	 Some nuclei have troubles, see transcript U5_1.7_8_87_P6_0.2_8_0.26_9_6.8_0_0.49_1_0.35_2_2.1_A1_0.82_P_12/inp002.err for more details.
ERROR in MURE::WriteMaterial(ostream &Out)
	 Some nuclei have troubles, see transcript U5_1.7_8_87_P6_0.2_8_0.26_9_6.8_0_0.49_1_0.35_2_2.1_A1_0.82_P_12/inp002.err for more details.
ERROR in MURE::BuildMCNPFile
	 Some nuclei have troubles, see transcript U5_1.7_8_87_P6_0.2_8_0.26_9_6.8_0_0.49_1_0.35_2_2.1_A1_0.82_P_12/inp003.err for more details.
ERROR in MURE::WriteMaterial(ostream &Out)
	 Some nuclei have troubles, see transcript U5_1.7_8_87_P6_0.2_8_0.26_9_6.8_0_0.49_1_0.35_2_2.1_A1_0.82_P_12/inp003.err for more details.
ERROR in MURE::BuildMCNPFile
	 Some nuclei have troubles, see transcript U5_1.7_8_87_P6_0.2_8_0.26_9_6.8_0_0.49_1_0.35_2_2.1_A1_0.82_P_12/inp004.err for more details.
ERROR in MURE::WriteMaterial(ostream &Out)
	 Some nuclei have troubles, see transcript U5_1.7_8_87_P6_0.2_8_0.26_9_6.8_0_0.49_1_0.35_2_2.1_A1_0.82_P_12/inp004.err for more details.
ERROR in MURE::BuildMCNPFile
	 Some nuclei have troubles, see transcript U5_1.7_8_87_P6_0.2_8_0.26_9_6.8_0_0.49_1_0.35_2_2.1_A1_0.82_P_12/inp005.err for more details.
ERROR in MURE::WriteMaterial(ostream &Out)
	 Some nuclei have troubles, see transcript U5_1.7_8_87_P6_0.2_8_0.26_9_6.8_0_0.49_1_0.35_2_2.1_A1_0.82_P_12/inp005.err for more details.
ERROR in MURE::BuildMCNPFile
	 Some nuclei have troubles, see transcript U5_1.7_8_87_P6_0.2_8_0.26_9_6.8_0_0.49_1_0.35_2_2.1_A1_0.82_P_12/inp006.err for more details.
ERROR in MURE::WriteMaterial(ostream &Out)
	 Some nuclei have troubles, see transcript U5_1.7_8_87_P6_0.2_8_0.26_9_6.8_0_0.49_1_0.35_2_2.1_A1_0.82_P_12/inp006.err for more details.
ERROR in MURE::BuildMCNPFile
	 Some nuclei have troubles, see transcript U5_1.7_8_87_P6_0.2_8_0.26_9_6.8_0_0.49_1_0.35_2_2.1_A1_0.82_P_12/inp007.err for more details.
ERROR in MURE::WriteMaterial(ostream &Out)
	 Some nuclei have troubles, see transcript U5_1.7_8_87_P6_0.2_8_0.26_9_6.8_0_0.49_1_0.35_2_2.1_A1_0.82_P_12/inp007.err for more details.
ERROR in MURE::BuildMCNPFile
	 Some nuclei have troubles, see transcript U5_1.7_8_87_P6_0.2_8_0.26_9_6.8_0_0.49_1_0.35_2_2.1_A1_0.82_P_12/inp008.err for more details.
ERROR in MURE::WriteMaterial(ostream &Out)
	 Some nuclei have troubles, see transcript U5_1.7_8_87_P6_0.2_8_0.26_9_6.8_0_0.49_1_0.35_2_2.1_A1_0.82_P_12/inp008.err for more details.
ERROR in MURE::BuildMCNPFile
	 Some nuclei have troubles, see transcript U5_1.7_8_87_P6_0.2_8_0.26_9_6.8_0_0.49_1_0.35_2_2.1_A1_0.82_P_12/inp009.err for more details.
ERROR in MURE::WriteMaterial(ostream &Out)
	 Some nuclei have troubles, see transcript U5_1.7_8_87_P6_0.2_8_0.26_9_6.8_0_0.49_1_0.35_2_2.1_A1_0.82_P_12/inp009.err for more details.
ERROR in MURE::BuildMCNPFile
	 Some nuclei have troubles, see transcript U5_1.7_8_87_P6_0.2_8_0.26_9_6.8_0_0.49_1_0.35_2_2.1_A1_0.82_P_12/inp010.err for more details.
ERROR in MURE::WriteMaterial(ostream &Out)
	 Some nuclei have troubles, see transcript U5_1.7_8_87_P6_0.2_8_0.26_9_6.8_0_0.49_1_0.35_2_2.1_A1_0.82_P_12/inp010.err for more details.
ERROR in MURE::BuildMCNPFile
	 Some nuclei have troubles, see transcript U5_1.7_8_87_P6_0.2_8_0.26_9_6.8_0_0.49_1_0.35_2_2.1_A1_0.82_P_12/inp011.err for more details.
ERROR in MURE::WriteMaterial(ostream &Out)
	 Some nuclei have troubles, see transcript U5_1.7_8_87_P6_0.2_8_0.26_9_6.8_0_0.49_1_0.35_2_2.1_A1_0.82_P_12/inp011.err for more details.
ERROR in MURE::BuildMCNPFile
	 Some nuclei have troubles, see transcript U5_1.7_8_87_P6_0.2_8_0.26_9_6.8_0_0.49_1_0.35_2_2.1_A1_0.82_P_12/inp012.err for more details.
ERROR in MURE::WriteMaterial(ostream &Out)
	 Some nuclei have troubles, see transcript U5_1.7_8_87_P6_0.2_8_0.26_9_6.8_0_0.49_1_0.35_2_2.1_A1_0.82_P_12/inp012.err for more details.
ERROR in MURE::BuildMCNPFile
	 Some nuclei have troubles, see transcript U5_1.7_8_87_P6_0.2_8_0.26_9_6.8_0_0.49_1_0.35_2_2.1_A1_0.82_P_12/inp013.err for more details.
ERROR in MURE::WriteMaterial(ostream &Out)
	 Some nuclei have troubles, see transcript U5_1.7_8_87_P6_0.2_8_0.26_9_6.8_0_0.49_1_0.35_2_2.1_A1_0.82_P_12/inp013.err for more details.
ERROR in MURE::BuildMCNPFile
	 Some nuclei have troubles, see transcript U5_1.7_8_87_P6_0.2_8_0.26_9_6.8_0_0.49_1_0.35_2_2.1_A1_0.82_P_12/inp014.err for more details.
ERROR in MURE::WriteMaterial(ostream &Out)
	 Some nuclei have troubles, see transcript U5_1.7_8_87_P6_0.2_8_0.26_9_6.8_0_0.49_1_0.35_2_2.1_A1_0.82_P_12/inp014.err for more details.
ERROR in MURE::BuildMCNPFile
	 Some nuclei have troubles, see transcript U5_1.7_8_87_P6_0.2_8_0.26_9_6.8_0_0.49_1_0.35_2_2.1_A1_0.82_P_12/inp015.err for more details.
ERROR in MURE::WriteMaterial(ostream &Out)
	 Some nuclei have troubles, see transcript U5_1.7_8_87_P6_0.2_8_0.26_9_6.8_0_0.49_1_0.35_2_2.1_A1_0.82_P_12/inp015.err for more details.
ERROR in MURE::BuildMCNPFile
	 Some nuclei have troubles, see transcript U5_1.7_8_87_P6_0.2_8_0.26_9_6.8_0_0.49_1_0.35_2_2.1_A1_0.82_P_12/inp016.err for more details.
ERROR in MURE::WriteMaterial(ostream &Out)
	 Some nuclei have troubles, see transcript U5_1.7_8_87_P6_0.2_8_0.26_9_6.8_0_0.49_1_0.35_2_2.1_A1_0.82_P_12/inp016.err for more details.
ERROR in MURE::BuildMCNPFile
	 Some nuclei have troubles, see transcript U5_1.7_8_87_P6_0.2_8_0.26_9_6.8_0_0.49_1_0.35_2_2.1_A1_0.82_P_12/inp017.err for more details.
ERROR in MURE::WriteMaterial(ostream &Out)
	 Some nuclei have troubles, see transcript U5_1.7_8_87_P6_0.2_8_0.26_9_6.8_0_0.49_1_0.35_2_2.1_A1_0.82_P_12/inp017.err for more details.
ERROR in MURE::BuildMCNPFile
	 Some nuclei have troubles, see transcript U5_1.7_8_87_P6_0.2_8_0.26_9_6.8_0_0.49_1_0.35_2_2.1_A1_0.82_P_12/inp018.err for more details.
ERROR in MURE::WriteMaterial(ostream &Out)
	 Some nuclei have troubles, see transcript U5_1.7_8_87_P6_0.2_8_0.26_9_6.8_0_0.49_1_0.35_2_2.1_A1_0.82_P_12/inp018.err for more details.
ERROR in MURE::BuildMCNPFile
	 Some nuclei have troubles, see transcript U5_1.7_8_87_P6_0.2_8_0.26_9_6.8_0_0.49_1_0.35_2_2.1_A1_0.82_P_12/inp019.err for more details.
ERROR in MURE::WriteMaterial(ostream &Out)
	 Some nuclei have troubles, see transcript U5_1.7_8_87_P6_0.2_8_0.26_9_6.8_0_0.49_1_0.35_2_2.1_A1_0.82_P_12/inp019.err for more details.
ERROR in MURE::BuildMCNPFile
	 Some nuclei have troubles, see transcript U5_1.7_8_87_P6_0.2_8_0.26_9_6.8_0_0.49_1_0.35_2_2.1_A1_0.82_P_12/inp020.err for more details.
ERROR in MURE::WriteMaterial(ostream &Out)
	 Some nuclei have troubles, see transcript U5_1.7_8_87_P6_0.2_8_0.26_9_6.8_0_0.49_1_0.35_2_2.1_A1_0.82_P_12/inp020.err for more details.
ERROR in MURE::BuildMCNPFile
	 Some nuclei have troubles, see transcript U5_1.7_8_87_P6_0.2_8_0.26_9_6.8_0_0.49_1_0.35_2_2.1_A1_0.82_P_12/inp021.err for more details.
ERROR in MURE::WriteMaterial(ostream &Out)
	 Some nuclei have troubles, see transcript U5_1.7_8_87_P6_0.2_8_0.26_9_6.8_0_0.49_1_0.35_2_2.1_A1_0.82_P_12/inp021.err for more details.
ERROR in MURE::BuildMCNPFile
	 Some nuclei have troubles, see transcript U5_1.7_8_87_P6_0.2_8_0.26_9_6.8_0_0.49_1_0.35_2_2.1_A1_0.82_P_12/inp022.err for more details.
ERROR in MURE::WriteMaterial(ostream &Out)
	 Some nuclei have troubles, see transcript U5_1.7_8_87_P6_0.2_8_0.26_9_6.8_0_0.49_1_0.35_2_2.1_A1_0.82_P_12/inp022.err for more details.
ERROR in MURE::BuildMCNPFile
	 Some nuclei have troubles, see transcript U5_1.7_8_87_P6_0.2_8_0.26_9_6.8_0_0.49_1_0.35_2_2.1_A1_0.82_P_12/inp023.err for more details.
ERROR in MURE::WriteMaterial(ostream &Out)
	 Some nuclei have troubles, see transcript U5_1.7_8_87_P6_0.2_8_0.26_9_6.8_0_0.49_1_0.35_2_2.1_A1_0.82_P_12/inp023.err for more details.
ERROR in MURE::BuildMCNPFile
	 Some nuclei have troubles, see transcript U5_1.7_8_87_P6_0.2_8_0.26_9_6.8_0_0.49_1_0.35_2_2.1_A1_0.82_P_12/inp024.err for more details.
ERROR in MURE::WriteMaterial(ostream &Out)
	 Some nuclei have troubles, see transcript U5_1.7_8_87_P6_0.2_8_0.26_9_6.8_0_0.49_1_0.35_2_2.1_A1_0.82_P_12/inp024.err for more details.
ERROR in MURE::BuildMCNPFile
	 Some nuclei have troubles, see transcript U5_1.7_8_87_P6_0.2_8_0.26_9_6.8_0_0.49_1_0.35_2_2.1_A1_0.82_P_12/inp025.err for more details.
ERROR in MURE::WriteMaterial(ostream &Out)
	 Some nuclei have troubles, see transcript U5_1.7_8_87_P6_0.2_8_0.26_9_6.8_0_0.49_1_0.35_2_2.1_A1_0.82_P_12/inp025.err for more details.
ERROR in MURE::BuildMCNPFile
	 Some nuclei have troubles, see transcript U5_1.7_8_87_P6_0.2_8_0.26_9_6.8_0_0.49_1_0.35_2_2.1_A1_0.82_P_12/inp026.err for more details.
ERROR in MURE::WriteMaterial(ostream &Out)
	 Some nuclei have troubles, see transcript U5_1.7_8_87_P6_0.2_8_0.26_9_6.8_0_0.49_1_0.35_2_2.1_A1_0.82_P_12/inp026.err for more details.
ERROR in MURE::BuildMCNPFile
	 Some nuclei have troubles, see transcript U5_1.7_8_87_P6_0.2_8_0.26_9_6.8_0_0.49_1_0.35_2_2.1_A1_0.82_P_12/inp027.err for more details.
ERROR in MURE::WriteMaterial(ostream &Out)
	 Some nuclei have troubles, see transcript U5_1.7_8_87_P6_0.2_8_0.26_9_6.8_0_0.49_1_0.35_2_2.1_A1_0.82_P_12/inp027.err for more details.
ERROR in MURE::BuildMCNPFile
	 Some nuclei have troubles, see transcript U5_1.7_8_87_P6_0.2_8_0.26_9_6.8_0_0.49_1_0.35_2_2.1_A1_0.82_P_12/inp028.err for more details.
ERROR in MURE::WriteMaterial(ostream &Out)
	 Some nuclei have troubles, see transcript U5_1.7_8_87_P6_0.2_8_0.26_9_6.8_0_0.49_1_0.35_2_2.1_A1_0.82_P_12/inp028.err for more details.
ERROR in MURE::BuildMCNPFile
	 Some nuclei have troubles, see transcript U5_1.7_8_87_P6_0.2_8_0.26_9_6.8_0_0.49_1_0.35_2_2.1_A1_0.82_P_12/inp029.err for more details.
ERROR in MURE::WriteMaterial(ostream &Out)
	 Some nuclei have troubles, see transcript U5_1.7_8_87_P6_0.2_8_0.26_9_6.8_0_0.49_1_0.35_2_2.1_A1_0.82_P_12/inp029.err for more details.
ERROR in MURE::BuildMCNPFile
	 Some nuclei have troubles, see transcript U5_1.7_8_87_P6_0.2_8_0.26_9_6.8_0_0.49_1_0.35_2_2.1_A1_0.82_P_12/inp030.err for more details.
ERROR in MURE::WriteMaterial(ostream &Out)
	 Some nuclei have troubles, see transcript U5_1.7_8_87_P6_0.2_8_0.26_9_6.8_0_0.49_1_0.35_2_2.1_A1_0.82_P_12/inp030.err for more details.
ERROR in MURE::BuildMCNPFile
	 Some nuclei have troubles, see transcript U5_1.7_8_87_P6_0.2_8_0.26_9_6.8_0_0.49_1_0.35_2_2.1_A1_0.82_P_12/inp031.err for more details.
ERROR in MURE::WriteMaterial(ostream &Out)
	 Some nuclei have troubles, see transcript U5_1.7_8_87_P6_0.2_8_0.26_9_6.8_0_0.49_1_0.35_2_2.1_A1_0.82_P_12/inp031.err for more details.
ERROR in MURE::BuildMCNPFile
	 Some nuclei have troubles, see transcript U5_1.7_8_87_P6_0.2_8_0.26_9_6.8_0_0.49_1_0.35_2_2.1_A1_0.82_P_12/inp032.err for more details.
ERROR in MURE::WriteMaterial(ostream &Out)
	 Some nuclei have troubles, see transcript U5_1.7_8_87_P6_0.2_8_0.26_9_6.8_0_0.49_1_0.35_2_2.1_A1_0.82_P_12/inp032.err for more details.
ERROR in MURE::BuildMCNPFile
	 Some nuclei have troubles, see transcript U5_1.7_8_87_P6_0.2_8_0.26_9_6.8_0_0.49_1_0.35_2_2.1_A1_0.82_P_12/inp033.err for more details.
ERROR in MURE::WriteMaterial(ostream &Out)
	 Some nuclei have troubles, see transcript U5_1.7_8_87_P6_0.2_8_0.26_9_6.8_0_0.49_1_0.35_2_2.1_A1_0.82_P_12/inp033.err for more details.
ERROR in MURE::BuildMCNPFile
	 Some nuclei have troubles, see transcript U5_1.7_8_87_P6_0.2_8_0.26_9_6.8_0_0.49_1_0.35_2_2.1_A1_0.82_P_12/inp034.err for more details.
ERROR in MURE::WriteMaterial(ostream &Out)
	 Some nuclei have troubles, see transcript U5_1.7_8_87_P6_0.2_8_0.26_9_6.8_0_0.49_1_0.35_2_2.1_A1_0.82_P_12/inp034.err for more details.
ERROR in MURE::BuildMCNPFile
	 Some nuclei have troubles, see transcript U5_1.7_8_87_P6_0.2_8_0.26_9_6.8_0_0.49_1_0.35_2_2.1_A1_0.82_P_12/inp035.err for more details.
ERROR in MURE::WriteMaterial(ostream &Out)
	 Some nuclei have troubles, see transcript U5_1.7_8_87_P6_0.2_8_0.26_9_6.8_0_0.49_1_0.35_2_2.1_A1_0.82_P_12/inp035.err for more details.
ERROR in MURE::BuildMCNPFile
	 Some nuclei have troubles, see transcript U5_1.7_8_87_P6_0.2_8_0.26_9_6.8_0_0.49_1_0.35_2_2.1_A1_0.82_P_12/inp036.err for more details.
ERROR in MURE::WriteMaterial(ostream &Out)
	 Some nuclei have troubles, see transcript U5_1.7_8_87_P6_0.2_8_0.26_9_6.8_0_0.49_1_0.35_2_2.1_A1_0.82_P_12/inp036.err for more details.
ERROR in MURE::BuildMCNPFile
	 Some nuclei have troubles, see transcript U5_1.7_8_87_P6_0.2_8_0.26_9_6.8_0_0.49_1_0.35_2_2.1_A1_0.82_P_12/inp037.err for more details.
ERROR in MURE::WriteMaterial(ostream &Out)
	 Some nuclei have troubles, see transcript U5_1.7_8_87_P6_0.2_8_0.26_9_6.8_0_0.49_1_0.35_2_2.1_A1_0.82_P_12/inp037.err for more details.
ERROR in MURE::BuildMCNPFile
	 Some nuclei have troubles, see transcript U5_1.7_8_87_P6_0.2_8_0.26_9_6.8_0_0.49_1_0.35_2_2.1_A1_0.82_P_12/inp038.err for more details.
ERROR in MURE::WriteMaterial(ostream &Out)
	 Some nuclei have troubles, see transcript U5_1.7_8_87_P6_0.2_8_0.26_9_6.8_0_0.49_1_0.35_2_2.1_A1_0.82_P_12/inp038.err for more details.
ERROR in MURE::BuildMCNPFile
	 Some nuclei have troubles, see transcript U5_1.7_8_87_P6_0.2_8_0.26_9_6.8_0_0.49_1_0.35_2_2.1_A1_0.82_P_12/inp039.err for more details.
ERROR in MURE::WriteMaterial(ostream &Out)
	 Some nuclei have troubles, see transcript U5_1.7_8_87_P6_0.2_8_0.26_9_6.8_0_0.49_1_0.35_2_2.1_A1_0.82_P_12/inp039.err for more details.
ERROR in MURE::BuildMCNPFile
	 Some nuclei have troubles, see transcript U5_1.7_8_87_P6_0.2_8_0.26_9_6.8_0_0.49_1_0.35_2_2.1_A1_0.82_P_12/inp040.err for more details.
ERROR in MURE::WriteMaterial(ostream &Out)
	 Some nuclei have troubles, see transcript U5_1.7_8_87_P6_0.2_8_0.26_9_6.8_0_0.49_1_0.35_2_2.1_A1_0.82_P_12/inp040.err for more details.
ERROR in MURE::BuildMCNPFile
	 Some nuclei have troubles, see transcript U5_1.7_8_87_P6_0.2_8_0.26_9_6.8_0_0.49_1_0.35_2_2.1_A1_0.82_P_12/inp041.err for more details.
ERROR in MURE::WriteMaterial(ostream &Out)
	 Some nuclei have troubles, see transcript U5_1.7_8_87_P6_0.2_8_0.26_9_6.8_0_0.49_1_0.35_2_2.1_A1_0.82_P_12/inp041.err for more details.
ERROR in MURE::BuildMCNPFile
	 Some nuclei have troubles, see transcript U5_1.7_8_87_P6_0.2_8_0.26_9_6.8_0_0.49_1_0.35_2_2.1_A1_0.82_P_12/inp042.err for more details.
ERROR in MURE::WriteMaterial(ostream &Out)
	 Some nuclei have troubles, see transcript U5_1.7_8_87_P6_0.2_8_0.26_9_6.8_0_0.49_1_0.35_2_2.1_A1_0.82_P_12/inp042.err for more details.
ERROR in MURE::BuildMCNPFile
	 Some nuclei have troubles, see transcript U5_1.7_8_87_P6_0.2_8_0.26_9_6.8_0_0.49_1_0.35_2_2.1_A1_0.82_P_12/inp043.err for more details.
ERROR in MURE::WriteMaterial(ostream &Out)
	 Some nuclei have troubles, see transcript U5_1.7_8_87_P6_0.2_8_0.26_9_6.8_0_0.49_1_0.35_2_2.1_A1_0.82_P_12/inp043.err for more details.
ERROR in MURE::BuildMCNPFile
	 Some nuclei have troubles, see transcript U5_1.7_8_87_P6_0.2_8_0.26_9_6.8_0_0.49_1_0.35_2_2.1_A1_0.82_P_12/inp044.err for more details.
ERROR in MURE::WriteMaterial(ostream &Out)
	 Some nuclei have troubles, see transcript U5_1.7_8_87_P6_0.2_8_0.26_9_6.8_0_0.49_1_0.35_2_2.1_A1_0.82_P_12/inp044.err for more details.
ERROR in MURE::BuildMCNPFile
	 Some nuclei have troubles, see transcript U5_1.7_8_87_P6_0.2_8_0.26_9_6.8_0_0.49_1_0.35_2_2.1_A1_0.82_P_12/inp045.err for more details.
ERROR in MURE::WriteMaterial(ostream &Out)
	 Some nuclei have troubles, see transcript U5_1.7_8_87_P6_0.2_8_0.26_9_6.8_0_0.49_1_0.35_2_2.1_A1_0.82_P_12/inp045.err for more details.
ERROR in MURE::BuildMCNPFile
	 Some nuclei have troubles, see transcript U5_1.7_8_87_P6_0.2_8_0.26_9_6.8_0_0.49_1_0.35_2_2.1_A1_0.82_P_12/inp046.err for more details.
ERROR in MURE::WriteMaterial(ostream &Out)
	 Some nuclei have troubles, see transcript U5_1.7_8_87_P6_0.2_8_0.26_9_6.8_0_0.49_1_0.35_2_2.1_A1_0.82_P_12/inp046.err for more details.
ERROR in MURE::BuildMCNPFile
	 Some nuclei have troubles, see transcript U5_1.7_8_87_P6_0.2_8_0.26_9_6.8_0_0.49_1_0.35_2_2.1_A1_0.82_P_12/inp047.err for more details.
ERROR in MURE::WriteMaterial(ostream &Out)
	 Some nuclei have troubles, see transcript U5_1.7_8_87_P6_0.2_8_0.26_9_6.8_0_0.49_1_0.35_2_2.1_A1_0.82_P_12/inp047.err for more details.
ERROR in MURE::BuildMCNPFile
	 Some nuclei have troubles, see transcript U5_1.7_8_87_P6_0.2_8_0.26_9_6.8_0_0.49_1_0.35_2_2.1_A1_0.82_P_12/inp048.err for more details.
ERROR in MURE::WriteMaterial(ostream &Out)
	 Some nuclei have troubles, see transcript U5_1.7_8_87_P6_0.2_8_0.26_9_6.8_0_0.49_1_0.35_2_2.1_A1_0.82_P_12/inp048.err for more details.
ERROR in MURE::BuildMCNPFile
	 Some nuclei have troubles, see transcript U5_1.7_8_87_P6_0.2_8_0.26_9_6.8_0_0.49_1_0.35_2_2.1_A1_0.82_P_12/inp049.err for more details.
ERROR in MURE::WriteMaterial(ostream &Out)
	 Some nuclei have troubles, see transcript U5_1.7_8_87_P6_0.2_8_0.26_9_6.8_0_0.49_1_0.35_2_2.1_A1_0.82_P_12/inp049.err for more details.
ERROR in MURE::BuildMCNPFile
	 Some nuclei have troubles, see transcript U5_1.7_8_87_P6_0.2_8_0.26_9_6.8_0_0.49_1_0.35_2_2.1_A1_0.82_P_12/inp050.err for more details.
ERROR in MURE::WriteMaterial(ostream &Out)
	 Some nuclei have troubles, see transcript U5_1.7_8_87_P6_0.2_8_0.26_9_6.8_0_0.49_1_0.35_2_2.1_A1_0.82_P_12/inp050.err for more details.
ERROR in MURE::BuildMCNPFile
	 Some nuclei have troubles, see transcript U5_1.7_8_87_P6_0.2_8_0.26_9_6.8_0_0.49_1_0.35_2_2.1_A1_0.82_P_12/inp051.err for more details.
ERROR in MURE::WriteMaterial(ostream &Out)
	 Some nuclei have troubles, see transcript U5_1.7_8_87_P6_0.2_8_0.26_9_6.8_0_0.49_1_0.35_2_2.1_A1_0.82_P_12/inp051.err for more details.
ERROR in MURE::BuildMCNPFile
	 Some nuclei have troubles, see transcript U5_1.7_8_87_P6_0.2_8_0.26_9_6.8_0_0.49_1_0.35_2_2.1_A1_0.82_P_12/inp052.err for more details.
ERROR in MURE::WriteMaterial(ostream &Out)
	 Some nuclei have troubles, see transcript U5_1.7_8_87_P6_0.2_8_0.26_9_6.8_0_0.49_1_0.35_2_2.1_A1_0.82_P_12/inp052.err for more details.
ERROR in MURE::BuildMCNPFile
	 Some nuclei have troubles, see transcript U5_1.7_8_87_P6_0.2_8_0.26_9_6.8_0_0.49_1_0.35_2_2.1_A1_0.82_P_12/inp053.err for more details.
ERROR in MURE::WriteMaterial(ostream &Out)
	 Some nuclei have troubles, see transcript U5_1.7_8_87_P6_0.2_8_0.26_9_6.8_0_0.49_1_0.35_2_2.1_A1_0.82_P_12/inp053.err for more details.
ERROR in MURE::BuildMCNPFile
	 Some nuclei have troubles, see transcript U5_1.7_8_87_P6_0.2_8_0.26_9_6.8_0_0.49_1_0.35_2_2.1_A1_0.82_P_12/inp054.err for more details.
ERROR in MURE::WriteMaterial(ostream &Out)
	 Some nuclei have troubles, see transcript U5_1.7_8_87_P6_0.2_8_0.26_9_6.8_0_0.49_1_0.35_2_2.1_A1_0.82_P_12/inp054.err for more details.
ERROR in MURE::BuildMCNPFile
	 Some nuclei have troubles, see transcript U5_1.7_8_87_P6_0.2_8_0.26_9_6.8_0_0.49_1_0.35_2_2.1_A1_0.82_P_12/inp055.err for more details.
ERROR in MURE::WriteMaterial(ostream &Out)
	 Some nuclei have troubles, see transcript U5_1.7_8_87_P6_0.2_8_0.26_9_6.8_0_0.49_1_0.35_2_2.1_A1_0.82_P_12/inp055.err for more details.
ERROR in MURE::BuildMCNPFile
	 Some nuclei have troubles, see transcript U5_1.7_8_87_P6_0.2_8_0.26_9_6.8_0_0.49_1_0.35_2_2.1_A1_0.82_P_12/inp056.err for more details.
ERROR in MURE::WriteMaterial(ostream &Out)
	 Some nuclei have troubles, see transcript U5_1.7_8_87_P6_0.2_8_0.26_9_6.8_0_0.49_1_0.35_2_2.1_A1_0.82_P_12/inp056.err for more details.
ERROR in MURE::BuildMCNPFile
	 Some nuclei have troubles, see transcript U5_1.7_8_87_P6_0.2_8_0.26_9_6.8_0_0.49_1_0.35_2_2.1_A1_0.82_P_12/inp057.err for more details.
ERROR in MURE::WriteMaterial(ostream &Out)
	 Some nuclei have troubles, see transcript U5_1.7_8_87_P6_0.2_8_0.26_9_6.8_0_0.49_1_0.35_2_2.1_A1_0.82_P_12/inp057.err for more details.
ERROR in MURE::BuildMCNPFile
	 Some nuclei have troubles, see transcript U5_1.7_8_87_P6_0.2_8_0.26_9_6.8_0_0.49_1_0.35_2_2.1_A1_0.82_P_12/inp058.err for more details.
ERROR in MURE::WriteMaterial(ostream &Out)
	 Some nuclei have troubles, see transcript U5_1.7_8_87_P6_0.2_8_0.26_9_6.8_0_0.49_1_0.35_2_2.1_A1_0.82_P_12/inp058.err for more details.
ERROR in MURE::BuildMCNPFile
	 Some nuclei have troubles, see transcript U5_1.7_8_87_P6_0.2_8_0.26_9_6.8_0_0.49_1_0.35_2_2.1_A1_0.82_P_12/inp059.err for more details.
ERROR in MURE::WriteMaterial(ostream &Out)
	 Some nuclei have troubles, see transcript U5_1.7_8_87_P6_0.2_8_0.26_9_6.8_0_0.49_1_0.35_2_2.1_A1_0.82_P_12/inp059.err for more details.
ERROR in MURE::BuildMCNPFile
	 Some nuclei have troubles, see transcript U5_1.7_8_87_P6_0.2_8_0.26_9_6.8_0_0.49_1_0.35_2_2.1_A1_0.82_P_12/inp060.err for more details.
ERROR in MURE::WriteMaterial(ostream &Out)
	 Some nuclei have troubles, see transcript U5_1.7_8_87_P6_0.2_8_0.26_9_6.8_0_0.49_1_0.35_2_2.1_A1_0.82_P_12/inp060.err for more details.
ERROR in MURE::BuildMCNPFile
	 Some nuclei have troubles, see transcript U5_1.7_8_87_P6_0.2_8_0.26_9_6.8_0_0.49_1_0.35_2_2.1_A1_0.82_P_12/inp061.err for more details.
ERROR in MURE::WriteMaterial(ostream &Out)
	 Some nuclei have troubles, see transcript U5_1.7_8_87_P6_0.2_8_0.26_9_6.8_0_0.49_1_0.35_2_2.1_A1_0.82_P_12/inp061.err for more details.
ERROR in MURE::BuildMCNPFile
	 Some nuclei have troubles, see transcript U5_1.7_8_87_P6_0.2_8_0.26_9_6.8_0_0.49_1_0.35_2_2.1_A1_0.82_P_12/inp062.err for more details.
ERROR in MURE::WriteMaterial(ostream &Out)
	 Some nuclei have troubles, see transcript U5_1.7_8_87_P6_0.2_8_0.26_9_6.8_0_0.49_1_0.35_2_2.1_A1_0.82_P_12/inp062.err for more details.
ERROR in MURE::BuildMCNPFile
	 Some nuclei have troubles, see transcript U5_1.7_8_87_P6_0.2_8_0.26_9_6.8_0_0.49_1_0.35_2_2.1_A1_0.82_P_12/inp063.err for more details.
ERROR in MURE::WriteMaterial(ostream &Out)
	 Some nuclei have troubles, see transcript U5_1.7_8_87_P6_0.2_8_0.26_9_6.8_0_0.49_1_0.35_2_2.1_A1_0.82_P_12/inp063.err for more details.
ERROR in MURE::BuildMCNPFile
	 Some nuclei have troubles, see transcript U5_1.7_8_87_P6_0.2_8_0.26_9_6.8_0_0.49_1_0.35_2_2.1_A1_0.82_P_12/inp064.err for more details.
ERROR in MURE::WriteMaterial(ostream &Out)
	 Some nuclei have troubles, see transcript U5_1.7_8_87_P6_0.2_8_0.26_9_6.8_0_0.49_1_0.35_2_2.1_A1_0.82_P_12/inp064.err for more details.
ERROR in MURE::BuildMCNPFile
	 Some nuclei have troubles, see transcript U5_1.7_8_87_P6_0.2_8_0.26_9_6.8_0_0.49_1_0.35_2_2.1_A1_0.82_P_12/inp065.err for more details.
ERROR in MURE::WriteMaterial(ostream &Out)
	 Some nuclei have troubles, see transcript U5_1.7_8_87_P6_0.2_8_0.26_9_6.8_0_0.49_1_0.35_2_2.1_A1_0.82_P_12/inp065.err for more details.
ERROR in MURE::BuildMCNPFile
	 Some nuclei have troubles, see transcript U5_1.7_8_87_P6_0.2_8_0.26_9_6.8_0_0.49_1_0.35_2_2.1_A1_0.82_P_12/inp066.err for more details.
ERROR in MURE::WriteMaterial(ostream &Out)
	 Some nuclei have troubles, see transcript U5_1.7_8_87_P6_0.2_8_0.26_9_6.8_0_0.49_1_0.35_2_2.1_A1_0.82_P_12/inp066.err for more details.
ERROR in MURE::BuildMCNPFile
	 Some nuclei have troubles, see transcript U5_1.7_8_87_P6_0.2_8_0.26_9_6.8_0_0.49_1_0.35_2_2.1_A1_0.82_P_12/inp067.err for more details.
ERROR in MURE::WriteMaterial(ostream &Out)
	 Some nuclei have troubles, see transcript U5_1.7_8_87_P6_0.2_8_0.26_9_6.8_0_0.49_1_0.35_2_2.1_A1_0.82_P_12/inp067.err for more details.
ERROR in MURE::BuildMCNPFile
	 Some nuclei have troubles, see transcript U5_1.7_8_87_P6_0.2_8_0.26_9_6.8_0_0.49_1_0.35_2_2.1_A1_0.82_P_12/inp068.err for more details.
ERROR in MURE::WriteMaterial(ostream &Out)
	 Some nuclei have troubles, see transcript U5_1.7_8_87_P6_0.2_8_0.26_9_6.8_0_0.49_1_0.35_2_2.1_A1_0.82_P_12/inp068.err for more details.
ERROR in MURE::BuildMCNPFile
	 Some nuclei have troubles, see transcript U5_1.7_8_87_P6_0.2_8_0.26_9_6.8_0_0.49_1_0.35_2_2.1_A1_0.82_P_12/inp069.err for more details.
ERROR in MURE::WriteMaterial(ostream &Out)
	 Some nuclei have troubles, see transcript U5_1.7_8_87_P6_0.2_8_0.26_9_6.8_0_0.49_1_0.35_2_2.1_A1_0.82_P_12/inp069.err for more details.
ERROR in MURE::BuildMCNPFile
	 Some nuclei have troubles, see transcript U5_1.7_8_87_P6_0.2_8_0.26_9_6.8_0_0.49_1_0.35_2_2.1_A1_0.82_P_12/inp070.err for more details.
ERROR in MURE::WriteMaterial(ostream &Out)
	 Some nuclei have troubles, see transcript U5_1.7_8_87_P6_0.2_8_0.26_9_6.8_0_0.49_1_0.35_2_2.1_A1_0.82_P_12/inp070.err for more details.
ERROR in MURE::BuildMCNPFile
	 Some nuclei have troubles, see transcript U5_1.7_8_87_P6_0.2_8_0.26_9_6.8_0_0.49_1_0.35_2_2.1_A1_0.82_P_12/inp071.err for more details.
ERROR in MURE::WriteMaterial(ostream &Out)
	 Some nuclei have troubles, see transcript U5_1.7_8_87_P6_0.2_8_0.26_9_6.8_0_0.49_1_0.35_2_2.1_A1_0.82_P_12/inp071.err for more details.
ERROR in MURE::BuildMCNPFile
	 Some nuclei have troubles, see transcript U5_1.7_8_87_P6_0.2_8_0.26_9_6.8_0_0.49_1_0.35_2_2.1_A1_0.82_P_12/inp072.err for more details.
ERROR in MURE::WriteMaterial(ostream &Out)
	 Some nuclei have troubles, see transcript U5_1.7_8_87_P6_0.2_8_0.26_9_6.8_0_0.49_1_0.35_2_2.1_A1_0.82_P_12/inp072.err for more details.
ERROR in MURE::BuildMCNPFile
	 Some nuclei have troubles, see transcript U5_1.7_8_87_P6_0.2_8_0.26_9_6.8_0_0.49_1_0.35_2_2.1_A1_0.82_P_12/inp073.err for more details.
ERROR in MURE::WriteMaterial(ostream &Out)
	 Some nuclei have troubles, see transcript U5_1.7_8_87_P6_0.2_8_0.26_9_6.8_0_0.49_1_0.35_2_2.1_A1_0.82_P_12/inp073.err for more details.
ERROR in MURE::BuildMCNPFile
	 Some nuclei have troubles, see transcript U5_1.7_8_87_P6_0.2_8_0.26_9_6.8_0_0.49_1_0.35_2_2.1_A1_0.82_P_12/inp074.err for more details.
ERROR in MURE::WriteMaterial(ostream &Out)
	 Some nuclei have troubles, see transcript U5_1.7_8_87_P6_0.2_8_0.26_9_6.8_0_0.49_1_0.35_2_2.1_A1_0.82_P_12/inp074.err for more details.
ERROR in MURE::BuildMCNPFile
	 Some nuclei have troubles, see transcript U5_1.7_8_87_P6_0.2_8_0.26_9_6.8_0_0.49_1_0.35_2_2.1_A1_0.82_P_12/inp075.err for more details.
ERROR in MURE::WriteMaterial(ostream &Out)
	 Some nuclei have troubles, see transcript U5_1.7_8_87_P6_0.2_8_0.26_9_6.8_0_0.49_1_0.35_2_2.1_A1_0.82_P_12/inp075.err for more details.
ERROR in MURE::BuildMCNPFile
	 Some nuclei have troubles, see transcript U5_1.7_8_87_P6_0.2_8_0.26_9_6.8_0_0.49_1_0.35_2_2.1_A1_0.82_P_12/inp076.err for more details.
ERROR in MURE::WriteMaterial(ostream &Out)
	 Some nuclei have troubles, see transcript U5_1.7_8_87_P6_0.2_8_0.26_9_6.8_0_0.49_1_0.35_2_2.1_A1_0.82_P_12/inp076.err for more details.
ERROR in MURE::BuildMCNPFile
	 Some nuclei have troubles, see transcript U5_1.7_8_87_P6_0.2_8_0.26_9_6.8_0_0.49_1_0.35_2_2.1_A1_0.82_P_12/inp077.err for more details.
ERROR in MURE::WriteMaterial(ostream &Out)
	 Some nuclei have troubles, see transcript U5_1.7_8_87_P6_0.2_8_0.26_9_6.8_0_0.49_1_0.35_2_2.1_A1_0.82_P_12/inp077.err for more details.
ERROR in MURE::BuildMCNPFile
	 Some nuclei have troubles, see transcript U5_1.7_8_87_P6_0.2_8_0.26_9_6.8_0_0.49_1_0.35_2_2.1_A1_0.82_P_12/inp078.err for more details.
ERROR in MURE::WriteMaterial(ostream &Out)
	 Some nuclei have troubles, see transcript U5_1.7_8_87_P6_0.2_8_0.26_9_6.8_0_0.49_1_0.35_2_2.1_A1_0.82_P_12/inp078.err for more details.
ERROR in MURE::BuildMCNPFile
	 Some nuclei have troubles, see transcript U5_1.7_8_87_P6_0.2_8_0.26_9_6.8_0_0.49_1_0.35_2_2.1_A1_0.82_P_12/inp079.err for more details.
ERROR in MURE::WriteMaterial(ostream &Out)
	 Some nuclei have troubles, see transcript U5_1.7_8_87_P6_0.2_8_0.26_9_6.8_0_0.49_1_0.35_2_2.1_A1_0.82_P_12/inp079.err for more details.
* About to connect() to ftp.box.com port 21 (#0)
*   Trying 74.112.186.81... connected
* Connected to ftp.box.com (74.112.186.81) port 21 (#0)
< 220 Service ready for new user.
> AUTH SSL
< 234 Command AUTH okay; starting SSL connection.
* Initializing NSS with certpath: sql:/etc/pki/nssdb
*   CAfile: /etc/pki/tls/certs/ca-bundle.crt
  CApath: none
* SSL connection using TLS_RSA_WITH_AES_128_CBC_SHA
* Server certificate:
* 	subject: CN=*.box.com,O="Box, Inc.",L=Los Altos,ST=California,C=US
* 	start date: Nov 13 19:22:20 2014 GMT
* 	expire date: Oct 23 02:42:03 2017 GMT
* 	common name: *.box.com
* 	issuer: CN=GeoTrust SSL CA - G4,O=GeoTrust Inc.,C=US
> USER mouginot@wisc.edu
< 331 User name okay, need password for mouginot@wisc.edu.
> PASS line150782
< 230 User logged in, proceed.
> PBSZ 0
< 200 Command PBSZ okay.
> PROT P
< 200 Command PROT okay.
> PWD
< 257 "/" is current directory.
* Entry path is '/'
> CWD MODEL_DATA
< 250 Directory changed to /MODEL_DATA
> CWD PWR_TRU_MOX_PSPEC
< 250 Directory changed to /MODEL_DATA/PWR_TRU_MOX_PSPEC
> CWD 1000
< 250 Directory changed to /MODEL_DATA/PWR_TRU_MOX_PSPEC/1000
> PASV
* Connect data stream passively
< 227 Entering Passive Mode (74,112,186,81,64,12)
* Skips 74.112.186.81 for data connection, uses 74.112.186.81 instead
*   Trying 74.112.186.81... connected
* Connecting to 74.112.186.81 (74.112.186.81) port 16396
> TYPE I
< 200 Command TYPE okay.
> STOR 495_raw.tar.gz
< 150 File status okay; about to open data connection.
* Doing the SSL/TLS handshake on the data stream
*   CAfile: /etc/pki/tls/certs/ca-bundle.crt
  CApath: none
* SSL connection using TLS_RSA_WITH_AES_128_CBC_SHA
* Server certificate:
* 	subject: CN=*.box.com,O="Box, Inc.",L=Los Altos,ST=California,C=US
* 	start date: Nov 13 19:22:20 2014 GMT
* 	expire date: Oct 23 02:42:03 2017 GMT
* 	common name: *.box.com
* 	issuer: CN=GeoTrust SSL CA - G4,O=GeoTrust Inc.,C=US
} [data not shown]
  % Total    % Received % Xferd  Average Speed   Time    Time     Time  Current
                                 Dload  Upload   Total   Spent    Left  Speed
  0 43.5M    0     0    0 16384      0   3595  3:31:46  0:00:04  3:31:42  3595  0 43.5M    0     0    0  336k      0  67965  0:11:12  0:00:05  0:11:07  632k  6 43.5M    0     0    6 2784k      0   458k  0:01:37  0:00:06  0:01:31 1825k 24 43.5M    0     0   24 10.6M      0  1536k  0:00:29  0:00:07  0:00:22 4300k 63 43.5M    0     0   63 27.5M      0  3505k  0:00:12  0:00:08  0:00:04 8089k* Remembering we are in dir "MODEL_DATA/PWR_TRU_MOX_PSPEC/1000/"
< 226 Transfer complete.
100 43.5M    0     0  100 43.5M      0  4605k  0:00:09  0:00:09 --:--:-- 8696k* Connection #0 to host ftp.box.com left intact

> QUIT
< 221 Goodbye.
* Closing connection #0
