ERROR in MURE::BuildXSDIR()
	 Some nuclei have troubles, see transcript U5_1.6_8_79_P6_0.26_8_0.65_9_9.6_0_5.6_1_1_2_1.6_A1_0.4_P_34/inp000.err for more details.
ERROR in MURE::BuildMCNPFile
	 Some nuclei have troubles, see transcript U5_1.6_8_79_P6_0.26_8_0.65_9_9.6_0_5.6_1_1_2_1.6_A1_0.4_P_34/inp000.err for more details.
ERROR in MURE::WriteMaterial(ostream &Out)
	 Some nuclei have troubles, see transcript U5_1.6_8_79_P6_0.26_8_0.65_9_9.6_0_5.6_1_1_2_1.6_A1_0.4_P_34/inp000.err for more details.
ERROR in MURE::BuildMCNPFile
	 Some nuclei have troubles, see transcript U5_1.6_8_79_P6_0.26_8_0.65_9_9.6_0_5.6_1_1_2_1.6_A1_0.4_P_34/inp001.err for more details.
ERROR in MURE::WriteMaterial(ostream &Out)
	 Some nuclei have troubles, see transcript U5_1.6_8_79_P6_0.26_8_0.65_9_9.6_0_5.6_1_1_2_1.6_A1_0.4_P_34/inp001.err for more details.
ERROR in MURE::BuildMCNPFile
	 Some nuclei have troubles, see transcript U5_1.6_8_79_P6_0.26_8_0.65_9_9.6_0_5.6_1_1_2_1.6_A1_0.4_P_34/inp002.err for more details.
ERROR in MURE::WriteMaterial(ostream &Out)
	 Some nuclei have troubles, see transcript U5_1.6_8_79_P6_0.26_8_0.65_9_9.6_0_5.6_1_1_2_1.6_A1_0.4_P_34/inp002.err for more details.
ERROR in MURE::BuildMCNPFile
	 Some nuclei have troubles, see transcript U5_1.6_8_79_P6_0.26_8_0.65_9_9.6_0_5.6_1_1_2_1.6_A1_0.4_P_34/inp003.err for more details.
ERROR in MURE::WriteMaterial(ostream &Out)
	 Some nuclei have troubles, see transcript U5_1.6_8_79_P6_0.26_8_0.65_9_9.6_0_5.6_1_1_2_1.6_A1_0.4_P_34/inp003.err for more details.
ERROR in MURE::BuildMCNPFile
	 Some nuclei have troubles, see transcript U5_1.6_8_79_P6_0.26_8_0.65_9_9.6_0_5.6_1_1_2_1.6_A1_0.4_P_34/inp004.err for more details.
ERROR in MURE::WriteMaterial(ostream &Out)
	 Some nuclei have troubles, see transcript U5_1.6_8_79_P6_0.26_8_0.65_9_9.6_0_5.6_1_1_2_1.6_A1_0.4_P_34/inp004.err for more details.
ERROR in MURE::BuildMCNPFile
	 Some nuclei have troubles, see transcript U5_1.6_8_79_P6_0.26_8_0.65_9_9.6_0_5.6_1_1_2_1.6_A1_0.4_P_34/inp005.err for more details.
ERROR in MURE::WriteMaterial(ostream &Out)
	 Some nuclei have troubles, see transcript U5_1.6_8_79_P6_0.26_8_0.65_9_9.6_0_5.6_1_1_2_1.6_A1_0.4_P_34/inp005.err for more details.
ERROR in MURE::BuildMCNPFile
	 Some nuclei have troubles, see transcript U5_1.6_8_79_P6_0.26_8_0.65_9_9.6_0_5.6_1_1_2_1.6_A1_0.4_P_34/inp006.err for more details.
ERROR in MURE::WriteMaterial(ostream &Out)
	 Some nuclei have troubles, see transcript U5_1.6_8_79_P6_0.26_8_0.65_9_9.6_0_5.6_1_1_2_1.6_A1_0.4_P_34/inp006.err for more details.
ERROR in MURE::BuildMCNPFile
	 Some nuclei have troubles, see transcript U5_1.6_8_79_P6_0.26_8_0.65_9_9.6_0_5.6_1_1_2_1.6_A1_0.4_P_34/inp007.err for more details.
ERROR in MURE::WriteMaterial(ostream &Out)
	 Some nuclei have troubles, see transcript U5_1.6_8_79_P6_0.26_8_0.65_9_9.6_0_5.6_1_1_2_1.6_A1_0.4_P_34/inp007.err for more details.
ERROR in MURE::BuildMCNPFile
	 Some nuclei have troubles, see transcript U5_1.6_8_79_P6_0.26_8_0.65_9_9.6_0_5.6_1_1_2_1.6_A1_0.4_P_34/inp008.err for more details.
ERROR in MURE::WriteMaterial(ostream &Out)
	 Some nuclei have troubles, see transcript U5_1.6_8_79_P6_0.26_8_0.65_9_9.6_0_5.6_1_1_2_1.6_A1_0.4_P_34/inp008.err for more details.
ERROR in MURE::BuildMCNPFile
	 Some nuclei have troubles, see transcript U5_1.6_8_79_P6_0.26_8_0.65_9_9.6_0_5.6_1_1_2_1.6_A1_0.4_P_34/inp009.err for more details.
ERROR in MURE::WriteMaterial(ostream &Out)
	 Some nuclei have troubles, see transcript U5_1.6_8_79_P6_0.26_8_0.65_9_9.6_0_5.6_1_1_2_1.6_A1_0.4_P_34/inp009.err for more details.
ERROR in MURE::BuildMCNPFile
	 Some nuclei have troubles, see transcript U5_1.6_8_79_P6_0.26_8_0.65_9_9.6_0_5.6_1_1_2_1.6_A1_0.4_P_34/inp010.err for more details.
ERROR in MURE::WriteMaterial(ostream &Out)
	 Some nuclei have troubles, see transcript U5_1.6_8_79_P6_0.26_8_0.65_9_9.6_0_5.6_1_1_2_1.6_A1_0.4_P_34/inp010.err for more details.
ERROR in MURE::BuildMCNPFile
	 Some nuclei have troubles, see transcript U5_1.6_8_79_P6_0.26_8_0.65_9_9.6_0_5.6_1_1_2_1.6_A1_0.4_P_34/inp011.err for more details.
ERROR in MURE::WriteMaterial(ostream &Out)
	 Some nuclei have troubles, see transcript U5_1.6_8_79_P6_0.26_8_0.65_9_9.6_0_5.6_1_1_2_1.6_A1_0.4_P_34/inp011.err for more details.
ERROR in MURE::BuildMCNPFile
	 Some nuclei have troubles, see transcript U5_1.6_8_79_P6_0.26_8_0.65_9_9.6_0_5.6_1_1_2_1.6_A1_0.4_P_34/inp012.err for more details.
ERROR in MURE::WriteMaterial(ostream &Out)
	 Some nuclei have troubles, see transcript U5_1.6_8_79_P6_0.26_8_0.65_9_9.6_0_5.6_1_1_2_1.6_A1_0.4_P_34/inp012.err for more details.
ERROR in MURE::BuildMCNPFile
	 Some nuclei have troubles, see transcript U5_1.6_8_79_P6_0.26_8_0.65_9_9.6_0_5.6_1_1_2_1.6_A1_0.4_P_34/inp013.err for more details.
ERROR in MURE::WriteMaterial(ostream &Out)
	 Some nuclei have troubles, see transcript U5_1.6_8_79_P6_0.26_8_0.65_9_9.6_0_5.6_1_1_2_1.6_A1_0.4_P_34/inp013.err for more details.
ERROR in MURE::BuildMCNPFile
	 Some nuclei have troubles, see transcript U5_1.6_8_79_P6_0.26_8_0.65_9_9.6_0_5.6_1_1_2_1.6_A1_0.4_P_34/inp014.err for more details.
ERROR in MURE::WriteMaterial(ostream &Out)
	 Some nuclei have troubles, see transcript U5_1.6_8_79_P6_0.26_8_0.65_9_9.6_0_5.6_1_1_2_1.6_A1_0.4_P_34/inp014.err for more details.
ERROR in MURE::BuildMCNPFile
	 Some nuclei have troubles, see transcript U5_1.6_8_79_P6_0.26_8_0.65_9_9.6_0_5.6_1_1_2_1.6_A1_0.4_P_34/inp015.err for more details.
ERROR in MURE::WriteMaterial(ostream &Out)
	 Some nuclei have troubles, see transcript U5_1.6_8_79_P6_0.26_8_0.65_9_9.6_0_5.6_1_1_2_1.6_A1_0.4_P_34/inp015.err for more details.
ERROR in MURE::BuildMCNPFile
	 Some nuclei have troubles, see transcript U5_1.6_8_79_P6_0.26_8_0.65_9_9.6_0_5.6_1_1_2_1.6_A1_0.4_P_34/inp016.err for more details.
ERROR in MURE::WriteMaterial(ostream &Out)
	 Some nuclei have troubles, see transcript U5_1.6_8_79_P6_0.26_8_0.65_9_9.6_0_5.6_1_1_2_1.6_A1_0.4_P_34/inp016.err for more details.
ERROR in MURE::BuildMCNPFile
	 Some nuclei have troubles, see transcript U5_1.6_8_79_P6_0.26_8_0.65_9_9.6_0_5.6_1_1_2_1.6_A1_0.4_P_34/inp017.err for more details.
ERROR in MURE::WriteMaterial(ostream &Out)
	 Some nuclei have troubles, see transcript U5_1.6_8_79_P6_0.26_8_0.65_9_9.6_0_5.6_1_1_2_1.6_A1_0.4_P_34/inp017.err for more details.
ERROR in MURE::BuildMCNPFile
	 Some nuclei have troubles, see transcript U5_1.6_8_79_P6_0.26_8_0.65_9_9.6_0_5.6_1_1_2_1.6_A1_0.4_P_34/inp018.err for more details.
ERROR in MURE::WriteMaterial(ostream &Out)
	 Some nuclei have troubles, see transcript U5_1.6_8_79_P6_0.26_8_0.65_9_9.6_0_5.6_1_1_2_1.6_A1_0.4_P_34/inp018.err for more details.
ERROR in MURE::BuildMCNPFile
	 Some nuclei have troubles, see transcript U5_1.6_8_79_P6_0.26_8_0.65_9_9.6_0_5.6_1_1_2_1.6_A1_0.4_P_34/inp019.err for more details.
ERROR in MURE::WriteMaterial(ostream &Out)
	 Some nuclei have troubles, see transcript U5_1.6_8_79_P6_0.26_8_0.65_9_9.6_0_5.6_1_1_2_1.6_A1_0.4_P_34/inp019.err for more details.
ERROR in MURE::BuildMCNPFile
	 Some nuclei have troubles, see transcript U5_1.6_8_79_P6_0.26_8_0.65_9_9.6_0_5.6_1_1_2_1.6_A1_0.4_P_34/inp020.err for more details.
ERROR in MURE::WriteMaterial(ostream &Out)
	 Some nuclei have troubles, see transcript U5_1.6_8_79_P6_0.26_8_0.65_9_9.6_0_5.6_1_1_2_1.6_A1_0.4_P_34/inp020.err for more details.
ERROR in MURE::BuildMCNPFile
	 Some nuclei have troubles, see transcript U5_1.6_8_79_P6_0.26_8_0.65_9_9.6_0_5.6_1_1_2_1.6_A1_0.4_P_34/inp021.err for more details.
ERROR in MURE::WriteMaterial(ostream &Out)
	 Some nuclei have troubles, see transcript U5_1.6_8_79_P6_0.26_8_0.65_9_9.6_0_5.6_1_1_2_1.6_A1_0.4_P_34/inp021.err for more details.
ERROR in MURE::BuildMCNPFile
	 Some nuclei have troubles, see transcript U5_1.6_8_79_P6_0.26_8_0.65_9_9.6_0_5.6_1_1_2_1.6_A1_0.4_P_34/inp022.err for more details.
ERROR in MURE::WriteMaterial(ostream &Out)
	 Some nuclei have troubles, see transcript U5_1.6_8_79_P6_0.26_8_0.65_9_9.6_0_5.6_1_1_2_1.6_A1_0.4_P_34/inp022.err for more details.
ERROR in MURE::BuildMCNPFile
	 Some nuclei have troubles, see transcript U5_1.6_8_79_P6_0.26_8_0.65_9_9.6_0_5.6_1_1_2_1.6_A1_0.4_P_34/inp023.err for more details.
ERROR in MURE::WriteMaterial(ostream &Out)
	 Some nuclei have troubles, see transcript U5_1.6_8_79_P6_0.26_8_0.65_9_9.6_0_5.6_1_1_2_1.6_A1_0.4_P_34/inp023.err for more details.
ERROR in MURE::BuildMCNPFile
	 Some nuclei have troubles, see transcript U5_1.6_8_79_P6_0.26_8_0.65_9_9.6_0_5.6_1_1_2_1.6_A1_0.4_P_34/inp024.err for more details.
ERROR in MURE::WriteMaterial(ostream &Out)
	 Some nuclei have troubles, see transcript U5_1.6_8_79_P6_0.26_8_0.65_9_9.6_0_5.6_1_1_2_1.6_A1_0.4_P_34/inp024.err for more details.
ERROR in MURE::BuildMCNPFile
	 Some nuclei have troubles, see transcript U5_1.6_8_79_P6_0.26_8_0.65_9_9.6_0_5.6_1_1_2_1.6_A1_0.4_P_34/inp025.err for more details.
ERROR in MURE::WriteMaterial(ostream &Out)
	 Some nuclei have troubles, see transcript U5_1.6_8_79_P6_0.26_8_0.65_9_9.6_0_5.6_1_1_2_1.6_A1_0.4_P_34/inp025.err for more details.
ERROR in MURE::BuildMCNPFile
	 Some nuclei have troubles, see transcript U5_1.6_8_79_P6_0.26_8_0.65_9_9.6_0_5.6_1_1_2_1.6_A1_0.4_P_34/inp026.err for more details.
ERROR in MURE::WriteMaterial(ostream &Out)
	 Some nuclei have troubles, see transcript U5_1.6_8_79_P6_0.26_8_0.65_9_9.6_0_5.6_1_1_2_1.6_A1_0.4_P_34/inp026.err for more details.
ERROR in MURE::BuildMCNPFile
	 Some nuclei have troubles, see transcript U5_1.6_8_79_P6_0.26_8_0.65_9_9.6_0_5.6_1_1_2_1.6_A1_0.4_P_34/inp027.err for more details.
ERROR in MURE::WriteMaterial(ostream &Out)
	 Some nuclei have troubles, see transcript U5_1.6_8_79_P6_0.26_8_0.65_9_9.6_0_5.6_1_1_2_1.6_A1_0.4_P_34/inp027.err for more details.
ERROR in MURE::BuildMCNPFile
	 Some nuclei have troubles, see transcript U5_1.6_8_79_P6_0.26_8_0.65_9_9.6_0_5.6_1_1_2_1.6_A1_0.4_P_34/inp028.err for more details.
ERROR in MURE::WriteMaterial(ostream &Out)
	 Some nuclei have troubles, see transcript U5_1.6_8_79_P6_0.26_8_0.65_9_9.6_0_5.6_1_1_2_1.6_A1_0.4_P_34/inp028.err for more details.
ERROR in MURE::BuildMCNPFile
	 Some nuclei have troubles, see transcript U5_1.6_8_79_P6_0.26_8_0.65_9_9.6_0_5.6_1_1_2_1.6_A1_0.4_P_34/inp029.err for more details.
ERROR in MURE::WriteMaterial(ostream &Out)
	 Some nuclei have troubles, see transcript U5_1.6_8_79_P6_0.26_8_0.65_9_9.6_0_5.6_1_1_2_1.6_A1_0.4_P_34/inp029.err for more details.
ERROR in MURE::BuildMCNPFile
	 Some nuclei have troubles, see transcript U5_1.6_8_79_P6_0.26_8_0.65_9_9.6_0_5.6_1_1_2_1.6_A1_0.4_P_34/inp030.err for more details.
ERROR in MURE::WriteMaterial(ostream &Out)
	 Some nuclei have troubles, see transcript U5_1.6_8_79_P6_0.26_8_0.65_9_9.6_0_5.6_1_1_2_1.6_A1_0.4_P_34/inp030.err for more details.
ERROR in MURE::BuildMCNPFile
	 Some nuclei have troubles, see transcript U5_1.6_8_79_P6_0.26_8_0.65_9_9.6_0_5.6_1_1_2_1.6_A1_0.4_P_34/inp031.err for more details.
ERROR in MURE::WriteMaterial(ostream &Out)
	 Some nuclei have troubles, see transcript U5_1.6_8_79_P6_0.26_8_0.65_9_9.6_0_5.6_1_1_2_1.6_A1_0.4_P_34/inp031.err for more details.
ERROR in MURE::BuildMCNPFile
	 Some nuclei have troubles, see transcript U5_1.6_8_79_P6_0.26_8_0.65_9_9.6_0_5.6_1_1_2_1.6_A1_0.4_P_34/inp032.err for more details.
ERROR in MURE::WriteMaterial(ostream &Out)
	 Some nuclei have troubles, see transcript U5_1.6_8_79_P6_0.26_8_0.65_9_9.6_0_5.6_1_1_2_1.6_A1_0.4_P_34/inp032.err for more details.
ERROR in MURE::BuildMCNPFile
	 Some nuclei have troubles, see transcript U5_1.6_8_79_P6_0.26_8_0.65_9_9.6_0_5.6_1_1_2_1.6_A1_0.4_P_34/inp033.err for more details.
ERROR in MURE::WriteMaterial(ostream &Out)
	 Some nuclei have troubles, see transcript U5_1.6_8_79_P6_0.26_8_0.65_9_9.6_0_5.6_1_1_2_1.6_A1_0.4_P_34/inp033.err for more details.
ERROR in MURE::BuildMCNPFile
	 Some nuclei have troubles, see transcript U5_1.6_8_79_P6_0.26_8_0.65_9_9.6_0_5.6_1_1_2_1.6_A1_0.4_P_34/inp034.err for more details.
ERROR in MURE::WriteMaterial(ostream &Out)
	 Some nuclei have troubles, see transcript U5_1.6_8_79_P6_0.26_8_0.65_9_9.6_0_5.6_1_1_2_1.6_A1_0.4_P_34/inp034.err for more details.
ERROR in MURE::BuildMCNPFile
	 Some nuclei have troubles, see transcript U5_1.6_8_79_P6_0.26_8_0.65_9_9.6_0_5.6_1_1_2_1.6_A1_0.4_P_34/inp035.err for more details.
ERROR in MURE::WriteMaterial(ostream &Out)
	 Some nuclei have troubles, see transcript U5_1.6_8_79_P6_0.26_8_0.65_9_9.6_0_5.6_1_1_2_1.6_A1_0.4_P_34/inp035.err for more details.
ERROR in MURE::BuildMCNPFile
	 Some nuclei have troubles, see transcript U5_1.6_8_79_P6_0.26_8_0.65_9_9.6_0_5.6_1_1_2_1.6_A1_0.4_P_34/inp036.err for more details.
ERROR in MURE::WriteMaterial(ostream &Out)
	 Some nuclei have troubles, see transcript U5_1.6_8_79_P6_0.26_8_0.65_9_9.6_0_5.6_1_1_2_1.6_A1_0.4_P_34/inp036.err for more details.
ERROR in MURE::BuildMCNPFile
	 Some nuclei have troubles, see transcript U5_1.6_8_79_P6_0.26_8_0.65_9_9.6_0_5.6_1_1_2_1.6_A1_0.4_P_34/inp037.err for more details.
ERROR in MURE::WriteMaterial(ostream &Out)
	 Some nuclei have troubles, see transcript U5_1.6_8_79_P6_0.26_8_0.65_9_9.6_0_5.6_1_1_2_1.6_A1_0.4_P_34/inp037.err for more details.
ERROR in MURE::BuildMCNPFile
	 Some nuclei have troubles, see transcript U5_1.6_8_79_P6_0.26_8_0.65_9_9.6_0_5.6_1_1_2_1.6_A1_0.4_P_34/inp038.err for more details.
ERROR in MURE::WriteMaterial(ostream &Out)
	 Some nuclei have troubles, see transcript U5_1.6_8_79_P6_0.26_8_0.65_9_9.6_0_5.6_1_1_2_1.6_A1_0.4_P_34/inp038.err for more details.
ERROR in MURE::BuildMCNPFile
	 Some nuclei have troubles, see transcript U5_1.6_8_79_P6_0.26_8_0.65_9_9.6_0_5.6_1_1_2_1.6_A1_0.4_P_34/inp039.err for more details.
ERROR in MURE::WriteMaterial(ostream &Out)
	 Some nuclei have troubles, see transcript U5_1.6_8_79_P6_0.26_8_0.65_9_9.6_0_5.6_1_1_2_1.6_A1_0.4_P_34/inp039.err for more details.
ERROR in MURE::BuildMCNPFile
	 Some nuclei have troubles, see transcript U5_1.6_8_79_P6_0.26_8_0.65_9_9.6_0_5.6_1_1_2_1.6_A1_0.4_P_34/inp040.err for more details.
ERROR in MURE::WriteMaterial(ostream &Out)
	 Some nuclei have troubles, see transcript U5_1.6_8_79_P6_0.26_8_0.65_9_9.6_0_5.6_1_1_2_1.6_A1_0.4_P_34/inp040.err for more details.
ERROR in MURE::BuildMCNPFile
	 Some nuclei have troubles, see transcript U5_1.6_8_79_P6_0.26_8_0.65_9_9.6_0_5.6_1_1_2_1.6_A1_0.4_P_34/inp041.err for more details.
ERROR in MURE::WriteMaterial(ostream &Out)
	 Some nuclei have troubles, see transcript U5_1.6_8_79_P6_0.26_8_0.65_9_9.6_0_5.6_1_1_2_1.6_A1_0.4_P_34/inp041.err for more details.
ERROR in MURE::BuildMCNPFile
	 Some nuclei have troubles, see transcript U5_1.6_8_79_P6_0.26_8_0.65_9_9.6_0_5.6_1_1_2_1.6_A1_0.4_P_34/inp042.err for more details.
ERROR in MURE::WriteMaterial(ostream &Out)
	 Some nuclei have troubles, see transcript U5_1.6_8_79_P6_0.26_8_0.65_9_9.6_0_5.6_1_1_2_1.6_A1_0.4_P_34/inp042.err for more details.
ERROR in MURE::BuildMCNPFile
	 Some nuclei have troubles, see transcript U5_1.6_8_79_P6_0.26_8_0.65_9_9.6_0_5.6_1_1_2_1.6_A1_0.4_P_34/inp043.err for more details.
ERROR in MURE::WriteMaterial(ostream &Out)
	 Some nuclei have troubles, see transcript U5_1.6_8_79_P6_0.26_8_0.65_9_9.6_0_5.6_1_1_2_1.6_A1_0.4_P_34/inp043.err for more details.
ERROR in MURE::BuildMCNPFile
	 Some nuclei have troubles, see transcript U5_1.6_8_79_P6_0.26_8_0.65_9_9.6_0_5.6_1_1_2_1.6_A1_0.4_P_34/inp044.err for more details.
ERROR in MURE::WriteMaterial(ostream &Out)
	 Some nuclei have troubles, see transcript U5_1.6_8_79_P6_0.26_8_0.65_9_9.6_0_5.6_1_1_2_1.6_A1_0.4_P_34/inp044.err for more details.
ERROR in MURE::BuildMCNPFile
	 Some nuclei have troubles, see transcript U5_1.6_8_79_P6_0.26_8_0.65_9_9.6_0_5.6_1_1_2_1.6_A1_0.4_P_34/inp045.err for more details.
ERROR in MURE::WriteMaterial(ostream &Out)
	 Some nuclei have troubles, see transcript U5_1.6_8_79_P6_0.26_8_0.65_9_9.6_0_5.6_1_1_2_1.6_A1_0.4_P_34/inp045.err for more details.
ERROR in MURE::BuildMCNPFile
	 Some nuclei have troubles, see transcript U5_1.6_8_79_P6_0.26_8_0.65_9_9.6_0_5.6_1_1_2_1.6_A1_0.4_P_34/inp046.err for more details.
ERROR in MURE::WriteMaterial(ostream &Out)
	 Some nuclei have troubles, see transcript U5_1.6_8_79_P6_0.26_8_0.65_9_9.6_0_5.6_1_1_2_1.6_A1_0.4_P_34/inp046.err for more details.
ERROR in MURE::BuildMCNPFile
	 Some nuclei have troubles, see transcript U5_1.6_8_79_P6_0.26_8_0.65_9_9.6_0_5.6_1_1_2_1.6_A1_0.4_P_34/inp047.err for more details.
ERROR in MURE::WriteMaterial(ostream &Out)
	 Some nuclei have troubles, see transcript U5_1.6_8_79_P6_0.26_8_0.65_9_9.6_0_5.6_1_1_2_1.6_A1_0.4_P_34/inp047.err for more details.
ERROR in MURE::BuildMCNPFile
	 Some nuclei have troubles, see transcript U5_1.6_8_79_P6_0.26_8_0.65_9_9.6_0_5.6_1_1_2_1.6_A1_0.4_P_34/inp048.err for more details.
ERROR in MURE::WriteMaterial(ostream &Out)
	 Some nuclei have troubles, see transcript U5_1.6_8_79_P6_0.26_8_0.65_9_9.6_0_5.6_1_1_2_1.6_A1_0.4_P_34/inp048.err for more details.
ERROR in MURE::BuildMCNPFile
	 Some nuclei have troubles, see transcript U5_1.6_8_79_P6_0.26_8_0.65_9_9.6_0_5.6_1_1_2_1.6_A1_0.4_P_34/inp049.err for more details.
ERROR in MURE::WriteMaterial(ostream &Out)
	 Some nuclei have troubles, see transcript U5_1.6_8_79_P6_0.26_8_0.65_9_9.6_0_5.6_1_1_2_1.6_A1_0.4_P_34/inp049.err for more details.
ERROR in MURE::BuildMCNPFile
	 Some nuclei have troubles, see transcript U5_1.6_8_79_P6_0.26_8_0.65_9_9.6_0_5.6_1_1_2_1.6_A1_0.4_P_34/inp050.err for more details.
ERROR in MURE::WriteMaterial(ostream &Out)
	 Some nuclei have troubles, see transcript U5_1.6_8_79_P6_0.26_8_0.65_9_9.6_0_5.6_1_1_2_1.6_A1_0.4_P_34/inp050.err for more details.
ERROR in MURE::BuildMCNPFile
	 Some nuclei have troubles, see transcript U5_1.6_8_79_P6_0.26_8_0.65_9_9.6_0_5.6_1_1_2_1.6_A1_0.4_P_34/inp051.err for more details.
ERROR in MURE::WriteMaterial(ostream &Out)
	 Some nuclei have troubles, see transcript U5_1.6_8_79_P6_0.26_8_0.65_9_9.6_0_5.6_1_1_2_1.6_A1_0.4_P_34/inp051.err for more details.
ERROR in MURE::BuildMCNPFile
	 Some nuclei have troubles, see transcript U5_1.6_8_79_P6_0.26_8_0.65_9_9.6_0_5.6_1_1_2_1.6_A1_0.4_P_34/inp052.err for more details.
ERROR in MURE::WriteMaterial(ostream &Out)
	 Some nuclei have troubles, see transcript U5_1.6_8_79_P6_0.26_8_0.65_9_9.6_0_5.6_1_1_2_1.6_A1_0.4_P_34/inp052.err for more details.
ERROR in MURE::BuildMCNPFile
	 Some nuclei have troubles, see transcript U5_1.6_8_79_P6_0.26_8_0.65_9_9.6_0_5.6_1_1_2_1.6_A1_0.4_P_34/inp053.err for more details.
ERROR in MURE::WriteMaterial(ostream &Out)
	 Some nuclei have troubles, see transcript U5_1.6_8_79_P6_0.26_8_0.65_9_9.6_0_5.6_1_1_2_1.6_A1_0.4_P_34/inp053.err for more details.
ERROR in MURE::BuildMCNPFile
	 Some nuclei have troubles, see transcript U5_1.6_8_79_P6_0.26_8_0.65_9_9.6_0_5.6_1_1_2_1.6_A1_0.4_P_34/inp054.err for more details.
ERROR in MURE::WriteMaterial(ostream &Out)
	 Some nuclei have troubles, see transcript U5_1.6_8_79_P6_0.26_8_0.65_9_9.6_0_5.6_1_1_2_1.6_A1_0.4_P_34/inp054.err for more details.
ERROR in MURE::BuildMCNPFile
	 Some nuclei have troubles, see transcript U5_1.6_8_79_P6_0.26_8_0.65_9_9.6_0_5.6_1_1_2_1.6_A1_0.4_P_34/inp055.err for more details.
ERROR in MURE::WriteMaterial(ostream &Out)
	 Some nuclei have troubles, see transcript U5_1.6_8_79_P6_0.26_8_0.65_9_9.6_0_5.6_1_1_2_1.6_A1_0.4_P_34/inp055.err for more details.
ERROR in MURE::BuildMCNPFile
	 Some nuclei have troubles, see transcript U5_1.6_8_79_P6_0.26_8_0.65_9_9.6_0_5.6_1_1_2_1.6_A1_0.4_P_34/inp056.err for more details.
ERROR in MURE::WriteMaterial(ostream &Out)
	 Some nuclei have troubles, see transcript U5_1.6_8_79_P6_0.26_8_0.65_9_9.6_0_5.6_1_1_2_1.6_A1_0.4_P_34/inp056.err for more details.
ERROR in MURE::BuildMCNPFile
	 Some nuclei have troubles, see transcript U5_1.6_8_79_P6_0.26_8_0.65_9_9.6_0_5.6_1_1_2_1.6_A1_0.4_P_34/inp057.err for more details.
ERROR in MURE::WriteMaterial(ostream &Out)
	 Some nuclei have troubles, see transcript U5_1.6_8_79_P6_0.26_8_0.65_9_9.6_0_5.6_1_1_2_1.6_A1_0.4_P_34/inp057.err for more details.
ERROR in MURE::BuildMCNPFile
	 Some nuclei have troubles, see transcript U5_1.6_8_79_P6_0.26_8_0.65_9_9.6_0_5.6_1_1_2_1.6_A1_0.4_P_34/inp058.err for more details.
ERROR in MURE::WriteMaterial(ostream &Out)
	 Some nuclei have troubles, see transcript U5_1.6_8_79_P6_0.26_8_0.65_9_9.6_0_5.6_1_1_2_1.6_A1_0.4_P_34/inp058.err for more details.
ERROR in MURE::BuildMCNPFile
	 Some nuclei have troubles, see transcript U5_1.6_8_79_P6_0.26_8_0.65_9_9.6_0_5.6_1_1_2_1.6_A1_0.4_P_34/inp059.err for more details.
ERROR in MURE::WriteMaterial(ostream &Out)
	 Some nuclei have troubles, see transcript U5_1.6_8_79_P6_0.26_8_0.65_9_9.6_0_5.6_1_1_2_1.6_A1_0.4_P_34/inp059.err for more details.
ERROR in MURE::BuildMCNPFile
	 Some nuclei have troubles, see transcript U5_1.6_8_79_P6_0.26_8_0.65_9_9.6_0_5.6_1_1_2_1.6_A1_0.4_P_34/inp060.err for more details.
ERROR in MURE::WriteMaterial(ostream &Out)
	 Some nuclei have troubles, see transcript U5_1.6_8_79_P6_0.26_8_0.65_9_9.6_0_5.6_1_1_2_1.6_A1_0.4_P_34/inp060.err for more details.
ERROR in MURE::BuildMCNPFile
	 Some nuclei have troubles, see transcript U5_1.6_8_79_P6_0.26_8_0.65_9_9.6_0_5.6_1_1_2_1.6_A1_0.4_P_34/inp061.err for more details.
ERROR in MURE::WriteMaterial(ostream &Out)
	 Some nuclei have troubles, see transcript U5_1.6_8_79_P6_0.26_8_0.65_9_9.6_0_5.6_1_1_2_1.6_A1_0.4_P_34/inp061.err for more details.
ERROR in MURE::BuildMCNPFile
	 Some nuclei have troubles, see transcript U5_1.6_8_79_P6_0.26_8_0.65_9_9.6_0_5.6_1_1_2_1.6_A1_0.4_P_34/inp062.err for more details.
ERROR in MURE::WriteMaterial(ostream &Out)
	 Some nuclei have troubles, see transcript U5_1.6_8_79_P6_0.26_8_0.65_9_9.6_0_5.6_1_1_2_1.6_A1_0.4_P_34/inp062.err for more details.
ERROR in MURE::BuildMCNPFile
	 Some nuclei have troubles, see transcript U5_1.6_8_79_P6_0.26_8_0.65_9_9.6_0_5.6_1_1_2_1.6_A1_0.4_P_34/inp063.err for more details.
ERROR in MURE::WriteMaterial(ostream &Out)
	 Some nuclei have troubles, see transcript U5_1.6_8_79_P6_0.26_8_0.65_9_9.6_0_5.6_1_1_2_1.6_A1_0.4_P_34/inp063.err for more details.
ERROR in MURE::BuildMCNPFile
	 Some nuclei have troubles, see transcript U5_1.6_8_79_P6_0.26_8_0.65_9_9.6_0_5.6_1_1_2_1.6_A1_0.4_P_34/inp064.err for more details.
ERROR in MURE::WriteMaterial(ostream &Out)
	 Some nuclei have troubles, see transcript U5_1.6_8_79_P6_0.26_8_0.65_9_9.6_0_5.6_1_1_2_1.6_A1_0.4_P_34/inp064.err for more details.
ERROR in MURE::BuildMCNPFile
	 Some nuclei have troubles, see transcript U5_1.6_8_79_P6_0.26_8_0.65_9_9.6_0_5.6_1_1_2_1.6_A1_0.4_P_34/inp065.err for more details.
ERROR in MURE::WriteMaterial(ostream &Out)
	 Some nuclei have troubles, see transcript U5_1.6_8_79_P6_0.26_8_0.65_9_9.6_0_5.6_1_1_2_1.6_A1_0.4_P_34/inp065.err for more details.
ERROR in MURE::BuildMCNPFile
	 Some nuclei have troubles, see transcript U5_1.6_8_79_P6_0.26_8_0.65_9_9.6_0_5.6_1_1_2_1.6_A1_0.4_P_34/inp066.err for more details.
ERROR in MURE::WriteMaterial(ostream &Out)
	 Some nuclei have troubles, see transcript U5_1.6_8_79_P6_0.26_8_0.65_9_9.6_0_5.6_1_1_2_1.6_A1_0.4_P_34/inp066.err for more details.
ERROR in MURE::BuildMCNPFile
	 Some nuclei have troubles, see transcript U5_1.6_8_79_P6_0.26_8_0.65_9_9.6_0_5.6_1_1_2_1.6_A1_0.4_P_34/inp067.err for more details.
ERROR in MURE::WriteMaterial(ostream &Out)
	 Some nuclei have troubles, see transcript U5_1.6_8_79_P6_0.26_8_0.65_9_9.6_0_5.6_1_1_2_1.6_A1_0.4_P_34/inp067.err for more details.
ERROR in MURE::BuildMCNPFile
	 Some nuclei have troubles, see transcript U5_1.6_8_79_P6_0.26_8_0.65_9_9.6_0_5.6_1_1_2_1.6_A1_0.4_P_34/inp068.err for more details.
ERROR in MURE::WriteMaterial(ostream &Out)
	 Some nuclei have troubles, see transcript U5_1.6_8_79_P6_0.26_8_0.65_9_9.6_0_5.6_1_1_2_1.6_A1_0.4_P_34/inp068.err for more details.
ERROR in MURE::BuildMCNPFile
	 Some nuclei have troubles, see transcript U5_1.6_8_79_P6_0.26_8_0.65_9_9.6_0_5.6_1_1_2_1.6_A1_0.4_P_34/inp069.err for more details.
ERROR in MURE::WriteMaterial(ostream &Out)
	 Some nuclei have troubles, see transcript U5_1.6_8_79_P6_0.26_8_0.65_9_9.6_0_5.6_1_1_2_1.6_A1_0.4_P_34/inp069.err for more details.
ERROR in MURE::BuildMCNPFile
	 Some nuclei have troubles, see transcript U5_1.6_8_79_P6_0.26_8_0.65_9_9.6_0_5.6_1_1_2_1.6_A1_0.4_P_34/inp070.err for more details.
ERROR in MURE::WriteMaterial(ostream &Out)
	 Some nuclei have troubles, see transcript U5_1.6_8_79_P6_0.26_8_0.65_9_9.6_0_5.6_1_1_2_1.6_A1_0.4_P_34/inp070.err for more details.
ERROR in MURE::BuildMCNPFile
	 Some nuclei have troubles, see transcript U5_1.6_8_79_P6_0.26_8_0.65_9_9.6_0_5.6_1_1_2_1.6_A1_0.4_P_34/inp071.err for more details.
ERROR in MURE::WriteMaterial(ostream &Out)
	 Some nuclei have troubles, see transcript U5_1.6_8_79_P6_0.26_8_0.65_9_9.6_0_5.6_1_1_2_1.6_A1_0.4_P_34/inp071.err for more details.
ERROR in MURE::BuildMCNPFile
	 Some nuclei have troubles, see transcript U5_1.6_8_79_P6_0.26_8_0.65_9_9.6_0_5.6_1_1_2_1.6_A1_0.4_P_34/inp072.err for more details.
ERROR in MURE::WriteMaterial(ostream &Out)
	 Some nuclei have troubles, see transcript U5_1.6_8_79_P6_0.26_8_0.65_9_9.6_0_5.6_1_1_2_1.6_A1_0.4_P_34/inp072.err for more details.
ERROR in MURE::BuildMCNPFile
	 Some nuclei have troubles, see transcript U5_1.6_8_79_P6_0.26_8_0.65_9_9.6_0_5.6_1_1_2_1.6_A1_0.4_P_34/inp073.err for more details.
ERROR in MURE::WriteMaterial(ostream &Out)
	 Some nuclei have troubles, see transcript U5_1.6_8_79_P6_0.26_8_0.65_9_9.6_0_5.6_1_1_2_1.6_A1_0.4_P_34/inp073.err for more details.
ERROR in MURE::BuildMCNPFile
	 Some nuclei have troubles, see transcript U5_1.6_8_79_P6_0.26_8_0.65_9_9.6_0_5.6_1_1_2_1.6_A1_0.4_P_34/inp074.err for more details.
ERROR in MURE::WriteMaterial(ostream &Out)
	 Some nuclei have troubles, see transcript U5_1.6_8_79_P6_0.26_8_0.65_9_9.6_0_5.6_1_1_2_1.6_A1_0.4_P_34/inp074.err for more details.
ERROR in MURE::BuildMCNPFile
	 Some nuclei have troubles, see transcript U5_1.6_8_79_P6_0.26_8_0.65_9_9.6_0_5.6_1_1_2_1.6_A1_0.4_P_34/inp075.err for more details.
ERROR in MURE::WriteMaterial(ostream &Out)
	 Some nuclei have troubles, see transcript U5_1.6_8_79_P6_0.26_8_0.65_9_9.6_0_5.6_1_1_2_1.6_A1_0.4_P_34/inp075.err for more details.
ERROR in MURE::BuildMCNPFile
	 Some nuclei have troubles, see transcript U5_1.6_8_79_P6_0.26_8_0.65_9_9.6_0_5.6_1_1_2_1.6_A1_0.4_P_34/inp076.err for more details.
ERROR in MURE::WriteMaterial(ostream &Out)
	 Some nuclei have troubles, see transcript U5_1.6_8_79_P6_0.26_8_0.65_9_9.6_0_5.6_1_1_2_1.6_A1_0.4_P_34/inp076.err for more details.
ERROR in MURE::BuildMCNPFile
	 Some nuclei have troubles, see transcript U5_1.6_8_79_P6_0.26_8_0.65_9_9.6_0_5.6_1_1_2_1.6_A1_0.4_P_34/inp077.err for more details.
ERROR in MURE::WriteMaterial(ostream &Out)
	 Some nuclei have troubles, see transcript U5_1.6_8_79_P6_0.26_8_0.65_9_9.6_0_5.6_1_1_2_1.6_A1_0.4_P_34/inp077.err for more details.
ERROR in MURE::BuildMCNPFile
	 Some nuclei have troubles, see transcript U5_1.6_8_79_P6_0.26_8_0.65_9_9.6_0_5.6_1_1_2_1.6_A1_0.4_P_34/inp078.err for more details.
ERROR in MURE::WriteMaterial(ostream &Out)
	 Some nuclei have troubles, see transcript U5_1.6_8_79_P6_0.26_8_0.65_9_9.6_0_5.6_1_1_2_1.6_A1_0.4_P_34/inp078.err for more details.
ERROR in MURE::BuildMCNPFile
	 Some nuclei have troubles, see transcript U5_1.6_8_79_P6_0.26_8_0.65_9_9.6_0_5.6_1_1_2_1.6_A1_0.4_P_34/inp079.err for more details.
ERROR in MURE::WriteMaterial(ostream &Out)
	 Some nuclei have troubles, see transcript U5_1.6_8_79_P6_0.26_8_0.65_9_9.6_0_5.6_1_1_2_1.6_A1_0.4_P_34/inp079.err for more details.
* About to connect() to ftp.box.com port 21 (#0)
*   Trying 74.112.186.81... connected
* Connected to ftp.box.com (74.112.186.81) port 21 (#0)
< 220 Service ready for new user.
> AUTH SSL
< 234 Command AUTH okay; starting SSL connection.
* Initializing NSS with certpath: sql:/etc/pki/nssdb
*   CAfile: /etc/pki/tls/certs/ca-bundle.crt
  CApath: none
* SSL connection using TLS_RSA_WITH_AES_128_CBC_SHA
* Server certificate:
* 	subject: CN=*.box.com,O="Box, Inc.",L=Los Altos,ST=California,C=US
* 	start date: Nov 13 19:22:20 2014 GMT
* 	expire date: Oct 23 02:42:03 2017 GMT
* 	common name: *.box.com
* 	issuer: CN=GeoTrust SSL CA - G4,O=GeoTrust Inc.,C=US
> USER mouginot@wisc.edu
< 331 User name okay, need password for mouginot@wisc.edu.
> PASS line150782
< 230 User logged in, proceed.
> PBSZ 0
< 200 Command PBSZ okay.
> PROT P
< 200 Command PROT okay.
> PWD
< 257 "/" is current directory.
* Entry path is '/'
> CWD MODEL_DATA
< 250 Directory changed to /MODEL_DATA
> CWD PWR_TRU_MOX_PSPEC
< 250 Directory changed to /MODEL_DATA/PWR_TRU_MOX_PSPEC
> CWD 1000
< 250 Directory changed to /MODEL_DATA/PWR_TRU_MOX_PSPEC/1000
> PASV
* Connect data stream passively
< 227 Entering Passive Mode (74,112,186,81,50,64)
* Skips 74.112.186.81 for data connection, uses 74.112.186.81 instead
*   Trying 74.112.186.81... connected
* Connecting to 74.112.186.81 (74.112.186.81) port 12864
> TYPE I
< 200 Command TYPE okay.
> STOR 352_raw.tar.gz
< 150 File status okay; about to open data connection.
* Doing the SSL/TLS handshake on the data stream
*   CAfile: /etc/pki/tls/certs/ca-bundle.crt
  CApath: none
* SSL connection using TLS_RSA_WITH_AES_128_CBC_SHA
* Server certificate:
* 	subject: CN=*.box.com,O="Box, Inc.",L=Los Altos,ST=California,C=US
* 	start date: Nov 13 19:22:20 2014 GMT
* 	expire date: Oct 23 02:42:03 2017 GMT
* 	common name: *.box.com
* 	issuer: CN=GeoTrust SSL CA - G4,O=GeoTrust Inc.,C=US
} [data not shown]
  % Total    % Received % Xferd  Average Speed   Time    Time     Time  Current
                                 Dload  Upload   Total   Spent    Left  Speed
  0 43.5M    0     0    0 16384      0   3771  3:22:01  0:00:04  3:21:57  3771  3 43.5M    0     0    3 1408k      0   265k  0:02:48  0:00:05  0:02:43 1456k 18 43.5M    0     0   18 8384k      0  1336k  0:00:33  0:00:06  0:00:27 4337k 52 43.5M    0     0   52 22.9M      0  3237k  0:00:13  0:00:07  0:00:06 8043k* Remembering we are in dir "MODEL_DATA/PWR_TRU_MOX_PSPEC/1000/"
< 226 Transfer complete.
100 43.5M    0     0  100 43.5M      0  4884k  0:00:09  0:00:09 --:--:-- 9308k* Connection #0 to host ftp.box.com left intact

> QUIT
< 221 Goodbye.
* Closing connection #0
