ERROR in MURE::BuildXSDIR()
	 Some nuclei have troubles, see transcript U5_0.53_8_95_P6_0.19_8_0.11_9_3.5_0_0.38_1_0.026_2_0.18_A1_0.47_P_38/inp000.err for more details.
ERROR in MURE::BuildMCNPFile
	 Some nuclei have troubles, see transcript U5_0.53_8_95_P6_0.19_8_0.11_9_3.5_0_0.38_1_0.026_2_0.18_A1_0.47_P_38/inp000.err for more details.
ERROR in MURE::WriteMaterial(ostream &Out)
	 Some nuclei have troubles, see transcript U5_0.53_8_95_P6_0.19_8_0.11_9_3.5_0_0.38_1_0.026_2_0.18_A1_0.47_P_38/inp000.err for more details.
ERROR in MURE::BuildMCNPFile
	 Some nuclei have troubles, see transcript U5_0.53_8_95_P6_0.19_8_0.11_9_3.5_0_0.38_1_0.026_2_0.18_A1_0.47_P_38/inp001.err for more details.
ERROR in MURE::WriteMaterial(ostream &Out)
	 Some nuclei have troubles, see transcript U5_0.53_8_95_P6_0.19_8_0.11_9_3.5_0_0.38_1_0.026_2_0.18_A1_0.47_P_38/inp001.err for more details.
ERROR in MURE::BuildMCNPFile
	 Some nuclei have troubles, see transcript U5_0.53_8_95_P6_0.19_8_0.11_9_3.5_0_0.38_1_0.026_2_0.18_A1_0.47_P_38/inp002.err for more details.
ERROR in MURE::WriteMaterial(ostream &Out)
	 Some nuclei have troubles, see transcript U5_0.53_8_95_P6_0.19_8_0.11_9_3.5_0_0.38_1_0.026_2_0.18_A1_0.47_P_38/inp002.err for more details.
ERROR in MURE::BuildMCNPFile
	 Some nuclei have troubles, see transcript U5_0.53_8_95_P6_0.19_8_0.11_9_3.5_0_0.38_1_0.026_2_0.18_A1_0.47_P_38/inp003.err for more details.
ERROR in MURE::WriteMaterial(ostream &Out)
	 Some nuclei have troubles, see transcript U5_0.53_8_95_P6_0.19_8_0.11_9_3.5_0_0.38_1_0.026_2_0.18_A1_0.47_P_38/inp003.err for more details.
ERROR in MURE::BuildMCNPFile
	 Some nuclei have troubles, see transcript U5_0.53_8_95_P6_0.19_8_0.11_9_3.5_0_0.38_1_0.026_2_0.18_A1_0.47_P_38/inp004.err for more details.
ERROR in MURE::WriteMaterial(ostream &Out)
	 Some nuclei have troubles, see transcript U5_0.53_8_95_P6_0.19_8_0.11_9_3.5_0_0.38_1_0.026_2_0.18_A1_0.47_P_38/inp004.err for more details.
ERROR in MURE::BuildMCNPFile
	 Some nuclei have troubles, see transcript U5_0.53_8_95_P6_0.19_8_0.11_9_3.5_0_0.38_1_0.026_2_0.18_A1_0.47_P_38/inp005.err for more details.
ERROR in MURE::WriteMaterial(ostream &Out)
	 Some nuclei have troubles, see transcript U5_0.53_8_95_P6_0.19_8_0.11_9_3.5_0_0.38_1_0.026_2_0.18_A1_0.47_P_38/inp005.err for more details.
ERROR in MURE::BuildMCNPFile
	 Some nuclei have troubles, see transcript U5_0.53_8_95_P6_0.19_8_0.11_9_3.5_0_0.38_1_0.026_2_0.18_A1_0.47_P_38/inp006.err for more details.
ERROR in MURE::WriteMaterial(ostream &Out)
	 Some nuclei have troubles, see transcript U5_0.53_8_95_P6_0.19_8_0.11_9_3.5_0_0.38_1_0.026_2_0.18_A1_0.47_P_38/inp006.err for more details.
ERROR in MURE::BuildMCNPFile
	 Some nuclei have troubles, see transcript U5_0.53_8_95_P6_0.19_8_0.11_9_3.5_0_0.38_1_0.026_2_0.18_A1_0.47_P_38/inp007.err for more details.
ERROR in MURE::WriteMaterial(ostream &Out)
	 Some nuclei have troubles, see transcript U5_0.53_8_95_P6_0.19_8_0.11_9_3.5_0_0.38_1_0.026_2_0.18_A1_0.47_P_38/inp007.err for more details.
ERROR in MURE::BuildMCNPFile
	 Some nuclei have troubles, see transcript U5_0.53_8_95_P6_0.19_8_0.11_9_3.5_0_0.38_1_0.026_2_0.18_A1_0.47_P_38/inp008.err for more details.
ERROR in MURE::WriteMaterial(ostream &Out)
	 Some nuclei have troubles, see transcript U5_0.53_8_95_P6_0.19_8_0.11_9_3.5_0_0.38_1_0.026_2_0.18_A1_0.47_P_38/inp008.err for more details.
ERROR in MURE::BuildMCNPFile
	 Some nuclei have troubles, see transcript U5_0.53_8_95_P6_0.19_8_0.11_9_3.5_0_0.38_1_0.026_2_0.18_A1_0.47_P_38/inp009.err for more details.
ERROR in MURE::WriteMaterial(ostream &Out)
	 Some nuclei have troubles, see transcript U5_0.53_8_95_P6_0.19_8_0.11_9_3.5_0_0.38_1_0.026_2_0.18_A1_0.47_P_38/inp009.err for more details.
ERROR in MURE::BuildMCNPFile
	 Some nuclei have troubles, see transcript U5_0.53_8_95_P6_0.19_8_0.11_9_3.5_0_0.38_1_0.026_2_0.18_A1_0.47_P_38/inp010.err for more details.
ERROR in MURE::WriteMaterial(ostream &Out)
	 Some nuclei have troubles, see transcript U5_0.53_8_95_P6_0.19_8_0.11_9_3.5_0_0.38_1_0.026_2_0.18_A1_0.47_P_38/inp010.err for more details.
ERROR in MURE::BuildMCNPFile
	 Some nuclei have troubles, see transcript U5_0.53_8_95_P6_0.19_8_0.11_9_3.5_0_0.38_1_0.026_2_0.18_A1_0.47_P_38/inp011.err for more details.
ERROR in MURE::WriteMaterial(ostream &Out)
	 Some nuclei have troubles, see transcript U5_0.53_8_95_P6_0.19_8_0.11_9_3.5_0_0.38_1_0.026_2_0.18_A1_0.47_P_38/inp011.err for more details.
ERROR in MURE::BuildMCNPFile
	 Some nuclei have troubles, see transcript U5_0.53_8_95_P6_0.19_8_0.11_9_3.5_0_0.38_1_0.026_2_0.18_A1_0.47_P_38/inp012.err for more details.
ERROR in MURE::WriteMaterial(ostream &Out)
	 Some nuclei have troubles, see transcript U5_0.53_8_95_P6_0.19_8_0.11_9_3.5_0_0.38_1_0.026_2_0.18_A1_0.47_P_38/inp012.err for more details.
ERROR in MURE::BuildMCNPFile
	 Some nuclei have troubles, see transcript U5_0.53_8_95_P6_0.19_8_0.11_9_3.5_0_0.38_1_0.026_2_0.18_A1_0.47_P_38/inp013.err for more details.
ERROR in MURE::WriteMaterial(ostream &Out)
	 Some nuclei have troubles, see transcript U5_0.53_8_95_P6_0.19_8_0.11_9_3.5_0_0.38_1_0.026_2_0.18_A1_0.47_P_38/inp013.err for more details.
ERROR in MURE::BuildMCNPFile
	 Some nuclei have troubles, see transcript U5_0.53_8_95_P6_0.19_8_0.11_9_3.5_0_0.38_1_0.026_2_0.18_A1_0.47_P_38/inp014.err for more details.
ERROR in MURE::WriteMaterial(ostream &Out)
	 Some nuclei have troubles, see transcript U5_0.53_8_95_P6_0.19_8_0.11_9_3.5_0_0.38_1_0.026_2_0.18_A1_0.47_P_38/inp014.err for more details.
ERROR in MURE::BuildMCNPFile
	 Some nuclei have troubles, see transcript U5_0.53_8_95_P6_0.19_8_0.11_9_3.5_0_0.38_1_0.026_2_0.18_A1_0.47_P_38/inp015.err for more details.
ERROR in MURE::WriteMaterial(ostream &Out)
	 Some nuclei have troubles, see transcript U5_0.53_8_95_P6_0.19_8_0.11_9_3.5_0_0.38_1_0.026_2_0.18_A1_0.47_P_38/inp015.err for more details.
ERROR in MURE::BuildMCNPFile
	 Some nuclei have troubles, see transcript U5_0.53_8_95_P6_0.19_8_0.11_9_3.5_0_0.38_1_0.026_2_0.18_A1_0.47_P_38/inp016.err for more details.
ERROR in MURE::WriteMaterial(ostream &Out)
	 Some nuclei have troubles, see transcript U5_0.53_8_95_P6_0.19_8_0.11_9_3.5_0_0.38_1_0.026_2_0.18_A1_0.47_P_38/inp016.err for more details.
ERROR in MURE::BuildMCNPFile
	 Some nuclei have troubles, see transcript U5_0.53_8_95_P6_0.19_8_0.11_9_3.5_0_0.38_1_0.026_2_0.18_A1_0.47_P_38/inp017.err for more details.
ERROR in MURE::WriteMaterial(ostream &Out)
	 Some nuclei have troubles, see transcript U5_0.53_8_95_P6_0.19_8_0.11_9_3.5_0_0.38_1_0.026_2_0.18_A1_0.47_P_38/inp017.err for more details.
ERROR in MURE::BuildMCNPFile
	 Some nuclei have troubles, see transcript U5_0.53_8_95_P6_0.19_8_0.11_9_3.5_0_0.38_1_0.026_2_0.18_A1_0.47_P_38/inp018.err for more details.
ERROR in MURE::WriteMaterial(ostream &Out)
	 Some nuclei have troubles, see transcript U5_0.53_8_95_P6_0.19_8_0.11_9_3.5_0_0.38_1_0.026_2_0.18_A1_0.47_P_38/inp018.err for more details.
ERROR in MURE::BuildMCNPFile
	 Some nuclei have troubles, see transcript U5_0.53_8_95_P6_0.19_8_0.11_9_3.5_0_0.38_1_0.026_2_0.18_A1_0.47_P_38/inp019.err for more details.
ERROR in MURE::WriteMaterial(ostream &Out)
	 Some nuclei have troubles, see transcript U5_0.53_8_95_P6_0.19_8_0.11_9_3.5_0_0.38_1_0.026_2_0.18_A1_0.47_P_38/inp019.err for more details.
ERROR in MURE::BuildMCNPFile
	 Some nuclei have troubles, see transcript U5_0.53_8_95_P6_0.19_8_0.11_9_3.5_0_0.38_1_0.026_2_0.18_A1_0.47_P_38/inp020.err for more details.
ERROR in MURE::WriteMaterial(ostream &Out)
	 Some nuclei have troubles, see transcript U5_0.53_8_95_P6_0.19_8_0.11_9_3.5_0_0.38_1_0.026_2_0.18_A1_0.47_P_38/inp020.err for more details.
ERROR in MURE::BuildMCNPFile
	 Some nuclei have troubles, see transcript U5_0.53_8_95_P6_0.19_8_0.11_9_3.5_0_0.38_1_0.026_2_0.18_A1_0.47_P_38/inp021.err for more details.
ERROR in MURE::WriteMaterial(ostream &Out)
	 Some nuclei have troubles, see transcript U5_0.53_8_95_P6_0.19_8_0.11_9_3.5_0_0.38_1_0.026_2_0.18_A1_0.47_P_38/inp021.err for more details.
ERROR in MURE::BuildMCNPFile
	 Some nuclei have troubles, see transcript U5_0.53_8_95_P6_0.19_8_0.11_9_3.5_0_0.38_1_0.026_2_0.18_A1_0.47_P_38/inp022.err for more details.
ERROR in MURE::WriteMaterial(ostream &Out)
	 Some nuclei have troubles, see transcript U5_0.53_8_95_P6_0.19_8_0.11_9_3.5_0_0.38_1_0.026_2_0.18_A1_0.47_P_38/inp022.err for more details.
ERROR in MURE::BuildMCNPFile
	 Some nuclei have troubles, see transcript U5_0.53_8_95_P6_0.19_8_0.11_9_3.5_0_0.38_1_0.026_2_0.18_A1_0.47_P_38/inp023.err for more details.
ERROR in MURE::WriteMaterial(ostream &Out)
	 Some nuclei have troubles, see transcript U5_0.53_8_95_P6_0.19_8_0.11_9_3.5_0_0.38_1_0.026_2_0.18_A1_0.47_P_38/inp023.err for more details.
ERROR in MURE::BuildMCNPFile
	 Some nuclei have troubles, see transcript U5_0.53_8_95_P6_0.19_8_0.11_9_3.5_0_0.38_1_0.026_2_0.18_A1_0.47_P_38/inp024.err for more details.
ERROR in MURE::WriteMaterial(ostream &Out)
	 Some nuclei have troubles, see transcript U5_0.53_8_95_P6_0.19_8_0.11_9_3.5_0_0.38_1_0.026_2_0.18_A1_0.47_P_38/inp024.err for more details.
ERROR in MURE::BuildMCNPFile
	 Some nuclei have troubles, see transcript U5_0.53_8_95_P6_0.19_8_0.11_9_3.5_0_0.38_1_0.026_2_0.18_A1_0.47_P_38/inp025.err for more details.
ERROR in MURE::WriteMaterial(ostream &Out)
	 Some nuclei have troubles, see transcript U5_0.53_8_95_P6_0.19_8_0.11_9_3.5_0_0.38_1_0.026_2_0.18_A1_0.47_P_38/inp025.err for more details.
ERROR in MURE::BuildMCNPFile
	 Some nuclei have troubles, see transcript U5_0.53_8_95_P6_0.19_8_0.11_9_3.5_0_0.38_1_0.026_2_0.18_A1_0.47_P_38/inp026.err for more details.
ERROR in MURE::WriteMaterial(ostream &Out)
	 Some nuclei have troubles, see transcript U5_0.53_8_95_P6_0.19_8_0.11_9_3.5_0_0.38_1_0.026_2_0.18_A1_0.47_P_38/inp026.err for more details.
ERROR in MURE::BuildMCNPFile
	 Some nuclei have troubles, see transcript U5_0.53_8_95_P6_0.19_8_0.11_9_3.5_0_0.38_1_0.026_2_0.18_A1_0.47_P_38/inp027.err for more details.
ERROR in MURE::WriteMaterial(ostream &Out)
	 Some nuclei have troubles, see transcript U5_0.53_8_95_P6_0.19_8_0.11_9_3.5_0_0.38_1_0.026_2_0.18_A1_0.47_P_38/inp027.err for more details.
ERROR in MURE::BuildMCNPFile
	 Some nuclei have troubles, see transcript U5_0.53_8_95_P6_0.19_8_0.11_9_3.5_0_0.38_1_0.026_2_0.18_A1_0.47_P_38/inp028.err for more details.
ERROR in MURE::WriteMaterial(ostream &Out)
	 Some nuclei have troubles, see transcript U5_0.53_8_95_P6_0.19_8_0.11_9_3.5_0_0.38_1_0.026_2_0.18_A1_0.47_P_38/inp028.err for more details.
ERROR in MURE::BuildMCNPFile
	 Some nuclei have troubles, see transcript U5_0.53_8_95_P6_0.19_8_0.11_9_3.5_0_0.38_1_0.026_2_0.18_A1_0.47_P_38/inp029.err for more details.
ERROR in MURE::WriteMaterial(ostream &Out)
	 Some nuclei have troubles, see transcript U5_0.53_8_95_P6_0.19_8_0.11_9_3.5_0_0.38_1_0.026_2_0.18_A1_0.47_P_38/inp029.err for more details.
ERROR in MURE::BuildMCNPFile
	 Some nuclei have troubles, see transcript U5_0.53_8_95_P6_0.19_8_0.11_9_3.5_0_0.38_1_0.026_2_0.18_A1_0.47_P_38/inp030.err for more details.
ERROR in MURE::WriteMaterial(ostream &Out)
	 Some nuclei have troubles, see transcript U5_0.53_8_95_P6_0.19_8_0.11_9_3.5_0_0.38_1_0.026_2_0.18_A1_0.47_P_38/inp030.err for more details.
ERROR in MURE::BuildMCNPFile
	 Some nuclei have troubles, see transcript U5_0.53_8_95_P6_0.19_8_0.11_9_3.5_0_0.38_1_0.026_2_0.18_A1_0.47_P_38/inp031.err for more details.
ERROR in MURE::WriteMaterial(ostream &Out)
	 Some nuclei have troubles, see transcript U5_0.53_8_95_P6_0.19_8_0.11_9_3.5_0_0.38_1_0.026_2_0.18_A1_0.47_P_38/inp031.err for more details.
ERROR in MURE::BuildMCNPFile
	 Some nuclei have troubles, see transcript U5_0.53_8_95_P6_0.19_8_0.11_9_3.5_0_0.38_1_0.026_2_0.18_A1_0.47_P_38/inp032.err for more details.
ERROR in MURE::WriteMaterial(ostream &Out)
	 Some nuclei have troubles, see transcript U5_0.53_8_95_P6_0.19_8_0.11_9_3.5_0_0.38_1_0.026_2_0.18_A1_0.47_P_38/inp032.err for more details.
ERROR in MURE::BuildMCNPFile
	 Some nuclei have troubles, see transcript U5_0.53_8_95_P6_0.19_8_0.11_9_3.5_0_0.38_1_0.026_2_0.18_A1_0.47_P_38/inp033.err for more details.
ERROR in MURE::WriteMaterial(ostream &Out)
	 Some nuclei have troubles, see transcript U5_0.53_8_95_P6_0.19_8_0.11_9_3.5_0_0.38_1_0.026_2_0.18_A1_0.47_P_38/inp033.err for more details.
ERROR in MURE::BuildMCNPFile
	 Some nuclei have troubles, see transcript U5_0.53_8_95_P6_0.19_8_0.11_9_3.5_0_0.38_1_0.026_2_0.18_A1_0.47_P_38/inp034.err for more details.
ERROR in MURE::WriteMaterial(ostream &Out)
	 Some nuclei have troubles, see transcript U5_0.53_8_95_P6_0.19_8_0.11_9_3.5_0_0.38_1_0.026_2_0.18_A1_0.47_P_38/inp034.err for more details.
ERROR in MURE::BuildMCNPFile
	 Some nuclei have troubles, see transcript U5_0.53_8_95_P6_0.19_8_0.11_9_3.5_0_0.38_1_0.026_2_0.18_A1_0.47_P_38/inp035.err for more details.
ERROR in MURE::WriteMaterial(ostream &Out)
	 Some nuclei have troubles, see transcript U5_0.53_8_95_P6_0.19_8_0.11_9_3.5_0_0.38_1_0.026_2_0.18_A1_0.47_P_38/inp035.err for more details.
ERROR in MURE::BuildMCNPFile
	 Some nuclei have troubles, see transcript U5_0.53_8_95_P6_0.19_8_0.11_9_3.5_0_0.38_1_0.026_2_0.18_A1_0.47_P_38/inp036.err for more details.
ERROR in MURE::WriteMaterial(ostream &Out)
	 Some nuclei have troubles, see transcript U5_0.53_8_95_P6_0.19_8_0.11_9_3.5_0_0.38_1_0.026_2_0.18_A1_0.47_P_38/inp036.err for more details.
ERROR in MURE::BuildMCNPFile
	 Some nuclei have troubles, see transcript U5_0.53_8_95_P6_0.19_8_0.11_9_3.5_0_0.38_1_0.026_2_0.18_A1_0.47_P_38/inp037.err for more details.
ERROR in MURE::WriteMaterial(ostream &Out)
	 Some nuclei have troubles, see transcript U5_0.53_8_95_P6_0.19_8_0.11_9_3.5_0_0.38_1_0.026_2_0.18_A1_0.47_P_38/inp037.err for more details.
ERROR in MURE::BuildMCNPFile
	 Some nuclei have troubles, see transcript U5_0.53_8_95_P6_0.19_8_0.11_9_3.5_0_0.38_1_0.026_2_0.18_A1_0.47_P_38/inp038.err for more details.
ERROR in MURE::WriteMaterial(ostream &Out)
	 Some nuclei have troubles, see transcript U5_0.53_8_95_P6_0.19_8_0.11_9_3.5_0_0.38_1_0.026_2_0.18_A1_0.47_P_38/inp038.err for more details.
ERROR in MURE::BuildMCNPFile
	 Some nuclei have troubles, see transcript U5_0.53_8_95_P6_0.19_8_0.11_9_3.5_0_0.38_1_0.026_2_0.18_A1_0.47_P_38/inp039.err for more details.
ERROR in MURE::WriteMaterial(ostream &Out)
	 Some nuclei have troubles, see transcript U5_0.53_8_95_P6_0.19_8_0.11_9_3.5_0_0.38_1_0.026_2_0.18_A1_0.47_P_38/inp039.err for more details.
ERROR in MURE::BuildMCNPFile
	 Some nuclei have troubles, see transcript U5_0.53_8_95_P6_0.19_8_0.11_9_3.5_0_0.38_1_0.026_2_0.18_A1_0.47_P_38/inp040.err for more details.
ERROR in MURE::WriteMaterial(ostream &Out)
	 Some nuclei have troubles, see transcript U5_0.53_8_95_P6_0.19_8_0.11_9_3.5_0_0.38_1_0.026_2_0.18_A1_0.47_P_38/inp040.err for more details.
ERROR in MURE::BuildMCNPFile
	 Some nuclei have troubles, see transcript U5_0.53_8_95_P6_0.19_8_0.11_9_3.5_0_0.38_1_0.026_2_0.18_A1_0.47_P_38/inp041.err for more details.
ERROR in MURE::WriteMaterial(ostream &Out)
	 Some nuclei have troubles, see transcript U5_0.53_8_95_P6_0.19_8_0.11_9_3.5_0_0.38_1_0.026_2_0.18_A1_0.47_P_38/inp041.err for more details.
ERROR in MURE::BuildMCNPFile
	 Some nuclei have troubles, see transcript U5_0.53_8_95_P6_0.19_8_0.11_9_3.5_0_0.38_1_0.026_2_0.18_A1_0.47_P_38/inp042.err for more details.
ERROR in MURE::WriteMaterial(ostream &Out)
	 Some nuclei have troubles, see transcript U5_0.53_8_95_P6_0.19_8_0.11_9_3.5_0_0.38_1_0.026_2_0.18_A1_0.47_P_38/inp042.err for more details.
ERROR in MURE::BuildMCNPFile
	 Some nuclei have troubles, see transcript U5_0.53_8_95_P6_0.19_8_0.11_9_3.5_0_0.38_1_0.026_2_0.18_A1_0.47_P_38/inp043.err for more details.
ERROR in MURE::WriteMaterial(ostream &Out)
	 Some nuclei have troubles, see transcript U5_0.53_8_95_P6_0.19_8_0.11_9_3.5_0_0.38_1_0.026_2_0.18_A1_0.47_P_38/inp043.err for more details.
ERROR in MURE::BuildMCNPFile
	 Some nuclei have troubles, see transcript U5_0.53_8_95_P6_0.19_8_0.11_9_3.5_0_0.38_1_0.026_2_0.18_A1_0.47_P_38/inp044.err for more details.
ERROR in MURE::WriteMaterial(ostream &Out)
	 Some nuclei have troubles, see transcript U5_0.53_8_95_P6_0.19_8_0.11_9_3.5_0_0.38_1_0.026_2_0.18_A1_0.47_P_38/inp044.err for more details.
ERROR in MURE::BuildMCNPFile
	 Some nuclei have troubles, see transcript U5_0.53_8_95_P6_0.19_8_0.11_9_3.5_0_0.38_1_0.026_2_0.18_A1_0.47_P_38/inp045.err for more details.
ERROR in MURE::WriteMaterial(ostream &Out)
	 Some nuclei have troubles, see transcript U5_0.53_8_95_P6_0.19_8_0.11_9_3.5_0_0.38_1_0.026_2_0.18_A1_0.47_P_38/inp045.err for more details.
ERROR in MURE::BuildMCNPFile
	 Some nuclei have troubles, see transcript U5_0.53_8_95_P6_0.19_8_0.11_9_3.5_0_0.38_1_0.026_2_0.18_A1_0.47_P_38/inp046.err for more details.
ERROR in MURE::WriteMaterial(ostream &Out)
	 Some nuclei have troubles, see transcript U5_0.53_8_95_P6_0.19_8_0.11_9_3.5_0_0.38_1_0.026_2_0.18_A1_0.47_P_38/inp046.err for more details.
ERROR in MURE::BuildMCNPFile
	 Some nuclei have troubles, see transcript U5_0.53_8_95_P6_0.19_8_0.11_9_3.5_0_0.38_1_0.026_2_0.18_A1_0.47_P_38/inp047.err for more details.
ERROR in MURE::WriteMaterial(ostream &Out)
	 Some nuclei have troubles, see transcript U5_0.53_8_95_P6_0.19_8_0.11_9_3.5_0_0.38_1_0.026_2_0.18_A1_0.47_P_38/inp047.err for more details.
ERROR in MURE::BuildMCNPFile
	 Some nuclei have troubles, see transcript U5_0.53_8_95_P6_0.19_8_0.11_9_3.5_0_0.38_1_0.026_2_0.18_A1_0.47_P_38/inp048.err for more details.
ERROR in MURE::WriteMaterial(ostream &Out)
	 Some nuclei have troubles, see transcript U5_0.53_8_95_P6_0.19_8_0.11_9_3.5_0_0.38_1_0.026_2_0.18_A1_0.47_P_38/inp048.err for more details.
ERROR in MURE::BuildMCNPFile
	 Some nuclei have troubles, see transcript U5_0.53_8_95_P6_0.19_8_0.11_9_3.5_0_0.38_1_0.026_2_0.18_A1_0.47_P_38/inp049.err for more details.
ERROR in MURE::WriteMaterial(ostream &Out)
	 Some nuclei have troubles, see transcript U5_0.53_8_95_P6_0.19_8_0.11_9_3.5_0_0.38_1_0.026_2_0.18_A1_0.47_P_38/inp049.err for more details.
ERROR in MURE::BuildMCNPFile
	 Some nuclei have troubles, see transcript U5_0.53_8_95_P6_0.19_8_0.11_9_3.5_0_0.38_1_0.026_2_0.18_A1_0.47_P_38/inp050.err for more details.
ERROR in MURE::WriteMaterial(ostream &Out)
	 Some nuclei have troubles, see transcript U5_0.53_8_95_P6_0.19_8_0.11_9_3.5_0_0.38_1_0.026_2_0.18_A1_0.47_P_38/inp050.err for more details.
ERROR in MURE::BuildMCNPFile
	 Some nuclei have troubles, see transcript U5_0.53_8_95_P6_0.19_8_0.11_9_3.5_0_0.38_1_0.026_2_0.18_A1_0.47_P_38/inp051.err for more details.
ERROR in MURE::WriteMaterial(ostream &Out)
	 Some nuclei have troubles, see transcript U5_0.53_8_95_P6_0.19_8_0.11_9_3.5_0_0.38_1_0.026_2_0.18_A1_0.47_P_38/inp051.err for more details.
ERROR in MURE::BuildMCNPFile
	 Some nuclei have troubles, see transcript U5_0.53_8_95_P6_0.19_8_0.11_9_3.5_0_0.38_1_0.026_2_0.18_A1_0.47_P_38/inp052.err for more details.
ERROR in MURE::WriteMaterial(ostream &Out)
	 Some nuclei have troubles, see transcript U5_0.53_8_95_P6_0.19_8_0.11_9_3.5_0_0.38_1_0.026_2_0.18_A1_0.47_P_38/inp052.err for more details.
ERROR in MURE::BuildMCNPFile
	 Some nuclei have troubles, see transcript U5_0.53_8_95_P6_0.19_8_0.11_9_3.5_0_0.38_1_0.026_2_0.18_A1_0.47_P_38/inp053.err for more details.
ERROR in MURE::WriteMaterial(ostream &Out)
	 Some nuclei have troubles, see transcript U5_0.53_8_95_P6_0.19_8_0.11_9_3.5_0_0.38_1_0.026_2_0.18_A1_0.47_P_38/inp053.err for more details.
ERROR in MURE::BuildMCNPFile
	 Some nuclei have troubles, see transcript U5_0.53_8_95_P6_0.19_8_0.11_9_3.5_0_0.38_1_0.026_2_0.18_A1_0.47_P_38/inp054.err for more details.
ERROR in MURE::WriteMaterial(ostream &Out)
	 Some nuclei have troubles, see transcript U5_0.53_8_95_P6_0.19_8_0.11_9_3.5_0_0.38_1_0.026_2_0.18_A1_0.47_P_38/inp054.err for more details.
ERROR in MURE::BuildMCNPFile
	 Some nuclei have troubles, see transcript U5_0.53_8_95_P6_0.19_8_0.11_9_3.5_0_0.38_1_0.026_2_0.18_A1_0.47_P_38/inp055.err for more details.
ERROR in MURE::WriteMaterial(ostream &Out)
	 Some nuclei have troubles, see transcript U5_0.53_8_95_P6_0.19_8_0.11_9_3.5_0_0.38_1_0.026_2_0.18_A1_0.47_P_38/inp055.err for more details.
ERROR in MURE::BuildMCNPFile
	 Some nuclei have troubles, see transcript U5_0.53_8_95_P6_0.19_8_0.11_9_3.5_0_0.38_1_0.026_2_0.18_A1_0.47_P_38/inp056.err for more details.
ERROR in MURE::WriteMaterial(ostream &Out)
	 Some nuclei have troubles, see transcript U5_0.53_8_95_P6_0.19_8_0.11_9_3.5_0_0.38_1_0.026_2_0.18_A1_0.47_P_38/inp056.err for more details.
ERROR in MURE::BuildMCNPFile
	 Some nuclei have troubles, see transcript U5_0.53_8_95_P6_0.19_8_0.11_9_3.5_0_0.38_1_0.026_2_0.18_A1_0.47_P_38/inp057.err for more details.
ERROR in MURE::WriteMaterial(ostream &Out)
	 Some nuclei have troubles, see transcript U5_0.53_8_95_P6_0.19_8_0.11_9_3.5_0_0.38_1_0.026_2_0.18_A1_0.47_P_38/inp057.err for more details.
ERROR in MURE::BuildMCNPFile
	 Some nuclei have troubles, see transcript U5_0.53_8_95_P6_0.19_8_0.11_9_3.5_0_0.38_1_0.026_2_0.18_A1_0.47_P_38/inp058.err for more details.
ERROR in MURE::WriteMaterial(ostream &Out)
	 Some nuclei have troubles, see transcript U5_0.53_8_95_P6_0.19_8_0.11_9_3.5_0_0.38_1_0.026_2_0.18_A1_0.47_P_38/inp058.err for more details.
ERROR in MURE::BuildMCNPFile
	 Some nuclei have troubles, see transcript U5_0.53_8_95_P6_0.19_8_0.11_9_3.5_0_0.38_1_0.026_2_0.18_A1_0.47_P_38/inp059.err for more details.
ERROR in MURE::WriteMaterial(ostream &Out)
	 Some nuclei have troubles, see transcript U5_0.53_8_95_P6_0.19_8_0.11_9_3.5_0_0.38_1_0.026_2_0.18_A1_0.47_P_38/inp059.err for more details.
ERROR in MURE::BuildMCNPFile
	 Some nuclei have troubles, see transcript U5_0.53_8_95_P6_0.19_8_0.11_9_3.5_0_0.38_1_0.026_2_0.18_A1_0.47_P_38/inp060.err for more details.
ERROR in MURE::WriteMaterial(ostream &Out)
	 Some nuclei have troubles, see transcript U5_0.53_8_95_P6_0.19_8_0.11_9_3.5_0_0.38_1_0.026_2_0.18_A1_0.47_P_38/inp060.err for more details.
ERROR in MURE::BuildMCNPFile
	 Some nuclei have troubles, see transcript U5_0.53_8_95_P6_0.19_8_0.11_9_3.5_0_0.38_1_0.026_2_0.18_A1_0.47_P_38/inp061.err for more details.
ERROR in MURE::WriteMaterial(ostream &Out)
	 Some nuclei have troubles, see transcript U5_0.53_8_95_P6_0.19_8_0.11_9_3.5_0_0.38_1_0.026_2_0.18_A1_0.47_P_38/inp061.err for more details.
ERROR in MURE::BuildMCNPFile
	 Some nuclei have troubles, see transcript U5_0.53_8_95_P6_0.19_8_0.11_9_3.5_0_0.38_1_0.026_2_0.18_A1_0.47_P_38/inp062.err for more details.
ERROR in MURE::WriteMaterial(ostream &Out)
	 Some nuclei have troubles, see transcript U5_0.53_8_95_P6_0.19_8_0.11_9_3.5_0_0.38_1_0.026_2_0.18_A1_0.47_P_38/inp062.err for more details.
ERROR in MURE::BuildMCNPFile
	 Some nuclei have troubles, see transcript U5_0.53_8_95_P6_0.19_8_0.11_9_3.5_0_0.38_1_0.026_2_0.18_A1_0.47_P_38/inp063.err for more details.
ERROR in MURE::WriteMaterial(ostream &Out)
	 Some nuclei have troubles, see transcript U5_0.53_8_95_P6_0.19_8_0.11_9_3.5_0_0.38_1_0.026_2_0.18_A1_0.47_P_38/inp063.err for more details.
ERROR in MURE::BuildMCNPFile
	 Some nuclei have troubles, see transcript U5_0.53_8_95_P6_0.19_8_0.11_9_3.5_0_0.38_1_0.026_2_0.18_A1_0.47_P_38/inp064.err for more details.
ERROR in MURE::WriteMaterial(ostream &Out)
	 Some nuclei have troubles, see transcript U5_0.53_8_95_P6_0.19_8_0.11_9_3.5_0_0.38_1_0.026_2_0.18_A1_0.47_P_38/inp064.err for more details.
ERROR in MURE::BuildMCNPFile
	 Some nuclei have troubles, see transcript U5_0.53_8_95_P6_0.19_8_0.11_9_3.5_0_0.38_1_0.026_2_0.18_A1_0.47_P_38/inp065.err for more details.
ERROR in MURE::WriteMaterial(ostream &Out)
	 Some nuclei have troubles, see transcript U5_0.53_8_95_P6_0.19_8_0.11_9_3.5_0_0.38_1_0.026_2_0.18_A1_0.47_P_38/inp065.err for more details.
ERROR in MURE::BuildMCNPFile
	 Some nuclei have troubles, see transcript U5_0.53_8_95_P6_0.19_8_0.11_9_3.5_0_0.38_1_0.026_2_0.18_A1_0.47_P_38/inp066.err for more details.
ERROR in MURE::WriteMaterial(ostream &Out)
	 Some nuclei have troubles, see transcript U5_0.53_8_95_P6_0.19_8_0.11_9_3.5_0_0.38_1_0.026_2_0.18_A1_0.47_P_38/inp066.err for more details.
ERROR in MURE::BuildMCNPFile
	 Some nuclei have troubles, see transcript U5_0.53_8_95_P6_0.19_8_0.11_9_3.5_0_0.38_1_0.026_2_0.18_A1_0.47_P_38/inp067.err for more details.
ERROR in MURE::WriteMaterial(ostream &Out)
	 Some nuclei have troubles, see transcript U5_0.53_8_95_P6_0.19_8_0.11_9_3.5_0_0.38_1_0.026_2_0.18_A1_0.47_P_38/inp067.err for more details.
ERROR in MURE::BuildMCNPFile
	 Some nuclei have troubles, see transcript U5_0.53_8_95_P6_0.19_8_0.11_9_3.5_0_0.38_1_0.026_2_0.18_A1_0.47_P_38/inp068.err for more details.
ERROR in MURE::WriteMaterial(ostream &Out)
	 Some nuclei have troubles, see transcript U5_0.53_8_95_P6_0.19_8_0.11_9_3.5_0_0.38_1_0.026_2_0.18_A1_0.47_P_38/inp068.err for more details.
ERROR in MURE::BuildMCNPFile
	 Some nuclei have troubles, see transcript U5_0.53_8_95_P6_0.19_8_0.11_9_3.5_0_0.38_1_0.026_2_0.18_A1_0.47_P_38/inp069.err for more details.
ERROR in MURE::WriteMaterial(ostream &Out)
	 Some nuclei have troubles, see transcript U5_0.53_8_95_P6_0.19_8_0.11_9_3.5_0_0.38_1_0.026_2_0.18_A1_0.47_P_38/inp069.err for more details.
ERROR in MURE::BuildMCNPFile
	 Some nuclei have troubles, see transcript U5_0.53_8_95_P6_0.19_8_0.11_9_3.5_0_0.38_1_0.026_2_0.18_A1_0.47_P_38/inp070.err for more details.
ERROR in MURE::WriteMaterial(ostream &Out)
	 Some nuclei have troubles, see transcript U5_0.53_8_95_P6_0.19_8_0.11_9_3.5_0_0.38_1_0.026_2_0.18_A1_0.47_P_38/inp070.err for more details.
ERROR in MURE::BuildMCNPFile
	 Some nuclei have troubles, see transcript U5_0.53_8_95_P6_0.19_8_0.11_9_3.5_0_0.38_1_0.026_2_0.18_A1_0.47_P_38/inp071.err for more details.
ERROR in MURE::WriteMaterial(ostream &Out)
	 Some nuclei have troubles, see transcript U5_0.53_8_95_P6_0.19_8_0.11_9_3.5_0_0.38_1_0.026_2_0.18_A1_0.47_P_38/inp071.err for more details.
ERROR in MURE::BuildMCNPFile
	 Some nuclei have troubles, see transcript U5_0.53_8_95_P6_0.19_8_0.11_9_3.5_0_0.38_1_0.026_2_0.18_A1_0.47_P_38/inp072.err for more details.
ERROR in MURE::WriteMaterial(ostream &Out)
	 Some nuclei have troubles, see transcript U5_0.53_8_95_P6_0.19_8_0.11_9_3.5_0_0.38_1_0.026_2_0.18_A1_0.47_P_38/inp072.err for more details.
ERROR in MURE::BuildMCNPFile
	 Some nuclei have troubles, see transcript U5_0.53_8_95_P6_0.19_8_0.11_9_3.5_0_0.38_1_0.026_2_0.18_A1_0.47_P_38/inp073.err for more details.
ERROR in MURE::WriteMaterial(ostream &Out)
	 Some nuclei have troubles, see transcript U5_0.53_8_95_P6_0.19_8_0.11_9_3.5_0_0.38_1_0.026_2_0.18_A1_0.47_P_38/inp073.err for more details.
ERROR in MURE::BuildMCNPFile
	 Some nuclei have troubles, see transcript U5_0.53_8_95_P6_0.19_8_0.11_9_3.5_0_0.38_1_0.026_2_0.18_A1_0.47_P_38/inp074.err for more details.
ERROR in MURE::WriteMaterial(ostream &Out)
	 Some nuclei have troubles, see transcript U5_0.53_8_95_P6_0.19_8_0.11_9_3.5_0_0.38_1_0.026_2_0.18_A1_0.47_P_38/inp074.err for more details.
ERROR in MURE::BuildMCNPFile
	 Some nuclei have troubles, see transcript U5_0.53_8_95_P6_0.19_8_0.11_9_3.5_0_0.38_1_0.026_2_0.18_A1_0.47_P_38/inp075.err for more details.
ERROR in MURE::WriteMaterial(ostream &Out)
	 Some nuclei have troubles, see transcript U5_0.53_8_95_P6_0.19_8_0.11_9_3.5_0_0.38_1_0.026_2_0.18_A1_0.47_P_38/inp075.err for more details.
ERROR in MURE::BuildMCNPFile
	 Some nuclei have troubles, see transcript U5_0.53_8_95_P6_0.19_8_0.11_9_3.5_0_0.38_1_0.026_2_0.18_A1_0.47_P_38/inp076.err for more details.
ERROR in MURE::WriteMaterial(ostream &Out)
	 Some nuclei have troubles, see transcript U5_0.53_8_95_P6_0.19_8_0.11_9_3.5_0_0.38_1_0.026_2_0.18_A1_0.47_P_38/inp076.err for more details.
ERROR in MURE::BuildMCNPFile
	 Some nuclei have troubles, see transcript U5_0.53_8_95_P6_0.19_8_0.11_9_3.5_0_0.38_1_0.026_2_0.18_A1_0.47_P_38/inp077.err for more details.
ERROR in MURE::WriteMaterial(ostream &Out)
	 Some nuclei have troubles, see transcript U5_0.53_8_95_P6_0.19_8_0.11_9_3.5_0_0.38_1_0.026_2_0.18_A1_0.47_P_38/inp077.err for more details.
ERROR in MURE::BuildMCNPFile
	 Some nuclei have troubles, see transcript U5_0.53_8_95_P6_0.19_8_0.11_9_3.5_0_0.38_1_0.026_2_0.18_A1_0.47_P_38/inp078.err for more details.
ERROR in MURE::WriteMaterial(ostream &Out)
	 Some nuclei have troubles, see transcript U5_0.53_8_95_P6_0.19_8_0.11_9_3.5_0_0.38_1_0.026_2_0.18_A1_0.47_P_38/inp078.err for more details.
ERROR in MURE::BuildMCNPFile
	 Some nuclei have troubles, see transcript U5_0.53_8_95_P6_0.19_8_0.11_9_3.5_0_0.38_1_0.026_2_0.18_A1_0.47_P_38/inp079.err for more details.
ERROR in MURE::WriteMaterial(ostream &Out)
	 Some nuclei have troubles, see transcript U5_0.53_8_95_P6_0.19_8_0.11_9_3.5_0_0.38_1_0.026_2_0.18_A1_0.47_P_38/inp079.err for more details.
* About to connect() to ftp.box.com port 21 (#0)
*   Trying 107.152.25.220... connected
* Connected to ftp.box.com (107.152.25.220) port 21 (#0)
< 220 Service ready for new user.
> AUTH SSL
< 234 Command AUTH okay; starting SSL connection.
* Initializing NSS with certpath: sql:/etc/pki/nssdb
*   CAfile: /etc/pki/tls/certs/ca-bundle.crt
  CApath: none
* SSL connection using TLS_RSA_WITH_AES_128_CBC_SHA
* Server certificate:
* 	subject: CN=*.box.com,O="Box, Inc.",L=Los Altos,ST=California,C=US
* 	start date: Nov 13 19:22:20 2014 GMT
* 	expire date: Oct 23 02:42:03 2017 GMT
* 	common name: *.box.com
* 	issuer: CN=GeoTrust SSL CA - G4,O=GeoTrust Inc.,C=US
> USER mouginot@wisc.edu
< 331 User name okay, need password for mouginot@wisc.edu.
> PASS line150782
< 230 User logged in, proceed.
> PBSZ 0
< 200 Command PBSZ okay.
> PROT P
< 200 Command PROT okay.
> PWD
< 257 "/" is current directory.
* Entry path is '/'
> CWD MODEL_DATA
< 250 Directory changed to /MODEL_DATA
> CWD PWR_TRU_MOX_PSPEC
< 250 Directory changed to /MODEL_DATA/PWR_TRU_MOX_PSPEC
> CWD 1000
< 250 Directory changed to /MODEL_DATA/PWR_TRU_MOX_PSPEC/1000
> PASV
* Connect data stream passively
< 227 Entering Passive Mode (107,152,25,220,48,52)
* Skips 107.152.25.220 for data connection, uses 107.152.25.220 instead
*   Trying 107.152.25.220... connected
* Connecting to 107.152.25.220 (107.152.25.220) port 12340
> TYPE I
< 200 Command TYPE okay.
> STOR 943_raw.tar.gz
< 150 File status okay; about to open data connection.
* Doing the SSL/TLS handshake on the data stream
*   CAfile: /etc/pki/tls/certs/ca-bundle.crt
  CApath: none
* SSL connection using TLS_RSA_WITH_AES_128_CBC_SHA
* Server certificate:
* 	subject: CN=*.box.com,O="Box, Inc.",L=Los Altos,ST=California,C=US
* 	start date: Nov 13 19:22:20 2014 GMT
* 	expire date: Oct 23 02:42:03 2017 GMT
* 	common name: *.box.com
* 	issuer: CN=GeoTrust SSL CA - G4,O=GeoTrust Inc.,C=US
} [data not shown]
  % Total    % Received % Xferd  Average Speed   Time    Time     Time  Current
                                 Dload  Upload   Total   Spent    Left  Speed
  0 43.5M    0     0    0 16384      0   2599  4:52:58  0:00:06  4:52:52  2599 12 43.5M    0     0   12 5520k      0   754k  0:00:59  0:00:07  0:00:52 5454k 54 43.5M    0     0   54 23.7M      0  2935k  0:00:15  0:00:08  0:00:07 11.9M 95 43.5M    0     0   95 41.6M      0  4581k  0:00:09  0:00:09 --:--:-- 13.8M* Remembering we are in dir "MODEL_DATA/PWR_TRU_MOX_PSPEC/1000/"
< 226 Transfer complete.
100 43.5M    0     0  100 43.5M      0  4085k  0:00:10  0:00:10 --:--:-- 9657k* Connection #0 to host ftp.box.com left intact

> QUIT
< 221 Goodbye.
* Closing connection #0
