ERROR in MURE::BuildXSDIR()
	 Some nuclei have troubles, see transcript U5_0.81_8_93_P6_0.078_8_0.17_9_4.5_0_0.31_1_0.65_2_0.081_A1_0.23_P_25/inp000.err for more details.
ERROR in MURE::BuildMCNPFile
	 Some nuclei have troubles, see transcript U5_0.81_8_93_P6_0.078_8_0.17_9_4.5_0_0.31_1_0.65_2_0.081_A1_0.23_P_25/inp000.err for more details.
ERROR in MURE::WriteMaterial(ostream &Out)
	 Some nuclei have troubles, see transcript U5_0.81_8_93_P6_0.078_8_0.17_9_4.5_0_0.31_1_0.65_2_0.081_A1_0.23_P_25/inp000.err for more details.
ERROR in MURE::BuildMCNPFile
	 Some nuclei have troubles, see transcript U5_0.81_8_93_P6_0.078_8_0.17_9_4.5_0_0.31_1_0.65_2_0.081_A1_0.23_P_25/inp001.err for more details.
ERROR in MURE::WriteMaterial(ostream &Out)
	 Some nuclei have troubles, see transcript U5_0.81_8_93_P6_0.078_8_0.17_9_4.5_0_0.31_1_0.65_2_0.081_A1_0.23_P_25/inp001.err for more details.
ERROR in MURE::BuildMCNPFile
	 Some nuclei have troubles, see transcript U5_0.81_8_93_P6_0.078_8_0.17_9_4.5_0_0.31_1_0.65_2_0.081_A1_0.23_P_25/inp002.err for more details.
ERROR in MURE::WriteMaterial(ostream &Out)
	 Some nuclei have troubles, see transcript U5_0.81_8_93_P6_0.078_8_0.17_9_4.5_0_0.31_1_0.65_2_0.081_A1_0.23_P_25/inp002.err for more details.
ERROR in MURE::BuildMCNPFile
	 Some nuclei have troubles, see transcript U5_0.81_8_93_P6_0.078_8_0.17_9_4.5_0_0.31_1_0.65_2_0.081_A1_0.23_P_25/inp003.err for more details.
ERROR in MURE::WriteMaterial(ostream &Out)
	 Some nuclei have troubles, see transcript U5_0.81_8_93_P6_0.078_8_0.17_9_4.5_0_0.31_1_0.65_2_0.081_A1_0.23_P_25/inp003.err for more details.
ERROR in MURE::BuildMCNPFile
	 Some nuclei have troubles, see transcript U5_0.81_8_93_P6_0.078_8_0.17_9_4.5_0_0.31_1_0.65_2_0.081_A1_0.23_P_25/inp004.err for more details.
ERROR in MURE::WriteMaterial(ostream &Out)
	 Some nuclei have troubles, see transcript U5_0.81_8_93_P6_0.078_8_0.17_9_4.5_0_0.31_1_0.65_2_0.081_A1_0.23_P_25/inp004.err for more details.
ERROR in MURE::BuildMCNPFile
	 Some nuclei have troubles, see transcript U5_0.81_8_93_P6_0.078_8_0.17_9_4.5_0_0.31_1_0.65_2_0.081_A1_0.23_P_25/inp005.err for more details.
ERROR in MURE::WriteMaterial(ostream &Out)
	 Some nuclei have troubles, see transcript U5_0.81_8_93_P6_0.078_8_0.17_9_4.5_0_0.31_1_0.65_2_0.081_A1_0.23_P_25/inp005.err for more details.
ERROR in MURE::BuildMCNPFile
	 Some nuclei have troubles, see transcript U5_0.81_8_93_P6_0.078_8_0.17_9_4.5_0_0.31_1_0.65_2_0.081_A1_0.23_P_25/inp006.err for more details.
ERROR in MURE::WriteMaterial(ostream &Out)
	 Some nuclei have troubles, see transcript U5_0.81_8_93_P6_0.078_8_0.17_9_4.5_0_0.31_1_0.65_2_0.081_A1_0.23_P_25/inp006.err for more details.
ERROR in MURE::BuildMCNPFile
	 Some nuclei have troubles, see transcript U5_0.81_8_93_P6_0.078_8_0.17_9_4.5_0_0.31_1_0.65_2_0.081_A1_0.23_P_25/inp007.err for more details.
ERROR in MURE::WriteMaterial(ostream &Out)
	 Some nuclei have troubles, see transcript U5_0.81_8_93_P6_0.078_8_0.17_9_4.5_0_0.31_1_0.65_2_0.081_A1_0.23_P_25/inp007.err for more details.
ERROR in MURE::BuildMCNPFile
	 Some nuclei have troubles, see transcript U5_0.81_8_93_P6_0.078_8_0.17_9_4.5_0_0.31_1_0.65_2_0.081_A1_0.23_P_25/inp008.err for more details.
ERROR in MURE::WriteMaterial(ostream &Out)
	 Some nuclei have troubles, see transcript U5_0.81_8_93_P6_0.078_8_0.17_9_4.5_0_0.31_1_0.65_2_0.081_A1_0.23_P_25/inp008.err for more details.
ERROR in MURE::BuildMCNPFile
	 Some nuclei have troubles, see transcript U5_0.81_8_93_P6_0.078_8_0.17_9_4.5_0_0.31_1_0.65_2_0.081_A1_0.23_P_25/inp009.err for more details.
ERROR in MURE::WriteMaterial(ostream &Out)
	 Some nuclei have troubles, see transcript U5_0.81_8_93_P6_0.078_8_0.17_9_4.5_0_0.31_1_0.65_2_0.081_A1_0.23_P_25/inp009.err for more details.
ERROR in MURE::BuildMCNPFile
	 Some nuclei have troubles, see transcript U5_0.81_8_93_P6_0.078_8_0.17_9_4.5_0_0.31_1_0.65_2_0.081_A1_0.23_P_25/inp010.err for more details.
ERROR in MURE::WriteMaterial(ostream &Out)
	 Some nuclei have troubles, see transcript U5_0.81_8_93_P6_0.078_8_0.17_9_4.5_0_0.31_1_0.65_2_0.081_A1_0.23_P_25/inp010.err for more details.
ERROR in MURE::BuildMCNPFile
	 Some nuclei have troubles, see transcript U5_0.81_8_93_P6_0.078_8_0.17_9_4.5_0_0.31_1_0.65_2_0.081_A1_0.23_P_25/inp011.err for more details.
ERROR in MURE::WriteMaterial(ostream &Out)
	 Some nuclei have troubles, see transcript U5_0.81_8_93_P6_0.078_8_0.17_9_4.5_0_0.31_1_0.65_2_0.081_A1_0.23_P_25/inp011.err for more details.
ERROR in MURE::BuildMCNPFile
	 Some nuclei have troubles, see transcript U5_0.81_8_93_P6_0.078_8_0.17_9_4.5_0_0.31_1_0.65_2_0.081_A1_0.23_P_25/inp012.err for more details.
ERROR in MURE::WriteMaterial(ostream &Out)
	 Some nuclei have troubles, see transcript U5_0.81_8_93_P6_0.078_8_0.17_9_4.5_0_0.31_1_0.65_2_0.081_A1_0.23_P_25/inp012.err for more details.
ERROR in MURE::BuildMCNPFile
	 Some nuclei have troubles, see transcript U5_0.81_8_93_P6_0.078_8_0.17_9_4.5_0_0.31_1_0.65_2_0.081_A1_0.23_P_25/inp013.err for more details.
ERROR in MURE::WriteMaterial(ostream &Out)
	 Some nuclei have troubles, see transcript U5_0.81_8_93_P6_0.078_8_0.17_9_4.5_0_0.31_1_0.65_2_0.081_A1_0.23_P_25/inp013.err for more details.
ERROR in MURE::BuildMCNPFile
	 Some nuclei have troubles, see transcript U5_0.81_8_93_P6_0.078_8_0.17_9_4.5_0_0.31_1_0.65_2_0.081_A1_0.23_P_25/inp014.err for more details.
ERROR in MURE::WriteMaterial(ostream &Out)
	 Some nuclei have troubles, see transcript U5_0.81_8_93_P6_0.078_8_0.17_9_4.5_0_0.31_1_0.65_2_0.081_A1_0.23_P_25/inp014.err for more details.
ERROR in MURE::BuildMCNPFile
	 Some nuclei have troubles, see transcript U5_0.81_8_93_P6_0.078_8_0.17_9_4.5_0_0.31_1_0.65_2_0.081_A1_0.23_P_25/inp015.err for more details.
ERROR in MURE::WriteMaterial(ostream &Out)
	 Some nuclei have troubles, see transcript U5_0.81_8_93_P6_0.078_8_0.17_9_4.5_0_0.31_1_0.65_2_0.081_A1_0.23_P_25/inp015.err for more details.
ERROR in MURE::BuildMCNPFile
	 Some nuclei have troubles, see transcript U5_0.81_8_93_P6_0.078_8_0.17_9_4.5_0_0.31_1_0.65_2_0.081_A1_0.23_P_25/inp016.err for more details.
ERROR in MURE::WriteMaterial(ostream &Out)
	 Some nuclei have troubles, see transcript U5_0.81_8_93_P6_0.078_8_0.17_9_4.5_0_0.31_1_0.65_2_0.081_A1_0.23_P_25/inp016.err for more details.
ERROR in MURE::BuildMCNPFile
	 Some nuclei have troubles, see transcript U5_0.81_8_93_P6_0.078_8_0.17_9_4.5_0_0.31_1_0.65_2_0.081_A1_0.23_P_25/inp017.err for more details.
ERROR in MURE::WriteMaterial(ostream &Out)
	 Some nuclei have troubles, see transcript U5_0.81_8_93_P6_0.078_8_0.17_9_4.5_0_0.31_1_0.65_2_0.081_A1_0.23_P_25/inp017.err for more details.
ERROR in MURE::BuildMCNPFile
	 Some nuclei have troubles, see transcript U5_0.81_8_93_P6_0.078_8_0.17_9_4.5_0_0.31_1_0.65_2_0.081_A1_0.23_P_25/inp018.err for more details.
ERROR in MURE::WriteMaterial(ostream &Out)
	 Some nuclei have troubles, see transcript U5_0.81_8_93_P6_0.078_8_0.17_9_4.5_0_0.31_1_0.65_2_0.081_A1_0.23_P_25/inp018.err for more details.
ERROR in MURE::BuildMCNPFile
	 Some nuclei have troubles, see transcript U5_0.81_8_93_P6_0.078_8_0.17_9_4.5_0_0.31_1_0.65_2_0.081_A1_0.23_P_25/inp019.err for more details.
ERROR in MURE::WriteMaterial(ostream &Out)
	 Some nuclei have troubles, see transcript U5_0.81_8_93_P6_0.078_8_0.17_9_4.5_0_0.31_1_0.65_2_0.081_A1_0.23_P_25/inp019.err for more details.
ERROR in MURE::BuildMCNPFile
	 Some nuclei have troubles, see transcript U5_0.81_8_93_P6_0.078_8_0.17_9_4.5_0_0.31_1_0.65_2_0.081_A1_0.23_P_25/inp020.err for more details.
ERROR in MURE::WriteMaterial(ostream &Out)
	 Some nuclei have troubles, see transcript U5_0.81_8_93_P6_0.078_8_0.17_9_4.5_0_0.31_1_0.65_2_0.081_A1_0.23_P_25/inp020.err for more details.
ERROR in MURE::BuildMCNPFile
	 Some nuclei have troubles, see transcript U5_0.81_8_93_P6_0.078_8_0.17_9_4.5_0_0.31_1_0.65_2_0.081_A1_0.23_P_25/inp021.err for more details.
ERROR in MURE::WriteMaterial(ostream &Out)
	 Some nuclei have troubles, see transcript U5_0.81_8_93_P6_0.078_8_0.17_9_4.5_0_0.31_1_0.65_2_0.081_A1_0.23_P_25/inp021.err for more details.
ERROR in MURE::BuildMCNPFile
	 Some nuclei have troubles, see transcript U5_0.81_8_93_P6_0.078_8_0.17_9_4.5_0_0.31_1_0.65_2_0.081_A1_0.23_P_25/inp022.err for more details.
ERROR in MURE::WriteMaterial(ostream &Out)
	 Some nuclei have troubles, see transcript U5_0.81_8_93_P6_0.078_8_0.17_9_4.5_0_0.31_1_0.65_2_0.081_A1_0.23_P_25/inp022.err for more details.
ERROR in MURE::BuildMCNPFile
	 Some nuclei have troubles, see transcript U5_0.81_8_93_P6_0.078_8_0.17_9_4.5_0_0.31_1_0.65_2_0.081_A1_0.23_P_25/inp023.err for more details.
ERROR in MURE::WriteMaterial(ostream &Out)
	 Some nuclei have troubles, see transcript U5_0.81_8_93_P6_0.078_8_0.17_9_4.5_0_0.31_1_0.65_2_0.081_A1_0.23_P_25/inp023.err for more details.
ERROR in MURE::BuildMCNPFile
	 Some nuclei have troubles, see transcript U5_0.81_8_93_P6_0.078_8_0.17_9_4.5_0_0.31_1_0.65_2_0.081_A1_0.23_P_25/inp024.err for more details.
ERROR in MURE::WriteMaterial(ostream &Out)
	 Some nuclei have troubles, see transcript U5_0.81_8_93_P6_0.078_8_0.17_9_4.5_0_0.31_1_0.65_2_0.081_A1_0.23_P_25/inp024.err for more details.
ERROR in MURE::BuildMCNPFile
	 Some nuclei have troubles, see transcript U5_0.81_8_93_P6_0.078_8_0.17_9_4.5_0_0.31_1_0.65_2_0.081_A1_0.23_P_25/inp025.err for more details.
ERROR in MURE::WriteMaterial(ostream &Out)
	 Some nuclei have troubles, see transcript U5_0.81_8_93_P6_0.078_8_0.17_9_4.5_0_0.31_1_0.65_2_0.081_A1_0.23_P_25/inp025.err for more details.
ERROR in MURE::BuildMCNPFile
	 Some nuclei have troubles, see transcript U5_0.81_8_93_P6_0.078_8_0.17_9_4.5_0_0.31_1_0.65_2_0.081_A1_0.23_P_25/inp026.err for more details.
ERROR in MURE::WriteMaterial(ostream &Out)
	 Some nuclei have troubles, see transcript U5_0.81_8_93_P6_0.078_8_0.17_9_4.5_0_0.31_1_0.65_2_0.081_A1_0.23_P_25/inp026.err for more details.
ERROR in MURE::BuildMCNPFile
	 Some nuclei have troubles, see transcript U5_0.81_8_93_P6_0.078_8_0.17_9_4.5_0_0.31_1_0.65_2_0.081_A1_0.23_P_25/inp027.err for more details.
ERROR in MURE::WriteMaterial(ostream &Out)
	 Some nuclei have troubles, see transcript U5_0.81_8_93_P6_0.078_8_0.17_9_4.5_0_0.31_1_0.65_2_0.081_A1_0.23_P_25/inp027.err for more details.
ERROR in MURE::BuildMCNPFile
	 Some nuclei have troubles, see transcript U5_0.81_8_93_P6_0.078_8_0.17_9_4.5_0_0.31_1_0.65_2_0.081_A1_0.23_P_25/inp028.err for more details.
ERROR in MURE::WriteMaterial(ostream &Out)
	 Some nuclei have troubles, see transcript U5_0.81_8_93_P6_0.078_8_0.17_9_4.5_0_0.31_1_0.65_2_0.081_A1_0.23_P_25/inp028.err for more details.
ERROR in MURE::BuildMCNPFile
	 Some nuclei have troubles, see transcript U5_0.81_8_93_P6_0.078_8_0.17_9_4.5_0_0.31_1_0.65_2_0.081_A1_0.23_P_25/inp029.err for more details.
ERROR in MURE::WriteMaterial(ostream &Out)
	 Some nuclei have troubles, see transcript U5_0.81_8_93_P6_0.078_8_0.17_9_4.5_0_0.31_1_0.65_2_0.081_A1_0.23_P_25/inp029.err for more details.
ERROR in MURE::BuildMCNPFile
	 Some nuclei have troubles, see transcript U5_0.81_8_93_P6_0.078_8_0.17_9_4.5_0_0.31_1_0.65_2_0.081_A1_0.23_P_25/inp030.err for more details.
ERROR in MURE::WriteMaterial(ostream &Out)
	 Some nuclei have troubles, see transcript U5_0.81_8_93_P6_0.078_8_0.17_9_4.5_0_0.31_1_0.65_2_0.081_A1_0.23_P_25/inp030.err for more details.
ERROR in MURE::BuildMCNPFile
	 Some nuclei have troubles, see transcript U5_0.81_8_93_P6_0.078_8_0.17_9_4.5_0_0.31_1_0.65_2_0.081_A1_0.23_P_25/inp031.err for more details.
ERROR in MURE::WriteMaterial(ostream &Out)
	 Some nuclei have troubles, see transcript U5_0.81_8_93_P6_0.078_8_0.17_9_4.5_0_0.31_1_0.65_2_0.081_A1_0.23_P_25/inp031.err for more details.
ERROR in MURE::BuildMCNPFile
	 Some nuclei have troubles, see transcript U5_0.81_8_93_P6_0.078_8_0.17_9_4.5_0_0.31_1_0.65_2_0.081_A1_0.23_P_25/inp032.err for more details.
ERROR in MURE::WriteMaterial(ostream &Out)
	 Some nuclei have troubles, see transcript U5_0.81_8_93_P6_0.078_8_0.17_9_4.5_0_0.31_1_0.65_2_0.081_A1_0.23_P_25/inp032.err for more details.
ERROR in MURE::BuildMCNPFile
	 Some nuclei have troubles, see transcript U5_0.81_8_93_P6_0.078_8_0.17_9_4.5_0_0.31_1_0.65_2_0.081_A1_0.23_P_25/inp033.err for more details.
ERROR in MURE::WriteMaterial(ostream &Out)
	 Some nuclei have troubles, see transcript U5_0.81_8_93_P6_0.078_8_0.17_9_4.5_0_0.31_1_0.65_2_0.081_A1_0.23_P_25/inp033.err for more details.
ERROR in MURE::BuildMCNPFile
	 Some nuclei have troubles, see transcript U5_0.81_8_93_P6_0.078_8_0.17_9_4.5_0_0.31_1_0.65_2_0.081_A1_0.23_P_25/inp034.err for more details.
ERROR in MURE::WriteMaterial(ostream &Out)
	 Some nuclei have troubles, see transcript U5_0.81_8_93_P6_0.078_8_0.17_9_4.5_0_0.31_1_0.65_2_0.081_A1_0.23_P_25/inp034.err for more details.
ERROR in MURE::BuildMCNPFile
	 Some nuclei have troubles, see transcript U5_0.81_8_93_P6_0.078_8_0.17_9_4.5_0_0.31_1_0.65_2_0.081_A1_0.23_P_25/inp035.err for more details.
ERROR in MURE::WriteMaterial(ostream &Out)
	 Some nuclei have troubles, see transcript U5_0.81_8_93_P6_0.078_8_0.17_9_4.5_0_0.31_1_0.65_2_0.081_A1_0.23_P_25/inp035.err for more details.
ERROR in MURE::BuildMCNPFile
	 Some nuclei have troubles, see transcript U5_0.81_8_93_P6_0.078_8_0.17_9_4.5_0_0.31_1_0.65_2_0.081_A1_0.23_P_25/inp036.err for more details.
ERROR in MURE::WriteMaterial(ostream &Out)
	 Some nuclei have troubles, see transcript U5_0.81_8_93_P6_0.078_8_0.17_9_4.5_0_0.31_1_0.65_2_0.081_A1_0.23_P_25/inp036.err for more details.
ERROR in MURE::BuildMCNPFile
	 Some nuclei have troubles, see transcript U5_0.81_8_93_P6_0.078_8_0.17_9_4.5_0_0.31_1_0.65_2_0.081_A1_0.23_P_25/inp037.err for more details.
ERROR in MURE::WriteMaterial(ostream &Out)
	 Some nuclei have troubles, see transcript U5_0.81_8_93_P6_0.078_8_0.17_9_4.5_0_0.31_1_0.65_2_0.081_A1_0.23_P_25/inp037.err for more details.
ERROR in MURE::BuildMCNPFile
	 Some nuclei have troubles, see transcript U5_0.81_8_93_P6_0.078_8_0.17_9_4.5_0_0.31_1_0.65_2_0.081_A1_0.23_P_25/inp038.err for more details.
ERROR in MURE::WriteMaterial(ostream &Out)
	 Some nuclei have troubles, see transcript U5_0.81_8_93_P6_0.078_8_0.17_9_4.5_0_0.31_1_0.65_2_0.081_A1_0.23_P_25/inp038.err for more details.
ERROR in MURE::BuildMCNPFile
	 Some nuclei have troubles, see transcript U5_0.81_8_93_P6_0.078_8_0.17_9_4.5_0_0.31_1_0.65_2_0.081_A1_0.23_P_25/inp039.err for more details.
ERROR in MURE::WriteMaterial(ostream &Out)
	 Some nuclei have troubles, see transcript U5_0.81_8_93_P6_0.078_8_0.17_9_4.5_0_0.31_1_0.65_2_0.081_A1_0.23_P_25/inp039.err for more details.
ERROR in MURE::BuildMCNPFile
	 Some nuclei have troubles, see transcript U5_0.81_8_93_P6_0.078_8_0.17_9_4.5_0_0.31_1_0.65_2_0.081_A1_0.23_P_25/inp040.err for more details.
ERROR in MURE::WriteMaterial(ostream &Out)
	 Some nuclei have troubles, see transcript U5_0.81_8_93_P6_0.078_8_0.17_9_4.5_0_0.31_1_0.65_2_0.081_A1_0.23_P_25/inp040.err for more details.
ERROR in MURE::BuildMCNPFile
	 Some nuclei have troubles, see transcript U5_0.81_8_93_P6_0.078_8_0.17_9_4.5_0_0.31_1_0.65_2_0.081_A1_0.23_P_25/inp041.err for more details.
ERROR in MURE::WriteMaterial(ostream &Out)
	 Some nuclei have troubles, see transcript U5_0.81_8_93_P6_0.078_8_0.17_9_4.5_0_0.31_1_0.65_2_0.081_A1_0.23_P_25/inp041.err for more details.
ERROR in MURE::BuildMCNPFile
	 Some nuclei have troubles, see transcript U5_0.81_8_93_P6_0.078_8_0.17_9_4.5_0_0.31_1_0.65_2_0.081_A1_0.23_P_25/inp042.err for more details.
ERROR in MURE::WriteMaterial(ostream &Out)
	 Some nuclei have troubles, see transcript U5_0.81_8_93_P6_0.078_8_0.17_9_4.5_0_0.31_1_0.65_2_0.081_A1_0.23_P_25/inp042.err for more details.
ERROR in MURE::BuildMCNPFile
	 Some nuclei have troubles, see transcript U5_0.81_8_93_P6_0.078_8_0.17_9_4.5_0_0.31_1_0.65_2_0.081_A1_0.23_P_25/inp043.err for more details.
ERROR in MURE::WriteMaterial(ostream &Out)
	 Some nuclei have troubles, see transcript U5_0.81_8_93_P6_0.078_8_0.17_9_4.5_0_0.31_1_0.65_2_0.081_A1_0.23_P_25/inp043.err for more details.
ERROR in MURE::BuildMCNPFile
	 Some nuclei have troubles, see transcript U5_0.81_8_93_P6_0.078_8_0.17_9_4.5_0_0.31_1_0.65_2_0.081_A1_0.23_P_25/inp044.err for more details.
ERROR in MURE::WriteMaterial(ostream &Out)
	 Some nuclei have troubles, see transcript U5_0.81_8_93_P6_0.078_8_0.17_9_4.5_0_0.31_1_0.65_2_0.081_A1_0.23_P_25/inp044.err for more details.
ERROR in MURE::BuildMCNPFile
	 Some nuclei have troubles, see transcript U5_0.81_8_93_P6_0.078_8_0.17_9_4.5_0_0.31_1_0.65_2_0.081_A1_0.23_P_25/inp045.err for more details.
ERROR in MURE::WriteMaterial(ostream &Out)
	 Some nuclei have troubles, see transcript U5_0.81_8_93_P6_0.078_8_0.17_9_4.5_0_0.31_1_0.65_2_0.081_A1_0.23_P_25/inp045.err for more details.
ERROR in MURE::BuildMCNPFile
	 Some nuclei have troubles, see transcript U5_0.81_8_93_P6_0.078_8_0.17_9_4.5_0_0.31_1_0.65_2_0.081_A1_0.23_P_25/inp046.err for more details.
ERROR in MURE::WriteMaterial(ostream &Out)
	 Some nuclei have troubles, see transcript U5_0.81_8_93_P6_0.078_8_0.17_9_4.5_0_0.31_1_0.65_2_0.081_A1_0.23_P_25/inp046.err for more details.
ERROR in MURE::BuildMCNPFile
	 Some nuclei have troubles, see transcript U5_0.81_8_93_P6_0.078_8_0.17_9_4.5_0_0.31_1_0.65_2_0.081_A1_0.23_P_25/inp047.err for more details.
ERROR in MURE::WriteMaterial(ostream &Out)
	 Some nuclei have troubles, see transcript U5_0.81_8_93_P6_0.078_8_0.17_9_4.5_0_0.31_1_0.65_2_0.081_A1_0.23_P_25/inp047.err for more details.
ERROR in MURE::BuildMCNPFile
	 Some nuclei have troubles, see transcript U5_0.81_8_93_P6_0.078_8_0.17_9_4.5_0_0.31_1_0.65_2_0.081_A1_0.23_P_25/inp048.err for more details.
ERROR in MURE::WriteMaterial(ostream &Out)
	 Some nuclei have troubles, see transcript U5_0.81_8_93_P6_0.078_8_0.17_9_4.5_0_0.31_1_0.65_2_0.081_A1_0.23_P_25/inp048.err for more details.
ERROR in MURE::BuildMCNPFile
	 Some nuclei have troubles, see transcript U5_0.81_8_93_P6_0.078_8_0.17_9_4.5_0_0.31_1_0.65_2_0.081_A1_0.23_P_25/inp049.err for more details.
ERROR in MURE::WriteMaterial(ostream &Out)
	 Some nuclei have troubles, see transcript U5_0.81_8_93_P6_0.078_8_0.17_9_4.5_0_0.31_1_0.65_2_0.081_A1_0.23_P_25/inp049.err for more details.
ERROR in MURE::BuildMCNPFile
	 Some nuclei have troubles, see transcript U5_0.81_8_93_P6_0.078_8_0.17_9_4.5_0_0.31_1_0.65_2_0.081_A1_0.23_P_25/inp050.err for more details.
ERROR in MURE::WriteMaterial(ostream &Out)
	 Some nuclei have troubles, see transcript U5_0.81_8_93_P6_0.078_8_0.17_9_4.5_0_0.31_1_0.65_2_0.081_A1_0.23_P_25/inp050.err for more details.
ERROR in MURE::BuildMCNPFile
	 Some nuclei have troubles, see transcript U5_0.81_8_93_P6_0.078_8_0.17_9_4.5_0_0.31_1_0.65_2_0.081_A1_0.23_P_25/inp051.err for more details.
ERROR in MURE::WriteMaterial(ostream &Out)
	 Some nuclei have troubles, see transcript U5_0.81_8_93_P6_0.078_8_0.17_9_4.5_0_0.31_1_0.65_2_0.081_A1_0.23_P_25/inp051.err for more details.
ERROR in MURE::BuildMCNPFile
	 Some nuclei have troubles, see transcript U5_0.81_8_93_P6_0.078_8_0.17_9_4.5_0_0.31_1_0.65_2_0.081_A1_0.23_P_25/inp052.err for more details.
ERROR in MURE::WriteMaterial(ostream &Out)
	 Some nuclei have troubles, see transcript U5_0.81_8_93_P6_0.078_8_0.17_9_4.5_0_0.31_1_0.65_2_0.081_A1_0.23_P_25/inp052.err for more details.
ERROR in MURE::BuildMCNPFile
	 Some nuclei have troubles, see transcript U5_0.81_8_93_P6_0.078_8_0.17_9_4.5_0_0.31_1_0.65_2_0.081_A1_0.23_P_25/inp053.err for more details.
ERROR in MURE::WriteMaterial(ostream &Out)
	 Some nuclei have troubles, see transcript U5_0.81_8_93_P6_0.078_8_0.17_9_4.5_0_0.31_1_0.65_2_0.081_A1_0.23_P_25/inp053.err for more details.
ERROR in MURE::BuildMCNPFile
	 Some nuclei have troubles, see transcript U5_0.81_8_93_P6_0.078_8_0.17_9_4.5_0_0.31_1_0.65_2_0.081_A1_0.23_P_25/inp054.err for more details.
ERROR in MURE::WriteMaterial(ostream &Out)
	 Some nuclei have troubles, see transcript U5_0.81_8_93_P6_0.078_8_0.17_9_4.5_0_0.31_1_0.65_2_0.081_A1_0.23_P_25/inp054.err for more details.
ERROR in MURE::BuildMCNPFile
	 Some nuclei have troubles, see transcript U5_0.81_8_93_P6_0.078_8_0.17_9_4.5_0_0.31_1_0.65_2_0.081_A1_0.23_P_25/inp055.err for more details.
ERROR in MURE::WriteMaterial(ostream &Out)
	 Some nuclei have troubles, see transcript U5_0.81_8_93_P6_0.078_8_0.17_9_4.5_0_0.31_1_0.65_2_0.081_A1_0.23_P_25/inp055.err for more details.
ERROR in MURE::BuildMCNPFile
	 Some nuclei have troubles, see transcript U5_0.81_8_93_P6_0.078_8_0.17_9_4.5_0_0.31_1_0.65_2_0.081_A1_0.23_P_25/inp056.err for more details.
ERROR in MURE::WriteMaterial(ostream &Out)
	 Some nuclei have troubles, see transcript U5_0.81_8_93_P6_0.078_8_0.17_9_4.5_0_0.31_1_0.65_2_0.081_A1_0.23_P_25/inp056.err for more details.
ERROR in MURE::BuildMCNPFile
	 Some nuclei have troubles, see transcript U5_0.81_8_93_P6_0.078_8_0.17_9_4.5_0_0.31_1_0.65_2_0.081_A1_0.23_P_25/inp057.err for more details.
ERROR in MURE::WriteMaterial(ostream &Out)
	 Some nuclei have troubles, see transcript U5_0.81_8_93_P6_0.078_8_0.17_9_4.5_0_0.31_1_0.65_2_0.081_A1_0.23_P_25/inp057.err for more details.
ERROR in MURE::BuildMCNPFile
	 Some nuclei have troubles, see transcript U5_0.81_8_93_P6_0.078_8_0.17_9_4.5_0_0.31_1_0.65_2_0.081_A1_0.23_P_25/inp058.err for more details.
ERROR in MURE::WriteMaterial(ostream &Out)
	 Some nuclei have troubles, see transcript U5_0.81_8_93_P6_0.078_8_0.17_9_4.5_0_0.31_1_0.65_2_0.081_A1_0.23_P_25/inp058.err for more details.
ERROR in MURE::BuildMCNPFile
	 Some nuclei have troubles, see transcript U5_0.81_8_93_P6_0.078_8_0.17_9_4.5_0_0.31_1_0.65_2_0.081_A1_0.23_P_25/inp059.err for more details.
ERROR in MURE::WriteMaterial(ostream &Out)
	 Some nuclei have troubles, see transcript U5_0.81_8_93_P6_0.078_8_0.17_9_4.5_0_0.31_1_0.65_2_0.081_A1_0.23_P_25/inp059.err for more details.
ERROR in MURE::BuildMCNPFile
	 Some nuclei have troubles, see transcript U5_0.81_8_93_P6_0.078_8_0.17_9_4.5_0_0.31_1_0.65_2_0.081_A1_0.23_P_25/inp060.err for more details.
ERROR in MURE::WriteMaterial(ostream &Out)
	 Some nuclei have troubles, see transcript U5_0.81_8_93_P6_0.078_8_0.17_9_4.5_0_0.31_1_0.65_2_0.081_A1_0.23_P_25/inp060.err for more details.
ERROR in MURE::BuildMCNPFile
	 Some nuclei have troubles, see transcript U5_0.81_8_93_P6_0.078_8_0.17_9_4.5_0_0.31_1_0.65_2_0.081_A1_0.23_P_25/inp061.err for more details.
ERROR in MURE::WriteMaterial(ostream &Out)
	 Some nuclei have troubles, see transcript U5_0.81_8_93_P6_0.078_8_0.17_9_4.5_0_0.31_1_0.65_2_0.081_A1_0.23_P_25/inp061.err for more details.
ERROR in MURE::BuildMCNPFile
	 Some nuclei have troubles, see transcript U5_0.81_8_93_P6_0.078_8_0.17_9_4.5_0_0.31_1_0.65_2_0.081_A1_0.23_P_25/inp062.err for more details.
ERROR in MURE::WriteMaterial(ostream &Out)
	 Some nuclei have troubles, see transcript U5_0.81_8_93_P6_0.078_8_0.17_9_4.5_0_0.31_1_0.65_2_0.081_A1_0.23_P_25/inp062.err for more details.
ERROR in MURE::BuildMCNPFile
	 Some nuclei have troubles, see transcript U5_0.81_8_93_P6_0.078_8_0.17_9_4.5_0_0.31_1_0.65_2_0.081_A1_0.23_P_25/inp063.err for more details.
ERROR in MURE::WriteMaterial(ostream &Out)
	 Some nuclei have troubles, see transcript U5_0.81_8_93_P6_0.078_8_0.17_9_4.5_0_0.31_1_0.65_2_0.081_A1_0.23_P_25/inp063.err for more details.
ERROR in MURE::BuildMCNPFile
	 Some nuclei have troubles, see transcript U5_0.81_8_93_P6_0.078_8_0.17_9_4.5_0_0.31_1_0.65_2_0.081_A1_0.23_P_25/inp064.err for more details.
ERROR in MURE::WriteMaterial(ostream &Out)
	 Some nuclei have troubles, see transcript U5_0.81_8_93_P6_0.078_8_0.17_9_4.5_0_0.31_1_0.65_2_0.081_A1_0.23_P_25/inp064.err for more details.
ERROR in MURE::BuildMCNPFile
	 Some nuclei have troubles, see transcript U5_0.81_8_93_P6_0.078_8_0.17_9_4.5_0_0.31_1_0.65_2_0.081_A1_0.23_P_25/inp065.err for more details.
ERROR in MURE::WriteMaterial(ostream &Out)
	 Some nuclei have troubles, see transcript U5_0.81_8_93_P6_0.078_8_0.17_9_4.5_0_0.31_1_0.65_2_0.081_A1_0.23_P_25/inp065.err for more details.
ERROR in MURE::BuildMCNPFile
	 Some nuclei have troubles, see transcript U5_0.81_8_93_P6_0.078_8_0.17_9_4.5_0_0.31_1_0.65_2_0.081_A1_0.23_P_25/inp066.err for more details.
ERROR in MURE::WriteMaterial(ostream &Out)
	 Some nuclei have troubles, see transcript U5_0.81_8_93_P6_0.078_8_0.17_9_4.5_0_0.31_1_0.65_2_0.081_A1_0.23_P_25/inp066.err for more details.
ERROR in MURE::BuildMCNPFile
	 Some nuclei have troubles, see transcript U5_0.81_8_93_P6_0.078_8_0.17_9_4.5_0_0.31_1_0.65_2_0.081_A1_0.23_P_25/inp067.err for more details.
ERROR in MURE::WriteMaterial(ostream &Out)
	 Some nuclei have troubles, see transcript U5_0.81_8_93_P6_0.078_8_0.17_9_4.5_0_0.31_1_0.65_2_0.081_A1_0.23_P_25/inp067.err for more details.
ERROR in MURE::BuildMCNPFile
	 Some nuclei have troubles, see transcript U5_0.81_8_93_P6_0.078_8_0.17_9_4.5_0_0.31_1_0.65_2_0.081_A1_0.23_P_25/inp068.err for more details.
ERROR in MURE::WriteMaterial(ostream &Out)
	 Some nuclei have troubles, see transcript U5_0.81_8_93_P6_0.078_8_0.17_9_4.5_0_0.31_1_0.65_2_0.081_A1_0.23_P_25/inp068.err for more details.
ERROR in MURE::BuildMCNPFile
	 Some nuclei have troubles, see transcript U5_0.81_8_93_P6_0.078_8_0.17_9_4.5_0_0.31_1_0.65_2_0.081_A1_0.23_P_25/inp069.err for more details.
ERROR in MURE::WriteMaterial(ostream &Out)
	 Some nuclei have troubles, see transcript U5_0.81_8_93_P6_0.078_8_0.17_9_4.5_0_0.31_1_0.65_2_0.081_A1_0.23_P_25/inp069.err for more details.
ERROR in MURE::BuildMCNPFile
	 Some nuclei have troubles, see transcript U5_0.81_8_93_P6_0.078_8_0.17_9_4.5_0_0.31_1_0.65_2_0.081_A1_0.23_P_25/inp070.err for more details.
ERROR in MURE::WriteMaterial(ostream &Out)
	 Some nuclei have troubles, see transcript U5_0.81_8_93_P6_0.078_8_0.17_9_4.5_0_0.31_1_0.65_2_0.081_A1_0.23_P_25/inp070.err for more details.
ERROR in MURE::BuildMCNPFile
	 Some nuclei have troubles, see transcript U5_0.81_8_93_P6_0.078_8_0.17_9_4.5_0_0.31_1_0.65_2_0.081_A1_0.23_P_25/inp071.err for more details.
ERROR in MURE::WriteMaterial(ostream &Out)
	 Some nuclei have troubles, see transcript U5_0.81_8_93_P6_0.078_8_0.17_9_4.5_0_0.31_1_0.65_2_0.081_A1_0.23_P_25/inp071.err for more details.
ERROR in MURE::BuildMCNPFile
	 Some nuclei have troubles, see transcript U5_0.81_8_93_P6_0.078_8_0.17_9_4.5_0_0.31_1_0.65_2_0.081_A1_0.23_P_25/inp072.err for more details.
ERROR in MURE::WriteMaterial(ostream &Out)
	 Some nuclei have troubles, see transcript U5_0.81_8_93_P6_0.078_8_0.17_9_4.5_0_0.31_1_0.65_2_0.081_A1_0.23_P_25/inp072.err for more details.
ERROR in MURE::BuildMCNPFile
	 Some nuclei have troubles, see transcript U5_0.81_8_93_P6_0.078_8_0.17_9_4.5_0_0.31_1_0.65_2_0.081_A1_0.23_P_25/inp073.err for more details.
ERROR in MURE::WriteMaterial(ostream &Out)
	 Some nuclei have troubles, see transcript U5_0.81_8_93_P6_0.078_8_0.17_9_4.5_0_0.31_1_0.65_2_0.081_A1_0.23_P_25/inp073.err for more details.
ERROR in MURE::BuildMCNPFile
	 Some nuclei have troubles, see transcript U5_0.81_8_93_P6_0.078_8_0.17_9_4.5_0_0.31_1_0.65_2_0.081_A1_0.23_P_25/inp074.err for more details.
ERROR in MURE::WriteMaterial(ostream &Out)
	 Some nuclei have troubles, see transcript U5_0.81_8_93_P6_0.078_8_0.17_9_4.5_0_0.31_1_0.65_2_0.081_A1_0.23_P_25/inp074.err for more details.
ERROR in MURE::BuildMCNPFile
	 Some nuclei have troubles, see transcript U5_0.81_8_93_P6_0.078_8_0.17_9_4.5_0_0.31_1_0.65_2_0.081_A1_0.23_P_25/inp075.err for more details.
ERROR in MURE::WriteMaterial(ostream &Out)
	 Some nuclei have troubles, see transcript U5_0.81_8_93_P6_0.078_8_0.17_9_4.5_0_0.31_1_0.65_2_0.081_A1_0.23_P_25/inp075.err for more details.
ERROR in MURE::BuildMCNPFile
	 Some nuclei have troubles, see transcript U5_0.81_8_93_P6_0.078_8_0.17_9_4.5_0_0.31_1_0.65_2_0.081_A1_0.23_P_25/inp076.err for more details.
ERROR in MURE::WriteMaterial(ostream &Out)
	 Some nuclei have troubles, see transcript U5_0.81_8_93_P6_0.078_8_0.17_9_4.5_0_0.31_1_0.65_2_0.081_A1_0.23_P_25/inp076.err for more details.
ERROR in MURE::BuildMCNPFile
	 Some nuclei have troubles, see transcript U5_0.81_8_93_P6_0.078_8_0.17_9_4.5_0_0.31_1_0.65_2_0.081_A1_0.23_P_25/inp077.err for more details.
ERROR in MURE::WriteMaterial(ostream &Out)
	 Some nuclei have troubles, see transcript U5_0.81_8_93_P6_0.078_8_0.17_9_4.5_0_0.31_1_0.65_2_0.081_A1_0.23_P_25/inp077.err for more details.
ERROR in MURE::BuildMCNPFile
	 Some nuclei have troubles, see transcript U5_0.81_8_93_P6_0.078_8_0.17_9_4.5_0_0.31_1_0.65_2_0.081_A1_0.23_P_25/inp078.err for more details.
ERROR in MURE::WriteMaterial(ostream &Out)
	 Some nuclei have troubles, see transcript U5_0.81_8_93_P6_0.078_8_0.17_9_4.5_0_0.31_1_0.65_2_0.081_A1_0.23_P_25/inp078.err for more details.
ERROR in MURE::BuildMCNPFile
	 Some nuclei have troubles, see transcript U5_0.81_8_93_P6_0.078_8_0.17_9_4.5_0_0.31_1_0.65_2_0.081_A1_0.23_P_25/inp079.err for more details.
ERROR in MURE::WriteMaterial(ostream &Out)
	 Some nuclei have troubles, see transcript U5_0.81_8_93_P6_0.078_8_0.17_9_4.5_0_0.31_1_0.65_2_0.081_A1_0.23_P_25/inp079.err for more details.
* About to connect() to proxy squid01.chtc.wisc.edu port 3128 (#0)
*   Trying 128.105.244.82... connected
* Connected to squid01.chtc.wisc.edu (128.105.244.82) port 3128 (#0)
* Server auth using Basic with user 'mouginot@wisc.edu'
> PUT ftp://mouginot@wisc.edu:line150782@ftp.box.com/MODEL_DATA/PWR_TRU_MOX_PSPEC/1000/100_raw.tar.gz HTTP/1.1
> Authorization: Basic bW91Z2lub3RAd2lzYy5lZHU6bGluZTE1MDc4Mg==
> User-Agent: curl/7.19.7 (x86_64-redhat-linux-gnu) libcurl/7.19.7 NSS/3.27.1 zlib/1.2.3 libidn/1.18 libssh2/1.4.2
> Host: ftp.box.com:21
> Accept: */*
> Referer: trc
> Proxy-Connection: Keep-Alive
> Content-Length: 45706313
> Expect: 100-continue
> 
  % Total    % Received % Xferd  Average Speed   Time    Time     Time  Current
                                 Dload  Upload   Total   Spent    Left  Speed
  0 43.5M    0     0    0     0      0      0 --:--:-- --:--:-- --:--:--     0  0 43.5M    0     0    0     0      0      0 --:--:--  0:00:01 --:--:--     0* Done waiting for 100-continue
  0 43.5M    0     0    0     0      0      0 --:--:--  0:00:02 --:--:--     0} [data not shown]
< HTTP/1.1 403 Forbidden
< Server: squid/3.5.20
< Mime-Version: 1.0
< Date: Sat, 09 Sep 2017 13:16:07 GMT
< Content-Type: text/html;charset=utf-8
< Content-Length: 4752
< X-Squid-Error: ERR_FTP_FORBIDDEN 530
< WWW-Authenticate: Basic realm="FTP mouginot@wisc.edu ftp.box.com"
< X-Cache: MISS from squid01.chtc.wisc.edu
< X-Cache-Lookup: MISS from squid01.chtc.wisc.edu:3128
< Via: 1.1 squid01.chtc.wisc.edu (squid/3.5.20)
< Connection: keep-alive
< 
{ [data not shown]
* Send failure: Connection reset by peer
  3 43.5M  101  4752    3 1392k   2238   655k  0:01:08  0:00:02  0:01:06  658k* Closing connection #0

curl: (55) Send failure: Connection reset by peer
