ERROR in MURE::BuildXSDIR()
	 Some nuclei have troubles, see transcript U5_0.43_8_93_P6_0.19_8_0.28_9_4_0_0.88_1_0.3_2_0.4_A1_0.011_P_22/inp000.err for more details.
ERROR in MURE::BuildMCNPFile
	 Some nuclei have troubles, see transcript U5_0.43_8_93_P6_0.19_8_0.28_9_4_0_0.88_1_0.3_2_0.4_A1_0.011_P_22/inp000.err for more details.
ERROR in MURE::WriteMaterial(ostream &Out)
	 Some nuclei have troubles, see transcript U5_0.43_8_93_P6_0.19_8_0.28_9_4_0_0.88_1_0.3_2_0.4_A1_0.011_P_22/inp000.err for more details.
ERROR in MURE::BuildMCNPFile
	 Some nuclei have troubles, see transcript U5_0.43_8_93_P6_0.19_8_0.28_9_4_0_0.88_1_0.3_2_0.4_A1_0.011_P_22/inp001.err for more details.
ERROR in MURE::WriteMaterial(ostream &Out)
	 Some nuclei have troubles, see transcript U5_0.43_8_93_P6_0.19_8_0.28_9_4_0_0.88_1_0.3_2_0.4_A1_0.011_P_22/inp001.err for more details.
ERROR in MURE::BuildMCNPFile
	 Some nuclei have troubles, see transcript U5_0.43_8_93_P6_0.19_8_0.28_9_4_0_0.88_1_0.3_2_0.4_A1_0.011_P_22/inp002.err for more details.
ERROR in MURE::WriteMaterial(ostream &Out)
	 Some nuclei have troubles, see transcript U5_0.43_8_93_P6_0.19_8_0.28_9_4_0_0.88_1_0.3_2_0.4_A1_0.011_P_22/inp002.err for more details.
ERROR in MURE::BuildMCNPFile
	 Some nuclei have troubles, see transcript U5_0.43_8_93_P6_0.19_8_0.28_9_4_0_0.88_1_0.3_2_0.4_A1_0.011_P_22/inp003.err for more details.
ERROR in MURE::WriteMaterial(ostream &Out)
	 Some nuclei have troubles, see transcript U5_0.43_8_93_P6_0.19_8_0.28_9_4_0_0.88_1_0.3_2_0.4_A1_0.011_P_22/inp003.err for more details.
ERROR in MURE::BuildMCNPFile
	 Some nuclei have troubles, see transcript U5_0.43_8_93_P6_0.19_8_0.28_9_4_0_0.88_1_0.3_2_0.4_A1_0.011_P_22/inp004.err for more details.
ERROR in MURE::WriteMaterial(ostream &Out)
	 Some nuclei have troubles, see transcript U5_0.43_8_93_P6_0.19_8_0.28_9_4_0_0.88_1_0.3_2_0.4_A1_0.011_P_22/inp004.err for more details.
ERROR in MURE::BuildMCNPFile
	 Some nuclei have troubles, see transcript U5_0.43_8_93_P6_0.19_8_0.28_9_4_0_0.88_1_0.3_2_0.4_A1_0.011_P_22/inp005.err for more details.
ERROR in MURE::WriteMaterial(ostream &Out)
	 Some nuclei have troubles, see transcript U5_0.43_8_93_P6_0.19_8_0.28_9_4_0_0.88_1_0.3_2_0.4_A1_0.011_P_22/inp005.err for more details.
ERROR in MURE::BuildMCNPFile
	 Some nuclei have troubles, see transcript U5_0.43_8_93_P6_0.19_8_0.28_9_4_0_0.88_1_0.3_2_0.4_A1_0.011_P_22/inp006.err for more details.
ERROR in MURE::WriteMaterial(ostream &Out)
	 Some nuclei have troubles, see transcript U5_0.43_8_93_P6_0.19_8_0.28_9_4_0_0.88_1_0.3_2_0.4_A1_0.011_P_22/inp006.err for more details.
ERROR in MURE::BuildMCNPFile
	 Some nuclei have troubles, see transcript U5_0.43_8_93_P6_0.19_8_0.28_9_4_0_0.88_1_0.3_2_0.4_A1_0.011_P_22/inp007.err for more details.
ERROR in MURE::WriteMaterial(ostream &Out)
	 Some nuclei have troubles, see transcript U5_0.43_8_93_P6_0.19_8_0.28_9_4_0_0.88_1_0.3_2_0.4_A1_0.011_P_22/inp007.err for more details.
ERROR in MURE::BuildMCNPFile
	 Some nuclei have troubles, see transcript U5_0.43_8_93_P6_0.19_8_0.28_9_4_0_0.88_1_0.3_2_0.4_A1_0.011_P_22/inp008.err for more details.
ERROR in MURE::WriteMaterial(ostream &Out)
	 Some nuclei have troubles, see transcript U5_0.43_8_93_P6_0.19_8_0.28_9_4_0_0.88_1_0.3_2_0.4_A1_0.011_P_22/inp008.err for more details.
ERROR in MURE::BuildMCNPFile
	 Some nuclei have troubles, see transcript U5_0.43_8_93_P6_0.19_8_0.28_9_4_0_0.88_1_0.3_2_0.4_A1_0.011_P_22/inp009.err for more details.
ERROR in MURE::WriteMaterial(ostream &Out)
	 Some nuclei have troubles, see transcript U5_0.43_8_93_P6_0.19_8_0.28_9_4_0_0.88_1_0.3_2_0.4_A1_0.011_P_22/inp009.err for more details.
ERROR in MURE::BuildMCNPFile
	 Some nuclei have troubles, see transcript U5_0.43_8_93_P6_0.19_8_0.28_9_4_0_0.88_1_0.3_2_0.4_A1_0.011_P_22/inp010.err for more details.
ERROR in MURE::WriteMaterial(ostream &Out)
	 Some nuclei have troubles, see transcript U5_0.43_8_93_P6_0.19_8_0.28_9_4_0_0.88_1_0.3_2_0.4_A1_0.011_P_22/inp010.err for more details.
ERROR in MURE::BuildMCNPFile
	 Some nuclei have troubles, see transcript U5_0.43_8_93_P6_0.19_8_0.28_9_4_0_0.88_1_0.3_2_0.4_A1_0.011_P_22/inp011.err for more details.
ERROR in MURE::WriteMaterial(ostream &Out)
	 Some nuclei have troubles, see transcript U5_0.43_8_93_P6_0.19_8_0.28_9_4_0_0.88_1_0.3_2_0.4_A1_0.011_P_22/inp011.err for more details.
ERROR in MURE::BuildMCNPFile
	 Some nuclei have troubles, see transcript U5_0.43_8_93_P6_0.19_8_0.28_9_4_0_0.88_1_0.3_2_0.4_A1_0.011_P_22/inp012.err for more details.
ERROR in MURE::WriteMaterial(ostream &Out)
	 Some nuclei have troubles, see transcript U5_0.43_8_93_P6_0.19_8_0.28_9_4_0_0.88_1_0.3_2_0.4_A1_0.011_P_22/inp012.err for more details.
ERROR in MURE::BuildMCNPFile
	 Some nuclei have troubles, see transcript U5_0.43_8_93_P6_0.19_8_0.28_9_4_0_0.88_1_0.3_2_0.4_A1_0.011_P_22/inp013.err for more details.
ERROR in MURE::WriteMaterial(ostream &Out)
	 Some nuclei have troubles, see transcript U5_0.43_8_93_P6_0.19_8_0.28_9_4_0_0.88_1_0.3_2_0.4_A1_0.011_P_22/inp013.err for more details.
ERROR in MURE::BuildMCNPFile
	 Some nuclei have troubles, see transcript U5_0.43_8_93_P6_0.19_8_0.28_9_4_0_0.88_1_0.3_2_0.4_A1_0.011_P_22/inp014.err for more details.
ERROR in MURE::WriteMaterial(ostream &Out)
	 Some nuclei have troubles, see transcript U5_0.43_8_93_P6_0.19_8_0.28_9_4_0_0.88_1_0.3_2_0.4_A1_0.011_P_22/inp014.err for more details.
ERROR in MURE::BuildMCNPFile
	 Some nuclei have troubles, see transcript U5_0.43_8_93_P6_0.19_8_0.28_9_4_0_0.88_1_0.3_2_0.4_A1_0.011_P_22/inp015.err for more details.
ERROR in MURE::WriteMaterial(ostream &Out)
	 Some nuclei have troubles, see transcript U5_0.43_8_93_P6_0.19_8_0.28_9_4_0_0.88_1_0.3_2_0.4_A1_0.011_P_22/inp015.err for more details.
ERROR in MURE::BuildMCNPFile
	 Some nuclei have troubles, see transcript U5_0.43_8_93_P6_0.19_8_0.28_9_4_0_0.88_1_0.3_2_0.4_A1_0.011_P_22/inp016.err for more details.
ERROR in MURE::WriteMaterial(ostream &Out)
	 Some nuclei have troubles, see transcript U5_0.43_8_93_P6_0.19_8_0.28_9_4_0_0.88_1_0.3_2_0.4_A1_0.011_P_22/inp016.err for more details.
ERROR in MURE::BuildMCNPFile
	 Some nuclei have troubles, see transcript U5_0.43_8_93_P6_0.19_8_0.28_9_4_0_0.88_1_0.3_2_0.4_A1_0.011_P_22/inp017.err for more details.
ERROR in MURE::WriteMaterial(ostream &Out)
	 Some nuclei have troubles, see transcript U5_0.43_8_93_P6_0.19_8_0.28_9_4_0_0.88_1_0.3_2_0.4_A1_0.011_P_22/inp017.err for more details.
ERROR in MURE::BuildMCNPFile
	 Some nuclei have troubles, see transcript U5_0.43_8_93_P6_0.19_8_0.28_9_4_0_0.88_1_0.3_2_0.4_A1_0.011_P_22/inp018.err for more details.
ERROR in MURE::WriteMaterial(ostream &Out)
	 Some nuclei have troubles, see transcript U5_0.43_8_93_P6_0.19_8_0.28_9_4_0_0.88_1_0.3_2_0.4_A1_0.011_P_22/inp018.err for more details.
ERROR in MURE::BuildMCNPFile
	 Some nuclei have troubles, see transcript U5_0.43_8_93_P6_0.19_8_0.28_9_4_0_0.88_1_0.3_2_0.4_A1_0.011_P_22/inp019.err for more details.
ERROR in MURE::WriteMaterial(ostream &Out)
	 Some nuclei have troubles, see transcript U5_0.43_8_93_P6_0.19_8_0.28_9_4_0_0.88_1_0.3_2_0.4_A1_0.011_P_22/inp019.err for more details.
ERROR in MURE::BuildMCNPFile
	 Some nuclei have troubles, see transcript U5_0.43_8_93_P6_0.19_8_0.28_9_4_0_0.88_1_0.3_2_0.4_A1_0.011_P_22/inp020.err for more details.
ERROR in MURE::WriteMaterial(ostream &Out)
	 Some nuclei have troubles, see transcript U5_0.43_8_93_P6_0.19_8_0.28_9_4_0_0.88_1_0.3_2_0.4_A1_0.011_P_22/inp020.err for more details.
ERROR in MURE::BuildMCNPFile
	 Some nuclei have troubles, see transcript U5_0.43_8_93_P6_0.19_8_0.28_9_4_0_0.88_1_0.3_2_0.4_A1_0.011_P_22/inp021.err for more details.
ERROR in MURE::WriteMaterial(ostream &Out)
	 Some nuclei have troubles, see transcript U5_0.43_8_93_P6_0.19_8_0.28_9_4_0_0.88_1_0.3_2_0.4_A1_0.011_P_22/inp021.err for more details.
ERROR in MURE::BuildMCNPFile
	 Some nuclei have troubles, see transcript U5_0.43_8_93_P6_0.19_8_0.28_9_4_0_0.88_1_0.3_2_0.4_A1_0.011_P_22/inp022.err for more details.
ERROR in MURE::WriteMaterial(ostream &Out)
	 Some nuclei have troubles, see transcript U5_0.43_8_93_P6_0.19_8_0.28_9_4_0_0.88_1_0.3_2_0.4_A1_0.011_P_22/inp022.err for more details.
ERROR in MURE::BuildMCNPFile
	 Some nuclei have troubles, see transcript U5_0.43_8_93_P6_0.19_8_0.28_9_4_0_0.88_1_0.3_2_0.4_A1_0.011_P_22/inp023.err for more details.
ERROR in MURE::WriteMaterial(ostream &Out)
	 Some nuclei have troubles, see transcript U5_0.43_8_93_P6_0.19_8_0.28_9_4_0_0.88_1_0.3_2_0.4_A1_0.011_P_22/inp023.err for more details.
ERROR in MURE::BuildMCNPFile
	 Some nuclei have troubles, see transcript U5_0.43_8_93_P6_0.19_8_0.28_9_4_0_0.88_1_0.3_2_0.4_A1_0.011_P_22/inp024.err for more details.
ERROR in MURE::WriteMaterial(ostream &Out)
	 Some nuclei have troubles, see transcript U5_0.43_8_93_P6_0.19_8_0.28_9_4_0_0.88_1_0.3_2_0.4_A1_0.011_P_22/inp024.err for more details.
ERROR in MURE::BuildMCNPFile
	 Some nuclei have troubles, see transcript U5_0.43_8_93_P6_0.19_8_0.28_9_4_0_0.88_1_0.3_2_0.4_A1_0.011_P_22/inp025.err for more details.
ERROR in MURE::WriteMaterial(ostream &Out)
	 Some nuclei have troubles, see transcript U5_0.43_8_93_P6_0.19_8_0.28_9_4_0_0.88_1_0.3_2_0.4_A1_0.011_P_22/inp025.err for more details.
ERROR in MURE::BuildMCNPFile
	 Some nuclei have troubles, see transcript U5_0.43_8_93_P6_0.19_8_0.28_9_4_0_0.88_1_0.3_2_0.4_A1_0.011_P_22/inp026.err for more details.
ERROR in MURE::WriteMaterial(ostream &Out)
	 Some nuclei have troubles, see transcript U5_0.43_8_93_P6_0.19_8_0.28_9_4_0_0.88_1_0.3_2_0.4_A1_0.011_P_22/inp026.err for more details.
ERROR in MURE::BuildMCNPFile
	 Some nuclei have troubles, see transcript U5_0.43_8_93_P6_0.19_8_0.28_9_4_0_0.88_1_0.3_2_0.4_A1_0.011_P_22/inp027.err for more details.
ERROR in MURE::WriteMaterial(ostream &Out)
	 Some nuclei have troubles, see transcript U5_0.43_8_93_P6_0.19_8_0.28_9_4_0_0.88_1_0.3_2_0.4_A1_0.011_P_22/inp027.err for more details.
ERROR in MURE::BuildMCNPFile
	 Some nuclei have troubles, see transcript U5_0.43_8_93_P6_0.19_8_0.28_9_4_0_0.88_1_0.3_2_0.4_A1_0.011_P_22/inp028.err for more details.
ERROR in MURE::WriteMaterial(ostream &Out)
	 Some nuclei have troubles, see transcript U5_0.43_8_93_P6_0.19_8_0.28_9_4_0_0.88_1_0.3_2_0.4_A1_0.011_P_22/inp028.err for more details.
ERROR in MURE::BuildMCNPFile
	 Some nuclei have troubles, see transcript U5_0.43_8_93_P6_0.19_8_0.28_9_4_0_0.88_1_0.3_2_0.4_A1_0.011_P_22/inp029.err for more details.
ERROR in MURE::WriteMaterial(ostream &Out)
	 Some nuclei have troubles, see transcript U5_0.43_8_93_P6_0.19_8_0.28_9_4_0_0.88_1_0.3_2_0.4_A1_0.011_P_22/inp029.err for more details.
ERROR in MURE::BuildMCNPFile
	 Some nuclei have troubles, see transcript U5_0.43_8_93_P6_0.19_8_0.28_9_4_0_0.88_1_0.3_2_0.4_A1_0.011_P_22/inp030.err for more details.
ERROR in MURE::WriteMaterial(ostream &Out)
	 Some nuclei have troubles, see transcript U5_0.43_8_93_P6_0.19_8_0.28_9_4_0_0.88_1_0.3_2_0.4_A1_0.011_P_22/inp030.err for more details.
ERROR in MURE::BuildMCNPFile
	 Some nuclei have troubles, see transcript U5_0.43_8_93_P6_0.19_8_0.28_9_4_0_0.88_1_0.3_2_0.4_A1_0.011_P_22/inp031.err for more details.
ERROR in MURE::WriteMaterial(ostream &Out)
	 Some nuclei have troubles, see transcript U5_0.43_8_93_P6_0.19_8_0.28_9_4_0_0.88_1_0.3_2_0.4_A1_0.011_P_22/inp031.err for more details.
ERROR in MURE::BuildMCNPFile
	 Some nuclei have troubles, see transcript U5_0.43_8_93_P6_0.19_8_0.28_9_4_0_0.88_1_0.3_2_0.4_A1_0.011_P_22/inp032.err for more details.
ERROR in MURE::WriteMaterial(ostream &Out)
	 Some nuclei have troubles, see transcript U5_0.43_8_93_P6_0.19_8_0.28_9_4_0_0.88_1_0.3_2_0.4_A1_0.011_P_22/inp032.err for more details.
ERROR in MURE::BuildMCNPFile
	 Some nuclei have troubles, see transcript U5_0.43_8_93_P6_0.19_8_0.28_9_4_0_0.88_1_0.3_2_0.4_A1_0.011_P_22/inp033.err for more details.
ERROR in MURE::WriteMaterial(ostream &Out)
	 Some nuclei have troubles, see transcript U5_0.43_8_93_P6_0.19_8_0.28_9_4_0_0.88_1_0.3_2_0.4_A1_0.011_P_22/inp033.err for more details.
ERROR in MURE::BuildMCNPFile
	 Some nuclei have troubles, see transcript U5_0.43_8_93_P6_0.19_8_0.28_9_4_0_0.88_1_0.3_2_0.4_A1_0.011_P_22/inp034.err for more details.
ERROR in MURE::WriteMaterial(ostream &Out)
	 Some nuclei have troubles, see transcript U5_0.43_8_93_P6_0.19_8_0.28_9_4_0_0.88_1_0.3_2_0.4_A1_0.011_P_22/inp034.err for more details.
ERROR in MURE::BuildMCNPFile
	 Some nuclei have troubles, see transcript U5_0.43_8_93_P6_0.19_8_0.28_9_4_0_0.88_1_0.3_2_0.4_A1_0.011_P_22/inp035.err for more details.
ERROR in MURE::WriteMaterial(ostream &Out)
	 Some nuclei have troubles, see transcript U5_0.43_8_93_P6_0.19_8_0.28_9_4_0_0.88_1_0.3_2_0.4_A1_0.011_P_22/inp035.err for more details.
ERROR in MURE::BuildMCNPFile
	 Some nuclei have troubles, see transcript U5_0.43_8_93_P6_0.19_8_0.28_9_4_0_0.88_1_0.3_2_0.4_A1_0.011_P_22/inp036.err for more details.
ERROR in MURE::WriteMaterial(ostream &Out)
	 Some nuclei have troubles, see transcript U5_0.43_8_93_P6_0.19_8_0.28_9_4_0_0.88_1_0.3_2_0.4_A1_0.011_P_22/inp036.err for more details.
ERROR in MURE::BuildMCNPFile
	 Some nuclei have troubles, see transcript U5_0.43_8_93_P6_0.19_8_0.28_9_4_0_0.88_1_0.3_2_0.4_A1_0.011_P_22/inp037.err for more details.
ERROR in MURE::WriteMaterial(ostream &Out)
	 Some nuclei have troubles, see transcript U5_0.43_8_93_P6_0.19_8_0.28_9_4_0_0.88_1_0.3_2_0.4_A1_0.011_P_22/inp037.err for more details.
ERROR in MURE::BuildMCNPFile
	 Some nuclei have troubles, see transcript U5_0.43_8_93_P6_0.19_8_0.28_9_4_0_0.88_1_0.3_2_0.4_A1_0.011_P_22/inp038.err for more details.
ERROR in MURE::WriteMaterial(ostream &Out)
	 Some nuclei have troubles, see transcript U5_0.43_8_93_P6_0.19_8_0.28_9_4_0_0.88_1_0.3_2_0.4_A1_0.011_P_22/inp038.err for more details.
ERROR in MURE::BuildMCNPFile
	 Some nuclei have troubles, see transcript U5_0.43_8_93_P6_0.19_8_0.28_9_4_0_0.88_1_0.3_2_0.4_A1_0.011_P_22/inp039.err for more details.
ERROR in MURE::WriteMaterial(ostream &Out)
	 Some nuclei have troubles, see transcript U5_0.43_8_93_P6_0.19_8_0.28_9_4_0_0.88_1_0.3_2_0.4_A1_0.011_P_22/inp039.err for more details.
ERROR in MURE::BuildMCNPFile
	 Some nuclei have troubles, see transcript U5_0.43_8_93_P6_0.19_8_0.28_9_4_0_0.88_1_0.3_2_0.4_A1_0.011_P_22/inp040.err for more details.
ERROR in MURE::WriteMaterial(ostream &Out)
	 Some nuclei have troubles, see transcript U5_0.43_8_93_P6_0.19_8_0.28_9_4_0_0.88_1_0.3_2_0.4_A1_0.011_P_22/inp040.err for more details.
ERROR in MURE::BuildMCNPFile
	 Some nuclei have troubles, see transcript U5_0.43_8_93_P6_0.19_8_0.28_9_4_0_0.88_1_0.3_2_0.4_A1_0.011_P_22/inp041.err for more details.
ERROR in MURE::WriteMaterial(ostream &Out)
	 Some nuclei have troubles, see transcript U5_0.43_8_93_P6_0.19_8_0.28_9_4_0_0.88_1_0.3_2_0.4_A1_0.011_P_22/inp041.err for more details.
ERROR in MURE::BuildMCNPFile
	 Some nuclei have troubles, see transcript U5_0.43_8_93_P6_0.19_8_0.28_9_4_0_0.88_1_0.3_2_0.4_A1_0.011_P_22/inp042.err for more details.
ERROR in MURE::WriteMaterial(ostream &Out)
	 Some nuclei have troubles, see transcript U5_0.43_8_93_P6_0.19_8_0.28_9_4_0_0.88_1_0.3_2_0.4_A1_0.011_P_22/inp042.err for more details.
ERROR in MURE::BuildMCNPFile
	 Some nuclei have troubles, see transcript U5_0.43_8_93_P6_0.19_8_0.28_9_4_0_0.88_1_0.3_2_0.4_A1_0.011_P_22/inp043.err for more details.
ERROR in MURE::WriteMaterial(ostream &Out)
	 Some nuclei have troubles, see transcript U5_0.43_8_93_P6_0.19_8_0.28_9_4_0_0.88_1_0.3_2_0.4_A1_0.011_P_22/inp043.err for more details.
ERROR in MURE::BuildMCNPFile
	 Some nuclei have troubles, see transcript U5_0.43_8_93_P6_0.19_8_0.28_9_4_0_0.88_1_0.3_2_0.4_A1_0.011_P_22/inp044.err for more details.
ERROR in MURE::WriteMaterial(ostream &Out)
	 Some nuclei have troubles, see transcript U5_0.43_8_93_P6_0.19_8_0.28_9_4_0_0.88_1_0.3_2_0.4_A1_0.011_P_22/inp044.err for more details.
ERROR in MURE::BuildMCNPFile
	 Some nuclei have troubles, see transcript U5_0.43_8_93_P6_0.19_8_0.28_9_4_0_0.88_1_0.3_2_0.4_A1_0.011_P_22/inp045.err for more details.
ERROR in MURE::WriteMaterial(ostream &Out)
	 Some nuclei have troubles, see transcript U5_0.43_8_93_P6_0.19_8_0.28_9_4_0_0.88_1_0.3_2_0.4_A1_0.011_P_22/inp045.err for more details.
ERROR in MURE::BuildMCNPFile
	 Some nuclei have troubles, see transcript U5_0.43_8_93_P6_0.19_8_0.28_9_4_0_0.88_1_0.3_2_0.4_A1_0.011_P_22/inp046.err for more details.
ERROR in MURE::WriteMaterial(ostream &Out)
	 Some nuclei have troubles, see transcript U5_0.43_8_93_P6_0.19_8_0.28_9_4_0_0.88_1_0.3_2_0.4_A1_0.011_P_22/inp046.err for more details.
ERROR in MURE::BuildMCNPFile
	 Some nuclei have troubles, see transcript U5_0.43_8_93_P6_0.19_8_0.28_9_4_0_0.88_1_0.3_2_0.4_A1_0.011_P_22/inp047.err for more details.
ERROR in MURE::WriteMaterial(ostream &Out)
	 Some nuclei have troubles, see transcript U5_0.43_8_93_P6_0.19_8_0.28_9_4_0_0.88_1_0.3_2_0.4_A1_0.011_P_22/inp047.err for more details.
ERROR in MURE::BuildMCNPFile
	 Some nuclei have troubles, see transcript U5_0.43_8_93_P6_0.19_8_0.28_9_4_0_0.88_1_0.3_2_0.4_A1_0.011_P_22/inp048.err for more details.
ERROR in MURE::WriteMaterial(ostream &Out)
	 Some nuclei have troubles, see transcript U5_0.43_8_93_P6_0.19_8_0.28_9_4_0_0.88_1_0.3_2_0.4_A1_0.011_P_22/inp048.err for more details.
ERROR in MURE::BuildMCNPFile
	 Some nuclei have troubles, see transcript U5_0.43_8_93_P6_0.19_8_0.28_9_4_0_0.88_1_0.3_2_0.4_A1_0.011_P_22/inp049.err for more details.
ERROR in MURE::WriteMaterial(ostream &Out)
	 Some nuclei have troubles, see transcript U5_0.43_8_93_P6_0.19_8_0.28_9_4_0_0.88_1_0.3_2_0.4_A1_0.011_P_22/inp049.err for more details.
ERROR in MURE::BuildMCNPFile
	 Some nuclei have troubles, see transcript U5_0.43_8_93_P6_0.19_8_0.28_9_4_0_0.88_1_0.3_2_0.4_A1_0.011_P_22/inp050.err for more details.
ERROR in MURE::WriteMaterial(ostream &Out)
	 Some nuclei have troubles, see transcript U5_0.43_8_93_P6_0.19_8_0.28_9_4_0_0.88_1_0.3_2_0.4_A1_0.011_P_22/inp050.err for more details.
ERROR in MURE::BuildMCNPFile
	 Some nuclei have troubles, see transcript U5_0.43_8_93_P6_0.19_8_0.28_9_4_0_0.88_1_0.3_2_0.4_A1_0.011_P_22/inp051.err for more details.
ERROR in MURE::WriteMaterial(ostream &Out)
	 Some nuclei have troubles, see transcript U5_0.43_8_93_P6_0.19_8_0.28_9_4_0_0.88_1_0.3_2_0.4_A1_0.011_P_22/inp051.err for more details.
ERROR in MURE::BuildMCNPFile
	 Some nuclei have troubles, see transcript U5_0.43_8_93_P6_0.19_8_0.28_9_4_0_0.88_1_0.3_2_0.4_A1_0.011_P_22/inp052.err for more details.
ERROR in MURE::WriteMaterial(ostream &Out)
	 Some nuclei have troubles, see transcript U5_0.43_8_93_P6_0.19_8_0.28_9_4_0_0.88_1_0.3_2_0.4_A1_0.011_P_22/inp052.err for more details.
ERROR in MURE::BuildMCNPFile
	 Some nuclei have troubles, see transcript U5_0.43_8_93_P6_0.19_8_0.28_9_4_0_0.88_1_0.3_2_0.4_A1_0.011_P_22/inp053.err for more details.
ERROR in MURE::WriteMaterial(ostream &Out)
	 Some nuclei have troubles, see transcript U5_0.43_8_93_P6_0.19_8_0.28_9_4_0_0.88_1_0.3_2_0.4_A1_0.011_P_22/inp053.err for more details.
ERROR in MURE::BuildMCNPFile
	 Some nuclei have troubles, see transcript U5_0.43_8_93_P6_0.19_8_0.28_9_4_0_0.88_1_0.3_2_0.4_A1_0.011_P_22/inp054.err for more details.
ERROR in MURE::WriteMaterial(ostream &Out)
	 Some nuclei have troubles, see transcript U5_0.43_8_93_P6_0.19_8_0.28_9_4_0_0.88_1_0.3_2_0.4_A1_0.011_P_22/inp054.err for more details.
ERROR in MURE::BuildMCNPFile
	 Some nuclei have troubles, see transcript U5_0.43_8_93_P6_0.19_8_0.28_9_4_0_0.88_1_0.3_2_0.4_A1_0.011_P_22/inp055.err for more details.
ERROR in MURE::WriteMaterial(ostream &Out)
	 Some nuclei have troubles, see transcript U5_0.43_8_93_P6_0.19_8_0.28_9_4_0_0.88_1_0.3_2_0.4_A1_0.011_P_22/inp055.err for more details.
ERROR in MURE::BuildMCNPFile
	 Some nuclei have troubles, see transcript U5_0.43_8_93_P6_0.19_8_0.28_9_4_0_0.88_1_0.3_2_0.4_A1_0.011_P_22/inp056.err for more details.
ERROR in MURE::WriteMaterial(ostream &Out)
	 Some nuclei have troubles, see transcript U5_0.43_8_93_P6_0.19_8_0.28_9_4_0_0.88_1_0.3_2_0.4_A1_0.011_P_22/inp056.err for more details.
ERROR in MURE::BuildMCNPFile
	 Some nuclei have troubles, see transcript U5_0.43_8_93_P6_0.19_8_0.28_9_4_0_0.88_1_0.3_2_0.4_A1_0.011_P_22/inp057.err for more details.
ERROR in MURE::WriteMaterial(ostream &Out)
	 Some nuclei have troubles, see transcript U5_0.43_8_93_P6_0.19_8_0.28_9_4_0_0.88_1_0.3_2_0.4_A1_0.011_P_22/inp057.err for more details.
ERROR in MURE::BuildMCNPFile
	 Some nuclei have troubles, see transcript U5_0.43_8_93_P6_0.19_8_0.28_9_4_0_0.88_1_0.3_2_0.4_A1_0.011_P_22/inp058.err for more details.
ERROR in MURE::WriteMaterial(ostream &Out)
	 Some nuclei have troubles, see transcript U5_0.43_8_93_P6_0.19_8_0.28_9_4_0_0.88_1_0.3_2_0.4_A1_0.011_P_22/inp058.err for more details.
ERROR in MURE::BuildMCNPFile
	 Some nuclei have troubles, see transcript U5_0.43_8_93_P6_0.19_8_0.28_9_4_0_0.88_1_0.3_2_0.4_A1_0.011_P_22/inp059.err for more details.
ERROR in MURE::WriteMaterial(ostream &Out)
	 Some nuclei have troubles, see transcript U5_0.43_8_93_P6_0.19_8_0.28_9_4_0_0.88_1_0.3_2_0.4_A1_0.011_P_22/inp059.err for more details.
ERROR in MURE::BuildMCNPFile
	 Some nuclei have troubles, see transcript U5_0.43_8_93_P6_0.19_8_0.28_9_4_0_0.88_1_0.3_2_0.4_A1_0.011_P_22/inp060.err for more details.
ERROR in MURE::WriteMaterial(ostream &Out)
	 Some nuclei have troubles, see transcript U5_0.43_8_93_P6_0.19_8_0.28_9_4_0_0.88_1_0.3_2_0.4_A1_0.011_P_22/inp060.err for more details.
ERROR in MURE::BuildMCNPFile
	 Some nuclei have troubles, see transcript U5_0.43_8_93_P6_0.19_8_0.28_9_4_0_0.88_1_0.3_2_0.4_A1_0.011_P_22/inp061.err for more details.
ERROR in MURE::WriteMaterial(ostream &Out)
	 Some nuclei have troubles, see transcript U5_0.43_8_93_P6_0.19_8_0.28_9_4_0_0.88_1_0.3_2_0.4_A1_0.011_P_22/inp061.err for more details.
ERROR in MURE::BuildMCNPFile
	 Some nuclei have troubles, see transcript U5_0.43_8_93_P6_0.19_8_0.28_9_4_0_0.88_1_0.3_2_0.4_A1_0.011_P_22/inp062.err for more details.
ERROR in MURE::WriteMaterial(ostream &Out)
	 Some nuclei have troubles, see transcript U5_0.43_8_93_P6_0.19_8_0.28_9_4_0_0.88_1_0.3_2_0.4_A1_0.011_P_22/inp062.err for more details.
ERROR in MURE::BuildMCNPFile
	 Some nuclei have troubles, see transcript U5_0.43_8_93_P6_0.19_8_0.28_9_4_0_0.88_1_0.3_2_0.4_A1_0.011_P_22/inp063.err for more details.
ERROR in MURE::WriteMaterial(ostream &Out)
	 Some nuclei have troubles, see transcript U5_0.43_8_93_P6_0.19_8_0.28_9_4_0_0.88_1_0.3_2_0.4_A1_0.011_P_22/inp063.err for more details.
ERROR in MURE::BuildMCNPFile
	 Some nuclei have troubles, see transcript U5_0.43_8_93_P6_0.19_8_0.28_9_4_0_0.88_1_0.3_2_0.4_A1_0.011_P_22/inp064.err for more details.
ERROR in MURE::WriteMaterial(ostream &Out)
	 Some nuclei have troubles, see transcript U5_0.43_8_93_P6_0.19_8_0.28_9_4_0_0.88_1_0.3_2_0.4_A1_0.011_P_22/inp064.err for more details.
ERROR in MURE::BuildMCNPFile
	 Some nuclei have troubles, see transcript U5_0.43_8_93_P6_0.19_8_0.28_9_4_0_0.88_1_0.3_2_0.4_A1_0.011_P_22/inp065.err for more details.
ERROR in MURE::WriteMaterial(ostream &Out)
	 Some nuclei have troubles, see transcript U5_0.43_8_93_P6_0.19_8_0.28_9_4_0_0.88_1_0.3_2_0.4_A1_0.011_P_22/inp065.err for more details.
ERROR in MURE::BuildMCNPFile
	 Some nuclei have troubles, see transcript U5_0.43_8_93_P6_0.19_8_0.28_9_4_0_0.88_1_0.3_2_0.4_A1_0.011_P_22/inp066.err for more details.
ERROR in MURE::WriteMaterial(ostream &Out)
	 Some nuclei have troubles, see transcript U5_0.43_8_93_P6_0.19_8_0.28_9_4_0_0.88_1_0.3_2_0.4_A1_0.011_P_22/inp066.err for more details.
ERROR in MURE::BuildMCNPFile
	 Some nuclei have troubles, see transcript U5_0.43_8_93_P6_0.19_8_0.28_9_4_0_0.88_1_0.3_2_0.4_A1_0.011_P_22/inp067.err for more details.
ERROR in MURE::WriteMaterial(ostream &Out)
	 Some nuclei have troubles, see transcript U5_0.43_8_93_P6_0.19_8_0.28_9_4_0_0.88_1_0.3_2_0.4_A1_0.011_P_22/inp067.err for more details.
ERROR in MURE::BuildMCNPFile
	 Some nuclei have troubles, see transcript U5_0.43_8_93_P6_0.19_8_0.28_9_4_0_0.88_1_0.3_2_0.4_A1_0.011_P_22/inp068.err for more details.
ERROR in MURE::WriteMaterial(ostream &Out)
	 Some nuclei have troubles, see transcript U5_0.43_8_93_P6_0.19_8_0.28_9_4_0_0.88_1_0.3_2_0.4_A1_0.011_P_22/inp068.err for more details.
ERROR in MURE::BuildMCNPFile
	 Some nuclei have troubles, see transcript U5_0.43_8_93_P6_0.19_8_0.28_9_4_0_0.88_1_0.3_2_0.4_A1_0.011_P_22/inp069.err for more details.
ERROR in MURE::WriteMaterial(ostream &Out)
	 Some nuclei have troubles, see transcript U5_0.43_8_93_P6_0.19_8_0.28_9_4_0_0.88_1_0.3_2_0.4_A1_0.011_P_22/inp069.err for more details.
ERROR in MURE::BuildMCNPFile
	 Some nuclei have troubles, see transcript U5_0.43_8_93_P6_0.19_8_0.28_9_4_0_0.88_1_0.3_2_0.4_A1_0.011_P_22/inp070.err for more details.
ERROR in MURE::WriteMaterial(ostream &Out)
	 Some nuclei have troubles, see transcript U5_0.43_8_93_P6_0.19_8_0.28_9_4_0_0.88_1_0.3_2_0.4_A1_0.011_P_22/inp070.err for more details.
ERROR in MURE::BuildMCNPFile
	 Some nuclei have troubles, see transcript U5_0.43_8_93_P6_0.19_8_0.28_9_4_0_0.88_1_0.3_2_0.4_A1_0.011_P_22/inp071.err for more details.
ERROR in MURE::WriteMaterial(ostream &Out)
	 Some nuclei have troubles, see transcript U5_0.43_8_93_P6_0.19_8_0.28_9_4_0_0.88_1_0.3_2_0.4_A1_0.011_P_22/inp071.err for more details.
ERROR in MURE::BuildMCNPFile
	 Some nuclei have troubles, see transcript U5_0.43_8_93_P6_0.19_8_0.28_9_4_0_0.88_1_0.3_2_0.4_A1_0.011_P_22/inp072.err for more details.
ERROR in MURE::WriteMaterial(ostream &Out)
	 Some nuclei have troubles, see transcript U5_0.43_8_93_P6_0.19_8_0.28_9_4_0_0.88_1_0.3_2_0.4_A1_0.011_P_22/inp072.err for more details.
ERROR in MURE::BuildMCNPFile
	 Some nuclei have troubles, see transcript U5_0.43_8_93_P6_0.19_8_0.28_9_4_0_0.88_1_0.3_2_0.4_A1_0.011_P_22/inp073.err for more details.
ERROR in MURE::WriteMaterial(ostream &Out)
	 Some nuclei have troubles, see transcript U5_0.43_8_93_P6_0.19_8_0.28_9_4_0_0.88_1_0.3_2_0.4_A1_0.011_P_22/inp073.err for more details.
ERROR in MURE::BuildMCNPFile
	 Some nuclei have troubles, see transcript U5_0.43_8_93_P6_0.19_8_0.28_9_4_0_0.88_1_0.3_2_0.4_A1_0.011_P_22/inp074.err for more details.
ERROR in MURE::WriteMaterial(ostream &Out)
	 Some nuclei have troubles, see transcript U5_0.43_8_93_P6_0.19_8_0.28_9_4_0_0.88_1_0.3_2_0.4_A1_0.011_P_22/inp074.err for more details.
ERROR in MURE::BuildMCNPFile
	 Some nuclei have troubles, see transcript U5_0.43_8_93_P6_0.19_8_0.28_9_4_0_0.88_1_0.3_2_0.4_A1_0.011_P_22/inp075.err for more details.
ERROR in MURE::WriteMaterial(ostream &Out)
	 Some nuclei have troubles, see transcript U5_0.43_8_93_P6_0.19_8_0.28_9_4_0_0.88_1_0.3_2_0.4_A1_0.011_P_22/inp075.err for more details.
ERROR in MURE::BuildMCNPFile
	 Some nuclei have troubles, see transcript U5_0.43_8_93_P6_0.19_8_0.28_9_4_0_0.88_1_0.3_2_0.4_A1_0.011_P_22/inp076.err for more details.
ERROR in MURE::WriteMaterial(ostream &Out)
	 Some nuclei have troubles, see transcript U5_0.43_8_93_P6_0.19_8_0.28_9_4_0_0.88_1_0.3_2_0.4_A1_0.011_P_22/inp076.err for more details.
ERROR in MURE::BuildMCNPFile
	 Some nuclei have troubles, see transcript U5_0.43_8_93_P6_0.19_8_0.28_9_4_0_0.88_1_0.3_2_0.4_A1_0.011_P_22/inp077.err for more details.
ERROR in MURE::WriteMaterial(ostream &Out)
	 Some nuclei have troubles, see transcript U5_0.43_8_93_P6_0.19_8_0.28_9_4_0_0.88_1_0.3_2_0.4_A1_0.011_P_22/inp077.err for more details.
ERROR in MURE::BuildMCNPFile
	 Some nuclei have troubles, see transcript U5_0.43_8_93_P6_0.19_8_0.28_9_4_0_0.88_1_0.3_2_0.4_A1_0.011_P_22/inp078.err for more details.
ERROR in MURE::WriteMaterial(ostream &Out)
	 Some nuclei have troubles, see transcript U5_0.43_8_93_P6_0.19_8_0.28_9_4_0_0.88_1_0.3_2_0.4_A1_0.011_P_22/inp078.err for more details.
ERROR in MURE::BuildMCNPFile
	 Some nuclei have troubles, see transcript U5_0.43_8_93_P6_0.19_8_0.28_9_4_0_0.88_1_0.3_2_0.4_A1_0.011_P_22/inp079.err for more details.
ERROR in MURE::WriteMaterial(ostream &Out)
	 Some nuclei have troubles, see transcript U5_0.43_8_93_P6_0.19_8_0.28_9_4_0_0.88_1_0.3_2_0.4_A1_0.011_P_22/inp079.err for more details.
* About to connect() to ftp.box.com port 21 (#0)
*   Trying 74.112.186.81... connected
* Connected to ftp.box.com (74.112.186.81) port 21 (#0)
< 220 Service ready for new user.
> AUTH SSL
< 234 Command AUTH okay; starting SSL connection.
* Initializing NSS with certpath: sql:/etc/pki/nssdb
*   CAfile: /etc/pki/tls/certs/ca-bundle.crt
  CApath: none
* SSL connection using TLS_RSA_WITH_AES_128_CBC_SHA
* Server certificate:
* 	subject: CN=*.box.com,O="Box, Inc.",L=Los Altos,ST=California,C=US
* 	start date: Nov 13 19:22:20 2014 GMT
* 	expire date: Oct 23 02:42:03 2017 GMT
* 	common name: *.box.com
* 	issuer: CN=GeoTrust SSL CA - G4,O=GeoTrust Inc.,C=US
> USER mouginot@wisc.edu
< 331 User name okay, need password for mouginot@wisc.edu.
> PASS line150782
< 230 User logged in, proceed.
> PBSZ 0
< 200 Command PBSZ okay.
> PROT P
< 200 Command PROT okay.
> PWD
< 257 "/" is current directory.
* Entry path is '/'
> CWD MODEL_DATA
< 250 Directory changed to /MODEL_DATA
> CWD PWR_TRU_MOX_PSPEC
< 250 Directory changed to /MODEL_DATA/PWR_TRU_MOX_PSPEC
> CWD 1000
< 250 Directory changed to /MODEL_DATA/PWR_TRU_MOX_PSPEC/1000
> PASV
* Connect data stream passively
< 227 Entering Passive Mode (74,112,186,81,80,69)
* Skips 74.112.186.81 for data connection, uses 74.112.186.81 instead
*   Trying 74.112.186.81... connected
* Connecting to 74.112.186.81 (74.112.186.81) port 20549
> TYPE I
< 200 Command TYPE okay.
> STOR 884_raw.tar.gz
< 150 File status okay; about to open data connection.
* Doing the SSL/TLS handshake on the data stream
*   CAfile: /etc/pki/tls/certs/ca-bundle.crt
  CApath: none
* SSL connection using TLS_RSA_WITH_AES_128_CBC_SHA
* Server certificate:
* 	subject: CN=*.box.com,O="Box, Inc.",L=Los Altos,ST=California,C=US
* 	start date: Nov 13 19:22:20 2014 GMT
* 	expire date: Oct 23 02:42:03 2017 GMT
* 	common name: *.box.com
* 	issuer: CN=GeoTrust SSL CA - G4,O=GeoTrust Inc.,C=US
} [data not shown]
  % Total    % Received % Xferd  Average Speed   Time    Time     Time  Current
                                 Dload  Upload   Total   Spent    Left  Speed
  0 43.5M    0     0    0 16384      0   2523  5:01:54  0:00:06  5:01:48  2523  0 43.5M    0     0    0 32768      0   5003  2:32:15  0:00:06  2:32:09  280k  5 43.5M    0     0    5 2480k      0   330k  0:02:15  0:00:07  0:02:08 2425k 46 43.5M    0     0   46 20.1M      0  2422k  0:00:18  0:00:08  0:00:10  9.9M 95 43.5M    0     0   95 41.5M      0  4477k  0:00:09  0:00:09 --:--:-- 13.7M* Remembering we are in dir "MODEL_DATA/PWR_TRU_MOX_PSPEC/1000/"
100 43.5M    0     0  100 43.5M      0  4220k  0:00:10  0:00:10 --:--:-- 10.6M< 226 Transfer complete.
100 43.5M    0     0  100 43.5M      0  4035k  0:00:11  0:00:11 --:--:-- 9886k* Connection #0 to host ftp.box.com left intact

> QUIT
< 221 Goodbye.
* Closing connection #0
