ERROR in MURE::BuildXSDIR()
	 Some nuclei have troubles, see transcript U5_0.95_8_80_P6_0.49_8_1.2_9_13_0_2.7_1_0.43_2_1_A1_0.3_P_30/inp000.err for more details.
ERROR in MURE::BuildMCNPFile
	 Some nuclei have troubles, see transcript U5_0.95_8_80_P6_0.49_8_1.2_9_13_0_2.7_1_0.43_2_1_A1_0.3_P_30/inp000.err for more details.
ERROR in MURE::WriteMaterial(ostream &Out)
	 Some nuclei have troubles, see transcript U5_0.95_8_80_P6_0.49_8_1.2_9_13_0_2.7_1_0.43_2_1_A1_0.3_P_30/inp000.err for more details.
ERROR in MURE::BuildMCNPFile
	 Some nuclei have troubles, see transcript U5_0.95_8_80_P6_0.49_8_1.2_9_13_0_2.7_1_0.43_2_1_A1_0.3_P_30/inp001.err for more details.
ERROR in MURE::WriteMaterial(ostream &Out)
	 Some nuclei have troubles, see transcript U5_0.95_8_80_P6_0.49_8_1.2_9_13_0_2.7_1_0.43_2_1_A1_0.3_P_30/inp001.err for more details.
ERROR in MURE::BuildMCNPFile
	 Some nuclei have troubles, see transcript U5_0.95_8_80_P6_0.49_8_1.2_9_13_0_2.7_1_0.43_2_1_A1_0.3_P_30/inp002.err for more details.
ERROR in MURE::WriteMaterial(ostream &Out)
	 Some nuclei have troubles, see transcript U5_0.95_8_80_P6_0.49_8_1.2_9_13_0_2.7_1_0.43_2_1_A1_0.3_P_30/inp002.err for more details.
ERROR in MURE::BuildMCNPFile
	 Some nuclei have troubles, see transcript U5_0.95_8_80_P6_0.49_8_1.2_9_13_0_2.7_1_0.43_2_1_A1_0.3_P_30/inp003.err for more details.
ERROR in MURE::WriteMaterial(ostream &Out)
	 Some nuclei have troubles, see transcript U5_0.95_8_80_P6_0.49_8_1.2_9_13_0_2.7_1_0.43_2_1_A1_0.3_P_30/inp003.err for more details.
ERROR in MURE::BuildMCNPFile
	 Some nuclei have troubles, see transcript U5_0.95_8_80_P6_0.49_8_1.2_9_13_0_2.7_1_0.43_2_1_A1_0.3_P_30/inp004.err for more details.
ERROR in MURE::WriteMaterial(ostream &Out)
	 Some nuclei have troubles, see transcript U5_0.95_8_80_P6_0.49_8_1.2_9_13_0_2.7_1_0.43_2_1_A1_0.3_P_30/inp004.err for more details.
ERROR in MURE::BuildMCNPFile
	 Some nuclei have troubles, see transcript U5_0.95_8_80_P6_0.49_8_1.2_9_13_0_2.7_1_0.43_2_1_A1_0.3_P_30/inp005.err for more details.
ERROR in MURE::WriteMaterial(ostream &Out)
	 Some nuclei have troubles, see transcript U5_0.95_8_80_P6_0.49_8_1.2_9_13_0_2.7_1_0.43_2_1_A1_0.3_P_30/inp005.err for more details.
ERROR in MURE::BuildMCNPFile
	 Some nuclei have troubles, see transcript U5_0.95_8_80_P6_0.49_8_1.2_9_13_0_2.7_1_0.43_2_1_A1_0.3_P_30/inp006.err for more details.
ERROR in MURE::WriteMaterial(ostream &Out)
	 Some nuclei have troubles, see transcript U5_0.95_8_80_P6_0.49_8_1.2_9_13_0_2.7_1_0.43_2_1_A1_0.3_P_30/inp006.err for more details.
ERROR in MURE::BuildMCNPFile
	 Some nuclei have troubles, see transcript U5_0.95_8_80_P6_0.49_8_1.2_9_13_0_2.7_1_0.43_2_1_A1_0.3_P_30/inp007.err for more details.
ERROR in MURE::WriteMaterial(ostream &Out)
	 Some nuclei have troubles, see transcript U5_0.95_8_80_P6_0.49_8_1.2_9_13_0_2.7_1_0.43_2_1_A1_0.3_P_30/inp007.err for more details.
ERROR in MURE::BuildMCNPFile
	 Some nuclei have troubles, see transcript U5_0.95_8_80_P6_0.49_8_1.2_9_13_0_2.7_1_0.43_2_1_A1_0.3_P_30/inp008.err for more details.
ERROR in MURE::WriteMaterial(ostream &Out)
	 Some nuclei have troubles, see transcript U5_0.95_8_80_P6_0.49_8_1.2_9_13_0_2.7_1_0.43_2_1_A1_0.3_P_30/inp008.err for more details.
ERROR in MURE::BuildMCNPFile
	 Some nuclei have troubles, see transcript U5_0.95_8_80_P6_0.49_8_1.2_9_13_0_2.7_1_0.43_2_1_A1_0.3_P_30/inp009.err for more details.
ERROR in MURE::WriteMaterial(ostream &Out)
	 Some nuclei have troubles, see transcript U5_0.95_8_80_P6_0.49_8_1.2_9_13_0_2.7_1_0.43_2_1_A1_0.3_P_30/inp009.err for more details.
ERROR in MURE::BuildMCNPFile
	 Some nuclei have troubles, see transcript U5_0.95_8_80_P6_0.49_8_1.2_9_13_0_2.7_1_0.43_2_1_A1_0.3_P_30/inp010.err for more details.
ERROR in MURE::WriteMaterial(ostream &Out)
	 Some nuclei have troubles, see transcript U5_0.95_8_80_P6_0.49_8_1.2_9_13_0_2.7_1_0.43_2_1_A1_0.3_P_30/inp010.err for more details.
ERROR in MURE::BuildMCNPFile
	 Some nuclei have troubles, see transcript U5_0.95_8_80_P6_0.49_8_1.2_9_13_0_2.7_1_0.43_2_1_A1_0.3_P_30/inp011.err for more details.
ERROR in MURE::WriteMaterial(ostream &Out)
	 Some nuclei have troubles, see transcript U5_0.95_8_80_P6_0.49_8_1.2_9_13_0_2.7_1_0.43_2_1_A1_0.3_P_30/inp011.err for more details.
ERROR in MURE::BuildMCNPFile
	 Some nuclei have troubles, see transcript U5_0.95_8_80_P6_0.49_8_1.2_9_13_0_2.7_1_0.43_2_1_A1_0.3_P_30/inp012.err for more details.
ERROR in MURE::WriteMaterial(ostream &Out)
	 Some nuclei have troubles, see transcript U5_0.95_8_80_P6_0.49_8_1.2_9_13_0_2.7_1_0.43_2_1_A1_0.3_P_30/inp012.err for more details.
ERROR in MURE::BuildMCNPFile
	 Some nuclei have troubles, see transcript U5_0.95_8_80_P6_0.49_8_1.2_9_13_0_2.7_1_0.43_2_1_A1_0.3_P_30/inp013.err for more details.
ERROR in MURE::WriteMaterial(ostream &Out)
	 Some nuclei have troubles, see transcript U5_0.95_8_80_P6_0.49_8_1.2_9_13_0_2.7_1_0.43_2_1_A1_0.3_P_30/inp013.err for more details.
ERROR in MURE::BuildMCNPFile
	 Some nuclei have troubles, see transcript U5_0.95_8_80_P6_0.49_8_1.2_9_13_0_2.7_1_0.43_2_1_A1_0.3_P_30/inp014.err for more details.
ERROR in MURE::WriteMaterial(ostream &Out)
	 Some nuclei have troubles, see transcript U5_0.95_8_80_P6_0.49_8_1.2_9_13_0_2.7_1_0.43_2_1_A1_0.3_P_30/inp014.err for more details.
ERROR in MURE::BuildMCNPFile
	 Some nuclei have troubles, see transcript U5_0.95_8_80_P6_0.49_8_1.2_9_13_0_2.7_1_0.43_2_1_A1_0.3_P_30/inp015.err for more details.
ERROR in MURE::WriteMaterial(ostream &Out)
	 Some nuclei have troubles, see transcript U5_0.95_8_80_P6_0.49_8_1.2_9_13_0_2.7_1_0.43_2_1_A1_0.3_P_30/inp015.err for more details.
ERROR in MURE::BuildMCNPFile
	 Some nuclei have troubles, see transcript U5_0.95_8_80_P6_0.49_8_1.2_9_13_0_2.7_1_0.43_2_1_A1_0.3_P_30/inp016.err for more details.
ERROR in MURE::WriteMaterial(ostream &Out)
	 Some nuclei have troubles, see transcript U5_0.95_8_80_P6_0.49_8_1.2_9_13_0_2.7_1_0.43_2_1_A1_0.3_P_30/inp016.err for more details.
ERROR in MURE::BuildMCNPFile
	 Some nuclei have troubles, see transcript U5_0.95_8_80_P6_0.49_8_1.2_9_13_0_2.7_1_0.43_2_1_A1_0.3_P_30/inp017.err for more details.
ERROR in MURE::WriteMaterial(ostream &Out)
	 Some nuclei have troubles, see transcript U5_0.95_8_80_P6_0.49_8_1.2_9_13_0_2.7_1_0.43_2_1_A1_0.3_P_30/inp017.err for more details.
ERROR in MURE::BuildMCNPFile
	 Some nuclei have troubles, see transcript U5_0.95_8_80_P6_0.49_8_1.2_9_13_0_2.7_1_0.43_2_1_A1_0.3_P_30/inp018.err for more details.
ERROR in MURE::WriteMaterial(ostream &Out)
	 Some nuclei have troubles, see transcript U5_0.95_8_80_P6_0.49_8_1.2_9_13_0_2.7_1_0.43_2_1_A1_0.3_P_30/inp018.err for more details.
ERROR in MURE::BuildMCNPFile
	 Some nuclei have troubles, see transcript U5_0.95_8_80_P6_0.49_8_1.2_9_13_0_2.7_1_0.43_2_1_A1_0.3_P_30/inp019.err for more details.
ERROR in MURE::WriteMaterial(ostream &Out)
	 Some nuclei have troubles, see transcript U5_0.95_8_80_P6_0.49_8_1.2_9_13_0_2.7_1_0.43_2_1_A1_0.3_P_30/inp019.err for more details.
ERROR in MURE::BuildMCNPFile
	 Some nuclei have troubles, see transcript U5_0.95_8_80_P6_0.49_8_1.2_9_13_0_2.7_1_0.43_2_1_A1_0.3_P_30/inp020.err for more details.
ERROR in MURE::WriteMaterial(ostream &Out)
	 Some nuclei have troubles, see transcript U5_0.95_8_80_P6_0.49_8_1.2_9_13_0_2.7_1_0.43_2_1_A1_0.3_P_30/inp020.err for more details.
ERROR in MURE::BuildMCNPFile
	 Some nuclei have troubles, see transcript U5_0.95_8_80_P6_0.49_8_1.2_9_13_0_2.7_1_0.43_2_1_A1_0.3_P_30/inp021.err for more details.
ERROR in MURE::WriteMaterial(ostream &Out)
	 Some nuclei have troubles, see transcript U5_0.95_8_80_P6_0.49_8_1.2_9_13_0_2.7_1_0.43_2_1_A1_0.3_P_30/inp021.err for more details.
ERROR in MURE::BuildMCNPFile
	 Some nuclei have troubles, see transcript U5_0.95_8_80_P6_0.49_8_1.2_9_13_0_2.7_1_0.43_2_1_A1_0.3_P_30/inp022.err for more details.
ERROR in MURE::WriteMaterial(ostream &Out)
	 Some nuclei have troubles, see transcript U5_0.95_8_80_P6_0.49_8_1.2_9_13_0_2.7_1_0.43_2_1_A1_0.3_P_30/inp022.err for more details.
ERROR in MURE::BuildMCNPFile
	 Some nuclei have troubles, see transcript U5_0.95_8_80_P6_0.49_8_1.2_9_13_0_2.7_1_0.43_2_1_A1_0.3_P_30/inp023.err for more details.
ERROR in MURE::WriteMaterial(ostream &Out)
	 Some nuclei have troubles, see transcript U5_0.95_8_80_P6_0.49_8_1.2_9_13_0_2.7_1_0.43_2_1_A1_0.3_P_30/inp023.err for more details.
ERROR in MURE::BuildMCNPFile
	 Some nuclei have troubles, see transcript U5_0.95_8_80_P6_0.49_8_1.2_9_13_0_2.7_1_0.43_2_1_A1_0.3_P_30/inp024.err for more details.
ERROR in MURE::WriteMaterial(ostream &Out)
	 Some nuclei have troubles, see transcript U5_0.95_8_80_P6_0.49_8_1.2_9_13_0_2.7_1_0.43_2_1_A1_0.3_P_30/inp024.err for more details.
ERROR in MURE::BuildMCNPFile
	 Some nuclei have troubles, see transcript U5_0.95_8_80_P6_0.49_8_1.2_9_13_0_2.7_1_0.43_2_1_A1_0.3_P_30/inp025.err for more details.
ERROR in MURE::WriteMaterial(ostream &Out)
	 Some nuclei have troubles, see transcript U5_0.95_8_80_P6_0.49_8_1.2_9_13_0_2.7_1_0.43_2_1_A1_0.3_P_30/inp025.err for more details.
ERROR in MURE::BuildMCNPFile
	 Some nuclei have troubles, see transcript U5_0.95_8_80_P6_0.49_8_1.2_9_13_0_2.7_1_0.43_2_1_A1_0.3_P_30/inp026.err for more details.
ERROR in MURE::WriteMaterial(ostream &Out)
	 Some nuclei have troubles, see transcript U5_0.95_8_80_P6_0.49_8_1.2_9_13_0_2.7_1_0.43_2_1_A1_0.3_P_30/inp026.err for more details.
ERROR in MURE::BuildMCNPFile
	 Some nuclei have troubles, see transcript U5_0.95_8_80_P6_0.49_8_1.2_9_13_0_2.7_1_0.43_2_1_A1_0.3_P_30/inp027.err for more details.
ERROR in MURE::WriteMaterial(ostream &Out)
	 Some nuclei have troubles, see transcript U5_0.95_8_80_P6_0.49_8_1.2_9_13_0_2.7_1_0.43_2_1_A1_0.3_P_30/inp027.err for more details.
ERROR in MURE::BuildMCNPFile
	 Some nuclei have troubles, see transcript U5_0.95_8_80_P6_0.49_8_1.2_9_13_0_2.7_1_0.43_2_1_A1_0.3_P_30/inp028.err for more details.
ERROR in MURE::WriteMaterial(ostream &Out)
	 Some nuclei have troubles, see transcript U5_0.95_8_80_P6_0.49_8_1.2_9_13_0_2.7_1_0.43_2_1_A1_0.3_P_30/inp028.err for more details.
ERROR in MURE::BuildMCNPFile
	 Some nuclei have troubles, see transcript U5_0.95_8_80_P6_0.49_8_1.2_9_13_0_2.7_1_0.43_2_1_A1_0.3_P_30/inp029.err for more details.
ERROR in MURE::WriteMaterial(ostream &Out)
	 Some nuclei have troubles, see transcript U5_0.95_8_80_P6_0.49_8_1.2_9_13_0_2.7_1_0.43_2_1_A1_0.3_P_30/inp029.err for more details.
ERROR in MURE::BuildMCNPFile
	 Some nuclei have troubles, see transcript U5_0.95_8_80_P6_0.49_8_1.2_9_13_0_2.7_1_0.43_2_1_A1_0.3_P_30/inp030.err for more details.
ERROR in MURE::WriteMaterial(ostream &Out)
	 Some nuclei have troubles, see transcript U5_0.95_8_80_P6_0.49_8_1.2_9_13_0_2.7_1_0.43_2_1_A1_0.3_P_30/inp030.err for more details.
ERROR in MURE::BuildMCNPFile
	 Some nuclei have troubles, see transcript U5_0.95_8_80_P6_0.49_8_1.2_9_13_0_2.7_1_0.43_2_1_A1_0.3_P_30/inp031.err for more details.
ERROR in MURE::WriteMaterial(ostream &Out)
	 Some nuclei have troubles, see transcript U5_0.95_8_80_P6_0.49_8_1.2_9_13_0_2.7_1_0.43_2_1_A1_0.3_P_30/inp031.err for more details.
ERROR in MURE::BuildMCNPFile
	 Some nuclei have troubles, see transcript U5_0.95_8_80_P6_0.49_8_1.2_9_13_0_2.7_1_0.43_2_1_A1_0.3_P_30/inp032.err for more details.
ERROR in MURE::WriteMaterial(ostream &Out)
	 Some nuclei have troubles, see transcript U5_0.95_8_80_P6_0.49_8_1.2_9_13_0_2.7_1_0.43_2_1_A1_0.3_P_30/inp032.err for more details.
ERROR in MURE::BuildMCNPFile
	 Some nuclei have troubles, see transcript U5_0.95_8_80_P6_0.49_8_1.2_9_13_0_2.7_1_0.43_2_1_A1_0.3_P_30/inp033.err for more details.
ERROR in MURE::WriteMaterial(ostream &Out)
	 Some nuclei have troubles, see transcript U5_0.95_8_80_P6_0.49_8_1.2_9_13_0_2.7_1_0.43_2_1_A1_0.3_P_30/inp033.err for more details.
ERROR in MURE::BuildMCNPFile
	 Some nuclei have troubles, see transcript U5_0.95_8_80_P6_0.49_8_1.2_9_13_0_2.7_1_0.43_2_1_A1_0.3_P_30/inp034.err for more details.
ERROR in MURE::WriteMaterial(ostream &Out)
	 Some nuclei have troubles, see transcript U5_0.95_8_80_P6_0.49_8_1.2_9_13_0_2.7_1_0.43_2_1_A1_0.3_P_30/inp034.err for more details.
ERROR in MURE::BuildMCNPFile
	 Some nuclei have troubles, see transcript U5_0.95_8_80_P6_0.49_8_1.2_9_13_0_2.7_1_0.43_2_1_A1_0.3_P_30/inp035.err for more details.
ERROR in MURE::WriteMaterial(ostream &Out)
	 Some nuclei have troubles, see transcript U5_0.95_8_80_P6_0.49_8_1.2_9_13_0_2.7_1_0.43_2_1_A1_0.3_P_30/inp035.err for more details.
ERROR in MURE::BuildMCNPFile
	 Some nuclei have troubles, see transcript U5_0.95_8_80_P6_0.49_8_1.2_9_13_0_2.7_1_0.43_2_1_A1_0.3_P_30/inp036.err for more details.
ERROR in MURE::WriteMaterial(ostream &Out)
	 Some nuclei have troubles, see transcript U5_0.95_8_80_P6_0.49_8_1.2_9_13_0_2.7_1_0.43_2_1_A1_0.3_P_30/inp036.err for more details.
ERROR in MURE::BuildMCNPFile
	 Some nuclei have troubles, see transcript U5_0.95_8_80_P6_0.49_8_1.2_9_13_0_2.7_1_0.43_2_1_A1_0.3_P_30/inp037.err for more details.
ERROR in MURE::WriteMaterial(ostream &Out)
	 Some nuclei have troubles, see transcript U5_0.95_8_80_P6_0.49_8_1.2_9_13_0_2.7_1_0.43_2_1_A1_0.3_P_30/inp037.err for more details.
ERROR in MURE::BuildMCNPFile
	 Some nuclei have troubles, see transcript U5_0.95_8_80_P6_0.49_8_1.2_9_13_0_2.7_1_0.43_2_1_A1_0.3_P_30/inp038.err for more details.
ERROR in MURE::WriteMaterial(ostream &Out)
	 Some nuclei have troubles, see transcript U5_0.95_8_80_P6_0.49_8_1.2_9_13_0_2.7_1_0.43_2_1_A1_0.3_P_30/inp038.err for more details.
ERROR in MURE::BuildMCNPFile
	 Some nuclei have troubles, see transcript U5_0.95_8_80_P6_0.49_8_1.2_9_13_0_2.7_1_0.43_2_1_A1_0.3_P_30/inp039.err for more details.
ERROR in MURE::WriteMaterial(ostream &Out)
	 Some nuclei have troubles, see transcript U5_0.95_8_80_P6_0.49_8_1.2_9_13_0_2.7_1_0.43_2_1_A1_0.3_P_30/inp039.err for more details.
ERROR in MURE::BuildMCNPFile
	 Some nuclei have troubles, see transcript U5_0.95_8_80_P6_0.49_8_1.2_9_13_0_2.7_1_0.43_2_1_A1_0.3_P_30/inp040.err for more details.
ERROR in MURE::WriteMaterial(ostream &Out)
	 Some nuclei have troubles, see transcript U5_0.95_8_80_P6_0.49_8_1.2_9_13_0_2.7_1_0.43_2_1_A1_0.3_P_30/inp040.err for more details.
ERROR in MURE::BuildMCNPFile
	 Some nuclei have troubles, see transcript U5_0.95_8_80_P6_0.49_8_1.2_9_13_0_2.7_1_0.43_2_1_A1_0.3_P_30/inp041.err for more details.
ERROR in MURE::WriteMaterial(ostream &Out)
	 Some nuclei have troubles, see transcript U5_0.95_8_80_P6_0.49_8_1.2_9_13_0_2.7_1_0.43_2_1_A1_0.3_P_30/inp041.err for more details.
ERROR in MURE::BuildMCNPFile
	 Some nuclei have troubles, see transcript U5_0.95_8_80_P6_0.49_8_1.2_9_13_0_2.7_1_0.43_2_1_A1_0.3_P_30/inp042.err for more details.
ERROR in MURE::WriteMaterial(ostream &Out)
	 Some nuclei have troubles, see transcript U5_0.95_8_80_P6_0.49_8_1.2_9_13_0_2.7_1_0.43_2_1_A1_0.3_P_30/inp042.err for more details.
ERROR in MURE::BuildMCNPFile
	 Some nuclei have troubles, see transcript U5_0.95_8_80_P6_0.49_8_1.2_9_13_0_2.7_1_0.43_2_1_A1_0.3_P_30/inp043.err for more details.
ERROR in MURE::WriteMaterial(ostream &Out)
	 Some nuclei have troubles, see transcript U5_0.95_8_80_P6_0.49_8_1.2_9_13_0_2.7_1_0.43_2_1_A1_0.3_P_30/inp043.err for more details.
ERROR in MURE::BuildMCNPFile
	 Some nuclei have troubles, see transcript U5_0.95_8_80_P6_0.49_8_1.2_9_13_0_2.7_1_0.43_2_1_A1_0.3_P_30/inp044.err for more details.
ERROR in MURE::WriteMaterial(ostream &Out)
	 Some nuclei have troubles, see transcript U5_0.95_8_80_P6_0.49_8_1.2_9_13_0_2.7_1_0.43_2_1_A1_0.3_P_30/inp044.err for more details.
ERROR in MURE::BuildMCNPFile
	 Some nuclei have troubles, see transcript U5_0.95_8_80_P6_0.49_8_1.2_9_13_0_2.7_1_0.43_2_1_A1_0.3_P_30/inp045.err for more details.
ERROR in MURE::WriteMaterial(ostream &Out)
	 Some nuclei have troubles, see transcript U5_0.95_8_80_P6_0.49_8_1.2_9_13_0_2.7_1_0.43_2_1_A1_0.3_P_30/inp045.err for more details.
ERROR in MURE::BuildMCNPFile
	 Some nuclei have troubles, see transcript U5_0.95_8_80_P6_0.49_8_1.2_9_13_0_2.7_1_0.43_2_1_A1_0.3_P_30/inp046.err for more details.
ERROR in MURE::WriteMaterial(ostream &Out)
	 Some nuclei have troubles, see transcript U5_0.95_8_80_P6_0.49_8_1.2_9_13_0_2.7_1_0.43_2_1_A1_0.3_P_30/inp046.err for more details.
ERROR in MURE::BuildMCNPFile
	 Some nuclei have troubles, see transcript U5_0.95_8_80_P6_0.49_8_1.2_9_13_0_2.7_1_0.43_2_1_A1_0.3_P_30/inp047.err for more details.
ERROR in MURE::WriteMaterial(ostream &Out)
	 Some nuclei have troubles, see transcript U5_0.95_8_80_P6_0.49_8_1.2_9_13_0_2.7_1_0.43_2_1_A1_0.3_P_30/inp047.err for more details.
ERROR in MURE::BuildMCNPFile
	 Some nuclei have troubles, see transcript U5_0.95_8_80_P6_0.49_8_1.2_9_13_0_2.7_1_0.43_2_1_A1_0.3_P_30/inp048.err for more details.
ERROR in MURE::WriteMaterial(ostream &Out)
	 Some nuclei have troubles, see transcript U5_0.95_8_80_P6_0.49_8_1.2_9_13_0_2.7_1_0.43_2_1_A1_0.3_P_30/inp048.err for more details.
ERROR in MURE::BuildMCNPFile
	 Some nuclei have troubles, see transcript U5_0.95_8_80_P6_0.49_8_1.2_9_13_0_2.7_1_0.43_2_1_A1_0.3_P_30/inp049.err for more details.
ERROR in MURE::WriteMaterial(ostream &Out)
	 Some nuclei have troubles, see transcript U5_0.95_8_80_P6_0.49_8_1.2_9_13_0_2.7_1_0.43_2_1_A1_0.3_P_30/inp049.err for more details.
ERROR in MURE::BuildMCNPFile
	 Some nuclei have troubles, see transcript U5_0.95_8_80_P6_0.49_8_1.2_9_13_0_2.7_1_0.43_2_1_A1_0.3_P_30/inp050.err for more details.
ERROR in MURE::WriteMaterial(ostream &Out)
	 Some nuclei have troubles, see transcript U5_0.95_8_80_P6_0.49_8_1.2_9_13_0_2.7_1_0.43_2_1_A1_0.3_P_30/inp050.err for more details.
ERROR in MURE::BuildMCNPFile
	 Some nuclei have troubles, see transcript U5_0.95_8_80_P6_0.49_8_1.2_9_13_0_2.7_1_0.43_2_1_A1_0.3_P_30/inp051.err for more details.
ERROR in MURE::WriteMaterial(ostream &Out)
	 Some nuclei have troubles, see transcript U5_0.95_8_80_P6_0.49_8_1.2_9_13_0_2.7_1_0.43_2_1_A1_0.3_P_30/inp051.err for more details.
ERROR in MURE::BuildMCNPFile
	 Some nuclei have troubles, see transcript U5_0.95_8_80_P6_0.49_8_1.2_9_13_0_2.7_1_0.43_2_1_A1_0.3_P_30/inp052.err for more details.
ERROR in MURE::WriteMaterial(ostream &Out)
	 Some nuclei have troubles, see transcript U5_0.95_8_80_P6_0.49_8_1.2_9_13_0_2.7_1_0.43_2_1_A1_0.3_P_30/inp052.err for more details.
ERROR in MURE::BuildMCNPFile
	 Some nuclei have troubles, see transcript U5_0.95_8_80_P6_0.49_8_1.2_9_13_0_2.7_1_0.43_2_1_A1_0.3_P_30/inp053.err for more details.
ERROR in MURE::WriteMaterial(ostream &Out)
	 Some nuclei have troubles, see transcript U5_0.95_8_80_P6_0.49_8_1.2_9_13_0_2.7_1_0.43_2_1_A1_0.3_P_30/inp053.err for more details.
ERROR in MURE::BuildMCNPFile
	 Some nuclei have troubles, see transcript U5_0.95_8_80_P6_0.49_8_1.2_9_13_0_2.7_1_0.43_2_1_A1_0.3_P_30/inp054.err for more details.
ERROR in MURE::WriteMaterial(ostream &Out)
	 Some nuclei have troubles, see transcript U5_0.95_8_80_P6_0.49_8_1.2_9_13_0_2.7_1_0.43_2_1_A1_0.3_P_30/inp054.err for more details.
ERROR in MURE::BuildMCNPFile
	 Some nuclei have troubles, see transcript U5_0.95_8_80_P6_0.49_8_1.2_9_13_0_2.7_1_0.43_2_1_A1_0.3_P_30/inp055.err for more details.
ERROR in MURE::WriteMaterial(ostream &Out)
	 Some nuclei have troubles, see transcript U5_0.95_8_80_P6_0.49_8_1.2_9_13_0_2.7_1_0.43_2_1_A1_0.3_P_30/inp055.err for more details.
ERROR in MURE::BuildMCNPFile
	 Some nuclei have troubles, see transcript U5_0.95_8_80_P6_0.49_8_1.2_9_13_0_2.7_1_0.43_2_1_A1_0.3_P_30/inp056.err for more details.
ERROR in MURE::WriteMaterial(ostream &Out)
	 Some nuclei have troubles, see transcript U5_0.95_8_80_P6_0.49_8_1.2_9_13_0_2.7_1_0.43_2_1_A1_0.3_P_30/inp056.err for more details.
ERROR in MURE::BuildMCNPFile
	 Some nuclei have troubles, see transcript U5_0.95_8_80_P6_0.49_8_1.2_9_13_0_2.7_1_0.43_2_1_A1_0.3_P_30/inp057.err for more details.
ERROR in MURE::WriteMaterial(ostream &Out)
	 Some nuclei have troubles, see transcript U5_0.95_8_80_P6_0.49_8_1.2_9_13_0_2.7_1_0.43_2_1_A1_0.3_P_30/inp057.err for more details.
ERROR in MURE::BuildMCNPFile
	 Some nuclei have troubles, see transcript U5_0.95_8_80_P6_0.49_8_1.2_9_13_0_2.7_1_0.43_2_1_A1_0.3_P_30/inp058.err for more details.
ERROR in MURE::WriteMaterial(ostream &Out)
	 Some nuclei have troubles, see transcript U5_0.95_8_80_P6_0.49_8_1.2_9_13_0_2.7_1_0.43_2_1_A1_0.3_P_30/inp058.err for more details.
ERROR in MURE::BuildMCNPFile
	 Some nuclei have troubles, see transcript U5_0.95_8_80_P6_0.49_8_1.2_9_13_0_2.7_1_0.43_2_1_A1_0.3_P_30/inp059.err for more details.
ERROR in MURE::WriteMaterial(ostream &Out)
	 Some nuclei have troubles, see transcript U5_0.95_8_80_P6_0.49_8_1.2_9_13_0_2.7_1_0.43_2_1_A1_0.3_P_30/inp059.err for more details.
ERROR in MURE::BuildMCNPFile
	 Some nuclei have troubles, see transcript U5_0.95_8_80_P6_0.49_8_1.2_9_13_0_2.7_1_0.43_2_1_A1_0.3_P_30/inp060.err for more details.
ERROR in MURE::WriteMaterial(ostream &Out)
	 Some nuclei have troubles, see transcript U5_0.95_8_80_P6_0.49_8_1.2_9_13_0_2.7_1_0.43_2_1_A1_0.3_P_30/inp060.err for more details.
ERROR in MURE::BuildMCNPFile
	 Some nuclei have troubles, see transcript U5_0.95_8_80_P6_0.49_8_1.2_9_13_0_2.7_1_0.43_2_1_A1_0.3_P_30/inp061.err for more details.
ERROR in MURE::WriteMaterial(ostream &Out)
	 Some nuclei have troubles, see transcript U5_0.95_8_80_P6_0.49_8_1.2_9_13_0_2.7_1_0.43_2_1_A1_0.3_P_30/inp061.err for more details.
ERROR in MURE::BuildMCNPFile
	 Some nuclei have troubles, see transcript U5_0.95_8_80_P6_0.49_8_1.2_9_13_0_2.7_1_0.43_2_1_A1_0.3_P_30/inp062.err for more details.
ERROR in MURE::WriteMaterial(ostream &Out)
	 Some nuclei have troubles, see transcript U5_0.95_8_80_P6_0.49_8_1.2_9_13_0_2.7_1_0.43_2_1_A1_0.3_P_30/inp062.err for more details.
ERROR in MURE::BuildMCNPFile
	 Some nuclei have troubles, see transcript U5_0.95_8_80_P6_0.49_8_1.2_9_13_0_2.7_1_0.43_2_1_A1_0.3_P_30/inp063.err for more details.
ERROR in MURE::WriteMaterial(ostream &Out)
	 Some nuclei have troubles, see transcript U5_0.95_8_80_P6_0.49_8_1.2_9_13_0_2.7_1_0.43_2_1_A1_0.3_P_30/inp063.err for more details.
ERROR in MURE::BuildMCNPFile
	 Some nuclei have troubles, see transcript U5_0.95_8_80_P6_0.49_8_1.2_9_13_0_2.7_1_0.43_2_1_A1_0.3_P_30/inp064.err for more details.
ERROR in MURE::WriteMaterial(ostream &Out)
	 Some nuclei have troubles, see transcript U5_0.95_8_80_P6_0.49_8_1.2_9_13_0_2.7_1_0.43_2_1_A1_0.3_P_30/inp064.err for more details.
ERROR in MURE::BuildMCNPFile
	 Some nuclei have troubles, see transcript U5_0.95_8_80_P6_0.49_8_1.2_9_13_0_2.7_1_0.43_2_1_A1_0.3_P_30/inp065.err for more details.
ERROR in MURE::WriteMaterial(ostream &Out)
	 Some nuclei have troubles, see transcript U5_0.95_8_80_P6_0.49_8_1.2_9_13_0_2.7_1_0.43_2_1_A1_0.3_P_30/inp065.err for more details.
ERROR in MURE::BuildMCNPFile
	 Some nuclei have troubles, see transcript U5_0.95_8_80_P6_0.49_8_1.2_9_13_0_2.7_1_0.43_2_1_A1_0.3_P_30/inp066.err for more details.
ERROR in MURE::WriteMaterial(ostream &Out)
	 Some nuclei have troubles, see transcript U5_0.95_8_80_P6_0.49_8_1.2_9_13_0_2.7_1_0.43_2_1_A1_0.3_P_30/inp066.err for more details.
ERROR in MURE::BuildMCNPFile
	 Some nuclei have troubles, see transcript U5_0.95_8_80_P6_0.49_8_1.2_9_13_0_2.7_1_0.43_2_1_A1_0.3_P_30/inp067.err for more details.
ERROR in MURE::WriteMaterial(ostream &Out)
	 Some nuclei have troubles, see transcript U5_0.95_8_80_P6_0.49_8_1.2_9_13_0_2.7_1_0.43_2_1_A1_0.3_P_30/inp067.err for more details.
ERROR in MURE::BuildMCNPFile
	 Some nuclei have troubles, see transcript U5_0.95_8_80_P6_0.49_8_1.2_9_13_0_2.7_1_0.43_2_1_A1_0.3_P_30/inp068.err for more details.
ERROR in MURE::WriteMaterial(ostream &Out)
	 Some nuclei have troubles, see transcript U5_0.95_8_80_P6_0.49_8_1.2_9_13_0_2.7_1_0.43_2_1_A1_0.3_P_30/inp068.err for more details.
ERROR in MURE::BuildMCNPFile
	 Some nuclei have troubles, see transcript U5_0.95_8_80_P6_0.49_8_1.2_9_13_0_2.7_1_0.43_2_1_A1_0.3_P_30/inp069.err for more details.
ERROR in MURE::WriteMaterial(ostream &Out)
	 Some nuclei have troubles, see transcript U5_0.95_8_80_P6_0.49_8_1.2_9_13_0_2.7_1_0.43_2_1_A1_0.3_P_30/inp069.err for more details.
ERROR in MURE::BuildMCNPFile
	 Some nuclei have troubles, see transcript U5_0.95_8_80_P6_0.49_8_1.2_9_13_0_2.7_1_0.43_2_1_A1_0.3_P_30/inp070.err for more details.
ERROR in MURE::WriteMaterial(ostream &Out)
	 Some nuclei have troubles, see transcript U5_0.95_8_80_P6_0.49_8_1.2_9_13_0_2.7_1_0.43_2_1_A1_0.3_P_30/inp070.err for more details.
ERROR in MURE::BuildMCNPFile
	 Some nuclei have troubles, see transcript U5_0.95_8_80_P6_0.49_8_1.2_9_13_0_2.7_1_0.43_2_1_A1_0.3_P_30/inp071.err for more details.
ERROR in MURE::WriteMaterial(ostream &Out)
	 Some nuclei have troubles, see transcript U5_0.95_8_80_P6_0.49_8_1.2_9_13_0_2.7_1_0.43_2_1_A1_0.3_P_30/inp071.err for more details.
ERROR in MURE::BuildMCNPFile
	 Some nuclei have troubles, see transcript U5_0.95_8_80_P6_0.49_8_1.2_9_13_0_2.7_1_0.43_2_1_A1_0.3_P_30/inp072.err for more details.
ERROR in MURE::WriteMaterial(ostream &Out)
	 Some nuclei have troubles, see transcript U5_0.95_8_80_P6_0.49_8_1.2_9_13_0_2.7_1_0.43_2_1_A1_0.3_P_30/inp072.err for more details.
ERROR in MURE::BuildMCNPFile
	 Some nuclei have troubles, see transcript U5_0.95_8_80_P6_0.49_8_1.2_9_13_0_2.7_1_0.43_2_1_A1_0.3_P_30/inp073.err for more details.
ERROR in MURE::WriteMaterial(ostream &Out)
	 Some nuclei have troubles, see transcript U5_0.95_8_80_P6_0.49_8_1.2_9_13_0_2.7_1_0.43_2_1_A1_0.3_P_30/inp073.err for more details.
ERROR in MURE::BuildMCNPFile
	 Some nuclei have troubles, see transcript U5_0.95_8_80_P6_0.49_8_1.2_9_13_0_2.7_1_0.43_2_1_A1_0.3_P_30/inp074.err for more details.
ERROR in MURE::WriteMaterial(ostream &Out)
	 Some nuclei have troubles, see transcript U5_0.95_8_80_P6_0.49_8_1.2_9_13_0_2.7_1_0.43_2_1_A1_0.3_P_30/inp074.err for more details.
ERROR in MURE::BuildMCNPFile
	 Some nuclei have troubles, see transcript U5_0.95_8_80_P6_0.49_8_1.2_9_13_0_2.7_1_0.43_2_1_A1_0.3_P_30/inp075.err for more details.
ERROR in MURE::WriteMaterial(ostream &Out)
	 Some nuclei have troubles, see transcript U5_0.95_8_80_P6_0.49_8_1.2_9_13_0_2.7_1_0.43_2_1_A1_0.3_P_30/inp075.err for more details.
ERROR in MURE::BuildMCNPFile
	 Some nuclei have troubles, see transcript U5_0.95_8_80_P6_0.49_8_1.2_9_13_0_2.7_1_0.43_2_1_A1_0.3_P_30/inp076.err for more details.
ERROR in MURE::WriteMaterial(ostream &Out)
	 Some nuclei have troubles, see transcript U5_0.95_8_80_P6_0.49_8_1.2_9_13_0_2.7_1_0.43_2_1_A1_0.3_P_30/inp076.err for more details.
ERROR in MURE::BuildMCNPFile
	 Some nuclei have troubles, see transcript U5_0.95_8_80_P6_0.49_8_1.2_9_13_0_2.7_1_0.43_2_1_A1_0.3_P_30/inp077.err for more details.
ERROR in MURE::WriteMaterial(ostream &Out)
	 Some nuclei have troubles, see transcript U5_0.95_8_80_P6_0.49_8_1.2_9_13_0_2.7_1_0.43_2_1_A1_0.3_P_30/inp077.err for more details.
ERROR in MURE::BuildMCNPFile
	 Some nuclei have troubles, see transcript U5_0.95_8_80_P6_0.49_8_1.2_9_13_0_2.7_1_0.43_2_1_A1_0.3_P_30/inp078.err for more details.
ERROR in MURE::WriteMaterial(ostream &Out)
	 Some nuclei have troubles, see transcript U5_0.95_8_80_P6_0.49_8_1.2_9_13_0_2.7_1_0.43_2_1_A1_0.3_P_30/inp078.err for more details.
ERROR in MURE::BuildMCNPFile
	 Some nuclei have troubles, see transcript U5_0.95_8_80_P6_0.49_8_1.2_9_13_0_2.7_1_0.43_2_1_A1_0.3_P_30/inp079.err for more details.
ERROR in MURE::WriteMaterial(ostream &Out)
	 Some nuclei have troubles, see transcript U5_0.95_8_80_P6_0.49_8_1.2_9_13_0_2.7_1_0.43_2_1_A1_0.3_P_30/inp079.err for more details.
* About to connect() to ftp.box.com port 21 (#0)
*   Trying 107.152.25.220... connected
* Connected to ftp.box.com (107.152.25.220) port 21 (#0)
< 220 Service ready for new user.
> AUTH SSL
< 234 Command AUTH okay; starting SSL connection.
* Initializing NSS with certpath: sql:/etc/pki/nssdb
*   CAfile: /etc/pki/tls/certs/ca-bundle.crt
  CApath: none
* SSL connection using TLS_RSA_WITH_AES_128_CBC_SHA
* Server certificate:
* 	subject: CN=*.box.com,O="Box, Inc.",L=Los Altos,ST=California,C=US
* 	start date: Nov 13 19:22:20 2014 GMT
* 	expire date: Oct 23 02:42:03 2017 GMT
* 	common name: *.box.com
* 	issuer: CN=GeoTrust SSL CA - G4,O=GeoTrust Inc.,C=US
> USER mouginot@wisc.edu
< 331 User name okay, need password for mouginot@wisc.edu.
> PASS line150782
< 230 User logged in, proceed.
> PBSZ 0
< 200 Command PBSZ okay.
> PROT P
< 200 Command PROT okay.
> PWD
< 257 "/" is current directory.
* Entry path is '/'
> CWD MODEL_DATA
< 250 Directory changed to /MODEL_DATA
> CWD PWR_TRU_MOX_PSPEC
< 250 Directory changed to /MODEL_DATA/PWR_TRU_MOX_PSPEC
> CWD 1000
< 250 Directory changed to /MODEL_DATA/PWR_TRU_MOX_PSPEC/1000
> PASV
* Connect data stream passively
< 227 Entering Passive Mode (107,152,25,220,81,30)
* Skips 107.152.25.220 for data connection, uses 107.152.25.220 instead
*   Trying 107.152.25.220... connected
* Connecting to 107.152.25.220 (107.152.25.220) port 20766
> TYPE I
< 200 Command TYPE okay.
> STOR 19_raw.tar.gz
< 150 File status okay; about to open data connection.
* Doing the SSL/TLS handshake on the data stream
*   CAfile: /etc/pki/tls/certs/ca-bundle.crt
  CApath: none
* SSL connection using TLS_RSA_WITH_AES_128_CBC_SHA
* Server certificate:
* 	subject: CN=*.box.com,O="Box, Inc.",L=Los Altos,ST=California,C=US
* 	start date: Nov 13 19:22:20 2014 GMT
* 	expire date: Oct 23 02:42:03 2017 GMT
* 	common name: *.box.com
* 	issuer: CN=GeoTrust SSL CA - G4,O=GeoTrust Inc.,C=US
} [data not shown]
  % Total    % Received % Xferd  Average Speed   Time    Time     Time  Current
                                 Dload  Upload   Total   Spent    Left  Speed
  0 43.5M    0     0    0 16384      0   3713  3:25:07  0:00:04  3:25:03  3713  1 43.5M    0     0    1  448k      0  93585  0:08:08  0:00:04  0:08:04  879k  3 43.5M    0     0    3 1648k      0   278k  0:02:40  0:00:05  0:02:35 1082k  6 43.5M    0     0    6 2864k      0   411k  0:01:48  0:00:06  0:01:42 1114k  8 43.5M    0     0    8 3952k      0   499k  0:01:29  0:00:07  0:01:22 1126k 11 43.5M    0     0   11 5120k      0   573k  0:01:17  0:00:08  0:01:09 1131k 13 43.5M    0     0   13 6048k      0   607k  0:01:13  0:00:09  0:01:04 1109k 16 43.5M    0     0   16 7248k      0   664k  0:01:07  0:00:10  0:00:57 1121k 19 43.5M    0     0   19 8576k      0   717k  0:01:02  0:00:11  0:00:51 1146k 22 43.5M    0     0   22 9888k      0   764k  0:00:58  0:00:12  0:00:46 1180k 25 43.5M    0     0   25 10.9M      0   804k  0:00:55  0:00:13  0:00:42 1216k 27 43.5M    0     0   27 11.9M      0   817k  0:00:54  0:00:14  0:00:40 1234k 29 43.5M    0     0   29 12.8M      0   824k  0:00:54  0:00:15  0:00:39 1175k 36 43.5M    0     0   36 15.9M      0   964k  0:00:46  0:00:16  0:00:30 1559k 52 43.5M    0     0   52 23.0M      0  1317k  0:00:33  0:00:17  0:00:16 2756k 73 43.5M    0     0   73 31.8M      0  1726k  0:00:25  0:00:18  0:00:07 4300k 91 43.5M    0     0   91 39.8M      0  2050k  0:00:21  0:00:19  0:00:02 5771k* Remembering we are in dir "MODEL_DATA/PWR_TRU_MOX_PSPEC/1000/"
< 226 Transfer complete.
100 43.5M    0     0  100 43.5M      0  2121k  0:00:21  0:00:21 --:--:-- 6135k* Connection #0 to host ftp.box.com left intact

> QUIT
< 221 Goodbye.
* Closing connection #0
