ERROR in MURE::BuildXSDIR()
	 Some nuclei have troubles, see transcript U5_1.1_8_92_P6_0.071_8_0.21_9_2.9_0_1.8_1_0.39_2_1.1_A1_0.034_P_15/inp000.err for more details.
ERROR in MURE::BuildMCNPFile
	 Some nuclei have troubles, see transcript U5_1.1_8_92_P6_0.071_8_0.21_9_2.9_0_1.8_1_0.39_2_1.1_A1_0.034_P_15/inp000.err for more details.
ERROR in MURE::WriteMaterial(ostream &Out)
	 Some nuclei have troubles, see transcript U5_1.1_8_92_P6_0.071_8_0.21_9_2.9_0_1.8_1_0.39_2_1.1_A1_0.034_P_15/inp000.err for more details.
ERROR in MURE::BuildMCNPFile
	 Some nuclei have troubles, see transcript U5_1.1_8_92_P6_0.071_8_0.21_9_2.9_0_1.8_1_0.39_2_1.1_A1_0.034_P_15/inp001.err for more details.
ERROR in MURE::WriteMaterial(ostream &Out)
	 Some nuclei have troubles, see transcript U5_1.1_8_92_P6_0.071_8_0.21_9_2.9_0_1.8_1_0.39_2_1.1_A1_0.034_P_15/inp001.err for more details.
ERROR in MURE::BuildMCNPFile
	 Some nuclei have troubles, see transcript U5_1.1_8_92_P6_0.071_8_0.21_9_2.9_0_1.8_1_0.39_2_1.1_A1_0.034_P_15/inp002.err for more details.
ERROR in MURE::WriteMaterial(ostream &Out)
	 Some nuclei have troubles, see transcript U5_1.1_8_92_P6_0.071_8_0.21_9_2.9_0_1.8_1_0.39_2_1.1_A1_0.034_P_15/inp002.err for more details.
ERROR in MURE::BuildMCNPFile
	 Some nuclei have troubles, see transcript U5_1.1_8_92_P6_0.071_8_0.21_9_2.9_0_1.8_1_0.39_2_1.1_A1_0.034_P_15/inp003.err for more details.
ERROR in MURE::WriteMaterial(ostream &Out)
	 Some nuclei have troubles, see transcript U5_1.1_8_92_P6_0.071_8_0.21_9_2.9_0_1.8_1_0.39_2_1.1_A1_0.034_P_15/inp003.err for more details.
ERROR in MURE::BuildMCNPFile
	 Some nuclei have troubles, see transcript U5_1.1_8_92_P6_0.071_8_0.21_9_2.9_0_1.8_1_0.39_2_1.1_A1_0.034_P_15/inp004.err for more details.
ERROR in MURE::WriteMaterial(ostream &Out)
	 Some nuclei have troubles, see transcript U5_1.1_8_92_P6_0.071_8_0.21_9_2.9_0_1.8_1_0.39_2_1.1_A1_0.034_P_15/inp004.err for more details.
ERROR in MURE::BuildMCNPFile
	 Some nuclei have troubles, see transcript U5_1.1_8_92_P6_0.071_8_0.21_9_2.9_0_1.8_1_0.39_2_1.1_A1_0.034_P_15/inp005.err for more details.
ERROR in MURE::WriteMaterial(ostream &Out)
	 Some nuclei have troubles, see transcript U5_1.1_8_92_P6_0.071_8_0.21_9_2.9_0_1.8_1_0.39_2_1.1_A1_0.034_P_15/inp005.err for more details.
ERROR in MURE::BuildMCNPFile
	 Some nuclei have troubles, see transcript U5_1.1_8_92_P6_0.071_8_0.21_9_2.9_0_1.8_1_0.39_2_1.1_A1_0.034_P_15/inp006.err for more details.
ERROR in MURE::WriteMaterial(ostream &Out)
	 Some nuclei have troubles, see transcript U5_1.1_8_92_P6_0.071_8_0.21_9_2.9_0_1.8_1_0.39_2_1.1_A1_0.034_P_15/inp006.err for more details.
ERROR in MURE::BuildMCNPFile
	 Some nuclei have troubles, see transcript U5_1.1_8_92_P6_0.071_8_0.21_9_2.9_0_1.8_1_0.39_2_1.1_A1_0.034_P_15/inp007.err for more details.
ERROR in MURE::WriteMaterial(ostream &Out)
	 Some nuclei have troubles, see transcript U5_1.1_8_92_P6_0.071_8_0.21_9_2.9_0_1.8_1_0.39_2_1.1_A1_0.034_P_15/inp007.err for more details.
ERROR in MURE::BuildMCNPFile
	 Some nuclei have troubles, see transcript U5_1.1_8_92_P6_0.071_8_0.21_9_2.9_0_1.8_1_0.39_2_1.1_A1_0.034_P_15/inp008.err for more details.
ERROR in MURE::WriteMaterial(ostream &Out)
	 Some nuclei have troubles, see transcript U5_1.1_8_92_P6_0.071_8_0.21_9_2.9_0_1.8_1_0.39_2_1.1_A1_0.034_P_15/inp008.err for more details.
ERROR in MURE::BuildMCNPFile
	 Some nuclei have troubles, see transcript U5_1.1_8_92_P6_0.071_8_0.21_9_2.9_0_1.8_1_0.39_2_1.1_A1_0.034_P_15/inp009.err for more details.
ERROR in MURE::WriteMaterial(ostream &Out)
	 Some nuclei have troubles, see transcript U5_1.1_8_92_P6_0.071_8_0.21_9_2.9_0_1.8_1_0.39_2_1.1_A1_0.034_P_15/inp009.err for more details.
ERROR in MURE::BuildMCNPFile
	 Some nuclei have troubles, see transcript U5_1.1_8_92_P6_0.071_8_0.21_9_2.9_0_1.8_1_0.39_2_1.1_A1_0.034_P_15/inp010.err for more details.
ERROR in MURE::WriteMaterial(ostream &Out)
	 Some nuclei have troubles, see transcript U5_1.1_8_92_P6_0.071_8_0.21_9_2.9_0_1.8_1_0.39_2_1.1_A1_0.034_P_15/inp010.err for more details.
ERROR in MURE::BuildMCNPFile
	 Some nuclei have troubles, see transcript U5_1.1_8_92_P6_0.071_8_0.21_9_2.9_0_1.8_1_0.39_2_1.1_A1_0.034_P_15/inp011.err for more details.
ERROR in MURE::WriteMaterial(ostream &Out)
	 Some nuclei have troubles, see transcript U5_1.1_8_92_P6_0.071_8_0.21_9_2.9_0_1.8_1_0.39_2_1.1_A1_0.034_P_15/inp011.err for more details.
ERROR in MURE::BuildMCNPFile
	 Some nuclei have troubles, see transcript U5_1.1_8_92_P6_0.071_8_0.21_9_2.9_0_1.8_1_0.39_2_1.1_A1_0.034_P_15/inp012.err for more details.
ERROR in MURE::WriteMaterial(ostream &Out)
	 Some nuclei have troubles, see transcript U5_1.1_8_92_P6_0.071_8_0.21_9_2.9_0_1.8_1_0.39_2_1.1_A1_0.034_P_15/inp012.err for more details.
ERROR in MURE::BuildMCNPFile
	 Some nuclei have troubles, see transcript U5_1.1_8_92_P6_0.071_8_0.21_9_2.9_0_1.8_1_0.39_2_1.1_A1_0.034_P_15/inp013.err for more details.
ERROR in MURE::WriteMaterial(ostream &Out)
	 Some nuclei have troubles, see transcript U5_1.1_8_92_P6_0.071_8_0.21_9_2.9_0_1.8_1_0.39_2_1.1_A1_0.034_P_15/inp013.err for more details.
ERROR in MURE::BuildMCNPFile
	 Some nuclei have troubles, see transcript U5_1.1_8_92_P6_0.071_8_0.21_9_2.9_0_1.8_1_0.39_2_1.1_A1_0.034_P_15/inp014.err for more details.
ERROR in MURE::WriteMaterial(ostream &Out)
	 Some nuclei have troubles, see transcript U5_1.1_8_92_P6_0.071_8_0.21_9_2.9_0_1.8_1_0.39_2_1.1_A1_0.034_P_15/inp014.err for more details.
ERROR in MURE::BuildMCNPFile
	 Some nuclei have troubles, see transcript U5_1.1_8_92_P6_0.071_8_0.21_9_2.9_0_1.8_1_0.39_2_1.1_A1_0.034_P_15/inp015.err for more details.
ERROR in MURE::WriteMaterial(ostream &Out)
	 Some nuclei have troubles, see transcript U5_1.1_8_92_P6_0.071_8_0.21_9_2.9_0_1.8_1_0.39_2_1.1_A1_0.034_P_15/inp015.err for more details.
ERROR in MURE::BuildMCNPFile
	 Some nuclei have troubles, see transcript U5_1.1_8_92_P6_0.071_8_0.21_9_2.9_0_1.8_1_0.39_2_1.1_A1_0.034_P_15/inp016.err for more details.
ERROR in MURE::WriteMaterial(ostream &Out)
	 Some nuclei have troubles, see transcript U5_1.1_8_92_P6_0.071_8_0.21_9_2.9_0_1.8_1_0.39_2_1.1_A1_0.034_P_15/inp016.err for more details.
ERROR in MURE::BuildMCNPFile
	 Some nuclei have troubles, see transcript U5_1.1_8_92_P6_0.071_8_0.21_9_2.9_0_1.8_1_0.39_2_1.1_A1_0.034_P_15/inp017.err for more details.
ERROR in MURE::WriteMaterial(ostream &Out)
	 Some nuclei have troubles, see transcript U5_1.1_8_92_P6_0.071_8_0.21_9_2.9_0_1.8_1_0.39_2_1.1_A1_0.034_P_15/inp017.err for more details.
ERROR in MURE::BuildMCNPFile
	 Some nuclei have troubles, see transcript U5_1.1_8_92_P6_0.071_8_0.21_9_2.9_0_1.8_1_0.39_2_1.1_A1_0.034_P_15/inp018.err for more details.
ERROR in MURE::WriteMaterial(ostream &Out)
	 Some nuclei have troubles, see transcript U5_1.1_8_92_P6_0.071_8_0.21_9_2.9_0_1.8_1_0.39_2_1.1_A1_0.034_P_15/inp018.err for more details.
ERROR in MURE::BuildMCNPFile
	 Some nuclei have troubles, see transcript U5_1.1_8_92_P6_0.071_8_0.21_9_2.9_0_1.8_1_0.39_2_1.1_A1_0.034_P_15/inp019.err for more details.
ERROR in MURE::WriteMaterial(ostream &Out)
	 Some nuclei have troubles, see transcript U5_1.1_8_92_P6_0.071_8_0.21_9_2.9_0_1.8_1_0.39_2_1.1_A1_0.034_P_15/inp019.err for more details.
ERROR in MURE::BuildMCNPFile
	 Some nuclei have troubles, see transcript U5_1.1_8_92_P6_0.071_8_0.21_9_2.9_0_1.8_1_0.39_2_1.1_A1_0.034_P_15/inp020.err for more details.
ERROR in MURE::WriteMaterial(ostream &Out)
	 Some nuclei have troubles, see transcript U5_1.1_8_92_P6_0.071_8_0.21_9_2.9_0_1.8_1_0.39_2_1.1_A1_0.034_P_15/inp020.err for more details.
ERROR in MURE::BuildMCNPFile
	 Some nuclei have troubles, see transcript U5_1.1_8_92_P6_0.071_8_0.21_9_2.9_0_1.8_1_0.39_2_1.1_A1_0.034_P_15/inp021.err for more details.
ERROR in MURE::WriteMaterial(ostream &Out)
	 Some nuclei have troubles, see transcript U5_1.1_8_92_P6_0.071_8_0.21_9_2.9_0_1.8_1_0.39_2_1.1_A1_0.034_P_15/inp021.err for more details.
ERROR in MURE::BuildMCNPFile
	 Some nuclei have troubles, see transcript U5_1.1_8_92_P6_0.071_8_0.21_9_2.9_0_1.8_1_0.39_2_1.1_A1_0.034_P_15/inp022.err for more details.
ERROR in MURE::WriteMaterial(ostream &Out)
	 Some nuclei have troubles, see transcript U5_1.1_8_92_P6_0.071_8_0.21_9_2.9_0_1.8_1_0.39_2_1.1_A1_0.034_P_15/inp022.err for more details.
ERROR in MURE::BuildMCNPFile
	 Some nuclei have troubles, see transcript U5_1.1_8_92_P6_0.071_8_0.21_9_2.9_0_1.8_1_0.39_2_1.1_A1_0.034_P_15/inp023.err for more details.
ERROR in MURE::WriteMaterial(ostream &Out)
	 Some nuclei have troubles, see transcript U5_1.1_8_92_P6_0.071_8_0.21_9_2.9_0_1.8_1_0.39_2_1.1_A1_0.034_P_15/inp023.err for more details.
ERROR in MURE::BuildMCNPFile
	 Some nuclei have troubles, see transcript U5_1.1_8_92_P6_0.071_8_0.21_9_2.9_0_1.8_1_0.39_2_1.1_A1_0.034_P_15/inp024.err for more details.
ERROR in MURE::WriteMaterial(ostream &Out)
	 Some nuclei have troubles, see transcript U5_1.1_8_92_P6_0.071_8_0.21_9_2.9_0_1.8_1_0.39_2_1.1_A1_0.034_P_15/inp024.err for more details.
ERROR in MURE::BuildMCNPFile
	 Some nuclei have troubles, see transcript U5_1.1_8_92_P6_0.071_8_0.21_9_2.9_0_1.8_1_0.39_2_1.1_A1_0.034_P_15/inp025.err for more details.
ERROR in MURE::WriteMaterial(ostream &Out)
	 Some nuclei have troubles, see transcript U5_1.1_8_92_P6_0.071_8_0.21_9_2.9_0_1.8_1_0.39_2_1.1_A1_0.034_P_15/inp025.err for more details.
ERROR in MURE::BuildMCNPFile
	 Some nuclei have troubles, see transcript U5_1.1_8_92_P6_0.071_8_0.21_9_2.9_0_1.8_1_0.39_2_1.1_A1_0.034_P_15/inp026.err for more details.
ERROR in MURE::WriteMaterial(ostream &Out)
	 Some nuclei have troubles, see transcript U5_1.1_8_92_P6_0.071_8_0.21_9_2.9_0_1.8_1_0.39_2_1.1_A1_0.034_P_15/inp026.err for more details.
ERROR in MURE::BuildMCNPFile
	 Some nuclei have troubles, see transcript U5_1.1_8_92_P6_0.071_8_0.21_9_2.9_0_1.8_1_0.39_2_1.1_A1_0.034_P_15/inp027.err for more details.
ERROR in MURE::WriteMaterial(ostream &Out)
	 Some nuclei have troubles, see transcript U5_1.1_8_92_P6_0.071_8_0.21_9_2.9_0_1.8_1_0.39_2_1.1_A1_0.034_P_15/inp027.err for more details.
ERROR in MURE::BuildMCNPFile
	 Some nuclei have troubles, see transcript U5_1.1_8_92_P6_0.071_8_0.21_9_2.9_0_1.8_1_0.39_2_1.1_A1_0.034_P_15/inp028.err for more details.
ERROR in MURE::WriteMaterial(ostream &Out)
	 Some nuclei have troubles, see transcript U5_1.1_8_92_P6_0.071_8_0.21_9_2.9_0_1.8_1_0.39_2_1.1_A1_0.034_P_15/inp028.err for more details.
ERROR in MURE::BuildMCNPFile
	 Some nuclei have troubles, see transcript U5_1.1_8_92_P6_0.071_8_0.21_9_2.9_0_1.8_1_0.39_2_1.1_A1_0.034_P_15/inp029.err for more details.
ERROR in MURE::WriteMaterial(ostream &Out)
	 Some nuclei have troubles, see transcript U5_1.1_8_92_P6_0.071_8_0.21_9_2.9_0_1.8_1_0.39_2_1.1_A1_0.034_P_15/inp029.err for more details.
ERROR in MURE::BuildMCNPFile
	 Some nuclei have troubles, see transcript U5_1.1_8_92_P6_0.071_8_0.21_9_2.9_0_1.8_1_0.39_2_1.1_A1_0.034_P_15/inp030.err for more details.
ERROR in MURE::WriteMaterial(ostream &Out)
	 Some nuclei have troubles, see transcript U5_1.1_8_92_P6_0.071_8_0.21_9_2.9_0_1.8_1_0.39_2_1.1_A1_0.034_P_15/inp030.err for more details.
ERROR in MURE::BuildMCNPFile
	 Some nuclei have troubles, see transcript U5_1.1_8_92_P6_0.071_8_0.21_9_2.9_0_1.8_1_0.39_2_1.1_A1_0.034_P_15/inp031.err for more details.
ERROR in MURE::WriteMaterial(ostream &Out)
	 Some nuclei have troubles, see transcript U5_1.1_8_92_P6_0.071_8_0.21_9_2.9_0_1.8_1_0.39_2_1.1_A1_0.034_P_15/inp031.err for more details.
ERROR in MURE::BuildMCNPFile
	 Some nuclei have troubles, see transcript U5_1.1_8_92_P6_0.071_8_0.21_9_2.9_0_1.8_1_0.39_2_1.1_A1_0.034_P_15/inp032.err for more details.
ERROR in MURE::WriteMaterial(ostream &Out)
	 Some nuclei have troubles, see transcript U5_1.1_8_92_P6_0.071_8_0.21_9_2.9_0_1.8_1_0.39_2_1.1_A1_0.034_P_15/inp032.err for more details.
ERROR in MURE::BuildMCNPFile
	 Some nuclei have troubles, see transcript U5_1.1_8_92_P6_0.071_8_0.21_9_2.9_0_1.8_1_0.39_2_1.1_A1_0.034_P_15/inp033.err for more details.
ERROR in MURE::WriteMaterial(ostream &Out)
	 Some nuclei have troubles, see transcript U5_1.1_8_92_P6_0.071_8_0.21_9_2.9_0_1.8_1_0.39_2_1.1_A1_0.034_P_15/inp033.err for more details.
ERROR in MURE::BuildMCNPFile
	 Some nuclei have troubles, see transcript U5_1.1_8_92_P6_0.071_8_0.21_9_2.9_0_1.8_1_0.39_2_1.1_A1_0.034_P_15/inp034.err for more details.
ERROR in MURE::WriteMaterial(ostream &Out)
	 Some nuclei have troubles, see transcript U5_1.1_8_92_P6_0.071_8_0.21_9_2.9_0_1.8_1_0.39_2_1.1_A1_0.034_P_15/inp034.err for more details.
ERROR in MURE::BuildMCNPFile
	 Some nuclei have troubles, see transcript U5_1.1_8_92_P6_0.071_8_0.21_9_2.9_0_1.8_1_0.39_2_1.1_A1_0.034_P_15/inp035.err for more details.
ERROR in MURE::WriteMaterial(ostream &Out)
	 Some nuclei have troubles, see transcript U5_1.1_8_92_P6_0.071_8_0.21_9_2.9_0_1.8_1_0.39_2_1.1_A1_0.034_P_15/inp035.err for more details.
ERROR in MURE::BuildMCNPFile
	 Some nuclei have troubles, see transcript U5_1.1_8_92_P6_0.071_8_0.21_9_2.9_0_1.8_1_0.39_2_1.1_A1_0.034_P_15/inp036.err for more details.
ERROR in MURE::WriteMaterial(ostream &Out)
	 Some nuclei have troubles, see transcript U5_1.1_8_92_P6_0.071_8_0.21_9_2.9_0_1.8_1_0.39_2_1.1_A1_0.034_P_15/inp036.err for more details.
ERROR in MURE::BuildMCNPFile
	 Some nuclei have troubles, see transcript U5_1.1_8_92_P6_0.071_8_0.21_9_2.9_0_1.8_1_0.39_2_1.1_A1_0.034_P_15/inp037.err for more details.
ERROR in MURE::WriteMaterial(ostream &Out)
	 Some nuclei have troubles, see transcript U5_1.1_8_92_P6_0.071_8_0.21_9_2.9_0_1.8_1_0.39_2_1.1_A1_0.034_P_15/inp037.err for more details.
ERROR in MURE::BuildMCNPFile
	 Some nuclei have troubles, see transcript U5_1.1_8_92_P6_0.071_8_0.21_9_2.9_0_1.8_1_0.39_2_1.1_A1_0.034_P_15/inp038.err for more details.
ERROR in MURE::WriteMaterial(ostream &Out)
	 Some nuclei have troubles, see transcript U5_1.1_8_92_P6_0.071_8_0.21_9_2.9_0_1.8_1_0.39_2_1.1_A1_0.034_P_15/inp038.err for more details.
ERROR in MURE::BuildMCNPFile
	 Some nuclei have troubles, see transcript U5_1.1_8_92_P6_0.071_8_0.21_9_2.9_0_1.8_1_0.39_2_1.1_A1_0.034_P_15/inp039.err for more details.
ERROR in MURE::WriteMaterial(ostream &Out)
	 Some nuclei have troubles, see transcript U5_1.1_8_92_P6_0.071_8_0.21_9_2.9_0_1.8_1_0.39_2_1.1_A1_0.034_P_15/inp039.err for more details.
ERROR in MURE::BuildMCNPFile
	 Some nuclei have troubles, see transcript U5_1.1_8_92_P6_0.071_8_0.21_9_2.9_0_1.8_1_0.39_2_1.1_A1_0.034_P_15/inp040.err for more details.
ERROR in MURE::WriteMaterial(ostream &Out)
	 Some nuclei have troubles, see transcript U5_1.1_8_92_P6_0.071_8_0.21_9_2.9_0_1.8_1_0.39_2_1.1_A1_0.034_P_15/inp040.err for more details.
ERROR in MURE::BuildMCNPFile
	 Some nuclei have troubles, see transcript U5_1.1_8_92_P6_0.071_8_0.21_9_2.9_0_1.8_1_0.39_2_1.1_A1_0.034_P_15/inp041.err for more details.
ERROR in MURE::WriteMaterial(ostream &Out)
	 Some nuclei have troubles, see transcript U5_1.1_8_92_P6_0.071_8_0.21_9_2.9_0_1.8_1_0.39_2_1.1_A1_0.034_P_15/inp041.err for more details.
ERROR in MURE::BuildMCNPFile
	 Some nuclei have troubles, see transcript U5_1.1_8_92_P6_0.071_8_0.21_9_2.9_0_1.8_1_0.39_2_1.1_A1_0.034_P_15/inp042.err for more details.
ERROR in MURE::WriteMaterial(ostream &Out)
	 Some nuclei have troubles, see transcript U5_1.1_8_92_P6_0.071_8_0.21_9_2.9_0_1.8_1_0.39_2_1.1_A1_0.034_P_15/inp042.err for more details.
ERROR in MURE::BuildMCNPFile
	 Some nuclei have troubles, see transcript U5_1.1_8_92_P6_0.071_8_0.21_9_2.9_0_1.8_1_0.39_2_1.1_A1_0.034_P_15/inp043.err for more details.
ERROR in MURE::WriteMaterial(ostream &Out)
	 Some nuclei have troubles, see transcript U5_1.1_8_92_P6_0.071_8_0.21_9_2.9_0_1.8_1_0.39_2_1.1_A1_0.034_P_15/inp043.err for more details.
ERROR in MURE::BuildMCNPFile
	 Some nuclei have troubles, see transcript U5_1.1_8_92_P6_0.071_8_0.21_9_2.9_0_1.8_1_0.39_2_1.1_A1_0.034_P_15/inp044.err for more details.
ERROR in MURE::WriteMaterial(ostream &Out)
	 Some nuclei have troubles, see transcript U5_1.1_8_92_P6_0.071_8_0.21_9_2.9_0_1.8_1_0.39_2_1.1_A1_0.034_P_15/inp044.err for more details.
ERROR in MURE::BuildMCNPFile
	 Some nuclei have troubles, see transcript U5_1.1_8_92_P6_0.071_8_0.21_9_2.9_0_1.8_1_0.39_2_1.1_A1_0.034_P_15/inp045.err for more details.
ERROR in MURE::WriteMaterial(ostream &Out)
	 Some nuclei have troubles, see transcript U5_1.1_8_92_P6_0.071_8_0.21_9_2.9_0_1.8_1_0.39_2_1.1_A1_0.034_P_15/inp045.err for more details.
ERROR in MURE::BuildMCNPFile
	 Some nuclei have troubles, see transcript U5_1.1_8_92_P6_0.071_8_0.21_9_2.9_0_1.8_1_0.39_2_1.1_A1_0.034_P_15/inp046.err for more details.
ERROR in MURE::WriteMaterial(ostream &Out)
	 Some nuclei have troubles, see transcript U5_1.1_8_92_P6_0.071_8_0.21_9_2.9_0_1.8_1_0.39_2_1.1_A1_0.034_P_15/inp046.err for more details.
ERROR in MURE::BuildMCNPFile
	 Some nuclei have troubles, see transcript U5_1.1_8_92_P6_0.071_8_0.21_9_2.9_0_1.8_1_0.39_2_1.1_A1_0.034_P_15/inp047.err for more details.
ERROR in MURE::WriteMaterial(ostream &Out)
	 Some nuclei have troubles, see transcript U5_1.1_8_92_P6_0.071_8_0.21_9_2.9_0_1.8_1_0.39_2_1.1_A1_0.034_P_15/inp047.err for more details.
ERROR in MURE::BuildMCNPFile
	 Some nuclei have troubles, see transcript U5_1.1_8_92_P6_0.071_8_0.21_9_2.9_0_1.8_1_0.39_2_1.1_A1_0.034_P_15/inp048.err for more details.
ERROR in MURE::WriteMaterial(ostream &Out)
	 Some nuclei have troubles, see transcript U5_1.1_8_92_P6_0.071_8_0.21_9_2.9_0_1.8_1_0.39_2_1.1_A1_0.034_P_15/inp048.err for more details.
ERROR in MURE::BuildMCNPFile
	 Some nuclei have troubles, see transcript U5_1.1_8_92_P6_0.071_8_0.21_9_2.9_0_1.8_1_0.39_2_1.1_A1_0.034_P_15/inp049.err for more details.
ERROR in MURE::WriteMaterial(ostream &Out)
	 Some nuclei have troubles, see transcript U5_1.1_8_92_P6_0.071_8_0.21_9_2.9_0_1.8_1_0.39_2_1.1_A1_0.034_P_15/inp049.err for more details.
ERROR in MURE::BuildMCNPFile
	 Some nuclei have troubles, see transcript U5_1.1_8_92_P6_0.071_8_0.21_9_2.9_0_1.8_1_0.39_2_1.1_A1_0.034_P_15/inp050.err for more details.
ERROR in MURE::WriteMaterial(ostream &Out)
	 Some nuclei have troubles, see transcript U5_1.1_8_92_P6_0.071_8_0.21_9_2.9_0_1.8_1_0.39_2_1.1_A1_0.034_P_15/inp050.err for more details.
ERROR in MURE::BuildMCNPFile
	 Some nuclei have troubles, see transcript U5_1.1_8_92_P6_0.071_8_0.21_9_2.9_0_1.8_1_0.39_2_1.1_A1_0.034_P_15/inp051.err for more details.
ERROR in MURE::WriteMaterial(ostream &Out)
	 Some nuclei have troubles, see transcript U5_1.1_8_92_P6_0.071_8_0.21_9_2.9_0_1.8_1_0.39_2_1.1_A1_0.034_P_15/inp051.err for more details.
ERROR in MURE::BuildMCNPFile
	 Some nuclei have troubles, see transcript U5_1.1_8_92_P6_0.071_8_0.21_9_2.9_0_1.8_1_0.39_2_1.1_A1_0.034_P_15/inp052.err for more details.
ERROR in MURE::WriteMaterial(ostream &Out)
	 Some nuclei have troubles, see transcript U5_1.1_8_92_P6_0.071_8_0.21_9_2.9_0_1.8_1_0.39_2_1.1_A1_0.034_P_15/inp052.err for more details.
ERROR in MURE::BuildMCNPFile
	 Some nuclei have troubles, see transcript U5_1.1_8_92_P6_0.071_8_0.21_9_2.9_0_1.8_1_0.39_2_1.1_A1_0.034_P_15/inp053.err for more details.
ERROR in MURE::WriteMaterial(ostream &Out)
	 Some nuclei have troubles, see transcript U5_1.1_8_92_P6_0.071_8_0.21_9_2.9_0_1.8_1_0.39_2_1.1_A1_0.034_P_15/inp053.err for more details.
ERROR in MURE::BuildMCNPFile
	 Some nuclei have troubles, see transcript U5_1.1_8_92_P6_0.071_8_0.21_9_2.9_0_1.8_1_0.39_2_1.1_A1_0.034_P_15/inp054.err for more details.
ERROR in MURE::WriteMaterial(ostream &Out)
	 Some nuclei have troubles, see transcript U5_1.1_8_92_P6_0.071_8_0.21_9_2.9_0_1.8_1_0.39_2_1.1_A1_0.034_P_15/inp054.err for more details.
ERROR in MURE::BuildMCNPFile
	 Some nuclei have troubles, see transcript U5_1.1_8_92_P6_0.071_8_0.21_9_2.9_0_1.8_1_0.39_2_1.1_A1_0.034_P_15/inp055.err for more details.
ERROR in MURE::WriteMaterial(ostream &Out)
	 Some nuclei have troubles, see transcript U5_1.1_8_92_P6_0.071_8_0.21_9_2.9_0_1.8_1_0.39_2_1.1_A1_0.034_P_15/inp055.err for more details.
ERROR in MURE::BuildMCNPFile
	 Some nuclei have troubles, see transcript U5_1.1_8_92_P6_0.071_8_0.21_9_2.9_0_1.8_1_0.39_2_1.1_A1_0.034_P_15/inp056.err for more details.
ERROR in MURE::WriteMaterial(ostream &Out)
	 Some nuclei have troubles, see transcript U5_1.1_8_92_P6_0.071_8_0.21_9_2.9_0_1.8_1_0.39_2_1.1_A1_0.034_P_15/inp056.err for more details.
ERROR in MURE::BuildMCNPFile
	 Some nuclei have troubles, see transcript U5_1.1_8_92_P6_0.071_8_0.21_9_2.9_0_1.8_1_0.39_2_1.1_A1_0.034_P_15/inp057.err for more details.
ERROR in MURE::WriteMaterial(ostream &Out)
	 Some nuclei have troubles, see transcript U5_1.1_8_92_P6_0.071_8_0.21_9_2.9_0_1.8_1_0.39_2_1.1_A1_0.034_P_15/inp057.err for more details.
ERROR in MURE::BuildMCNPFile
	 Some nuclei have troubles, see transcript U5_1.1_8_92_P6_0.071_8_0.21_9_2.9_0_1.8_1_0.39_2_1.1_A1_0.034_P_15/inp058.err for more details.
ERROR in MURE::WriteMaterial(ostream &Out)
	 Some nuclei have troubles, see transcript U5_1.1_8_92_P6_0.071_8_0.21_9_2.9_0_1.8_1_0.39_2_1.1_A1_0.034_P_15/inp058.err for more details.
ERROR in MURE::BuildMCNPFile
	 Some nuclei have troubles, see transcript U5_1.1_8_92_P6_0.071_8_0.21_9_2.9_0_1.8_1_0.39_2_1.1_A1_0.034_P_15/inp059.err for more details.
ERROR in MURE::WriteMaterial(ostream &Out)
	 Some nuclei have troubles, see transcript U5_1.1_8_92_P6_0.071_8_0.21_9_2.9_0_1.8_1_0.39_2_1.1_A1_0.034_P_15/inp059.err for more details.
ERROR in MURE::BuildMCNPFile
	 Some nuclei have troubles, see transcript U5_1.1_8_92_P6_0.071_8_0.21_9_2.9_0_1.8_1_0.39_2_1.1_A1_0.034_P_15/inp060.err for more details.
ERROR in MURE::WriteMaterial(ostream &Out)
	 Some nuclei have troubles, see transcript U5_1.1_8_92_P6_0.071_8_0.21_9_2.9_0_1.8_1_0.39_2_1.1_A1_0.034_P_15/inp060.err for more details.
ERROR in MURE::BuildMCNPFile
	 Some nuclei have troubles, see transcript U5_1.1_8_92_P6_0.071_8_0.21_9_2.9_0_1.8_1_0.39_2_1.1_A1_0.034_P_15/inp061.err for more details.
ERROR in MURE::WriteMaterial(ostream &Out)
	 Some nuclei have troubles, see transcript U5_1.1_8_92_P6_0.071_8_0.21_9_2.9_0_1.8_1_0.39_2_1.1_A1_0.034_P_15/inp061.err for more details.
ERROR in MURE::BuildMCNPFile
	 Some nuclei have troubles, see transcript U5_1.1_8_92_P6_0.071_8_0.21_9_2.9_0_1.8_1_0.39_2_1.1_A1_0.034_P_15/inp062.err for more details.
ERROR in MURE::WriteMaterial(ostream &Out)
	 Some nuclei have troubles, see transcript U5_1.1_8_92_P6_0.071_8_0.21_9_2.9_0_1.8_1_0.39_2_1.1_A1_0.034_P_15/inp062.err for more details.
ERROR in MURE::BuildMCNPFile
	 Some nuclei have troubles, see transcript U5_1.1_8_92_P6_0.071_8_0.21_9_2.9_0_1.8_1_0.39_2_1.1_A1_0.034_P_15/inp063.err for more details.
ERROR in MURE::WriteMaterial(ostream &Out)
	 Some nuclei have troubles, see transcript U5_1.1_8_92_P6_0.071_8_0.21_9_2.9_0_1.8_1_0.39_2_1.1_A1_0.034_P_15/inp063.err for more details.
ERROR in MURE::BuildMCNPFile
	 Some nuclei have troubles, see transcript U5_1.1_8_92_P6_0.071_8_0.21_9_2.9_0_1.8_1_0.39_2_1.1_A1_0.034_P_15/inp064.err for more details.
ERROR in MURE::WriteMaterial(ostream &Out)
	 Some nuclei have troubles, see transcript U5_1.1_8_92_P6_0.071_8_0.21_9_2.9_0_1.8_1_0.39_2_1.1_A1_0.034_P_15/inp064.err for more details.
ERROR in MURE::BuildMCNPFile
	 Some nuclei have troubles, see transcript U5_1.1_8_92_P6_0.071_8_0.21_9_2.9_0_1.8_1_0.39_2_1.1_A1_0.034_P_15/inp065.err for more details.
ERROR in MURE::WriteMaterial(ostream &Out)
	 Some nuclei have troubles, see transcript U5_1.1_8_92_P6_0.071_8_0.21_9_2.9_0_1.8_1_0.39_2_1.1_A1_0.034_P_15/inp065.err for more details.
ERROR in MURE::BuildMCNPFile
	 Some nuclei have troubles, see transcript U5_1.1_8_92_P6_0.071_8_0.21_9_2.9_0_1.8_1_0.39_2_1.1_A1_0.034_P_15/inp066.err for more details.
ERROR in MURE::WriteMaterial(ostream &Out)
	 Some nuclei have troubles, see transcript U5_1.1_8_92_P6_0.071_8_0.21_9_2.9_0_1.8_1_0.39_2_1.1_A1_0.034_P_15/inp066.err for more details.
ERROR in MURE::BuildMCNPFile
	 Some nuclei have troubles, see transcript U5_1.1_8_92_P6_0.071_8_0.21_9_2.9_0_1.8_1_0.39_2_1.1_A1_0.034_P_15/inp067.err for more details.
ERROR in MURE::WriteMaterial(ostream &Out)
	 Some nuclei have troubles, see transcript U5_1.1_8_92_P6_0.071_8_0.21_9_2.9_0_1.8_1_0.39_2_1.1_A1_0.034_P_15/inp067.err for more details.
ERROR in MURE::BuildMCNPFile
	 Some nuclei have troubles, see transcript U5_1.1_8_92_P6_0.071_8_0.21_9_2.9_0_1.8_1_0.39_2_1.1_A1_0.034_P_15/inp068.err for more details.
ERROR in MURE::WriteMaterial(ostream &Out)
	 Some nuclei have troubles, see transcript U5_1.1_8_92_P6_0.071_8_0.21_9_2.9_0_1.8_1_0.39_2_1.1_A1_0.034_P_15/inp068.err for more details.
ERROR in MURE::BuildMCNPFile
	 Some nuclei have troubles, see transcript U5_1.1_8_92_P6_0.071_8_0.21_9_2.9_0_1.8_1_0.39_2_1.1_A1_0.034_P_15/inp069.err for more details.
ERROR in MURE::WriteMaterial(ostream &Out)
	 Some nuclei have troubles, see transcript U5_1.1_8_92_P6_0.071_8_0.21_9_2.9_0_1.8_1_0.39_2_1.1_A1_0.034_P_15/inp069.err for more details.
ERROR in MURE::BuildMCNPFile
	 Some nuclei have troubles, see transcript U5_1.1_8_92_P6_0.071_8_0.21_9_2.9_0_1.8_1_0.39_2_1.1_A1_0.034_P_15/inp070.err for more details.
ERROR in MURE::WriteMaterial(ostream &Out)
	 Some nuclei have troubles, see transcript U5_1.1_8_92_P6_0.071_8_0.21_9_2.9_0_1.8_1_0.39_2_1.1_A1_0.034_P_15/inp070.err for more details.
ERROR in MURE::BuildMCNPFile
	 Some nuclei have troubles, see transcript U5_1.1_8_92_P6_0.071_8_0.21_9_2.9_0_1.8_1_0.39_2_1.1_A1_0.034_P_15/inp071.err for more details.
ERROR in MURE::WriteMaterial(ostream &Out)
	 Some nuclei have troubles, see transcript U5_1.1_8_92_P6_0.071_8_0.21_9_2.9_0_1.8_1_0.39_2_1.1_A1_0.034_P_15/inp071.err for more details.
ERROR in MURE::BuildMCNPFile
	 Some nuclei have troubles, see transcript U5_1.1_8_92_P6_0.071_8_0.21_9_2.9_0_1.8_1_0.39_2_1.1_A1_0.034_P_15/inp072.err for more details.
ERROR in MURE::WriteMaterial(ostream &Out)
	 Some nuclei have troubles, see transcript U5_1.1_8_92_P6_0.071_8_0.21_9_2.9_0_1.8_1_0.39_2_1.1_A1_0.034_P_15/inp072.err for more details.
ERROR in MURE::BuildMCNPFile
	 Some nuclei have troubles, see transcript U5_1.1_8_92_P6_0.071_8_0.21_9_2.9_0_1.8_1_0.39_2_1.1_A1_0.034_P_15/inp073.err for more details.
ERROR in MURE::WriteMaterial(ostream &Out)
	 Some nuclei have troubles, see transcript U5_1.1_8_92_P6_0.071_8_0.21_9_2.9_0_1.8_1_0.39_2_1.1_A1_0.034_P_15/inp073.err for more details.
ERROR in MURE::BuildMCNPFile
	 Some nuclei have troubles, see transcript U5_1.1_8_92_P6_0.071_8_0.21_9_2.9_0_1.8_1_0.39_2_1.1_A1_0.034_P_15/inp074.err for more details.
ERROR in MURE::WriteMaterial(ostream &Out)
	 Some nuclei have troubles, see transcript U5_1.1_8_92_P6_0.071_8_0.21_9_2.9_0_1.8_1_0.39_2_1.1_A1_0.034_P_15/inp074.err for more details.
ERROR in MURE::BuildMCNPFile
	 Some nuclei have troubles, see transcript U5_1.1_8_92_P6_0.071_8_0.21_9_2.9_0_1.8_1_0.39_2_1.1_A1_0.034_P_15/inp075.err for more details.
ERROR in MURE::WriteMaterial(ostream &Out)
	 Some nuclei have troubles, see transcript U5_1.1_8_92_P6_0.071_8_0.21_9_2.9_0_1.8_1_0.39_2_1.1_A1_0.034_P_15/inp075.err for more details.
ERROR in MURE::BuildMCNPFile
	 Some nuclei have troubles, see transcript U5_1.1_8_92_P6_0.071_8_0.21_9_2.9_0_1.8_1_0.39_2_1.1_A1_0.034_P_15/inp076.err for more details.
ERROR in MURE::WriteMaterial(ostream &Out)
	 Some nuclei have troubles, see transcript U5_1.1_8_92_P6_0.071_8_0.21_9_2.9_0_1.8_1_0.39_2_1.1_A1_0.034_P_15/inp076.err for more details.
ERROR in MURE::BuildMCNPFile
	 Some nuclei have troubles, see transcript U5_1.1_8_92_P6_0.071_8_0.21_9_2.9_0_1.8_1_0.39_2_1.1_A1_0.034_P_15/inp077.err for more details.
ERROR in MURE::WriteMaterial(ostream &Out)
	 Some nuclei have troubles, see transcript U5_1.1_8_92_P6_0.071_8_0.21_9_2.9_0_1.8_1_0.39_2_1.1_A1_0.034_P_15/inp077.err for more details.
ERROR in MURE::BuildMCNPFile
	 Some nuclei have troubles, see transcript U5_1.1_8_92_P6_0.071_8_0.21_9_2.9_0_1.8_1_0.39_2_1.1_A1_0.034_P_15/inp078.err for more details.
ERROR in MURE::WriteMaterial(ostream &Out)
	 Some nuclei have troubles, see transcript U5_1.1_8_92_P6_0.071_8_0.21_9_2.9_0_1.8_1_0.39_2_1.1_A1_0.034_P_15/inp078.err for more details.
ERROR in MURE::BuildMCNPFile
	 Some nuclei have troubles, see transcript U5_1.1_8_92_P6_0.071_8_0.21_9_2.9_0_1.8_1_0.39_2_1.1_A1_0.034_P_15/inp079.err for more details.
ERROR in MURE::WriteMaterial(ostream &Out)
	 Some nuclei have troubles, see transcript U5_1.1_8_92_P6_0.071_8_0.21_9_2.9_0_1.8_1_0.39_2_1.1_A1_0.034_P_15/inp079.err for more details.
* About to connect() to ftp.box.com port 21 (#0)
*   Trying 74.112.186.81... connected
* Connected to ftp.box.com (74.112.186.81) port 21 (#0)
< 220 Service ready for new user.
> AUTH SSL
< 234 Command AUTH okay; starting SSL connection.
* Initializing NSS with certpath: sql:/etc/pki/nssdb
*   CAfile: /etc/pki/tls/certs/ca-bundle.crt
  CApath: none
* SSL connection using TLS_RSA_WITH_AES_128_CBC_SHA
* Server certificate:
* 	subject: CN=*.box.com,O="Box, Inc.",L=Los Altos,ST=California,C=US
* 	start date: Nov 13 19:22:20 2014 GMT
* 	expire date: Oct 23 02:42:03 2017 GMT
* 	common name: *.box.com
* 	issuer: CN=GeoTrust SSL CA - G4,O=GeoTrust Inc.,C=US
> USER mouginot@wisc.edu
< 331 User name okay, need password for mouginot@wisc.edu.
> PASS line150782
< 230 User logged in, proceed.
> PBSZ 0
< 200 Command PBSZ okay.
> PROT P
< 200 Command PROT okay.
> PWD
< 257 "/" is current directory.
* Entry path is '/'
> CWD MODEL_DATA
< 250 Directory changed to /MODEL_DATA
> CWD PWR_TRU_MOX_PSPEC
< 250 Directory changed to /MODEL_DATA/PWR_TRU_MOX_PSPEC
> CWD 1000
< 250 Directory changed to /MODEL_DATA/PWR_TRU_MOX_PSPEC/1000
> PASV
* Connect data stream passively
< 227 Entering Passive Mode (74,112,186,81,60,44)
* Skips 74.112.186.81 for data connection, uses 74.112.186.81 instead
*   Trying 74.112.186.81... connected
* Connecting to 74.112.186.81 (74.112.186.81) port 15404
> TYPE I
< 200 Command TYPE okay.
> STOR 619_raw.tar.gz
< 150 File status okay; about to open data connection.
* Doing the SSL/TLS handshake on the data stream
*   CAfile: /etc/pki/tls/certs/ca-bundle.crt
  CApath: none
* SSL connection using TLS_RSA_WITH_AES_128_CBC_SHA
* Server certificate:
* 	subject: CN=*.box.com,O="Box, Inc.",L=Los Altos,ST=California,C=US
* 	start date: Nov 13 19:22:20 2014 GMT
* 	expire date: Oct 23 02:42:03 2017 GMT
* 	common name: *.box.com
* 	issuer: CN=GeoTrust SSL CA - G4,O=GeoTrust Inc.,C=US
} [data not shown]
  % Total    % Received % Xferd  Average Speed   Time    Time     Time  Current
                                 Dload  Upload   Total   Spent    Left  Speed
  0 43.5M    0     0    0 16384      0   4091  3:05:55  0:00:04  3:05:51  4091  0 43.5M    0     0    0  416k      0  94428  0:08:03  0:00:04  0:07:59  787k 18 43.5M    0     0   18 8192k      0  1497k  0:00:29  0:00:05  0:00:24 5569k 65 43.5M    0     0   65 28.6M      0  4531k  0:00:09  0:00:06  0:00:03 11.5M* Remembering we are in dir "MODEL_DATA/PWR_TRU_MOX_PSPEC/1000/"
< 226 Transfer complete.
100 43.5M    0     0  100 43.5M      0  5521k  0:00:08  0:00:08 --:--:-- 10.6M* Connection #0 to host ftp.box.com left intact

> QUIT
< 221 Goodbye.
* Closing connection #0
