ERROR in MURE::BuildXSDIR()
	 Some nuclei have troubles, see transcript U5_1.7_8_85_P6_0.1_8_0.99_9_6.4_0_2.5_1_0.081_2_1.7_A1_1.2_P_17/inp000.err for more details.
ERROR in MURE::BuildMCNPFile
	 Some nuclei have troubles, see transcript U5_1.7_8_85_P6_0.1_8_0.99_9_6.4_0_2.5_1_0.081_2_1.7_A1_1.2_P_17/inp000.err for more details.
ERROR in MURE::WriteMaterial(ostream &Out)
	 Some nuclei have troubles, see transcript U5_1.7_8_85_P6_0.1_8_0.99_9_6.4_0_2.5_1_0.081_2_1.7_A1_1.2_P_17/inp000.err for more details.
ERROR in MURE::BuildMCNPFile
	 Some nuclei have troubles, see transcript U5_1.7_8_85_P6_0.1_8_0.99_9_6.4_0_2.5_1_0.081_2_1.7_A1_1.2_P_17/inp001.err for more details.
ERROR in MURE::WriteMaterial(ostream &Out)
	 Some nuclei have troubles, see transcript U5_1.7_8_85_P6_0.1_8_0.99_9_6.4_0_2.5_1_0.081_2_1.7_A1_1.2_P_17/inp001.err for more details.
ERROR in MURE::BuildMCNPFile
	 Some nuclei have troubles, see transcript U5_1.7_8_85_P6_0.1_8_0.99_9_6.4_0_2.5_1_0.081_2_1.7_A1_1.2_P_17/inp002.err for more details.
ERROR in MURE::WriteMaterial(ostream &Out)
	 Some nuclei have troubles, see transcript U5_1.7_8_85_P6_0.1_8_0.99_9_6.4_0_2.5_1_0.081_2_1.7_A1_1.2_P_17/inp002.err for more details.
ERROR in MURE::BuildMCNPFile
	 Some nuclei have troubles, see transcript U5_1.7_8_85_P6_0.1_8_0.99_9_6.4_0_2.5_1_0.081_2_1.7_A1_1.2_P_17/inp003.err for more details.
ERROR in MURE::WriteMaterial(ostream &Out)
	 Some nuclei have troubles, see transcript U5_1.7_8_85_P6_0.1_8_0.99_9_6.4_0_2.5_1_0.081_2_1.7_A1_1.2_P_17/inp003.err for more details.
ERROR in MURE::BuildMCNPFile
	 Some nuclei have troubles, see transcript U5_1.7_8_85_P6_0.1_8_0.99_9_6.4_0_2.5_1_0.081_2_1.7_A1_1.2_P_17/inp004.err for more details.
ERROR in MURE::WriteMaterial(ostream &Out)
	 Some nuclei have troubles, see transcript U5_1.7_8_85_P6_0.1_8_0.99_9_6.4_0_2.5_1_0.081_2_1.7_A1_1.2_P_17/inp004.err for more details.
ERROR in MURE::BuildMCNPFile
	 Some nuclei have troubles, see transcript U5_1.7_8_85_P6_0.1_8_0.99_9_6.4_0_2.5_1_0.081_2_1.7_A1_1.2_P_17/inp005.err for more details.
ERROR in MURE::WriteMaterial(ostream &Out)
	 Some nuclei have troubles, see transcript U5_1.7_8_85_P6_0.1_8_0.99_9_6.4_0_2.5_1_0.081_2_1.7_A1_1.2_P_17/inp005.err for more details.
ERROR in MURE::BuildMCNPFile
	 Some nuclei have troubles, see transcript U5_1.7_8_85_P6_0.1_8_0.99_9_6.4_0_2.5_1_0.081_2_1.7_A1_1.2_P_17/inp006.err for more details.
ERROR in MURE::WriteMaterial(ostream &Out)
	 Some nuclei have troubles, see transcript U5_1.7_8_85_P6_0.1_8_0.99_9_6.4_0_2.5_1_0.081_2_1.7_A1_1.2_P_17/inp006.err for more details.
ERROR in MURE::BuildMCNPFile
	 Some nuclei have troubles, see transcript U5_1.7_8_85_P6_0.1_8_0.99_9_6.4_0_2.5_1_0.081_2_1.7_A1_1.2_P_17/inp007.err for more details.
ERROR in MURE::WriteMaterial(ostream &Out)
	 Some nuclei have troubles, see transcript U5_1.7_8_85_P6_0.1_8_0.99_9_6.4_0_2.5_1_0.081_2_1.7_A1_1.2_P_17/inp007.err for more details.
ERROR in MURE::BuildMCNPFile
	 Some nuclei have troubles, see transcript U5_1.7_8_85_P6_0.1_8_0.99_9_6.4_0_2.5_1_0.081_2_1.7_A1_1.2_P_17/inp008.err for more details.
ERROR in MURE::WriteMaterial(ostream &Out)
	 Some nuclei have troubles, see transcript U5_1.7_8_85_P6_0.1_8_0.99_9_6.4_0_2.5_1_0.081_2_1.7_A1_1.2_P_17/inp008.err for more details.
ERROR in MURE::BuildMCNPFile
	 Some nuclei have troubles, see transcript U5_1.7_8_85_P6_0.1_8_0.99_9_6.4_0_2.5_1_0.081_2_1.7_A1_1.2_P_17/inp009.err for more details.
ERROR in MURE::WriteMaterial(ostream &Out)
	 Some nuclei have troubles, see transcript U5_1.7_8_85_P6_0.1_8_0.99_9_6.4_0_2.5_1_0.081_2_1.7_A1_1.2_P_17/inp009.err for more details.
ERROR in MURE::BuildMCNPFile
	 Some nuclei have troubles, see transcript U5_1.7_8_85_P6_0.1_8_0.99_9_6.4_0_2.5_1_0.081_2_1.7_A1_1.2_P_17/inp010.err for more details.
ERROR in MURE::WriteMaterial(ostream &Out)
	 Some nuclei have troubles, see transcript U5_1.7_8_85_P6_0.1_8_0.99_9_6.4_0_2.5_1_0.081_2_1.7_A1_1.2_P_17/inp010.err for more details.
ERROR in MURE::BuildMCNPFile
	 Some nuclei have troubles, see transcript U5_1.7_8_85_P6_0.1_8_0.99_9_6.4_0_2.5_1_0.081_2_1.7_A1_1.2_P_17/inp011.err for more details.
ERROR in MURE::WriteMaterial(ostream &Out)
	 Some nuclei have troubles, see transcript U5_1.7_8_85_P6_0.1_8_0.99_9_6.4_0_2.5_1_0.081_2_1.7_A1_1.2_P_17/inp011.err for more details.
ERROR in MURE::BuildMCNPFile
	 Some nuclei have troubles, see transcript U5_1.7_8_85_P6_0.1_8_0.99_9_6.4_0_2.5_1_0.081_2_1.7_A1_1.2_P_17/inp012.err for more details.
ERROR in MURE::WriteMaterial(ostream &Out)
	 Some nuclei have troubles, see transcript U5_1.7_8_85_P6_0.1_8_0.99_9_6.4_0_2.5_1_0.081_2_1.7_A1_1.2_P_17/inp012.err for more details.
ERROR in MURE::BuildMCNPFile
	 Some nuclei have troubles, see transcript U5_1.7_8_85_P6_0.1_8_0.99_9_6.4_0_2.5_1_0.081_2_1.7_A1_1.2_P_17/inp013.err for more details.
ERROR in MURE::WriteMaterial(ostream &Out)
	 Some nuclei have troubles, see transcript U5_1.7_8_85_P6_0.1_8_0.99_9_6.4_0_2.5_1_0.081_2_1.7_A1_1.2_P_17/inp013.err for more details.
ERROR in MURE::BuildMCNPFile
	 Some nuclei have troubles, see transcript U5_1.7_8_85_P6_0.1_8_0.99_9_6.4_0_2.5_1_0.081_2_1.7_A1_1.2_P_17/inp014.err for more details.
ERROR in MURE::WriteMaterial(ostream &Out)
	 Some nuclei have troubles, see transcript U5_1.7_8_85_P6_0.1_8_0.99_9_6.4_0_2.5_1_0.081_2_1.7_A1_1.2_P_17/inp014.err for more details.
ERROR in MURE::BuildMCNPFile
	 Some nuclei have troubles, see transcript U5_1.7_8_85_P6_0.1_8_0.99_9_6.4_0_2.5_1_0.081_2_1.7_A1_1.2_P_17/inp015.err for more details.
ERROR in MURE::WriteMaterial(ostream &Out)
	 Some nuclei have troubles, see transcript U5_1.7_8_85_P6_0.1_8_0.99_9_6.4_0_2.5_1_0.081_2_1.7_A1_1.2_P_17/inp015.err for more details.
ERROR in MURE::BuildMCNPFile
	 Some nuclei have troubles, see transcript U5_1.7_8_85_P6_0.1_8_0.99_9_6.4_0_2.5_1_0.081_2_1.7_A1_1.2_P_17/inp016.err for more details.
ERROR in MURE::WriteMaterial(ostream &Out)
	 Some nuclei have troubles, see transcript U5_1.7_8_85_P6_0.1_8_0.99_9_6.4_0_2.5_1_0.081_2_1.7_A1_1.2_P_17/inp016.err for more details.
ERROR in MURE::BuildMCNPFile
	 Some nuclei have troubles, see transcript U5_1.7_8_85_P6_0.1_8_0.99_9_6.4_0_2.5_1_0.081_2_1.7_A1_1.2_P_17/inp017.err for more details.
ERROR in MURE::WriteMaterial(ostream &Out)
	 Some nuclei have troubles, see transcript U5_1.7_8_85_P6_0.1_8_0.99_9_6.4_0_2.5_1_0.081_2_1.7_A1_1.2_P_17/inp017.err for more details.
ERROR in MURE::BuildMCNPFile
	 Some nuclei have troubles, see transcript U5_1.7_8_85_P6_0.1_8_0.99_9_6.4_0_2.5_1_0.081_2_1.7_A1_1.2_P_17/inp018.err for more details.
ERROR in MURE::WriteMaterial(ostream &Out)
	 Some nuclei have troubles, see transcript U5_1.7_8_85_P6_0.1_8_0.99_9_6.4_0_2.5_1_0.081_2_1.7_A1_1.2_P_17/inp018.err for more details.
ERROR in MURE::BuildMCNPFile
	 Some nuclei have troubles, see transcript U5_1.7_8_85_P6_0.1_8_0.99_9_6.4_0_2.5_1_0.081_2_1.7_A1_1.2_P_17/inp019.err for more details.
ERROR in MURE::WriteMaterial(ostream &Out)
	 Some nuclei have troubles, see transcript U5_1.7_8_85_P6_0.1_8_0.99_9_6.4_0_2.5_1_0.081_2_1.7_A1_1.2_P_17/inp019.err for more details.
ERROR in MURE::BuildMCNPFile
	 Some nuclei have troubles, see transcript U5_1.7_8_85_P6_0.1_8_0.99_9_6.4_0_2.5_1_0.081_2_1.7_A1_1.2_P_17/inp020.err for more details.
ERROR in MURE::WriteMaterial(ostream &Out)
	 Some nuclei have troubles, see transcript U5_1.7_8_85_P6_0.1_8_0.99_9_6.4_0_2.5_1_0.081_2_1.7_A1_1.2_P_17/inp020.err for more details.
ERROR in MURE::BuildMCNPFile
	 Some nuclei have troubles, see transcript U5_1.7_8_85_P6_0.1_8_0.99_9_6.4_0_2.5_1_0.081_2_1.7_A1_1.2_P_17/inp021.err for more details.
ERROR in MURE::WriteMaterial(ostream &Out)
	 Some nuclei have troubles, see transcript U5_1.7_8_85_P6_0.1_8_0.99_9_6.4_0_2.5_1_0.081_2_1.7_A1_1.2_P_17/inp021.err for more details.
ERROR in MURE::BuildMCNPFile
	 Some nuclei have troubles, see transcript U5_1.7_8_85_P6_0.1_8_0.99_9_6.4_0_2.5_1_0.081_2_1.7_A1_1.2_P_17/inp022.err for more details.
ERROR in MURE::WriteMaterial(ostream &Out)
	 Some nuclei have troubles, see transcript U5_1.7_8_85_P6_0.1_8_0.99_9_6.4_0_2.5_1_0.081_2_1.7_A1_1.2_P_17/inp022.err for more details.
ERROR in MURE::BuildMCNPFile
	 Some nuclei have troubles, see transcript U5_1.7_8_85_P6_0.1_8_0.99_9_6.4_0_2.5_1_0.081_2_1.7_A1_1.2_P_17/inp023.err for more details.
ERROR in MURE::WriteMaterial(ostream &Out)
	 Some nuclei have troubles, see transcript U5_1.7_8_85_P6_0.1_8_0.99_9_6.4_0_2.5_1_0.081_2_1.7_A1_1.2_P_17/inp023.err for more details.
ERROR in MURE::BuildMCNPFile
	 Some nuclei have troubles, see transcript U5_1.7_8_85_P6_0.1_8_0.99_9_6.4_0_2.5_1_0.081_2_1.7_A1_1.2_P_17/inp024.err for more details.
ERROR in MURE::WriteMaterial(ostream &Out)
	 Some nuclei have troubles, see transcript U5_1.7_8_85_P6_0.1_8_0.99_9_6.4_0_2.5_1_0.081_2_1.7_A1_1.2_P_17/inp024.err for more details.
ERROR in MURE::BuildMCNPFile
	 Some nuclei have troubles, see transcript U5_1.7_8_85_P6_0.1_8_0.99_9_6.4_0_2.5_1_0.081_2_1.7_A1_1.2_P_17/inp025.err for more details.
ERROR in MURE::WriteMaterial(ostream &Out)
	 Some nuclei have troubles, see transcript U5_1.7_8_85_P6_0.1_8_0.99_9_6.4_0_2.5_1_0.081_2_1.7_A1_1.2_P_17/inp025.err for more details.
ERROR in MURE::BuildMCNPFile
	 Some nuclei have troubles, see transcript U5_1.7_8_85_P6_0.1_8_0.99_9_6.4_0_2.5_1_0.081_2_1.7_A1_1.2_P_17/inp026.err for more details.
ERROR in MURE::WriteMaterial(ostream &Out)
	 Some nuclei have troubles, see transcript U5_1.7_8_85_P6_0.1_8_0.99_9_6.4_0_2.5_1_0.081_2_1.7_A1_1.2_P_17/inp026.err for more details.
ERROR in MURE::BuildMCNPFile
	 Some nuclei have troubles, see transcript U5_1.7_8_85_P6_0.1_8_0.99_9_6.4_0_2.5_1_0.081_2_1.7_A1_1.2_P_17/inp027.err for more details.
ERROR in MURE::WriteMaterial(ostream &Out)
	 Some nuclei have troubles, see transcript U5_1.7_8_85_P6_0.1_8_0.99_9_6.4_0_2.5_1_0.081_2_1.7_A1_1.2_P_17/inp027.err for more details.
ERROR in MURE::BuildMCNPFile
	 Some nuclei have troubles, see transcript U5_1.7_8_85_P6_0.1_8_0.99_9_6.4_0_2.5_1_0.081_2_1.7_A1_1.2_P_17/inp028.err for more details.
ERROR in MURE::WriteMaterial(ostream &Out)
	 Some nuclei have troubles, see transcript U5_1.7_8_85_P6_0.1_8_0.99_9_6.4_0_2.5_1_0.081_2_1.7_A1_1.2_P_17/inp028.err for more details.
ERROR in MURE::BuildMCNPFile
	 Some nuclei have troubles, see transcript U5_1.7_8_85_P6_0.1_8_0.99_9_6.4_0_2.5_1_0.081_2_1.7_A1_1.2_P_17/inp029.err for more details.
ERROR in MURE::WriteMaterial(ostream &Out)
	 Some nuclei have troubles, see transcript U5_1.7_8_85_P6_0.1_8_0.99_9_6.4_0_2.5_1_0.081_2_1.7_A1_1.2_P_17/inp029.err for more details.
ERROR in MURE::BuildMCNPFile
	 Some nuclei have troubles, see transcript U5_1.7_8_85_P6_0.1_8_0.99_9_6.4_0_2.5_1_0.081_2_1.7_A1_1.2_P_17/inp030.err for more details.
ERROR in MURE::WriteMaterial(ostream &Out)
	 Some nuclei have troubles, see transcript U5_1.7_8_85_P6_0.1_8_0.99_9_6.4_0_2.5_1_0.081_2_1.7_A1_1.2_P_17/inp030.err for more details.
ERROR in MURE::BuildMCNPFile
	 Some nuclei have troubles, see transcript U5_1.7_8_85_P6_0.1_8_0.99_9_6.4_0_2.5_1_0.081_2_1.7_A1_1.2_P_17/inp031.err for more details.
ERROR in MURE::WriteMaterial(ostream &Out)
	 Some nuclei have troubles, see transcript U5_1.7_8_85_P6_0.1_8_0.99_9_6.4_0_2.5_1_0.081_2_1.7_A1_1.2_P_17/inp031.err for more details.
ERROR in MURE::BuildMCNPFile
	 Some nuclei have troubles, see transcript U5_1.7_8_85_P6_0.1_8_0.99_9_6.4_0_2.5_1_0.081_2_1.7_A1_1.2_P_17/inp032.err for more details.
ERROR in MURE::WriteMaterial(ostream &Out)
	 Some nuclei have troubles, see transcript U5_1.7_8_85_P6_0.1_8_0.99_9_6.4_0_2.5_1_0.081_2_1.7_A1_1.2_P_17/inp032.err for more details.
ERROR in MURE::BuildMCNPFile
	 Some nuclei have troubles, see transcript U5_1.7_8_85_P6_0.1_8_0.99_9_6.4_0_2.5_1_0.081_2_1.7_A1_1.2_P_17/inp033.err for more details.
ERROR in MURE::WriteMaterial(ostream &Out)
	 Some nuclei have troubles, see transcript U5_1.7_8_85_P6_0.1_8_0.99_9_6.4_0_2.5_1_0.081_2_1.7_A1_1.2_P_17/inp033.err for more details.
ERROR in MURE::BuildMCNPFile
	 Some nuclei have troubles, see transcript U5_1.7_8_85_P6_0.1_8_0.99_9_6.4_0_2.5_1_0.081_2_1.7_A1_1.2_P_17/inp034.err for more details.
ERROR in MURE::WriteMaterial(ostream &Out)
	 Some nuclei have troubles, see transcript U5_1.7_8_85_P6_0.1_8_0.99_9_6.4_0_2.5_1_0.081_2_1.7_A1_1.2_P_17/inp034.err for more details.
ERROR in MURE::BuildMCNPFile
	 Some nuclei have troubles, see transcript U5_1.7_8_85_P6_0.1_8_0.99_9_6.4_0_2.5_1_0.081_2_1.7_A1_1.2_P_17/inp035.err for more details.
ERROR in MURE::WriteMaterial(ostream &Out)
	 Some nuclei have troubles, see transcript U5_1.7_8_85_P6_0.1_8_0.99_9_6.4_0_2.5_1_0.081_2_1.7_A1_1.2_P_17/inp035.err for more details.
ERROR in MURE::BuildMCNPFile
	 Some nuclei have troubles, see transcript U5_1.7_8_85_P6_0.1_8_0.99_9_6.4_0_2.5_1_0.081_2_1.7_A1_1.2_P_17/inp036.err for more details.
ERROR in MURE::WriteMaterial(ostream &Out)
	 Some nuclei have troubles, see transcript U5_1.7_8_85_P6_0.1_8_0.99_9_6.4_0_2.5_1_0.081_2_1.7_A1_1.2_P_17/inp036.err for more details.
ERROR in MURE::BuildMCNPFile
	 Some nuclei have troubles, see transcript U5_1.7_8_85_P6_0.1_8_0.99_9_6.4_0_2.5_1_0.081_2_1.7_A1_1.2_P_17/inp037.err for more details.
ERROR in MURE::WriteMaterial(ostream &Out)
	 Some nuclei have troubles, see transcript U5_1.7_8_85_P6_0.1_8_0.99_9_6.4_0_2.5_1_0.081_2_1.7_A1_1.2_P_17/inp037.err for more details.
ERROR in MURE::BuildMCNPFile
	 Some nuclei have troubles, see transcript U5_1.7_8_85_P6_0.1_8_0.99_9_6.4_0_2.5_1_0.081_2_1.7_A1_1.2_P_17/inp038.err for more details.
ERROR in MURE::WriteMaterial(ostream &Out)
	 Some nuclei have troubles, see transcript U5_1.7_8_85_P6_0.1_8_0.99_9_6.4_0_2.5_1_0.081_2_1.7_A1_1.2_P_17/inp038.err for more details.
ERROR in MURE::BuildMCNPFile
	 Some nuclei have troubles, see transcript U5_1.7_8_85_P6_0.1_8_0.99_9_6.4_0_2.5_1_0.081_2_1.7_A1_1.2_P_17/inp039.err for more details.
ERROR in MURE::WriteMaterial(ostream &Out)
	 Some nuclei have troubles, see transcript U5_1.7_8_85_P6_0.1_8_0.99_9_6.4_0_2.5_1_0.081_2_1.7_A1_1.2_P_17/inp039.err for more details.
ERROR in MURE::BuildMCNPFile
	 Some nuclei have troubles, see transcript U5_1.7_8_85_P6_0.1_8_0.99_9_6.4_0_2.5_1_0.081_2_1.7_A1_1.2_P_17/inp040.err for more details.
ERROR in MURE::WriteMaterial(ostream &Out)
	 Some nuclei have troubles, see transcript U5_1.7_8_85_P6_0.1_8_0.99_9_6.4_0_2.5_1_0.081_2_1.7_A1_1.2_P_17/inp040.err for more details.
ERROR in MURE::BuildMCNPFile
	 Some nuclei have troubles, see transcript U5_1.7_8_85_P6_0.1_8_0.99_9_6.4_0_2.5_1_0.081_2_1.7_A1_1.2_P_17/inp041.err for more details.
ERROR in MURE::WriteMaterial(ostream &Out)
	 Some nuclei have troubles, see transcript U5_1.7_8_85_P6_0.1_8_0.99_9_6.4_0_2.5_1_0.081_2_1.7_A1_1.2_P_17/inp041.err for more details.
ERROR in MURE::BuildMCNPFile
	 Some nuclei have troubles, see transcript U5_1.7_8_85_P6_0.1_8_0.99_9_6.4_0_2.5_1_0.081_2_1.7_A1_1.2_P_17/inp042.err for more details.
ERROR in MURE::WriteMaterial(ostream &Out)
	 Some nuclei have troubles, see transcript U5_1.7_8_85_P6_0.1_8_0.99_9_6.4_0_2.5_1_0.081_2_1.7_A1_1.2_P_17/inp042.err for more details.
ERROR in MURE::BuildMCNPFile
	 Some nuclei have troubles, see transcript U5_1.7_8_85_P6_0.1_8_0.99_9_6.4_0_2.5_1_0.081_2_1.7_A1_1.2_P_17/inp043.err for more details.
ERROR in MURE::WriteMaterial(ostream &Out)
	 Some nuclei have troubles, see transcript U5_1.7_8_85_P6_0.1_8_0.99_9_6.4_0_2.5_1_0.081_2_1.7_A1_1.2_P_17/inp043.err for more details.
ERROR in MURE::BuildMCNPFile
	 Some nuclei have troubles, see transcript U5_1.7_8_85_P6_0.1_8_0.99_9_6.4_0_2.5_1_0.081_2_1.7_A1_1.2_P_17/inp044.err for more details.
ERROR in MURE::WriteMaterial(ostream &Out)
	 Some nuclei have troubles, see transcript U5_1.7_8_85_P6_0.1_8_0.99_9_6.4_0_2.5_1_0.081_2_1.7_A1_1.2_P_17/inp044.err for more details.
ERROR in MURE::BuildMCNPFile
	 Some nuclei have troubles, see transcript U5_1.7_8_85_P6_0.1_8_0.99_9_6.4_0_2.5_1_0.081_2_1.7_A1_1.2_P_17/inp045.err for more details.
ERROR in MURE::WriteMaterial(ostream &Out)
	 Some nuclei have troubles, see transcript U5_1.7_8_85_P6_0.1_8_0.99_9_6.4_0_2.5_1_0.081_2_1.7_A1_1.2_P_17/inp045.err for more details.
ERROR in MURE::BuildMCNPFile
	 Some nuclei have troubles, see transcript U5_1.7_8_85_P6_0.1_8_0.99_9_6.4_0_2.5_1_0.081_2_1.7_A1_1.2_P_17/inp046.err for more details.
ERROR in MURE::WriteMaterial(ostream &Out)
	 Some nuclei have troubles, see transcript U5_1.7_8_85_P6_0.1_8_0.99_9_6.4_0_2.5_1_0.081_2_1.7_A1_1.2_P_17/inp046.err for more details.
ERROR in MURE::BuildMCNPFile
	 Some nuclei have troubles, see transcript U5_1.7_8_85_P6_0.1_8_0.99_9_6.4_0_2.5_1_0.081_2_1.7_A1_1.2_P_17/inp047.err for more details.
ERROR in MURE::WriteMaterial(ostream &Out)
	 Some nuclei have troubles, see transcript U5_1.7_8_85_P6_0.1_8_0.99_9_6.4_0_2.5_1_0.081_2_1.7_A1_1.2_P_17/inp047.err for more details.
ERROR in MURE::BuildMCNPFile
	 Some nuclei have troubles, see transcript U5_1.7_8_85_P6_0.1_8_0.99_9_6.4_0_2.5_1_0.081_2_1.7_A1_1.2_P_17/inp048.err for more details.
ERROR in MURE::WriteMaterial(ostream &Out)
	 Some nuclei have troubles, see transcript U5_1.7_8_85_P6_0.1_8_0.99_9_6.4_0_2.5_1_0.081_2_1.7_A1_1.2_P_17/inp048.err for more details.
ERROR in MURE::BuildMCNPFile
	 Some nuclei have troubles, see transcript U5_1.7_8_85_P6_0.1_8_0.99_9_6.4_0_2.5_1_0.081_2_1.7_A1_1.2_P_17/inp049.err for more details.
ERROR in MURE::WriteMaterial(ostream &Out)
	 Some nuclei have troubles, see transcript U5_1.7_8_85_P6_0.1_8_0.99_9_6.4_0_2.5_1_0.081_2_1.7_A1_1.2_P_17/inp049.err for more details.
ERROR in MURE::BuildMCNPFile
	 Some nuclei have troubles, see transcript U5_1.7_8_85_P6_0.1_8_0.99_9_6.4_0_2.5_1_0.081_2_1.7_A1_1.2_P_17/inp050.err for more details.
ERROR in MURE::WriteMaterial(ostream &Out)
	 Some nuclei have troubles, see transcript U5_1.7_8_85_P6_0.1_8_0.99_9_6.4_0_2.5_1_0.081_2_1.7_A1_1.2_P_17/inp050.err for more details.
ERROR in MURE::BuildMCNPFile
	 Some nuclei have troubles, see transcript U5_1.7_8_85_P6_0.1_8_0.99_9_6.4_0_2.5_1_0.081_2_1.7_A1_1.2_P_17/inp051.err for more details.
ERROR in MURE::WriteMaterial(ostream &Out)
	 Some nuclei have troubles, see transcript U5_1.7_8_85_P6_0.1_8_0.99_9_6.4_0_2.5_1_0.081_2_1.7_A1_1.2_P_17/inp051.err for more details.
ERROR in MURE::BuildMCNPFile
	 Some nuclei have troubles, see transcript U5_1.7_8_85_P6_0.1_8_0.99_9_6.4_0_2.5_1_0.081_2_1.7_A1_1.2_P_17/inp052.err for more details.
ERROR in MURE::WriteMaterial(ostream &Out)
	 Some nuclei have troubles, see transcript U5_1.7_8_85_P6_0.1_8_0.99_9_6.4_0_2.5_1_0.081_2_1.7_A1_1.2_P_17/inp052.err for more details.
ERROR in MURE::BuildMCNPFile
	 Some nuclei have troubles, see transcript U5_1.7_8_85_P6_0.1_8_0.99_9_6.4_0_2.5_1_0.081_2_1.7_A1_1.2_P_17/inp053.err for more details.
ERROR in MURE::WriteMaterial(ostream &Out)
	 Some nuclei have troubles, see transcript U5_1.7_8_85_P6_0.1_8_0.99_9_6.4_0_2.5_1_0.081_2_1.7_A1_1.2_P_17/inp053.err for more details.
ERROR in MURE::BuildMCNPFile
	 Some nuclei have troubles, see transcript U5_1.7_8_85_P6_0.1_8_0.99_9_6.4_0_2.5_1_0.081_2_1.7_A1_1.2_P_17/inp054.err for more details.
ERROR in MURE::WriteMaterial(ostream &Out)
	 Some nuclei have troubles, see transcript U5_1.7_8_85_P6_0.1_8_0.99_9_6.4_0_2.5_1_0.081_2_1.7_A1_1.2_P_17/inp054.err for more details.
ERROR in MURE::BuildMCNPFile
	 Some nuclei have troubles, see transcript U5_1.7_8_85_P6_0.1_8_0.99_9_6.4_0_2.5_1_0.081_2_1.7_A1_1.2_P_17/inp055.err for more details.
ERROR in MURE::WriteMaterial(ostream &Out)
	 Some nuclei have troubles, see transcript U5_1.7_8_85_P6_0.1_8_0.99_9_6.4_0_2.5_1_0.081_2_1.7_A1_1.2_P_17/inp055.err for more details.
ERROR in MURE::BuildMCNPFile
	 Some nuclei have troubles, see transcript U5_1.7_8_85_P6_0.1_8_0.99_9_6.4_0_2.5_1_0.081_2_1.7_A1_1.2_P_17/inp056.err for more details.
ERROR in MURE::WriteMaterial(ostream &Out)
	 Some nuclei have troubles, see transcript U5_1.7_8_85_P6_0.1_8_0.99_9_6.4_0_2.5_1_0.081_2_1.7_A1_1.2_P_17/inp056.err for more details.
ERROR in MURE::BuildMCNPFile
	 Some nuclei have troubles, see transcript U5_1.7_8_85_P6_0.1_8_0.99_9_6.4_0_2.5_1_0.081_2_1.7_A1_1.2_P_17/inp057.err for more details.
ERROR in MURE::WriteMaterial(ostream &Out)
	 Some nuclei have troubles, see transcript U5_1.7_8_85_P6_0.1_8_0.99_9_6.4_0_2.5_1_0.081_2_1.7_A1_1.2_P_17/inp057.err for more details.
ERROR in MURE::BuildMCNPFile
	 Some nuclei have troubles, see transcript U5_1.7_8_85_P6_0.1_8_0.99_9_6.4_0_2.5_1_0.081_2_1.7_A1_1.2_P_17/inp058.err for more details.
ERROR in MURE::WriteMaterial(ostream &Out)
	 Some nuclei have troubles, see transcript U5_1.7_8_85_P6_0.1_8_0.99_9_6.4_0_2.5_1_0.081_2_1.7_A1_1.2_P_17/inp058.err for more details.
ERROR in MURE::BuildMCNPFile
	 Some nuclei have troubles, see transcript U5_1.7_8_85_P6_0.1_8_0.99_9_6.4_0_2.5_1_0.081_2_1.7_A1_1.2_P_17/inp059.err for more details.
ERROR in MURE::WriteMaterial(ostream &Out)
	 Some nuclei have troubles, see transcript U5_1.7_8_85_P6_0.1_8_0.99_9_6.4_0_2.5_1_0.081_2_1.7_A1_1.2_P_17/inp059.err for more details.
ERROR in MURE::BuildMCNPFile
	 Some nuclei have troubles, see transcript U5_1.7_8_85_P6_0.1_8_0.99_9_6.4_0_2.5_1_0.081_2_1.7_A1_1.2_P_17/inp060.err for more details.
ERROR in MURE::WriteMaterial(ostream &Out)
	 Some nuclei have troubles, see transcript U5_1.7_8_85_P6_0.1_8_0.99_9_6.4_0_2.5_1_0.081_2_1.7_A1_1.2_P_17/inp060.err for more details.
ERROR in MURE::BuildMCNPFile
	 Some nuclei have troubles, see transcript U5_1.7_8_85_P6_0.1_8_0.99_9_6.4_0_2.5_1_0.081_2_1.7_A1_1.2_P_17/inp061.err for more details.
ERROR in MURE::WriteMaterial(ostream &Out)
	 Some nuclei have troubles, see transcript U5_1.7_8_85_P6_0.1_8_0.99_9_6.4_0_2.5_1_0.081_2_1.7_A1_1.2_P_17/inp061.err for more details.
ERROR in MURE::BuildMCNPFile
	 Some nuclei have troubles, see transcript U5_1.7_8_85_P6_0.1_8_0.99_9_6.4_0_2.5_1_0.081_2_1.7_A1_1.2_P_17/inp062.err for more details.
ERROR in MURE::WriteMaterial(ostream &Out)
	 Some nuclei have troubles, see transcript U5_1.7_8_85_P6_0.1_8_0.99_9_6.4_0_2.5_1_0.081_2_1.7_A1_1.2_P_17/inp062.err for more details.
ERROR in MURE::BuildMCNPFile
	 Some nuclei have troubles, see transcript U5_1.7_8_85_P6_0.1_8_0.99_9_6.4_0_2.5_1_0.081_2_1.7_A1_1.2_P_17/inp063.err for more details.
ERROR in MURE::WriteMaterial(ostream &Out)
	 Some nuclei have troubles, see transcript U5_1.7_8_85_P6_0.1_8_0.99_9_6.4_0_2.5_1_0.081_2_1.7_A1_1.2_P_17/inp063.err for more details.
ERROR in MURE::BuildMCNPFile
	 Some nuclei have troubles, see transcript U5_1.7_8_85_P6_0.1_8_0.99_9_6.4_0_2.5_1_0.081_2_1.7_A1_1.2_P_17/inp064.err for more details.
ERROR in MURE::WriteMaterial(ostream &Out)
	 Some nuclei have troubles, see transcript U5_1.7_8_85_P6_0.1_8_0.99_9_6.4_0_2.5_1_0.081_2_1.7_A1_1.2_P_17/inp064.err for more details.
ERROR in MURE::BuildMCNPFile
	 Some nuclei have troubles, see transcript U5_1.7_8_85_P6_0.1_8_0.99_9_6.4_0_2.5_1_0.081_2_1.7_A1_1.2_P_17/inp065.err for more details.
ERROR in MURE::WriteMaterial(ostream &Out)
	 Some nuclei have troubles, see transcript U5_1.7_8_85_P6_0.1_8_0.99_9_6.4_0_2.5_1_0.081_2_1.7_A1_1.2_P_17/inp065.err for more details.
ERROR in MURE::BuildMCNPFile
	 Some nuclei have troubles, see transcript U5_1.7_8_85_P6_0.1_8_0.99_9_6.4_0_2.5_1_0.081_2_1.7_A1_1.2_P_17/inp066.err for more details.
ERROR in MURE::WriteMaterial(ostream &Out)
	 Some nuclei have troubles, see transcript U5_1.7_8_85_P6_0.1_8_0.99_9_6.4_0_2.5_1_0.081_2_1.7_A1_1.2_P_17/inp066.err for more details.
ERROR in MURE::BuildMCNPFile
	 Some nuclei have troubles, see transcript U5_1.7_8_85_P6_0.1_8_0.99_9_6.4_0_2.5_1_0.081_2_1.7_A1_1.2_P_17/inp067.err for more details.
ERROR in MURE::WriteMaterial(ostream &Out)
	 Some nuclei have troubles, see transcript U5_1.7_8_85_P6_0.1_8_0.99_9_6.4_0_2.5_1_0.081_2_1.7_A1_1.2_P_17/inp067.err for more details.
ERROR in MURE::BuildMCNPFile
	 Some nuclei have troubles, see transcript U5_1.7_8_85_P6_0.1_8_0.99_9_6.4_0_2.5_1_0.081_2_1.7_A1_1.2_P_17/inp068.err for more details.
ERROR in MURE::WriteMaterial(ostream &Out)
	 Some nuclei have troubles, see transcript U5_1.7_8_85_P6_0.1_8_0.99_9_6.4_0_2.5_1_0.081_2_1.7_A1_1.2_P_17/inp068.err for more details.
ERROR in MURE::BuildMCNPFile
	 Some nuclei have troubles, see transcript U5_1.7_8_85_P6_0.1_8_0.99_9_6.4_0_2.5_1_0.081_2_1.7_A1_1.2_P_17/inp069.err for more details.
ERROR in MURE::WriteMaterial(ostream &Out)
	 Some nuclei have troubles, see transcript U5_1.7_8_85_P6_0.1_8_0.99_9_6.4_0_2.5_1_0.081_2_1.7_A1_1.2_P_17/inp069.err for more details.
ERROR in MURE::BuildMCNPFile
	 Some nuclei have troubles, see transcript U5_1.7_8_85_P6_0.1_8_0.99_9_6.4_0_2.5_1_0.081_2_1.7_A1_1.2_P_17/inp070.err for more details.
ERROR in MURE::WriteMaterial(ostream &Out)
	 Some nuclei have troubles, see transcript U5_1.7_8_85_P6_0.1_8_0.99_9_6.4_0_2.5_1_0.081_2_1.7_A1_1.2_P_17/inp070.err for more details.
ERROR in MURE::BuildMCNPFile
	 Some nuclei have troubles, see transcript U5_1.7_8_85_P6_0.1_8_0.99_9_6.4_0_2.5_1_0.081_2_1.7_A1_1.2_P_17/inp071.err for more details.
ERROR in MURE::WriteMaterial(ostream &Out)
	 Some nuclei have troubles, see transcript U5_1.7_8_85_P6_0.1_8_0.99_9_6.4_0_2.5_1_0.081_2_1.7_A1_1.2_P_17/inp071.err for more details.
ERROR in MURE::BuildMCNPFile
	 Some nuclei have troubles, see transcript U5_1.7_8_85_P6_0.1_8_0.99_9_6.4_0_2.5_1_0.081_2_1.7_A1_1.2_P_17/inp072.err for more details.
ERROR in MURE::WriteMaterial(ostream &Out)
	 Some nuclei have troubles, see transcript U5_1.7_8_85_P6_0.1_8_0.99_9_6.4_0_2.5_1_0.081_2_1.7_A1_1.2_P_17/inp072.err for more details.
ERROR in MURE::BuildMCNPFile
	 Some nuclei have troubles, see transcript U5_1.7_8_85_P6_0.1_8_0.99_9_6.4_0_2.5_1_0.081_2_1.7_A1_1.2_P_17/inp073.err for more details.
ERROR in MURE::WriteMaterial(ostream &Out)
	 Some nuclei have troubles, see transcript U5_1.7_8_85_P6_0.1_8_0.99_9_6.4_0_2.5_1_0.081_2_1.7_A1_1.2_P_17/inp073.err for more details.
ERROR in MURE::BuildMCNPFile
	 Some nuclei have troubles, see transcript U5_1.7_8_85_P6_0.1_8_0.99_9_6.4_0_2.5_1_0.081_2_1.7_A1_1.2_P_17/inp074.err for more details.
ERROR in MURE::WriteMaterial(ostream &Out)
	 Some nuclei have troubles, see transcript U5_1.7_8_85_P6_0.1_8_0.99_9_6.4_0_2.5_1_0.081_2_1.7_A1_1.2_P_17/inp074.err for more details.
ERROR in MURE::BuildMCNPFile
	 Some nuclei have troubles, see transcript U5_1.7_8_85_P6_0.1_8_0.99_9_6.4_0_2.5_1_0.081_2_1.7_A1_1.2_P_17/inp075.err for more details.
ERROR in MURE::WriteMaterial(ostream &Out)
	 Some nuclei have troubles, see transcript U5_1.7_8_85_P6_0.1_8_0.99_9_6.4_0_2.5_1_0.081_2_1.7_A1_1.2_P_17/inp075.err for more details.
ERROR in MURE::BuildMCNPFile
	 Some nuclei have troubles, see transcript U5_1.7_8_85_P6_0.1_8_0.99_9_6.4_0_2.5_1_0.081_2_1.7_A1_1.2_P_17/inp076.err for more details.
ERROR in MURE::WriteMaterial(ostream &Out)
	 Some nuclei have troubles, see transcript U5_1.7_8_85_P6_0.1_8_0.99_9_6.4_0_2.5_1_0.081_2_1.7_A1_1.2_P_17/inp076.err for more details.
ERROR in MURE::BuildMCNPFile
	 Some nuclei have troubles, see transcript U5_1.7_8_85_P6_0.1_8_0.99_9_6.4_0_2.5_1_0.081_2_1.7_A1_1.2_P_17/inp077.err for more details.
ERROR in MURE::WriteMaterial(ostream &Out)
	 Some nuclei have troubles, see transcript U5_1.7_8_85_P6_0.1_8_0.99_9_6.4_0_2.5_1_0.081_2_1.7_A1_1.2_P_17/inp077.err for more details.
ERROR in MURE::BuildMCNPFile
	 Some nuclei have troubles, see transcript U5_1.7_8_85_P6_0.1_8_0.99_9_6.4_0_2.5_1_0.081_2_1.7_A1_1.2_P_17/inp078.err for more details.
ERROR in MURE::WriteMaterial(ostream &Out)
	 Some nuclei have troubles, see transcript U5_1.7_8_85_P6_0.1_8_0.99_9_6.4_0_2.5_1_0.081_2_1.7_A1_1.2_P_17/inp078.err for more details.
ERROR in MURE::BuildMCNPFile
	 Some nuclei have troubles, see transcript U5_1.7_8_85_P6_0.1_8_0.99_9_6.4_0_2.5_1_0.081_2_1.7_A1_1.2_P_17/inp079.err for more details.
ERROR in MURE::WriteMaterial(ostream &Out)
	 Some nuclei have troubles, see transcript U5_1.7_8_85_P6_0.1_8_0.99_9_6.4_0_2.5_1_0.081_2_1.7_A1_1.2_P_17/inp079.err for more details.
* About to connect() to ftp.box.com port 21 (#0)
*   Trying 107.152.25.220... connected
* Connected to ftp.box.com (107.152.25.220) port 21 (#0)
< 220 Service ready for new user.
> AUTH SSL
< 234 Command AUTH okay; starting SSL connection.
* Initializing NSS with certpath: sql:/etc/pki/nssdb
*   CAfile: /etc/pki/tls/certs/ca-bundle.crt
  CApath: none
* SSL connection using TLS_RSA_WITH_AES_128_CBC_SHA
* Server certificate:
* 	subject: CN=*.box.com,O="Box, Inc.",L=Los Altos,ST=California,C=US
* 	start date: Nov 13 19:22:20 2014 GMT
* 	expire date: Oct 23 02:42:03 2017 GMT
* 	common name: *.box.com
* 	issuer: CN=GeoTrust SSL CA - G4,O=GeoTrust Inc.,C=US
> USER mouginot@wisc.edu
< 331 User name okay, need password for mouginot@wisc.edu.
> PASS line150782
< 230 User logged in, proceed.
> PBSZ 0
< 200 Command PBSZ okay.
> PROT P
< 200 Command PROT okay.
> PWD
< 257 "/" is current directory.
* Entry path is '/'
> CWD MODEL_DATA
< 250 Directory changed to /MODEL_DATA
> CWD PWR_TRU_MOX_PSPEC
< 250 Directory changed to /MODEL_DATA/PWR_TRU_MOX_PSPEC
> CWD 1000
< 250 Directory changed to /MODEL_DATA/PWR_TRU_MOX_PSPEC/1000
> PASV
* Connect data stream passively
< 227 Entering Passive Mode (107,152,25,220,103,239)
* Skips 107.152.25.220 for data connection, uses 107.152.25.220 instead
*   Trying 107.152.25.220... connected
* Connecting to 107.152.25.220 (107.152.25.220) port 26607
> TYPE I
< 200 Command TYPE okay.
> STOR 699_raw.tar.gz
< 150 File status okay; about to open data connection.
* Doing the SSL/TLS handshake on the data stream
*   CAfile: /etc/pki/tls/certs/ca-bundle.crt
  CApath: none
* SSL connection using TLS_RSA_WITH_AES_128_CBC_SHA
* Server certificate:
* 	subject: CN=*.box.com,O="Box, Inc.",L=Los Altos,ST=California,C=US
* 	start date: Nov 13 19:22:20 2014 GMT
* 	expire date: Oct 23 02:42:03 2017 GMT
* 	common name: *.box.com
* 	issuer: CN=GeoTrust SSL CA - G4,O=GeoTrust Inc.,C=US
} [data not shown]
  % Total    % Received % Xferd  Average Speed   Time    Time     Time  Current
                                 Dload  Upload   Total   Spent    Left  Speed
  0 43.5M    0     0    0 16384      0   3632  3:29:37  0:00:04  3:29:33  3632  0 43.5M    0     0    0  112k      0  24368  0:31:14  0:00:04  0:31:10  487k  2 43.5M    0     0    2  992k      0   173k  0:04:17  0:00:05  0:04:12  797k  4 43.5M    0     0    4 2208k      0   328k  0:02:15  0:00:06  0:02:09  992k 15 43.5M    0     0   15 6752k      0   875k  0:00:50  0:00:07  0:00:43 2105k 24 43.5M    0     0   24 10.5M      0  1242k  0:00:35  0:00:08  0:00:27 2566k 33 43.5M    0     0   33 14.5M      0  1534k  0:00:29  0:00:09  0:00:20 2956k 42 43.5M    0     0   42 18.4M      0  1767k  0:00:25  0:00:10  0:00:15 3603k 51 43.5M    0     0   51 22.5M      0  1970k  0:00:22  0:00:11  0:00:11 4177k 61 43.5M    0     0   61 26.7M      0  2153k  0:00:20  0:00:12  0:00:08 4114k 70 43.5M    0     0   70 30.6M      0  2291k  0:00:19  0:00:13  0:00:06 4131k 79 43.5M    0     0   79 34.6M      0  2410k  0:00:18  0:00:14  0:00:04 4107k 88 43.5M    0     0   88 38.7M      0  2523k  0:00:17  0:00:15  0:00:02 4137k 98 43.5M    0     0   98 42.7M      0  2619k  0:00:17  0:00:16  0:00:01 4137k* Remembering we are in dir "MODEL_DATA/PWR_TRU_MOX_PSPEC/1000/"
< 226 Transfer complete.
100 43.5M    0     0  100 43.5M      0  2530k  0:00:17  0:00:17 --:--:-- 3513k* Connection #0 to host ftp.box.com left intact

> QUIT
< 221 Goodbye.
* Closing connection #0
