ERROR in MURE::BuildXSDIR()
	 Some nuclei have troubles, see transcript U5_1_8_90_P6_0.21_8_0.19_9_4.1_0_2.1_1_0.98_2_0.46_A1_0.5_P_20/inp000.err for more details.
ERROR in MURE::BuildMCNPFile
	 Some nuclei have troubles, see transcript U5_1_8_90_P6_0.21_8_0.19_9_4.1_0_2.1_1_0.98_2_0.46_A1_0.5_P_20/inp000.err for more details.
ERROR in MURE::WriteMaterial(ostream &Out)
	 Some nuclei have troubles, see transcript U5_1_8_90_P6_0.21_8_0.19_9_4.1_0_2.1_1_0.98_2_0.46_A1_0.5_P_20/inp000.err for more details.
ERROR in MURE::BuildMCNPFile
	 Some nuclei have troubles, see transcript U5_1_8_90_P6_0.21_8_0.19_9_4.1_0_2.1_1_0.98_2_0.46_A1_0.5_P_20/inp001.err for more details.
ERROR in MURE::WriteMaterial(ostream &Out)
	 Some nuclei have troubles, see transcript U5_1_8_90_P6_0.21_8_0.19_9_4.1_0_2.1_1_0.98_2_0.46_A1_0.5_P_20/inp001.err for more details.
ERROR in MURE::BuildMCNPFile
	 Some nuclei have troubles, see transcript U5_1_8_90_P6_0.21_8_0.19_9_4.1_0_2.1_1_0.98_2_0.46_A1_0.5_P_20/inp002.err for more details.
ERROR in MURE::WriteMaterial(ostream &Out)
	 Some nuclei have troubles, see transcript U5_1_8_90_P6_0.21_8_0.19_9_4.1_0_2.1_1_0.98_2_0.46_A1_0.5_P_20/inp002.err for more details.
ERROR in MURE::BuildMCNPFile
	 Some nuclei have troubles, see transcript U5_1_8_90_P6_0.21_8_0.19_9_4.1_0_2.1_1_0.98_2_0.46_A1_0.5_P_20/inp003.err for more details.
ERROR in MURE::WriteMaterial(ostream &Out)
	 Some nuclei have troubles, see transcript U5_1_8_90_P6_0.21_8_0.19_9_4.1_0_2.1_1_0.98_2_0.46_A1_0.5_P_20/inp003.err for more details.
ERROR in MURE::BuildMCNPFile
	 Some nuclei have troubles, see transcript U5_1_8_90_P6_0.21_8_0.19_9_4.1_0_2.1_1_0.98_2_0.46_A1_0.5_P_20/inp004.err for more details.
ERROR in MURE::WriteMaterial(ostream &Out)
	 Some nuclei have troubles, see transcript U5_1_8_90_P6_0.21_8_0.19_9_4.1_0_2.1_1_0.98_2_0.46_A1_0.5_P_20/inp004.err for more details.
ERROR in MURE::BuildMCNPFile
	 Some nuclei have troubles, see transcript U5_1_8_90_P6_0.21_8_0.19_9_4.1_0_2.1_1_0.98_2_0.46_A1_0.5_P_20/inp005.err for more details.
ERROR in MURE::WriteMaterial(ostream &Out)
	 Some nuclei have troubles, see transcript U5_1_8_90_P6_0.21_8_0.19_9_4.1_0_2.1_1_0.98_2_0.46_A1_0.5_P_20/inp005.err for more details.
ERROR in MURE::BuildMCNPFile
	 Some nuclei have troubles, see transcript U5_1_8_90_P6_0.21_8_0.19_9_4.1_0_2.1_1_0.98_2_0.46_A1_0.5_P_20/inp006.err for more details.
ERROR in MURE::WriteMaterial(ostream &Out)
	 Some nuclei have troubles, see transcript U5_1_8_90_P6_0.21_8_0.19_9_4.1_0_2.1_1_0.98_2_0.46_A1_0.5_P_20/inp006.err for more details.
ERROR in MURE::BuildMCNPFile
	 Some nuclei have troubles, see transcript U5_1_8_90_P6_0.21_8_0.19_9_4.1_0_2.1_1_0.98_2_0.46_A1_0.5_P_20/inp007.err for more details.
ERROR in MURE::WriteMaterial(ostream &Out)
	 Some nuclei have troubles, see transcript U5_1_8_90_P6_0.21_8_0.19_9_4.1_0_2.1_1_0.98_2_0.46_A1_0.5_P_20/inp007.err for more details.
ERROR in MURE::BuildMCNPFile
	 Some nuclei have troubles, see transcript U5_1_8_90_P6_0.21_8_0.19_9_4.1_0_2.1_1_0.98_2_0.46_A1_0.5_P_20/inp008.err for more details.
ERROR in MURE::WriteMaterial(ostream &Out)
	 Some nuclei have troubles, see transcript U5_1_8_90_P6_0.21_8_0.19_9_4.1_0_2.1_1_0.98_2_0.46_A1_0.5_P_20/inp008.err for more details.
ERROR in MURE::BuildMCNPFile
	 Some nuclei have troubles, see transcript U5_1_8_90_P6_0.21_8_0.19_9_4.1_0_2.1_1_0.98_2_0.46_A1_0.5_P_20/inp009.err for more details.
ERROR in MURE::WriteMaterial(ostream &Out)
	 Some nuclei have troubles, see transcript U5_1_8_90_P6_0.21_8_0.19_9_4.1_0_2.1_1_0.98_2_0.46_A1_0.5_P_20/inp009.err for more details.
ERROR in MURE::BuildMCNPFile
	 Some nuclei have troubles, see transcript U5_1_8_90_P6_0.21_8_0.19_9_4.1_0_2.1_1_0.98_2_0.46_A1_0.5_P_20/inp010.err for more details.
ERROR in MURE::WriteMaterial(ostream &Out)
	 Some nuclei have troubles, see transcript U5_1_8_90_P6_0.21_8_0.19_9_4.1_0_2.1_1_0.98_2_0.46_A1_0.5_P_20/inp010.err for more details.
ERROR in MURE::BuildMCNPFile
	 Some nuclei have troubles, see transcript U5_1_8_90_P6_0.21_8_0.19_9_4.1_0_2.1_1_0.98_2_0.46_A1_0.5_P_20/inp011.err for more details.
ERROR in MURE::WriteMaterial(ostream &Out)
	 Some nuclei have troubles, see transcript U5_1_8_90_P6_0.21_8_0.19_9_4.1_0_2.1_1_0.98_2_0.46_A1_0.5_P_20/inp011.err for more details.
ERROR in MURE::BuildMCNPFile
	 Some nuclei have troubles, see transcript U5_1_8_90_P6_0.21_8_0.19_9_4.1_0_2.1_1_0.98_2_0.46_A1_0.5_P_20/inp012.err for more details.
ERROR in MURE::WriteMaterial(ostream &Out)
	 Some nuclei have troubles, see transcript U5_1_8_90_P6_0.21_8_0.19_9_4.1_0_2.1_1_0.98_2_0.46_A1_0.5_P_20/inp012.err for more details.
ERROR in MURE::BuildMCNPFile
	 Some nuclei have troubles, see transcript U5_1_8_90_P6_0.21_8_0.19_9_4.1_0_2.1_1_0.98_2_0.46_A1_0.5_P_20/inp013.err for more details.
ERROR in MURE::WriteMaterial(ostream &Out)
	 Some nuclei have troubles, see transcript U5_1_8_90_P6_0.21_8_0.19_9_4.1_0_2.1_1_0.98_2_0.46_A1_0.5_P_20/inp013.err for more details.
ERROR in MURE::BuildMCNPFile
	 Some nuclei have troubles, see transcript U5_1_8_90_P6_0.21_8_0.19_9_4.1_0_2.1_1_0.98_2_0.46_A1_0.5_P_20/inp014.err for more details.
ERROR in MURE::WriteMaterial(ostream &Out)
	 Some nuclei have troubles, see transcript U5_1_8_90_P6_0.21_8_0.19_9_4.1_0_2.1_1_0.98_2_0.46_A1_0.5_P_20/inp014.err for more details.
ERROR in MURE::BuildMCNPFile
	 Some nuclei have troubles, see transcript U5_1_8_90_P6_0.21_8_0.19_9_4.1_0_2.1_1_0.98_2_0.46_A1_0.5_P_20/inp015.err for more details.
ERROR in MURE::WriteMaterial(ostream &Out)
	 Some nuclei have troubles, see transcript U5_1_8_90_P6_0.21_8_0.19_9_4.1_0_2.1_1_0.98_2_0.46_A1_0.5_P_20/inp015.err for more details.
ERROR in MURE::BuildMCNPFile
	 Some nuclei have troubles, see transcript U5_1_8_90_P6_0.21_8_0.19_9_4.1_0_2.1_1_0.98_2_0.46_A1_0.5_P_20/inp016.err for more details.
ERROR in MURE::WriteMaterial(ostream &Out)
	 Some nuclei have troubles, see transcript U5_1_8_90_P6_0.21_8_0.19_9_4.1_0_2.1_1_0.98_2_0.46_A1_0.5_P_20/inp016.err for more details.
ERROR in MURE::BuildMCNPFile
	 Some nuclei have troubles, see transcript U5_1_8_90_P6_0.21_8_0.19_9_4.1_0_2.1_1_0.98_2_0.46_A1_0.5_P_20/inp017.err for more details.
ERROR in MURE::WriteMaterial(ostream &Out)
	 Some nuclei have troubles, see transcript U5_1_8_90_P6_0.21_8_0.19_9_4.1_0_2.1_1_0.98_2_0.46_A1_0.5_P_20/inp017.err for more details.
ERROR in MURE::BuildMCNPFile
	 Some nuclei have troubles, see transcript U5_1_8_90_P6_0.21_8_0.19_9_4.1_0_2.1_1_0.98_2_0.46_A1_0.5_P_20/inp018.err for more details.
ERROR in MURE::WriteMaterial(ostream &Out)
	 Some nuclei have troubles, see transcript U5_1_8_90_P6_0.21_8_0.19_9_4.1_0_2.1_1_0.98_2_0.46_A1_0.5_P_20/inp018.err for more details.
ERROR in MURE::BuildMCNPFile
	 Some nuclei have troubles, see transcript U5_1_8_90_P6_0.21_8_0.19_9_4.1_0_2.1_1_0.98_2_0.46_A1_0.5_P_20/inp019.err for more details.
ERROR in MURE::WriteMaterial(ostream &Out)
	 Some nuclei have troubles, see transcript U5_1_8_90_P6_0.21_8_0.19_9_4.1_0_2.1_1_0.98_2_0.46_A1_0.5_P_20/inp019.err for more details.
ERROR in MURE::BuildMCNPFile
	 Some nuclei have troubles, see transcript U5_1_8_90_P6_0.21_8_0.19_9_4.1_0_2.1_1_0.98_2_0.46_A1_0.5_P_20/inp020.err for more details.
ERROR in MURE::WriteMaterial(ostream &Out)
	 Some nuclei have troubles, see transcript U5_1_8_90_P6_0.21_8_0.19_9_4.1_0_2.1_1_0.98_2_0.46_A1_0.5_P_20/inp020.err for more details.
ERROR in MURE::BuildMCNPFile
	 Some nuclei have troubles, see transcript U5_1_8_90_P6_0.21_8_0.19_9_4.1_0_2.1_1_0.98_2_0.46_A1_0.5_P_20/inp021.err for more details.
ERROR in MURE::WriteMaterial(ostream &Out)
	 Some nuclei have troubles, see transcript U5_1_8_90_P6_0.21_8_0.19_9_4.1_0_2.1_1_0.98_2_0.46_A1_0.5_P_20/inp021.err for more details.
ERROR in MURE::BuildMCNPFile
	 Some nuclei have troubles, see transcript U5_1_8_90_P6_0.21_8_0.19_9_4.1_0_2.1_1_0.98_2_0.46_A1_0.5_P_20/inp022.err for more details.
ERROR in MURE::WriteMaterial(ostream &Out)
	 Some nuclei have troubles, see transcript U5_1_8_90_P6_0.21_8_0.19_9_4.1_0_2.1_1_0.98_2_0.46_A1_0.5_P_20/inp022.err for more details.
ERROR in MURE::BuildMCNPFile
	 Some nuclei have troubles, see transcript U5_1_8_90_P6_0.21_8_0.19_9_4.1_0_2.1_1_0.98_2_0.46_A1_0.5_P_20/inp023.err for more details.
ERROR in MURE::WriteMaterial(ostream &Out)
	 Some nuclei have troubles, see transcript U5_1_8_90_P6_0.21_8_0.19_9_4.1_0_2.1_1_0.98_2_0.46_A1_0.5_P_20/inp023.err for more details.
ERROR in MURE::BuildMCNPFile
	 Some nuclei have troubles, see transcript U5_1_8_90_P6_0.21_8_0.19_9_4.1_0_2.1_1_0.98_2_0.46_A1_0.5_P_20/inp024.err for more details.
ERROR in MURE::WriteMaterial(ostream &Out)
	 Some nuclei have troubles, see transcript U5_1_8_90_P6_0.21_8_0.19_9_4.1_0_2.1_1_0.98_2_0.46_A1_0.5_P_20/inp024.err for more details.
ERROR in MURE::BuildMCNPFile
	 Some nuclei have troubles, see transcript U5_1_8_90_P6_0.21_8_0.19_9_4.1_0_2.1_1_0.98_2_0.46_A1_0.5_P_20/inp025.err for more details.
ERROR in MURE::WriteMaterial(ostream &Out)
	 Some nuclei have troubles, see transcript U5_1_8_90_P6_0.21_8_0.19_9_4.1_0_2.1_1_0.98_2_0.46_A1_0.5_P_20/inp025.err for more details.
ERROR in MURE::BuildMCNPFile
	 Some nuclei have troubles, see transcript U5_1_8_90_P6_0.21_8_0.19_9_4.1_0_2.1_1_0.98_2_0.46_A1_0.5_P_20/inp026.err for more details.
ERROR in MURE::WriteMaterial(ostream &Out)
	 Some nuclei have troubles, see transcript U5_1_8_90_P6_0.21_8_0.19_9_4.1_0_2.1_1_0.98_2_0.46_A1_0.5_P_20/inp026.err for more details.
ERROR in MURE::BuildMCNPFile
	 Some nuclei have troubles, see transcript U5_1_8_90_P6_0.21_8_0.19_9_4.1_0_2.1_1_0.98_2_0.46_A1_0.5_P_20/inp027.err for more details.
ERROR in MURE::WriteMaterial(ostream &Out)
	 Some nuclei have troubles, see transcript U5_1_8_90_P6_0.21_8_0.19_9_4.1_0_2.1_1_0.98_2_0.46_A1_0.5_P_20/inp027.err for more details.
ERROR in MURE::BuildMCNPFile
	 Some nuclei have troubles, see transcript U5_1_8_90_P6_0.21_8_0.19_9_4.1_0_2.1_1_0.98_2_0.46_A1_0.5_P_20/inp028.err for more details.
ERROR in MURE::WriteMaterial(ostream &Out)
	 Some nuclei have troubles, see transcript U5_1_8_90_P6_0.21_8_0.19_9_4.1_0_2.1_1_0.98_2_0.46_A1_0.5_P_20/inp028.err for more details.
ERROR in MURE::BuildMCNPFile
	 Some nuclei have troubles, see transcript U5_1_8_90_P6_0.21_8_0.19_9_4.1_0_2.1_1_0.98_2_0.46_A1_0.5_P_20/inp029.err for more details.
ERROR in MURE::WriteMaterial(ostream &Out)
	 Some nuclei have troubles, see transcript U5_1_8_90_P6_0.21_8_0.19_9_4.1_0_2.1_1_0.98_2_0.46_A1_0.5_P_20/inp029.err for more details.
ERROR in MURE::BuildMCNPFile
	 Some nuclei have troubles, see transcript U5_1_8_90_P6_0.21_8_0.19_9_4.1_0_2.1_1_0.98_2_0.46_A1_0.5_P_20/inp030.err for more details.
ERROR in MURE::WriteMaterial(ostream &Out)
	 Some nuclei have troubles, see transcript U5_1_8_90_P6_0.21_8_0.19_9_4.1_0_2.1_1_0.98_2_0.46_A1_0.5_P_20/inp030.err for more details.
ERROR in MURE::BuildMCNPFile
	 Some nuclei have troubles, see transcript U5_1_8_90_P6_0.21_8_0.19_9_4.1_0_2.1_1_0.98_2_0.46_A1_0.5_P_20/inp031.err for more details.
ERROR in MURE::WriteMaterial(ostream &Out)
	 Some nuclei have troubles, see transcript U5_1_8_90_P6_0.21_8_0.19_9_4.1_0_2.1_1_0.98_2_0.46_A1_0.5_P_20/inp031.err for more details.
ERROR in MURE::BuildMCNPFile
	 Some nuclei have troubles, see transcript U5_1_8_90_P6_0.21_8_0.19_9_4.1_0_2.1_1_0.98_2_0.46_A1_0.5_P_20/inp032.err for more details.
ERROR in MURE::WriteMaterial(ostream &Out)
	 Some nuclei have troubles, see transcript U5_1_8_90_P6_0.21_8_0.19_9_4.1_0_2.1_1_0.98_2_0.46_A1_0.5_P_20/inp032.err for more details.
ERROR in MURE::BuildMCNPFile
	 Some nuclei have troubles, see transcript U5_1_8_90_P6_0.21_8_0.19_9_4.1_0_2.1_1_0.98_2_0.46_A1_0.5_P_20/inp033.err for more details.
ERROR in MURE::WriteMaterial(ostream &Out)
	 Some nuclei have troubles, see transcript U5_1_8_90_P6_0.21_8_0.19_9_4.1_0_2.1_1_0.98_2_0.46_A1_0.5_P_20/inp033.err for more details.
ERROR in MURE::BuildMCNPFile
	 Some nuclei have troubles, see transcript U5_1_8_90_P6_0.21_8_0.19_9_4.1_0_2.1_1_0.98_2_0.46_A1_0.5_P_20/inp034.err for more details.
ERROR in MURE::WriteMaterial(ostream &Out)
	 Some nuclei have troubles, see transcript U5_1_8_90_P6_0.21_8_0.19_9_4.1_0_2.1_1_0.98_2_0.46_A1_0.5_P_20/inp034.err for more details.
ERROR in MURE::BuildMCNPFile
	 Some nuclei have troubles, see transcript U5_1_8_90_P6_0.21_8_0.19_9_4.1_0_2.1_1_0.98_2_0.46_A1_0.5_P_20/inp035.err for more details.
ERROR in MURE::WriteMaterial(ostream &Out)
	 Some nuclei have troubles, see transcript U5_1_8_90_P6_0.21_8_0.19_9_4.1_0_2.1_1_0.98_2_0.46_A1_0.5_P_20/inp035.err for more details.
ERROR in MURE::BuildMCNPFile
	 Some nuclei have troubles, see transcript U5_1_8_90_P6_0.21_8_0.19_9_4.1_0_2.1_1_0.98_2_0.46_A1_0.5_P_20/inp036.err for more details.
ERROR in MURE::WriteMaterial(ostream &Out)
	 Some nuclei have troubles, see transcript U5_1_8_90_P6_0.21_8_0.19_9_4.1_0_2.1_1_0.98_2_0.46_A1_0.5_P_20/inp036.err for more details.
ERROR in MURE::BuildMCNPFile
	 Some nuclei have troubles, see transcript U5_1_8_90_P6_0.21_8_0.19_9_4.1_0_2.1_1_0.98_2_0.46_A1_0.5_P_20/inp037.err for more details.
ERROR in MURE::WriteMaterial(ostream &Out)
	 Some nuclei have troubles, see transcript U5_1_8_90_P6_0.21_8_0.19_9_4.1_0_2.1_1_0.98_2_0.46_A1_0.5_P_20/inp037.err for more details.
ERROR in MURE::BuildMCNPFile
	 Some nuclei have troubles, see transcript U5_1_8_90_P6_0.21_8_0.19_9_4.1_0_2.1_1_0.98_2_0.46_A1_0.5_P_20/inp038.err for more details.
ERROR in MURE::WriteMaterial(ostream &Out)
	 Some nuclei have troubles, see transcript U5_1_8_90_P6_0.21_8_0.19_9_4.1_0_2.1_1_0.98_2_0.46_A1_0.5_P_20/inp038.err for more details.
ERROR in MURE::BuildMCNPFile
	 Some nuclei have troubles, see transcript U5_1_8_90_P6_0.21_8_0.19_9_4.1_0_2.1_1_0.98_2_0.46_A1_0.5_P_20/inp039.err for more details.
ERROR in MURE::WriteMaterial(ostream &Out)
	 Some nuclei have troubles, see transcript U5_1_8_90_P6_0.21_8_0.19_9_4.1_0_2.1_1_0.98_2_0.46_A1_0.5_P_20/inp039.err for more details.
ERROR in MURE::BuildMCNPFile
	 Some nuclei have troubles, see transcript U5_1_8_90_P6_0.21_8_0.19_9_4.1_0_2.1_1_0.98_2_0.46_A1_0.5_P_20/inp040.err for more details.
ERROR in MURE::WriteMaterial(ostream &Out)
	 Some nuclei have troubles, see transcript U5_1_8_90_P6_0.21_8_0.19_9_4.1_0_2.1_1_0.98_2_0.46_A1_0.5_P_20/inp040.err for more details.
ERROR in MURE::BuildMCNPFile
	 Some nuclei have troubles, see transcript U5_1_8_90_P6_0.21_8_0.19_9_4.1_0_2.1_1_0.98_2_0.46_A1_0.5_P_20/inp041.err for more details.
ERROR in MURE::WriteMaterial(ostream &Out)
	 Some nuclei have troubles, see transcript U5_1_8_90_P6_0.21_8_0.19_9_4.1_0_2.1_1_0.98_2_0.46_A1_0.5_P_20/inp041.err for more details.
ERROR in MURE::BuildMCNPFile
	 Some nuclei have troubles, see transcript U5_1_8_90_P6_0.21_8_0.19_9_4.1_0_2.1_1_0.98_2_0.46_A1_0.5_P_20/inp042.err for more details.
ERROR in MURE::WriteMaterial(ostream &Out)
	 Some nuclei have troubles, see transcript U5_1_8_90_P6_0.21_8_0.19_9_4.1_0_2.1_1_0.98_2_0.46_A1_0.5_P_20/inp042.err for more details.
ERROR in MURE::BuildMCNPFile
	 Some nuclei have troubles, see transcript U5_1_8_90_P6_0.21_8_0.19_9_4.1_0_2.1_1_0.98_2_0.46_A1_0.5_P_20/inp043.err for more details.
ERROR in MURE::WriteMaterial(ostream &Out)
	 Some nuclei have troubles, see transcript U5_1_8_90_P6_0.21_8_0.19_9_4.1_0_2.1_1_0.98_2_0.46_A1_0.5_P_20/inp043.err for more details.
ERROR in MURE::BuildMCNPFile
	 Some nuclei have troubles, see transcript U5_1_8_90_P6_0.21_8_0.19_9_4.1_0_2.1_1_0.98_2_0.46_A1_0.5_P_20/inp044.err for more details.
ERROR in MURE::WriteMaterial(ostream &Out)
	 Some nuclei have troubles, see transcript U5_1_8_90_P6_0.21_8_0.19_9_4.1_0_2.1_1_0.98_2_0.46_A1_0.5_P_20/inp044.err for more details.
ERROR in MURE::BuildMCNPFile
	 Some nuclei have troubles, see transcript U5_1_8_90_P6_0.21_8_0.19_9_4.1_0_2.1_1_0.98_2_0.46_A1_0.5_P_20/inp045.err for more details.
ERROR in MURE::WriteMaterial(ostream &Out)
	 Some nuclei have troubles, see transcript U5_1_8_90_P6_0.21_8_0.19_9_4.1_0_2.1_1_0.98_2_0.46_A1_0.5_P_20/inp045.err for more details.
ERROR in MURE::BuildMCNPFile
	 Some nuclei have troubles, see transcript U5_1_8_90_P6_0.21_8_0.19_9_4.1_0_2.1_1_0.98_2_0.46_A1_0.5_P_20/inp046.err for more details.
ERROR in MURE::WriteMaterial(ostream &Out)
	 Some nuclei have troubles, see transcript U5_1_8_90_P6_0.21_8_0.19_9_4.1_0_2.1_1_0.98_2_0.46_A1_0.5_P_20/inp046.err for more details.
ERROR in MURE::BuildMCNPFile
	 Some nuclei have troubles, see transcript U5_1_8_90_P6_0.21_8_0.19_9_4.1_0_2.1_1_0.98_2_0.46_A1_0.5_P_20/inp047.err for more details.
ERROR in MURE::WriteMaterial(ostream &Out)
	 Some nuclei have troubles, see transcript U5_1_8_90_P6_0.21_8_0.19_9_4.1_0_2.1_1_0.98_2_0.46_A1_0.5_P_20/inp047.err for more details.
ERROR in MURE::BuildMCNPFile
	 Some nuclei have troubles, see transcript U5_1_8_90_P6_0.21_8_0.19_9_4.1_0_2.1_1_0.98_2_0.46_A1_0.5_P_20/inp048.err for more details.
ERROR in MURE::WriteMaterial(ostream &Out)
	 Some nuclei have troubles, see transcript U5_1_8_90_P6_0.21_8_0.19_9_4.1_0_2.1_1_0.98_2_0.46_A1_0.5_P_20/inp048.err for more details.
ERROR in MURE::BuildMCNPFile
	 Some nuclei have troubles, see transcript U5_1_8_90_P6_0.21_8_0.19_9_4.1_0_2.1_1_0.98_2_0.46_A1_0.5_P_20/inp049.err for more details.
ERROR in MURE::WriteMaterial(ostream &Out)
	 Some nuclei have troubles, see transcript U5_1_8_90_P6_0.21_8_0.19_9_4.1_0_2.1_1_0.98_2_0.46_A1_0.5_P_20/inp049.err for more details.
ERROR in MURE::BuildMCNPFile
	 Some nuclei have troubles, see transcript U5_1_8_90_P6_0.21_8_0.19_9_4.1_0_2.1_1_0.98_2_0.46_A1_0.5_P_20/inp050.err for more details.
ERROR in MURE::WriteMaterial(ostream &Out)
	 Some nuclei have troubles, see transcript U5_1_8_90_P6_0.21_8_0.19_9_4.1_0_2.1_1_0.98_2_0.46_A1_0.5_P_20/inp050.err for more details.
ERROR in MURE::BuildMCNPFile
	 Some nuclei have troubles, see transcript U5_1_8_90_P6_0.21_8_0.19_9_4.1_0_2.1_1_0.98_2_0.46_A1_0.5_P_20/inp051.err for more details.
ERROR in MURE::WriteMaterial(ostream &Out)
	 Some nuclei have troubles, see transcript U5_1_8_90_P6_0.21_8_0.19_9_4.1_0_2.1_1_0.98_2_0.46_A1_0.5_P_20/inp051.err for more details.
ERROR in MURE::BuildMCNPFile
	 Some nuclei have troubles, see transcript U5_1_8_90_P6_0.21_8_0.19_9_4.1_0_2.1_1_0.98_2_0.46_A1_0.5_P_20/inp052.err for more details.
ERROR in MURE::WriteMaterial(ostream &Out)
	 Some nuclei have troubles, see transcript U5_1_8_90_P6_0.21_8_0.19_9_4.1_0_2.1_1_0.98_2_0.46_A1_0.5_P_20/inp052.err for more details.
ERROR in MURE::BuildMCNPFile
	 Some nuclei have troubles, see transcript U5_1_8_90_P6_0.21_8_0.19_9_4.1_0_2.1_1_0.98_2_0.46_A1_0.5_P_20/inp053.err for more details.
ERROR in MURE::WriteMaterial(ostream &Out)
	 Some nuclei have troubles, see transcript U5_1_8_90_P6_0.21_8_0.19_9_4.1_0_2.1_1_0.98_2_0.46_A1_0.5_P_20/inp053.err for more details.
ERROR in MURE::BuildMCNPFile
	 Some nuclei have troubles, see transcript U5_1_8_90_P6_0.21_8_0.19_9_4.1_0_2.1_1_0.98_2_0.46_A1_0.5_P_20/inp054.err for more details.
ERROR in MURE::WriteMaterial(ostream &Out)
	 Some nuclei have troubles, see transcript U5_1_8_90_P6_0.21_8_0.19_9_4.1_0_2.1_1_0.98_2_0.46_A1_0.5_P_20/inp054.err for more details.
ERROR in MURE::BuildMCNPFile
	 Some nuclei have troubles, see transcript U5_1_8_90_P6_0.21_8_0.19_9_4.1_0_2.1_1_0.98_2_0.46_A1_0.5_P_20/inp055.err for more details.
ERROR in MURE::WriteMaterial(ostream &Out)
	 Some nuclei have troubles, see transcript U5_1_8_90_P6_0.21_8_0.19_9_4.1_0_2.1_1_0.98_2_0.46_A1_0.5_P_20/inp055.err for more details.
ERROR in MURE::BuildMCNPFile
	 Some nuclei have troubles, see transcript U5_1_8_90_P6_0.21_8_0.19_9_4.1_0_2.1_1_0.98_2_0.46_A1_0.5_P_20/inp056.err for more details.
ERROR in MURE::WriteMaterial(ostream &Out)
	 Some nuclei have troubles, see transcript U5_1_8_90_P6_0.21_8_0.19_9_4.1_0_2.1_1_0.98_2_0.46_A1_0.5_P_20/inp056.err for more details.
ERROR in MURE::BuildMCNPFile
	 Some nuclei have troubles, see transcript U5_1_8_90_P6_0.21_8_0.19_9_4.1_0_2.1_1_0.98_2_0.46_A1_0.5_P_20/inp057.err for more details.
ERROR in MURE::WriteMaterial(ostream &Out)
	 Some nuclei have troubles, see transcript U5_1_8_90_P6_0.21_8_0.19_9_4.1_0_2.1_1_0.98_2_0.46_A1_0.5_P_20/inp057.err for more details.
ERROR in MURE::BuildMCNPFile
	 Some nuclei have troubles, see transcript U5_1_8_90_P6_0.21_8_0.19_9_4.1_0_2.1_1_0.98_2_0.46_A1_0.5_P_20/inp058.err for more details.
ERROR in MURE::WriteMaterial(ostream &Out)
	 Some nuclei have troubles, see transcript U5_1_8_90_P6_0.21_8_0.19_9_4.1_0_2.1_1_0.98_2_0.46_A1_0.5_P_20/inp058.err for more details.
ERROR in MURE::BuildMCNPFile
	 Some nuclei have troubles, see transcript U5_1_8_90_P6_0.21_8_0.19_9_4.1_0_2.1_1_0.98_2_0.46_A1_0.5_P_20/inp059.err for more details.
ERROR in MURE::WriteMaterial(ostream &Out)
	 Some nuclei have troubles, see transcript U5_1_8_90_P6_0.21_8_0.19_9_4.1_0_2.1_1_0.98_2_0.46_A1_0.5_P_20/inp059.err for more details.
ERROR in MURE::BuildMCNPFile
	 Some nuclei have troubles, see transcript U5_1_8_90_P6_0.21_8_0.19_9_4.1_0_2.1_1_0.98_2_0.46_A1_0.5_P_20/inp060.err for more details.
ERROR in MURE::WriteMaterial(ostream &Out)
	 Some nuclei have troubles, see transcript U5_1_8_90_P6_0.21_8_0.19_9_4.1_0_2.1_1_0.98_2_0.46_A1_0.5_P_20/inp060.err for more details.
ERROR in MURE::BuildMCNPFile
	 Some nuclei have troubles, see transcript U5_1_8_90_P6_0.21_8_0.19_9_4.1_0_2.1_1_0.98_2_0.46_A1_0.5_P_20/inp061.err for more details.
ERROR in MURE::WriteMaterial(ostream &Out)
	 Some nuclei have troubles, see transcript U5_1_8_90_P6_0.21_8_0.19_9_4.1_0_2.1_1_0.98_2_0.46_A1_0.5_P_20/inp061.err for more details.
ERROR in MURE::BuildMCNPFile
	 Some nuclei have troubles, see transcript U5_1_8_90_P6_0.21_8_0.19_9_4.1_0_2.1_1_0.98_2_0.46_A1_0.5_P_20/inp062.err for more details.
ERROR in MURE::WriteMaterial(ostream &Out)
	 Some nuclei have troubles, see transcript U5_1_8_90_P6_0.21_8_0.19_9_4.1_0_2.1_1_0.98_2_0.46_A1_0.5_P_20/inp062.err for more details.
ERROR in MURE::BuildMCNPFile
	 Some nuclei have troubles, see transcript U5_1_8_90_P6_0.21_8_0.19_9_4.1_0_2.1_1_0.98_2_0.46_A1_0.5_P_20/inp063.err for more details.
ERROR in MURE::WriteMaterial(ostream &Out)
	 Some nuclei have troubles, see transcript U5_1_8_90_P6_0.21_8_0.19_9_4.1_0_2.1_1_0.98_2_0.46_A1_0.5_P_20/inp063.err for more details.
ERROR in MURE::BuildMCNPFile
	 Some nuclei have troubles, see transcript U5_1_8_90_P6_0.21_8_0.19_9_4.1_0_2.1_1_0.98_2_0.46_A1_0.5_P_20/inp064.err for more details.
ERROR in MURE::WriteMaterial(ostream &Out)
	 Some nuclei have troubles, see transcript U5_1_8_90_P6_0.21_8_0.19_9_4.1_0_2.1_1_0.98_2_0.46_A1_0.5_P_20/inp064.err for more details.
ERROR in MURE::BuildMCNPFile
	 Some nuclei have troubles, see transcript U5_1_8_90_P6_0.21_8_0.19_9_4.1_0_2.1_1_0.98_2_0.46_A1_0.5_P_20/inp065.err for more details.
ERROR in MURE::WriteMaterial(ostream &Out)
	 Some nuclei have troubles, see transcript U5_1_8_90_P6_0.21_8_0.19_9_4.1_0_2.1_1_0.98_2_0.46_A1_0.5_P_20/inp065.err for more details.
ERROR in MURE::BuildMCNPFile
	 Some nuclei have troubles, see transcript U5_1_8_90_P6_0.21_8_0.19_9_4.1_0_2.1_1_0.98_2_0.46_A1_0.5_P_20/inp066.err for more details.
ERROR in MURE::WriteMaterial(ostream &Out)
	 Some nuclei have troubles, see transcript U5_1_8_90_P6_0.21_8_0.19_9_4.1_0_2.1_1_0.98_2_0.46_A1_0.5_P_20/inp066.err for more details.
ERROR in MURE::BuildMCNPFile
	 Some nuclei have troubles, see transcript U5_1_8_90_P6_0.21_8_0.19_9_4.1_0_2.1_1_0.98_2_0.46_A1_0.5_P_20/inp067.err for more details.
ERROR in MURE::WriteMaterial(ostream &Out)
	 Some nuclei have troubles, see transcript U5_1_8_90_P6_0.21_8_0.19_9_4.1_0_2.1_1_0.98_2_0.46_A1_0.5_P_20/inp067.err for more details.
ERROR in MURE::BuildMCNPFile
	 Some nuclei have troubles, see transcript U5_1_8_90_P6_0.21_8_0.19_9_4.1_0_2.1_1_0.98_2_0.46_A1_0.5_P_20/inp068.err for more details.
ERROR in MURE::WriteMaterial(ostream &Out)
	 Some nuclei have troubles, see transcript U5_1_8_90_P6_0.21_8_0.19_9_4.1_0_2.1_1_0.98_2_0.46_A1_0.5_P_20/inp068.err for more details.
ERROR in MURE::BuildMCNPFile
	 Some nuclei have troubles, see transcript U5_1_8_90_P6_0.21_8_0.19_9_4.1_0_2.1_1_0.98_2_0.46_A1_0.5_P_20/inp069.err for more details.
ERROR in MURE::WriteMaterial(ostream &Out)
	 Some nuclei have troubles, see transcript U5_1_8_90_P6_0.21_8_0.19_9_4.1_0_2.1_1_0.98_2_0.46_A1_0.5_P_20/inp069.err for more details.
ERROR in MURE::BuildMCNPFile
	 Some nuclei have troubles, see transcript U5_1_8_90_P6_0.21_8_0.19_9_4.1_0_2.1_1_0.98_2_0.46_A1_0.5_P_20/inp070.err for more details.
ERROR in MURE::WriteMaterial(ostream &Out)
	 Some nuclei have troubles, see transcript U5_1_8_90_P6_0.21_8_0.19_9_4.1_0_2.1_1_0.98_2_0.46_A1_0.5_P_20/inp070.err for more details.
ERROR in MURE::BuildMCNPFile
	 Some nuclei have troubles, see transcript U5_1_8_90_P6_0.21_8_0.19_9_4.1_0_2.1_1_0.98_2_0.46_A1_0.5_P_20/inp071.err for more details.
ERROR in MURE::WriteMaterial(ostream &Out)
	 Some nuclei have troubles, see transcript U5_1_8_90_P6_0.21_8_0.19_9_4.1_0_2.1_1_0.98_2_0.46_A1_0.5_P_20/inp071.err for more details.
ERROR in MURE::BuildMCNPFile
	 Some nuclei have troubles, see transcript U5_1_8_90_P6_0.21_8_0.19_9_4.1_0_2.1_1_0.98_2_0.46_A1_0.5_P_20/inp072.err for more details.
ERROR in MURE::WriteMaterial(ostream &Out)
	 Some nuclei have troubles, see transcript U5_1_8_90_P6_0.21_8_0.19_9_4.1_0_2.1_1_0.98_2_0.46_A1_0.5_P_20/inp072.err for more details.
ERROR in MURE::BuildMCNPFile
	 Some nuclei have troubles, see transcript U5_1_8_90_P6_0.21_8_0.19_9_4.1_0_2.1_1_0.98_2_0.46_A1_0.5_P_20/inp073.err for more details.
ERROR in MURE::WriteMaterial(ostream &Out)
	 Some nuclei have troubles, see transcript U5_1_8_90_P6_0.21_8_0.19_9_4.1_0_2.1_1_0.98_2_0.46_A1_0.5_P_20/inp073.err for more details.
ERROR in MURE::BuildMCNPFile
	 Some nuclei have troubles, see transcript U5_1_8_90_P6_0.21_8_0.19_9_4.1_0_2.1_1_0.98_2_0.46_A1_0.5_P_20/inp074.err for more details.
ERROR in MURE::WriteMaterial(ostream &Out)
	 Some nuclei have troubles, see transcript U5_1_8_90_P6_0.21_8_0.19_9_4.1_0_2.1_1_0.98_2_0.46_A1_0.5_P_20/inp074.err for more details.
ERROR in MURE::BuildMCNPFile
	 Some nuclei have troubles, see transcript U5_1_8_90_P6_0.21_8_0.19_9_4.1_0_2.1_1_0.98_2_0.46_A1_0.5_P_20/inp075.err for more details.
ERROR in MURE::WriteMaterial(ostream &Out)
	 Some nuclei have troubles, see transcript U5_1_8_90_P6_0.21_8_0.19_9_4.1_0_2.1_1_0.98_2_0.46_A1_0.5_P_20/inp075.err for more details.
ERROR in MURE::BuildMCNPFile
	 Some nuclei have troubles, see transcript U5_1_8_90_P6_0.21_8_0.19_9_4.1_0_2.1_1_0.98_2_0.46_A1_0.5_P_20/inp076.err for more details.
ERROR in MURE::WriteMaterial(ostream &Out)
	 Some nuclei have troubles, see transcript U5_1_8_90_P6_0.21_8_0.19_9_4.1_0_2.1_1_0.98_2_0.46_A1_0.5_P_20/inp076.err for more details.
ERROR in MURE::BuildMCNPFile
	 Some nuclei have troubles, see transcript U5_1_8_90_P6_0.21_8_0.19_9_4.1_0_2.1_1_0.98_2_0.46_A1_0.5_P_20/inp077.err for more details.
ERROR in MURE::WriteMaterial(ostream &Out)
	 Some nuclei have troubles, see transcript U5_1_8_90_P6_0.21_8_0.19_9_4.1_0_2.1_1_0.98_2_0.46_A1_0.5_P_20/inp077.err for more details.
ERROR in MURE::BuildMCNPFile
	 Some nuclei have troubles, see transcript U5_1_8_90_P6_0.21_8_0.19_9_4.1_0_2.1_1_0.98_2_0.46_A1_0.5_P_20/inp078.err for more details.
ERROR in MURE::WriteMaterial(ostream &Out)
	 Some nuclei have troubles, see transcript U5_1_8_90_P6_0.21_8_0.19_9_4.1_0_2.1_1_0.98_2_0.46_A1_0.5_P_20/inp078.err for more details.
ERROR in MURE::BuildMCNPFile
	 Some nuclei have troubles, see transcript U5_1_8_90_P6_0.21_8_0.19_9_4.1_0_2.1_1_0.98_2_0.46_A1_0.5_P_20/inp079.err for more details.
ERROR in MURE::WriteMaterial(ostream &Out)
	 Some nuclei have troubles, see transcript U5_1_8_90_P6_0.21_8_0.19_9_4.1_0_2.1_1_0.98_2_0.46_A1_0.5_P_20/inp079.err for more details.
* About to connect() to ftp.box.com port 21 (#0)
*   Trying 107.152.25.220... connected
* Connected to ftp.box.com (107.152.25.220) port 21 (#0)
< 220 Service ready for new user.
> AUTH SSL
< 234 Command AUTH okay; starting SSL connection.
* Initializing NSS with certpath: sql:/etc/pki/nssdb
*   CAfile: /etc/pki/tls/certs/ca-bundle.crt
  CApath: none
* SSL connection using TLS_RSA_WITH_AES_128_CBC_SHA
* Server certificate:
* 	subject: CN=*.box.com,O="Box, Inc.",L=Los Altos,ST=California,C=US
* 	start date: Nov 13 19:22:20 2014 GMT
* 	expire date: Oct 23 02:42:03 2017 GMT
* 	common name: *.box.com
* 	issuer: CN=GeoTrust SSL CA - G4,O=GeoTrust Inc.,C=US
> USER mouginot@wisc.edu
< 331 User name okay, need password for mouginot@wisc.edu.
> PASS line150782
< 230 User logged in, proceed.
> PBSZ 0
< 200 Command PBSZ okay.
> PROT P
< 200 Command PROT okay.
> PWD
< 257 "/" is current directory.
* Entry path is '/'
> CWD MODEL_DATA
< 250 Directory changed to /MODEL_DATA
> CWD PWR_TRU_MOX_PSPEC
< 250 Directory changed to /MODEL_DATA/PWR_TRU_MOX_PSPEC
> CWD 1000
< 250 Directory changed to /MODEL_DATA/PWR_TRU_MOX_PSPEC/1000
> PASV
* Connect data stream passively
< 227 Entering Passive Mode (107,152,25,220,87,73)
* Skips 107.152.25.220 for data connection, uses 107.152.25.220 instead
*   Trying 107.152.25.220... connected
* Connecting to 107.152.25.220 (107.152.25.220) port 22345
> TYPE I
< 200 Command TYPE okay.
> STOR 353_raw.tar.gz
< 150 File status okay; about to open data connection.
* Doing the SSL/TLS handshake on the data stream
*   CAfile: /etc/pki/tls/certs/ca-bundle.crt
  CApath: none
* SSL connection using TLS_RSA_WITH_AES_128_CBC_SHA
* Server certificate:
* 	subject: CN=*.box.com,O="Box, Inc.",L=Los Altos,ST=California,C=US
* 	start date: Nov 13 19:22:20 2014 GMT
* 	expire date: Oct 23 02:42:03 2017 GMT
* 	common name: *.box.com
* 	issuer: CN=GeoTrust SSL CA - G4,O=GeoTrust Inc.,C=US
} [data not shown]
  % Total    % Received % Xferd  Average Speed   Time    Time     Time  Current
                                 Dload  Upload   Total   Spent    Left  Speed
  0 43.5M    0     0    0 16384      0   3669  3:27:33  0:00:04  3:27:29  3669  3 43.5M    0     0    3 1376k      0   261k  0:02:50  0:00:05  0:02:45 1683k 13 43.5M    0     0   13 6176k      0   985k  0:00:45  0:00:06  0:00:39 3416k 33 43.5M    0     0   33 14.7M      0  2085k  0:00:21  0:00:07  0:00:14 5401k 53 43.5M    0     0   53 23.4M      0  2909k  0:00:15  0:00:08  0:00:07 6320k 70 43.5M    0     0   70 30.6M      0  3388k  0:00:13  0:00:09  0:00:04 6534k 89 43.5M    0     0   89 38.8M      0  3868k  0:00:11  0:00:10  0:00:01 7670k* Remembering we are in dir "MODEL_DATA/PWR_TRU_MOX_PSPEC/1000/"
< 226 Transfer complete.
100 43.5M    0     0  100 43.5M      0  3837k  0:00:11  0:00:11 --:--:-- 7173k* Connection #0 to host ftp.box.com left intact

> QUIT
< 221 Goodbye.
* Closing connection #0
