ERROR in MURE::BuildXSDIR()
	 Some nuclei have troubles, see transcript U5_1_8_85_P6_0.39_8_0.39_9_9.9_0_1.9_1_0.98_2_0.17_A1_0.5_P_33/inp000.err for more details.
ERROR in MURE::BuildMCNPFile
	 Some nuclei have troubles, see transcript U5_1_8_85_P6_0.39_8_0.39_9_9.9_0_1.9_1_0.98_2_0.17_A1_0.5_P_33/inp000.err for more details.
ERROR in MURE::WriteMaterial(ostream &Out)
	 Some nuclei have troubles, see transcript U5_1_8_85_P6_0.39_8_0.39_9_9.9_0_1.9_1_0.98_2_0.17_A1_0.5_P_33/inp000.err for more details.
ERROR in MURE::BuildMCNPFile
	 Some nuclei have troubles, see transcript U5_1_8_85_P6_0.39_8_0.39_9_9.9_0_1.9_1_0.98_2_0.17_A1_0.5_P_33/inp001.err for more details.
ERROR in MURE::WriteMaterial(ostream &Out)
	 Some nuclei have troubles, see transcript U5_1_8_85_P6_0.39_8_0.39_9_9.9_0_1.9_1_0.98_2_0.17_A1_0.5_P_33/inp001.err for more details.
ERROR in MURE::BuildMCNPFile
	 Some nuclei have troubles, see transcript U5_1_8_85_P6_0.39_8_0.39_9_9.9_0_1.9_1_0.98_2_0.17_A1_0.5_P_33/inp002.err for more details.
ERROR in MURE::WriteMaterial(ostream &Out)
	 Some nuclei have troubles, see transcript U5_1_8_85_P6_0.39_8_0.39_9_9.9_0_1.9_1_0.98_2_0.17_A1_0.5_P_33/inp002.err for more details.
ERROR in MURE::BuildMCNPFile
	 Some nuclei have troubles, see transcript U5_1_8_85_P6_0.39_8_0.39_9_9.9_0_1.9_1_0.98_2_0.17_A1_0.5_P_33/inp003.err for more details.
ERROR in MURE::WriteMaterial(ostream &Out)
	 Some nuclei have troubles, see transcript U5_1_8_85_P6_0.39_8_0.39_9_9.9_0_1.9_1_0.98_2_0.17_A1_0.5_P_33/inp003.err for more details.
ERROR in MURE::BuildMCNPFile
	 Some nuclei have troubles, see transcript U5_1_8_85_P6_0.39_8_0.39_9_9.9_0_1.9_1_0.98_2_0.17_A1_0.5_P_33/inp004.err for more details.
ERROR in MURE::WriteMaterial(ostream &Out)
	 Some nuclei have troubles, see transcript U5_1_8_85_P6_0.39_8_0.39_9_9.9_0_1.9_1_0.98_2_0.17_A1_0.5_P_33/inp004.err for more details.
ERROR in MURE::BuildMCNPFile
	 Some nuclei have troubles, see transcript U5_1_8_85_P6_0.39_8_0.39_9_9.9_0_1.9_1_0.98_2_0.17_A1_0.5_P_33/inp005.err for more details.
ERROR in MURE::WriteMaterial(ostream &Out)
	 Some nuclei have troubles, see transcript U5_1_8_85_P6_0.39_8_0.39_9_9.9_0_1.9_1_0.98_2_0.17_A1_0.5_P_33/inp005.err for more details.
ERROR in MURE::BuildMCNPFile
	 Some nuclei have troubles, see transcript U5_1_8_85_P6_0.39_8_0.39_9_9.9_0_1.9_1_0.98_2_0.17_A1_0.5_P_33/inp006.err for more details.
ERROR in MURE::WriteMaterial(ostream &Out)
	 Some nuclei have troubles, see transcript U5_1_8_85_P6_0.39_8_0.39_9_9.9_0_1.9_1_0.98_2_0.17_A1_0.5_P_33/inp006.err for more details.
ERROR in MURE::BuildMCNPFile
	 Some nuclei have troubles, see transcript U5_1_8_85_P6_0.39_8_0.39_9_9.9_0_1.9_1_0.98_2_0.17_A1_0.5_P_33/inp007.err for more details.
ERROR in MURE::WriteMaterial(ostream &Out)
	 Some nuclei have troubles, see transcript U5_1_8_85_P6_0.39_8_0.39_9_9.9_0_1.9_1_0.98_2_0.17_A1_0.5_P_33/inp007.err for more details.
ERROR in MURE::BuildMCNPFile
	 Some nuclei have troubles, see transcript U5_1_8_85_P6_0.39_8_0.39_9_9.9_0_1.9_1_0.98_2_0.17_A1_0.5_P_33/inp008.err for more details.
ERROR in MURE::WriteMaterial(ostream &Out)
	 Some nuclei have troubles, see transcript U5_1_8_85_P6_0.39_8_0.39_9_9.9_0_1.9_1_0.98_2_0.17_A1_0.5_P_33/inp008.err for more details.
ERROR in MURE::BuildMCNPFile
	 Some nuclei have troubles, see transcript U5_1_8_85_P6_0.39_8_0.39_9_9.9_0_1.9_1_0.98_2_0.17_A1_0.5_P_33/inp009.err for more details.
ERROR in MURE::WriteMaterial(ostream &Out)
	 Some nuclei have troubles, see transcript U5_1_8_85_P6_0.39_8_0.39_9_9.9_0_1.9_1_0.98_2_0.17_A1_0.5_P_33/inp009.err for more details.
ERROR in MURE::BuildMCNPFile
	 Some nuclei have troubles, see transcript U5_1_8_85_P6_0.39_8_0.39_9_9.9_0_1.9_1_0.98_2_0.17_A1_0.5_P_33/inp010.err for more details.
ERROR in MURE::WriteMaterial(ostream &Out)
	 Some nuclei have troubles, see transcript U5_1_8_85_P6_0.39_8_0.39_9_9.9_0_1.9_1_0.98_2_0.17_A1_0.5_P_33/inp010.err for more details.
ERROR in MURE::BuildMCNPFile
	 Some nuclei have troubles, see transcript U5_1_8_85_P6_0.39_8_0.39_9_9.9_0_1.9_1_0.98_2_0.17_A1_0.5_P_33/inp011.err for more details.
ERROR in MURE::WriteMaterial(ostream &Out)
	 Some nuclei have troubles, see transcript U5_1_8_85_P6_0.39_8_0.39_9_9.9_0_1.9_1_0.98_2_0.17_A1_0.5_P_33/inp011.err for more details.
ERROR in MURE::BuildMCNPFile
	 Some nuclei have troubles, see transcript U5_1_8_85_P6_0.39_8_0.39_9_9.9_0_1.9_1_0.98_2_0.17_A1_0.5_P_33/inp012.err for more details.
ERROR in MURE::WriteMaterial(ostream &Out)
	 Some nuclei have troubles, see transcript U5_1_8_85_P6_0.39_8_0.39_9_9.9_0_1.9_1_0.98_2_0.17_A1_0.5_P_33/inp012.err for more details.
ERROR in MURE::BuildMCNPFile
	 Some nuclei have troubles, see transcript U5_1_8_85_P6_0.39_8_0.39_9_9.9_0_1.9_1_0.98_2_0.17_A1_0.5_P_33/inp013.err for more details.
ERROR in MURE::WriteMaterial(ostream &Out)
	 Some nuclei have troubles, see transcript U5_1_8_85_P6_0.39_8_0.39_9_9.9_0_1.9_1_0.98_2_0.17_A1_0.5_P_33/inp013.err for more details.
ERROR in MURE::BuildMCNPFile
	 Some nuclei have troubles, see transcript U5_1_8_85_P6_0.39_8_0.39_9_9.9_0_1.9_1_0.98_2_0.17_A1_0.5_P_33/inp014.err for more details.
ERROR in MURE::WriteMaterial(ostream &Out)
	 Some nuclei have troubles, see transcript U5_1_8_85_P6_0.39_8_0.39_9_9.9_0_1.9_1_0.98_2_0.17_A1_0.5_P_33/inp014.err for more details.
ERROR in MURE::BuildMCNPFile
	 Some nuclei have troubles, see transcript U5_1_8_85_P6_0.39_8_0.39_9_9.9_0_1.9_1_0.98_2_0.17_A1_0.5_P_33/inp015.err for more details.
ERROR in MURE::WriteMaterial(ostream &Out)
	 Some nuclei have troubles, see transcript U5_1_8_85_P6_0.39_8_0.39_9_9.9_0_1.9_1_0.98_2_0.17_A1_0.5_P_33/inp015.err for more details.
ERROR in MURE::BuildMCNPFile
	 Some nuclei have troubles, see transcript U5_1_8_85_P6_0.39_8_0.39_9_9.9_0_1.9_1_0.98_2_0.17_A1_0.5_P_33/inp016.err for more details.
ERROR in MURE::WriteMaterial(ostream &Out)
	 Some nuclei have troubles, see transcript U5_1_8_85_P6_0.39_8_0.39_9_9.9_0_1.9_1_0.98_2_0.17_A1_0.5_P_33/inp016.err for more details.
ERROR in MURE::BuildMCNPFile
	 Some nuclei have troubles, see transcript U5_1_8_85_P6_0.39_8_0.39_9_9.9_0_1.9_1_0.98_2_0.17_A1_0.5_P_33/inp017.err for more details.
ERROR in MURE::WriteMaterial(ostream &Out)
	 Some nuclei have troubles, see transcript U5_1_8_85_P6_0.39_8_0.39_9_9.9_0_1.9_1_0.98_2_0.17_A1_0.5_P_33/inp017.err for more details.
ERROR in MURE::BuildMCNPFile
	 Some nuclei have troubles, see transcript U5_1_8_85_P6_0.39_8_0.39_9_9.9_0_1.9_1_0.98_2_0.17_A1_0.5_P_33/inp018.err for more details.
ERROR in MURE::WriteMaterial(ostream &Out)
	 Some nuclei have troubles, see transcript U5_1_8_85_P6_0.39_8_0.39_9_9.9_0_1.9_1_0.98_2_0.17_A1_0.5_P_33/inp018.err for more details.
ERROR in MURE::BuildMCNPFile
	 Some nuclei have troubles, see transcript U5_1_8_85_P6_0.39_8_0.39_9_9.9_0_1.9_1_0.98_2_0.17_A1_0.5_P_33/inp019.err for more details.
ERROR in MURE::WriteMaterial(ostream &Out)
	 Some nuclei have troubles, see transcript U5_1_8_85_P6_0.39_8_0.39_9_9.9_0_1.9_1_0.98_2_0.17_A1_0.5_P_33/inp019.err for more details.
ERROR in MURE::BuildMCNPFile
	 Some nuclei have troubles, see transcript U5_1_8_85_P6_0.39_8_0.39_9_9.9_0_1.9_1_0.98_2_0.17_A1_0.5_P_33/inp020.err for more details.
ERROR in MURE::WriteMaterial(ostream &Out)
	 Some nuclei have troubles, see transcript U5_1_8_85_P6_0.39_8_0.39_9_9.9_0_1.9_1_0.98_2_0.17_A1_0.5_P_33/inp020.err for more details.
ERROR in MURE::BuildMCNPFile
	 Some nuclei have troubles, see transcript U5_1_8_85_P6_0.39_8_0.39_9_9.9_0_1.9_1_0.98_2_0.17_A1_0.5_P_33/inp021.err for more details.
ERROR in MURE::WriteMaterial(ostream &Out)
	 Some nuclei have troubles, see transcript U5_1_8_85_P6_0.39_8_0.39_9_9.9_0_1.9_1_0.98_2_0.17_A1_0.5_P_33/inp021.err for more details.
ERROR in MURE::BuildMCNPFile
	 Some nuclei have troubles, see transcript U5_1_8_85_P6_0.39_8_0.39_9_9.9_0_1.9_1_0.98_2_0.17_A1_0.5_P_33/inp022.err for more details.
ERROR in MURE::WriteMaterial(ostream &Out)
	 Some nuclei have troubles, see transcript U5_1_8_85_P6_0.39_8_0.39_9_9.9_0_1.9_1_0.98_2_0.17_A1_0.5_P_33/inp022.err for more details.
ERROR in MURE::BuildMCNPFile
	 Some nuclei have troubles, see transcript U5_1_8_85_P6_0.39_8_0.39_9_9.9_0_1.9_1_0.98_2_0.17_A1_0.5_P_33/inp023.err for more details.
ERROR in MURE::WriteMaterial(ostream &Out)
	 Some nuclei have troubles, see transcript U5_1_8_85_P6_0.39_8_0.39_9_9.9_0_1.9_1_0.98_2_0.17_A1_0.5_P_33/inp023.err for more details.
ERROR in MURE::BuildMCNPFile
	 Some nuclei have troubles, see transcript U5_1_8_85_P6_0.39_8_0.39_9_9.9_0_1.9_1_0.98_2_0.17_A1_0.5_P_33/inp024.err for more details.
ERROR in MURE::WriteMaterial(ostream &Out)
	 Some nuclei have troubles, see transcript U5_1_8_85_P6_0.39_8_0.39_9_9.9_0_1.9_1_0.98_2_0.17_A1_0.5_P_33/inp024.err for more details.
ERROR in MURE::BuildMCNPFile
	 Some nuclei have troubles, see transcript U5_1_8_85_P6_0.39_8_0.39_9_9.9_0_1.9_1_0.98_2_0.17_A1_0.5_P_33/inp025.err for more details.
ERROR in MURE::WriteMaterial(ostream &Out)
	 Some nuclei have troubles, see transcript U5_1_8_85_P6_0.39_8_0.39_9_9.9_0_1.9_1_0.98_2_0.17_A1_0.5_P_33/inp025.err for more details.
ERROR in MURE::BuildMCNPFile
	 Some nuclei have troubles, see transcript U5_1_8_85_P6_0.39_8_0.39_9_9.9_0_1.9_1_0.98_2_0.17_A1_0.5_P_33/inp026.err for more details.
ERROR in MURE::WriteMaterial(ostream &Out)
	 Some nuclei have troubles, see transcript U5_1_8_85_P6_0.39_8_0.39_9_9.9_0_1.9_1_0.98_2_0.17_A1_0.5_P_33/inp026.err for more details.
ERROR in MURE::BuildMCNPFile
	 Some nuclei have troubles, see transcript U5_1_8_85_P6_0.39_8_0.39_9_9.9_0_1.9_1_0.98_2_0.17_A1_0.5_P_33/inp027.err for more details.
ERROR in MURE::WriteMaterial(ostream &Out)
	 Some nuclei have troubles, see transcript U5_1_8_85_P6_0.39_8_0.39_9_9.9_0_1.9_1_0.98_2_0.17_A1_0.5_P_33/inp027.err for more details.
ERROR in MURE::BuildMCNPFile
	 Some nuclei have troubles, see transcript U5_1_8_85_P6_0.39_8_0.39_9_9.9_0_1.9_1_0.98_2_0.17_A1_0.5_P_33/inp028.err for more details.
ERROR in MURE::WriteMaterial(ostream &Out)
	 Some nuclei have troubles, see transcript U5_1_8_85_P6_0.39_8_0.39_9_9.9_0_1.9_1_0.98_2_0.17_A1_0.5_P_33/inp028.err for more details.
ERROR in MURE::BuildMCNPFile
	 Some nuclei have troubles, see transcript U5_1_8_85_P6_0.39_8_0.39_9_9.9_0_1.9_1_0.98_2_0.17_A1_0.5_P_33/inp029.err for more details.
ERROR in MURE::WriteMaterial(ostream &Out)
	 Some nuclei have troubles, see transcript U5_1_8_85_P6_0.39_8_0.39_9_9.9_0_1.9_1_0.98_2_0.17_A1_0.5_P_33/inp029.err for more details.
ERROR in MURE::BuildMCNPFile
	 Some nuclei have troubles, see transcript U5_1_8_85_P6_0.39_8_0.39_9_9.9_0_1.9_1_0.98_2_0.17_A1_0.5_P_33/inp030.err for more details.
ERROR in MURE::WriteMaterial(ostream &Out)
	 Some nuclei have troubles, see transcript U5_1_8_85_P6_0.39_8_0.39_9_9.9_0_1.9_1_0.98_2_0.17_A1_0.5_P_33/inp030.err for more details.
ERROR in MURE::BuildMCNPFile
	 Some nuclei have troubles, see transcript U5_1_8_85_P6_0.39_8_0.39_9_9.9_0_1.9_1_0.98_2_0.17_A1_0.5_P_33/inp031.err for more details.
ERROR in MURE::WriteMaterial(ostream &Out)
	 Some nuclei have troubles, see transcript U5_1_8_85_P6_0.39_8_0.39_9_9.9_0_1.9_1_0.98_2_0.17_A1_0.5_P_33/inp031.err for more details.
ERROR in MURE::BuildMCNPFile
	 Some nuclei have troubles, see transcript U5_1_8_85_P6_0.39_8_0.39_9_9.9_0_1.9_1_0.98_2_0.17_A1_0.5_P_33/inp032.err for more details.
ERROR in MURE::WriteMaterial(ostream &Out)
	 Some nuclei have troubles, see transcript U5_1_8_85_P6_0.39_8_0.39_9_9.9_0_1.9_1_0.98_2_0.17_A1_0.5_P_33/inp032.err for more details.
ERROR in MURE::BuildMCNPFile
	 Some nuclei have troubles, see transcript U5_1_8_85_P6_0.39_8_0.39_9_9.9_0_1.9_1_0.98_2_0.17_A1_0.5_P_33/inp033.err for more details.
ERROR in MURE::WriteMaterial(ostream &Out)
	 Some nuclei have troubles, see transcript U5_1_8_85_P6_0.39_8_0.39_9_9.9_0_1.9_1_0.98_2_0.17_A1_0.5_P_33/inp033.err for more details.
ERROR in MURE::BuildMCNPFile
	 Some nuclei have troubles, see transcript U5_1_8_85_P6_0.39_8_0.39_9_9.9_0_1.9_1_0.98_2_0.17_A1_0.5_P_33/inp034.err for more details.
ERROR in MURE::WriteMaterial(ostream &Out)
	 Some nuclei have troubles, see transcript U5_1_8_85_P6_0.39_8_0.39_9_9.9_0_1.9_1_0.98_2_0.17_A1_0.5_P_33/inp034.err for more details.
ERROR in MURE::BuildMCNPFile
	 Some nuclei have troubles, see transcript U5_1_8_85_P6_0.39_8_0.39_9_9.9_0_1.9_1_0.98_2_0.17_A1_0.5_P_33/inp035.err for more details.
ERROR in MURE::WriteMaterial(ostream &Out)
	 Some nuclei have troubles, see transcript U5_1_8_85_P6_0.39_8_0.39_9_9.9_0_1.9_1_0.98_2_0.17_A1_0.5_P_33/inp035.err for more details.
ERROR in MURE::BuildMCNPFile
	 Some nuclei have troubles, see transcript U5_1_8_85_P6_0.39_8_0.39_9_9.9_0_1.9_1_0.98_2_0.17_A1_0.5_P_33/inp036.err for more details.
ERROR in MURE::WriteMaterial(ostream &Out)
	 Some nuclei have troubles, see transcript U5_1_8_85_P6_0.39_8_0.39_9_9.9_0_1.9_1_0.98_2_0.17_A1_0.5_P_33/inp036.err for more details.
ERROR in MURE::BuildMCNPFile
	 Some nuclei have troubles, see transcript U5_1_8_85_P6_0.39_8_0.39_9_9.9_0_1.9_1_0.98_2_0.17_A1_0.5_P_33/inp037.err for more details.
ERROR in MURE::WriteMaterial(ostream &Out)
	 Some nuclei have troubles, see transcript U5_1_8_85_P6_0.39_8_0.39_9_9.9_0_1.9_1_0.98_2_0.17_A1_0.5_P_33/inp037.err for more details.
ERROR in MURE::BuildMCNPFile
	 Some nuclei have troubles, see transcript U5_1_8_85_P6_0.39_8_0.39_9_9.9_0_1.9_1_0.98_2_0.17_A1_0.5_P_33/inp038.err for more details.
ERROR in MURE::WriteMaterial(ostream &Out)
	 Some nuclei have troubles, see transcript U5_1_8_85_P6_0.39_8_0.39_9_9.9_0_1.9_1_0.98_2_0.17_A1_0.5_P_33/inp038.err for more details.
ERROR in MURE::BuildMCNPFile
	 Some nuclei have troubles, see transcript U5_1_8_85_P6_0.39_8_0.39_9_9.9_0_1.9_1_0.98_2_0.17_A1_0.5_P_33/inp039.err for more details.
ERROR in MURE::WriteMaterial(ostream &Out)
	 Some nuclei have troubles, see transcript U5_1_8_85_P6_0.39_8_0.39_9_9.9_0_1.9_1_0.98_2_0.17_A1_0.5_P_33/inp039.err for more details.
ERROR in MURE::BuildMCNPFile
	 Some nuclei have troubles, see transcript U5_1_8_85_P6_0.39_8_0.39_9_9.9_0_1.9_1_0.98_2_0.17_A1_0.5_P_33/inp040.err for more details.
ERROR in MURE::WriteMaterial(ostream &Out)
	 Some nuclei have troubles, see transcript U5_1_8_85_P6_0.39_8_0.39_9_9.9_0_1.9_1_0.98_2_0.17_A1_0.5_P_33/inp040.err for more details.
ERROR in MURE::BuildMCNPFile
	 Some nuclei have troubles, see transcript U5_1_8_85_P6_0.39_8_0.39_9_9.9_0_1.9_1_0.98_2_0.17_A1_0.5_P_33/inp041.err for more details.
ERROR in MURE::WriteMaterial(ostream &Out)
	 Some nuclei have troubles, see transcript U5_1_8_85_P6_0.39_8_0.39_9_9.9_0_1.9_1_0.98_2_0.17_A1_0.5_P_33/inp041.err for more details.
ERROR in MURE::BuildMCNPFile
	 Some nuclei have troubles, see transcript U5_1_8_85_P6_0.39_8_0.39_9_9.9_0_1.9_1_0.98_2_0.17_A1_0.5_P_33/inp042.err for more details.
ERROR in MURE::WriteMaterial(ostream &Out)
	 Some nuclei have troubles, see transcript U5_1_8_85_P6_0.39_8_0.39_9_9.9_0_1.9_1_0.98_2_0.17_A1_0.5_P_33/inp042.err for more details.
ERROR in MURE::BuildMCNPFile
	 Some nuclei have troubles, see transcript U5_1_8_85_P6_0.39_8_0.39_9_9.9_0_1.9_1_0.98_2_0.17_A1_0.5_P_33/inp043.err for more details.
ERROR in MURE::WriteMaterial(ostream &Out)
	 Some nuclei have troubles, see transcript U5_1_8_85_P6_0.39_8_0.39_9_9.9_0_1.9_1_0.98_2_0.17_A1_0.5_P_33/inp043.err for more details.
ERROR in MURE::BuildMCNPFile
	 Some nuclei have troubles, see transcript U5_1_8_85_P6_0.39_8_0.39_9_9.9_0_1.9_1_0.98_2_0.17_A1_0.5_P_33/inp044.err for more details.
ERROR in MURE::WriteMaterial(ostream &Out)
	 Some nuclei have troubles, see transcript U5_1_8_85_P6_0.39_8_0.39_9_9.9_0_1.9_1_0.98_2_0.17_A1_0.5_P_33/inp044.err for more details.
ERROR in MURE::BuildMCNPFile
	 Some nuclei have troubles, see transcript U5_1_8_85_P6_0.39_8_0.39_9_9.9_0_1.9_1_0.98_2_0.17_A1_0.5_P_33/inp045.err for more details.
ERROR in MURE::WriteMaterial(ostream &Out)
	 Some nuclei have troubles, see transcript U5_1_8_85_P6_0.39_8_0.39_9_9.9_0_1.9_1_0.98_2_0.17_A1_0.5_P_33/inp045.err for more details.
ERROR in MURE::BuildMCNPFile
	 Some nuclei have troubles, see transcript U5_1_8_85_P6_0.39_8_0.39_9_9.9_0_1.9_1_0.98_2_0.17_A1_0.5_P_33/inp046.err for more details.
ERROR in MURE::WriteMaterial(ostream &Out)
	 Some nuclei have troubles, see transcript U5_1_8_85_P6_0.39_8_0.39_9_9.9_0_1.9_1_0.98_2_0.17_A1_0.5_P_33/inp046.err for more details.
ERROR in MURE::BuildMCNPFile
	 Some nuclei have troubles, see transcript U5_1_8_85_P6_0.39_8_0.39_9_9.9_0_1.9_1_0.98_2_0.17_A1_0.5_P_33/inp047.err for more details.
ERROR in MURE::WriteMaterial(ostream &Out)
	 Some nuclei have troubles, see transcript U5_1_8_85_P6_0.39_8_0.39_9_9.9_0_1.9_1_0.98_2_0.17_A1_0.5_P_33/inp047.err for more details.
ERROR in MURE::BuildMCNPFile
	 Some nuclei have troubles, see transcript U5_1_8_85_P6_0.39_8_0.39_9_9.9_0_1.9_1_0.98_2_0.17_A1_0.5_P_33/inp048.err for more details.
ERROR in MURE::WriteMaterial(ostream &Out)
	 Some nuclei have troubles, see transcript U5_1_8_85_P6_0.39_8_0.39_9_9.9_0_1.9_1_0.98_2_0.17_A1_0.5_P_33/inp048.err for more details.
ERROR in MURE::BuildMCNPFile
	 Some nuclei have troubles, see transcript U5_1_8_85_P6_0.39_8_0.39_9_9.9_0_1.9_1_0.98_2_0.17_A1_0.5_P_33/inp049.err for more details.
ERROR in MURE::WriteMaterial(ostream &Out)
	 Some nuclei have troubles, see transcript U5_1_8_85_P6_0.39_8_0.39_9_9.9_0_1.9_1_0.98_2_0.17_A1_0.5_P_33/inp049.err for more details.
ERROR in MURE::BuildMCNPFile
	 Some nuclei have troubles, see transcript U5_1_8_85_P6_0.39_8_0.39_9_9.9_0_1.9_1_0.98_2_0.17_A1_0.5_P_33/inp050.err for more details.
ERROR in MURE::WriteMaterial(ostream &Out)
	 Some nuclei have troubles, see transcript U5_1_8_85_P6_0.39_8_0.39_9_9.9_0_1.9_1_0.98_2_0.17_A1_0.5_P_33/inp050.err for more details.
ERROR in MURE::BuildMCNPFile
	 Some nuclei have troubles, see transcript U5_1_8_85_P6_0.39_8_0.39_9_9.9_0_1.9_1_0.98_2_0.17_A1_0.5_P_33/inp051.err for more details.
ERROR in MURE::WriteMaterial(ostream &Out)
	 Some nuclei have troubles, see transcript U5_1_8_85_P6_0.39_8_0.39_9_9.9_0_1.9_1_0.98_2_0.17_A1_0.5_P_33/inp051.err for more details.
ERROR in MURE::BuildMCNPFile
	 Some nuclei have troubles, see transcript U5_1_8_85_P6_0.39_8_0.39_9_9.9_0_1.9_1_0.98_2_0.17_A1_0.5_P_33/inp052.err for more details.
ERROR in MURE::WriteMaterial(ostream &Out)
	 Some nuclei have troubles, see transcript U5_1_8_85_P6_0.39_8_0.39_9_9.9_0_1.9_1_0.98_2_0.17_A1_0.5_P_33/inp052.err for more details.
ERROR in MURE::BuildMCNPFile
	 Some nuclei have troubles, see transcript U5_1_8_85_P6_0.39_8_0.39_9_9.9_0_1.9_1_0.98_2_0.17_A1_0.5_P_33/inp053.err for more details.
ERROR in MURE::WriteMaterial(ostream &Out)
	 Some nuclei have troubles, see transcript U5_1_8_85_P6_0.39_8_0.39_9_9.9_0_1.9_1_0.98_2_0.17_A1_0.5_P_33/inp053.err for more details.
ERROR in MURE::BuildMCNPFile
	 Some nuclei have troubles, see transcript U5_1_8_85_P6_0.39_8_0.39_9_9.9_0_1.9_1_0.98_2_0.17_A1_0.5_P_33/inp054.err for more details.
ERROR in MURE::WriteMaterial(ostream &Out)
	 Some nuclei have troubles, see transcript U5_1_8_85_P6_0.39_8_0.39_9_9.9_0_1.9_1_0.98_2_0.17_A1_0.5_P_33/inp054.err for more details.
ERROR in MURE::BuildMCNPFile
	 Some nuclei have troubles, see transcript U5_1_8_85_P6_0.39_8_0.39_9_9.9_0_1.9_1_0.98_2_0.17_A1_0.5_P_33/inp055.err for more details.
ERROR in MURE::WriteMaterial(ostream &Out)
	 Some nuclei have troubles, see transcript U5_1_8_85_P6_0.39_8_0.39_9_9.9_0_1.9_1_0.98_2_0.17_A1_0.5_P_33/inp055.err for more details.
ERROR in MURE::BuildMCNPFile
	 Some nuclei have troubles, see transcript U5_1_8_85_P6_0.39_8_0.39_9_9.9_0_1.9_1_0.98_2_0.17_A1_0.5_P_33/inp056.err for more details.
ERROR in MURE::WriteMaterial(ostream &Out)
	 Some nuclei have troubles, see transcript U5_1_8_85_P6_0.39_8_0.39_9_9.9_0_1.9_1_0.98_2_0.17_A1_0.5_P_33/inp056.err for more details.
ERROR in MURE::BuildMCNPFile
	 Some nuclei have troubles, see transcript U5_1_8_85_P6_0.39_8_0.39_9_9.9_0_1.9_1_0.98_2_0.17_A1_0.5_P_33/inp057.err for more details.
ERROR in MURE::WriteMaterial(ostream &Out)
	 Some nuclei have troubles, see transcript U5_1_8_85_P6_0.39_8_0.39_9_9.9_0_1.9_1_0.98_2_0.17_A1_0.5_P_33/inp057.err for more details.
ERROR in MURE::BuildMCNPFile
	 Some nuclei have troubles, see transcript U5_1_8_85_P6_0.39_8_0.39_9_9.9_0_1.9_1_0.98_2_0.17_A1_0.5_P_33/inp058.err for more details.
ERROR in MURE::WriteMaterial(ostream &Out)
	 Some nuclei have troubles, see transcript U5_1_8_85_P6_0.39_8_0.39_9_9.9_0_1.9_1_0.98_2_0.17_A1_0.5_P_33/inp058.err for more details.
ERROR in MURE::BuildMCNPFile
	 Some nuclei have troubles, see transcript U5_1_8_85_P6_0.39_8_0.39_9_9.9_0_1.9_1_0.98_2_0.17_A1_0.5_P_33/inp059.err for more details.
ERROR in MURE::WriteMaterial(ostream &Out)
	 Some nuclei have troubles, see transcript U5_1_8_85_P6_0.39_8_0.39_9_9.9_0_1.9_1_0.98_2_0.17_A1_0.5_P_33/inp059.err for more details.
ERROR in MURE::BuildMCNPFile
	 Some nuclei have troubles, see transcript U5_1_8_85_P6_0.39_8_0.39_9_9.9_0_1.9_1_0.98_2_0.17_A1_0.5_P_33/inp060.err for more details.
ERROR in MURE::WriteMaterial(ostream &Out)
	 Some nuclei have troubles, see transcript U5_1_8_85_P6_0.39_8_0.39_9_9.9_0_1.9_1_0.98_2_0.17_A1_0.5_P_33/inp060.err for more details.
ERROR in MURE::BuildMCNPFile
	 Some nuclei have troubles, see transcript U5_1_8_85_P6_0.39_8_0.39_9_9.9_0_1.9_1_0.98_2_0.17_A1_0.5_P_33/inp061.err for more details.
ERROR in MURE::WriteMaterial(ostream &Out)
	 Some nuclei have troubles, see transcript U5_1_8_85_P6_0.39_8_0.39_9_9.9_0_1.9_1_0.98_2_0.17_A1_0.5_P_33/inp061.err for more details.
ERROR in MURE::BuildMCNPFile
	 Some nuclei have troubles, see transcript U5_1_8_85_P6_0.39_8_0.39_9_9.9_0_1.9_1_0.98_2_0.17_A1_0.5_P_33/inp062.err for more details.
ERROR in MURE::WriteMaterial(ostream &Out)
	 Some nuclei have troubles, see transcript U5_1_8_85_P6_0.39_8_0.39_9_9.9_0_1.9_1_0.98_2_0.17_A1_0.5_P_33/inp062.err for more details.
ERROR in MURE::BuildMCNPFile
	 Some nuclei have troubles, see transcript U5_1_8_85_P6_0.39_8_0.39_9_9.9_0_1.9_1_0.98_2_0.17_A1_0.5_P_33/inp063.err for more details.
ERROR in MURE::WriteMaterial(ostream &Out)
	 Some nuclei have troubles, see transcript U5_1_8_85_P6_0.39_8_0.39_9_9.9_0_1.9_1_0.98_2_0.17_A1_0.5_P_33/inp063.err for more details.
ERROR in MURE::BuildMCNPFile
	 Some nuclei have troubles, see transcript U5_1_8_85_P6_0.39_8_0.39_9_9.9_0_1.9_1_0.98_2_0.17_A1_0.5_P_33/inp064.err for more details.
ERROR in MURE::WriteMaterial(ostream &Out)
	 Some nuclei have troubles, see transcript U5_1_8_85_P6_0.39_8_0.39_9_9.9_0_1.9_1_0.98_2_0.17_A1_0.5_P_33/inp064.err for more details.
ERROR in MURE::BuildMCNPFile
	 Some nuclei have troubles, see transcript U5_1_8_85_P6_0.39_8_0.39_9_9.9_0_1.9_1_0.98_2_0.17_A1_0.5_P_33/inp065.err for more details.
ERROR in MURE::WriteMaterial(ostream &Out)
	 Some nuclei have troubles, see transcript U5_1_8_85_P6_0.39_8_0.39_9_9.9_0_1.9_1_0.98_2_0.17_A1_0.5_P_33/inp065.err for more details.
ERROR in MURE::BuildMCNPFile
	 Some nuclei have troubles, see transcript U5_1_8_85_P6_0.39_8_0.39_9_9.9_0_1.9_1_0.98_2_0.17_A1_0.5_P_33/inp066.err for more details.
ERROR in MURE::WriteMaterial(ostream &Out)
	 Some nuclei have troubles, see transcript U5_1_8_85_P6_0.39_8_0.39_9_9.9_0_1.9_1_0.98_2_0.17_A1_0.5_P_33/inp066.err for more details.
ERROR in MURE::BuildMCNPFile
	 Some nuclei have troubles, see transcript U5_1_8_85_P6_0.39_8_0.39_9_9.9_0_1.9_1_0.98_2_0.17_A1_0.5_P_33/inp067.err for more details.
ERROR in MURE::WriteMaterial(ostream &Out)
	 Some nuclei have troubles, see transcript U5_1_8_85_P6_0.39_8_0.39_9_9.9_0_1.9_1_0.98_2_0.17_A1_0.5_P_33/inp067.err for more details.
ERROR in MURE::BuildMCNPFile
	 Some nuclei have troubles, see transcript U5_1_8_85_P6_0.39_8_0.39_9_9.9_0_1.9_1_0.98_2_0.17_A1_0.5_P_33/inp068.err for more details.
ERROR in MURE::WriteMaterial(ostream &Out)
	 Some nuclei have troubles, see transcript U5_1_8_85_P6_0.39_8_0.39_9_9.9_0_1.9_1_0.98_2_0.17_A1_0.5_P_33/inp068.err for more details.
ERROR in MURE::BuildMCNPFile
	 Some nuclei have troubles, see transcript U5_1_8_85_P6_0.39_8_0.39_9_9.9_0_1.9_1_0.98_2_0.17_A1_0.5_P_33/inp069.err for more details.
ERROR in MURE::WriteMaterial(ostream &Out)
	 Some nuclei have troubles, see transcript U5_1_8_85_P6_0.39_8_0.39_9_9.9_0_1.9_1_0.98_2_0.17_A1_0.5_P_33/inp069.err for more details.
ERROR in MURE::BuildMCNPFile
	 Some nuclei have troubles, see transcript U5_1_8_85_P6_0.39_8_0.39_9_9.9_0_1.9_1_0.98_2_0.17_A1_0.5_P_33/inp070.err for more details.
ERROR in MURE::WriteMaterial(ostream &Out)
	 Some nuclei have troubles, see transcript U5_1_8_85_P6_0.39_8_0.39_9_9.9_0_1.9_1_0.98_2_0.17_A1_0.5_P_33/inp070.err for more details.
ERROR in MURE::BuildMCNPFile
	 Some nuclei have troubles, see transcript U5_1_8_85_P6_0.39_8_0.39_9_9.9_0_1.9_1_0.98_2_0.17_A1_0.5_P_33/inp071.err for more details.
ERROR in MURE::WriteMaterial(ostream &Out)
	 Some nuclei have troubles, see transcript U5_1_8_85_P6_0.39_8_0.39_9_9.9_0_1.9_1_0.98_2_0.17_A1_0.5_P_33/inp071.err for more details.
ERROR in MURE::BuildMCNPFile
	 Some nuclei have troubles, see transcript U5_1_8_85_P6_0.39_8_0.39_9_9.9_0_1.9_1_0.98_2_0.17_A1_0.5_P_33/inp072.err for more details.
ERROR in MURE::WriteMaterial(ostream &Out)
	 Some nuclei have troubles, see transcript U5_1_8_85_P6_0.39_8_0.39_9_9.9_0_1.9_1_0.98_2_0.17_A1_0.5_P_33/inp072.err for more details.
ERROR in MURE::BuildMCNPFile
	 Some nuclei have troubles, see transcript U5_1_8_85_P6_0.39_8_0.39_9_9.9_0_1.9_1_0.98_2_0.17_A1_0.5_P_33/inp073.err for more details.
ERROR in MURE::WriteMaterial(ostream &Out)
	 Some nuclei have troubles, see transcript U5_1_8_85_P6_0.39_8_0.39_9_9.9_0_1.9_1_0.98_2_0.17_A1_0.5_P_33/inp073.err for more details.
ERROR in MURE::BuildMCNPFile
	 Some nuclei have troubles, see transcript U5_1_8_85_P6_0.39_8_0.39_9_9.9_0_1.9_1_0.98_2_0.17_A1_0.5_P_33/inp074.err for more details.
ERROR in MURE::WriteMaterial(ostream &Out)
	 Some nuclei have troubles, see transcript U5_1_8_85_P6_0.39_8_0.39_9_9.9_0_1.9_1_0.98_2_0.17_A1_0.5_P_33/inp074.err for more details.
ERROR in MURE::BuildMCNPFile
	 Some nuclei have troubles, see transcript U5_1_8_85_P6_0.39_8_0.39_9_9.9_0_1.9_1_0.98_2_0.17_A1_0.5_P_33/inp075.err for more details.
ERROR in MURE::WriteMaterial(ostream &Out)
	 Some nuclei have troubles, see transcript U5_1_8_85_P6_0.39_8_0.39_9_9.9_0_1.9_1_0.98_2_0.17_A1_0.5_P_33/inp075.err for more details.
ERROR in MURE::BuildMCNPFile
	 Some nuclei have troubles, see transcript U5_1_8_85_P6_0.39_8_0.39_9_9.9_0_1.9_1_0.98_2_0.17_A1_0.5_P_33/inp076.err for more details.
ERROR in MURE::WriteMaterial(ostream &Out)
	 Some nuclei have troubles, see transcript U5_1_8_85_P6_0.39_8_0.39_9_9.9_0_1.9_1_0.98_2_0.17_A1_0.5_P_33/inp076.err for more details.
ERROR in MURE::BuildMCNPFile
	 Some nuclei have troubles, see transcript U5_1_8_85_P6_0.39_8_0.39_9_9.9_0_1.9_1_0.98_2_0.17_A1_0.5_P_33/inp077.err for more details.
ERROR in MURE::WriteMaterial(ostream &Out)
	 Some nuclei have troubles, see transcript U5_1_8_85_P6_0.39_8_0.39_9_9.9_0_1.9_1_0.98_2_0.17_A1_0.5_P_33/inp077.err for more details.
ERROR in MURE::BuildMCNPFile
	 Some nuclei have troubles, see transcript U5_1_8_85_P6_0.39_8_0.39_9_9.9_0_1.9_1_0.98_2_0.17_A1_0.5_P_33/inp078.err for more details.
ERROR in MURE::WriteMaterial(ostream &Out)
	 Some nuclei have troubles, see transcript U5_1_8_85_P6_0.39_8_0.39_9_9.9_0_1.9_1_0.98_2_0.17_A1_0.5_P_33/inp078.err for more details.
ERROR in MURE::BuildMCNPFile
	 Some nuclei have troubles, see transcript U5_1_8_85_P6_0.39_8_0.39_9_9.9_0_1.9_1_0.98_2_0.17_A1_0.5_P_33/inp079.err for more details.
ERROR in MURE::WriteMaterial(ostream &Out)
	 Some nuclei have troubles, see transcript U5_1_8_85_P6_0.39_8_0.39_9_9.9_0_1.9_1_0.98_2_0.17_A1_0.5_P_33/inp079.err for more details.
* About to connect() to ftp.box.com port 21 (#0)
*   Trying 107.152.25.220... connected
* Connected to ftp.box.com (107.152.25.220) port 21 (#0)
< 220 Service ready for new user.
> AUTH SSL
< 234 Command AUTH okay; starting SSL connection.
* Initializing NSS with certpath: sql:/etc/pki/nssdb
*   CAfile: /etc/pki/tls/certs/ca-bundle.crt
  CApath: none
* SSL connection using TLS_RSA_WITH_AES_128_CBC_SHA
* Server certificate:
* 	subject: CN=*.box.com,O="Box, Inc.",L=Los Altos,ST=California,C=US
* 	start date: Nov 13 19:22:20 2014 GMT
* 	expire date: Oct 23 02:42:03 2017 GMT
* 	common name: *.box.com
* 	issuer: CN=GeoTrust SSL CA - G4,O=GeoTrust Inc.,C=US
> USER mouginot@wisc.edu
< 331 User name okay, need password for mouginot@wisc.edu.
> PASS line150782
< 230 User logged in, proceed.
> PBSZ 0
< 200 Command PBSZ okay.
> PROT P
< 200 Command PROT okay.
> PWD
< 257 "/" is current directory.
* Entry path is '/'
> CWD MODEL_DATA
< 250 Directory changed to /MODEL_DATA
> CWD PWR_TRU_MOX_PSPEC
< 250 Directory changed to /MODEL_DATA/PWR_TRU_MOX_PSPEC
> CWD 1000
< 250 Directory changed to /MODEL_DATA/PWR_TRU_MOX_PSPEC/1000
> PASV
* Connect data stream passively
< 227 Entering Passive Mode (107,152,25,220,69,129)
* Skips 107.152.25.220 for data connection, uses 107.152.25.220 instead
*   Trying 107.152.25.220... connected
* Connecting to 107.152.25.220 (107.152.25.220) port 17793
> TYPE I
< 200 Command TYPE okay.
> STOR 462_raw.tar.gz
< 150 File status okay; about to open data connection.
* Doing the SSL/TLS handshake on the data stream
*   CAfile: /etc/pki/tls/certs/ca-bundle.crt
  CApath: none
* SSL connection using TLS_RSA_WITH_AES_128_CBC_SHA
* Server certificate:
* 	subject: CN=*.box.com,O="Box, Inc.",L=Los Altos,ST=California,C=US
* 	start date: Nov 13 19:22:20 2014 GMT
* 	expire date: Oct 23 02:42:03 2017 GMT
* 	common name: *.box.com
* 	issuer: CN=GeoTrust SSL CA - G4,O=GeoTrust Inc.,C=US
} [data not shown]
  % Total    % Received % Xferd  Average Speed   Time    Time     Time  Current
                                 Dload  Upload   Total   Spent    Left  Speed
  0 43.5M    0     0    0 16384      0   5228  2:25:39  0:00:03  2:25:36  5228  1 43.5M    0     0    1  576k      0   154k  0:04:49  0:00:03  0:04:46  930k  4 43.5M    0     0    4 1856k      0   391k  0:01:53  0:00:04  0:01:49 1144k  7 43.5M    0     0    7 3360k      0   585k  0:01:16  0:00:05  0:01:11 1285k 10 43.5M    0     0   10 4816k      0   714k  0:01:02  0:00:06  0:00:56 1331k 14 43.5M    0     0   14 6368k      0   824k  0:00:54  0:00:07  0:00:47 1384k 17 43.5M    0     0   17 7744k      0   887k  0:00:50  0:00:08  0:00:42 1436k 20 43.5M    0     0   20 9056k      0   929k  0:00:48  0:00:09  0:00:39 1437k 26 43.5M    0     0   26 11.6M      0  1113k  0:00:40  0:00:10  0:00:30 1718k 36 43.5M    0     0   36 15.9M      0  1385k  0:00:32  0:00:11  0:00:21 2287k 46 43.5M    0     0   46 20.3M      0  1635k  0:00:27  0:00:12  0:00:15 2886k 56 43.5M    0     0   56 24.6M      0  1841k  0:00:24  0:00:13  0:00:11 3503k 66 43.5M    0     0   66 28.8M      0  2007k  0:00:22  0:00:14  0:00:08 4112k 73 43.5M    0     0   73 32.1M      0  2091k  0:00:21  0:00:15  0:00:06 4191k 83 43.5M    0     0   83 36.2M      0  2220k  0:00:20  0:00:16  0:00:04 4186k 93 43.5M    0     0   93 40.6M      0  2350k  0:00:18  0:00:17  0:00:01 4168k* Remembering we are in dir "MODEL_DATA/PWR_TRU_MOX_PSPEC/1000/"
< 226 Transfer complete.
100 43.5M    0     0  100 43.5M      0  2346k  0:00:19  0:00:19 --:--:-- 3659k* Connection #0 to host ftp.box.com left intact

> QUIT
< 221 Goodbye.
* Closing connection #0
