ERROR in MURE::BuildXSDIR()
	 Some nuclei have troubles, see transcript U5_1.8_8_87_P6_0.32_8_0.22_9_5.5_0_1.4_1_1_2_1.9_A1_0.99_P_26/inp000.err for more details.
ERROR in MURE::BuildMCNPFile
	 Some nuclei have troubles, see transcript U5_1.8_8_87_P6_0.32_8_0.22_9_5.5_0_1.4_1_1_2_1.9_A1_0.99_P_26/inp000.err for more details.
ERROR in MURE::WriteMaterial(ostream &Out)
	 Some nuclei have troubles, see transcript U5_1.8_8_87_P6_0.32_8_0.22_9_5.5_0_1.4_1_1_2_1.9_A1_0.99_P_26/inp000.err for more details.
ERROR in MURE::BuildMCNPFile
	 Some nuclei have troubles, see transcript U5_1.8_8_87_P6_0.32_8_0.22_9_5.5_0_1.4_1_1_2_1.9_A1_0.99_P_26/inp001.err for more details.
ERROR in MURE::WriteMaterial(ostream &Out)
	 Some nuclei have troubles, see transcript U5_1.8_8_87_P6_0.32_8_0.22_9_5.5_0_1.4_1_1_2_1.9_A1_0.99_P_26/inp001.err for more details.
ERROR in MURE::BuildMCNPFile
	 Some nuclei have troubles, see transcript U5_1.8_8_87_P6_0.32_8_0.22_9_5.5_0_1.4_1_1_2_1.9_A1_0.99_P_26/inp002.err for more details.
ERROR in MURE::WriteMaterial(ostream &Out)
	 Some nuclei have troubles, see transcript U5_1.8_8_87_P6_0.32_8_0.22_9_5.5_0_1.4_1_1_2_1.9_A1_0.99_P_26/inp002.err for more details.
ERROR in MURE::BuildMCNPFile
	 Some nuclei have troubles, see transcript U5_1.8_8_87_P6_0.32_8_0.22_9_5.5_0_1.4_1_1_2_1.9_A1_0.99_P_26/inp003.err for more details.
ERROR in MURE::WriteMaterial(ostream &Out)
	 Some nuclei have troubles, see transcript U5_1.8_8_87_P6_0.32_8_0.22_9_5.5_0_1.4_1_1_2_1.9_A1_0.99_P_26/inp003.err for more details.
ERROR in MURE::BuildMCNPFile
	 Some nuclei have troubles, see transcript U5_1.8_8_87_P6_0.32_8_0.22_9_5.5_0_1.4_1_1_2_1.9_A1_0.99_P_26/inp004.err for more details.
ERROR in MURE::WriteMaterial(ostream &Out)
	 Some nuclei have troubles, see transcript U5_1.8_8_87_P6_0.32_8_0.22_9_5.5_0_1.4_1_1_2_1.9_A1_0.99_P_26/inp004.err for more details.
ERROR in MURE::BuildMCNPFile
	 Some nuclei have troubles, see transcript U5_1.8_8_87_P6_0.32_8_0.22_9_5.5_0_1.4_1_1_2_1.9_A1_0.99_P_26/inp005.err for more details.
ERROR in MURE::WriteMaterial(ostream &Out)
	 Some nuclei have troubles, see transcript U5_1.8_8_87_P6_0.32_8_0.22_9_5.5_0_1.4_1_1_2_1.9_A1_0.99_P_26/inp005.err for more details.
ERROR in MURE::BuildMCNPFile
	 Some nuclei have troubles, see transcript U5_1.8_8_87_P6_0.32_8_0.22_9_5.5_0_1.4_1_1_2_1.9_A1_0.99_P_26/inp006.err for more details.
ERROR in MURE::WriteMaterial(ostream &Out)
	 Some nuclei have troubles, see transcript U5_1.8_8_87_P6_0.32_8_0.22_9_5.5_0_1.4_1_1_2_1.9_A1_0.99_P_26/inp006.err for more details.
ERROR in MURE::BuildMCNPFile
	 Some nuclei have troubles, see transcript U5_1.8_8_87_P6_0.32_8_0.22_9_5.5_0_1.4_1_1_2_1.9_A1_0.99_P_26/inp007.err for more details.
ERROR in MURE::WriteMaterial(ostream &Out)
	 Some nuclei have troubles, see transcript U5_1.8_8_87_P6_0.32_8_0.22_9_5.5_0_1.4_1_1_2_1.9_A1_0.99_P_26/inp007.err for more details.
ERROR in MURE::BuildMCNPFile
	 Some nuclei have troubles, see transcript U5_1.8_8_87_P6_0.32_8_0.22_9_5.5_0_1.4_1_1_2_1.9_A1_0.99_P_26/inp008.err for more details.
ERROR in MURE::WriteMaterial(ostream &Out)
	 Some nuclei have troubles, see transcript U5_1.8_8_87_P6_0.32_8_0.22_9_5.5_0_1.4_1_1_2_1.9_A1_0.99_P_26/inp008.err for more details.
ERROR in MURE::BuildMCNPFile
	 Some nuclei have troubles, see transcript U5_1.8_8_87_P6_0.32_8_0.22_9_5.5_0_1.4_1_1_2_1.9_A1_0.99_P_26/inp009.err for more details.
ERROR in MURE::WriteMaterial(ostream &Out)
	 Some nuclei have troubles, see transcript U5_1.8_8_87_P6_0.32_8_0.22_9_5.5_0_1.4_1_1_2_1.9_A1_0.99_P_26/inp009.err for more details.
ERROR in MURE::BuildMCNPFile
	 Some nuclei have troubles, see transcript U5_1.8_8_87_P6_0.32_8_0.22_9_5.5_0_1.4_1_1_2_1.9_A1_0.99_P_26/inp010.err for more details.
ERROR in MURE::WriteMaterial(ostream &Out)
	 Some nuclei have troubles, see transcript U5_1.8_8_87_P6_0.32_8_0.22_9_5.5_0_1.4_1_1_2_1.9_A1_0.99_P_26/inp010.err for more details.
ERROR in MURE::BuildMCNPFile
	 Some nuclei have troubles, see transcript U5_1.8_8_87_P6_0.32_8_0.22_9_5.5_0_1.4_1_1_2_1.9_A1_0.99_P_26/inp011.err for more details.
ERROR in MURE::WriteMaterial(ostream &Out)
	 Some nuclei have troubles, see transcript U5_1.8_8_87_P6_0.32_8_0.22_9_5.5_0_1.4_1_1_2_1.9_A1_0.99_P_26/inp011.err for more details.
ERROR in MURE::BuildMCNPFile
	 Some nuclei have troubles, see transcript U5_1.8_8_87_P6_0.32_8_0.22_9_5.5_0_1.4_1_1_2_1.9_A1_0.99_P_26/inp012.err for more details.
ERROR in MURE::WriteMaterial(ostream &Out)
	 Some nuclei have troubles, see transcript U5_1.8_8_87_P6_0.32_8_0.22_9_5.5_0_1.4_1_1_2_1.9_A1_0.99_P_26/inp012.err for more details.
ERROR in MURE::BuildMCNPFile
	 Some nuclei have troubles, see transcript U5_1.8_8_87_P6_0.32_8_0.22_9_5.5_0_1.4_1_1_2_1.9_A1_0.99_P_26/inp013.err for more details.
ERROR in MURE::WriteMaterial(ostream &Out)
	 Some nuclei have troubles, see transcript U5_1.8_8_87_P6_0.32_8_0.22_9_5.5_0_1.4_1_1_2_1.9_A1_0.99_P_26/inp013.err for more details.
ERROR in MURE::BuildMCNPFile
	 Some nuclei have troubles, see transcript U5_1.8_8_87_P6_0.32_8_0.22_9_5.5_0_1.4_1_1_2_1.9_A1_0.99_P_26/inp014.err for more details.
ERROR in MURE::WriteMaterial(ostream &Out)
	 Some nuclei have troubles, see transcript U5_1.8_8_87_P6_0.32_8_0.22_9_5.5_0_1.4_1_1_2_1.9_A1_0.99_P_26/inp014.err for more details.
ERROR in MURE::BuildMCNPFile
	 Some nuclei have troubles, see transcript U5_1.8_8_87_P6_0.32_8_0.22_9_5.5_0_1.4_1_1_2_1.9_A1_0.99_P_26/inp015.err for more details.
ERROR in MURE::WriteMaterial(ostream &Out)
	 Some nuclei have troubles, see transcript U5_1.8_8_87_P6_0.32_8_0.22_9_5.5_0_1.4_1_1_2_1.9_A1_0.99_P_26/inp015.err for more details.
ERROR in MURE::BuildMCNPFile
	 Some nuclei have troubles, see transcript U5_1.8_8_87_P6_0.32_8_0.22_9_5.5_0_1.4_1_1_2_1.9_A1_0.99_P_26/inp016.err for more details.
ERROR in MURE::WriteMaterial(ostream &Out)
	 Some nuclei have troubles, see transcript U5_1.8_8_87_P6_0.32_8_0.22_9_5.5_0_1.4_1_1_2_1.9_A1_0.99_P_26/inp016.err for more details.
ERROR in MURE::BuildMCNPFile
	 Some nuclei have troubles, see transcript U5_1.8_8_87_P6_0.32_8_0.22_9_5.5_0_1.4_1_1_2_1.9_A1_0.99_P_26/inp017.err for more details.
ERROR in MURE::WriteMaterial(ostream &Out)
	 Some nuclei have troubles, see transcript U5_1.8_8_87_P6_0.32_8_0.22_9_5.5_0_1.4_1_1_2_1.9_A1_0.99_P_26/inp017.err for more details.
ERROR in MURE::BuildMCNPFile
	 Some nuclei have troubles, see transcript U5_1.8_8_87_P6_0.32_8_0.22_9_5.5_0_1.4_1_1_2_1.9_A1_0.99_P_26/inp018.err for more details.
ERROR in MURE::WriteMaterial(ostream &Out)
	 Some nuclei have troubles, see transcript U5_1.8_8_87_P6_0.32_8_0.22_9_5.5_0_1.4_1_1_2_1.9_A1_0.99_P_26/inp018.err for more details.
ERROR in MURE::BuildMCNPFile
	 Some nuclei have troubles, see transcript U5_1.8_8_87_P6_0.32_8_0.22_9_5.5_0_1.4_1_1_2_1.9_A1_0.99_P_26/inp019.err for more details.
ERROR in MURE::WriteMaterial(ostream &Out)
	 Some nuclei have troubles, see transcript U5_1.8_8_87_P6_0.32_8_0.22_9_5.5_0_1.4_1_1_2_1.9_A1_0.99_P_26/inp019.err for more details.
ERROR in MURE::BuildMCNPFile
	 Some nuclei have troubles, see transcript U5_1.8_8_87_P6_0.32_8_0.22_9_5.5_0_1.4_1_1_2_1.9_A1_0.99_P_26/inp020.err for more details.
ERROR in MURE::WriteMaterial(ostream &Out)
	 Some nuclei have troubles, see transcript U5_1.8_8_87_P6_0.32_8_0.22_9_5.5_0_1.4_1_1_2_1.9_A1_0.99_P_26/inp020.err for more details.
ERROR in MURE::BuildMCNPFile
	 Some nuclei have troubles, see transcript U5_1.8_8_87_P6_0.32_8_0.22_9_5.5_0_1.4_1_1_2_1.9_A1_0.99_P_26/inp021.err for more details.
ERROR in MURE::WriteMaterial(ostream &Out)
	 Some nuclei have troubles, see transcript U5_1.8_8_87_P6_0.32_8_0.22_9_5.5_0_1.4_1_1_2_1.9_A1_0.99_P_26/inp021.err for more details.
ERROR in MURE::BuildMCNPFile
	 Some nuclei have troubles, see transcript U5_1.8_8_87_P6_0.32_8_0.22_9_5.5_0_1.4_1_1_2_1.9_A1_0.99_P_26/inp022.err for more details.
ERROR in MURE::WriteMaterial(ostream &Out)
	 Some nuclei have troubles, see transcript U5_1.8_8_87_P6_0.32_8_0.22_9_5.5_0_1.4_1_1_2_1.9_A1_0.99_P_26/inp022.err for more details.
ERROR in MURE::BuildMCNPFile
	 Some nuclei have troubles, see transcript U5_1.8_8_87_P6_0.32_8_0.22_9_5.5_0_1.4_1_1_2_1.9_A1_0.99_P_26/inp023.err for more details.
ERROR in MURE::WriteMaterial(ostream &Out)
	 Some nuclei have troubles, see transcript U5_1.8_8_87_P6_0.32_8_0.22_9_5.5_0_1.4_1_1_2_1.9_A1_0.99_P_26/inp023.err for more details.
ERROR in MURE::BuildMCNPFile
	 Some nuclei have troubles, see transcript U5_1.8_8_87_P6_0.32_8_0.22_9_5.5_0_1.4_1_1_2_1.9_A1_0.99_P_26/inp024.err for more details.
ERROR in MURE::WriteMaterial(ostream &Out)
	 Some nuclei have troubles, see transcript U5_1.8_8_87_P6_0.32_8_0.22_9_5.5_0_1.4_1_1_2_1.9_A1_0.99_P_26/inp024.err for more details.
ERROR in MURE::BuildMCNPFile
	 Some nuclei have troubles, see transcript U5_1.8_8_87_P6_0.32_8_0.22_9_5.5_0_1.4_1_1_2_1.9_A1_0.99_P_26/inp025.err for more details.
ERROR in MURE::WriteMaterial(ostream &Out)
	 Some nuclei have troubles, see transcript U5_1.8_8_87_P6_0.32_8_0.22_9_5.5_0_1.4_1_1_2_1.9_A1_0.99_P_26/inp025.err for more details.
ERROR in MURE::BuildMCNPFile
	 Some nuclei have troubles, see transcript U5_1.8_8_87_P6_0.32_8_0.22_9_5.5_0_1.4_1_1_2_1.9_A1_0.99_P_26/inp026.err for more details.
ERROR in MURE::WriteMaterial(ostream &Out)
	 Some nuclei have troubles, see transcript U5_1.8_8_87_P6_0.32_8_0.22_9_5.5_0_1.4_1_1_2_1.9_A1_0.99_P_26/inp026.err for more details.
ERROR in MURE::BuildMCNPFile
	 Some nuclei have troubles, see transcript U5_1.8_8_87_P6_0.32_8_0.22_9_5.5_0_1.4_1_1_2_1.9_A1_0.99_P_26/inp027.err for more details.
ERROR in MURE::WriteMaterial(ostream &Out)
	 Some nuclei have troubles, see transcript U5_1.8_8_87_P6_0.32_8_0.22_9_5.5_0_1.4_1_1_2_1.9_A1_0.99_P_26/inp027.err for more details.
ERROR in MURE::BuildMCNPFile
	 Some nuclei have troubles, see transcript U5_1.8_8_87_P6_0.32_8_0.22_9_5.5_0_1.4_1_1_2_1.9_A1_0.99_P_26/inp028.err for more details.
ERROR in MURE::WriteMaterial(ostream &Out)
	 Some nuclei have troubles, see transcript U5_1.8_8_87_P6_0.32_8_0.22_9_5.5_0_1.4_1_1_2_1.9_A1_0.99_P_26/inp028.err for more details.
ERROR in MURE::BuildMCNPFile
	 Some nuclei have troubles, see transcript U5_1.8_8_87_P6_0.32_8_0.22_9_5.5_0_1.4_1_1_2_1.9_A1_0.99_P_26/inp029.err for more details.
ERROR in MURE::WriteMaterial(ostream &Out)
	 Some nuclei have troubles, see transcript U5_1.8_8_87_P6_0.32_8_0.22_9_5.5_0_1.4_1_1_2_1.9_A1_0.99_P_26/inp029.err for more details.
ERROR in MURE::BuildMCNPFile
	 Some nuclei have troubles, see transcript U5_1.8_8_87_P6_0.32_8_0.22_9_5.5_0_1.4_1_1_2_1.9_A1_0.99_P_26/inp030.err for more details.
ERROR in MURE::WriteMaterial(ostream &Out)
	 Some nuclei have troubles, see transcript U5_1.8_8_87_P6_0.32_8_0.22_9_5.5_0_1.4_1_1_2_1.9_A1_0.99_P_26/inp030.err for more details.
ERROR in MURE::BuildMCNPFile
	 Some nuclei have troubles, see transcript U5_1.8_8_87_P6_0.32_8_0.22_9_5.5_0_1.4_1_1_2_1.9_A1_0.99_P_26/inp031.err for more details.
ERROR in MURE::WriteMaterial(ostream &Out)
	 Some nuclei have troubles, see transcript U5_1.8_8_87_P6_0.32_8_0.22_9_5.5_0_1.4_1_1_2_1.9_A1_0.99_P_26/inp031.err for more details.
ERROR in MURE::BuildMCNPFile
	 Some nuclei have troubles, see transcript U5_1.8_8_87_P6_0.32_8_0.22_9_5.5_0_1.4_1_1_2_1.9_A1_0.99_P_26/inp032.err for more details.
ERROR in MURE::WriteMaterial(ostream &Out)
	 Some nuclei have troubles, see transcript U5_1.8_8_87_P6_0.32_8_0.22_9_5.5_0_1.4_1_1_2_1.9_A1_0.99_P_26/inp032.err for more details.
ERROR in MURE::BuildMCNPFile
	 Some nuclei have troubles, see transcript U5_1.8_8_87_P6_0.32_8_0.22_9_5.5_0_1.4_1_1_2_1.9_A1_0.99_P_26/inp033.err for more details.
ERROR in MURE::WriteMaterial(ostream &Out)
	 Some nuclei have troubles, see transcript U5_1.8_8_87_P6_0.32_8_0.22_9_5.5_0_1.4_1_1_2_1.9_A1_0.99_P_26/inp033.err for more details.
ERROR in MURE::BuildMCNPFile
	 Some nuclei have troubles, see transcript U5_1.8_8_87_P6_0.32_8_0.22_9_5.5_0_1.4_1_1_2_1.9_A1_0.99_P_26/inp034.err for more details.
ERROR in MURE::WriteMaterial(ostream &Out)
	 Some nuclei have troubles, see transcript U5_1.8_8_87_P6_0.32_8_0.22_9_5.5_0_1.4_1_1_2_1.9_A1_0.99_P_26/inp034.err for more details.
ERROR in MURE::BuildMCNPFile
	 Some nuclei have troubles, see transcript U5_1.8_8_87_P6_0.32_8_0.22_9_5.5_0_1.4_1_1_2_1.9_A1_0.99_P_26/inp035.err for more details.
ERROR in MURE::WriteMaterial(ostream &Out)
	 Some nuclei have troubles, see transcript U5_1.8_8_87_P6_0.32_8_0.22_9_5.5_0_1.4_1_1_2_1.9_A1_0.99_P_26/inp035.err for more details.
ERROR in MURE::BuildMCNPFile
	 Some nuclei have troubles, see transcript U5_1.8_8_87_P6_0.32_8_0.22_9_5.5_0_1.4_1_1_2_1.9_A1_0.99_P_26/inp036.err for more details.
ERROR in MURE::WriteMaterial(ostream &Out)
	 Some nuclei have troubles, see transcript U5_1.8_8_87_P6_0.32_8_0.22_9_5.5_0_1.4_1_1_2_1.9_A1_0.99_P_26/inp036.err for more details.
ERROR in MURE::BuildMCNPFile
	 Some nuclei have troubles, see transcript U5_1.8_8_87_P6_0.32_8_0.22_9_5.5_0_1.4_1_1_2_1.9_A1_0.99_P_26/inp037.err for more details.
ERROR in MURE::WriteMaterial(ostream &Out)
	 Some nuclei have troubles, see transcript U5_1.8_8_87_P6_0.32_8_0.22_9_5.5_0_1.4_1_1_2_1.9_A1_0.99_P_26/inp037.err for more details.
ERROR in MURE::BuildMCNPFile
	 Some nuclei have troubles, see transcript U5_1.8_8_87_P6_0.32_8_0.22_9_5.5_0_1.4_1_1_2_1.9_A1_0.99_P_26/inp038.err for more details.
ERROR in MURE::WriteMaterial(ostream &Out)
	 Some nuclei have troubles, see transcript U5_1.8_8_87_P6_0.32_8_0.22_9_5.5_0_1.4_1_1_2_1.9_A1_0.99_P_26/inp038.err for more details.
ERROR in MURE::BuildMCNPFile
	 Some nuclei have troubles, see transcript U5_1.8_8_87_P6_0.32_8_0.22_9_5.5_0_1.4_1_1_2_1.9_A1_0.99_P_26/inp039.err for more details.
ERROR in MURE::WriteMaterial(ostream &Out)
	 Some nuclei have troubles, see transcript U5_1.8_8_87_P6_0.32_8_0.22_9_5.5_0_1.4_1_1_2_1.9_A1_0.99_P_26/inp039.err for more details.
ERROR in MURE::BuildMCNPFile
	 Some nuclei have troubles, see transcript U5_1.8_8_87_P6_0.32_8_0.22_9_5.5_0_1.4_1_1_2_1.9_A1_0.99_P_26/inp040.err for more details.
ERROR in MURE::WriteMaterial(ostream &Out)
	 Some nuclei have troubles, see transcript U5_1.8_8_87_P6_0.32_8_0.22_9_5.5_0_1.4_1_1_2_1.9_A1_0.99_P_26/inp040.err for more details.
ERROR in MURE::BuildMCNPFile
	 Some nuclei have troubles, see transcript U5_1.8_8_87_P6_0.32_8_0.22_9_5.5_0_1.4_1_1_2_1.9_A1_0.99_P_26/inp041.err for more details.
ERROR in MURE::WriteMaterial(ostream &Out)
	 Some nuclei have troubles, see transcript U5_1.8_8_87_P6_0.32_8_0.22_9_5.5_0_1.4_1_1_2_1.9_A1_0.99_P_26/inp041.err for more details.
ERROR in MURE::BuildMCNPFile
	 Some nuclei have troubles, see transcript U5_1.8_8_87_P6_0.32_8_0.22_9_5.5_0_1.4_1_1_2_1.9_A1_0.99_P_26/inp042.err for more details.
ERROR in MURE::WriteMaterial(ostream &Out)
	 Some nuclei have troubles, see transcript U5_1.8_8_87_P6_0.32_8_0.22_9_5.5_0_1.4_1_1_2_1.9_A1_0.99_P_26/inp042.err for more details.
ERROR in MURE::BuildMCNPFile
	 Some nuclei have troubles, see transcript U5_1.8_8_87_P6_0.32_8_0.22_9_5.5_0_1.4_1_1_2_1.9_A1_0.99_P_26/inp043.err for more details.
ERROR in MURE::WriteMaterial(ostream &Out)
	 Some nuclei have troubles, see transcript U5_1.8_8_87_P6_0.32_8_0.22_9_5.5_0_1.4_1_1_2_1.9_A1_0.99_P_26/inp043.err for more details.
ERROR in MURE::BuildMCNPFile
	 Some nuclei have troubles, see transcript U5_1.8_8_87_P6_0.32_8_0.22_9_5.5_0_1.4_1_1_2_1.9_A1_0.99_P_26/inp044.err for more details.
ERROR in MURE::WriteMaterial(ostream &Out)
	 Some nuclei have troubles, see transcript U5_1.8_8_87_P6_0.32_8_0.22_9_5.5_0_1.4_1_1_2_1.9_A1_0.99_P_26/inp044.err for more details.
ERROR in MURE::BuildMCNPFile
	 Some nuclei have troubles, see transcript U5_1.8_8_87_P6_0.32_8_0.22_9_5.5_0_1.4_1_1_2_1.9_A1_0.99_P_26/inp045.err for more details.
ERROR in MURE::WriteMaterial(ostream &Out)
	 Some nuclei have troubles, see transcript U5_1.8_8_87_P6_0.32_8_0.22_9_5.5_0_1.4_1_1_2_1.9_A1_0.99_P_26/inp045.err for more details.
ERROR in MURE::BuildMCNPFile
	 Some nuclei have troubles, see transcript U5_1.8_8_87_P6_0.32_8_0.22_9_5.5_0_1.4_1_1_2_1.9_A1_0.99_P_26/inp046.err for more details.
ERROR in MURE::WriteMaterial(ostream &Out)
	 Some nuclei have troubles, see transcript U5_1.8_8_87_P6_0.32_8_0.22_9_5.5_0_1.4_1_1_2_1.9_A1_0.99_P_26/inp046.err for more details.
ERROR in MURE::BuildMCNPFile
	 Some nuclei have troubles, see transcript U5_1.8_8_87_P6_0.32_8_0.22_9_5.5_0_1.4_1_1_2_1.9_A1_0.99_P_26/inp047.err for more details.
ERROR in MURE::WriteMaterial(ostream &Out)
	 Some nuclei have troubles, see transcript U5_1.8_8_87_P6_0.32_8_0.22_9_5.5_0_1.4_1_1_2_1.9_A1_0.99_P_26/inp047.err for more details.
ERROR in MURE::BuildMCNPFile
	 Some nuclei have troubles, see transcript U5_1.8_8_87_P6_0.32_8_0.22_9_5.5_0_1.4_1_1_2_1.9_A1_0.99_P_26/inp048.err for more details.
ERROR in MURE::WriteMaterial(ostream &Out)
	 Some nuclei have troubles, see transcript U5_1.8_8_87_P6_0.32_8_0.22_9_5.5_0_1.4_1_1_2_1.9_A1_0.99_P_26/inp048.err for more details.
ERROR in MURE::BuildMCNPFile
	 Some nuclei have troubles, see transcript U5_1.8_8_87_P6_0.32_8_0.22_9_5.5_0_1.4_1_1_2_1.9_A1_0.99_P_26/inp049.err for more details.
ERROR in MURE::WriteMaterial(ostream &Out)
	 Some nuclei have troubles, see transcript U5_1.8_8_87_P6_0.32_8_0.22_9_5.5_0_1.4_1_1_2_1.9_A1_0.99_P_26/inp049.err for more details.
ERROR in MURE::BuildMCNPFile
	 Some nuclei have troubles, see transcript U5_1.8_8_87_P6_0.32_8_0.22_9_5.5_0_1.4_1_1_2_1.9_A1_0.99_P_26/inp050.err for more details.
ERROR in MURE::WriteMaterial(ostream &Out)
	 Some nuclei have troubles, see transcript U5_1.8_8_87_P6_0.32_8_0.22_9_5.5_0_1.4_1_1_2_1.9_A1_0.99_P_26/inp050.err for more details.
ERROR in MURE::BuildMCNPFile
	 Some nuclei have troubles, see transcript U5_1.8_8_87_P6_0.32_8_0.22_9_5.5_0_1.4_1_1_2_1.9_A1_0.99_P_26/inp051.err for more details.
ERROR in MURE::WriteMaterial(ostream &Out)
	 Some nuclei have troubles, see transcript U5_1.8_8_87_P6_0.32_8_0.22_9_5.5_0_1.4_1_1_2_1.9_A1_0.99_P_26/inp051.err for more details.
ERROR in MURE::BuildMCNPFile
	 Some nuclei have troubles, see transcript U5_1.8_8_87_P6_0.32_8_0.22_9_5.5_0_1.4_1_1_2_1.9_A1_0.99_P_26/inp052.err for more details.
ERROR in MURE::WriteMaterial(ostream &Out)
	 Some nuclei have troubles, see transcript U5_1.8_8_87_P6_0.32_8_0.22_9_5.5_0_1.4_1_1_2_1.9_A1_0.99_P_26/inp052.err for more details.
ERROR in MURE::BuildMCNPFile
	 Some nuclei have troubles, see transcript U5_1.8_8_87_P6_0.32_8_0.22_9_5.5_0_1.4_1_1_2_1.9_A1_0.99_P_26/inp053.err for more details.
ERROR in MURE::WriteMaterial(ostream &Out)
	 Some nuclei have troubles, see transcript U5_1.8_8_87_P6_0.32_8_0.22_9_5.5_0_1.4_1_1_2_1.9_A1_0.99_P_26/inp053.err for more details.
ERROR in MURE::BuildMCNPFile
	 Some nuclei have troubles, see transcript U5_1.8_8_87_P6_0.32_8_0.22_9_5.5_0_1.4_1_1_2_1.9_A1_0.99_P_26/inp054.err for more details.
ERROR in MURE::WriteMaterial(ostream &Out)
	 Some nuclei have troubles, see transcript U5_1.8_8_87_P6_0.32_8_0.22_9_5.5_0_1.4_1_1_2_1.9_A1_0.99_P_26/inp054.err for more details.
ERROR in MURE::BuildMCNPFile
	 Some nuclei have troubles, see transcript U5_1.8_8_87_P6_0.32_8_0.22_9_5.5_0_1.4_1_1_2_1.9_A1_0.99_P_26/inp055.err for more details.
ERROR in MURE::WriteMaterial(ostream &Out)
	 Some nuclei have troubles, see transcript U5_1.8_8_87_P6_0.32_8_0.22_9_5.5_0_1.4_1_1_2_1.9_A1_0.99_P_26/inp055.err for more details.
ERROR in MURE::BuildMCNPFile
	 Some nuclei have troubles, see transcript U5_1.8_8_87_P6_0.32_8_0.22_9_5.5_0_1.4_1_1_2_1.9_A1_0.99_P_26/inp056.err for more details.
ERROR in MURE::WriteMaterial(ostream &Out)
	 Some nuclei have troubles, see transcript U5_1.8_8_87_P6_0.32_8_0.22_9_5.5_0_1.4_1_1_2_1.9_A1_0.99_P_26/inp056.err for more details.
ERROR in MURE::BuildMCNPFile
	 Some nuclei have troubles, see transcript U5_1.8_8_87_P6_0.32_8_0.22_9_5.5_0_1.4_1_1_2_1.9_A1_0.99_P_26/inp057.err for more details.
ERROR in MURE::WriteMaterial(ostream &Out)
	 Some nuclei have troubles, see transcript U5_1.8_8_87_P6_0.32_8_0.22_9_5.5_0_1.4_1_1_2_1.9_A1_0.99_P_26/inp057.err for more details.
ERROR in MURE::BuildMCNPFile
	 Some nuclei have troubles, see transcript U5_1.8_8_87_P6_0.32_8_0.22_9_5.5_0_1.4_1_1_2_1.9_A1_0.99_P_26/inp058.err for more details.
ERROR in MURE::WriteMaterial(ostream &Out)
	 Some nuclei have troubles, see transcript U5_1.8_8_87_P6_0.32_8_0.22_9_5.5_0_1.4_1_1_2_1.9_A1_0.99_P_26/inp058.err for more details.
ERROR in MURE::BuildMCNPFile
	 Some nuclei have troubles, see transcript U5_1.8_8_87_P6_0.32_8_0.22_9_5.5_0_1.4_1_1_2_1.9_A1_0.99_P_26/inp059.err for more details.
ERROR in MURE::WriteMaterial(ostream &Out)
	 Some nuclei have troubles, see transcript U5_1.8_8_87_P6_0.32_8_0.22_9_5.5_0_1.4_1_1_2_1.9_A1_0.99_P_26/inp059.err for more details.
ERROR in MURE::BuildMCNPFile
	 Some nuclei have troubles, see transcript U5_1.8_8_87_P6_0.32_8_0.22_9_5.5_0_1.4_1_1_2_1.9_A1_0.99_P_26/inp060.err for more details.
ERROR in MURE::WriteMaterial(ostream &Out)
	 Some nuclei have troubles, see transcript U5_1.8_8_87_P6_0.32_8_0.22_9_5.5_0_1.4_1_1_2_1.9_A1_0.99_P_26/inp060.err for more details.
ERROR in MURE::BuildMCNPFile
	 Some nuclei have troubles, see transcript U5_1.8_8_87_P6_0.32_8_0.22_9_5.5_0_1.4_1_1_2_1.9_A1_0.99_P_26/inp061.err for more details.
ERROR in MURE::WriteMaterial(ostream &Out)
	 Some nuclei have troubles, see transcript U5_1.8_8_87_P6_0.32_8_0.22_9_5.5_0_1.4_1_1_2_1.9_A1_0.99_P_26/inp061.err for more details.
ERROR in MURE::BuildMCNPFile
	 Some nuclei have troubles, see transcript U5_1.8_8_87_P6_0.32_8_0.22_9_5.5_0_1.4_1_1_2_1.9_A1_0.99_P_26/inp062.err for more details.
ERROR in MURE::WriteMaterial(ostream &Out)
	 Some nuclei have troubles, see transcript U5_1.8_8_87_P6_0.32_8_0.22_9_5.5_0_1.4_1_1_2_1.9_A1_0.99_P_26/inp062.err for more details.
ERROR in MURE::BuildMCNPFile
	 Some nuclei have troubles, see transcript U5_1.8_8_87_P6_0.32_8_0.22_9_5.5_0_1.4_1_1_2_1.9_A1_0.99_P_26/inp063.err for more details.
ERROR in MURE::WriteMaterial(ostream &Out)
	 Some nuclei have troubles, see transcript U5_1.8_8_87_P6_0.32_8_0.22_9_5.5_0_1.4_1_1_2_1.9_A1_0.99_P_26/inp063.err for more details.
ERROR in MURE::BuildMCNPFile
	 Some nuclei have troubles, see transcript U5_1.8_8_87_P6_0.32_8_0.22_9_5.5_0_1.4_1_1_2_1.9_A1_0.99_P_26/inp064.err for more details.
ERROR in MURE::WriteMaterial(ostream &Out)
	 Some nuclei have troubles, see transcript U5_1.8_8_87_P6_0.32_8_0.22_9_5.5_0_1.4_1_1_2_1.9_A1_0.99_P_26/inp064.err for more details.
ERROR in MURE::BuildMCNPFile
	 Some nuclei have troubles, see transcript U5_1.8_8_87_P6_0.32_8_0.22_9_5.5_0_1.4_1_1_2_1.9_A1_0.99_P_26/inp065.err for more details.
ERROR in MURE::WriteMaterial(ostream &Out)
	 Some nuclei have troubles, see transcript U5_1.8_8_87_P6_0.32_8_0.22_9_5.5_0_1.4_1_1_2_1.9_A1_0.99_P_26/inp065.err for more details.
ERROR in MURE::BuildMCNPFile
	 Some nuclei have troubles, see transcript U5_1.8_8_87_P6_0.32_8_0.22_9_5.5_0_1.4_1_1_2_1.9_A1_0.99_P_26/inp066.err for more details.
ERROR in MURE::WriteMaterial(ostream &Out)
	 Some nuclei have troubles, see transcript U5_1.8_8_87_P6_0.32_8_0.22_9_5.5_0_1.4_1_1_2_1.9_A1_0.99_P_26/inp066.err for more details.
ERROR in MURE::BuildMCNPFile
	 Some nuclei have troubles, see transcript U5_1.8_8_87_P6_0.32_8_0.22_9_5.5_0_1.4_1_1_2_1.9_A1_0.99_P_26/inp067.err for more details.
ERROR in MURE::WriteMaterial(ostream &Out)
	 Some nuclei have troubles, see transcript U5_1.8_8_87_P6_0.32_8_0.22_9_5.5_0_1.4_1_1_2_1.9_A1_0.99_P_26/inp067.err for more details.
ERROR in MURE::BuildMCNPFile
	 Some nuclei have troubles, see transcript U5_1.8_8_87_P6_0.32_8_0.22_9_5.5_0_1.4_1_1_2_1.9_A1_0.99_P_26/inp068.err for more details.
ERROR in MURE::WriteMaterial(ostream &Out)
	 Some nuclei have troubles, see transcript U5_1.8_8_87_P6_0.32_8_0.22_9_5.5_0_1.4_1_1_2_1.9_A1_0.99_P_26/inp068.err for more details.
ERROR in MURE::BuildMCNPFile
	 Some nuclei have troubles, see transcript U5_1.8_8_87_P6_0.32_8_0.22_9_5.5_0_1.4_1_1_2_1.9_A1_0.99_P_26/inp069.err for more details.
ERROR in MURE::WriteMaterial(ostream &Out)
	 Some nuclei have troubles, see transcript U5_1.8_8_87_P6_0.32_8_0.22_9_5.5_0_1.4_1_1_2_1.9_A1_0.99_P_26/inp069.err for more details.
ERROR in MURE::BuildMCNPFile
	 Some nuclei have troubles, see transcript U5_1.8_8_87_P6_0.32_8_0.22_9_5.5_0_1.4_1_1_2_1.9_A1_0.99_P_26/inp070.err for more details.
ERROR in MURE::WriteMaterial(ostream &Out)
	 Some nuclei have troubles, see transcript U5_1.8_8_87_P6_0.32_8_0.22_9_5.5_0_1.4_1_1_2_1.9_A1_0.99_P_26/inp070.err for more details.
ERROR in MURE::BuildMCNPFile
	 Some nuclei have troubles, see transcript U5_1.8_8_87_P6_0.32_8_0.22_9_5.5_0_1.4_1_1_2_1.9_A1_0.99_P_26/inp071.err for more details.
ERROR in MURE::WriteMaterial(ostream &Out)
	 Some nuclei have troubles, see transcript U5_1.8_8_87_P6_0.32_8_0.22_9_5.5_0_1.4_1_1_2_1.9_A1_0.99_P_26/inp071.err for more details.
ERROR in MURE::BuildMCNPFile
	 Some nuclei have troubles, see transcript U5_1.8_8_87_P6_0.32_8_0.22_9_5.5_0_1.4_1_1_2_1.9_A1_0.99_P_26/inp072.err for more details.
ERROR in MURE::WriteMaterial(ostream &Out)
	 Some nuclei have troubles, see transcript U5_1.8_8_87_P6_0.32_8_0.22_9_5.5_0_1.4_1_1_2_1.9_A1_0.99_P_26/inp072.err for more details.
ERROR in MURE::BuildMCNPFile
	 Some nuclei have troubles, see transcript U5_1.8_8_87_P6_0.32_8_0.22_9_5.5_0_1.4_1_1_2_1.9_A1_0.99_P_26/inp073.err for more details.
ERROR in MURE::WriteMaterial(ostream &Out)
	 Some nuclei have troubles, see transcript U5_1.8_8_87_P6_0.32_8_0.22_9_5.5_0_1.4_1_1_2_1.9_A1_0.99_P_26/inp073.err for more details.
ERROR in MURE::BuildMCNPFile
	 Some nuclei have troubles, see transcript U5_1.8_8_87_P6_0.32_8_0.22_9_5.5_0_1.4_1_1_2_1.9_A1_0.99_P_26/inp074.err for more details.
ERROR in MURE::WriteMaterial(ostream &Out)
	 Some nuclei have troubles, see transcript U5_1.8_8_87_P6_0.32_8_0.22_9_5.5_0_1.4_1_1_2_1.9_A1_0.99_P_26/inp074.err for more details.
ERROR in MURE::BuildMCNPFile
	 Some nuclei have troubles, see transcript U5_1.8_8_87_P6_0.32_8_0.22_9_5.5_0_1.4_1_1_2_1.9_A1_0.99_P_26/inp075.err for more details.
ERROR in MURE::WriteMaterial(ostream &Out)
	 Some nuclei have troubles, see transcript U5_1.8_8_87_P6_0.32_8_0.22_9_5.5_0_1.4_1_1_2_1.9_A1_0.99_P_26/inp075.err for more details.
ERROR in MURE::BuildMCNPFile
	 Some nuclei have troubles, see transcript U5_1.8_8_87_P6_0.32_8_0.22_9_5.5_0_1.4_1_1_2_1.9_A1_0.99_P_26/inp076.err for more details.
ERROR in MURE::WriteMaterial(ostream &Out)
	 Some nuclei have troubles, see transcript U5_1.8_8_87_P6_0.32_8_0.22_9_5.5_0_1.4_1_1_2_1.9_A1_0.99_P_26/inp076.err for more details.
ERROR in MURE::BuildMCNPFile
	 Some nuclei have troubles, see transcript U5_1.8_8_87_P6_0.32_8_0.22_9_5.5_0_1.4_1_1_2_1.9_A1_0.99_P_26/inp077.err for more details.
ERROR in MURE::WriteMaterial(ostream &Out)
	 Some nuclei have troubles, see transcript U5_1.8_8_87_P6_0.32_8_0.22_9_5.5_0_1.4_1_1_2_1.9_A1_0.99_P_26/inp077.err for more details.
ERROR in MURE::BuildMCNPFile
	 Some nuclei have troubles, see transcript U5_1.8_8_87_P6_0.32_8_0.22_9_5.5_0_1.4_1_1_2_1.9_A1_0.99_P_26/inp078.err for more details.
ERROR in MURE::WriteMaterial(ostream &Out)
	 Some nuclei have troubles, see transcript U5_1.8_8_87_P6_0.32_8_0.22_9_5.5_0_1.4_1_1_2_1.9_A1_0.99_P_26/inp078.err for more details.
ERROR in MURE::BuildMCNPFile
	 Some nuclei have troubles, see transcript U5_1.8_8_87_P6_0.32_8_0.22_9_5.5_0_1.4_1_1_2_1.9_A1_0.99_P_26/inp079.err for more details.
ERROR in MURE::WriteMaterial(ostream &Out)
	 Some nuclei have troubles, see transcript U5_1.8_8_87_P6_0.32_8_0.22_9_5.5_0_1.4_1_1_2_1.9_A1_0.99_P_26/inp079.err for more details.
* About to connect() to ftp.box.com port 21 (#0)
*   Trying 107.152.25.220... connected
* Connected to ftp.box.com (107.152.25.220) port 21 (#0)
< 220 Service ready for new user.
> AUTH SSL
< 234 Command AUTH okay; starting SSL connection.
* Initializing NSS with certpath: sql:/etc/pki/nssdb
*   CAfile: /etc/pki/tls/certs/ca-bundle.crt
  CApath: none
* SSL connection using TLS_RSA_WITH_AES_128_CBC_SHA
* Server certificate:
* 	subject: CN=*.box.com,O="Box, Inc.",L=Los Altos,ST=California,C=US
* 	start date: Nov 13 19:22:20 2014 GMT
* 	expire date: Oct 23 02:42:03 2017 GMT
* 	common name: *.box.com
* 	issuer: CN=GeoTrust SSL CA - G4,O=GeoTrust Inc.,C=US
> USER mouginot@wisc.edu
< 331 User name okay, need password for mouginot@wisc.edu.
> PASS line150782
< 230 User logged in, proceed.
> PBSZ 0
< 200 Command PBSZ okay.
> PROT P
< 200 Command PROT okay.
> PWD
< 257 "/" is current directory.
* Entry path is '/'
> CWD MODEL_DATA
< 250 Directory changed to /MODEL_DATA
> CWD PWR_TRU_MOX_PSPEC
< 250 Directory changed to /MODEL_DATA/PWR_TRU_MOX_PSPEC
> CWD 1000
< 250 Directory changed to /MODEL_DATA/PWR_TRU_MOX_PSPEC/1000
> PASV
* Connect data stream passively
< 227 Entering Passive Mode (107,152,25,220,100,192)
* Skips 107.152.25.220 for data connection, uses 107.152.25.220 instead
*   Trying 107.152.25.220... connected
* Connecting to 107.152.25.220 (107.152.25.220) port 25792
> TYPE I
< 200 Command TYPE okay.
> STOR 81_raw.tar.gz
< 150 File status okay; about to open data connection.
* Doing the SSL/TLS handshake on the data stream
*   CAfile: /etc/pki/tls/certs/ca-bundle.crt
  CApath: none
* SSL connection using TLS_RSA_WITH_AES_128_CBC_SHA
* Server certificate:
* 	subject: CN=*.box.com,O="Box, Inc.",L=Los Altos,ST=California,C=US
* 	start date: Nov 13 19:22:20 2014 GMT
* 	expire date: Oct 23 02:42:03 2017 GMT
* 	common name: *.box.com
* 	issuer: CN=GeoTrust SSL CA - G4,O=GeoTrust Inc.,C=US
} [data not shown]
  % Total    % Received % Xferd  Average Speed   Time    Time     Time  Current
                                 Dload  Upload   Total   Spent    Left  Speed
  0 43.5M    0     0    0 16384      0   2904  4:22:13  0:00:05  4:22:08  2904  0 43.5M    0     0    0  112k      0  19646  0:38:45  0:00:05  0:38:40  487k  5 43.5M    0     0    5 2352k      0   344k  0:02:09  0:00:06  0:02:03 1961k 29 43.5M    0     0   29 12.8M      0  1678k  0:00:26  0:00:07  0:00:19 5999k 51 43.5M    0     0   51 22.2M      0  2585k  0:00:17  0:00:08  0:00:09 7160k 80 43.5M    0     0   80 35.0M      0  3656k  0:00:12  0:00:09  0:00:03 8583k* Remembering we are in dir "MODEL_DATA/PWR_TRU_MOX_PSPEC/1000/"
< 226 Transfer complete.
100 43.5M    0     0  100 43.5M      0  3950k  0:00:11  0:00:11 --:--:-- 8157k* Connection #0 to host ftp.box.com left intact

> QUIT
< 221 Goodbye.
* Closing connection #0
