ERROR in MURE::BuildXSDIR()
	 Some nuclei have troubles, see transcript U5_1.7_8_89_P6_0.12_8_0.64_9_5.1_0_1.3_1_0.99_2_0.12_A1_0.84_P_29/inp000.err for more details.
ERROR in MURE::BuildMCNPFile
	 Some nuclei have troubles, see transcript U5_1.7_8_89_P6_0.12_8_0.64_9_5.1_0_1.3_1_0.99_2_0.12_A1_0.84_P_29/inp000.err for more details.
ERROR in MURE::WriteMaterial(ostream &Out)
	 Some nuclei have troubles, see transcript U5_1.7_8_89_P6_0.12_8_0.64_9_5.1_0_1.3_1_0.99_2_0.12_A1_0.84_P_29/inp000.err for more details.
ERROR in MURE::BuildMCNPFile
	 Some nuclei have troubles, see transcript U5_1.7_8_89_P6_0.12_8_0.64_9_5.1_0_1.3_1_0.99_2_0.12_A1_0.84_P_29/inp001.err for more details.
ERROR in MURE::WriteMaterial(ostream &Out)
	 Some nuclei have troubles, see transcript U5_1.7_8_89_P6_0.12_8_0.64_9_5.1_0_1.3_1_0.99_2_0.12_A1_0.84_P_29/inp001.err for more details.
ERROR in MURE::BuildMCNPFile
	 Some nuclei have troubles, see transcript U5_1.7_8_89_P6_0.12_8_0.64_9_5.1_0_1.3_1_0.99_2_0.12_A1_0.84_P_29/inp002.err for more details.
ERROR in MURE::WriteMaterial(ostream &Out)
	 Some nuclei have troubles, see transcript U5_1.7_8_89_P6_0.12_8_0.64_9_5.1_0_1.3_1_0.99_2_0.12_A1_0.84_P_29/inp002.err for more details.
ERROR in MURE::BuildMCNPFile
	 Some nuclei have troubles, see transcript U5_1.7_8_89_P6_0.12_8_0.64_9_5.1_0_1.3_1_0.99_2_0.12_A1_0.84_P_29/inp003.err for more details.
ERROR in MURE::WriteMaterial(ostream &Out)
	 Some nuclei have troubles, see transcript U5_1.7_8_89_P6_0.12_8_0.64_9_5.1_0_1.3_1_0.99_2_0.12_A1_0.84_P_29/inp003.err for more details.
ERROR in MURE::BuildMCNPFile
	 Some nuclei have troubles, see transcript U5_1.7_8_89_P6_0.12_8_0.64_9_5.1_0_1.3_1_0.99_2_0.12_A1_0.84_P_29/inp004.err for more details.
ERROR in MURE::WriteMaterial(ostream &Out)
	 Some nuclei have troubles, see transcript U5_1.7_8_89_P6_0.12_8_0.64_9_5.1_0_1.3_1_0.99_2_0.12_A1_0.84_P_29/inp004.err for more details.
ERROR in MURE::BuildMCNPFile
	 Some nuclei have troubles, see transcript U5_1.7_8_89_P6_0.12_8_0.64_9_5.1_0_1.3_1_0.99_2_0.12_A1_0.84_P_29/inp005.err for more details.
ERROR in MURE::WriteMaterial(ostream &Out)
	 Some nuclei have troubles, see transcript U5_1.7_8_89_P6_0.12_8_0.64_9_5.1_0_1.3_1_0.99_2_0.12_A1_0.84_P_29/inp005.err for more details.
ERROR in MURE::BuildMCNPFile
	 Some nuclei have troubles, see transcript U5_1.7_8_89_P6_0.12_8_0.64_9_5.1_0_1.3_1_0.99_2_0.12_A1_0.84_P_29/inp006.err for more details.
ERROR in MURE::WriteMaterial(ostream &Out)
	 Some nuclei have troubles, see transcript U5_1.7_8_89_P6_0.12_8_0.64_9_5.1_0_1.3_1_0.99_2_0.12_A1_0.84_P_29/inp006.err for more details.
ERROR in MURE::BuildMCNPFile
	 Some nuclei have troubles, see transcript U5_1.7_8_89_P6_0.12_8_0.64_9_5.1_0_1.3_1_0.99_2_0.12_A1_0.84_P_29/inp007.err for more details.
ERROR in MURE::WriteMaterial(ostream &Out)
	 Some nuclei have troubles, see transcript U5_1.7_8_89_P6_0.12_8_0.64_9_5.1_0_1.3_1_0.99_2_0.12_A1_0.84_P_29/inp007.err for more details.
ERROR in MURE::BuildMCNPFile
	 Some nuclei have troubles, see transcript U5_1.7_8_89_P6_0.12_8_0.64_9_5.1_0_1.3_1_0.99_2_0.12_A1_0.84_P_29/inp008.err for more details.
ERROR in MURE::WriteMaterial(ostream &Out)
	 Some nuclei have troubles, see transcript U5_1.7_8_89_P6_0.12_8_0.64_9_5.1_0_1.3_1_0.99_2_0.12_A1_0.84_P_29/inp008.err for more details.
ERROR in MURE::BuildMCNPFile
	 Some nuclei have troubles, see transcript U5_1.7_8_89_P6_0.12_8_0.64_9_5.1_0_1.3_1_0.99_2_0.12_A1_0.84_P_29/inp009.err for more details.
ERROR in MURE::WriteMaterial(ostream &Out)
	 Some nuclei have troubles, see transcript U5_1.7_8_89_P6_0.12_8_0.64_9_5.1_0_1.3_1_0.99_2_0.12_A1_0.84_P_29/inp009.err for more details.
ERROR in MURE::BuildMCNPFile
	 Some nuclei have troubles, see transcript U5_1.7_8_89_P6_0.12_8_0.64_9_5.1_0_1.3_1_0.99_2_0.12_A1_0.84_P_29/inp010.err for more details.
ERROR in MURE::WriteMaterial(ostream &Out)
	 Some nuclei have troubles, see transcript U5_1.7_8_89_P6_0.12_8_0.64_9_5.1_0_1.3_1_0.99_2_0.12_A1_0.84_P_29/inp010.err for more details.
ERROR in MURE::BuildMCNPFile
	 Some nuclei have troubles, see transcript U5_1.7_8_89_P6_0.12_8_0.64_9_5.1_0_1.3_1_0.99_2_0.12_A1_0.84_P_29/inp011.err for more details.
ERROR in MURE::WriteMaterial(ostream &Out)
	 Some nuclei have troubles, see transcript U5_1.7_8_89_P6_0.12_8_0.64_9_5.1_0_1.3_1_0.99_2_0.12_A1_0.84_P_29/inp011.err for more details.
ERROR in MURE::BuildMCNPFile
	 Some nuclei have troubles, see transcript U5_1.7_8_89_P6_0.12_8_0.64_9_5.1_0_1.3_1_0.99_2_0.12_A1_0.84_P_29/inp012.err for more details.
ERROR in MURE::WriteMaterial(ostream &Out)
	 Some nuclei have troubles, see transcript U5_1.7_8_89_P6_0.12_8_0.64_9_5.1_0_1.3_1_0.99_2_0.12_A1_0.84_P_29/inp012.err for more details.
ERROR in MURE::BuildMCNPFile
	 Some nuclei have troubles, see transcript U5_1.7_8_89_P6_0.12_8_0.64_9_5.1_0_1.3_1_0.99_2_0.12_A1_0.84_P_29/inp013.err for more details.
ERROR in MURE::WriteMaterial(ostream &Out)
	 Some nuclei have troubles, see transcript U5_1.7_8_89_P6_0.12_8_0.64_9_5.1_0_1.3_1_0.99_2_0.12_A1_0.84_P_29/inp013.err for more details.
ERROR in MURE::BuildMCNPFile
	 Some nuclei have troubles, see transcript U5_1.7_8_89_P6_0.12_8_0.64_9_5.1_0_1.3_1_0.99_2_0.12_A1_0.84_P_29/inp014.err for more details.
ERROR in MURE::WriteMaterial(ostream &Out)
	 Some nuclei have troubles, see transcript U5_1.7_8_89_P6_0.12_8_0.64_9_5.1_0_1.3_1_0.99_2_0.12_A1_0.84_P_29/inp014.err for more details.
ERROR in MURE::BuildMCNPFile
	 Some nuclei have troubles, see transcript U5_1.7_8_89_P6_0.12_8_0.64_9_5.1_0_1.3_1_0.99_2_0.12_A1_0.84_P_29/inp015.err for more details.
ERROR in MURE::WriteMaterial(ostream &Out)
	 Some nuclei have troubles, see transcript U5_1.7_8_89_P6_0.12_8_0.64_9_5.1_0_1.3_1_0.99_2_0.12_A1_0.84_P_29/inp015.err for more details.
ERROR in MURE::BuildMCNPFile
	 Some nuclei have troubles, see transcript U5_1.7_8_89_P6_0.12_8_0.64_9_5.1_0_1.3_1_0.99_2_0.12_A1_0.84_P_29/inp016.err for more details.
ERROR in MURE::WriteMaterial(ostream &Out)
	 Some nuclei have troubles, see transcript U5_1.7_8_89_P6_0.12_8_0.64_9_5.1_0_1.3_1_0.99_2_0.12_A1_0.84_P_29/inp016.err for more details.
ERROR in MURE::BuildMCNPFile
	 Some nuclei have troubles, see transcript U5_1.7_8_89_P6_0.12_8_0.64_9_5.1_0_1.3_1_0.99_2_0.12_A1_0.84_P_29/inp017.err for more details.
ERROR in MURE::WriteMaterial(ostream &Out)
	 Some nuclei have troubles, see transcript U5_1.7_8_89_P6_0.12_8_0.64_9_5.1_0_1.3_1_0.99_2_0.12_A1_0.84_P_29/inp017.err for more details.
ERROR in MURE::BuildMCNPFile
	 Some nuclei have troubles, see transcript U5_1.7_8_89_P6_0.12_8_0.64_9_5.1_0_1.3_1_0.99_2_0.12_A1_0.84_P_29/inp018.err for more details.
ERROR in MURE::WriteMaterial(ostream &Out)
	 Some nuclei have troubles, see transcript U5_1.7_8_89_P6_0.12_8_0.64_9_5.1_0_1.3_1_0.99_2_0.12_A1_0.84_P_29/inp018.err for more details.
ERROR in MURE::BuildMCNPFile
	 Some nuclei have troubles, see transcript U5_1.7_8_89_P6_0.12_8_0.64_9_5.1_0_1.3_1_0.99_2_0.12_A1_0.84_P_29/inp019.err for more details.
ERROR in MURE::WriteMaterial(ostream &Out)
	 Some nuclei have troubles, see transcript U5_1.7_8_89_P6_0.12_8_0.64_9_5.1_0_1.3_1_0.99_2_0.12_A1_0.84_P_29/inp019.err for more details.
ERROR in MURE::BuildMCNPFile
	 Some nuclei have troubles, see transcript U5_1.7_8_89_P6_0.12_8_0.64_9_5.1_0_1.3_1_0.99_2_0.12_A1_0.84_P_29/inp020.err for more details.
ERROR in MURE::WriteMaterial(ostream &Out)
	 Some nuclei have troubles, see transcript U5_1.7_8_89_P6_0.12_8_0.64_9_5.1_0_1.3_1_0.99_2_0.12_A1_0.84_P_29/inp020.err for more details.
ERROR in MURE::BuildMCNPFile
	 Some nuclei have troubles, see transcript U5_1.7_8_89_P6_0.12_8_0.64_9_5.1_0_1.3_1_0.99_2_0.12_A1_0.84_P_29/inp021.err for more details.
ERROR in MURE::WriteMaterial(ostream &Out)
	 Some nuclei have troubles, see transcript U5_1.7_8_89_P6_0.12_8_0.64_9_5.1_0_1.3_1_0.99_2_0.12_A1_0.84_P_29/inp021.err for more details.
ERROR in MURE::BuildMCNPFile
	 Some nuclei have troubles, see transcript U5_1.7_8_89_P6_0.12_8_0.64_9_5.1_0_1.3_1_0.99_2_0.12_A1_0.84_P_29/inp022.err for more details.
ERROR in MURE::WriteMaterial(ostream &Out)
	 Some nuclei have troubles, see transcript U5_1.7_8_89_P6_0.12_8_0.64_9_5.1_0_1.3_1_0.99_2_0.12_A1_0.84_P_29/inp022.err for more details.
ERROR in MURE::BuildMCNPFile
	 Some nuclei have troubles, see transcript U5_1.7_8_89_P6_0.12_8_0.64_9_5.1_0_1.3_1_0.99_2_0.12_A1_0.84_P_29/inp023.err for more details.
ERROR in MURE::WriteMaterial(ostream &Out)
	 Some nuclei have troubles, see transcript U5_1.7_8_89_P6_0.12_8_0.64_9_5.1_0_1.3_1_0.99_2_0.12_A1_0.84_P_29/inp023.err for more details.
ERROR in MURE::BuildMCNPFile
	 Some nuclei have troubles, see transcript U5_1.7_8_89_P6_0.12_8_0.64_9_5.1_0_1.3_1_0.99_2_0.12_A1_0.84_P_29/inp024.err for more details.
ERROR in MURE::WriteMaterial(ostream &Out)
	 Some nuclei have troubles, see transcript U5_1.7_8_89_P6_0.12_8_0.64_9_5.1_0_1.3_1_0.99_2_0.12_A1_0.84_P_29/inp024.err for more details.
ERROR in MURE::BuildMCNPFile
	 Some nuclei have troubles, see transcript U5_1.7_8_89_P6_0.12_8_0.64_9_5.1_0_1.3_1_0.99_2_0.12_A1_0.84_P_29/inp025.err for more details.
ERROR in MURE::WriteMaterial(ostream &Out)
	 Some nuclei have troubles, see transcript U5_1.7_8_89_P6_0.12_8_0.64_9_5.1_0_1.3_1_0.99_2_0.12_A1_0.84_P_29/inp025.err for more details.
ERROR in MURE::BuildMCNPFile
	 Some nuclei have troubles, see transcript U5_1.7_8_89_P6_0.12_8_0.64_9_5.1_0_1.3_1_0.99_2_0.12_A1_0.84_P_29/inp026.err for more details.
ERROR in MURE::WriteMaterial(ostream &Out)
	 Some nuclei have troubles, see transcript U5_1.7_8_89_P6_0.12_8_0.64_9_5.1_0_1.3_1_0.99_2_0.12_A1_0.84_P_29/inp026.err for more details.
ERROR in MURE::BuildMCNPFile
	 Some nuclei have troubles, see transcript U5_1.7_8_89_P6_0.12_8_0.64_9_5.1_0_1.3_1_0.99_2_0.12_A1_0.84_P_29/inp027.err for more details.
ERROR in MURE::WriteMaterial(ostream &Out)
	 Some nuclei have troubles, see transcript U5_1.7_8_89_P6_0.12_8_0.64_9_5.1_0_1.3_1_0.99_2_0.12_A1_0.84_P_29/inp027.err for more details.
ERROR in MURE::BuildMCNPFile
	 Some nuclei have troubles, see transcript U5_1.7_8_89_P6_0.12_8_0.64_9_5.1_0_1.3_1_0.99_2_0.12_A1_0.84_P_29/inp028.err for more details.
ERROR in MURE::WriteMaterial(ostream &Out)
	 Some nuclei have troubles, see transcript U5_1.7_8_89_P6_0.12_8_0.64_9_5.1_0_1.3_1_0.99_2_0.12_A1_0.84_P_29/inp028.err for more details.
ERROR in MURE::BuildMCNPFile
	 Some nuclei have troubles, see transcript U5_1.7_8_89_P6_0.12_8_0.64_9_5.1_0_1.3_1_0.99_2_0.12_A1_0.84_P_29/inp029.err for more details.
ERROR in MURE::WriteMaterial(ostream &Out)
	 Some nuclei have troubles, see transcript U5_1.7_8_89_P6_0.12_8_0.64_9_5.1_0_1.3_1_0.99_2_0.12_A1_0.84_P_29/inp029.err for more details.
ERROR in MURE::BuildMCNPFile
	 Some nuclei have troubles, see transcript U5_1.7_8_89_P6_0.12_8_0.64_9_5.1_0_1.3_1_0.99_2_0.12_A1_0.84_P_29/inp030.err for more details.
ERROR in MURE::WriteMaterial(ostream &Out)
	 Some nuclei have troubles, see transcript U5_1.7_8_89_P6_0.12_8_0.64_9_5.1_0_1.3_1_0.99_2_0.12_A1_0.84_P_29/inp030.err for more details.
ERROR in MURE::BuildMCNPFile
	 Some nuclei have troubles, see transcript U5_1.7_8_89_P6_0.12_8_0.64_9_5.1_0_1.3_1_0.99_2_0.12_A1_0.84_P_29/inp031.err for more details.
ERROR in MURE::WriteMaterial(ostream &Out)
	 Some nuclei have troubles, see transcript U5_1.7_8_89_P6_0.12_8_0.64_9_5.1_0_1.3_1_0.99_2_0.12_A1_0.84_P_29/inp031.err for more details.
ERROR in MURE::BuildMCNPFile
	 Some nuclei have troubles, see transcript U5_1.7_8_89_P6_0.12_8_0.64_9_5.1_0_1.3_1_0.99_2_0.12_A1_0.84_P_29/inp032.err for more details.
ERROR in MURE::WriteMaterial(ostream &Out)
	 Some nuclei have troubles, see transcript U5_1.7_8_89_P6_0.12_8_0.64_9_5.1_0_1.3_1_0.99_2_0.12_A1_0.84_P_29/inp032.err for more details.
ERROR in MURE::BuildMCNPFile
	 Some nuclei have troubles, see transcript U5_1.7_8_89_P6_0.12_8_0.64_9_5.1_0_1.3_1_0.99_2_0.12_A1_0.84_P_29/inp033.err for more details.
ERROR in MURE::WriteMaterial(ostream &Out)
	 Some nuclei have troubles, see transcript U5_1.7_8_89_P6_0.12_8_0.64_9_5.1_0_1.3_1_0.99_2_0.12_A1_0.84_P_29/inp033.err for more details.
ERROR in MURE::BuildMCNPFile
	 Some nuclei have troubles, see transcript U5_1.7_8_89_P6_0.12_8_0.64_9_5.1_0_1.3_1_0.99_2_0.12_A1_0.84_P_29/inp034.err for more details.
ERROR in MURE::WriteMaterial(ostream &Out)
	 Some nuclei have troubles, see transcript U5_1.7_8_89_P6_0.12_8_0.64_9_5.1_0_1.3_1_0.99_2_0.12_A1_0.84_P_29/inp034.err for more details.
ERROR in MURE::BuildMCNPFile
	 Some nuclei have troubles, see transcript U5_1.7_8_89_P6_0.12_8_0.64_9_5.1_0_1.3_1_0.99_2_0.12_A1_0.84_P_29/inp035.err for more details.
ERROR in MURE::WriteMaterial(ostream &Out)
	 Some nuclei have troubles, see transcript U5_1.7_8_89_P6_0.12_8_0.64_9_5.1_0_1.3_1_0.99_2_0.12_A1_0.84_P_29/inp035.err for more details.
ERROR in MURE::BuildMCNPFile
	 Some nuclei have troubles, see transcript U5_1.7_8_89_P6_0.12_8_0.64_9_5.1_0_1.3_1_0.99_2_0.12_A1_0.84_P_29/inp036.err for more details.
ERROR in MURE::WriteMaterial(ostream &Out)
	 Some nuclei have troubles, see transcript U5_1.7_8_89_P6_0.12_8_0.64_9_5.1_0_1.3_1_0.99_2_0.12_A1_0.84_P_29/inp036.err for more details.
ERROR in MURE::BuildMCNPFile
	 Some nuclei have troubles, see transcript U5_1.7_8_89_P6_0.12_8_0.64_9_5.1_0_1.3_1_0.99_2_0.12_A1_0.84_P_29/inp037.err for more details.
ERROR in MURE::WriteMaterial(ostream &Out)
	 Some nuclei have troubles, see transcript U5_1.7_8_89_P6_0.12_8_0.64_9_5.1_0_1.3_1_0.99_2_0.12_A1_0.84_P_29/inp037.err for more details.
ERROR in MURE::BuildMCNPFile
	 Some nuclei have troubles, see transcript U5_1.7_8_89_P6_0.12_8_0.64_9_5.1_0_1.3_1_0.99_2_0.12_A1_0.84_P_29/inp038.err for more details.
ERROR in MURE::WriteMaterial(ostream &Out)
	 Some nuclei have troubles, see transcript U5_1.7_8_89_P6_0.12_8_0.64_9_5.1_0_1.3_1_0.99_2_0.12_A1_0.84_P_29/inp038.err for more details.
ERROR in MURE::BuildMCNPFile
	 Some nuclei have troubles, see transcript U5_1.7_8_89_P6_0.12_8_0.64_9_5.1_0_1.3_1_0.99_2_0.12_A1_0.84_P_29/inp039.err for more details.
ERROR in MURE::WriteMaterial(ostream &Out)
	 Some nuclei have troubles, see transcript U5_1.7_8_89_P6_0.12_8_0.64_9_5.1_0_1.3_1_0.99_2_0.12_A1_0.84_P_29/inp039.err for more details.
ERROR in MURE::BuildMCNPFile
	 Some nuclei have troubles, see transcript U5_1.7_8_89_P6_0.12_8_0.64_9_5.1_0_1.3_1_0.99_2_0.12_A1_0.84_P_29/inp040.err for more details.
ERROR in MURE::WriteMaterial(ostream &Out)
	 Some nuclei have troubles, see transcript U5_1.7_8_89_P6_0.12_8_0.64_9_5.1_0_1.3_1_0.99_2_0.12_A1_0.84_P_29/inp040.err for more details.
ERROR in MURE::BuildMCNPFile
	 Some nuclei have troubles, see transcript U5_1.7_8_89_P6_0.12_8_0.64_9_5.1_0_1.3_1_0.99_2_0.12_A1_0.84_P_29/inp041.err for more details.
ERROR in MURE::WriteMaterial(ostream &Out)
	 Some nuclei have troubles, see transcript U5_1.7_8_89_P6_0.12_8_0.64_9_5.1_0_1.3_1_0.99_2_0.12_A1_0.84_P_29/inp041.err for more details.
ERROR in MURE::BuildMCNPFile
	 Some nuclei have troubles, see transcript U5_1.7_8_89_P6_0.12_8_0.64_9_5.1_0_1.3_1_0.99_2_0.12_A1_0.84_P_29/inp042.err for more details.
ERROR in MURE::WriteMaterial(ostream &Out)
	 Some nuclei have troubles, see transcript U5_1.7_8_89_P6_0.12_8_0.64_9_5.1_0_1.3_1_0.99_2_0.12_A1_0.84_P_29/inp042.err for more details.
ERROR in MURE::BuildMCNPFile
	 Some nuclei have troubles, see transcript U5_1.7_8_89_P6_0.12_8_0.64_9_5.1_0_1.3_1_0.99_2_0.12_A1_0.84_P_29/inp043.err for more details.
ERROR in MURE::WriteMaterial(ostream &Out)
	 Some nuclei have troubles, see transcript U5_1.7_8_89_P6_0.12_8_0.64_9_5.1_0_1.3_1_0.99_2_0.12_A1_0.84_P_29/inp043.err for more details.
ERROR in MURE::BuildMCNPFile
	 Some nuclei have troubles, see transcript U5_1.7_8_89_P6_0.12_8_0.64_9_5.1_0_1.3_1_0.99_2_0.12_A1_0.84_P_29/inp044.err for more details.
ERROR in MURE::WriteMaterial(ostream &Out)
	 Some nuclei have troubles, see transcript U5_1.7_8_89_P6_0.12_8_0.64_9_5.1_0_1.3_1_0.99_2_0.12_A1_0.84_P_29/inp044.err for more details.
ERROR in MURE::BuildMCNPFile
	 Some nuclei have troubles, see transcript U5_1.7_8_89_P6_0.12_8_0.64_9_5.1_0_1.3_1_0.99_2_0.12_A1_0.84_P_29/inp045.err for more details.
ERROR in MURE::WriteMaterial(ostream &Out)
	 Some nuclei have troubles, see transcript U5_1.7_8_89_P6_0.12_8_0.64_9_5.1_0_1.3_1_0.99_2_0.12_A1_0.84_P_29/inp045.err for more details.
ERROR in MURE::BuildMCNPFile
	 Some nuclei have troubles, see transcript U5_1.7_8_89_P6_0.12_8_0.64_9_5.1_0_1.3_1_0.99_2_0.12_A1_0.84_P_29/inp046.err for more details.
ERROR in MURE::WriteMaterial(ostream &Out)
	 Some nuclei have troubles, see transcript U5_1.7_8_89_P6_0.12_8_0.64_9_5.1_0_1.3_1_0.99_2_0.12_A1_0.84_P_29/inp046.err for more details.
ERROR in MURE::BuildMCNPFile
	 Some nuclei have troubles, see transcript U5_1.7_8_89_P6_0.12_8_0.64_9_5.1_0_1.3_1_0.99_2_0.12_A1_0.84_P_29/inp047.err for more details.
ERROR in MURE::WriteMaterial(ostream &Out)
	 Some nuclei have troubles, see transcript U5_1.7_8_89_P6_0.12_8_0.64_9_5.1_0_1.3_1_0.99_2_0.12_A1_0.84_P_29/inp047.err for more details.
ERROR in MURE::BuildMCNPFile
	 Some nuclei have troubles, see transcript U5_1.7_8_89_P6_0.12_8_0.64_9_5.1_0_1.3_1_0.99_2_0.12_A1_0.84_P_29/inp048.err for more details.
ERROR in MURE::WriteMaterial(ostream &Out)
	 Some nuclei have troubles, see transcript U5_1.7_8_89_P6_0.12_8_0.64_9_5.1_0_1.3_1_0.99_2_0.12_A1_0.84_P_29/inp048.err for more details.
ERROR in MURE::BuildMCNPFile
	 Some nuclei have troubles, see transcript U5_1.7_8_89_P6_0.12_8_0.64_9_5.1_0_1.3_1_0.99_2_0.12_A1_0.84_P_29/inp049.err for more details.
ERROR in MURE::WriteMaterial(ostream &Out)
	 Some nuclei have troubles, see transcript U5_1.7_8_89_P6_0.12_8_0.64_9_5.1_0_1.3_1_0.99_2_0.12_A1_0.84_P_29/inp049.err for more details.
ERROR in MURE::BuildMCNPFile
	 Some nuclei have troubles, see transcript U5_1.7_8_89_P6_0.12_8_0.64_9_5.1_0_1.3_1_0.99_2_0.12_A1_0.84_P_29/inp050.err for more details.
ERROR in MURE::WriteMaterial(ostream &Out)
	 Some nuclei have troubles, see transcript U5_1.7_8_89_P6_0.12_8_0.64_9_5.1_0_1.3_1_0.99_2_0.12_A1_0.84_P_29/inp050.err for more details.
ERROR in MURE::BuildMCNPFile
	 Some nuclei have troubles, see transcript U5_1.7_8_89_P6_0.12_8_0.64_9_5.1_0_1.3_1_0.99_2_0.12_A1_0.84_P_29/inp051.err for more details.
ERROR in MURE::WriteMaterial(ostream &Out)
	 Some nuclei have troubles, see transcript U5_1.7_8_89_P6_0.12_8_0.64_9_5.1_0_1.3_1_0.99_2_0.12_A1_0.84_P_29/inp051.err for more details.
ERROR in MURE::BuildMCNPFile
	 Some nuclei have troubles, see transcript U5_1.7_8_89_P6_0.12_8_0.64_9_5.1_0_1.3_1_0.99_2_0.12_A1_0.84_P_29/inp052.err for more details.
ERROR in MURE::WriteMaterial(ostream &Out)
	 Some nuclei have troubles, see transcript U5_1.7_8_89_P6_0.12_8_0.64_9_5.1_0_1.3_1_0.99_2_0.12_A1_0.84_P_29/inp052.err for more details.
ERROR in MURE::BuildMCNPFile
	 Some nuclei have troubles, see transcript U5_1.7_8_89_P6_0.12_8_0.64_9_5.1_0_1.3_1_0.99_2_0.12_A1_0.84_P_29/inp053.err for more details.
ERROR in MURE::WriteMaterial(ostream &Out)
	 Some nuclei have troubles, see transcript U5_1.7_8_89_P6_0.12_8_0.64_9_5.1_0_1.3_1_0.99_2_0.12_A1_0.84_P_29/inp053.err for more details.
ERROR in MURE::BuildMCNPFile
	 Some nuclei have troubles, see transcript U5_1.7_8_89_P6_0.12_8_0.64_9_5.1_0_1.3_1_0.99_2_0.12_A1_0.84_P_29/inp054.err for more details.
ERROR in MURE::WriteMaterial(ostream &Out)
	 Some nuclei have troubles, see transcript U5_1.7_8_89_P6_0.12_8_0.64_9_5.1_0_1.3_1_0.99_2_0.12_A1_0.84_P_29/inp054.err for more details.
ERROR in MURE::BuildMCNPFile
	 Some nuclei have troubles, see transcript U5_1.7_8_89_P6_0.12_8_0.64_9_5.1_0_1.3_1_0.99_2_0.12_A1_0.84_P_29/inp055.err for more details.
ERROR in MURE::WriteMaterial(ostream &Out)
	 Some nuclei have troubles, see transcript U5_1.7_8_89_P6_0.12_8_0.64_9_5.1_0_1.3_1_0.99_2_0.12_A1_0.84_P_29/inp055.err for more details.
ERROR in MURE::BuildMCNPFile
	 Some nuclei have troubles, see transcript U5_1.7_8_89_P6_0.12_8_0.64_9_5.1_0_1.3_1_0.99_2_0.12_A1_0.84_P_29/inp056.err for more details.
ERROR in MURE::WriteMaterial(ostream &Out)
	 Some nuclei have troubles, see transcript U5_1.7_8_89_P6_0.12_8_0.64_9_5.1_0_1.3_1_0.99_2_0.12_A1_0.84_P_29/inp056.err for more details.
ERROR in MURE::BuildMCNPFile
	 Some nuclei have troubles, see transcript U5_1.7_8_89_P6_0.12_8_0.64_9_5.1_0_1.3_1_0.99_2_0.12_A1_0.84_P_29/inp057.err for more details.
ERROR in MURE::WriteMaterial(ostream &Out)
	 Some nuclei have troubles, see transcript U5_1.7_8_89_P6_0.12_8_0.64_9_5.1_0_1.3_1_0.99_2_0.12_A1_0.84_P_29/inp057.err for more details.
ERROR in MURE::BuildMCNPFile
	 Some nuclei have troubles, see transcript U5_1.7_8_89_P6_0.12_8_0.64_9_5.1_0_1.3_1_0.99_2_0.12_A1_0.84_P_29/inp058.err for more details.
ERROR in MURE::WriteMaterial(ostream &Out)
	 Some nuclei have troubles, see transcript U5_1.7_8_89_P6_0.12_8_0.64_9_5.1_0_1.3_1_0.99_2_0.12_A1_0.84_P_29/inp058.err for more details.
ERROR in MURE::BuildMCNPFile
	 Some nuclei have troubles, see transcript U5_1.7_8_89_P6_0.12_8_0.64_9_5.1_0_1.3_1_0.99_2_0.12_A1_0.84_P_29/inp059.err for more details.
ERROR in MURE::WriteMaterial(ostream &Out)
	 Some nuclei have troubles, see transcript U5_1.7_8_89_P6_0.12_8_0.64_9_5.1_0_1.3_1_0.99_2_0.12_A1_0.84_P_29/inp059.err for more details.
ERROR in MURE::BuildMCNPFile
	 Some nuclei have troubles, see transcript U5_1.7_8_89_P6_0.12_8_0.64_9_5.1_0_1.3_1_0.99_2_0.12_A1_0.84_P_29/inp060.err for more details.
ERROR in MURE::WriteMaterial(ostream &Out)
	 Some nuclei have troubles, see transcript U5_1.7_8_89_P6_0.12_8_0.64_9_5.1_0_1.3_1_0.99_2_0.12_A1_0.84_P_29/inp060.err for more details.
ERROR in MURE::BuildMCNPFile
	 Some nuclei have troubles, see transcript U5_1.7_8_89_P6_0.12_8_0.64_9_5.1_0_1.3_1_0.99_2_0.12_A1_0.84_P_29/inp061.err for more details.
ERROR in MURE::WriteMaterial(ostream &Out)
	 Some nuclei have troubles, see transcript U5_1.7_8_89_P6_0.12_8_0.64_9_5.1_0_1.3_1_0.99_2_0.12_A1_0.84_P_29/inp061.err for more details.
ERROR in MURE::BuildMCNPFile
	 Some nuclei have troubles, see transcript U5_1.7_8_89_P6_0.12_8_0.64_9_5.1_0_1.3_1_0.99_2_0.12_A1_0.84_P_29/inp062.err for more details.
ERROR in MURE::WriteMaterial(ostream &Out)
	 Some nuclei have troubles, see transcript U5_1.7_8_89_P6_0.12_8_0.64_9_5.1_0_1.3_1_0.99_2_0.12_A1_0.84_P_29/inp062.err for more details.
ERROR in MURE::BuildMCNPFile
	 Some nuclei have troubles, see transcript U5_1.7_8_89_P6_0.12_8_0.64_9_5.1_0_1.3_1_0.99_2_0.12_A1_0.84_P_29/inp063.err for more details.
ERROR in MURE::WriteMaterial(ostream &Out)
	 Some nuclei have troubles, see transcript U5_1.7_8_89_P6_0.12_8_0.64_9_5.1_0_1.3_1_0.99_2_0.12_A1_0.84_P_29/inp063.err for more details.
ERROR in MURE::BuildMCNPFile
	 Some nuclei have troubles, see transcript U5_1.7_8_89_P6_0.12_8_0.64_9_5.1_0_1.3_1_0.99_2_0.12_A1_0.84_P_29/inp064.err for more details.
ERROR in MURE::WriteMaterial(ostream &Out)
	 Some nuclei have troubles, see transcript U5_1.7_8_89_P6_0.12_8_0.64_9_5.1_0_1.3_1_0.99_2_0.12_A1_0.84_P_29/inp064.err for more details.
ERROR in MURE::BuildMCNPFile
	 Some nuclei have troubles, see transcript U5_1.7_8_89_P6_0.12_8_0.64_9_5.1_0_1.3_1_0.99_2_0.12_A1_0.84_P_29/inp065.err for more details.
ERROR in MURE::WriteMaterial(ostream &Out)
	 Some nuclei have troubles, see transcript U5_1.7_8_89_P6_0.12_8_0.64_9_5.1_0_1.3_1_0.99_2_0.12_A1_0.84_P_29/inp065.err for more details.
ERROR in MURE::BuildMCNPFile
	 Some nuclei have troubles, see transcript U5_1.7_8_89_P6_0.12_8_0.64_9_5.1_0_1.3_1_0.99_2_0.12_A1_0.84_P_29/inp066.err for more details.
ERROR in MURE::WriteMaterial(ostream &Out)
	 Some nuclei have troubles, see transcript U5_1.7_8_89_P6_0.12_8_0.64_9_5.1_0_1.3_1_0.99_2_0.12_A1_0.84_P_29/inp066.err for more details.
ERROR in MURE::BuildMCNPFile
	 Some nuclei have troubles, see transcript U5_1.7_8_89_P6_0.12_8_0.64_9_5.1_0_1.3_1_0.99_2_0.12_A1_0.84_P_29/inp067.err for more details.
ERROR in MURE::WriteMaterial(ostream &Out)
	 Some nuclei have troubles, see transcript U5_1.7_8_89_P6_0.12_8_0.64_9_5.1_0_1.3_1_0.99_2_0.12_A1_0.84_P_29/inp067.err for more details.
ERROR in MURE::BuildMCNPFile
	 Some nuclei have troubles, see transcript U5_1.7_8_89_P6_0.12_8_0.64_9_5.1_0_1.3_1_0.99_2_0.12_A1_0.84_P_29/inp068.err for more details.
ERROR in MURE::WriteMaterial(ostream &Out)
	 Some nuclei have troubles, see transcript U5_1.7_8_89_P6_0.12_8_0.64_9_5.1_0_1.3_1_0.99_2_0.12_A1_0.84_P_29/inp068.err for more details.
ERROR in MURE::BuildMCNPFile
	 Some nuclei have troubles, see transcript U5_1.7_8_89_P6_0.12_8_0.64_9_5.1_0_1.3_1_0.99_2_0.12_A1_0.84_P_29/inp069.err for more details.
ERROR in MURE::WriteMaterial(ostream &Out)
	 Some nuclei have troubles, see transcript U5_1.7_8_89_P6_0.12_8_0.64_9_5.1_0_1.3_1_0.99_2_0.12_A1_0.84_P_29/inp069.err for more details.
ERROR in MURE::BuildMCNPFile
	 Some nuclei have troubles, see transcript U5_1.7_8_89_P6_0.12_8_0.64_9_5.1_0_1.3_1_0.99_2_0.12_A1_0.84_P_29/inp070.err for more details.
ERROR in MURE::WriteMaterial(ostream &Out)
	 Some nuclei have troubles, see transcript U5_1.7_8_89_P6_0.12_8_0.64_9_5.1_0_1.3_1_0.99_2_0.12_A1_0.84_P_29/inp070.err for more details.
ERROR in MURE::BuildMCNPFile
	 Some nuclei have troubles, see transcript U5_1.7_8_89_P6_0.12_8_0.64_9_5.1_0_1.3_1_0.99_2_0.12_A1_0.84_P_29/inp071.err for more details.
ERROR in MURE::WriteMaterial(ostream &Out)
	 Some nuclei have troubles, see transcript U5_1.7_8_89_P6_0.12_8_0.64_9_5.1_0_1.3_1_0.99_2_0.12_A1_0.84_P_29/inp071.err for more details.
ERROR in MURE::BuildMCNPFile
	 Some nuclei have troubles, see transcript U5_1.7_8_89_P6_0.12_8_0.64_9_5.1_0_1.3_1_0.99_2_0.12_A1_0.84_P_29/inp072.err for more details.
ERROR in MURE::WriteMaterial(ostream &Out)
	 Some nuclei have troubles, see transcript U5_1.7_8_89_P6_0.12_8_0.64_9_5.1_0_1.3_1_0.99_2_0.12_A1_0.84_P_29/inp072.err for more details.
ERROR in MURE::BuildMCNPFile
	 Some nuclei have troubles, see transcript U5_1.7_8_89_P6_0.12_8_0.64_9_5.1_0_1.3_1_0.99_2_0.12_A1_0.84_P_29/inp073.err for more details.
ERROR in MURE::WriteMaterial(ostream &Out)
	 Some nuclei have troubles, see transcript U5_1.7_8_89_P6_0.12_8_0.64_9_5.1_0_1.3_1_0.99_2_0.12_A1_0.84_P_29/inp073.err for more details.
ERROR in MURE::BuildMCNPFile
	 Some nuclei have troubles, see transcript U5_1.7_8_89_P6_0.12_8_0.64_9_5.1_0_1.3_1_0.99_2_0.12_A1_0.84_P_29/inp074.err for more details.
ERROR in MURE::WriteMaterial(ostream &Out)
	 Some nuclei have troubles, see transcript U5_1.7_8_89_P6_0.12_8_0.64_9_5.1_0_1.3_1_0.99_2_0.12_A1_0.84_P_29/inp074.err for more details.
ERROR in MURE::BuildMCNPFile
	 Some nuclei have troubles, see transcript U5_1.7_8_89_P6_0.12_8_0.64_9_5.1_0_1.3_1_0.99_2_0.12_A1_0.84_P_29/inp075.err for more details.
ERROR in MURE::WriteMaterial(ostream &Out)
	 Some nuclei have troubles, see transcript U5_1.7_8_89_P6_0.12_8_0.64_9_5.1_0_1.3_1_0.99_2_0.12_A1_0.84_P_29/inp075.err for more details.
ERROR in MURE::BuildMCNPFile
	 Some nuclei have troubles, see transcript U5_1.7_8_89_P6_0.12_8_0.64_9_5.1_0_1.3_1_0.99_2_0.12_A1_0.84_P_29/inp076.err for more details.
ERROR in MURE::WriteMaterial(ostream &Out)
	 Some nuclei have troubles, see transcript U5_1.7_8_89_P6_0.12_8_0.64_9_5.1_0_1.3_1_0.99_2_0.12_A1_0.84_P_29/inp076.err for more details.
ERROR in MURE::BuildMCNPFile
	 Some nuclei have troubles, see transcript U5_1.7_8_89_P6_0.12_8_0.64_9_5.1_0_1.3_1_0.99_2_0.12_A1_0.84_P_29/inp077.err for more details.
ERROR in MURE::WriteMaterial(ostream &Out)
	 Some nuclei have troubles, see transcript U5_1.7_8_89_P6_0.12_8_0.64_9_5.1_0_1.3_1_0.99_2_0.12_A1_0.84_P_29/inp077.err for more details.
ERROR in MURE::BuildMCNPFile
	 Some nuclei have troubles, see transcript U5_1.7_8_89_P6_0.12_8_0.64_9_5.1_0_1.3_1_0.99_2_0.12_A1_0.84_P_29/inp078.err for more details.
ERROR in MURE::WriteMaterial(ostream &Out)
	 Some nuclei have troubles, see transcript U5_1.7_8_89_P6_0.12_8_0.64_9_5.1_0_1.3_1_0.99_2_0.12_A1_0.84_P_29/inp078.err for more details.
ERROR in MURE::BuildMCNPFile
	 Some nuclei have troubles, see transcript U5_1.7_8_89_P6_0.12_8_0.64_9_5.1_0_1.3_1_0.99_2_0.12_A1_0.84_P_29/inp079.err for more details.
ERROR in MURE::WriteMaterial(ostream &Out)
	 Some nuclei have troubles, see transcript U5_1.7_8_89_P6_0.12_8_0.64_9_5.1_0_1.3_1_0.99_2_0.12_A1_0.84_P_29/inp079.err for more details.
* About to connect() to ftp.box.com port 21 (#0)
*   Trying 107.152.25.220... connected
* Connected to ftp.box.com (107.152.25.220) port 21 (#0)
< 220 Service ready for new user.
> AUTH SSL
< 234 Command AUTH okay; starting SSL connection.
* Initializing NSS with certpath: sql:/etc/pki/nssdb
*   CAfile: /etc/pki/tls/certs/ca-bundle.crt
  CApath: none
* SSL connection using TLS_RSA_WITH_AES_128_CBC_SHA
* Server certificate:
* 	subject: CN=*.box.com,O="Box, Inc.",L=Los Altos,ST=California,C=US
* 	start date: Nov 13 19:22:20 2014 GMT
* 	expire date: Oct 23 02:42:03 2017 GMT
* 	common name: *.box.com
* 	issuer: CN=GeoTrust SSL CA - G4,O=GeoTrust Inc.,C=US
> USER mouginot@wisc.edu
< 331 User name okay, need password for mouginot@wisc.edu.
> PASS line150782
< 230 User logged in, proceed.
> PBSZ 0
< 200 Command PBSZ okay.
> PROT P
< 200 Command PROT okay.
> PWD
< 257 "/" is current directory.
* Entry path is '/'
> CWD MODEL_DATA
< 250 Directory changed to /MODEL_DATA
> CWD PWR_TRU_MOX_PSPEC
< 250 Directory changed to /MODEL_DATA/PWR_TRU_MOX_PSPEC
> CWD 1000
< 250 Directory changed to /MODEL_DATA/PWR_TRU_MOX_PSPEC/1000
> PASV
* Connect data stream passively
< 227 Entering Passive Mode (107,152,25,220,54,75)
* Skips 107.152.25.220 for data connection, uses 107.152.25.220 instead
*   Trying 107.152.25.220... connected
* Connecting to 107.152.25.220 (107.152.25.220) port 13899
> TYPE I
< 200 Command TYPE okay.
> STOR 725_raw.tar.gz
< 150 File status okay; about to open data connection.
* Doing the SSL/TLS handshake on the data stream
*   CAfile: /etc/pki/tls/certs/ca-bundle.crt
  CApath: none
* SSL connection using TLS_RSA_WITH_AES_128_CBC_SHA
* Server certificate:
* 	subject: CN=*.box.com,O="Box, Inc.",L=Los Altos,ST=California,C=US
* 	start date: Nov 13 19:22:20 2014 GMT
* 	expire date: Oct 23 02:42:03 2017 GMT
* 	common name: *.box.com
* 	issuer: CN=GeoTrust SSL CA - G4,O=GeoTrust Inc.,C=US
} [data not shown]
  % Total    % Received % Xferd  Average Speed   Time    Time     Time  Current
                                 Dload  Upload   Total   Spent    Left  Speed
  0 43.5M    0     0    0 16384      0   8555  1:28:58  0:00:01  1:28:57  8555  0 43.5M    0     0    0  224k      0    99k  0:07:29  0:00:02  0:07:27  604k  4 43.5M    0     0    4 1872k      0   574k  0:01:17  0:00:03  0:01:14 1380k  7 43.5M    0     0    7 3136k      0   733k  0:01:00  0:00:04  0:00:56 1320k  9 43.5M    0     0    9 4160k      0   791k  0:00:56  0:00:05  0:00:51 1240k 19 43.5M    0     0   19 8704k      0  1392k  0:00:32  0:00:06  0:00:26 2002k 33 43.5M    0     0   33 14.7M      0  2073k  0:00:21  0:00:07  0:00:14 2965k 43 43.5M    0     0   43 18.7M      0  2327k  0:00:19  0:00:08  0:00:11 3469k 52 43.5M    0     0   52 22.9M      0  2534k  0:00:17  0:00:09  0:00:08 4076k 63 43.5M    0     0   63 27.8M      0  2783k  0:00:16  0:00:10  0:00:06 4877k 72 43.5M    0     0   72 31.4M      0  2851k  0:00:15  0:00:11  0:00:04 4663k 79 43.5M    0     0   79 34.6M      0  2893k  0:00:15  0:00:12  0:00:03 4082k 88 43.5M    0     0   88 38.3M      0  2960k  0:00:15  0:00:13  0:00:02 4004k 96 43.5M    0     0   96 42.1M      0  3028k  0:00:14  0:00:14 --:--:-- 3946k* Remembering we are in dir "MODEL_DATA/PWR_TRU_MOX_PSPEC/1000/"
100 43.5M    0     0  100 43.5M      0  2867k  0:00:15  0:00:15 --:--:-- 3030k< 226 Transfer complete.
100 43.5M    0     0  100 43.5M      0  2863k  0:00:15  0:00:15 --:--:-- 2894k* Connection #0 to host ftp.box.com left intact

> QUIT
< 221 Goodbye.
* Closing connection #0
