ERROR in MURE::BuildXSDIR()
	 Some nuclei have troubles, see transcript U5_0.04_8_90_P6_0.02_8_0.79_9_4.9_0_2.3_1_0.57_2_1.5_A1_0.07_P_24/inp000.err for more details.
ERROR in MURE::BuildMCNPFile
	 Some nuclei have troubles, see transcript U5_0.04_8_90_P6_0.02_8_0.79_9_4.9_0_2.3_1_0.57_2_1.5_A1_0.07_P_24/inp000.err for more details.
ERROR in MURE::WriteMaterial(ostream &Out)
	 Some nuclei have troubles, see transcript U5_0.04_8_90_P6_0.02_8_0.79_9_4.9_0_2.3_1_0.57_2_1.5_A1_0.07_P_24/inp000.err for more details.
ERROR in MURE::BuildMCNPFile
	 Some nuclei have troubles, see transcript U5_0.04_8_90_P6_0.02_8_0.79_9_4.9_0_2.3_1_0.57_2_1.5_A1_0.07_P_24/inp001.err for more details.
ERROR in MURE::WriteMaterial(ostream &Out)
	 Some nuclei have troubles, see transcript U5_0.04_8_90_P6_0.02_8_0.79_9_4.9_0_2.3_1_0.57_2_1.5_A1_0.07_P_24/inp001.err for more details.
ERROR in MURE::BuildMCNPFile
	 Some nuclei have troubles, see transcript U5_0.04_8_90_P6_0.02_8_0.79_9_4.9_0_2.3_1_0.57_2_1.5_A1_0.07_P_24/inp002.err for more details.
ERROR in MURE::WriteMaterial(ostream &Out)
	 Some nuclei have troubles, see transcript U5_0.04_8_90_P6_0.02_8_0.79_9_4.9_0_2.3_1_0.57_2_1.5_A1_0.07_P_24/inp002.err for more details.
ERROR in MURE::BuildMCNPFile
	 Some nuclei have troubles, see transcript U5_0.04_8_90_P6_0.02_8_0.79_9_4.9_0_2.3_1_0.57_2_1.5_A1_0.07_P_24/inp003.err for more details.
ERROR in MURE::WriteMaterial(ostream &Out)
	 Some nuclei have troubles, see transcript U5_0.04_8_90_P6_0.02_8_0.79_9_4.9_0_2.3_1_0.57_2_1.5_A1_0.07_P_24/inp003.err for more details.
ERROR in MURE::BuildMCNPFile
	 Some nuclei have troubles, see transcript U5_0.04_8_90_P6_0.02_8_0.79_9_4.9_0_2.3_1_0.57_2_1.5_A1_0.07_P_24/inp004.err for more details.
ERROR in MURE::WriteMaterial(ostream &Out)
	 Some nuclei have troubles, see transcript U5_0.04_8_90_P6_0.02_8_0.79_9_4.9_0_2.3_1_0.57_2_1.5_A1_0.07_P_24/inp004.err for more details.
ERROR in MURE::BuildMCNPFile
	 Some nuclei have troubles, see transcript U5_0.04_8_90_P6_0.02_8_0.79_9_4.9_0_2.3_1_0.57_2_1.5_A1_0.07_P_24/inp005.err for more details.
ERROR in MURE::WriteMaterial(ostream &Out)
	 Some nuclei have troubles, see transcript U5_0.04_8_90_P6_0.02_8_0.79_9_4.9_0_2.3_1_0.57_2_1.5_A1_0.07_P_24/inp005.err for more details.
ERROR in MURE::BuildMCNPFile
	 Some nuclei have troubles, see transcript U5_0.04_8_90_P6_0.02_8_0.79_9_4.9_0_2.3_1_0.57_2_1.5_A1_0.07_P_24/inp006.err for more details.
ERROR in MURE::WriteMaterial(ostream &Out)
	 Some nuclei have troubles, see transcript U5_0.04_8_90_P6_0.02_8_0.79_9_4.9_0_2.3_1_0.57_2_1.5_A1_0.07_P_24/inp006.err for more details.
ERROR in MURE::BuildMCNPFile
	 Some nuclei have troubles, see transcript U5_0.04_8_90_P6_0.02_8_0.79_9_4.9_0_2.3_1_0.57_2_1.5_A1_0.07_P_24/inp007.err for more details.
ERROR in MURE::WriteMaterial(ostream &Out)
	 Some nuclei have troubles, see transcript U5_0.04_8_90_P6_0.02_8_0.79_9_4.9_0_2.3_1_0.57_2_1.5_A1_0.07_P_24/inp007.err for more details.
ERROR in MURE::BuildMCNPFile
	 Some nuclei have troubles, see transcript U5_0.04_8_90_P6_0.02_8_0.79_9_4.9_0_2.3_1_0.57_2_1.5_A1_0.07_P_24/inp008.err for more details.
ERROR in MURE::WriteMaterial(ostream &Out)
	 Some nuclei have troubles, see transcript U5_0.04_8_90_P6_0.02_8_0.79_9_4.9_0_2.3_1_0.57_2_1.5_A1_0.07_P_24/inp008.err for more details.
ERROR in MURE::BuildMCNPFile
	 Some nuclei have troubles, see transcript U5_0.04_8_90_P6_0.02_8_0.79_9_4.9_0_2.3_1_0.57_2_1.5_A1_0.07_P_24/inp009.err for more details.
ERROR in MURE::WriteMaterial(ostream &Out)
	 Some nuclei have troubles, see transcript U5_0.04_8_90_P6_0.02_8_0.79_9_4.9_0_2.3_1_0.57_2_1.5_A1_0.07_P_24/inp009.err for more details.
ERROR in MURE::BuildMCNPFile
	 Some nuclei have troubles, see transcript U5_0.04_8_90_P6_0.02_8_0.79_9_4.9_0_2.3_1_0.57_2_1.5_A1_0.07_P_24/inp010.err for more details.
ERROR in MURE::WriteMaterial(ostream &Out)
	 Some nuclei have troubles, see transcript U5_0.04_8_90_P6_0.02_8_0.79_9_4.9_0_2.3_1_0.57_2_1.5_A1_0.07_P_24/inp010.err for more details.
ERROR in MURE::BuildMCNPFile
	 Some nuclei have troubles, see transcript U5_0.04_8_90_P6_0.02_8_0.79_9_4.9_0_2.3_1_0.57_2_1.5_A1_0.07_P_24/inp011.err for more details.
ERROR in MURE::WriteMaterial(ostream &Out)
	 Some nuclei have troubles, see transcript U5_0.04_8_90_P6_0.02_8_0.79_9_4.9_0_2.3_1_0.57_2_1.5_A1_0.07_P_24/inp011.err for more details.
ERROR in MURE::BuildMCNPFile
	 Some nuclei have troubles, see transcript U5_0.04_8_90_P6_0.02_8_0.79_9_4.9_0_2.3_1_0.57_2_1.5_A1_0.07_P_24/inp012.err for more details.
ERROR in MURE::WriteMaterial(ostream &Out)
	 Some nuclei have troubles, see transcript U5_0.04_8_90_P6_0.02_8_0.79_9_4.9_0_2.3_1_0.57_2_1.5_A1_0.07_P_24/inp012.err for more details.
ERROR in MURE::BuildMCNPFile
	 Some nuclei have troubles, see transcript U5_0.04_8_90_P6_0.02_8_0.79_9_4.9_0_2.3_1_0.57_2_1.5_A1_0.07_P_24/inp013.err for more details.
ERROR in MURE::WriteMaterial(ostream &Out)
	 Some nuclei have troubles, see transcript U5_0.04_8_90_P6_0.02_8_0.79_9_4.9_0_2.3_1_0.57_2_1.5_A1_0.07_P_24/inp013.err for more details.
ERROR in MURE::BuildMCNPFile
	 Some nuclei have troubles, see transcript U5_0.04_8_90_P6_0.02_8_0.79_9_4.9_0_2.3_1_0.57_2_1.5_A1_0.07_P_24/inp014.err for more details.
ERROR in MURE::WriteMaterial(ostream &Out)
	 Some nuclei have troubles, see transcript U5_0.04_8_90_P6_0.02_8_0.79_9_4.9_0_2.3_1_0.57_2_1.5_A1_0.07_P_24/inp014.err for more details.
ERROR in MURE::BuildMCNPFile
	 Some nuclei have troubles, see transcript U5_0.04_8_90_P6_0.02_8_0.79_9_4.9_0_2.3_1_0.57_2_1.5_A1_0.07_P_24/inp015.err for more details.
ERROR in MURE::WriteMaterial(ostream &Out)
	 Some nuclei have troubles, see transcript U5_0.04_8_90_P6_0.02_8_0.79_9_4.9_0_2.3_1_0.57_2_1.5_A1_0.07_P_24/inp015.err for more details.
ERROR in MURE::BuildMCNPFile
	 Some nuclei have troubles, see transcript U5_0.04_8_90_P6_0.02_8_0.79_9_4.9_0_2.3_1_0.57_2_1.5_A1_0.07_P_24/inp016.err for more details.
ERROR in MURE::WriteMaterial(ostream &Out)
	 Some nuclei have troubles, see transcript U5_0.04_8_90_P6_0.02_8_0.79_9_4.9_0_2.3_1_0.57_2_1.5_A1_0.07_P_24/inp016.err for more details.
ERROR in MURE::BuildMCNPFile
	 Some nuclei have troubles, see transcript U5_0.04_8_90_P6_0.02_8_0.79_9_4.9_0_2.3_1_0.57_2_1.5_A1_0.07_P_24/inp017.err for more details.
ERROR in MURE::WriteMaterial(ostream &Out)
	 Some nuclei have troubles, see transcript U5_0.04_8_90_P6_0.02_8_0.79_9_4.9_0_2.3_1_0.57_2_1.5_A1_0.07_P_24/inp017.err for more details.
ERROR in MURE::BuildMCNPFile
	 Some nuclei have troubles, see transcript U5_0.04_8_90_P6_0.02_8_0.79_9_4.9_0_2.3_1_0.57_2_1.5_A1_0.07_P_24/inp018.err for more details.
ERROR in MURE::WriteMaterial(ostream &Out)
	 Some nuclei have troubles, see transcript U5_0.04_8_90_P6_0.02_8_0.79_9_4.9_0_2.3_1_0.57_2_1.5_A1_0.07_P_24/inp018.err for more details.
ERROR in MURE::BuildMCNPFile
	 Some nuclei have troubles, see transcript U5_0.04_8_90_P6_0.02_8_0.79_9_4.9_0_2.3_1_0.57_2_1.5_A1_0.07_P_24/inp019.err for more details.
ERROR in MURE::WriteMaterial(ostream &Out)
	 Some nuclei have troubles, see transcript U5_0.04_8_90_P6_0.02_8_0.79_9_4.9_0_2.3_1_0.57_2_1.5_A1_0.07_P_24/inp019.err for more details.
ERROR in MURE::BuildMCNPFile
	 Some nuclei have troubles, see transcript U5_0.04_8_90_P6_0.02_8_0.79_9_4.9_0_2.3_1_0.57_2_1.5_A1_0.07_P_24/inp020.err for more details.
ERROR in MURE::WriteMaterial(ostream &Out)
	 Some nuclei have troubles, see transcript U5_0.04_8_90_P6_0.02_8_0.79_9_4.9_0_2.3_1_0.57_2_1.5_A1_0.07_P_24/inp020.err for more details.
ERROR in MURE::BuildMCNPFile
	 Some nuclei have troubles, see transcript U5_0.04_8_90_P6_0.02_8_0.79_9_4.9_0_2.3_1_0.57_2_1.5_A1_0.07_P_24/inp021.err for more details.
ERROR in MURE::WriteMaterial(ostream &Out)
	 Some nuclei have troubles, see transcript U5_0.04_8_90_P6_0.02_8_0.79_9_4.9_0_2.3_1_0.57_2_1.5_A1_0.07_P_24/inp021.err for more details.
ERROR in MURE::BuildMCNPFile
	 Some nuclei have troubles, see transcript U5_0.04_8_90_P6_0.02_8_0.79_9_4.9_0_2.3_1_0.57_2_1.5_A1_0.07_P_24/inp022.err for more details.
ERROR in MURE::WriteMaterial(ostream &Out)
	 Some nuclei have troubles, see transcript U5_0.04_8_90_P6_0.02_8_0.79_9_4.9_0_2.3_1_0.57_2_1.5_A1_0.07_P_24/inp022.err for more details.
ERROR in MURE::BuildMCNPFile
	 Some nuclei have troubles, see transcript U5_0.04_8_90_P6_0.02_8_0.79_9_4.9_0_2.3_1_0.57_2_1.5_A1_0.07_P_24/inp023.err for more details.
ERROR in MURE::WriteMaterial(ostream &Out)
	 Some nuclei have troubles, see transcript U5_0.04_8_90_P6_0.02_8_0.79_9_4.9_0_2.3_1_0.57_2_1.5_A1_0.07_P_24/inp023.err for more details.
ERROR in MURE::BuildMCNPFile
	 Some nuclei have troubles, see transcript U5_0.04_8_90_P6_0.02_8_0.79_9_4.9_0_2.3_1_0.57_2_1.5_A1_0.07_P_24/inp024.err for more details.
ERROR in MURE::WriteMaterial(ostream &Out)
	 Some nuclei have troubles, see transcript U5_0.04_8_90_P6_0.02_8_0.79_9_4.9_0_2.3_1_0.57_2_1.5_A1_0.07_P_24/inp024.err for more details.
ERROR in MURE::BuildMCNPFile
	 Some nuclei have troubles, see transcript U5_0.04_8_90_P6_0.02_8_0.79_9_4.9_0_2.3_1_0.57_2_1.5_A1_0.07_P_24/inp025.err for more details.
ERROR in MURE::WriteMaterial(ostream &Out)
	 Some nuclei have troubles, see transcript U5_0.04_8_90_P6_0.02_8_0.79_9_4.9_0_2.3_1_0.57_2_1.5_A1_0.07_P_24/inp025.err for more details.
ERROR in MURE::BuildMCNPFile
	 Some nuclei have troubles, see transcript U5_0.04_8_90_P6_0.02_8_0.79_9_4.9_0_2.3_1_0.57_2_1.5_A1_0.07_P_24/inp026.err for more details.
ERROR in MURE::WriteMaterial(ostream &Out)
	 Some nuclei have troubles, see transcript U5_0.04_8_90_P6_0.02_8_0.79_9_4.9_0_2.3_1_0.57_2_1.5_A1_0.07_P_24/inp026.err for more details.
ERROR in MURE::BuildMCNPFile
	 Some nuclei have troubles, see transcript U5_0.04_8_90_P6_0.02_8_0.79_9_4.9_0_2.3_1_0.57_2_1.5_A1_0.07_P_24/inp027.err for more details.
ERROR in MURE::WriteMaterial(ostream &Out)
	 Some nuclei have troubles, see transcript U5_0.04_8_90_P6_0.02_8_0.79_9_4.9_0_2.3_1_0.57_2_1.5_A1_0.07_P_24/inp027.err for more details.
ERROR in MURE::BuildMCNPFile
	 Some nuclei have troubles, see transcript U5_0.04_8_90_P6_0.02_8_0.79_9_4.9_0_2.3_1_0.57_2_1.5_A1_0.07_P_24/inp028.err for more details.
ERROR in MURE::WriteMaterial(ostream &Out)
	 Some nuclei have troubles, see transcript U5_0.04_8_90_P6_0.02_8_0.79_9_4.9_0_2.3_1_0.57_2_1.5_A1_0.07_P_24/inp028.err for more details.
ERROR in MURE::BuildMCNPFile
	 Some nuclei have troubles, see transcript U5_0.04_8_90_P6_0.02_8_0.79_9_4.9_0_2.3_1_0.57_2_1.5_A1_0.07_P_24/inp029.err for more details.
ERROR in MURE::WriteMaterial(ostream &Out)
	 Some nuclei have troubles, see transcript U5_0.04_8_90_P6_0.02_8_0.79_9_4.9_0_2.3_1_0.57_2_1.5_A1_0.07_P_24/inp029.err for more details.
ERROR in MURE::BuildMCNPFile
	 Some nuclei have troubles, see transcript U5_0.04_8_90_P6_0.02_8_0.79_9_4.9_0_2.3_1_0.57_2_1.5_A1_0.07_P_24/inp030.err for more details.
ERROR in MURE::WriteMaterial(ostream &Out)
	 Some nuclei have troubles, see transcript U5_0.04_8_90_P6_0.02_8_0.79_9_4.9_0_2.3_1_0.57_2_1.5_A1_0.07_P_24/inp030.err for more details.
ERROR in MURE::BuildMCNPFile
	 Some nuclei have troubles, see transcript U5_0.04_8_90_P6_0.02_8_0.79_9_4.9_0_2.3_1_0.57_2_1.5_A1_0.07_P_24/inp031.err for more details.
ERROR in MURE::WriteMaterial(ostream &Out)
	 Some nuclei have troubles, see transcript U5_0.04_8_90_P6_0.02_8_0.79_9_4.9_0_2.3_1_0.57_2_1.5_A1_0.07_P_24/inp031.err for more details.
ERROR in MURE::BuildMCNPFile
	 Some nuclei have troubles, see transcript U5_0.04_8_90_P6_0.02_8_0.79_9_4.9_0_2.3_1_0.57_2_1.5_A1_0.07_P_24/inp032.err for more details.
ERROR in MURE::WriteMaterial(ostream &Out)
	 Some nuclei have troubles, see transcript U5_0.04_8_90_P6_0.02_8_0.79_9_4.9_0_2.3_1_0.57_2_1.5_A1_0.07_P_24/inp032.err for more details.
ERROR in MURE::BuildMCNPFile
	 Some nuclei have troubles, see transcript U5_0.04_8_90_P6_0.02_8_0.79_9_4.9_0_2.3_1_0.57_2_1.5_A1_0.07_P_24/inp033.err for more details.
ERROR in MURE::WriteMaterial(ostream &Out)
	 Some nuclei have troubles, see transcript U5_0.04_8_90_P6_0.02_8_0.79_9_4.9_0_2.3_1_0.57_2_1.5_A1_0.07_P_24/inp033.err for more details.
ERROR in MURE::BuildMCNPFile
	 Some nuclei have troubles, see transcript U5_0.04_8_90_P6_0.02_8_0.79_9_4.9_0_2.3_1_0.57_2_1.5_A1_0.07_P_24/inp034.err for more details.
ERROR in MURE::WriteMaterial(ostream &Out)
	 Some nuclei have troubles, see transcript U5_0.04_8_90_P6_0.02_8_0.79_9_4.9_0_2.3_1_0.57_2_1.5_A1_0.07_P_24/inp034.err for more details.
ERROR in MURE::BuildMCNPFile
	 Some nuclei have troubles, see transcript U5_0.04_8_90_P6_0.02_8_0.79_9_4.9_0_2.3_1_0.57_2_1.5_A1_0.07_P_24/inp035.err for more details.
ERROR in MURE::WriteMaterial(ostream &Out)
	 Some nuclei have troubles, see transcript U5_0.04_8_90_P6_0.02_8_0.79_9_4.9_0_2.3_1_0.57_2_1.5_A1_0.07_P_24/inp035.err for more details.
ERROR in MURE::BuildMCNPFile
	 Some nuclei have troubles, see transcript U5_0.04_8_90_P6_0.02_8_0.79_9_4.9_0_2.3_1_0.57_2_1.5_A1_0.07_P_24/inp036.err for more details.
ERROR in MURE::WriteMaterial(ostream &Out)
	 Some nuclei have troubles, see transcript U5_0.04_8_90_P6_0.02_8_0.79_9_4.9_0_2.3_1_0.57_2_1.5_A1_0.07_P_24/inp036.err for more details.
ERROR in MURE::BuildMCNPFile
	 Some nuclei have troubles, see transcript U5_0.04_8_90_P6_0.02_8_0.79_9_4.9_0_2.3_1_0.57_2_1.5_A1_0.07_P_24/inp037.err for more details.
ERROR in MURE::WriteMaterial(ostream &Out)
	 Some nuclei have troubles, see transcript U5_0.04_8_90_P6_0.02_8_0.79_9_4.9_0_2.3_1_0.57_2_1.5_A1_0.07_P_24/inp037.err for more details.
ERROR in MURE::BuildMCNPFile
	 Some nuclei have troubles, see transcript U5_0.04_8_90_P6_0.02_8_0.79_9_4.9_0_2.3_1_0.57_2_1.5_A1_0.07_P_24/inp038.err for more details.
ERROR in MURE::WriteMaterial(ostream &Out)
	 Some nuclei have troubles, see transcript U5_0.04_8_90_P6_0.02_8_0.79_9_4.9_0_2.3_1_0.57_2_1.5_A1_0.07_P_24/inp038.err for more details.
ERROR in MURE::BuildMCNPFile
	 Some nuclei have troubles, see transcript U5_0.04_8_90_P6_0.02_8_0.79_9_4.9_0_2.3_1_0.57_2_1.5_A1_0.07_P_24/inp039.err for more details.
ERROR in MURE::WriteMaterial(ostream &Out)
	 Some nuclei have troubles, see transcript U5_0.04_8_90_P6_0.02_8_0.79_9_4.9_0_2.3_1_0.57_2_1.5_A1_0.07_P_24/inp039.err for more details.
ERROR in MURE::BuildMCNPFile
	 Some nuclei have troubles, see transcript U5_0.04_8_90_P6_0.02_8_0.79_9_4.9_0_2.3_1_0.57_2_1.5_A1_0.07_P_24/inp040.err for more details.
ERROR in MURE::WriteMaterial(ostream &Out)
	 Some nuclei have troubles, see transcript U5_0.04_8_90_P6_0.02_8_0.79_9_4.9_0_2.3_1_0.57_2_1.5_A1_0.07_P_24/inp040.err for more details.
ERROR in MURE::BuildMCNPFile
	 Some nuclei have troubles, see transcript U5_0.04_8_90_P6_0.02_8_0.79_9_4.9_0_2.3_1_0.57_2_1.5_A1_0.07_P_24/inp041.err for more details.
ERROR in MURE::WriteMaterial(ostream &Out)
	 Some nuclei have troubles, see transcript U5_0.04_8_90_P6_0.02_8_0.79_9_4.9_0_2.3_1_0.57_2_1.5_A1_0.07_P_24/inp041.err for more details.
ERROR in MURE::BuildMCNPFile
	 Some nuclei have troubles, see transcript U5_0.04_8_90_P6_0.02_8_0.79_9_4.9_0_2.3_1_0.57_2_1.5_A1_0.07_P_24/inp042.err for more details.
ERROR in MURE::WriteMaterial(ostream &Out)
	 Some nuclei have troubles, see transcript U5_0.04_8_90_P6_0.02_8_0.79_9_4.9_0_2.3_1_0.57_2_1.5_A1_0.07_P_24/inp042.err for more details.
ERROR in MURE::BuildMCNPFile
	 Some nuclei have troubles, see transcript U5_0.04_8_90_P6_0.02_8_0.79_9_4.9_0_2.3_1_0.57_2_1.5_A1_0.07_P_24/inp043.err for more details.
ERROR in MURE::WriteMaterial(ostream &Out)
	 Some nuclei have troubles, see transcript U5_0.04_8_90_P6_0.02_8_0.79_9_4.9_0_2.3_1_0.57_2_1.5_A1_0.07_P_24/inp043.err for more details.
ERROR in MURE::BuildMCNPFile
	 Some nuclei have troubles, see transcript U5_0.04_8_90_P6_0.02_8_0.79_9_4.9_0_2.3_1_0.57_2_1.5_A1_0.07_P_24/inp044.err for more details.
ERROR in MURE::WriteMaterial(ostream &Out)
	 Some nuclei have troubles, see transcript U5_0.04_8_90_P6_0.02_8_0.79_9_4.9_0_2.3_1_0.57_2_1.5_A1_0.07_P_24/inp044.err for more details.
ERROR in MURE::BuildMCNPFile
	 Some nuclei have troubles, see transcript U5_0.04_8_90_P6_0.02_8_0.79_9_4.9_0_2.3_1_0.57_2_1.5_A1_0.07_P_24/inp045.err for more details.
ERROR in MURE::WriteMaterial(ostream &Out)
	 Some nuclei have troubles, see transcript U5_0.04_8_90_P6_0.02_8_0.79_9_4.9_0_2.3_1_0.57_2_1.5_A1_0.07_P_24/inp045.err for more details.
ERROR in MURE::BuildMCNPFile
	 Some nuclei have troubles, see transcript U5_0.04_8_90_P6_0.02_8_0.79_9_4.9_0_2.3_1_0.57_2_1.5_A1_0.07_P_24/inp046.err for more details.
ERROR in MURE::WriteMaterial(ostream &Out)
	 Some nuclei have troubles, see transcript U5_0.04_8_90_P6_0.02_8_0.79_9_4.9_0_2.3_1_0.57_2_1.5_A1_0.07_P_24/inp046.err for more details.
ERROR in MURE::BuildMCNPFile
	 Some nuclei have troubles, see transcript U5_0.04_8_90_P6_0.02_8_0.79_9_4.9_0_2.3_1_0.57_2_1.5_A1_0.07_P_24/inp047.err for more details.
ERROR in MURE::WriteMaterial(ostream &Out)
	 Some nuclei have troubles, see transcript U5_0.04_8_90_P6_0.02_8_0.79_9_4.9_0_2.3_1_0.57_2_1.5_A1_0.07_P_24/inp047.err for more details.
ERROR in MURE::BuildMCNPFile
	 Some nuclei have troubles, see transcript U5_0.04_8_90_P6_0.02_8_0.79_9_4.9_0_2.3_1_0.57_2_1.5_A1_0.07_P_24/inp048.err for more details.
ERROR in MURE::WriteMaterial(ostream &Out)
	 Some nuclei have troubles, see transcript U5_0.04_8_90_P6_0.02_8_0.79_9_4.9_0_2.3_1_0.57_2_1.5_A1_0.07_P_24/inp048.err for more details.
ERROR in MURE::BuildMCNPFile
	 Some nuclei have troubles, see transcript U5_0.04_8_90_P6_0.02_8_0.79_9_4.9_0_2.3_1_0.57_2_1.5_A1_0.07_P_24/inp049.err for more details.
ERROR in MURE::WriteMaterial(ostream &Out)
	 Some nuclei have troubles, see transcript U5_0.04_8_90_P6_0.02_8_0.79_9_4.9_0_2.3_1_0.57_2_1.5_A1_0.07_P_24/inp049.err for more details.
ERROR in MURE::BuildMCNPFile
	 Some nuclei have troubles, see transcript U5_0.04_8_90_P6_0.02_8_0.79_9_4.9_0_2.3_1_0.57_2_1.5_A1_0.07_P_24/inp050.err for more details.
ERROR in MURE::WriteMaterial(ostream &Out)
	 Some nuclei have troubles, see transcript U5_0.04_8_90_P6_0.02_8_0.79_9_4.9_0_2.3_1_0.57_2_1.5_A1_0.07_P_24/inp050.err for more details.
ERROR in MURE::BuildMCNPFile
	 Some nuclei have troubles, see transcript U5_0.04_8_90_P6_0.02_8_0.79_9_4.9_0_2.3_1_0.57_2_1.5_A1_0.07_P_24/inp051.err for more details.
ERROR in MURE::WriteMaterial(ostream &Out)
	 Some nuclei have troubles, see transcript U5_0.04_8_90_P6_0.02_8_0.79_9_4.9_0_2.3_1_0.57_2_1.5_A1_0.07_P_24/inp051.err for more details.
ERROR in MURE::BuildMCNPFile
	 Some nuclei have troubles, see transcript U5_0.04_8_90_P6_0.02_8_0.79_9_4.9_0_2.3_1_0.57_2_1.5_A1_0.07_P_24/inp052.err for more details.
ERROR in MURE::WriteMaterial(ostream &Out)
	 Some nuclei have troubles, see transcript U5_0.04_8_90_P6_0.02_8_0.79_9_4.9_0_2.3_1_0.57_2_1.5_A1_0.07_P_24/inp052.err for more details.
ERROR in MURE::BuildMCNPFile
	 Some nuclei have troubles, see transcript U5_0.04_8_90_P6_0.02_8_0.79_9_4.9_0_2.3_1_0.57_2_1.5_A1_0.07_P_24/inp053.err for more details.
ERROR in MURE::WriteMaterial(ostream &Out)
	 Some nuclei have troubles, see transcript U5_0.04_8_90_P6_0.02_8_0.79_9_4.9_0_2.3_1_0.57_2_1.5_A1_0.07_P_24/inp053.err for more details.
ERROR in MURE::BuildMCNPFile
	 Some nuclei have troubles, see transcript U5_0.04_8_90_P6_0.02_8_0.79_9_4.9_0_2.3_1_0.57_2_1.5_A1_0.07_P_24/inp054.err for more details.
ERROR in MURE::WriteMaterial(ostream &Out)
	 Some nuclei have troubles, see transcript U5_0.04_8_90_P6_0.02_8_0.79_9_4.9_0_2.3_1_0.57_2_1.5_A1_0.07_P_24/inp054.err for more details.
ERROR in MURE::BuildMCNPFile
	 Some nuclei have troubles, see transcript U5_0.04_8_90_P6_0.02_8_0.79_9_4.9_0_2.3_1_0.57_2_1.5_A1_0.07_P_24/inp055.err for more details.
ERROR in MURE::WriteMaterial(ostream &Out)
	 Some nuclei have troubles, see transcript U5_0.04_8_90_P6_0.02_8_0.79_9_4.9_0_2.3_1_0.57_2_1.5_A1_0.07_P_24/inp055.err for more details.
ERROR in MURE::BuildMCNPFile
	 Some nuclei have troubles, see transcript U5_0.04_8_90_P6_0.02_8_0.79_9_4.9_0_2.3_1_0.57_2_1.5_A1_0.07_P_24/inp056.err for more details.
ERROR in MURE::WriteMaterial(ostream &Out)
	 Some nuclei have troubles, see transcript U5_0.04_8_90_P6_0.02_8_0.79_9_4.9_0_2.3_1_0.57_2_1.5_A1_0.07_P_24/inp056.err for more details.
ERROR in MURE::BuildMCNPFile
	 Some nuclei have troubles, see transcript U5_0.04_8_90_P6_0.02_8_0.79_9_4.9_0_2.3_1_0.57_2_1.5_A1_0.07_P_24/inp057.err for more details.
ERROR in MURE::WriteMaterial(ostream &Out)
	 Some nuclei have troubles, see transcript U5_0.04_8_90_P6_0.02_8_0.79_9_4.9_0_2.3_1_0.57_2_1.5_A1_0.07_P_24/inp057.err for more details.
ERROR in MURE::BuildMCNPFile
	 Some nuclei have troubles, see transcript U5_0.04_8_90_P6_0.02_8_0.79_9_4.9_0_2.3_1_0.57_2_1.5_A1_0.07_P_24/inp058.err for more details.
ERROR in MURE::WriteMaterial(ostream &Out)
	 Some nuclei have troubles, see transcript U5_0.04_8_90_P6_0.02_8_0.79_9_4.9_0_2.3_1_0.57_2_1.5_A1_0.07_P_24/inp058.err for more details.
ERROR in MURE::BuildMCNPFile
	 Some nuclei have troubles, see transcript U5_0.04_8_90_P6_0.02_8_0.79_9_4.9_0_2.3_1_0.57_2_1.5_A1_0.07_P_24/inp059.err for more details.
ERROR in MURE::WriteMaterial(ostream &Out)
	 Some nuclei have troubles, see transcript U5_0.04_8_90_P6_0.02_8_0.79_9_4.9_0_2.3_1_0.57_2_1.5_A1_0.07_P_24/inp059.err for more details.
ERROR in MURE::BuildMCNPFile
	 Some nuclei have troubles, see transcript U5_0.04_8_90_P6_0.02_8_0.79_9_4.9_0_2.3_1_0.57_2_1.5_A1_0.07_P_24/inp060.err for more details.
ERROR in MURE::WriteMaterial(ostream &Out)
	 Some nuclei have troubles, see transcript U5_0.04_8_90_P6_0.02_8_0.79_9_4.9_0_2.3_1_0.57_2_1.5_A1_0.07_P_24/inp060.err for more details.
ERROR in MURE::BuildMCNPFile
	 Some nuclei have troubles, see transcript U5_0.04_8_90_P6_0.02_8_0.79_9_4.9_0_2.3_1_0.57_2_1.5_A1_0.07_P_24/inp061.err for more details.
ERROR in MURE::WriteMaterial(ostream &Out)
	 Some nuclei have troubles, see transcript U5_0.04_8_90_P6_0.02_8_0.79_9_4.9_0_2.3_1_0.57_2_1.5_A1_0.07_P_24/inp061.err for more details.
ERROR in MURE::BuildMCNPFile
	 Some nuclei have troubles, see transcript U5_0.04_8_90_P6_0.02_8_0.79_9_4.9_0_2.3_1_0.57_2_1.5_A1_0.07_P_24/inp062.err for more details.
ERROR in MURE::WriteMaterial(ostream &Out)
	 Some nuclei have troubles, see transcript U5_0.04_8_90_P6_0.02_8_0.79_9_4.9_0_2.3_1_0.57_2_1.5_A1_0.07_P_24/inp062.err for more details.
ERROR in MURE::BuildMCNPFile
	 Some nuclei have troubles, see transcript U5_0.04_8_90_P6_0.02_8_0.79_9_4.9_0_2.3_1_0.57_2_1.5_A1_0.07_P_24/inp063.err for more details.
ERROR in MURE::WriteMaterial(ostream &Out)
	 Some nuclei have troubles, see transcript U5_0.04_8_90_P6_0.02_8_0.79_9_4.9_0_2.3_1_0.57_2_1.5_A1_0.07_P_24/inp063.err for more details.
ERROR in MURE::BuildMCNPFile
	 Some nuclei have troubles, see transcript U5_0.04_8_90_P6_0.02_8_0.79_9_4.9_0_2.3_1_0.57_2_1.5_A1_0.07_P_24/inp064.err for more details.
ERROR in MURE::WriteMaterial(ostream &Out)
	 Some nuclei have troubles, see transcript U5_0.04_8_90_P6_0.02_8_0.79_9_4.9_0_2.3_1_0.57_2_1.5_A1_0.07_P_24/inp064.err for more details.
ERROR in MURE::BuildMCNPFile
	 Some nuclei have troubles, see transcript U5_0.04_8_90_P6_0.02_8_0.79_9_4.9_0_2.3_1_0.57_2_1.5_A1_0.07_P_24/inp065.err for more details.
ERROR in MURE::WriteMaterial(ostream &Out)
	 Some nuclei have troubles, see transcript U5_0.04_8_90_P6_0.02_8_0.79_9_4.9_0_2.3_1_0.57_2_1.5_A1_0.07_P_24/inp065.err for more details.
ERROR in MURE::BuildMCNPFile
	 Some nuclei have troubles, see transcript U5_0.04_8_90_P6_0.02_8_0.79_9_4.9_0_2.3_1_0.57_2_1.5_A1_0.07_P_24/inp066.err for more details.
ERROR in MURE::WriteMaterial(ostream &Out)
	 Some nuclei have troubles, see transcript U5_0.04_8_90_P6_0.02_8_0.79_9_4.9_0_2.3_1_0.57_2_1.5_A1_0.07_P_24/inp066.err for more details.
ERROR in MURE::BuildMCNPFile
	 Some nuclei have troubles, see transcript U5_0.04_8_90_P6_0.02_8_0.79_9_4.9_0_2.3_1_0.57_2_1.5_A1_0.07_P_24/inp067.err for more details.
ERROR in MURE::WriteMaterial(ostream &Out)
	 Some nuclei have troubles, see transcript U5_0.04_8_90_P6_0.02_8_0.79_9_4.9_0_2.3_1_0.57_2_1.5_A1_0.07_P_24/inp067.err for more details.
ERROR in MURE::BuildMCNPFile
	 Some nuclei have troubles, see transcript U5_0.04_8_90_P6_0.02_8_0.79_9_4.9_0_2.3_1_0.57_2_1.5_A1_0.07_P_24/inp068.err for more details.
ERROR in MURE::WriteMaterial(ostream &Out)
	 Some nuclei have troubles, see transcript U5_0.04_8_90_P6_0.02_8_0.79_9_4.9_0_2.3_1_0.57_2_1.5_A1_0.07_P_24/inp068.err for more details.
ERROR in MURE::BuildMCNPFile
	 Some nuclei have troubles, see transcript U5_0.04_8_90_P6_0.02_8_0.79_9_4.9_0_2.3_1_0.57_2_1.5_A1_0.07_P_24/inp069.err for more details.
ERROR in MURE::WriteMaterial(ostream &Out)
	 Some nuclei have troubles, see transcript U5_0.04_8_90_P6_0.02_8_0.79_9_4.9_0_2.3_1_0.57_2_1.5_A1_0.07_P_24/inp069.err for more details.
ERROR in MURE::BuildMCNPFile
	 Some nuclei have troubles, see transcript U5_0.04_8_90_P6_0.02_8_0.79_9_4.9_0_2.3_1_0.57_2_1.5_A1_0.07_P_24/inp070.err for more details.
ERROR in MURE::WriteMaterial(ostream &Out)
	 Some nuclei have troubles, see transcript U5_0.04_8_90_P6_0.02_8_0.79_9_4.9_0_2.3_1_0.57_2_1.5_A1_0.07_P_24/inp070.err for more details.
ERROR in MURE::BuildMCNPFile
	 Some nuclei have troubles, see transcript U5_0.04_8_90_P6_0.02_8_0.79_9_4.9_0_2.3_1_0.57_2_1.5_A1_0.07_P_24/inp071.err for more details.
ERROR in MURE::WriteMaterial(ostream &Out)
	 Some nuclei have troubles, see transcript U5_0.04_8_90_P6_0.02_8_0.79_9_4.9_0_2.3_1_0.57_2_1.5_A1_0.07_P_24/inp071.err for more details.
ERROR in MURE::BuildMCNPFile
	 Some nuclei have troubles, see transcript U5_0.04_8_90_P6_0.02_8_0.79_9_4.9_0_2.3_1_0.57_2_1.5_A1_0.07_P_24/inp072.err for more details.
ERROR in MURE::WriteMaterial(ostream &Out)
	 Some nuclei have troubles, see transcript U5_0.04_8_90_P6_0.02_8_0.79_9_4.9_0_2.3_1_0.57_2_1.5_A1_0.07_P_24/inp072.err for more details.
ERROR in MURE::BuildMCNPFile
	 Some nuclei have troubles, see transcript U5_0.04_8_90_P6_0.02_8_0.79_9_4.9_0_2.3_1_0.57_2_1.5_A1_0.07_P_24/inp073.err for more details.
ERROR in MURE::WriteMaterial(ostream &Out)
	 Some nuclei have troubles, see transcript U5_0.04_8_90_P6_0.02_8_0.79_9_4.9_0_2.3_1_0.57_2_1.5_A1_0.07_P_24/inp073.err for more details.
ERROR in MURE::BuildMCNPFile
	 Some nuclei have troubles, see transcript U5_0.04_8_90_P6_0.02_8_0.79_9_4.9_0_2.3_1_0.57_2_1.5_A1_0.07_P_24/inp074.err for more details.
ERROR in MURE::WriteMaterial(ostream &Out)
	 Some nuclei have troubles, see transcript U5_0.04_8_90_P6_0.02_8_0.79_9_4.9_0_2.3_1_0.57_2_1.5_A1_0.07_P_24/inp074.err for more details.
ERROR in MURE::BuildMCNPFile
	 Some nuclei have troubles, see transcript U5_0.04_8_90_P6_0.02_8_0.79_9_4.9_0_2.3_1_0.57_2_1.5_A1_0.07_P_24/inp075.err for more details.
ERROR in MURE::WriteMaterial(ostream &Out)
	 Some nuclei have troubles, see transcript U5_0.04_8_90_P6_0.02_8_0.79_9_4.9_0_2.3_1_0.57_2_1.5_A1_0.07_P_24/inp075.err for more details.
ERROR in MURE::BuildMCNPFile
	 Some nuclei have troubles, see transcript U5_0.04_8_90_P6_0.02_8_0.79_9_4.9_0_2.3_1_0.57_2_1.5_A1_0.07_P_24/inp076.err for more details.
ERROR in MURE::WriteMaterial(ostream &Out)
	 Some nuclei have troubles, see transcript U5_0.04_8_90_P6_0.02_8_0.79_9_4.9_0_2.3_1_0.57_2_1.5_A1_0.07_P_24/inp076.err for more details.
ERROR in MURE::BuildMCNPFile
	 Some nuclei have troubles, see transcript U5_0.04_8_90_P6_0.02_8_0.79_9_4.9_0_2.3_1_0.57_2_1.5_A1_0.07_P_24/inp077.err for more details.
ERROR in MURE::WriteMaterial(ostream &Out)
	 Some nuclei have troubles, see transcript U5_0.04_8_90_P6_0.02_8_0.79_9_4.9_0_2.3_1_0.57_2_1.5_A1_0.07_P_24/inp077.err for more details.
ERROR in MURE::BuildMCNPFile
	 Some nuclei have troubles, see transcript U5_0.04_8_90_P6_0.02_8_0.79_9_4.9_0_2.3_1_0.57_2_1.5_A1_0.07_P_24/inp078.err for more details.
ERROR in MURE::WriteMaterial(ostream &Out)
	 Some nuclei have troubles, see transcript U5_0.04_8_90_P6_0.02_8_0.79_9_4.9_0_2.3_1_0.57_2_1.5_A1_0.07_P_24/inp078.err for more details.
ERROR in MURE::BuildMCNPFile
	 Some nuclei have troubles, see transcript U5_0.04_8_90_P6_0.02_8_0.79_9_4.9_0_2.3_1_0.57_2_1.5_A1_0.07_P_24/inp079.err for more details.
ERROR in MURE::WriteMaterial(ostream &Out)
	 Some nuclei have troubles, see transcript U5_0.04_8_90_P6_0.02_8_0.79_9_4.9_0_2.3_1_0.57_2_1.5_A1_0.07_P_24/inp079.err for more details.
* About to connect() to ftp.box.com port 21 (#0)
*   Trying 74.112.186.81... connected
* Connected to ftp.box.com (74.112.186.81) port 21 (#0)
< 220 Service ready for new user.
> AUTH SSL
< 234 Command AUTH okay; starting SSL connection.
* Initializing NSS with certpath: sql:/etc/pki/nssdb
*   CAfile: /etc/pki/tls/certs/ca-bundle.crt
  CApath: none
* SSL connection using TLS_RSA_WITH_AES_128_CBC_SHA
* Server certificate:
* 	subject: CN=*.box.com,O="Box, Inc.",L=Los Altos,ST=California,C=US
* 	start date: Nov 13 19:22:20 2014 GMT
* 	expire date: Oct 23 02:42:03 2017 GMT
* 	common name: *.box.com
* 	issuer: CN=GeoTrust SSL CA - G4,O=GeoTrust Inc.,C=US
> USER mouginot@wisc.edu
< 331 User name okay, need password for mouginot@wisc.edu.
> PASS line150782
< 230 User logged in, proceed.
> PBSZ 0
< 200 Command PBSZ okay.
> PROT P
< 200 Command PROT okay.
> PWD
< 257 "/" is current directory.
* Entry path is '/'
> CWD MODEL_DATA
< 250 Directory changed to /MODEL_DATA
> CWD PWR_TRU_MOX_PSPEC
< 250 Directory changed to /MODEL_DATA/PWR_TRU_MOX_PSPEC
> CWD 1000
< 250 Directory changed to /MODEL_DATA/PWR_TRU_MOX_PSPEC/1000
> PASV
* Connect data stream passively
< 227 Entering Passive Mode (74,112,186,81,53,79)
* Skips 74.112.186.81 for data connection, uses 74.112.186.81 instead
*   Trying 74.112.186.81... connected
* Connecting to 74.112.186.81 (74.112.186.81) port 13647
> TYPE I
< 200 Command TYPE okay.
> STOR 956_raw.tar.gz
< 150 File status okay; about to open data connection.
* Doing the SSL/TLS handshake on the data stream
*   CAfile: /etc/pki/tls/certs/ca-bundle.crt
  CApath: none
* SSL connection using TLS_RSA_WITH_AES_128_CBC_SHA
* Server certificate:
* 	subject: CN=*.box.com,O="Box, Inc.",L=Los Altos,ST=California,C=US
* 	start date: Nov 13 19:22:20 2014 GMT
* 	expire date: Oct 23 02:42:03 2017 GMT
* 	common name: *.box.com
* 	issuer: CN=GeoTrust SSL CA - G4,O=GeoTrust Inc.,C=US
} [data not shown]
  % Total    % Received % Xferd  Average Speed   Time    Time     Time  Current
                                 Dload  Upload   Total   Spent    Left  Speed
  0 43.5M    0     0    0 16384      0   2498  5:04:54  0:00:06  5:04:48  2498  0 43.5M    0     0    0 81920      0  12210  1:02:22  0:00:06  1:02:16  421k 12 43.5M    0     0   12 5568k      0   721k  0:01:01  0:00:07  0:00:54 4773k 60 43.5M    0     0   60 26.2M      0  3091k  0:00:14  0:00:08  0:00:06 12.2M* Remembering we are in dir "MODEL_DATA/PWR_TRU_MOX_PSPEC/1000/"
< 226 Transfer complete.
100 43.5M    0     0  100 43.5M      0  4258k  0:00:10  0:00:10 --:--:-- 11.1M* Connection #0 to host ftp.box.com left intact

> QUIT
< 221 Goodbye.
* Closing connection #0
