ERROR in MURE::BuildXSDIR()
	 Some nuclei have troubles, see transcript U5_0.82_8_90_P6_0.23_8_0.15_9_5.1_0_1.5_1_0.23_2_0.32_A1_1.3_P_10/inp000.err for more details.
ERROR in MURE::BuildMCNPFile
	 Some nuclei have troubles, see transcript U5_0.82_8_90_P6_0.23_8_0.15_9_5.1_0_1.5_1_0.23_2_0.32_A1_1.3_P_10/inp000.err for more details.
ERROR in MURE::WriteMaterial(ostream &Out)
	 Some nuclei have troubles, see transcript U5_0.82_8_90_P6_0.23_8_0.15_9_5.1_0_1.5_1_0.23_2_0.32_A1_1.3_P_10/inp000.err for more details.
ERROR in MURE::BuildMCNPFile
	 Some nuclei have troubles, see transcript U5_0.82_8_90_P6_0.23_8_0.15_9_5.1_0_1.5_1_0.23_2_0.32_A1_1.3_P_10/inp001.err for more details.
ERROR in MURE::WriteMaterial(ostream &Out)
	 Some nuclei have troubles, see transcript U5_0.82_8_90_P6_0.23_8_0.15_9_5.1_0_1.5_1_0.23_2_0.32_A1_1.3_P_10/inp001.err for more details.
ERROR in MURE::BuildMCNPFile
	 Some nuclei have troubles, see transcript U5_0.82_8_90_P6_0.23_8_0.15_9_5.1_0_1.5_1_0.23_2_0.32_A1_1.3_P_10/inp002.err for more details.
ERROR in MURE::WriteMaterial(ostream &Out)
	 Some nuclei have troubles, see transcript U5_0.82_8_90_P6_0.23_8_0.15_9_5.1_0_1.5_1_0.23_2_0.32_A1_1.3_P_10/inp002.err for more details.
ERROR in MURE::BuildMCNPFile
	 Some nuclei have troubles, see transcript U5_0.82_8_90_P6_0.23_8_0.15_9_5.1_0_1.5_1_0.23_2_0.32_A1_1.3_P_10/inp003.err for more details.
ERROR in MURE::WriteMaterial(ostream &Out)
	 Some nuclei have troubles, see transcript U5_0.82_8_90_P6_0.23_8_0.15_9_5.1_0_1.5_1_0.23_2_0.32_A1_1.3_P_10/inp003.err for more details.
ERROR in MURE::BuildMCNPFile
	 Some nuclei have troubles, see transcript U5_0.82_8_90_P6_0.23_8_0.15_9_5.1_0_1.5_1_0.23_2_0.32_A1_1.3_P_10/inp004.err for more details.
ERROR in MURE::WriteMaterial(ostream &Out)
	 Some nuclei have troubles, see transcript U5_0.82_8_90_P6_0.23_8_0.15_9_5.1_0_1.5_1_0.23_2_0.32_A1_1.3_P_10/inp004.err for more details.
ERROR in MURE::BuildMCNPFile
	 Some nuclei have troubles, see transcript U5_0.82_8_90_P6_0.23_8_0.15_9_5.1_0_1.5_1_0.23_2_0.32_A1_1.3_P_10/inp005.err for more details.
ERROR in MURE::WriteMaterial(ostream &Out)
	 Some nuclei have troubles, see transcript U5_0.82_8_90_P6_0.23_8_0.15_9_5.1_0_1.5_1_0.23_2_0.32_A1_1.3_P_10/inp005.err for more details.
ERROR in MURE::BuildMCNPFile
	 Some nuclei have troubles, see transcript U5_0.82_8_90_P6_0.23_8_0.15_9_5.1_0_1.5_1_0.23_2_0.32_A1_1.3_P_10/inp006.err for more details.
ERROR in MURE::WriteMaterial(ostream &Out)
	 Some nuclei have troubles, see transcript U5_0.82_8_90_P6_0.23_8_0.15_9_5.1_0_1.5_1_0.23_2_0.32_A1_1.3_P_10/inp006.err for more details.
ERROR in MURE::BuildMCNPFile
	 Some nuclei have troubles, see transcript U5_0.82_8_90_P6_0.23_8_0.15_9_5.1_0_1.5_1_0.23_2_0.32_A1_1.3_P_10/inp007.err for more details.
ERROR in MURE::WriteMaterial(ostream &Out)
	 Some nuclei have troubles, see transcript U5_0.82_8_90_P6_0.23_8_0.15_9_5.1_0_1.5_1_0.23_2_0.32_A1_1.3_P_10/inp007.err for more details.
ERROR in MURE::BuildMCNPFile
	 Some nuclei have troubles, see transcript U5_0.82_8_90_P6_0.23_8_0.15_9_5.1_0_1.5_1_0.23_2_0.32_A1_1.3_P_10/inp008.err for more details.
ERROR in MURE::WriteMaterial(ostream &Out)
	 Some nuclei have troubles, see transcript U5_0.82_8_90_P6_0.23_8_0.15_9_5.1_0_1.5_1_0.23_2_0.32_A1_1.3_P_10/inp008.err for more details.
ERROR in MURE::BuildMCNPFile
	 Some nuclei have troubles, see transcript U5_0.82_8_90_P6_0.23_8_0.15_9_5.1_0_1.5_1_0.23_2_0.32_A1_1.3_P_10/inp009.err for more details.
ERROR in MURE::WriteMaterial(ostream &Out)
	 Some nuclei have troubles, see transcript U5_0.82_8_90_P6_0.23_8_0.15_9_5.1_0_1.5_1_0.23_2_0.32_A1_1.3_P_10/inp009.err for more details.
ERROR in MURE::BuildMCNPFile
	 Some nuclei have troubles, see transcript U5_0.82_8_90_P6_0.23_8_0.15_9_5.1_0_1.5_1_0.23_2_0.32_A1_1.3_P_10/inp010.err for more details.
ERROR in MURE::WriteMaterial(ostream &Out)
	 Some nuclei have troubles, see transcript U5_0.82_8_90_P6_0.23_8_0.15_9_5.1_0_1.5_1_0.23_2_0.32_A1_1.3_P_10/inp010.err for more details.
ERROR in MURE::BuildMCNPFile
	 Some nuclei have troubles, see transcript U5_0.82_8_90_P6_0.23_8_0.15_9_5.1_0_1.5_1_0.23_2_0.32_A1_1.3_P_10/inp011.err for more details.
ERROR in MURE::WriteMaterial(ostream &Out)
	 Some nuclei have troubles, see transcript U5_0.82_8_90_P6_0.23_8_0.15_9_5.1_0_1.5_1_0.23_2_0.32_A1_1.3_P_10/inp011.err for more details.
ERROR in MURE::BuildMCNPFile
	 Some nuclei have troubles, see transcript U5_0.82_8_90_P6_0.23_8_0.15_9_5.1_0_1.5_1_0.23_2_0.32_A1_1.3_P_10/inp012.err for more details.
ERROR in MURE::WriteMaterial(ostream &Out)
	 Some nuclei have troubles, see transcript U5_0.82_8_90_P6_0.23_8_0.15_9_5.1_0_1.5_1_0.23_2_0.32_A1_1.3_P_10/inp012.err for more details.
ERROR in MURE::BuildMCNPFile
	 Some nuclei have troubles, see transcript U5_0.82_8_90_P6_0.23_8_0.15_9_5.1_0_1.5_1_0.23_2_0.32_A1_1.3_P_10/inp013.err for more details.
ERROR in MURE::WriteMaterial(ostream &Out)
	 Some nuclei have troubles, see transcript U5_0.82_8_90_P6_0.23_8_0.15_9_5.1_0_1.5_1_0.23_2_0.32_A1_1.3_P_10/inp013.err for more details.
ERROR in MURE::BuildMCNPFile
	 Some nuclei have troubles, see transcript U5_0.82_8_90_P6_0.23_8_0.15_9_5.1_0_1.5_1_0.23_2_0.32_A1_1.3_P_10/inp014.err for more details.
ERROR in MURE::WriteMaterial(ostream &Out)
	 Some nuclei have troubles, see transcript U5_0.82_8_90_P6_0.23_8_0.15_9_5.1_0_1.5_1_0.23_2_0.32_A1_1.3_P_10/inp014.err for more details.
ERROR in MURE::BuildMCNPFile
	 Some nuclei have troubles, see transcript U5_0.82_8_90_P6_0.23_8_0.15_9_5.1_0_1.5_1_0.23_2_0.32_A1_1.3_P_10/inp015.err for more details.
ERROR in MURE::WriteMaterial(ostream &Out)
	 Some nuclei have troubles, see transcript U5_0.82_8_90_P6_0.23_8_0.15_9_5.1_0_1.5_1_0.23_2_0.32_A1_1.3_P_10/inp015.err for more details.
ERROR in MURE::BuildMCNPFile
	 Some nuclei have troubles, see transcript U5_0.82_8_90_P6_0.23_8_0.15_9_5.1_0_1.5_1_0.23_2_0.32_A1_1.3_P_10/inp016.err for more details.
ERROR in MURE::WriteMaterial(ostream &Out)
	 Some nuclei have troubles, see transcript U5_0.82_8_90_P6_0.23_8_0.15_9_5.1_0_1.5_1_0.23_2_0.32_A1_1.3_P_10/inp016.err for more details.
ERROR in MURE::BuildMCNPFile
	 Some nuclei have troubles, see transcript U5_0.82_8_90_P6_0.23_8_0.15_9_5.1_0_1.5_1_0.23_2_0.32_A1_1.3_P_10/inp017.err for more details.
ERROR in MURE::WriteMaterial(ostream &Out)
	 Some nuclei have troubles, see transcript U5_0.82_8_90_P6_0.23_8_0.15_9_5.1_0_1.5_1_0.23_2_0.32_A1_1.3_P_10/inp017.err for more details.
ERROR in MURE::BuildMCNPFile
	 Some nuclei have troubles, see transcript U5_0.82_8_90_P6_0.23_8_0.15_9_5.1_0_1.5_1_0.23_2_0.32_A1_1.3_P_10/inp018.err for more details.
ERROR in MURE::WriteMaterial(ostream &Out)
	 Some nuclei have troubles, see transcript U5_0.82_8_90_P6_0.23_8_0.15_9_5.1_0_1.5_1_0.23_2_0.32_A1_1.3_P_10/inp018.err for more details.
ERROR in MURE::BuildMCNPFile
	 Some nuclei have troubles, see transcript U5_0.82_8_90_P6_0.23_8_0.15_9_5.1_0_1.5_1_0.23_2_0.32_A1_1.3_P_10/inp019.err for more details.
ERROR in MURE::WriteMaterial(ostream &Out)
	 Some nuclei have troubles, see transcript U5_0.82_8_90_P6_0.23_8_0.15_9_5.1_0_1.5_1_0.23_2_0.32_A1_1.3_P_10/inp019.err for more details.
ERROR in MURE::BuildMCNPFile
	 Some nuclei have troubles, see transcript U5_0.82_8_90_P6_0.23_8_0.15_9_5.1_0_1.5_1_0.23_2_0.32_A1_1.3_P_10/inp020.err for more details.
ERROR in MURE::WriteMaterial(ostream &Out)
	 Some nuclei have troubles, see transcript U5_0.82_8_90_P6_0.23_8_0.15_9_5.1_0_1.5_1_0.23_2_0.32_A1_1.3_P_10/inp020.err for more details.
ERROR in MURE::BuildMCNPFile
	 Some nuclei have troubles, see transcript U5_0.82_8_90_P6_0.23_8_0.15_9_5.1_0_1.5_1_0.23_2_0.32_A1_1.3_P_10/inp021.err for more details.
ERROR in MURE::WriteMaterial(ostream &Out)
	 Some nuclei have troubles, see transcript U5_0.82_8_90_P6_0.23_8_0.15_9_5.1_0_1.5_1_0.23_2_0.32_A1_1.3_P_10/inp021.err for more details.
ERROR in MURE::BuildMCNPFile
	 Some nuclei have troubles, see transcript U5_0.82_8_90_P6_0.23_8_0.15_9_5.1_0_1.5_1_0.23_2_0.32_A1_1.3_P_10/inp022.err for more details.
ERROR in MURE::WriteMaterial(ostream &Out)
	 Some nuclei have troubles, see transcript U5_0.82_8_90_P6_0.23_8_0.15_9_5.1_0_1.5_1_0.23_2_0.32_A1_1.3_P_10/inp022.err for more details.
ERROR in MURE::BuildMCNPFile
	 Some nuclei have troubles, see transcript U5_0.82_8_90_P6_0.23_8_0.15_9_5.1_0_1.5_1_0.23_2_0.32_A1_1.3_P_10/inp023.err for more details.
ERROR in MURE::WriteMaterial(ostream &Out)
	 Some nuclei have troubles, see transcript U5_0.82_8_90_P6_0.23_8_0.15_9_5.1_0_1.5_1_0.23_2_0.32_A1_1.3_P_10/inp023.err for more details.
ERROR in MURE::BuildMCNPFile
	 Some nuclei have troubles, see transcript U5_0.82_8_90_P6_0.23_8_0.15_9_5.1_0_1.5_1_0.23_2_0.32_A1_1.3_P_10/inp024.err for more details.
ERROR in MURE::WriteMaterial(ostream &Out)
	 Some nuclei have troubles, see transcript U5_0.82_8_90_P6_0.23_8_0.15_9_5.1_0_1.5_1_0.23_2_0.32_A1_1.3_P_10/inp024.err for more details.
ERROR in MURE::BuildMCNPFile
	 Some nuclei have troubles, see transcript U5_0.82_8_90_P6_0.23_8_0.15_9_5.1_0_1.5_1_0.23_2_0.32_A1_1.3_P_10/inp025.err for more details.
ERROR in MURE::WriteMaterial(ostream &Out)
	 Some nuclei have troubles, see transcript U5_0.82_8_90_P6_0.23_8_0.15_9_5.1_0_1.5_1_0.23_2_0.32_A1_1.3_P_10/inp025.err for more details.
ERROR in MURE::BuildMCNPFile
	 Some nuclei have troubles, see transcript U5_0.82_8_90_P6_0.23_8_0.15_9_5.1_0_1.5_1_0.23_2_0.32_A1_1.3_P_10/inp026.err for more details.
ERROR in MURE::WriteMaterial(ostream &Out)
	 Some nuclei have troubles, see transcript U5_0.82_8_90_P6_0.23_8_0.15_9_5.1_0_1.5_1_0.23_2_0.32_A1_1.3_P_10/inp026.err for more details.
ERROR in MURE::BuildMCNPFile
	 Some nuclei have troubles, see transcript U5_0.82_8_90_P6_0.23_8_0.15_9_5.1_0_1.5_1_0.23_2_0.32_A1_1.3_P_10/inp027.err for more details.
ERROR in MURE::WriteMaterial(ostream &Out)
	 Some nuclei have troubles, see transcript U5_0.82_8_90_P6_0.23_8_0.15_9_5.1_0_1.5_1_0.23_2_0.32_A1_1.3_P_10/inp027.err for more details.
ERROR in MURE::BuildMCNPFile
	 Some nuclei have troubles, see transcript U5_0.82_8_90_P6_0.23_8_0.15_9_5.1_0_1.5_1_0.23_2_0.32_A1_1.3_P_10/inp028.err for more details.
ERROR in MURE::WriteMaterial(ostream &Out)
	 Some nuclei have troubles, see transcript U5_0.82_8_90_P6_0.23_8_0.15_9_5.1_0_1.5_1_0.23_2_0.32_A1_1.3_P_10/inp028.err for more details.
ERROR in MURE::BuildMCNPFile
	 Some nuclei have troubles, see transcript U5_0.82_8_90_P6_0.23_8_0.15_9_5.1_0_1.5_1_0.23_2_0.32_A1_1.3_P_10/inp029.err for more details.
ERROR in MURE::WriteMaterial(ostream &Out)
	 Some nuclei have troubles, see transcript U5_0.82_8_90_P6_0.23_8_0.15_9_5.1_0_1.5_1_0.23_2_0.32_A1_1.3_P_10/inp029.err for more details.
ERROR in MURE::BuildMCNPFile
	 Some nuclei have troubles, see transcript U5_0.82_8_90_P6_0.23_8_0.15_9_5.1_0_1.5_1_0.23_2_0.32_A1_1.3_P_10/inp030.err for more details.
ERROR in MURE::WriteMaterial(ostream &Out)
	 Some nuclei have troubles, see transcript U5_0.82_8_90_P6_0.23_8_0.15_9_5.1_0_1.5_1_0.23_2_0.32_A1_1.3_P_10/inp030.err for more details.
ERROR in MURE::BuildMCNPFile
	 Some nuclei have troubles, see transcript U5_0.82_8_90_P6_0.23_8_0.15_9_5.1_0_1.5_1_0.23_2_0.32_A1_1.3_P_10/inp031.err for more details.
ERROR in MURE::WriteMaterial(ostream &Out)
	 Some nuclei have troubles, see transcript U5_0.82_8_90_P6_0.23_8_0.15_9_5.1_0_1.5_1_0.23_2_0.32_A1_1.3_P_10/inp031.err for more details.
ERROR in MURE::BuildMCNPFile
	 Some nuclei have troubles, see transcript U5_0.82_8_90_P6_0.23_8_0.15_9_5.1_0_1.5_1_0.23_2_0.32_A1_1.3_P_10/inp032.err for more details.
ERROR in MURE::WriteMaterial(ostream &Out)
	 Some nuclei have troubles, see transcript U5_0.82_8_90_P6_0.23_8_0.15_9_5.1_0_1.5_1_0.23_2_0.32_A1_1.3_P_10/inp032.err for more details.
ERROR in MURE::BuildMCNPFile
	 Some nuclei have troubles, see transcript U5_0.82_8_90_P6_0.23_8_0.15_9_5.1_0_1.5_1_0.23_2_0.32_A1_1.3_P_10/inp033.err for more details.
ERROR in MURE::WriteMaterial(ostream &Out)
	 Some nuclei have troubles, see transcript U5_0.82_8_90_P6_0.23_8_0.15_9_5.1_0_1.5_1_0.23_2_0.32_A1_1.3_P_10/inp033.err for more details.
ERROR in MURE::BuildMCNPFile
	 Some nuclei have troubles, see transcript U5_0.82_8_90_P6_0.23_8_0.15_9_5.1_0_1.5_1_0.23_2_0.32_A1_1.3_P_10/inp034.err for more details.
ERROR in MURE::WriteMaterial(ostream &Out)
	 Some nuclei have troubles, see transcript U5_0.82_8_90_P6_0.23_8_0.15_9_5.1_0_1.5_1_0.23_2_0.32_A1_1.3_P_10/inp034.err for more details.
ERROR in MURE::BuildMCNPFile
	 Some nuclei have troubles, see transcript U5_0.82_8_90_P6_0.23_8_0.15_9_5.1_0_1.5_1_0.23_2_0.32_A1_1.3_P_10/inp035.err for more details.
ERROR in MURE::WriteMaterial(ostream &Out)
	 Some nuclei have troubles, see transcript U5_0.82_8_90_P6_0.23_8_0.15_9_5.1_0_1.5_1_0.23_2_0.32_A1_1.3_P_10/inp035.err for more details.
ERROR in MURE::BuildMCNPFile
	 Some nuclei have troubles, see transcript U5_0.82_8_90_P6_0.23_8_0.15_9_5.1_0_1.5_1_0.23_2_0.32_A1_1.3_P_10/inp036.err for more details.
ERROR in MURE::WriteMaterial(ostream &Out)
	 Some nuclei have troubles, see transcript U5_0.82_8_90_P6_0.23_8_0.15_9_5.1_0_1.5_1_0.23_2_0.32_A1_1.3_P_10/inp036.err for more details.
ERROR in MURE::BuildMCNPFile
	 Some nuclei have troubles, see transcript U5_0.82_8_90_P6_0.23_8_0.15_9_5.1_0_1.5_1_0.23_2_0.32_A1_1.3_P_10/inp037.err for more details.
ERROR in MURE::WriteMaterial(ostream &Out)
	 Some nuclei have troubles, see transcript U5_0.82_8_90_P6_0.23_8_0.15_9_5.1_0_1.5_1_0.23_2_0.32_A1_1.3_P_10/inp037.err for more details.
ERROR in MURE::BuildMCNPFile
	 Some nuclei have troubles, see transcript U5_0.82_8_90_P6_0.23_8_0.15_9_5.1_0_1.5_1_0.23_2_0.32_A1_1.3_P_10/inp038.err for more details.
ERROR in MURE::WriteMaterial(ostream &Out)
	 Some nuclei have troubles, see transcript U5_0.82_8_90_P6_0.23_8_0.15_9_5.1_0_1.5_1_0.23_2_0.32_A1_1.3_P_10/inp038.err for more details.
ERROR in MURE::BuildMCNPFile
	 Some nuclei have troubles, see transcript U5_0.82_8_90_P6_0.23_8_0.15_9_5.1_0_1.5_1_0.23_2_0.32_A1_1.3_P_10/inp039.err for more details.
ERROR in MURE::WriteMaterial(ostream &Out)
	 Some nuclei have troubles, see transcript U5_0.82_8_90_P6_0.23_8_0.15_9_5.1_0_1.5_1_0.23_2_0.32_A1_1.3_P_10/inp039.err for more details.
ERROR in MURE::BuildMCNPFile
	 Some nuclei have troubles, see transcript U5_0.82_8_90_P6_0.23_8_0.15_9_5.1_0_1.5_1_0.23_2_0.32_A1_1.3_P_10/inp040.err for more details.
ERROR in MURE::WriteMaterial(ostream &Out)
	 Some nuclei have troubles, see transcript U5_0.82_8_90_P6_0.23_8_0.15_9_5.1_0_1.5_1_0.23_2_0.32_A1_1.3_P_10/inp040.err for more details.
ERROR in MURE::BuildMCNPFile
	 Some nuclei have troubles, see transcript U5_0.82_8_90_P6_0.23_8_0.15_9_5.1_0_1.5_1_0.23_2_0.32_A1_1.3_P_10/inp041.err for more details.
ERROR in MURE::WriteMaterial(ostream &Out)
	 Some nuclei have troubles, see transcript U5_0.82_8_90_P6_0.23_8_0.15_9_5.1_0_1.5_1_0.23_2_0.32_A1_1.3_P_10/inp041.err for more details.
ERROR in MURE::BuildMCNPFile
	 Some nuclei have troubles, see transcript U5_0.82_8_90_P6_0.23_8_0.15_9_5.1_0_1.5_1_0.23_2_0.32_A1_1.3_P_10/inp042.err for more details.
ERROR in MURE::WriteMaterial(ostream &Out)
	 Some nuclei have troubles, see transcript U5_0.82_8_90_P6_0.23_8_0.15_9_5.1_0_1.5_1_0.23_2_0.32_A1_1.3_P_10/inp042.err for more details.
ERROR in MURE::BuildMCNPFile
	 Some nuclei have troubles, see transcript U5_0.82_8_90_P6_0.23_8_0.15_9_5.1_0_1.5_1_0.23_2_0.32_A1_1.3_P_10/inp043.err for more details.
ERROR in MURE::WriteMaterial(ostream &Out)
	 Some nuclei have troubles, see transcript U5_0.82_8_90_P6_0.23_8_0.15_9_5.1_0_1.5_1_0.23_2_0.32_A1_1.3_P_10/inp043.err for more details.
ERROR in MURE::BuildMCNPFile
	 Some nuclei have troubles, see transcript U5_0.82_8_90_P6_0.23_8_0.15_9_5.1_0_1.5_1_0.23_2_0.32_A1_1.3_P_10/inp044.err for more details.
ERROR in MURE::WriteMaterial(ostream &Out)
	 Some nuclei have troubles, see transcript U5_0.82_8_90_P6_0.23_8_0.15_9_5.1_0_1.5_1_0.23_2_0.32_A1_1.3_P_10/inp044.err for more details.
ERROR in MURE::BuildMCNPFile
	 Some nuclei have troubles, see transcript U5_0.82_8_90_P6_0.23_8_0.15_9_5.1_0_1.5_1_0.23_2_0.32_A1_1.3_P_10/inp045.err for more details.
ERROR in MURE::WriteMaterial(ostream &Out)
	 Some nuclei have troubles, see transcript U5_0.82_8_90_P6_0.23_8_0.15_9_5.1_0_1.5_1_0.23_2_0.32_A1_1.3_P_10/inp045.err for more details.
ERROR in MURE::BuildMCNPFile
	 Some nuclei have troubles, see transcript U5_0.82_8_90_P6_0.23_8_0.15_9_5.1_0_1.5_1_0.23_2_0.32_A1_1.3_P_10/inp046.err for more details.
ERROR in MURE::WriteMaterial(ostream &Out)
	 Some nuclei have troubles, see transcript U5_0.82_8_90_P6_0.23_8_0.15_9_5.1_0_1.5_1_0.23_2_0.32_A1_1.3_P_10/inp046.err for more details.
ERROR in MURE::BuildMCNPFile
	 Some nuclei have troubles, see transcript U5_0.82_8_90_P6_0.23_8_0.15_9_5.1_0_1.5_1_0.23_2_0.32_A1_1.3_P_10/inp047.err for more details.
ERROR in MURE::WriteMaterial(ostream &Out)
	 Some nuclei have troubles, see transcript U5_0.82_8_90_P6_0.23_8_0.15_9_5.1_0_1.5_1_0.23_2_0.32_A1_1.3_P_10/inp047.err for more details.
ERROR in MURE::BuildMCNPFile
	 Some nuclei have troubles, see transcript U5_0.82_8_90_P6_0.23_8_0.15_9_5.1_0_1.5_1_0.23_2_0.32_A1_1.3_P_10/inp048.err for more details.
ERROR in MURE::WriteMaterial(ostream &Out)
	 Some nuclei have troubles, see transcript U5_0.82_8_90_P6_0.23_8_0.15_9_5.1_0_1.5_1_0.23_2_0.32_A1_1.3_P_10/inp048.err for more details.
ERROR in MURE::BuildMCNPFile
	 Some nuclei have troubles, see transcript U5_0.82_8_90_P6_0.23_8_0.15_9_5.1_0_1.5_1_0.23_2_0.32_A1_1.3_P_10/inp049.err for more details.
ERROR in MURE::WriteMaterial(ostream &Out)
	 Some nuclei have troubles, see transcript U5_0.82_8_90_P6_0.23_8_0.15_9_5.1_0_1.5_1_0.23_2_0.32_A1_1.3_P_10/inp049.err for more details.
ERROR in MURE::BuildMCNPFile
	 Some nuclei have troubles, see transcript U5_0.82_8_90_P6_0.23_8_0.15_9_5.1_0_1.5_1_0.23_2_0.32_A1_1.3_P_10/inp050.err for more details.
ERROR in MURE::WriteMaterial(ostream &Out)
	 Some nuclei have troubles, see transcript U5_0.82_8_90_P6_0.23_8_0.15_9_5.1_0_1.5_1_0.23_2_0.32_A1_1.3_P_10/inp050.err for more details.
ERROR in MURE::BuildMCNPFile
	 Some nuclei have troubles, see transcript U5_0.82_8_90_P6_0.23_8_0.15_9_5.1_0_1.5_1_0.23_2_0.32_A1_1.3_P_10/inp051.err for more details.
ERROR in MURE::WriteMaterial(ostream &Out)
	 Some nuclei have troubles, see transcript U5_0.82_8_90_P6_0.23_8_0.15_9_5.1_0_1.5_1_0.23_2_0.32_A1_1.3_P_10/inp051.err for more details.
ERROR in MURE::BuildMCNPFile
	 Some nuclei have troubles, see transcript U5_0.82_8_90_P6_0.23_8_0.15_9_5.1_0_1.5_1_0.23_2_0.32_A1_1.3_P_10/inp052.err for more details.
ERROR in MURE::WriteMaterial(ostream &Out)
	 Some nuclei have troubles, see transcript U5_0.82_8_90_P6_0.23_8_0.15_9_5.1_0_1.5_1_0.23_2_0.32_A1_1.3_P_10/inp052.err for more details.
ERROR in MURE::BuildMCNPFile
	 Some nuclei have troubles, see transcript U5_0.82_8_90_P6_0.23_8_0.15_9_5.1_0_1.5_1_0.23_2_0.32_A1_1.3_P_10/inp053.err for more details.
ERROR in MURE::WriteMaterial(ostream &Out)
	 Some nuclei have troubles, see transcript U5_0.82_8_90_P6_0.23_8_0.15_9_5.1_0_1.5_1_0.23_2_0.32_A1_1.3_P_10/inp053.err for more details.
ERROR in MURE::BuildMCNPFile
	 Some nuclei have troubles, see transcript U5_0.82_8_90_P6_0.23_8_0.15_9_5.1_0_1.5_1_0.23_2_0.32_A1_1.3_P_10/inp054.err for more details.
ERROR in MURE::WriteMaterial(ostream &Out)
	 Some nuclei have troubles, see transcript U5_0.82_8_90_P6_0.23_8_0.15_9_5.1_0_1.5_1_0.23_2_0.32_A1_1.3_P_10/inp054.err for more details.
ERROR in MURE::BuildMCNPFile
	 Some nuclei have troubles, see transcript U5_0.82_8_90_P6_0.23_8_0.15_9_5.1_0_1.5_1_0.23_2_0.32_A1_1.3_P_10/inp055.err for more details.
ERROR in MURE::WriteMaterial(ostream &Out)
	 Some nuclei have troubles, see transcript U5_0.82_8_90_P6_0.23_8_0.15_9_5.1_0_1.5_1_0.23_2_0.32_A1_1.3_P_10/inp055.err for more details.
ERROR in MURE::BuildMCNPFile
	 Some nuclei have troubles, see transcript U5_0.82_8_90_P6_0.23_8_0.15_9_5.1_0_1.5_1_0.23_2_0.32_A1_1.3_P_10/inp056.err for more details.
ERROR in MURE::WriteMaterial(ostream &Out)
	 Some nuclei have troubles, see transcript U5_0.82_8_90_P6_0.23_8_0.15_9_5.1_0_1.5_1_0.23_2_0.32_A1_1.3_P_10/inp056.err for more details.
ERROR in MURE::BuildMCNPFile
	 Some nuclei have troubles, see transcript U5_0.82_8_90_P6_0.23_8_0.15_9_5.1_0_1.5_1_0.23_2_0.32_A1_1.3_P_10/inp057.err for more details.
ERROR in MURE::WriteMaterial(ostream &Out)
	 Some nuclei have troubles, see transcript U5_0.82_8_90_P6_0.23_8_0.15_9_5.1_0_1.5_1_0.23_2_0.32_A1_1.3_P_10/inp057.err for more details.
ERROR in MURE::BuildMCNPFile
	 Some nuclei have troubles, see transcript U5_0.82_8_90_P6_0.23_8_0.15_9_5.1_0_1.5_1_0.23_2_0.32_A1_1.3_P_10/inp058.err for more details.
ERROR in MURE::WriteMaterial(ostream &Out)
	 Some nuclei have troubles, see transcript U5_0.82_8_90_P6_0.23_8_0.15_9_5.1_0_1.5_1_0.23_2_0.32_A1_1.3_P_10/inp058.err for more details.
ERROR in MURE::BuildMCNPFile
	 Some nuclei have troubles, see transcript U5_0.82_8_90_P6_0.23_8_0.15_9_5.1_0_1.5_1_0.23_2_0.32_A1_1.3_P_10/inp059.err for more details.
ERROR in MURE::WriteMaterial(ostream &Out)
	 Some nuclei have troubles, see transcript U5_0.82_8_90_P6_0.23_8_0.15_9_5.1_0_1.5_1_0.23_2_0.32_A1_1.3_P_10/inp059.err for more details.
ERROR in MURE::BuildMCNPFile
	 Some nuclei have troubles, see transcript U5_0.82_8_90_P6_0.23_8_0.15_9_5.1_0_1.5_1_0.23_2_0.32_A1_1.3_P_10/inp060.err for more details.
ERROR in MURE::WriteMaterial(ostream &Out)
	 Some nuclei have troubles, see transcript U5_0.82_8_90_P6_0.23_8_0.15_9_5.1_0_1.5_1_0.23_2_0.32_A1_1.3_P_10/inp060.err for more details.
ERROR in MURE::BuildMCNPFile
	 Some nuclei have troubles, see transcript U5_0.82_8_90_P6_0.23_8_0.15_9_5.1_0_1.5_1_0.23_2_0.32_A1_1.3_P_10/inp061.err for more details.
ERROR in MURE::WriteMaterial(ostream &Out)
	 Some nuclei have troubles, see transcript U5_0.82_8_90_P6_0.23_8_0.15_9_5.1_0_1.5_1_0.23_2_0.32_A1_1.3_P_10/inp061.err for more details.
ERROR in MURE::BuildMCNPFile
	 Some nuclei have troubles, see transcript U5_0.82_8_90_P6_0.23_8_0.15_9_5.1_0_1.5_1_0.23_2_0.32_A1_1.3_P_10/inp062.err for more details.
ERROR in MURE::WriteMaterial(ostream &Out)
	 Some nuclei have troubles, see transcript U5_0.82_8_90_P6_0.23_8_0.15_9_5.1_0_1.5_1_0.23_2_0.32_A1_1.3_P_10/inp062.err for more details.
ERROR in MURE::BuildMCNPFile
	 Some nuclei have troubles, see transcript U5_0.82_8_90_P6_0.23_8_0.15_9_5.1_0_1.5_1_0.23_2_0.32_A1_1.3_P_10/inp063.err for more details.
ERROR in MURE::WriteMaterial(ostream &Out)
	 Some nuclei have troubles, see transcript U5_0.82_8_90_P6_0.23_8_0.15_9_5.1_0_1.5_1_0.23_2_0.32_A1_1.3_P_10/inp063.err for more details.
ERROR in MURE::BuildMCNPFile
	 Some nuclei have troubles, see transcript U5_0.82_8_90_P6_0.23_8_0.15_9_5.1_0_1.5_1_0.23_2_0.32_A1_1.3_P_10/inp064.err for more details.
ERROR in MURE::WriteMaterial(ostream &Out)
	 Some nuclei have troubles, see transcript U5_0.82_8_90_P6_0.23_8_0.15_9_5.1_0_1.5_1_0.23_2_0.32_A1_1.3_P_10/inp064.err for more details.
ERROR in MURE::BuildMCNPFile
	 Some nuclei have troubles, see transcript U5_0.82_8_90_P6_0.23_8_0.15_9_5.1_0_1.5_1_0.23_2_0.32_A1_1.3_P_10/inp065.err for more details.
ERROR in MURE::WriteMaterial(ostream &Out)
	 Some nuclei have troubles, see transcript U5_0.82_8_90_P6_0.23_8_0.15_9_5.1_0_1.5_1_0.23_2_0.32_A1_1.3_P_10/inp065.err for more details.
ERROR in MURE::BuildMCNPFile
	 Some nuclei have troubles, see transcript U5_0.82_8_90_P6_0.23_8_0.15_9_5.1_0_1.5_1_0.23_2_0.32_A1_1.3_P_10/inp066.err for more details.
ERROR in MURE::WriteMaterial(ostream &Out)
	 Some nuclei have troubles, see transcript U5_0.82_8_90_P6_0.23_8_0.15_9_5.1_0_1.5_1_0.23_2_0.32_A1_1.3_P_10/inp066.err for more details.
ERROR in MURE::BuildMCNPFile
	 Some nuclei have troubles, see transcript U5_0.82_8_90_P6_0.23_8_0.15_9_5.1_0_1.5_1_0.23_2_0.32_A1_1.3_P_10/inp067.err for more details.
ERROR in MURE::WriteMaterial(ostream &Out)
	 Some nuclei have troubles, see transcript U5_0.82_8_90_P6_0.23_8_0.15_9_5.1_0_1.5_1_0.23_2_0.32_A1_1.3_P_10/inp067.err for more details.
ERROR in MURE::BuildMCNPFile
	 Some nuclei have troubles, see transcript U5_0.82_8_90_P6_0.23_8_0.15_9_5.1_0_1.5_1_0.23_2_0.32_A1_1.3_P_10/inp068.err for more details.
ERROR in MURE::WriteMaterial(ostream &Out)
	 Some nuclei have troubles, see transcript U5_0.82_8_90_P6_0.23_8_0.15_9_5.1_0_1.5_1_0.23_2_0.32_A1_1.3_P_10/inp068.err for more details.
ERROR in MURE::BuildMCNPFile
	 Some nuclei have troubles, see transcript U5_0.82_8_90_P6_0.23_8_0.15_9_5.1_0_1.5_1_0.23_2_0.32_A1_1.3_P_10/inp069.err for more details.
ERROR in MURE::WriteMaterial(ostream &Out)
	 Some nuclei have troubles, see transcript U5_0.82_8_90_P6_0.23_8_0.15_9_5.1_0_1.5_1_0.23_2_0.32_A1_1.3_P_10/inp069.err for more details.
ERROR in MURE::BuildMCNPFile
	 Some nuclei have troubles, see transcript U5_0.82_8_90_P6_0.23_8_0.15_9_5.1_0_1.5_1_0.23_2_0.32_A1_1.3_P_10/inp070.err for more details.
ERROR in MURE::WriteMaterial(ostream &Out)
	 Some nuclei have troubles, see transcript U5_0.82_8_90_P6_0.23_8_0.15_9_5.1_0_1.5_1_0.23_2_0.32_A1_1.3_P_10/inp070.err for more details.
ERROR in MURE::BuildMCNPFile
	 Some nuclei have troubles, see transcript U5_0.82_8_90_P6_0.23_8_0.15_9_5.1_0_1.5_1_0.23_2_0.32_A1_1.3_P_10/inp071.err for more details.
ERROR in MURE::WriteMaterial(ostream &Out)
	 Some nuclei have troubles, see transcript U5_0.82_8_90_P6_0.23_8_0.15_9_5.1_0_1.5_1_0.23_2_0.32_A1_1.3_P_10/inp071.err for more details.
ERROR in MURE::BuildMCNPFile
	 Some nuclei have troubles, see transcript U5_0.82_8_90_P6_0.23_8_0.15_9_5.1_0_1.5_1_0.23_2_0.32_A1_1.3_P_10/inp072.err for more details.
ERROR in MURE::WriteMaterial(ostream &Out)
	 Some nuclei have troubles, see transcript U5_0.82_8_90_P6_0.23_8_0.15_9_5.1_0_1.5_1_0.23_2_0.32_A1_1.3_P_10/inp072.err for more details.
ERROR in MURE::BuildMCNPFile
	 Some nuclei have troubles, see transcript U5_0.82_8_90_P6_0.23_8_0.15_9_5.1_0_1.5_1_0.23_2_0.32_A1_1.3_P_10/inp073.err for more details.
ERROR in MURE::WriteMaterial(ostream &Out)
	 Some nuclei have troubles, see transcript U5_0.82_8_90_P6_0.23_8_0.15_9_5.1_0_1.5_1_0.23_2_0.32_A1_1.3_P_10/inp073.err for more details.
ERROR in MURE::BuildMCNPFile
	 Some nuclei have troubles, see transcript U5_0.82_8_90_P6_0.23_8_0.15_9_5.1_0_1.5_1_0.23_2_0.32_A1_1.3_P_10/inp074.err for more details.
ERROR in MURE::WriteMaterial(ostream &Out)
	 Some nuclei have troubles, see transcript U5_0.82_8_90_P6_0.23_8_0.15_9_5.1_0_1.5_1_0.23_2_0.32_A1_1.3_P_10/inp074.err for more details.
ERROR in MURE::BuildMCNPFile
	 Some nuclei have troubles, see transcript U5_0.82_8_90_P6_0.23_8_0.15_9_5.1_0_1.5_1_0.23_2_0.32_A1_1.3_P_10/inp075.err for more details.
ERROR in MURE::WriteMaterial(ostream &Out)
	 Some nuclei have troubles, see transcript U5_0.82_8_90_P6_0.23_8_0.15_9_5.1_0_1.5_1_0.23_2_0.32_A1_1.3_P_10/inp075.err for more details.
ERROR in MURE::BuildMCNPFile
	 Some nuclei have troubles, see transcript U5_0.82_8_90_P6_0.23_8_0.15_9_5.1_0_1.5_1_0.23_2_0.32_A1_1.3_P_10/inp076.err for more details.
ERROR in MURE::WriteMaterial(ostream &Out)
	 Some nuclei have troubles, see transcript U5_0.82_8_90_P6_0.23_8_0.15_9_5.1_0_1.5_1_0.23_2_0.32_A1_1.3_P_10/inp076.err for more details.
ERROR in MURE::BuildMCNPFile
	 Some nuclei have troubles, see transcript U5_0.82_8_90_P6_0.23_8_0.15_9_5.1_0_1.5_1_0.23_2_0.32_A1_1.3_P_10/inp077.err for more details.
ERROR in MURE::WriteMaterial(ostream &Out)
	 Some nuclei have troubles, see transcript U5_0.82_8_90_P6_0.23_8_0.15_9_5.1_0_1.5_1_0.23_2_0.32_A1_1.3_P_10/inp077.err for more details.
ERROR in MURE::BuildMCNPFile
	 Some nuclei have troubles, see transcript U5_0.82_8_90_P6_0.23_8_0.15_9_5.1_0_1.5_1_0.23_2_0.32_A1_1.3_P_10/inp078.err for more details.
ERROR in MURE::WriteMaterial(ostream &Out)
	 Some nuclei have troubles, see transcript U5_0.82_8_90_P6_0.23_8_0.15_9_5.1_0_1.5_1_0.23_2_0.32_A1_1.3_P_10/inp078.err for more details.
ERROR in MURE::BuildMCNPFile
	 Some nuclei have troubles, see transcript U5_0.82_8_90_P6_0.23_8_0.15_9_5.1_0_1.5_1_0.23_2_0.32_A1_1.3_P_10/inp079.err for more details.
ERROR in MURE::WriteMaterial(ostream &Out)
	 Some nuclei have troubles, see transcript U5_0.82_8_90_P6_0.23_8_0.15_9_5.1_0_1.5_1_0.23_2_0.32_A1_1.3_P_10/inp079.err for more details.
* About to connect() to ftp.box.com port 21 (#0)
*   Trying 107.152.25.220... connected
* Connected to ftp.box.com (107.152.25.220) port 21 (#0)
< 220 Service ready for new user.
> AUTH SSL
< 234 Command AUTH okay; starting SSL connection.
* Initializing NSS with certpath: sql:/etc/pki/nssdb
*   CAfile: /etc/pki/tls/certs/ca-bundle.crt
  CApath: none
* SSL connection using TLS_RSA_WITH_AES_128_CBC_SHA
* Server certificate:
* 	subject: CN=*.box.com,O="Box, Inc.",L=Los Altos,ST=California,C=US
* 	start date: Nov 13 19:22:20 2014 GMT
* 	expire date: Oct 23 02:42:03 2017 GMT
* 	common name: *.box.com
* 	issuer: CN=GeoTrust SSL CA - G4,O=GeoTrust Inc.,C=US
> USER mouginot@wisc.edu
< 331 User name okay, need password for mouginot@wisc.edu.
> PASS line150782
< 230 User logged in, proceed.
> PBSZ 0
< 200 Command PBSZ okay.
> PROT P
< 200 Command PROT okay.
> PWD
< 257 "/" is current directory.
* Entry path is '/'
> CWD MODEL_DATA
< 250 Directory changed to /MODEL_DATA
> CWD PWR_TRU_MOX_PSPEC
< 250 Directory changed to /MODEL_DATA/PWR_TRU_MOX_PSPEC
> CWD 1000
< 250 Directory changed to /MODEL_DATA/PWR_TRU_MOX_PSPEC/1000
> PASV
* Connect data stream passively
< 227 Entering Passive Mode (107,152,25,220,101,182)
* Skips 107.152.25.220 for data connection, uses 107.152.25.220 instead
*   Trying 107.152.25.220... connected
* Connecting to 107.152.25.220 (107.152.25.220) port 26038
> TYPE I
< 200 Command TYPE okay.
> STOR 321_raw.tar.gz
< 150 File status okay; about to open data connection.
* Doing the SSL/TLS handshake on the data stream
*   CAfile: /etc/pki/tls/certs/ca-bundle.crt
  CApath: none
* SSL connection using TLS_RSA_WITH_AES_128_CBC_SHA
* Server certificate:
* 	subject: CN=*.box.com,O="Box, Inc.",L=Los Altos,ST=California,C=US
* 	start date: Nov 13 19:22:20 2014 GMT
* 	expire date: Oct 23 02:42:03 2017 GMT
* 	common name: *.box.com
* 	issuer: CN=GeoTrust SSL CA - G4,O=GeoTrust Inc.,C=US
} [data not shown]
  % Total    % Received % Xferd  Average Speed   Time    Time     Time  Current
                                 Dload  Upload   Total   Spent    Left  Speed
  0 43.5M    0     0    0 16384      0   8685  1:27:40  0:00:01  1:27:39  8685  0 43.5M    0     0    0  192k      0  90144  0:08:26  0:00:02  0:08:24  596k 10 43.5M    0     0   10 4896k      0  1550k  0:00:28  0:00:03  0:00:25 3836k 41 43.5M    0     0   41 18.0M      0  4431k  0:00:10  0:00:04  0:00:06 8102k 81 43.5M    0     0   81 35.5M      0  7061k  0:00:06  0:00:05  0:00:01 10.8M* Remembering we are in dir "MODEL_DATA/PWR_TRU_MOX_PSPEC/1000/"
100 43.5M    0     0  100 43.5M      0  6728k  0:00:06  0:00:06 --:--:-- 9400k100 43.5M    0     0  100 43.5M      0  5846k  0:00:07  0:00:07 --:--:-- 8152k< 226 Transfer complete.
100 43.5M    0     0  100 43.5M      0  5556k  0:00:08  0:00:08 --:--:-- 8155k* Connection #0 to host ftp.box.com left intact

> QUIT
< 221 Goodbye.
* Closing connection #0
