ERROR in MURE::BuildXSDIR()
	 Some nuclei have troubles, see transcript U5_0.96_8_93_P6_0.3_8_0.36_9_3.4_0_0.4_1_0.52_2_0.62_A1_0.65_P_12/inp000.err for more details.
ERROR in MURE::BuildMCNPFile
	 Some nuclei have troubles, see transcript U5_0.96_8_93_P6_0.3_8_0.36_9_3.4_0_0.4_1_0.52_2_0.62_A1_0.65_P_12/inp000.err for more details.
ERROR in MURE::WriteMaterial(ostream &Out)
	 Some nuclei have troubles, see transcript U5_0.96_8_93_P6_0.3_8_0.36_9_3.4_0_0.4_1_0.52_2_0.62_A1_0.65_P_12/inp000.err for more details.
ERROR in MURE::BuildMCNPFile
	 Some nuclei have troubles, see transcript U5_0.96_8_93_P6_0.3_8_0.36_9_3.4_0_0.4_1_0.52_2_0.62_A1_0.65_P_12/inp001.err for more details.
ERROR in MURE::WriteMaterial(ostream &Out)
	 Some nuclei have troubles, see transcript U5_0.96_8_93_P6_0.3_8_0.36_9_3.4_0_0.4_1_0.52_2_0.62_A1_0.65_P_12/inp001.err for more details.
ERROR in MURE::BuildMCNPFile
	 Some nuclei have troubles, see transcript U5_0.96_8_93_P6_0.3_8_0.36_9_3.4_0_0.4_1_0.52_2_0.62_A1_0.65_P_12/inp002.err for more details.
ERROR in MURE::WriteMaterial(ostream &Out)
	 Some nuclei have troubles, see transcript U5_0.96_8_93_P6_0.3_8_0.36_9_3.4_0_0.4_1_0.52_2_0.62_A1_0.65_P_12/inp002.err for more details.
ERROR in MURE::BuildMCNPFile
	 Some nuclei have troubles, see transcript U5_0.96_8_93_P6_0.3_8_0.36_9_3.4_0_0.4_1_0.52_2_0.62_A1_0.65_P_12/inp003.err for more details.
ERROR in MURE::WriteMaterial(ostream &Out)
	 Some nuclei have troubles, see transcript U5_0.96_8_93_P6_0.3_8_0.36_9_3.4_0_0.4_1_0.52_2_0.62_A1_0.65_P_12/inp003.err for more details.
ERROR in MURE::BuildMCNPFile
	 Some nuclei have troubles, see transcript U5_0.96_8_93_P6_0.3_8_0.36_9_3.4_0_0.4_1_0.52_2_0.62_A1_0.65_P_12/inp004.err for more details.
ERROR in MURE::WriteMaterial(ostream &Out)
	 Some nuclei have troubles, see transcript U5_0.96_8_93_P6_0.3_8_0.36_9_3.4_0_0.4_1_0.52_2_0.62_A1_0.65_P_12/inp004.err for more details.
ERROR in MURE::BuildMCNPFile
	 Some nuclei have troubles, see transcript U5_0.96_8_93_P6_0.3_8_0.36_9_3.4_0_0.4_1_0.52_2_0.62_A1_0.65_P_12/inp005.err for more details.
ERROR in MURE::WriteMaterial(ostream &Out)
	 Some nuclei have troubles, see transcript U5_0.96_8_93_P6_0.3_8_0.36_9_3.4_0_0.4_1_0.52_2_0.62_A1_0.65_P_12/inp005.err for more details.
ERROR in MURE::BuildMCNPFile
	 Some nuclei have troubles, see transcript U5_0.96_8_93_P6_0.3_8_0.36_9_3.4_0_0.4_1_0.52_2_0.62_A1_0.65_P_12/inp006.err for more details.
ERROR in MURE::WriteMaterial(ostream &Out)
	 Some nuclei have troubles, see transcript U5_0.96_8_93_P6_0.3_8_0.36_9_3.4_0_0.4_1_0.52_2_0.62_A1_0.65_P_12/inp006.err for more details.
ERROR in MURE::BuildMCNPFile
	 Some nuclei have troubles, see transcript U5_0.96_8_93_P6_0.3_8_0.36_9_3.4_0_0.4_1_0.52_2_0.62_A1_0.65_P_12/inp007.err for more details.
ERROR in MURE::WriteMaterial(ostream &Out)
	 Some nuclei have troubles, see transcript U5_0.96_8_93_P6_0.3_8_0.36_9_3.4_0_0.4_1_0.52_2_0.62_A1_0.65_P_12/inp007.err for more details.
ERROR in MURE::BuildMCNPFile
	 Some nuclei have troubles, see transcript U5_0.96_8_93_P6_0.3_8_0.36_9_3.4_0_0.4_1_0.52_2_0.62_A1_0.65_P_12/inp008.err for more details.
ERROR in MURE::WriteMaterial(ostream &Out)
	 Some nuclei have troubles, see transcript U5_0.96_8_93_P6_0.3_8_0.36_9_3.4_0_0.4_1_0.52_2_0.62_A1_0.65_P_12/inp008.err for more details.
ERROR in MURE::BuildMCNPFile
	 Some nuclei have troubles, see transcript U5_0.96_8_93_P6_0.3_8_0.36_9_3.4_0_0.4_1_0.52_2_0.62_A1_0.65_P_12/inp009.err for more details.
ERROR in MURE::WriteMaterial(ostream &Out)
	 Some nuclei have troubles, see transcript U5_0.96_8_93_P6_0.3_8_0.36_9_3.4_0_0.4_1_0.52_2_0.62_A1_0.65_P_12/inp009.err for more details.
ERROR in MURE::BuildMCNPFile
	 Some nuclei have troubles, see transcript U5_0.96_8_93_P6_0.3_8_0.36_9_3.4_0_0.4_1_0.52_2_0.62_A1_0.65_P_12/inp010.err for more details.
ERROR in MURE::WriteMaterial(ostream &Out)
	 Some nuclei have troubles, see transcript U5_0.96_8_93_P6_0.3_8_0.36_9_3.4_0_0.4_1_0.52_2_0.62_A1_0.65_P_12/inp010.err for more details.
ERROR in MURE::BuildMCNPFile
	 Some nuclei have troubles, see transcript U5_0.96_8_93_P6_0.3_8_0.36_9_3.4_0_0.4_1_0.52_2_0.62_A1_0.65_P_12/inp011.err for more details.
ERROR in MURE::WriteMaterial(ostream &Out)
	 Some nuclei have troubles, see transcript U5_0.96_8_93_P6_0.3_8_0.36_9_3.4_0_0.4_1_0.52_2_0.62_A1_0.65_P_12/inp011.err for more details.
ERROR in MURE::BuildMCNPFile
	 Some nuclei have troubles, see transcript U5_0.96_8_93_P6_0.3_8_0.36_9_3.4_0_0.4_1_0.52_2_0.62_A1_0.65_P_12/inp012.err for more details.
ERROR in MURE::WriteMaterial(ostream &Out)
	 Some nuclei have troubles, see transcript U5_0.96_8_93_P6_0.3_8_0.36_9_3.4_0_0.4_1_0.52_2_0.62_A1_0.65_P_12/inp012.err for more details.
ERROR in MURE::BuildMCNPFile
	 Some nuclei have troubles, see transcript U5_0.96_8_93_P6_0.3_8_0.36_9_3.4_0_0.4_1_0.52_2_0.62_A1_0.65_P_12/inp013.err for more details.
ERROR in MURE::WriteMaterial(ostream &Out)
	 Some nuclei have troubles, see transcript U5_0.96_8_93_P6_0.3_8_0.36_9_3.4_0_0.4_1_0.52_2_0.62_A1_0.65_P_12/inp013.err for more details.
ERROR in MURE::BuildMCNPFile
	 Some nuclei have troubles, see transcript U5_0.96_8_93_P6_0.3_8_0.36_9_3.4_0_0.4_1_0.52_2_0.62_A1_0.65_P_12/inp014.err for more details.
ERROR in MURE::WriteMaterial(ostream &Out)
	 Some nuclei have troubles, see transcript U5_0.96_8_93_P6_0.3_8_0.36_9_3.4_0_0.4_1_0.52_2_0.62_A1_0.65_P_12/inp014.err for more details.
ERROR in MURE::BuildMCNPFile
	 Some nuclei have troubles, see transcript U5_0.96_8_93_P6_0.3_8_0.36_9_3.4_0_0.4_1_0.52_2_0.62_A1_0.65_P_12/inp015.err for more details.
ERROR in MURE::WriteMaterial(ostream &Out)
	 Some nuclei have troubles, see transcript U5_0.96_8_93_P6_0.3_8_0.36_9_3.4_0_0.4_1_0.52_2_0.62_A1_0.65_P_12/inp015.err for more details.
ERROR in MURE::BuildMCNPFile
	 Some nuclei have troubles, see transcript U5_0.96_8_93_P6_0.3_8_0.36_9_3.4_0_0.4_1_0.52_2_0.62_A1_0.65_P_12/inp016.err for more details.
ERROR in MURE::WriteMaterial(ostream &Out)
	 Some nuclei have troubles, see transcript U5_0.96_8_93_P6_0.3_8_0.36_9_3.4_0_0.4_1_0.52_2_0.62_A1_0.65_P_12/inp016.err for more details.
ERROR in MURE::BuildMCNPFile
	 Some nuclei have troubles, see transcript U5_0.96_8_93_P6_0.3_8_0.36_9_3.4_0_0.4_1_0.52_2_0.62_A1_0.65_P_12/inp017.err for more details.
ERROR in MURE::WriteMaterial(ostream &Out)
	 Some nuclei have troubles, see transcript U5_0.96_8_93_P6_0.3_8_0.36_9_3.4_0_0.4_1_0.52_2_0.62_A1_0.65_P_12/inp017.err for more details.
ERROR in MURE::BuildMCNPFile
	 Some nuclei have troubles, see transcript U5_0.96_8_93_P6_0.3_8_0.36_9_3.4_0_0.4_1_0.52_2_0.62_A1_0.65_P_12/inp018.err for more details.
ERROR in MURE::WriteMaterial(ostream &Out)
	 Some nuclei have troubles, see transcript U5_0.96_8_93_P6_0.3_8_0.36_9_3.4_0_0.4_1_0.52_2_0.62_A1_0.65_P_12/inp018.err for more details.
ERROR in MURE::BuildMCNPFile
	 Some nuclei have troubles, see transcript U5_0.96_8_93_P6_0.3_8_0.36_9_3.4_0_0.4_1_0.52_2_0.62_A1_0.65_P_12/inp019.err for more details.
ERROR in MURE::WriteMaterial(ostream &Out)
	 Some nuclei have troubles, see transcript U5_0.96_8_93_P6_0.3_8_0.36_9_3.4_0_0.4_1_0.52_2_0.62_A1_0.65_P_12/inp019.err for more details.
ERROR in MURE::BuildMCNPFile
	 Some nuclei have troubles, see transcript U5_0.96_8_93_P6_0.3_8_0.36_9_3.4_0_0.4_1_0.52_2_0.62_A1_0.65_P_12/inp020.err for more details.
ERROR in MURE::WriteMaterial(ostream &Out)
	 Some nuclei have troubles, see transcript U5_0.96_8_93_P6_0.3_8_0.36_9_3.4_0_0.4_1_0.52_2_0.62_A1_0.65_P_12/inp020.err for more details.
ERROR in MURE::BuildMCNPFile
	 Some nuclei have troubles, see transcript U5_0.96_8_93_P6_0.3_8_0.36_9_3.4_0_0.4_1_0.52_2_0.62_A1_0.65_P_12/inp021.err for more details.
ERROR in MURE::WriteMaterial(ostream &Out)
	 Some nuclei have troubles, see transcript U5_0.96_8_93_P6_0.3_8_0.36_9_3.4_0_0.4_1_0.52_2_0.62_A1_0.65_P_12/inp021.err for more details.
ERROR in MURE::BuildMCNPFile
	 Some nuclei have troubles, see transcript U5_0.96_8_93_P6_0.3_8_0.36_9_3.4_0_0.4_1_0.52_2_0.62_A1_0.65_P_12/inp022.err for more details.
ERROR in MURE::WriteMaterial(ostream &Out)
	 Some nuclei have troubles, see transcript U5_0.96_8_93_P6_0.3_8_0.36_9_3.4_0_0.4_1_0.52_2_0.62_A1_0.65_P_12/inp022.err for more details.
ERROR in MURE::BuildMCNPFile
	 Some nuclei have troubles, see transcript U5_0.96_8_93_P6_0.3_8_0.36_9_3.4_0_0.4_1_0.52_2_0.62_A1_0.65_P_12/inp023.err for more details.
ERROR in MURE::WriteMaterial(ostream &Out)
	 Some nuclei have troubles, see transcript U5_0.96_8_93_P6_0.3_8_0.36_9_3.4_0_0.4_1_0.52_2_0.62_A1_0.65_P_12/inp023.err for more details.
ERROR in MURE::BuildMCNPFile
	 Some nuclei have troubles, see transcript U5_0.96_8_93_P6_0.3_8_0.36_9_3.4_0_0.4_1_0.52_2_0.62_A1_0.65_P_12/inp024.err for more details.
ERROR in MURE::WriteMaterial(ostream &Out)
	 Some nuclei have troubles, see transcript U5_0.96_8_93_P6_0.3_8_0.36_9_3.4_0_0.4_1_0.52_2_0.62_A1_0.65_P_12/inp024.err for more details.
ERROR in MURE::BuildMCNPFile
	 Some nuclei have troubles, see transcript U5_0.96_8_93_P6_0.3_8_0.36_9_3.4_0_0.4_1_0.52_2_0.62_A1_0.65_P_12/inp025.err for more details.
ERROR in MURE::WriteMaterial(ostream &Out)
	 Some nuclei have troubles, see transcript U5_0.96_8_93_P6_0.3_8_0.36_9_3.4_0_0.4_1_0.52_2_0.62_A1_0.65_P_12/inp025.err for more details.
ERROR in MURE::BuildMCNPFile
	 Some nuclei have troubles, see transcript U5_0.96_8_93_P6_0.3_8_0.36_9_3.4_0_0.4_1_0.52_2_0.62_A1_0.65_P_12/inp026.err for more details.
ERROR in MURE::WriteMaterial(ostream &Out)
	 Some nuclei have troubles, see transcript U5_0.96_8_93_P6_0.3_8_0.36_9_3.4_0_0.4_1_0.52_2_0.62_A1_0.65_P_12/inp026.err for more details.
ERROR in MURE::BuildMCNPFile
	 Some nuclei have troubles, see transcript U5_0.96_8_93_P6_0.3_8_0.36_9_3.4_0_0.4_1_0.52_2_0.62_A1_0.65_P_12/inp027.err for more details.
ERROR in MURE::WriteMaterial(ostream &Out)
	 Some nuclei have troubles, see transcript U5_0.96_8_93_P6_0.3_8_0.36_9_3.4_0_0.4_1_0.52_2_0.62_A1_0.65_P_12/inp027.err for more details.
ERROR in MURE::BuildMCNPFile
	 Some nuclei have troubles, see transcript U5_0.96_8_93_P6_0.3_8_0.36_9_3.4_0_0.4_1_0.52_2_0.62_A1_0.65_P_12/inp028.err for more details.
ERROR in MURE::WriteMaterial(ostream &Out)
	 Some nuclei have troubles, see transcript U5_0.96_8_93_P6_0.3_8_0.36_9_3.4_0_0.4_1_0.52_2_0.62_A1_0.65_P_12/inp028.err for more details.
ERROR in MURE::BuildMCNPFile
	 Some nuclei have troubles, see transcript U5_0.96_8_93_P6_0.3_8_0.36_9_3.4_0_0.4_1_0.52_2_0.62_A1_0.65_P_12/inp029.err for more details.
ERROR in MURE::WriteMaterial(ostream &Out)
	 Some nuclei have troubles, see transcript U5_0.96_8_93_P6_0.3_8_0.36_9_3.4_0_0.4_1_0.52_2_0.62_A1_0.65_P_12/inp029.err for more details.
ERROR in MURE::BuildMCNPFile
	 Some nuclei have troubles, see transcript U5_0.96_8_93_P6_0.3_8_0.36_9_3.4_0_0.4_1_0.52_2_0.62_A1_0.65_P_12/inp030.err for more details.
ERROR in MURE::WriteMaterial(ostream &Out)
	 Some nuclei have troubles, see transcript U5_0.96_8_93_P6_0.3_8_0.36_9_3.4_0_0.4_1_0.52_2_0.62_A1_0.65_P_12/inp030.err for more details.
ERROR in MURE::BuildMCNPFile
	 Some nuclei have troubles, see transcript U5_0.96_8_93_P6_0.3_8_0.36_9_3.4_0_0.4_1_0.52_2_0.62_A1_0.65_P_12/inp031.err for more details.
ERROR in MURE::WriteMaterial(ostream &Out)
	 Some nuclei have troubles, see transcript U5_0.96_8_93_P6_0.3_8_0.36_9_3.4_0_0.4_1_0.52_2_0.62_A1_0.65_P_12/inp031.err for more details.
ERROR in MURE::BuildMCNPFile
	 Some nuclei have troubles, see transcript U5_0.96_8_93_P6_0.3_8_0.36_9_3.4_0_0.4_1_0.52_2_0.62_A1_0.65_P_12/inp032.err for more details.
ERROR in MURE::WriteMaterial(ostream &Out)
	 Some nuclei have troubles, see transcript U5_0.96_8_93_P6_0.3_8_0.36_9_3.4_0_0.4_1_0.52_2_0.62_A1_0.65_P_12/inp032.err for more details.
ERROR in MURE::BuildMCNPFile
	 Some nuclei have troubles, see transcript U5_0.96_8_93_P6_0.3_8_0.36_9_3.4_0_0.4_1_0.52_2_0.62_A1_0.65_P_12/inp033.err for more details.
ERROR in MURE::WriteMaterial(ostream &Out)
	 Some nuclei have troubles, see transcript U5_0.96_8_93_P6_0.3_8_0.36_9_3.4_0_0.4_1_0.52_2_0.62_A1_0.65_P_12/inp033.err for more details.
ERROR in MURE::BuildMCNPFile
	 Some nuclei have troubles, see transcript U5_0.96_8_93_P6_0.3_8_0.36_9_3.4_0_0.4_1_0.52_2_0.62_A1_0.65_P_12/inp034.err for more details.
ERROR in MURE::WriteMaterial(ostream &Out)
	 Some nuclei have troubles, see transcript U5_0.96_8_93_P6_0.3_8_0.36_9_3.4_0_0.4_1_0.52_2_0.62_A1_0.65_P_12/inp034.err for more details.
ERROR in MURE::BuildMCNPFile
	 Some nuclei have troubles, see transcript U5_0.96_8_93_P6_0.3_8_0.36_9_3.4_0_0.4_1_0.52_2_0.62_A1_0.65_P_12/inp035.err for more details.
ERROR in MURE::WriteMaterial(ostream &Out)
	 Some nuclei have troubles, see transcript U5_0.96_8_93_P6_0.3_8_0.36_9_3.4_0_0.4_1_0.52_2_0.62_A1_0.65_P_12/inp035.err for more details.
ERROR in MURE::BuildMCNPFile
	 Some nuclei have troubles, see transcript U5_0.96_8_93_P6_0.3_8_0.36_9_3.4_0_0.4_1_0.52_2_0.62_A1_0.65_P_12/inp036.err for more details.
ERROR in MURE::WriteMaterial(ostream &Out)
	 Some nuclei have troubles, see transcript U5_0.96_8_93_P6_0.3_8_0.36_9_3.4_0_0.4_1_0.52_2_0.62_A1_0.65_P_12/inp036.err for more details.
ERROR in MURE::BuildMCNPFile
	 Some nuclei have troubles, see transcript U5_0.96_8_93_P6_0.3_8_0.36_9_3.4_0_0.4_1_0.52_2_0.62_A1_0.65_P_12/inp037.err for more details.
ERROR in MURE::WriteMaterial(ostream &Out)
	 Some nuclei have troubles, see transcript U5_0.96_8_93_P6_0.3_8_0.36_9_3.4_0_0.4_1_0.52_2_0.62_A1_0.65_P_12/inp037.err for more details.
ERROR in MURE::BuildMCNPFile
	 Some nuclei have troubles, see transcript U5_0.96_8_93_P6_0.3_8_0.36_9_3.4_0_0.4_1_0.52_2_0.62_A1_0.65_P_12/inp038.err for more details.
ERROR in MURE::WriteMaterial(ostream &Out)
	 Some nuclei have troubles, see transcript U5_0.96_8_93_P6_0.3_8_0.36_9_3.4_0_0.4_1_0.52_2_0.62_A1_0.65_P_12/inp038.err for more details.
ERROR in MURE::BuildMCNPFile
	 Some nuclei have troubles, see transcript U5_0.96_8_93_P6_0.3_8_0.36_9_3.4_0_0.4_1_0.52_2_0.62_A1_0.65_P_12/inp039.err for more details.
ERROR in MURE::WriteMaterial(ostream &Out)
	 Some nuclei have troubles, see transcript U5_0.96_8_93_P6_0.3_8_0.36_9_3.4_0_0.4_1_0.52_2_0.62_A1_0.65_P_12/inp039.err for more details.
ERROR in MURE::BuildMCNPFile
	 Some nuclei have troubles, see transcript U5_0.96_8_93_P6_0.3_8_0.36_9_3.4_0_0.4_1_0.52_2_0.62_A1_0.65_P_12/inp040.err for more details.
ERROR in MURE::WriteMaterial(ostream &Out)
	 Some nuclei have troubles, see transcript U5_0.96_8_93_P6_0.3_8_0.36_9_3.4_0_0.4_1_0.52_2_0.62_A1_0.65_P_12/inp040.err for more details.
ERROR in MURE::BuildMCNPFile
	 Some nuclei have troubles, see transcript U5_0.96_8_93_P6_0.3_8_0.36_9_3.4_0_0.4_1_0.52_2_0.62_A1_0.65_P_12/inp041.err for more details.
ERROR in MURE::WriteMaterial(ostream &Out)
	 Some nuclei have troubles, see transcript U5_0.96_8_93_P6_0.3_8_0.36_9_3.4_0_0.4_1_0.52_2_0.62_A1_0.65_P_12/inp041.err for more details.
ERROR in MURE::BuildMCNPFile
	 Some nuclei have troubles, see transcript U5_0.96_8_93_P6_0.3_8_0.36_9_3.4_0_0.4_1_0.52_2_0.62_A1_0.65_P_12/inp042.err for more details.
ERROR in MURE::WriteMaterial(ostream &Out)
	 Some nuclei have troubles, see transcript U5_0.96_8_93_P6_0.3_8_0.36_9_3.4_0_0.4_1_0.52_2_0.62_A1_0.65_P_12/inp042.err for more details.
ERROR in MURE::BuildMCNPFile
	 Some nuclei have troubles, see transcript U5_0.96_8_93_P6_0.3_8_0.36_9_3.4_0_0.4_1_0.52_2_0.62_A1_0.65_P_12/inp043.err for more details.
ERROR in MURE::WriteMaterial(ostream &Out)
	 Some nuclei have troubles, see transcript U5_0.96_8_93_P6_0.3_8_0.36_9_3.4_0_0.4_1_0.52_2_0.62_A1_0.65_P_12/inp043.err for more details.
ERROR in MURE::BuildMCNPFile
	 Some nuclei have troubles, see transcript U5_0.96_8_93_P6_0.3_8_0.36_9_3.4_0_0.4_1_0.52_2_0.62_A1_0.65_P_12/inp044.err for more details.
ERROR in MURE::WriteMaterial(ostream &Out)
	 Some nuclei have troubles, see transcript U5_0.96_8_93_P6_0.3_8_0.36_9_3.4_0_0.4_1_0.52_2_0.62_A1_0.65_P_12/inp044.err for more details.
ERROR in MURE::BuildMCNPFile
	 Some nuclei have troubles, see transcript U5_0.96_8_93_P6_0.3_8_0.36_9_3.4_0_0.4_1_0.52_2_0.62_A1_0.65_P_12/inp045.err for more details.
ERROR in MURE::WriteMaterial(ostream &Out)
	 Some nuclei have troubles, see transcript U5_0.96_8_93_P6_0.3_8_0.36_9_3.4_0_0.4_1_0.52_2_0.62_A1_0.65_P_12/inp045.err for more details.
ERROR in MURE::BuildMCNPFile
	 Some nuclei have troubles, see transcript U5_0.96_8_93_P6_0.3_8_0.36_9_3.4_0_0.4_1_0.52_2_0.62_A1_0.65_P_12/inp046.err for more details.
ERROR in MURE::WriteMaterial(ostream &Out)
	 Some nuclei have troubles, see transcript U5_0.96_8_93_P6_0.3_8_0.36_9_3.4_0_0.4_1_0.52_2_0.62_A1_0.65_P_12/inp046.err for more details.
ERROR in MURE::BuildMCNPFile
	 Some nuclei have troubles, see transcript U5_0.96_8_93_P6_0.3_8_0.36_9_3.4_0_0.4_1_0.52_2_0.62_A1_0.65_P_12/inp047.err for more details.
ERROR in MURE::WriteMaterial(ostream &Out)
	 Some nuclei have troubles, see transcript U5_0.96_8_93_P6_0.3_8_0.36_9_3.4_0_0.4_1_0.52_2_0.62_A1_0.65_P_12/inp047.err for more details.
ERROR in MURE::BuildMCNPFile
	 Some nuclei have troubles, see transcript U5_0.96_8_93_P6_0.3_8_0.36_9_3.4_0_0.4_1_0.52_2_0.62_A1_0.65_P_12/inp048.err for more details.
ERROR in MURE::WriteMaterial(ostream &Out)
	 Some nuclei have troubles, see transcript U5_0.96_8_93_P6_0.3_8_0.36_9_3.4_0_0.4_1_0.52_2_0.62_A1_0.65_P_12/inp048.err for more details.
ERROR in MURE::BuildMCNPFile
	 Some nuclei have troubles, see transcript U5_0.96_8_93_P6_0.3_8_0.36_9_3.4_0_0.4_1_0.52_2_0.62_A1_0.65_P_12/inp049.err for more details.
ERROR in MURE::WriteMaterial(ostream &Out)
	 Some nuclei have troubles, see transcript U5_0.96_8_93_P6_0.3_8_0.36_9_3.4_0_0.4_1_0.52_2_0.62_A1_0.65_P_12/inp049.err for more details.
ERROR in MURE::BuildMCNPFile
	 Some nuclei have troubles, see transcript U5_0.96_8_93_P6_0.3_8_0.36_9_3.4_0_0.4_1_0.52_2_0.62_A1_0.65_P_12/inp050.err for more details.
ERROR in MURE::WriteMaterial(ostream &Out)
	 Some nuclei have troubles, see transcript U5_0.96_8_93_P6_0.3_8_0.36_9_3.4_0_0.4_1_0.52_2_0.62_A1_0.65_P_12/inp050.err for more details.
ERROR in MURE::BuildMCNPFile
	 Some nuclei have troubles, see transcript U5_0.96_8_93_P6_0.3_8_0.36_9_3.4_0_0.4_1_0.52_2_0.62_A1_0.65_P_12/inp051.err for more details.
ERROR in MURE::WriteMaterial(ostream &Out)
	 Some nuclei have troubles, see transcript U5_0.96_8_93_P6_0.3_8_0.36_9_3.4_0_0.4_1_0.52_2_0.62_A1_0.65_P_12/inp051.err for more details.
ERROR in MURE::BuildMCNPFile
	 Some nuclei have troubles, see transcript U5_0.96_8_93_P6_0.3_8_0.36_9_3.4_0_0.4_1_0.52_2_0.62_A1_0.65_P_12/inp052.err for more details.
ERROR in MURE::WriteMaterial(ostream &Out)
	 Some nuclei have troubles, see transcript U5_0.96_8_93_P6_0.3_8_0.36_9_3.4_0_0.4_1_0.52_2_0.62_A1_0.65_P_12/inp052.err for more details.
ERROR in MURE::BuildMCNPFile
	 Some nuclei have troubles, see transcript U5_0.96_8_93_P6_0.3_8_0.36_9_3.4_0_0.4_1_0.52_2_0.62_A1_0.65_P_12/inp053.err for more details.
ERROR in MURE::WriteMaterial(ostream &Out)
	 Some nuclei have troubles, see transcript U5_0.96_8_93_P6_0.3_8_0.36_9_3.4_0_0.4_1_0.52_2_0.62_A1_0.65_P_12/inp053.err for more details.
ERROR in MURE::BuildMCNPFile
	 Some nuclei have troubles, see transcript U5_0.96_8_93_P6_0.3_8_0.36_9_3.4_0_0.4_1_0.52_2_0.62_A1_0.65_P_12/inp054.err for more details.
ERROR in MURE::WriteMaterial(ostream &Out)
	 Some nuclei have troubles, see transcript U5_0.96_8_93_P6_0.3_8_0.36_9_3.4_0_0.4_1_0.52_2_0.62_A1_0.65_P_12/inp054.err for more details.
ERROR in MURE::BuildMCNPFile
	 Some nuclei have troubles, see transcript U5_0.96_8_93_P6_0.3_8_0.36_9_3.4_0_0.4_1_0.52_2_0.62_A1_0.65_P_12/inp055.err for more details.
ERROR in MURE::WriteMaterial(ostream &Out)
	 Some nuclei have troubles, see transcript U5_0.96_8_93_P6_0.3_8_0.36_9_3.4_0_0.4_1_0.52_2_0.62_A1_0.65_P_12/inp055.err for more details.
ERROR in MURE::BuildMCNPFile
	 Some nuclei have troubles, see transcript U5_0.96_8_93_P6_0.3_8_0.36_9_3.4_0_0.4_1_0.52_2_0.62_A1_0.65_P_12/inp056.err for more details.
ERROR in MURE::WriteMaterial(ostream &Out)
	 Some nuclei have troubles, see transcript U5_0.96_8_93_P6_0.3_8_0.36_9_3.4_0_0.4_1_0.52_2_0.62_A1_0.65_P_12/inp056.err for more details.
ERROR in MURE::BuildMCNPFile
	 Some nuclei have troubles, see transcript U5_0.96_8_93_P6_0.3_8_0.36_9_3.4_0_0.4_1_0.52_2_0.62_A1_0.65_P_12/inp057.err for more details.
ERROR in MURE::WriteMaterial(ostream &Out)
	 Some nuclei have troubles, see transcript U5_0.96_8_93_P6_0.3_8_0.36_9_3.4_0_0.4_1_0.52_2_0.62_A1_0.65_P_12/inp057.err for more details.
ERROR in MURE::BuildMCNPFile
	 Some nuclei have troubles, see transcript U5_0.96_8_93_P6_0.3_8_0.36_9_3.4_0_0.4_1_0.52_2_0.62_A1_0.65_P_12/inp058.err for more details.
ERROR in MURE::WriteMaterial(ostream &Out)
	 Some nuclei have troubles, see transcript U5_0.96_8_93_P6_0.3_8_0.36_9_3.4_0_0.4_1_0.52_2_0.62_A1_0.65_P_12/inp058.err for more details.
ERROR in MURE::BuildMCNPFile
	 Some nuclei have troubles, see transcript U5_0.96_8_93_P6_0.3_8_0.36_9_3.4_0_0.4_1_0.52_2_0.62_A1_0.65_P_12/inp059.err for more details.
ERROR in MURE::WriteMaterial(ostream &Out)
	 Some nuclei have troubles, see transcript U5_0.96_8_93_P6_0.3_8_0.36_9_3.4_0_0.4_1_0.52_2_0.62_A1_0.65_P_12/inp059.err for more details.
ERROR in MURE::BuildMCNPFile
	 Some nuclei have troubles, see transcript U5_0.96_8_93_P6_0.3_8_0.36_9_3.4_0_0.4_1_0.52_2_0.62_A1_0.65_P_12/inp060.err for more details.
ERROR in MURE::WriteMaterial(ostream &Out)
	 Some nuclei have troubles, see transcript U5_0.96_8_93_P6_0.3_8_0.36_9_3.4_0_0.4_1_0.52_2_0.62_A1_0.65_P_12/inp060.err for more details.
ERROR in MURE::BuildMCNPFile
	 Some nuclei have troubles, see transcript U5_0.96_8_93_P6_0.3_8_0.36_9_3.4_0_0.4_1_0.52_2_0.62_A1_0.65_P_12/inp061.err for more details.
ERROR in MURE::WriteMaterial(ostream &Out)
	 Some nuclei have troubles, see transcript U5_0.96_8_93_P6_0.3_8_0.36_9_3.4_0_0.4_1_0.52_2_0.62_A1_0.65_P_12/inp061.err for more details.
ERROR in MURE::BuildMCNPFile
	 Some nuclei have troubles, see transcript U5_0.96_8_93_P6_0.3_8_0.36_9_3.4_0_0.4_1_0.52_2_0.62_A1_0.65_P_12/inp062.err for more details.
ERROR in MURE::WriteMaterial(ostream &Out)
	 Some nuclei have troubles, see transcript U5_0.96_8_93_P6_0.3_8_0.36_9_3.4_0_0.4_1_0.52_2_0.62_A1_0.65_P_12/inp062.err for more details.
ERROR in MURE::BuildMCNPFile
	 Some nuclei have troubles, see transcript U5_0.96_8_93_P6_0.3_8_0.36_9_3.4_0_0.4_1_0.52_2_0.62_A1_0.65_P_12/inp063.err for more details.
ERROR in MURE::WriteMaterial(ostream &Out)
	 Some nuclei have troubles, see transcript U5_0.96_8_93_P6_0.3_8_0.36_9_3.4_0_0.4_1_0.52_2_0.62_A1_0.65_P_12/inp063.err for more details.
ERROR in MURE::BuildMCNPFile
	 Some nuclei have troubles, see transcript U5_0.96_8_93_P6_0.3_8_0.36_9_3.4_0_0.4_1_0.52_2_0.62_A1_0.65_P_12/inp064.err for more details.
ERROR in MURE::WriteMaterial(ostream &Out)
	 Some nuclei have troubles, see transcript U5_0.96_8_93_P6_0.3_8_0.36_9_3.4_0_0.4_1_0.52_2_0.62_A1_0.65_P_12/inp064.err for more details.
ERROR in MURE::BuildMCNPFile
	 Some nuclei have troubles, see transcript U5_0.96_8_93_P6_0.3_8_0.36_9_3.4_0_0.4_1_0.52_2_0.62_A1_0.65_P_12/inp065.err for more details.
ERROR in MURE::WriteMaterial(ostream &Out)
	 Some nuclei have troubles, see transcript U5_0.96_8_93_P6_0.3_8_0.36_9_3.4_0_0.4_1_0.52_2_0.62_A1_0.65_P_12/inp065.err for more details.
ERROR in MURE::BuildMCNPFile
	 Some nuclei have troubles, see transcript U5_0.96_8_93_P6_0.3_8_0.36_9_3.4_0_0.4_1_0.52_2_0.62_A1_0.65_P_12/inp066.err for more details.
ERROR in MURE::WriteMaterial(ostream &Out)
	 Some nuclei have troubles, see transcript U5_0.96_8_93_P6_0.3_8_0.36_9_3.4_0_0.4_1_0.52_2_0.62_A1_0.65_P_12/inp066.err for more details.
ERROR in MURE::BuildMCNPFile
	 Some nuclei have troubles, see transcript U5_0.96_8_93_P6_0.3_8_0.36_9_3.4_0_0.4_1_0.52_2_0.62_A1_0.65_P_12/inp067.err for more details.
ERROR in MURE::WriteMaterial(ostream &Out)
	 Some nuclei have troubles, see transcript U5_0.96_8_93_P6_0.3_8_0.36_9_3.4_0_0.4_1_0.52_2_0.62_A1_0.65_P_12/inp067.err for more details.
ERROR in MURE::BuildMCNPFile
	 Some nuclei have troubles, see transcript U5_0.96_8_93_P6_0.3_8_0.36_9_3.4_0_0.4_1_0.52_2_0.62_A1_0.65_P_12/inp068.err for more details.
ERROR in MURE::WriteMaterial(ostream &Out)
	 Some nuclei have troubles, see transcript U5_0.96_8_93_P6_0.3_8_0.36_9_3.4_0_0.4_1_0.52_2_0.62_A1_0.65_P_12/inp068.err for more details.
ERROR in MURE::BuildMCNPFile
	 Some nuclei have troubles, see transcript U5_0.96_8_93_P6_0.3_8_0.36_9_3.4_0_0.4_1_0.52_2_0.62_A1_0.65_P_12/inp069.err for more details.
ERROR in MURE::WriteMaterial(ostream &Out)
	 Some nuclei have troubles, see transcript U5_0.96_8_93_P6_0.3_8_0.36_9_3.4_0_0.4_1_0.52_2_0.62_A1_0.65_P_12/inp069.err for more details.
ERROR in MURE::BuildMCNPFile
	 Some nuclei have troubles, see transcript U5_0.96_8_93_P6_0.3_8_0.36_9_3.4_0_0.4_1_0.52_2_0.62_A1_0.65_P_12/inp070.err for more details.
ERROR in MURE::WriteMaterial(ostream &Out)
	 Some nuclei have troubles, see transcript U5_0.96_8_93_P6_0.3_8_0.36_9_3.4_0_0.4_1_0.52_2_0.62_A1_0.65_P_12/inp070.err for more details.
ERROR in MURE::BuildMCNPFile
	 Some nuclei have troubles, see transcript U5_0.96_8_93_P6_0.3_8_0.36_9_3.4_0_0.4_1_0.52_2_0.62_A1_0.65_P_12/inp071.err for more details.
ERROR in MURE::WriteMaterial(ostream &Out)
	 Some nuclei have troubles, see transcript U5_0.96_8_93_P6_0.3_8_0.36_9_3.4_0_0.4_1_0.52_2_0.62_A1_0.65_P_12/inp071.err for more details.
ERROR in MURE::BuildMCNPFile
	 Some nuclei have troubles, see transcript U5_0.96_8_93_P6_0.3_8_0.36_9_3.4_0_0.4_1_0.52_2_0.62_A1_0.65_P_12/inp072.err for more details.
ERROR in MURE::WriteMaterial(ostream &Out)
	 Some nuclei have troubles, see transcript U5_0.96_8_93_P6_0.3_8_0.36_9_3.4_0_0.4_1_0.52_2_0.62_A1_0.65_P_12/inp072.err for more details.
ERROR in MURE::BuildMCNPFile
	 Some nuclei have troubles, see transcript U5_0.96_8_93_P6_0.3_8_0.36_9_3.4_0_0.4_1_0.52_2_0.62_A1_0.65_P_12/inp073.err for more details.
ERROR in MURE::WriteMaterial(ostream &Out)
	 Some nuclei have troubles, see transcript U5_0.96_8_93_P6_0.3_8_0.36_9_3.4_0_0.4_1_0.52_2_0.62_A1_0.65_P_12/inp073.err for more details.
ERROR in MURE::BuildMCNPFile
	 Some nuclei have troubles, see transcript U5_0.96_8_93_P6_0.3_8_0.36_9_3.4_0_0.4_1_0.52_2_0.62_A1_0.65_P_12/inp074.err for more details.
ERROR in MURE::WriteMaterial(ostream &Out)
	 Some nuclei have troubles, see transcript U5_0.96_8_93_P6_0.3_8_0.36_9_3.4_0_0.4_1_0.52_2_0.62_A1_0.65_P_12/inp074.err for more details.
ERROR in MURE::BuildMCNPFile
	 Some nuclei have troubles, see transcript U5_0.96_8_93_P6_0.3_8_0.36_9_3.4_0_0.4_1_0.52_2_0.62_A1_0.65_P_12/inp075.err for more details.
ERROR in MURE::WriteMaterial(ostream &Out)
	 Some nuclei have troubles, see transcript U5_0.96_8_93_P6_0.3_8_0.36_9_3.4_0_0.4_1_0.52_2_0.62_A1_0.65_P_12/inp075.err for more details.
ERROR in MURE::BuildMCNPFile
	 Some nuclei have troubles, see transcript U5_0.96_8_93_P6_0.3_8_0.36_9_3.4_0_0.4_1_0.52_2_0.62_A1_0.65_P_12/inp076.err for more details.
ERROR in MURE::WriteMaterial(ostream &Out)
	 Some nuclei have troubles, see transcript U5_0.96_8_93_P6_0.3_8_0.36_9_3.4_0_0.4_1_0.52_2_0.62_A1_0.65_P_12/inp076.err for more details.
ERROR in MURE::BuildMCNPFile
	 Some nuclei have troubles, see transcript U5_0.96_8_93_P6_0.3_8_0.36_9_3.4_0_0.4_1_0.52_2_0.62_A1_0.65_P_12/inp077.err for more details.
ERROR in MURE::WriteMaterial(ostream &Out)
	 Some nuclei have troubles, see transcript U5_0.96_8_93_P6_0.3_8_0.36_9_3.4_0_0.4_1_0.52_2_0.62_A1_0.65_P_12/inp077.err for more details.
ERROR in MURE::BuildMCNPFile
	 Some nuclei have troubles, see transcript U5_0.96_8_93_P6_0.3_8_0.36_9_3.4_0_0.4_1_0.52_2_0.62_A1_0.65_P_12/inp078.err for more details.
ERROR in MURE::WriteMaterial(ostream &Out)
	 Some nuclei have troubles, see transcript U5_0.96_8_93_P6_0.3_8_0.36_9_3.4_0_0.4_1_0.52_2_0.62_A1_0.65_P_12/inp078.err for more details.
ERROR in MURE::BuildMCNPFile
	 Some nuclei have troubles, see transcript U5_0.96_8_93_P6_0.3_8_0.36_9_3.4_0_0.4_1_0.52_2_0.62_A1_0.65_P_12/inp079.err for more details.
ERROR in MURE::WriteMaterial(ostream &Out)
	 Some nuclei have troubles, see transcript U5_0.96_8_93_P6_0.3_8_0.36_9_3.4_0_0.4_1_0.52_2_0.62_A1_0.65_P_12/inp079.err for more details.
* About to connect() to ftp.box.com port 21 (#0)
*   Trying 107.152.25.220... connected
* Connected to ftp.box.com (107.152.25.220) port 21 (#0)
< 220 Service ready for new user.
> AUTH SSL
< 234 Command AUTH okay; starting SSL connection.
* Initializing NSS with certpath: sql:/etc/pki/nssdb
*   CAfile: /etc/pki/tls/certs/ca-bundle.crt
  CApath: none
* SSL connection using TLS_RSA_WITH_AES_128_CBC_SHA
* Server certificate:
* 	subject: CN=*.box.com,O="Box, Inc.",L=Los Altos,ST=California,C=US
* 	start date: Nov 13 19:22:20 2014 GMT
* 	expire date: Oct 23 02:42:03 2017 GMT
* 	common name: *.box.com
* 	issuer: CN=GeoTrust SSL CA - G4,O=GeoTrust Inc.,C=US
> USER mouginot@wisc.edu
< 331 User name okay, need password for mouginot@wisc.edu.
> PASS line150782
< 230 User logged in, proceed.
> PBSZ 0
< 200 Command PBSZ okay.
> PROT P
< 200 Command PROT okay.
> PWD
< 257 "/" is current directory.
* Entry path is '/'
> CWD MODEL_DATA
< 250 Directory changed to /MODEL_DATA
> CWD PWR_TRU_MOX_PSPEC
< 250 Directory changed to /MODEL_DATA/PWR_TRU_MOX_PSPEC
> CWD 1000
< 250 Directory changed to /MODEL_DATA/PWR_TRU_MOX_PSPEC/1000
> PASV
* Connect data stream passively
< 227 Entering Passive Mode (107,152,25,220,82,152)
* Skips 107.152.25.220 for data connection, uses 107.152.25.220 instead
*   Trying 107.152.25.220... connected
* Connecting to 107.152.25.220 (107.152.25.220) port 21144
> TYPE I
< 200 Command TYPE okay.
> STOR 705_raw.tar.gz
< 150 File status okay; about to open data connection.
* Doing the SSL/TLS handshake on the data stream
*   CAfile: /etc/pki/tls/certs/ca-bundle.crt
  CApath: none
* SSL connection using TLS_RSA_WITH_AES_128_CBC_SHA
* Server certificate:
* 	subject: CN=*.box.com,O="Box, Inc.",L=Los Altos,ST=California,C=US
* 	start date: Nov 13 19:22:20 2014 GMT
* 	expire date: Oct 23 02:42:03 2017 GMT
* 	common name: *.box.com
* 	issuer: CN=GeoTrust SSL CA - G4,O=GeoTrust Inc.,C=US
} [data not shown]
  % Total    % Received % Xferd  Average Speed   Time    Time     Time  Current
                                 Dload  Upload   Total   Spent    Left  Speed
  0 43.5M    0     0    0 16384      0   6949  1:49:30  0:00:02  1:49:28  6949  0 43.5M    0     0    0  144k      0  56526  0:13:27  0:00:02  0:13:25  507k  4 43.5M    0     0    4 2032k      0   564k  0:01:18  0:00:03  0:01:15 1624k  7 43.5M    0     0    7 3232k      0   703k  0:01:03  0:00:04  0:00:59 1438k  9 43.5M    0     0    9 4448k      0   791k  0:00:56  0:00:05  0:00:51 1359k 12 43.5M    0     0   12 5712k      0   862k  0:00:51  0:00:06  0:00:45 1334k 15 43.5M    0     0   15 6928k      0   911k  0:00:48  0:00:07  0:00:41 1358k 19 43.5M    0     0   19 8704k      0  1013k  0:00:43  0:00:08  0:00:35 1337k 23 43.5M    0     0   23 10.0M      0  1074k  0:00:41  0:00:09  0:00:32 1414k 26 43.5M    0     0   26 11.4M      0  1102k  0:00:40  0:00:10  0:00:30 1453k 28 43.5M    0     0   28 12.5M      0  1103k  0:00:40  0:00:11  0:00:29 1424k 31 43.5M    0     0   31 13.7M      0  1112k  0:00:40  0:00:12  0:00:28 1418k 34 43.5M    0     0   34 14.9M      0  1124k  0:00:39  0:00:13  0:00:26 1314k 38 43.5M    0     0   38 16.5M      0  1162k  0:00:38  0:00:14  0:00:24 1332k 44 43.5M    0     0   44 19.4M      0  1274k  0:00:34  0:00:15  0:00:19 1638k 59 43.5M    0     0   59 25.7M      0  1590k  0:00:28  0:00:16  0:00:12 2723k 76 43.5M    0     0   76 33.1M      0  1930k  0:00:23  0:00:17  0:00:06 4001k 89 43.5M    0     0   89 38.7M      0  2135k  0:00:20  0:00:18  0:00:02 4885k* Remembering we are in dir "MODEL_DATA/PWR_TRU_MOX_PSPEC/1000/"
< 226 Transfer complete.
100 43.5M    0     0  100 43.5M      0  2218k  0:00:20  0:00:20 --:--:-- 5023k* Connection #0 to host ftp.box.com left intact

> QUIT
< 221 Goodbye.
* Closing connection #0
