ERROR in MURE::BuildXSDIR()
	 Some nuclei have troubles, see transcript U5_0.56_8_90_P6_0.29_8_0.56_9_4.2_0_0.97_1_0.9_2_1.6_A1_0.87_P_11/inp000.err for more details.
ERROR in MURE::BuildMCNPFile
	 Some nuclei have troubles, see transcript U5_0.56_8_90_P6_0.29_8_0.56_9_4.2_0_0.97_1_0.9_2_1.6_A1_0.87_P_11/inp000.err for more details.
ERROR in MURE::WriteMaterial(ostream &Out)
	 Some nuclei have troubles, see transcript U5_0.56_8_90_P6_0.29_8_0.56_9_4.2_0_0.97_1_0.9_2_1.6_A1_0.87_P_11/inp000.err for more details.
ERROR in MURE::BuildMCNPFile
	 Some nuclei have troubles, see transcript U5_0.56_8_90_P6_0.29_8_0.56_9_4.2_0_0.97_1_0.9_2_1.6_A1_0.87_P_11/inp001.err for more details.
ERROR in MURE::WriteMaterial(ostream &Out)
	 Some nuclei have troubles, see transcript U5_0.56_8_90_P6_0.29_8_0.56_9_4.2_0_0.97_1_0.9_2_1.6_A1_0.87_P_11/inp001.err for more details.
ERROR in MURE::BuildMCNPFile
	 Some nuclei have troubles, see transcript U5_0.56_8_90_P6_0.29_8_0.56_9_4.2_0_0.97_1_0.9_2_1.6_A1_0.87_P_11/inp002.err for more details.
ERROR in MURE::WriteMaterial(ostream &Out)
	 Some nuclei have troubles, see transcript U5_0.56_8_90_P6_0.29_8_0.56_9_4.2_0_0.97_1_0.9_2_1.6_A1_0.87_P_11/inp002.err for more details.
ERROR in MURE::BuildMCNPFile
	 Some nuclei have troubles, see transcript U5_0.56_8_90_P6_0.29_8_0.56_9_4.2_0_0.97_1_0.9_2_1.6_A1_0.87_P_11/inp003.err for more details.
ERROR in MURE::WriteMaterial(ostream &Out)
	 Some nuclei have troubles, see transcript U5_0.56_8_90_P6_0.29_8_0.56_9_4.2_0_0.97_1_0.9_2_1.6_A1_0.87_P_11/inp003.err for more details.
ERROR in MURE::BuildMCNPFile
	 Some nuclei have troubles, see transcript U5_0.56_8_90_P6_0.29_8_0.56_9_4.2_0_0.97_1_0.9_2_1.6_A1_0.87_P_11/inp004.err for more details.
ERROR in MURE::WriteMaterial(ostream &Out)
	 Some nuclei have troubles, see transcript U5_0.56_8_90_P6_0.29_8_0.56_9_4.2_0_0.97_1_0.9_2_1.6_A1_0.87_P_11/inp004.err for more details.
ERROR in MURE::BuildMCNPFile
	 Some nuclei have troubles, see transcript U5_0.56_8_90_P6_0.29_8_0.56_9_4.2_0_0.97_1_0.9_2_1.6_A1_0.87_P_11/inp005.err for more details.
ERROR in MURE::WriteMaterial(ostream &Out)
	 Some nuclei have troubles, see transcript U5_0.56_8_90_P6_0.29_8_0.56_9_4.2_0_0.97_1_0.9_2_1.6_A1_0.87_P_11/inp005.err for more details.
ERROR in MURE::BuildMCNPFile
	 Some nuclei have troubles, see transcript U5_0.56_8_90_P6_0.29_8_0.56_9_4.2_0_0.97_1_0.9_2_1.6_A1_0.87_P_11/inp006.err for more details.
ERROR in MURE::WriteMaterial(ostream &Out)
	 Some nuclei have troubles, see transcript U5_0.56_8_90_P6_0.29_8_0.56_9_4.2_0_0.97_1_0.9_2_1.6_A1_0.87_P_11/inp006.err for more details.
ERROR in MURE::BuildMCNPFile
	 Some nuclei have troubles, see transcript U5_0.56_8_90_P6_0.29_8_0.56_9_4.2_0_0.97_1_0.9_2_1.6_A1_0.87_P_11/inp007.err for more details.
ERROR in MURE::WriteMaterial(ostream &Out)
	 Some nuclei have troubles, see transcript U5_0.56_8_90_P6_0.29_8_0.56_9_4.2_0_0.97_1_0.9_2_1.6_A1_0.87_P_11/inp007.err for more details.
ERROR in MURE::BuildMCNPFile
	 Some nuclei have troubles, see transcript U5_0.56_8_90_P6_0.29_8_0.56_9_4.2_0_0.97_1_0.9_2_1.6_A1_0.87_P_11/inp008.err for more details.
ERROR in MURE::WriteMaterial(ostream &Out)
	 Some nuclei have troubles, see transcript U5_0.56_8_90_P6_0.29_8_0.56_9_4.2_0_0.97_1_0.9_2_1.6_A1_0.87_P_11/inp008.err for more details.
ERROR in MURE::BuildMCNPFile
	 Some nuclei have troubles, see transcript U5_0.56_8_90_P6_0.29_8_0.56_9_4.2_0_0.97_1_0.9_2_1.6_A1_0.87_P_11/inp009.err for more details.
ERROR in MURE::WriteMaterial(ostream &Out)
	 Some nuclei have troubles, see transcript U5_0.56_8_90_P6_0.29_8_0.56_9_4.2_0_0.97_1_0.9_2_1.6_A1_0.87_P_11/inp009.err for more details.
ERROR in MURE::BuildMCNPFile
	 Some nuclei have troubles, see transcript U5_0.56_8_90_P6_0.29_8_0.56_9_4.2_0_0.97_1_0.9_2_1.6_A1_0.87_P_11/inp010.err for more details.
ERROR in MURE::WriteMaterial(ostream &Out)
	 Some nuclei have troubles, see transcript U5_0.56_8_90_P6_0.29_8_0.56_9_4.2_0_0.97_1_0.9_2_1.6_A1_0.87_P_11/inp010.err for more details.
ERROR in MURE::BuildMCNPFile
	 Some nuclei have troubles, see transcript U5_0.56_8_90_P6_0.29_8_0.56_9_4.2_0_0.97_1_0.9_2_1.6_A1_0.87_P_11/inp011.err for more details.
ERROR in MURE::WriteMaterial(ostream &Out)
	 Some nuclei have troubles, see transcript U5_0.56_8_90_P6_0.29_8_0.56_9_4.2_0_0.97_1_0.9_2_1.6_A1_0.87_P_11/inp011.err for more details.
ERROR in MURE::BuildMCNPFile
	 Some nuclei have troubles, see transcript U5_0.56_8_90_P6_0.29_8_0.56_9_4.2_0_0.97_1_0.9_2_1.6_A1_0.87_P_11/inp012.err for more details.
ERROR in MURE::WriteMaterial(ostream &Out)
	 Some nuclei have troubles, see transcript U5_0.56_8_90_P6_0.29_8_0.56_9_4.2_0_0.97_1_0.9_2_1.6_A1_0.87_P_11/inp012.err for more details.
ERROR in MURE::BuildMCNPFile
	 Some nuclei have troubles, see transcript U5_0.56_8_90_P6_0.29_8_0.56_9_4.2_0_0.97_1_0.9_2_1.6_A1_0.87_P_11/inp013.err for more details.
ERROR in MURE::WriteMaterial(ostream &Out)
	 Some nuclei have troubles, see transcript U5_0.56_8_90_P6_0.29_8_0.56_9_4.2_0_0.97_1_0.9_2_1.6_A1_0.87_P_11/inp013.err for more details.
ERROR in MURE::BuildMCNPFile
	 Some nuclei have troubles, see transcript U5_0.56_8_90_P6_0.29_8_0.56_9_4.2_0_0.97_1_0.9_2_1.6_A1_0.87_P_11/inp014.err for more details.
ERROR in MURE::WriteMaterial(ostream &Out)
	 Some nuclei have troubles, see transcript U5_0.56_8_90_P6_0.29_8_0.56_9_4.2_0_0.97_1_0.9_2_1.6_A1_0.87_P_11/inp014.err for more details.
ERROR in MURE::BuildMCNPFile
	 Some nuclei have troubles, see transcript U5_0.56_8_90_P6_0.29_8_0.56_9_4.2_0_0.97_1_0.9_2_1.6_A1_0.87_P_11/inp015.err for more details.
ERROR in MURE::WriteMaterial(ostream &Out)
	 Some nuclei have troubles, see transcript U5_0.56_8_90_P6_0.29_8_0.56_9_4.2_0_0.97_1_0.9_2_1.6_A1_0.87_P_11/inp015.err for more details.
ERROR in MURE::BuildMCNPFile
	 Some nuclei have troubles, see transcript U5_0.56_8_90_P6_0.29_8_0.56_9_4.2_0_0.97_1_0.9_2_1.6_A1_0.87_P_11/inp016.err for more details.
ERROR in MURE::WriteMaterial(ostream &Out)
	 Some nuclei have troubles, see transcript U5_0.56_8_90_P6_0.29_8_0.56_9_4.2_0_0.97_1_0.9_2_1.6_A1_0.87_P_11/inp016.err for more details.
ERROR in MURE::BuildMCNPFile
	 Some nuclei have troubles, see transcript U5_0.56_8_90_P6_0.29_8_0.56_9_4.2_0_0.97_1_0.9_2_1.6_A1_0.87_P_11/inp017.err for more details.
ERROR in MURE::WriteMaterial(ostream &Out)
	 Some nuclei have troubles, see transcript U5_0.56_8_90_P6_0.29_8_0.56_9_4.2_0_0.97_1_0.9_2_1.6_A1_0.87_P_11/inp017.err for more details.
ERROR in MURE::BuildMCNPFile
	 Some nuclei have troubles, see transcript U5_0.56_8_90_P6_0.29_8_0.56_9_4.2_0_0.97_1_0.9_2_1.6_A1_0.87_P_11/inp018.err for more details.
ERROR in MURE::WriteMaterial(ostream &Out)
	 Some nuclei have troubles, see transcript U5_0.56_8_90_P6_0.29_8_0.56_9_4.2_0_0.97_1_0.9_2_1.6_A1_0.87_P_11/inp018.err for more details.
ERROR in MURE::BuildMCNPFile
	 Some nuclei have troubles, see transcript U5_0.56_8_90_P6_0.29_8_0.56_9_4.2_0_0.97_1_0.9_2_1.6_A1_0.87_P_11/inp019.err for more details.
ERROR in MURE::WriteMaterial(ostream &Out)
	 Some nuclei have troubles, see transcript U5_0.56_8_90_P6_0.29_8_0.56_9_4.2_0_0.97_1_0.9_2_1.6_A1_0.87_P_11/inp019.err for more details.
ERROR in MURE::BuildMCNPFile
	 Some nuclei have troubles, see transcript U5_0.56_8_90_P6_0.29_8_0.56_9_4.2_0_0.97_1_0.9_2_1.6_A1_0.87_P_11/inp020.err for more details.
ERROR in MURE::WriteMaterial(ostream &Out)
	 Some nuclei have troubles, see transcript U5_0.56_8_90_P6_0.29_8_0.56_9_4.2_0_0.97_1_0.9_2_1.6_A1_0.87_P_11/inp020.err for more details.
ERROR in MURE::BuildMCNPFile
	 Some nuclei have troubles, see transcript U5_0.56_8_90_P6_0.29_8_0.56_9_4.2_0_0.97_1_0.9_2_1.6_A1_0.87_P_11/inp021.err for more details.
ERROR in MURE::WriteMaterial(ostream &Out)
	 Some nuclei have troubles, see transcript U5_0.56_8_90_P6_0.29_8_0.56_9_4.2_0_0.97_1_0.9_2_1.6_A1_0.87_P_11/inp021.err for more details.
ERROR in MURE::BuildMCNPFile
	 Some nuclei have troubles, see transcript U5_0.56_8_90_P6_0.29_8_0.56_9_4.2_0_0.97_1_0.9_2_1.6_A1_0.87_P_11/inp022.err for more details.
ERROR in MURE::WriteMaterial(ostream &Out)
	 Some nuclei have troubles, see transcript U5_0.56_8_90_P6_0.29_8_0.56_9_4.2_0_0.97_1_0.9_2_1.6_A1_0.87_P_11/inp022.err for more details.
ERROR in MURE::BuildMCNPFile
	 Some nuclei have troubles, see transcript U5_0.56_8_90_P6_0.29_8_0.56_9_4.2_0_0.97_1_0.9_2_1.6_A1_0.87_P_11/inp023.err for more details.
ERROR in MURE::WriteMaterial(ostream &Out)
	 Some nuclei have troubles, see transcript U5_0.56_8_90_P6_0.29_8_0.56_9_4.2_0_0.97_1_0.9_2_1.6_A1_0.87_P_11/inp023.err for more details.
ERROR in MURE::BuildMCNPFile
	 Some nuclei have troubles, see transcript U5_0.56_8_90_P6_0.29_8_0.56_9_4.2_0_0.97_1_0.9_2_1.6_A1_0.87_P_11/inp024.err for more details.
ERROR in MURE::WriteMaterial(ostream &Out)
	 Some nuclei have troubles, see transcript U5_0.56_8_90_P6_0.29_8_0.56_9_4.2_0_0.97_1_0.9_2_1.6_A1_0.87_P_11/inp024.err for more details.
ERROR in MURE::BuildMCNPFile
	 Some nuclei have troubles, see transcript U5_0.56_8_90_P6_0.29_8_0.56_9_4.2_0_0.97_1_0.9_2_1.6_A1_0.87_P_11/inp025.err for more details.
ERROR in MURE::WriteMaterial(ostream &Out)
	 Some nuclei have troubles, see transcript U5_0.56_8_90_P6_0.29_8_0.56_9_4.2_0_0.97_1_0.9_2_1.6_A1_0.87_P_11/inp025.err for more details.
ERROR in MURE::BuildMCNPFile
	 Some nuclei have troubles, see transcript U5_0.56_8_90_P6_0.29_8_0.56_9_4.2_0_0.97_1_0.9_2_1.6_A1_0.87_P_11/inp026.err for more details.
ERROR in MURE::WriteMaterial(ostream &Out)
	 Some nuclei have troubles, see transcript U5_0.56_8_90_P6_0.29_8_0.56_9_4.2_0_0.97_1_0.9_2_1.6_A1_0.87_P_11/inp026.err for more details.
ERROR in MURE::BuildMCNPFile
	 Some nuclei have troubles, see transcript U5_0.56_8_90_P6_0.29_8_0.56_9_4.2_0_0.97_1_0.9_2_1.6_A1_0.87_P_11/inp027.err for more details.
ERROR in MURE::WriteMaterial(ostream &Out)
	 Some nuclei have troubles, see transcript U5_0.56_8_90_P6_0.29_8_0.56_9_4.2_0_0.97_1_0.9_2_1.6_A1_0.87_P_11/inp027.err for more details.
ERROR in MURE::BuildMCNPFile
	 Some nuclei have troubles, see transcript U5_0.56_8_90_P6_0.29_8_0.56_9_4.2_0_0.97_1_0.9_2_1.6_A1_0.87_P_11/inp028.err for more details.
ERROR in MURE::WriteMaterial(ostream &Out)
	 Some nuclei have troubles, see transcript U5_0.56_8_90_P6_0.29_8_0.56_9_4.2_0_0.97_1_0.9_2_1.6_A1_0.87_P_11/inp028.err for more details.
ERROR in MURE::BuildMCNPFile
	 Some nuclei have troubles, see transcript U5_0.56_8_90_P6_0.29_8_0.56_9_4.2_0_0.97_1_0.9_2_1.6_A1_0.87_P_11/inp029.err for more details.
ERROR in MURE::WriteMaterial(ostream &Out)
	 Some nuclei have troubles, see transcript U5_0.56_8_90_P6_0.29_8_0.56_9_4.2_0_0.97_1_0.9_2_1.6_A1_0.87_P_11/inp029.err for more details.
ERROR in MURE::BuildMCNPFile
	 Some nuclei have troubles, see transcript U5_0.56_8_90_P6_0.29_8_0.56_9_4.2_0_0.97_1_0.9_2_1.6_A1_0.87_P_11/inp030.err for more details.
ERROR in MURE::WriteMaterial(ostream &Out)
	 Some nuclei have troubles, see transcript U5_0.56_8_90_P6_0.29_8_0.56_9_4.2_0_0.97_1_0.9_2_1.6_A1_0.87_P_11/inp030.err for more details.
ERROR in MURE::BuildMCNPFile
	 Some nuclei have troubles, see transcript U5_0.56_8_90_P6_0.29_8_0.56_9_4.2_0_0.97_1_0.9_2_1.6_A1_0.87_P_11/inp031.err for more details.
ERROR in MURE::WriteMaterial(ostream &Out)
	 Some nuclei have troubles, see transcript U5_0.56_8_90_P6_0.29_8_0.56_9_4.2_0_0.97_1_0.9_2_1.6_A1_0.87_P_11/inp031.err for more details.
ERROR in MURE::BuildMCNPFile
	 Some nuclei have troubles, see transcript U5_0.56_8_90_P6_0.29_8_0.56_9_4.2_0_0.97_1_0.9_2_1.6_A1_0.87_P_11/inp032.err for more details.
ERROR in MURE::WriteMaterial(ostream &Out)
	 Some nuclei have troubles, see transcript U5_0.56_8_90_P6_0.29_8_0.56_9_4.2_0_0.97_1_0.9_2_1.6_A1_0.87_P_11/inp032.err for more details.
ERROR in MURE::BuildMCNPFile
	 Some nuclei have troubles, see transcript U5_0.56_8_90_P6_0.29_8_0.56_9_4.2_0_0.97_1_0.9_2_1.6_A1_0.87_P_11/inp033.err for more details.
ERROR in MURE::WriteMaterial(ostream &Out)
	 Some nuclei have troubles, see transcript U5_0.56_8_90_P6_0.29_8_0.56_9_4.2_0_0.97_1_0.9_2_1.6_A1_0.87_P_11/inp033.err for more details.
ERROR in MURE::BuildMCNPFile
	 Some nuclei have troubles, see transcript U5_0.56_8_90_P6_0.29_8_0.56_9_4.2_0_0.97_1_0.9_2_1.6_A1_0.87_P_11/inp034.err for more details.
ERROR in MURE::WriteMaterial(ostream &Out)
	 Some nuclei have troubles, see transcript U5_0.56_8_90_P6_0.29_8_0.56_9_4.2_0_0.97_1_0.9_2_1.6_A1_0.87_P_11/inp034.err for more details.
ERROR in MURE::BuildMCNPFile
	 Some nuclei have troubles, see transcript U5_0.56_8_90_P6_0.29_8_0.56_9_4.2_0_0.97_1_0.9_2_1.6_A1_0.87_P_11/inp035.err for more details.
ERROR in MURE::WriteMaterial(ostream &Out)
	 Some nuclei have troubles, see transcript U5_0.56_8_90_P6_0.29_8_0.56_9_4.2_0_0.97_1_0.9_2_1.6_A1_0.87_P_11/inp035.err for more details.
ERROR in MURE::BuildMCNPFile
	 Some nuclei have troubles, see transcript U5_0.56_8_90_P6_0.29_8_0.56_9_4.2_0_0.97_1_0.9_2_1.6_A1_0.87_P_11/inp036.err for more details.
ERROR in MURE::WriteMaterial(ostream &Out)
	 Some nuclei have troubles, see transcript U5_0.56_8_90_P6_0.29_8_0.56_9_4.2_0_0.97_1_0.9_2_1.6_A1_0.87_P_11/inp036.err for more details.
ERROR in MURE::BuildMCNPFile
	 Some nuclei have troubles, see transcript U5_0.56_8_90_P6_0.29_8_0.56_9_4.2_0_0.97_1_0.9_2_1.6_A1_0.87_P_11/inp037.err for more details.
ERROR in MURE::WriteMaterial(ostream &Out)
	 Some nuclei have troubles, see transcript U5_0.56_8_90_P6_0.29_8_0.56_9_4.2_0_0.97_1_0.9_2_1.6_A1_0.87_P_11/inp037.err for more details.
ERROR in MURE::BuildMCNPFile
	 Some nuclei have troubles, see transcript U5_0.56_8_90_P6_0.29_8_0.56_9_4.2_0_0.97_1_0.9_2_1.6_A1_0.87_P_11/inp038.err for more details.
ERROR in MURE::WriteMaterial(ostream &Out)
	 Some nuclei have troubles, see transcript U5_0.56_8_90_P6_0.29_8_0.56_9_4.2_0_0.97_1_0.9_2_1.6_A1_0.87_P_11/inp038.err for more details.
ERROR in MURE::BuildMCNPFile
	 Some nuclei have troubles, see transcript U5_0.56_8_90_P6_0.29_8_0.56_9_4.2_0_0.97_1_0.9_2_1.6_A1_0.87_P_11/inp039.err for more details.
ERROR in MURE::WriteMaterial(ostream &Out)
	 Some nuclei have troubles, see transcript U5_0.56_8_90_P6_0.29_8_0.56_9_4.2_0_0.97_1_0.9_2_1.6_A1_0.87_P_11/inp039.err for more details.
ERROR in MURE::BuildMCNPFile
	 Some nuclei have troubles, see transcript U5_0.56_8_90_P6_0.29_8_0.56_9_4.2_0_0.97_1_0.9_2_1.6_A1_0.87_P_11/inp040.err for more details.
ERROR in MURE::WriteMaterial(ostream &Out)
	 Some nuclei have troubles, see transcript U5_0.56_8_90_P6_0.29_8_0.56_9_4.2_0_0.97_1_0.9_2_1.6_A1_0.87_P_11/inp040.err for more details.
ERROR in MURE::BuildMCNPFile
	 Some nuclei have troubles, see transcript U5_0.56_8_90_P6_0.29_8_0.56_9_4.2_0_0.97_1_0.9_2_1.6_A1_0.87_P_11/inp041.err for more details.
ERROR in MURE::WriteMaterial(ostream &Out)
	 Some nuclei have troubles, see transcript U5_0.56_8_90_P6_0.29_8_0.56_9_4.2_0_0.97_1_0.9_2_1.6_A1_0.87_P_11/inp041.err for more details.
ERROR in MURE::BuildMCNPFile
	 Some nuclei have troubles, see transcript U5_0.56_8_90_P6_0.29_8_0.56_9_4.2_0_0.97_1_0.9_2_1.6_A1_0.87_P_11/inp042.err for more details.
ERROR in MURE::WriteMaterial(ostream &Out)
	 Some nuclei have troubles, see transcript U5_0.56_8_90_P6_0.29_8_0.56_9_4.2_0_0.97_1_0.9_2_1.6_A1_0.87_P_11/inp042.err for more details.
ERROR in MURE::BuildMCNPFile
	 Some nuclei have troubles, see transcript U5_0.56_8_90_P6_0.29_8_0.56_9_4.2_0_0.97_1_0.9_2_1.6_A1_0.87_P_11/inp043.err for more details.
ERROR in MURE::WriteMaterial(ostream &Out)
	 Some nuclei have troubles, see transcript U5_0.56_8_90_P6_0.29_8_0.56_9_4.2_0_0.97_1_0.9_2_1.6_A1_0.87_P_11/inp043.err for more details.
ERROR in MURE::BuildMCNPFile
	 Some nuclei have troubles, see transcript U5_0.56_8_90_P6_0.29_8_0.56_9_4.2_0_0.97_1_0.9_2_1.6_A1_0.87_P_11/inp044.err for more details.
ERROR in MURE::WriteMaterial(ostream &Out)
	 Some nuclei have troubles, see transcript U5_0.56_8_90_P6_0.29_8_0.56_9_4.2_0_0.97_1_0.9_2_1.6_A1_0.87_P_11/inp044.err for more details.
ERROR in MURE::BuildMCNPFile
	 Some nuclei have troubles, see transcript U5_0.56_8_90_P6_0.29_8_0.56_9_4.2_0_0.97_1_0.9_2_1.6_A1_0.87_P_11/inp045.err for more details.
ERROR in MURE::WriteMaterial(ostream &Out)
	 Some nuclei have troubles, see transcript U5_0.56_8_90_P6_0.29_8_0.56_9_4.2_0_0.97_1_0.9_2_1.6_A1_0.87_P_11/inp045.err for more details.
ERROR in MURE::BuildMCNPFile
	 Some nuclei have troubles, see transcript U5_0.56_8_90_P6_0.29_8_0.56_9_4.2_0_0.97_1_0.9_2_1.6_A1_0.87_P_11/inp046.err for more details.
ERROR in MURE::WriteMaterial(ostream &Out)
	 Some nuclei have troubles, see transcript U5_0.56_8_90_P6_0.29_8_0.56_9_4.2_0_0.97_1_0.9_2_1.6_A1_0.87_P_11/inp046.err for more details.
ERROR in MURE::BuildMCNPFile
	 Some nuclei have troubles, see transcript U5_0.56_8_90_P6_0.29_8_0.56_9_4.2_0_0.97_1_0.9_2_1.6_A1_0.87_P_11/inp047.err for more details.
ERROR in MURE::WriteMaterial(ostream &Out)
	 Some nuclei have troubles, see transcript U5_0.56_8_90_P6_0.29_8_0.56_9_4.2_0_0.97_1_0.9_2_1.6_A1_0.87_P_11/inp047.err for more details.
ERROR in MURE::BuildMCNPFile
	 Some nuclei have troubles, see transcript U5_0.56_8_90_P6_0.29_8_0.56_9_4.2_0_0.97_1_0.9_2_1.6_A1_0.87_P_11/inp048.err for more details.
ERROR in MURE::WriteMaterial(ostream &Out)
	 Some nuclei have troubles, see transcript U5_0.56_8_90_P6_0.29_8_0.56_9_4.2_0_0.97_1_0.9_2_1.6_A1_0.87_P_11/inp048.err for more details.
ERROR in MURE::BuildMCNPFile
	 Some nuclei have troubles, see transcript U5_0.56_8_90_P6_0.29_8_0.56_9_4.2_0_0.97_1_0.9_2_1.6_A1_0.87_P_11/inp049.err for more details.
ERROR in MURE::WriteMaterial(ostream &Out)
	 Some nuclei have troubles, see transcript U5_0.56_8_90_P6_0.29_8_0.56_9_4.2_0_0.97_1_0.9_2_1.6_A1_0.87_P_11/inp049.err for more details.
ERROR in MURE::BuildMCNPFile
	 Some nuclei have troubles, see transcript U5_0.56_8_90_P6_0.29_8_0.56_9_4.2_0_0.97_1_0.9_2_1.6_A1_0.87_P_11/inp050.err for more details.
ERROR in MURE::WriteMaterial(ostream &Out)
	 Some nuclei have troubles, see transcript U5_0.56_8_90_P6_0.29_8_0.56_9_4.2_0_0.97_1_0.9_2_1.6_A1_0.87_P_11/inp050.err for more details.
ERROR in MURE::BuildMCNPFile
	 Some nuclei have troubles, see transcript U5_0.56_8_90_P6_0.29_8_0.56_9_4.2_0_0.97_1_0.9_2_1.6_A1_0.87_P_11/inp051.err for more details.
ERROR in MURE::WriteMaterial(ostream &Out)
	 Some nuclei have troubles, see transcript U5_0.56_8_90_P6_0.29_8_0.56_9_4.2_0_0.97_1_0.9_2_1.6_A1_0.87_P_11/inp051.err for more details.
ERROR in MURE::BuildMCNPFile
	 Some nuclei have troubles, see transcript U5_0.56_8_90_P6_0.29_8_0.56_9_4.2_0_0.97_1_0.9_2_1.6_A1_0.87_P_11/inp052.err for more details.
ERROR in MURE::WriteMaterial(ostream &Out)
	 Some nuclei have troubles, see transcript U5_0.56_8_90_P6_0.29_8_0.56_9_4.2_0_0.97_1_0.9_2_1.6_A1_0.87_P_11/inp052.err for more details.
ERROR in MURE::BuildMCNPFile
	 Some nuclei have troubles, see transcript U5_0.56_8_90_P6_0.29_8_0.56_9_4.2_0_0.97_1_0.9_2_1.6_A1_0.87_P_11/inp053.err for more details.
ERROR in MURE::WriteMaterial(ostream &Out)
	 Some nuclei have troubles, see transcript U5_0.56_8_90_P6_0.29_8_0.56_9_4.2_0_0.97_1_0.9_2_1.6_A1_0.87_P_11/inp053.err for more details.
ERROR in MURE::BuildMCNPFile
	 Some nuclei have troubles, see transcript U5_0.56_8_90_P6_0.29_8_0.56_9_4.2_0_0.97_1_0.9_2_1.6_A1_0.87_P_11/inp054.err for more details.
ERROR in MURE::WriteMaterial(ostream &Out)
	 Some nuclei have troubles, see transcript U5_0.56_8_90_P6_0.29_8_0.56_9_4.2_0_0.97_1_0.9_2_1.6_A1_0.87_P_11/inp054.err for more details.
ERROR in MURE::BuildMCNPFile
	 Some nuclei have troubles, see transcript U5_0.56_8_90_P6_0.29_8_0.56_9_4.2_0_0.97_1_0.9_2_1.6_A1_0.87_P_11/inp055.err for more details.
ERROR in MURE::WriteMaterial(ostream &Out)
	 Some nuclei have troubles, see transcript U5_0.56_8_90_P6_0.29_8_0.56_9_4.2_0_0.97_1_0.9_2_1.6_A1_0.87_P_11/inp055.err for more details.
ERROR in MURE::BuildMCNPFile
	 Some nuclei have troubles, see transcript U5_0.56_8_90_P6_0.29_8_0.56_9_4.2_0_0.97_1_0.9_2_1.6_A1_0.87_P_11/inp056.err for more details.
ERROR in MURE::WriteMaterial(ostream &Out)
	 Some nuclei have troubles, see transcript U5_0.56_8_90_P6_0.29_8_0.56_9_4.2_0_0.97_1_0.9_2_1.6_A1_0.87_P_11/inp056.err for more details.
ERROR in MURE::BuildMCNPFile
	 Some nuclei have troubles, see transcript U5_0.56_8_90_P6_0.29_8_0.56_9_4.2_0_0.97_1_0.9_2_1.6_A1_0.87_P_11/inp057.err for more details.
ERROR in MURE::WriteMaterial(ostream &Out)
	 Some nuclei have troubles, see transcript U5_0.56_8_90_P6_0.29_8_0.56_9_4.2_0_0.97_1_0.9_2_1.6_A1_0.87_P_11/inp057.err for more details.
ERROR in MURE::BuildMCNPFile
	 Some nuclei have troubles, see transcript U5_0.56_8_90_P6_0.29_8_0.56_9_4.2_0_0.97_1_0.9_2_1.6_A1_0.87_P_11/inp058.err for more details.
ERROR in MURE::WriteMaterial(ostream &Out)
	 Some nuclei have troubles, see transcript U5_0.56_8_90_P6_0.29_8_0.56_9_4.2_0_0.97_1_0.9_2_1.6_A1_0.87_P_11/inp058.err for more details.
ERROR in MURE::BuildMCNPFile
	 Some nuclei have troubles, see transcript U5_0.56_8_90_P6_0.29_8_0.56_9_4.2_0_0.97_1_0.9_2_1.6_A1_0.87_P_11/inp059.err for more details.
ERROR in MURE::WriteMaterial(ostream &Out)
	 Some nuclei have troubles, see transcript U5_0.56_8_90_P6_0.29_8_0.56_9_4.2_0_0.97_1_0.9_2_1.6_A1_0.87_P_11/inp059.err for more details.
ERROR in MURE::BuildMCNPFile
	 Some nuclei have troubles, see transcript U5_0.56_8_90_P6_0.29_8_0.56_9_4.2_0_0.97_1_0.9_2_1.6_A1_0.87_P_11/inp060.err for more details.
ERROR in MURE::WriteMaterial(ostream &Out)
	 Some nuclei have troubles, see transcript U5_0.56_8_90_P6_0.29_8_0.56_9_4.2_0_0.97_1_0.9_2_1.6_A1_0.87_P_11/inp060.err for more details.
ERROR in MURE::BuildMCNPFile
	 Some nuclei have troubles, see transcript U5_0.56_8_90_P6_0.29_8_0.56_9_4.2_0_0.97_1_0.9_2_1.6_A1_0.87_P_11/inp061.err for more details.
ERROR in MURE::WriteMaterial(ostream &Out)
	 Some nuclei have troubles, see transcript U5_0.56_8_90_P6_0.29_8_0.56_9_4.2_0_0.97_1_0.9_2_1.6_A1_0.87_P_11/inp061.err for more details.
ERROR in MURE::BuildMCNPFile
	 Some nuclei have troubles, see transcript U5_0.56_8_90_P6_0.29_8_0.56_9_4.2_0_0.97_1_0.9_2_1.6_A1_0.87_P_11/inp062.err for more details.
ERROR in MURE::WriteMaterial(ostream &Out)
	 Some nuclei have troubles, see transcript U5_0.56_8_90_P6_0.29_8_0.56_9_4.2_0_0.97_1_0.9_2_1.6_A1_0.87_P_11/inp062.err for more details.
ERROR in MURE::BuildMCNPFile
	 Some nuclei have troubles, see transcript U5_0.56_8_90_P6_0.29_8_0.56_9_4.2_0_0.97_1_0.9_2_1.6_A1_0.87_P_11/inp063.err for more details.
ERROR in MURE::WriteMaterial(ostream &Out)
	 Some nuclei have troubles, see transcript U5_0.56_8_90_P6_0.29_8_0.56_9_4.2_0_0.97_1_0.9_2_1.6_A1_0.87_P_11/inp063.err for more details.
ERROR in MURE::BuildMCNPFile
	 Some nuclei have troubles, see transcript U5_0.56_8_90_P6_0.29_8_0.56_9_4.2_0_0.97_1_0.9_2_1.6_A1_0.87_P_11/inp064.err for more details.
ERROR in MURE::WriteMaterial(ostream &Out)
	 Some nuclei have troubles, see transcript U5_0.56_8_90_P6_0.29_8_0.56_9_4.2_0_0.97_1_0.9_2_1.6_A1_0.87_P_11/inp064.err for more details.
ERROR in MURE::BuildMCNPFile
	 Some nuclei have troubles, see transcript U5_0.56_8_90_P6_0.29_8_0.56_9_4.2_0_0.97_1_0.9_2_1.6_A1_0.87_P_11/inp065.err for more details.
ERROR in MURE::WriteMaterial(ostream &Out)
	 Some nuclei have troubles, see transcript U5_0.56_8_90_P6_0.29_8_0.56_9_4.2_0_0.97_1_0.9_2_1.6_A1_0.87_P_11/inp065.err for more details.
ERROR in MURE::BuildMCNPFile
	 Some nuclei have troubles, see transcript U5_0.56_8_90_P6_0.29_8_0.56_9_4.2_0_0.97_1_0.9_2_1.6_A1_0.87_P_11/inp066.err for more details.
ERROR in MURE::WriteMaterial(ostream &Out)
	 Some nuclei have troubles, see transcript U5_0.56_8_90_P6_0.29_8_0.56_9_4.2_0_0.97_1_0.9_2_1.6_A1_0.87_P_11/inp066.err for more details.
ERROR in MURE::BuildMCNPFile
	 Some nuclei have troubles, see transcript U5_0.56_8_90_P6_0.29_8_0.56_9_4.2_0_0.97_1_0.9_2_1.6_A1_0.87_P_11/inp067.err for more details.
ERROR in MURE::WriteMaterial(ostream &Out)
	 Some nuclei have troubles, see transcript U5_0.56_8_90_P6_0.29_8_0.56_9_4.2_0_0.97_1_0.9_2_1.6_A1_0.87_P_11/inp067.err for more details.
ERROR in MURE::BuildMCNPFile
	 Some nuclei have troubles, see transcript U5_0.56_8_90_P6_0.29_8_0.56_9_4.2_0_0.97_1_0.9_2_1.6_A1_0.87_P_11/inp068.err for more details.
ERROR in MURE::WriteMaterial(ostream &Out)
	 Some nuclei have troubles, see transcript U5_0.56_8_90_P6_0.29_8_0.56_9_4.2_0_0.97_1_0.9_2_1.6_A1_0.87_P_11/inp068.err for more details.
ERROR in MURE::BuildMCNPFile
	 Some nuclei have troubles, see transcript U5_0.56_8_90_P6_0.29_8_0.56_9_4.2_0_0.97_1_0.9_2_1.6_A1_0.87_P_11/inp069.err for more details.
ERROR in MURE::WriteMaterial(ostream &Out)
	 Some nuclei have troubles, see transcript U5_0.56_8_90_P6_0.29_8_0.56_9_4.2_0_0.97_1_0.9_2_1.6_A1_0.87_P_11/inp069.err for more details.
ERROR in MURE::BuildMCNPFile
	 Some nuclei have troubles, see transcript U5_0.56_8_90_P6_0.29_8_0.56_9_4.2_0_0.97_1_0.9_2_1.6_A1_0.87_P_11/inp070.err for more details.
ERROR in MURE::WriteMaterial(ostream &Out)
	 Some nuclei have troubles, see transcript U5_0.56_8_90_P6_0.29_8_0.56_9_4.2_0_0.97_1_0.9_2_1.6_A1_0.87_P_11/inp070.err for more details.
ERROR in MURE::BuildMCNPFile
	 Some nuclei have troubles, see transcript U5_0.56_8_90_P6_0.29_8_0.56_9_4.2_0_0.97_1_0.9_2_1.6_A1_0.87_P_11/inp071.err for more details.
ERROR in MURE::WriteMaterial(ostream &Out)
	 Some nuclei have troubles, see transcript U5_0.56_8_90_P6_0.29_8_0.56_9_4.2_0_0.97_1_0.9_2_1.6_A1_0.87_P_11/inp071.err for more details.
ERROR in MURE::BuildMCNPFile
	 Some nuclei have troubles, see transcript U5_0.56_8_90_P6_0.29_8_0.56_9_4.2_0_0.97_1_0.9_2_1.6_A1_0.87_P_11/inp072.err for more details.
ERROR in MURE::WriteMaterial(ostream &Out)
	 Some nuclei have troubles, see transcript U5_0.56_8_90_P6_0.29_8_0.56_9_4.2_0_0.97_1_0.9_2_1.6_A1_0.87_P_11/inp072.err for more details.
ERROR in MURE::BuildMCNPFile
	 Some nuclei have troubles, see transcript U5_0.56_8_90_P6_0.29_8_0.56_9_4.2_0_0.97_1_0.9_2_1.6_A1_0.87_P_11/inp073.err for more details.
ERROR in MURE::WriteMaterial(ostream &Out)
	 Some nuclei have troubles, see transcript U5_0.56_8_90_P6_0.29_8_0.56_9_4.2_0_0.97_1_0.9_2_1.6_A1_0.87_P_11/inp073.err for more details.
ERROR in MURE::BuildMCNPFile
	 Some nuclei have troubles, see transcript U5_0.56_8_90_P6_0.29_8_0.56_9_4.2_0_0.97_1_0.9_2_1.6_A1_0.87_P_11/inp074.err for more details.
ERROR in MURE::WriteMaterial(ostream &Out)
	 Some nuclei have troubles, see transcript U5_0.56_8_90_P6_0.29_8_0.56_9_4.2_0_0.97_1_0.9_2_1.6_A1_0.87_P_11/inp074.err for more details.
ERROR in MURE::BuildMCNPFile
	 Some nuclei have troubles, see transcript U5_0.56_8_90_P6_0.29_8_0.56_9_4.2_0_0.97_1_0.9_2_1.6_A1_0.87_P_11/inp075.err for more details.
ERROR in MURE::WriteMaterial(ostream &Out)
	 Some nuclei have troubles, see transcript U5_0.56_8_90_P6_0.29_8_0.56_9_4.2_0_0.97_1_0.9_2_1.6_A1_0.87_P_11/inp075.err for more details.
ERROR in MURE::BuildMCNPFile
	 Some nuclei have troubles, see transcript U5_0.56_8_90_P6_0.29_8_0.56_9_4.2_0_0.97_1_0.9_2_1.6_A1_0.87_P_11/inp076.err for more details.
ERROR in MURE::WriteMaterial(ostream &Out)
	 Some nuclei have troubles, see transcript U5_0.56_8_90_P6_0.29_8_0.56_9_4.2_0_0.97_1_0.9_2_1.6_A1_0.87_P_11/inp076.err for more details.
ERROR in MURE::BuildMCNPFile
	 Some nuclei have troubles, see transcript U5_0.56_8_90_P6_0.29_8_0.56_9_4.2_0_0.97_1_0.9_2_1.6_A1_0.87_P_11/inp077.err for more details.
ERROR in MURE::WriteMaterial(ostream &Out)
	 Some nuclei have troubles, see transcript U5_0.56_8_90_P6_0.29_8_0.56_9_4.2_0_0.97_1_0.9_2_1.6_A1_0.87_P_11/inp077.err for more details.
ERROR in MURE::BuildMCNPFile
	 Some nuclei have troubles, see transcript U5_0.56_8_90_P6_0.29_8_0.56_9_4.2_0_0.97_1_0.9_2_1.6_A1_0.87_P_11/inp078.err for more details.
ERROR in MURE::WriteMaterial(ostream &Out)
	 Some nuclei have troubles, see transcript U5_0.56_8_90_P6_0.29_8_0.56_9_4.2_0_0.97_1_0.9_2_1.6_A1_0.87_P_11/inp078.err for more details.
ERROR in MURE::BuildMCNPFile
	 Some nuclei have troubles, see transcript U5_0.56_8_90_P6_0.29_8_0.56_9_4.2_0_0.97_1_0.9_2_1.6_A1_0.87_P_11/inp079.err for more details.
ERROR in MURE::WriteMaterial(ostream &Out)
	 Some nuclei have troubles, see transcript U5_0.56_8_90_P6_0.29_8_0.56_9_4.2_0_0.97_1_0.9_2_1.6_A1_0.87_P_11/inp079.err for more details.
* About to connect() to ftp.box.com port 21 (#0)
*   Trying 74.112.186.81... connected
* Connected to ftp.box.com (74.112.186.81) port 21 (#0)
< 220 Service ready for new user.
> AUTH SSL
< 234 Command AUTH okay; starting SSL connection.
* Initializing NSS with certpath: sql:/etc/pki/nssdb
*   CAfile: /etc/pki/tls/certs/ca-bundle.crt
  CApath: none
* SSL connection using TLS_RSA_WITH_AES_128_CBC_SHA
* Server certificate:
* 	subject: CN=*.box.com,O="Box, Inc.",L=Los Altos,ST=California,C=US
* 	start date: Nov 13 19:22:20 2014 GMT
* 	expire date: Oct 23 02:42:03 2017 GMT
* 	common name: *.box.com
* 	issuer: CN=GeoTrust SSL CA - G4,O=GeoTrust Inc.,C=US
> USER mouginot@wisc.edu
< 331 User name okay, need password for mouginot@wisc.edu.
> PASS line150782
< 230 User logged in, proceed.
> PBSZ 0
< 200 Command PBSZ okay.
> PROT P
< 200 Command PROT okay.
> PWD
< 257 "/" is current directory.
* Entry path is '/'
> CWD MODEL_DATA
< 250 Directory changed to /MODEL_DATA
> CWD PWR_TRU_MOX_PSPEC
< 250 Directory changed to /MODEL_DATA/PWR_TRU_MOX_PSPEC
> CWD 1000
< 250 Directory changed to /MODEL_DATA/PWR_TRU_MOX_PSPEC/1000
> PASV
* Connect data stream passively
< 227 Entering Passive Mode (74,112,186,81,76,3)
* Skips 74.112.186.81 for data connection, uses 74.112.186.81 instead
*   Trying 74.112.186.81... connected
* Connecting to 74.112.186.81 (74.112.186.81) port 19459
> TYPE I
< 200 Command TYPE okay.
> STOR 23_raw.tar.gz
< 150 File status okay; about to open data connection.
* Doing the SSL/TLS handshake on the data stream
*   CAfile: /etc/pki/tls/certs/ca-bundle.crt
  CApath: none
* SSL connection using TLS_RSA_WITH_AES_128_CBC_SHA
* Server certificate:
* 	subject: CN=*.box.com,O="Box, Inc.",L=Los Altos,ST=California,C=US
* 	start date: Nov 13 19:22:20 2014 GMT
* 	expire date: Oct 23 02:42:03 2017 GMT
* 	common name: *.box.com
* 	issuer: CN=GeoTrust SSL CA - G4,O=GeoTrust Inc.,C=US
} [data not shown]
  % Total    % Received % Xferd  Average Speed   Time    Time     Time  Current
                                 Dload  Upload   Total   Spent    Left  Speed
  0 43.5M    0     0    0 16384      0   2805  4:31:35  0:00:05  4:31:30  2805  0 43.5M    0     0    0 32768      0   5556  2:17:06  0:00:05  2:17:01  280k  5 43.5M    0     0    5 2400k      0   347k  0:02:08  0:00:06  0:02:02 2232k 36 43.5M    0     0   36 15.8M      0  2056k  0:00:21  0:00:07  0:00:14 7937k 83 43.5M    0     0   83 36.5M      0  4212k  0:00:10  0:00:08  0:00:02 12.0M* Remembering we are in dir "MODEL_DATA/PWR_TRU_MOX_PSPEC/1000/"
100 43.5M    0     0  100 43.5M      0  4361k  0:00:10  0:00:10 --:--:--  9.9M< 226 Transfer complete.
100 43.5M    0     0  100 43.5M      0  4192k  0:00:10  0:00:10 --:--:-- 9392k* Connection #0 to host ftp.box.com left intact

> QUIT
< 221 Goodbye.
* Closing connection #0
